Decompressing and parsing covid19.csv.bz2...
Cumulative and new cases reported thus far for US
------------------------------------------------------------------------------------------------------------------------
000	01/22	1	0
001	01/23	1	0
002	01/24	2	1
003	01/25	2	0
004	01/26	5	3
005	01/27	5	0
006	01/28	5	0
007	01/29	5	0
008	01/30	5	0
009	01/31	7	2
010	02/01	8	1
011	02/02	8	0
012	02/03	11	3
013	02/04	11	0
014	02/05	11	0
015	02/06	11	0
016	02/07	11	0
017	02/08	11	0
018	02/09	11	0
019	02/10	11	0
020	02/11	12	1
021	02/12	12	0
022	02/13	13	1
023	02/14	13	0
024	02/15	13	0
025	02/16	13	0
026	02/17	13	0
027	02/18	13	0
028	02/19	13	0
029	02/20	13	0
030	02/21	15	2
031	02/22	15	0
032	02/23	15	0
033	02/24	51	36
034	02/25	51	0
035	02/26	57	6
036	02/27	58	1
037	02/28	60	2
038	02/29	68	8
039	03/01	74	6
040	03/02	98	24
041	03/03	118	20
042	03/04	149	31
043	03/05	217	68
044	03/06	262	45
045	03/07	402	140
046	03/08	518	116
047	03/09	583	65
048	03/10	959	376
049	03/11	1281	322
050	03/12	1663	382
051	03/13	2179	516
052	03/14	2727	548
053	03/15	3499	772
054	03/16	4632	1133
055	03/17	6421	1789
056	03/18	7783	1362
057	03/19	13747	5964
058	03/20	19273	5526
059	03/21	25600	6327
060	03/22	33276	7676
061	03/23	43847	10571
062	03/24	53740	9893
063	03/25	65778	12038
064	03/26	83836	18058
065	03/27	101657	17821
066	03/28	121465	19808
067	03/29	140909	19444
068	03/30	161831	20922
069	03/31	188172	26341
070	04/01	213372	25200
071	04/02	243762	30390
072	04/03	275586	31824
073	04/04	308853	33267
074	04/05	337072	28219
075	04/06	366667	29595
076	04/07	396223	29556
077	04/08	429052	32829
078	04/09	461437	32385
079	04/10	496535	35098
080	04/11	526396	29861
081	04/12	555313	28917
082	04/13	580619	25306
083	04/14	605193	24574

Initializing 240 population members having 6 parameters
------------------------------------------------------------------------------------------------------------------------

SSE=301.86 on eval 1: L=1.49339e+08 b=84.93 r=0.405927 rf=0.973153 t0=57.0866 th=19.3668

*11

SSE=26.466 on eval 4: L=8.29646e+07 b=45.1687 r=0.565694 rf=0.963544 t0=57.7287 th=20.1533

!9269

SSE=21.988 on eval 9: L=1.35718e+08 b=27.2713 r=0.615308 rf=0.976146 t0=56.3983 th=20.3828

!999299299999

SSE=19.901 on eval 22: L=2.10038e+08 b=104.572 r=0.588712 rf=0.978252 t0=58.3877 th=19.005

!19985329699399949959399262491939999999963929499999993342949929949329395993995999399199749299124999
985239699998292945795696669923991991677789199995999579889999999999494299935219296999899749998999999929909299222679639689


Population: 240 individuals with SSE 19.901 to 1649.5, avg eval time 0.658 sec. Top 7:

        SSE |     19.901       20.265        20.94        21.89       21.988       23.912       24.752  
------------------------------------------------------------------------------------------------------------------------
          L | 2.1004e+08   2.7905e+08   2.5081e+08    6.011e+07   1.3572e+08    1.005e+08   2.4532e+08  
          b |     104.57       10.716       43.551       64.239       27.271        137.7**     28.642  
          r |    0.58871      0.55381       0.7668      0.59354      0.61531      0.68843      0.77486  
         rf |    0.97825      0.96575      0.99103      0.99039      0.97615      0.97749      0.99917**
         t0 |     58.388       59.915       55.423       59.414       56.398       55.516       55.712  
         th |     19.005       17.569       20.439       18.992       20.383       19.566       21.308  
------------------------------------------------------------------------------------------------------------------------
Best individual:
<SSE=19.9006 L=2.10038e+08 b=104.572 r=0.588712 rf=0.978252 t0=58.3877 th=19.005>


Population: 240 individuals with SSE 19.901 to 1649.5, avg eval time 0.658 sec. Top 7:

        SSE |     19.901       20.265        20.94        21.89       21.988       23.912       24.752  
------------------------------------------------------------------------------------------------------------------------
          L | 2.1004e+08   2.7905e+08   2.5081e+08    6.011e+07   1.3572e+08    1.005e+08   2.4532e+08  
          b |     104.57       10.716       43.551       64.239       27.271        137.7**     28.642  
          r |    0.58871      0.55381       0.7668      0.59354      0.61531      0.68843      0.77486  
         rf |    0.97825      0.96575      0.99103      0.99039      0.97615      0.97749      0.99917**
         t0 |     58.388       59.915       55.423       59.414       56.398       55.516       55.712  
         th |     19.005       17.569       20.439       18.992       20.383       19.566       21.308  
------------------------------------------------------------------------------------------------------------------------
Best individual:
<SSE=19.9006 L=2.10038e+08 b=104.572 r=0.588712 rf=0.978252 t0=58.3877 th=19.005>

Performing DE with CR=0.7, F=U(0.5, 1.0), DE/rand-1.00/1/bin
------------------------------------------------------------------------------------------------------------------------
Press the 'Enter' key to abort.

Generation 1/75  F=U(0.5, 1.0)  N_hist=240
------------------------------------------------------------------------------------------------------------------------
329XXXXXXXXX2222XXX1XXXX2XXX922199X19XX23XXX2X8X2XX1XX88259231X1X1X95XXXXXX2XXX4XXX5711X329XXX2X6XXX3X93XXX2XXX5XXX83XX9
XX9993X2XXXX213XX993XXX42X81XX9XXX37252XX6922X9X1X23131513X291X18X94499XX12921XXX5

SSE=19.164 on eval 442: L=2.11187e+08 b=39.0453 r=0.418649 rf=0.983254 t0=63.2224 th=18.6806

+8139326475X939293X1XX9+942X1331462X4X
X3


Generation 2/75  F=U(0.5, 1.0)  N_hist=480
------------------------------------------------------------------------------------------------------------------------
4XXX4X33X2X2X1X1X2X4XXX4XX612XXXXXX4703XXX43XXX342XX159XXX22XXXXX5X1XXXXXX11XXXX21X52XXX8022X9XX36362XX151X6XXX2XX3XX9X2
31XX1XXXXXX9XXXXX3XXXXX2XX4XXXXXXXX2XXXXXX5X2XXX2XX1X2XX3XXXX1X9XXXXX93XX5XX1XXXXXX2X31XXX9026XXXXX2X1XXX2XXXXXXX4X9XXX1


Generation 3/75  F=U(0.5, 1.0)  N_hist=720
------------------------------------------------------------------------------------------------------------------------
1XXXXXXXX1X231XX4XX7XXXXXXXXXXXXXX11122XX2XXXXX21XXXX82XXXX1XXXXX0X14X2X2X2X2X5X22XXXXXXXXX9XX2XXXXX1XXX2X3X1XX1XXX2XX1X
XXXXX21XXXXXXXXX5XXXXXXXX12XXX1XXX2XXXXX33XXXXXXXXX1524+3XX3XX91XXXX1XXXXXXXX3XX1XXX11XXXXXXXX31X31X0X16X1XXXXX7XXXXX1XX
X


Generation 4/75  F=U(0.5, 1.0)  N_hist=960
------------------------------------------------------------------------------------------------------------------------
1XXX1XX1XXXX221X2XXXXXXXXXX1X1X1X2XXX3123X2X2XXX1XX0XX1XXXXXX2X2XX2XXXXXX1XXXX1XXXXXXX2XXX1XXXX1211XXX2XXX1XX1XXX1XXXXXX
XXXXXXX22X41X2XXX3XX2X2X1

SSE=18.692 on eval 1105: L=2.85652e+08 b=27.3129 r=0.444165 rf=0.993806 t0=62.7676 th=19.4715

+XXXXXXXXXXXXX22X3X4XXXXXX2XXXXXXXX2XXXXXXXXX1XX21XXXXXXXXX4XX1XXXXXXXX9XXX1XXX11XXX2XXXXXXXXX1
X


Generation 5/75  F=U(0.5, 1.0)  N_hist=1200
------------------------------------------------------------------------------------------------------------------------
1XXXXXX2X23X2XX0X2XXXXXXXX3X2X2XXXXX1XXXXXXX31XXXXX1XX25X1XXXXXXX1XXXXXXXXX2XXX2X1XX2XXXXXXXXXXX2XX1XXXXXXX11X12XXX1XX12
1XXXXXXXXXXX1X1XXXXXX1XXXXX2X1XXX1XXXXXXXXXXXXXXX11XX2XX1XXXXXX1XXXXXXXXX1X32XXXX2XXXXXXXX2XX1X1XXXXXX3XX1X4XXX2XXXX1XX2


Generation 6/75  F=U(0.5, 1.0)  N_hist=1440
------------------------------------------------------------------------------------------------------------------------
X61XX222X2X2X15X11X121XXX1X1XX1XXX2XX1X2XX3XX1XX3XXXXXXXXXXX222X11112X12XX2XX1X2232XXXXXXXXXXXXX8X2X2XXXX2X1XXXXXX2X2X31
X12X11X0XXXXXXXXXXXXXXXXX2XXXXXX22X1XX1XXXXXXXXXXXXXXXX1X11XXXX1X1X22XXXXXXXXXXXXX1XXX3XXXXXX12X2XX2XXXXXXXXXXXXXXX5XXXX


Generation 7/75  F=U(0.5, 1.0)  N_hist=1679
------------------------------------------------------------------------------------------------------------------------
31XXX21X21X0611XXXXXXXX1X2XXXXXXX1XXXXXX2212X2X2XXXXXXXXXXXXXXXXXXXXXX1X23X1XXX1XXXXXXXXXXXX11X1X2XX1XXXXXXXXXXXX2XXX1XX
X2X3XXXX122XXXXXXXXXXXX31X2XXX12XXXXXXX1XXXXXXXXXXXXXXXXXX2X1XXXXXXXXXXXXXXXXXXXXXXXXX3X2XXXXXXXXXX1XX11XXXXXXXXXXXXXXXX


Generation 8/75  F=U(0.5, 1.0)  N_hist=1920
------------------------------------------------------------------------------------------------------------------------
X111XX011XXXXXXXXXXXXXXXXX2XXXXXXXXXXXXXXXXXX2XX3XXX1X12XXXXXXXXXXXXXXXXXXXXXXXXXXXXXXXXXXXXX1X2X1XX1XXXXXXXXXXXXXXXX1XX
X11XXX2XXX111XXXX21X2X1XX2XX11X2XX4XXXXXXXXXXXXXXXXXXXXXXXXX2XXXXXX112XXXXX21XXXXXXXXXXXXXXXXXXXX4XXXXXXXXXXXXXXXXXXXXXX


Generation 9/75  F=U(0.5, 1.0)  N_hist=2160
------------------------------------------------------------------------------------------------------------------------
1X1XXX2XXXXXX221XXXXXXX1XXXXXXXXXXXXXXXXXXX42XXXXXX1X0XXXXX2XXXXXXX21X11XXXXXXXXXXXXXXXXXXXXXXX1XXXXXXXX1XXX112XX21XXXXX
XXXXXXXX1XXXXXXX1XX1XXXXXXXXXX21X1XXXXXXXX1XXXXXXXXXXXXXXXXXXXXXXXX1XXXXX1XXXXXXXXXXXXXXXXXXXXXXXXXXXXXXX21XXXXXXXXXXXXX


Generation 10/75  F=U(0.5, 1.0)  N_hist=2400
------------------------------------------------------------------------------------------------------------------------
11X32XX21X31X1X3X0X10XXXXXXXXXXXXX2XXXXXXXXX2XXXXXXXXXXXX1XXXXXXXXXXXXX1XXXXXX1XXXX12XXXX2X2XXX1X2XXXX21XXXXXXXXXXXXXXXX
XXXXXXX311XX1X11XXXXXXXXXXXXXXXX1XXXXXXXXXXXX2XX11X1X0XXXXXXXXXXXX1X12XXXXXX1X2XX1X1XX20XX1XXXXXXXXX0XXXXXXXXXXXXXXXXXXX


Generation 11/75  F=U(0.5, 1.0)  N_hist=2640
------------------------------------------------------------------------------------------------------------------------
1XX111X1XXXXXXXXXXXXXXXXXXXXXXXXXXXXXXX0XX1X211X12XXX1XX311+XXXXXX1XXXXXXXXXXXXXX1X2XXXX2XXX1XXXXXXXXXXXX111XXXXXX1X21XX
XXXXXXXXXX1XXXXXXXXXXXXXXXX1XXXX1XXXXXXXXXXXXXXXXX1XXXXXX1XXXXXXXXXXXXXXXXXXX11X12XXXXXXX1XXXXXXXXXXX1XXX12XXXXXX1XXXXXX
X


Generation 12/75  F=U(0.5, 1.0)  N_hist=2880
------------------------------------------------------------------------------------------------------------------------
X1X1X2XXX2XXXXXXXXX1XX2XXXXXX1XXX11+XXXXXXX1XXX2X1XXXXXXXXXXXX2X1XX2XXXXXXXXXXXXXX21XX12X1XXX1XXXXX1XXXXXXXXXXX1XXXXXXXX
XXXXXXXXXXXXXXXXXXXXXXXX112XXXX1XXXXXXX11XXXXXXXXX1XXXXX1XXXXXXXXXXXXXXXXXXXXXXXXXXXXXXXXXXXXXXXXXXXXXXXXXXXXXXXXXX2XXXX
X


Generation 13/75  F=U(0.5, 1.0)  N_hist=3120
------------------------------------------------------------------------------------------------------------------------
XXX11XXX2XXXXXXXX21XXXXXXXXXXX1XXXXXXXXXXXXXXXXXXXXX1X1XXXXXXXXXXXXXX0XX0XXXXXXXXXXXXXXXXXXXXXXX0XXXXXXXXXXXXXXXXX2XXXXX
XXX2XXXXXXXXXXXXXXXXXXXXXX0XXXXXXXX1XXXXXXXXXXXXXXXXXXXX1X13XXXXX1XXXX1XXXXXXXXXXX21XXXXX1XXXXXXXXXXXXXXXXXXXX2XX11XXXXX


Generation 14/75  F=U(0.5, 1.0)  N_hist=3358
------------------------------------------------------------------------------------------------------------------------
X1XX1X1XXXXXXXXXXXXXX1XXXXXXXXXXXXXX21XXXXXXX1XXX0XXXXXXX1XXXXXXXXXXX1XXXXXXXXXXX0XXXX11XXXXXXXXXXXXXX11XXXXXXXXXX1XX0XX
1XXX11XXXXXXXXXXXX11XXXXXXXXXXXXXXXXXXXXX1XXXXXXXX0XXXXXXX1XX2X1X0XXXXXXXXX1XXXXXXXXXXXXXXXX1XXXXXXXXXXXXXXXXXXXXXXXXXXX


Generation 15/75  F=U(0.5, 1.0)  N_hist=3600
------------------------------------------------------------------------------------------------------------------------
XXXXXX1XXXXXXXXXXXXXXXXXX1XXXXXXXXXXXXXXXX1XXXXX11XXXXXXXXXXXX1XXX1XXXXXXXXXXXXXXXXXXXXXXXXXXXX1XXXXXXXXXXXXXX11XXXXXXXX
XXXXX1111XXXXXXXXXXXXXXXXXXXXXXXXXXXXXX1XXXXXXXXXXXXXXXXXXXXXXX0XXXXXXXXXXXXXXXXXXX0XXXXXXXXXXXXXXXXXXXXXXXXXXXXXXXXXXXX


Generation 16/75  F=U(0.5, 1.0)  N_hist=3840
------------------------------------------------------------------------------------------------------------------------
1XXX0X1X1XXXXXXXXXXXXXXXXXXX1XXXXXXXXXXXXXXXXXX1XXXXXXXXXXXXXXXXXXXXXX1X001XXXXXXXXXXXXXXXXXXXXX1XX1XXXXX1XXXXXXXXXXXXXX
XXXX0XXXXXXX2XXXXXXXXX101X21XX1XXXXXXXXXXX1XXXXXXXXX0XXXX1XXXXXXXXX1X1X1XXXXXXXXXX0XXXXX11XXX1XXXXXXXXXXXXXXXXXXX1XXXXXX


Generation 17/75  F=U(0.5, 1.0)  N_hist=4080
------------------------------------------------------------------------------------------------------------------------
0X10X1X1XXXX1XXXX112XXXXXXXXX1XXXX1XXXX1XXXXXXXXXXXXXXXXXXXXXXXXXXXXXXXXXXXXXXXXXXX1XXXXXXXXXXXXXXXXXXXXXX1XXXX1XXX11XXX
XXXXXXXXX1XXXXXXXXXX0XXXXXXXXXXXXXXXXXXXXXXXXXXXXXXXXXXXX21XXXXXXXXX1XXX1XXX12XXXX1XXXXXXXXXXXXX1XXXXXXXXXXXXXXXXXXXXXXX


Generation 18/75  F=U(0.5, 1.0)  N_hist=4320
------------------------------------------------------------------------------------------------------------------------
01XXX1XXXX1XX1XXXXXXXXXXXXXXXXXXXXXXXXXXXXXXXXXXXX1XXXXXXX1XXXXXXXXXXXXXXXXXXXXXXX1XXX0XXXX1XXXXXXXXXXXXXXXXXXXXX1XX2XXX
XXXX1X0XXXXXXXXXXXX0XX1XXXXXXXXXXXXXXXXXXXXXXXXXX1XXX111XXXXXX1X1XXXXXXXXXXXXXXXXXXXXXXXXXXX1XX1XXXXXXXXXXXXXXXXXXXXXXXX


Generation 19/75  F=U(0.5, 1.0)  N_hist=4560
------------------------------------------------------------------------------------------------------------------------
X1XX1XXXXXXXXXX1XXXXXXXXXXXXXXXXXX1XXX11XXXXXXXXXX1XXX1XXX1XXX1XXXXXXXXXXXXXXXXXXXXXXXXXXXXXXXXXXXXXXXXXXXXXXXXXXXXXXXXX
XXX1XXXX21XXXXXXXXXXXX0X1XXXXXXXXXXXXXXXXXXXXXXXXXXXXXXXXXX1XXXXXXXXXXXX1XXX2XXXXXXXXXXXXXXXXXXXXXX1XXXXXXXXXXX1XXXXXXXX


Generation 20/75  F=U(0.5, 1.0)  N_hist=4800
------------------------------------------------------------------------------------------------------------------------
1X1+X101100XXXXXXXXXXXXXXXXXXXXX1XXXXXXXXXX1XXXX0XXX1XX2XXXXXXXXXXXXXXXXXXXXXXXXX1XXXXXXXXXXXXXXXXX1XXXXXXXXXXXXXXXXXXXX
XXXXXXXXXXXX11XXXXXXXXXXXXXXXXXX1XXXXXXXXXXXXXXXXXXXXXXXXXXXXXX1XXXXXXXXXXXXXXXXXXXXXXXXXXXXXXXXXXXX1XXXXXXX1XXXXXXXXXXX
X


Generation 21/75  F=U(0.5, 1.0)  N_hist=5040
------------------------------------------------------------------------------------------------------------------------
111X1XXXXXXXXXXX0XXXXXXXXXXXXXXXXXXXXXXXXXXXXXXXXXXXXXXXXXXXXXXXXXXXXX1XXXXXXXX111XXXXXXXXXXXXXXX1XXXXXXXXXXXXXXXXXXXXXX
XX1111XXX1XXXXXXXX1XXXXXXX11XXXXXXXXXXX1XX0XX1XXXXXXXXXXXXXXXXXXXXXXXXXXXXXXXXXXXXXXX1XX1XXXXXX1XXX0XXXXXXXXXXXXXXXXXXXX


Generation 22/75  F=U(0.5, 1.0)  N_hist=5280
------------------------------------------------------------------------------------------------------------------------
0X2XX1X1XXXXXXXXXXXXXXXXXXXXXXXX0XXXXXXXXXXXXXXXX1XXXXXXXXXXXXXXXXXXXXXXXXXXXXXXXXXXXXXXXXXXXXXXXXXXXX0XXXXXXXXX1XX1XXXX
XXXXXXXXXXXXXXXXXXXXXX1XXX11XXX0XXXXXXXXXXXXXXXXXXXXXXX0XXXXXXXXXXXXXX1XXXXXXXX1XXXXXX0XXXXXXXXXXXXXXXXXXXXXX1XXXXXXXXXX


Generation 23/75  F=U(0.5, 1.0)  N_hist=5520
------------------------------------------------------------------------------------------------------------------------
1X0XXXXXXX1X11XXXXXXXXXXXXXXXXXXXXXXXXXXXXX0XXXXXXXX0X1XXXXXXXXXXXXXXXXXXX1X1X1XXXXXXXXXXXXXXXXXX1XXXXXXXXXXXXXXXXXXXXXX
XXXX0XXXXXXXXXXXXXXXXXXXXXXXX1XXXXXXXXXXXXXXXX1XXXXXXXXXXXXXXXXXXX1XXXX1XXXXXXXXXXXXXXXXX1XXXXXXXXXXXXXXXXXXX1XXXXXXXXXX


Generation 24/75  F=U(0.5, 1.0)  N_hist=5760
------------------------------------------------------------------------------------------------------------------------
10XXXXXXXXXXXXXXXXXXXXXXXXXXXXXXXXXXXX1X1XXXXXXXX0XXXXXXXXXXXXXXXXXXXXXXXXXXXXXXXXXXXXXXXXXX11XX10XX0XXXXXXX11XXXXXX0XXX
XXXXXXXX0XXXXXXXXXXXXXXXXXXXXXXX1X1XXXXXXXXXXXXXXXXXX1XXXXXXXXXX1XXXXXXXXXXX0111XXXXXXXXX1XXX1XXXXXXXXXXXXXXXXXXXXXXXXXX


Generation 25/75  F=U(0.5, 1.0)  N_hist=6000
------------------------------------------------------------------------------------------------------------------------
0X11XX1XXXXXX1XXX0XXXXXXXX1XXXXXXXXXXXXXXX1XXXXXX1XXXXXXXXXXXXXXXXXXXXXXXXXXXXXXXXXXXXXXXXXXXX1XXX0X1XXXXX1XXXXXXXXXXXXX
XXXXXXXXXXXX1XXXXXXXXXXXXXXXXXXX1X1XXXXXXXXXXXXXXXXXXXXXXXXXXXXXXXXXXXXXXXXXXXXXXXXXXXXXX1XXXXXXX1X0XXXXXXXXXXXXXXXXXXXX


Generation 26/75  F=U(0.5, 1.0)  N_hist=6240
------------------------------------------------------------------------------------------------------------------------
1X1XX1+1XXXXXXXXXXXXXXXXXXXXXXXXXXXXXXXXXXXXXXXXXXXXXXXXXXXXXXXXXX1XXXXXXXXXXXXXXXXXX11XXX1XXXXXXXXXXXXXXXXXXX1XXXXXXXXX
XXXXX0XXXXXXXXXXXXXXXXXXXXXX1XXX1XXXXXX1XXXXXXXXXXXXXXXXXXXXXXX1XXXX0XXX1XXXXX0X0XXXXXXXXXXXXXXXXXXXXXX1XXXXXXXXXXXXXXXX
X


Generation 27/75  F=U(0.5, 1.0)  N_hist=6480
------------------------------------------------------------------------------------------------------------------------
1XX1XXX0XXXXXXX1XXXXXXXXXXXXXXXXX11XXX1XXXXXXXXXXXX0XXX11XXXXXXXXXXXXXXXXXXXXXXX11XXXXXXXXXX11XXXXXXXXXX11XXXXXXXX0XXXXX
XXXX1XXX0X1XX1XXXXXXXXXXXXXXXXXXXXXXX11XXXXXXXXXXXXXXXX1XXXXXXXX1XXXXXXXXXXXX1XXXXXXX1XXXXXXXXXXXXXXXXXXXXXXXXXXXXXXXXXX


Generation 28/75  F=U(0.5, 1.0)  N_hist=6720
------------------------------------------------------------------------------------------------------------------------
XX0XXXXXXXXXX1XXXXXXXXX1XXXXXXXXXXXXXXXXXXXXXXXXXXXXXXXXXXXXXXX0XXXXXXXXXXXXXXXXXXXXX1X0X10XXXXXXXXXXXXXXXXXXXXXXXXXXXXX
XXX1X1XXX1XX0XXX11XXXXX1XXX1XXXXXXX1XXXXXX1XXXXXXXXXXXXXXXX1XXXX1X1XXXXXX1XXX1XX1XXXXXXXXXXX1XXXXXXXXXXXX1XXXXXXXXXXXXXX


Generation 29/75  F=U(0.5, 1.0)  N_hist=6960
------------------------------------------------------------------------------------------------------------------------
1X1XXX11X1X1XXXX1XXXXXX0XXXXXXX1XXXXXXX1XXXXXXXXXXXXXXXXX1XXXXXXXXXXXXXXXXXXXXXXX1XXXXXXXXXXXXXXXXXXXXX1XX11XXXXXXXXXXXX
XXXX1XXXX01X1XXXXXXXXXXXXXXXXXX1XXXXXXXXXXXXXX1XXXXXXXXX0XXXXXX1XXXXXX1XXXX0XXXXX1XXXXXXXXXXXXXXXXXXXXXXXXXXXXXXXXXXXXXX


Generation 30/75  F=U(0.5, 1.0)  N_hist=7200
------------------------------------------------------------------------------------------------------------------------
11X10X01XX1XX1XXXXXXXXXXXXXXXXXXXXXXXXXXXXXXXX01XXXX1XXXXXXXXX10XXXXXXXXXXXXXXXX0XXXXXXXXXXXXXXXXXXXXXXXXXXX1XXXXXXXXXXX
XXXXXXXXXX1XXXXXXXXXXXXXXXXXXXXXXXXXXXXXXXXXXXXXXXXXXXXXXXXXXX1XXXXX1XXXXXXXX0XXXXX011XXXXXXXXXXXXX1XXXXXXXXXXXXXXXX1XXX


Generation 31/75  F=U(0.5, 1.0)  N_hist=7440
------------------------------------------------------------------------------------------------------------------------
1XXXXXXXXXX0XXXXXXXXXXXXXXXXXXXXXXXXXXXXXXXXXXXXXXXXXXXXXXX1X0XXXXXXXXXXXXXXXXXXXXX1XXXXXXXXXXXXXXXXXXXXXXXXXXXXX0XXX0X1
XX1X0XXXXXXXXXXXXXXXXXX1XXXXXXXXXXXXX0X1XXXXXXXXXXXXXXXXXXXX1XXXXXXXXXXXXXXXXXXXXXXXXXXXXXXX1XXXXXXXXXXXXXXXXXXXXXXXXXXX


Generation 32/75  F=U(0.5, 1.0)  N_hist=7680
------------------------------------------------------------------------------------------------------------------------
1XXX10XX0XXXXXXXXXXXXXXXXXXXXXXXX1XXXXXXXXXXXXXXXXXXXXXXXXXXXXXXXXXX1XXXXXXXXXXXXXXXXXXXXXXXXXXXXXX1XXX1X0XXXXXXXXXXXXXX
XXXXXXXXXXXXXXXXXXXXXXXXXXXXXXXXXXXXXXXX0XXXXXXXXXXXXXX11XXXXXXXXXX1XXXXXXXXXXXXXXXX0XXXXXXXXXXXXXXXXXXXXXXXXXXXXXXXXXXX


Generation 33/75  F=U(0.5, 1.0)  N_hist=7920
------------------------------------------------------------------------------------------------------------------------
1XXXXXXXXXXXXXXXXXXXXXXXXXXXXXXXXXXXXXXXXXXX1XXXXXXX1XXXXXXXXXXXXXXXXXXXXXXX1+XXXXX01XXXXXXXXXXXXXXXXXXXXXX1XXXXXXXXXXXX
XXXXXXXXX1XXXXXXXXXXXXXXXXXX1XXXXXXXXXXXXX11XXXXXXXXXXXXXXXXXXXXXXXX000XXXXXXXXXXXXXXXX1XXX1XXXXXXXXXXXXXXXXXXXXXXXXXXXX
X


Generation 34/75  F=U(0.5, 1.0)  N_hist=8160
------------------------------------------------------------------------------------------------------------------------
XXX11XXXXXX1XXXXXX1XXXXXXXX1XXXXXXXXXXXXXXXXXXXXXXXXXX1XX1XXXXXXXXXXXXXXXXXXXXXXXXXXXXX1XXXXXXXXXXXXXXXXXXXX1XX1XX1XXX1X
XXXX0XXXX1XXXXXXXXXXXXXXX1

SSE=18.215 on eval 8320: L=1.73286e+08 b=14.6109 r=0.597986 rf=0.998213** t0=57.5992 th=21.8818

+XXXXXXXXXXXX0XXXXXXXXXXXXXX1XXX01XXXXXXXXXXXXXXXXXXXXXXXXXXXX1XXXXXXXXXXXXXXXXXXXXXXXXXXXXXXX
X


Generation 35/75  F=U(0.5, 1.0)  N_hist=8400
------------------------------------------------------------------------------------------------------------------------
1X1XXX011X1XXXXXXXXXXXXXXXX1XXXXXXXXXXXXXXXXXXXXXXXXXXXXX0XXXXXXXXXXXX1XX0XXXXXXXXXXXXXXXXX1X1XXXXXXXXXXXXXXXXXXX1XXXXXX
XXXXX1XXX0XXXXXX0XXX1XXXX1XX1XXX1X0XXXXXXXXXXXXXXX0XXXXXXXXXXXXXXXXXXXXXXXXXXXXXX1XXXXXXXXXXXX1XXXXXXXXXXX1XXXXXXXXXXXXX


Generation 36/75  F=U(0.5, 1.0)  N_hist=8640
------------------------------------------------------------------------------------------------------------------------
X1XXX1XXXXXXXXXXXXXX1XXXXXXXXXXXXXXXXXXXXXXXXXXXXXX1X1X0XXXXXXX11X0XXXXXXXXXXXXXXXX0XXXXXXXXX1XXXXXXXXXXXXXXXXXXXX0X100X
X0XXXXXXXXXXXXXXXXXXXXXXXXXXX1XXXXX1XXXXXXXXXX1XXXXXXXXXXXXXXXXXXXXXXXXXXXX1X1XXXXXX1XXXXXXXXXX1XXX0X1XXXXXXXXXXXXXXXXXX


Generation 37/75  F=U(0.5, 1.0)  N_hist=8880
------------------------------------------------------------------------------------------------------------------------
0XXXXXXXXXXXXXXXX0XXXXXXXXXXXXXXXXXXXXXXXXXXXXXXXXXXXXXXXXXXXXXXXXXXXXXXXXXXXXXXXXXXXXXXX1XXXXXXXXXXXXXXXXXXXXXXXXXXXX1X
XXXXXXXXXXXXXXXX0X0XXXXXXXXXXX1XX0XXXX1XXX00XX11XXXXXXXXXXXXXXXXXXXXXXXXXXXX0XXXXXXXXXXXXXXXXXXXXXXXXXXXXX0XX0XXXXXXXXXX


Generation 38/75  F=U(0.5, 1.0)  N_hist=9120
------------------------------------------------------------------------------------------------------------------------
1XX0X11XXXXXXXXXXXXXXXXXXXXXX1XXXXXXXXXXXXXXXXXX0XXXX00XXXXXXXX0XXXXXXX0XXXXXXXXXXXXXXXXXXXXXXXXXXXX1X1XXXXX01XXXXXXXX1X
XXXXXXXXXXXXXXXXXXX1XXXXX1XXX0XX1XXXXXXXXXXXXXXXXXXXXXXXXXXXXXXXXXXXX1X0XXX0XXXXXXXXXXXX00XXXXXXXXXXXXXXXXXXXXXXXXXXXXXX


Generation 39/75  F=U(0.5, 1.0)  N_hist=9360
------------------------------------------------------------------------------------------------------------------------
X10XX0X1XXXXXXXXXX101XXXXXXXXXXXXXXXXXXXXXXXXXXXXXXXXXXXX0XXXXXXXXXXXXXXXXXXXXXXXXXXXXXXXXXXXXXXXXXXXXXXXXXXXXXXXXXXXXXX
XXXX1X0X1XXXXXXXXXXXXXXXXXXXXX0XXXXXXXXXXXXXXXXXXXXXXXXXXXXXXXXXXXXXXXXX0XXXX1XXXXXX1XXXXXXXXXXXXX0XXXXXXXXXXXXXXXXXXXXX


Generation 40/75  F=U(0.5, 1.0)  N_hist=9600
------------------------------------------------------------------------------------------------------------------------
XX10XXXXXXXX0X1XXXXXXXXXXXXX1XXXXX1XXXXXXXXXXXXXXXXXXXXXXXXX101XXXXXXXXXXXXXXXXXXXXXXXXXXXXXXXXXXXXXXXXXXXX1XXX0XXXXXXXX
XXXXXXXXXXXXXXXXXXXXXXXXXXXXX0XXX1XXXXXXXXX10XXXXXXXXXXXXXXXXXXXXXXXXXXXXXXXXX10XXXXXXXXXXXXXXXXX01XXXXXXXXXXXXXXXXXXXXX


Generation 41/75  F=U(0.5, 1.0)  N_hist=9840
------------------------------------------------------------------------------------------------------------------------
11X0XX0XXXXXXXXXXXXXXXXXX1XXXXXXXXXXXXXXXXXXXXXX1XX01X1XX1XXXXXXXXXXXXXXXXXXXXXXXX1XXXXXXXXXXXXXXXXXX0XXXXXXXXXXXXXXXXXX
XXXXX1XXXXXXX1XXXXXXXXXXXXXXXXXXXXXXXXXXX1XXXXXXXXXXXXXXXXXXXXXXXXXX10XXXXXXXXX0XXXXXXX1XXXXXXXXXXXXXXXX1XXXXXXXXXXXXXXX


Generation 42/75  F=U(0.5, 1.0)  N_hist=10080
------------------------------------------------------------------------------------------------------------------------
X1XX0XX0XX10XXXXXXXXXXXXXXXXXXXXX0XXXXXXXXXXXXXXXXXXXXXXXXX1XXXXXXXXXXXXXXXXXXXXXXXXXXXXXXXXXXX1XXXXXXXXXXXXXXXXXXXXXXXX
XXX0XXXXXXXX1XXXXXXXXXXXXXXXXXXXXXXXXXXXXXXXXXXXXXXXXXXXXXXXXXXXXXXXXXXXXXXXXXXXXXXXXXXXXXXXXXXXXXX1XXXXXXXXXXXXXXXXXXXX


Generation 43/75  F=U(0.5, 1.0)  N_hist=10320
------------------------------------------------------------------------------------------------------------------------
0XXXX01XXXX0XXXXXXXXXXXXXXXXXXXXXXXXX1XXXXXXXXXX1XXXXXXXXXXXXX1XXX0XXXXXX0XXXXXXX0XXXXXXXXXXXXXXXXXX0XXX1XXXXXXXXXXXXXXX
XXXXXXXXXXXXXXXXXXXXX0XX1X1XXXXXXXXXXXXXXXXXXXXXXXX11XXXXXXXXXX1XXX1XXXXXXXXXXXXXXXXX0XXXXXXXXXXXXXXXXXXXXXXXXXXXXXXXXXX


Generation 44/75  F=U(0.5, 1.0)  N_hist=10560
------------------------------------------------------------------------------------------------------------------------
11XXXXXXXXXXXXXXXXXXXXXXXXXXXXXXXXXXXXXXXXXXXXXXXX1X0XXXXXXXXXXXXXXXXXX0XX11XXXXXXX0XXXXXXXXXX0X0XXX0X0XXXXXXXXXXXXXXXXX
XXXXXXXXXXXXXXXXXXXXXX0XXXXXXXXXXXXXXXXXXXX1XXXXXXXXXXXXXXXXXXX1XXX1XXXXXXXXXX0XXXXXXXXXXXXXXXXXXXX1XXXXXXXXXXXXXXX1XXXX


Generation 45/75  F=U(0.5, 1.0)  N_hist=10800
------------------------------------------------------------------------------------------------------------------------
X011XX0XXXXXXXXXXXXXXXXXXXXXXXXXXXXXXXXXXX0XXX1XXX1XXXXXXXXXXXXXXXXXXXXXX1XXXXXXXXXXXXXXXXXXXXXXX0XXXXXXXXXXXXXXXXXXXX1X
XXXXXXXXXXXXXXXXXXXXXXXXXXXXXXXXXXXXXXXXXXXX0XXXXXXXXXXXXXXXXXXXXXXXXXXXXX101XXXXXXXXXX1XXXXXXXXXXXXXXXXX01XX1XXXXXXXXXX


Generation 46/75  F=U(0.5, 1.0)  N_hist=11040
------------------------------------------------------------------------------------------------------------------------
111XXXXX111XXXXXXX1XXXXXXXXX1X01XX1XXXXXXXXXXXXX10XXXXXXXXX0XXXXXXXXXXXXX1XXXXXXX0XXXXXXXXXXXXXXXXXXXXXXXXXXXXXXXXXXXXXX
XXXXXXXXXXX110X1XXXXXXXXXXXXXXXXXXXXXX0XXXXXXX0XXXXXXXXXXXXXXXXXXXXXXXXXXXX1XXXXXXXXXXXXXXXXXXXXXXXXXXXXXXXXXXXXXXXXXXXX


Generation 47/75  F=U(0.5, 1.0)  N_hist=11280
------------------------------------------------------------------------------------------------------------------------
XXX0XXXXXXXXXXX0X1XXXXX0XXXXXXXXXXXXXXXXXXXXXXXXXXXXXXXXXXXXXXXXXXXXX1XXXXXXXXXXXX1XXXXXXXXXXXXXXXXXXXXXXXXXXXXXXXXXX0X1
XXXXXXXXXXXXXXXX1XXXXX1XXXXXXXXXXXXXXXXXXXXXXXXXX1XX0XXXXXXXXXXXXXXXXXXXXXXXXXXXXXXXX1XXXXXXXXXXXXXXXXXXXXXXXXXXXXXXXXXX


Generation 48/75  F=U(0.5, 1.0)  N_hist=11520
------------------------------------------------------------------------------------------------------------------------
X011X0XX1XXXXXX1XXXXXXXXXXXXXXXXXXXXXXXXXXXXXXXXXXXXXXXXXX11XX0X1XXXXXXXXXXXXXXXXXXX0XXX1XXXXXXXXXXX1XXXXXXXXXXXXX10XXXX
XXXXXXXXXX0XXXXXXX0XXXXXXXXXXXXXXXXXXXXXXXXXXXX1XXX0X0XXXXX1X0X0XXXX0XXXXXXXX1XXXXX0XXXXXXXXXX1XXXXXXXXXXXXXXXXXXXXXXXXX


Generation 49/75  F=U(0.5, 1.0)  N_hist=11760
------------------------------------------------------------------------------------------------------------------------
X1XX1XXXXXXXXXXXXXXXXXXXXX0X1XXXX1XX0XXXXXXXXXXXXXXXXXXXXXXXXXX0XXXXXX1XXXXXXXX1XXXXXXXX1XX0XXXXXXXXXXXXXXXXXXXXXX1XXXXX
XXXXXXXXX1XXX0XXXXX000X0XXXXXXXXXXXXXXXXXXXXXXXXXXXXX1XXXXXXXXXXXXXX0XXXXXXXXXXX1XXXXXXX1XXXXXXXXXXXXXXXXXXXXXXX0XXXXXXX


Generation 50/75  F=U(0.5, 1.0)  N_hist=11999
------------------------------------------------------------------------------------------------------------------------
XXXXXXXX01XXX0XXXXXXXXXXXXXX1XXXXXXXXXXXXXXXXXXXXXXXXXXXXXXXXX01XXXXXXXXXXXXX0XXXXXXXXXXX1XXX0X0XXXXXXXXXXXXXXXXXXXXXXXX
X1XXXXXXX0XXXXXXXX1XXXXXXXXXXXXXXXXX011XXXXXX1XXX1XXXX0XXXXXXXXXXXXXXXXX1XX1XXXXXXXXXXXX0XX01XXXXXXXXXXXXXXXXXXXXXXXXXXX


Generation 51/75  F=U(0.5, 1.0)  N_hist=12240
------------------------------------------------------------------------------------------------------------------------
011X0X11XXX0XXXXX0XX0XXX0XXXXXXXXXXXXXXX0XXXXXXXXXXXXXXXXXXXXXXXXX01XXXXXXXXXXXXXXXXXX0XXXXXXXXXXXX0XXXXXXXXXXXXXXXXXXXX
XXXXXXXXXXXXXXXXXXXXXXXX1XX00XXXXXXXXX0XXXXXXXXXXXXXXX1XXXXXXXXXXXXX1XXXXX0XXXXXXXXXXXXXXXXXXXXXXXXXXX0XXXX0XX0XXXXXXXXX


Generation 52/75  F=U(0.5, 1.0)  N_hist=12480
------------------------------------------------------------------------------------------------------------------------
1X01XXXXXXXXXXXXXXX1XXXXX1XXXXXXXXXXXXXXX1XXXXXXXXXX0XXXXXXXXXXXXXXXXXXXXXXXXXXXXXXXX01XXXX01XXXXXXXXXXXXXXXXXXXXXXXXXXX
XXXXXXXXXXXX0XXXXXX0XXXXXXXXXXXXXXX1XXXXXXXXXXXXXXXXXXXXXXXXXXXX0XXXX0XXXXXXXXXXXXXXXXXXXXXXXXXXXXXXXXXXXXXXXXXXXXXXXXXX


Generation 53/75  F=U(0.5, 1.0)  N_hist=12720
------------------------------------------------------------------------------------------------------------------------
001XXXXXXXX0XXXX1XX1XXXXXXXXXXXXXXXXXXXXXX1XXXXXXXXX00XXXXXXXXXXXXXXXXXXXXXXXXXXXXXXXXXXXXXXXXXXXXXXXXX0XXXXXX1XXXXXXXXX
XXXXXXXXXXXXXXXXXXXXXX1X0XXXXXXXXXXXXXX0XXXXXXXXXXXXXXXXXX1XXX1X00XXXXXX1XXXXXXXXXXXXX0XXXXXXXXX1XXXXXXXXXXXXXXXXXXXXXX0


Generation 54/75  F=U(0.5, 1.0)  N_hist=12959
------------------------------------------------------------------------------------------------------------------------
0XXX00XXXXXXXXXXXXXXXXXXXXXXXXXXXXXX1XXXXXXXXXXXXXXXXXXXXXX1XXX0XXXXXXXXXXXXXXXXXX0X0XXXXXXXXXXXXXXXXXXXXXXXXXXXXXXXXX0X
XXXX1XXXXXXXXXXXXXXX0XXXXXXXXXXXXXXXXXXXXXXXXXXXXXXXXXXXXXX0XXXXXXXXXXX1XXXXXXXXXXXXXXXXX1XXXXXXXXXXXXXXX1XXXXXXXXXXXXXX


Generation 55/75  F=U(0.445, 1.0)  N_hist=13200
------------------------------------------------------------------------------------------------------------------------
0X0XXXXXXXXXXXXXXXXXXXXXXXXXXXXXXXXX0XXXXXXXXXXXXXXXXXXXXXXXXXXXXXX1X0XXXXXXXXXXXXXXXXXXXXX0XXXXXX0XX10XXXXXXXXXXXXXXXXX
X0XXXXX1XXXXXXXXXXXXXX1XXX01XXXXXXXXXXXXX0XXXXXXXXXXXXXXXXXXXXXXXXXXXXXXXXXXX0XXXXX0XXXX1XXXXXXXXXXXXXXX0XXXXXXXXX0XXXXX


Generation 56/75  F=U(0.493056632402, 1.0)  N_hist=13440
------------------------------------------------------------------------------------------------------------------------
01XXXXX0X0XXXXXXXXXXXXXXXXXXXXXX01XXXXXXXXXXXXX1XX1XXX0XXXXXXXX1XXX11XXXXXXXXXXXXXXXXXXXXXXXXXXXXXXXXXXXXXXXXXXXXXXXXX0X
XXXXXXXXXXXXXXXXXXXXXXXXXXXXXXXXXXXXXXXXXXXXXXXXXXXXXXXXXXXX1XX0XXXX0XXXX0XXXXXXXXXXXXXXXXXXXXXXXXXXXXXXXXXXXXXXXXXXXXXX


Generation 57/75  F=U(0.5, 1.0)  N_hist=13680
------------------------------------------------------------------------------------------------------------------------
10XXX0X0XXXXXXXXXXXXXXXXXX0XXXXXXXXXXXXXXXXXXXXX0XXXX01X00X0XXXXXXXXXXXXXXXXXXXXXX0XXXXXXXXXXXXXXXX00XX01XX1XXXXXXXX0XXX
XXXXXXXXXXXXXXXXXXXXXXXXXXXXXXXXXXXXXXX1XXXXXXXXXXX0XX0XXXXXXX0XXX0XXXXXXXXXXXXXXXXXXXXXXXXXXXXXXXXXXXXXXXXXX0XXXX0XXXXX


Generation 58/75  F=U(0.5, 1.0)  N_hist=13920
------------------------------------------------------------------------------------------------------------------------
0X0X0XXXX00XXXXXXXXXXXXXXXXXXXXX0XXXXXXXX0XXXXXXXXXXXXXXXX0XXXX10XXXXXXX1XXXXX1+X0XXXXXXX0XXXXXXXX0XXX1XXXXX10XXXXXXXXXX
1XXXXXXXXXXXXXXXXXXXXXXXXXXXXX01XXXXXXXXXXXXXXX0XXXXX1XXXXXXXXX0XX0XXXXXXXXXXXXXXXXX0XXXXXXXXXXXX0XXXXXXXXXX0XXXXXXXXXXX
X


Generation 59/75  F=U(0.5, 1.0)  N_hist=14160
------------------------------------------------------------------------------------------------------------------------
1XXXXXXXX1XX0XXXXXXXXXXXXXXXXXXXXXXXXXXXX0XX0XXXXX0XX0XXXXXXXXXXXXXXXXXXXXXXXXXXXXX0XXXXXXXXXXXXXXX1XXXXXXXXX00XXX0XXXXX
XXXXXXXXXXXXXXXXXXXXXXXXXXXXXXXXXX1XXXX1XXXXXXXXXXXXXXXXXXXXXXXXXXXXXXXXXXXXXXXXXXXXXXXXXXX0XXXXXXXXXXXXXXXXXX1XXXXXXX0X


Generation 60/75  F=U(0.5, 1.0)  N_hist=14399
------------------------------------------------------------------------------------------------------------------------
0XXX0+XXXXXXXXXXXXXXXXX0XXXXXX0X0XXXXXXXXXXXXXXXXXXXXXXXXXXXXXXXXXXXXXXXXXXXXXXXXXXX0XXXXXXXXXXXXXXXXXXXXXXXXXXXXXXX0XX0
00X00X1XXXXXXXXX0XXXX0X0XXXXXXX0XXXXXXXXXXX1XXXXXXX01XXXXXXXXXXX0XXXXXX1XX00XXXXXXXXXXXXXXXXXXXXXXXXXXXX0XXXXXXXXXXXXXX0
X


Generation 61/75  F=U(0.5, 1.0)  N_hist=14640
------------------------------------------------------------------------------------------------------------------------
1XX0X0XXXXXXXXXXXXXXXXXXXXXXXXXX0XXXXXXXXXXXXXX1XX0XXXXXXXXXXXXXXXXXX0XXX1XXXXXXXXXXXXXXXXXXXXXXXXXXXXX0XXXXXX01XXXXXXXX
XXXXXXXXXXXXXXXX1XXXXXXXXXXXXXXXXXXXXXXXXXXXXXXXXXXXXXXXXXXXXXXXXXXXXXXXXXXXXXXXXXXXXXXXXXXXXXXXXXXXXXXX0XXXXXXXXXXXXXXX


Generation 62/75  F=U(0.5, 1.0)  N_hist=14880
------------------------------------------------------------------------------------------------------------------------
1X0XXXXXX0XXXXXXX1XXX0XXXXXXXXXXXXXXXXXXXXXXXXXXXXXXXXXXXXXXXXXXX0XXXXXXXXXXXX0XXXXXXXXXXXXXXXXXXXXX0XXXXXXXX0XXXXXX0XXX
XXXXXXXXXXXXXXXXXXXXXXXXX0XXXXXX0XXXXXXXXXXXXXXX0X00XXXXXXXXXXXXXXXXXX0XXXXXXXXXXXXXXXXXXXXX0XXXXXXXXXX0XXXXXXXXXXXXXXXX


Generation 63/75  F=U(0.445, 1.0)  N_hist=15120
------------------------------------------------------------------------------------------------------------------------
XXXXX0XXXXXXXXX1XXXXXXX0XXXXXXX0XXXXXXXXXXXXXXXXXXXX1XXXXXXXXXXXXXXXX1XXXXXXXXXXXXXXXX0XXXXX1XXXX1XXXXXXXXXX0XXXXXXXXXXX
XXXXX0XXXXXXXXXXXXX00XXXXXXX00XXXXXXXXXXXXXXXXXXX0XXXXXXXXXXXXXXXXXXXXXXXXXXXXX1+XXXXXXX01XXXX0XXXXXXXXXXXXXXXXXXXXXXX0X
X


Generation 64/75  F=U(0.493056632402, 1.0)  N_hist=15360
------------------------------------------------------------------------------------------------------------------------
01X0X0XXX1XXXXXXXXXXXXXXXXXXXXXXX0XXX0XXXXXXXXXXXXXXXXX0XXXXXX0XXXXXXXXXXXXX0XXXXXXXXXXXXXXXXXXXXXXX0XXXXXXXXXXXXXXXXXXX
XXXXXXXXXXXXXXXXXXXXXXXXXXXXXXXXXXXXXXXXXXX1XXXX01X0XXXXXXXXXXXXX1XXXXXXXXXXXXXXXXXXXXXXXXXXXXXXXXXXXXXXXXXXXXXXXXXXXXXX


Generation 65/75  F=U(0.5, 1.0)  N_hist=15600
------------------------------------------------------------------------------------------------------------------------
0XXXXXXXXXXXXXXXXXXXXXXXX1+XXXXXXX0XXXXXXXX0X0XXXXX0XXXXXXXXXXXXXXXXX0XX1XXXXXXX0XXXXX0XXXXXXXXXXXXXXXXXX0XXX0XXXXXXXXXX
XXXXX0XXXXXXXXXXXXXX0XXXXXXXXXXXXXXXXXXXXXXXXXXXXXXXX010XXXXXXXXXXXXXXXXXX1XXXXXXXXXXXXXXXXXXXXXXXXXXXXXXXXXX1XXXXXXXXXX
X


Generation 66/75  F=U(0.5, 1.0)  N_hist=15840
------------------------------------------------------------------------------------------------------------------------
0XXXX1XXX0XXXXXXXXXXXXXXXXXXXXXXXXXXXXXXXX0XX0XXXXXXXXXXXXXXXXXXXXXX0XXXXXXXXXXXXXXXXXXXXXXXXXX01XXXX0XXXXXXXXXXXXXXXX0X
XXXXXXXXXXXXXXXX1XXXXXXX0XXX0XXXXXXXX0XXXXXXXXXX0XX0XXXXXXXXXXXXXXXXXXXXXXXXXXXXXXXXX0XXXXX0XXXXXXXXXXXXXXXXXXXXXXXXXXXX


Generation 67/75  F=U(0.5, 1.0)  N_hist=16080
------------------------------------------------------------------------------------------------------------------------
01XXXXXXXXXXXXXXXXXXX0XXXXXXXXXXXXXXXXXXXXXXXXXXXXXX0XXX0XXXXXX0XXXXXXXXXXXXXXXXXXXX0XXXXXXXXXXXXXXXXXX0XXX0X0XXXXXXXXXX
XXXXXXXXXXXXX0XXXXXXXXXX0XX0XXXXXXXXXXXXXX0XXXXX01XXXXXXXXXXXXXXXXX1X0XXXX0XXXXXXXXXXXXXXX0XXXXXXXXXXXXXXXXXXXXXXXXXXXXX


Generation 68/75  F=U(0.5, 1.0)  N_hist=16320
------------------------------------------------------------------------------------------------------------------------
00XXXX0XXXXXXX01XXXXXXXXXXXXXXXXXXXXXXXXXXXXXXXXXXXXXXXX0XXXXXXXX10X0XXXXX0XXXXXXXXXX0XXX0XXXXXXXXXXXXXXXXXXXXXXXXXXXXXX
XXXXXXXXXXXXXXXXXXXXXXXXXXXXXXXXXXXXXXXXX0XXXXXXXXXXXX0XXXXXXXXXXXXXXXXXXXXXXXXXXXXXXXXXXXXXXXXXXXXXX0XXXXXXXXXXXXXXX00X


Generation 69/75  F=U(0.445, 1.0)  N_hist=16560
------------------------------------------------------------------------------------------------------------------------
X00XXXXXXXXX0XXXXXXXXXXXXXXXXXXXXXXX0XXXXXXXXXXX0XX00XXXXXXXXXXXXXXXXXXXXXXXXXXXXXXXXXXXXXXXXXXXXXXXXXXXXXX0XXXXXXXXXXXX
XXXXXXXXXXXXXXXXXXXXXX0XXXXXXXXXXXXXXXXXXXXXXXXXXXXXXXXXXXXXXXXXXXXXXXXXXX0XXXXXXX0XXXXX0XXXXXXXXXXXXXXXXXXXXXXXXXXXXXXX


Generation 70/75  F=U(0.39605, 1.0)  N_hist=16800
------------------------------------------------------------------------------------------------------------------------
0000X00XX0XXXXXXXX0XXXXXXXXXXXXXXXXXXXXXXXXXXXXXXXXXXXXXXXX0XXXXXXXXXXXXXXXXXXXXX0XXXXXXXXXXXXXXX0XXXXXXXX1XXXXXXXXXXXXX
XX00000XXXXXXXXXXXXXXXXXXXXXXXXXXXXXXXXXXX00X0XXXX011XXXXXXXXXXXXXXXXXXXXXX0XXXXXXXXXXXXXXXXXXX0XXXXXXXXXX0XXXXXXXXXXXXX


Generation 71/75  F=U(0.438820402838, 1.0)  N_hist=17040
------------------------------------------------------------------------------------------------------------------------
0X0XXXX0X0XXXXXXXXXXXXXXXXX0XXXXXXXXXXXXXXXXXXXXXXX0XXXXXXXXXXXXXXXXXXXXX00XXXXXXXXXXXXXXXXXXXXXX0XXXXXXXXX0X000XX0XXXXX
XXXXXXXXXXX0XXXXXX0XX0XX0XXXXXXXXXX0XXXXXXXXXXXXXXXXXXX0XXXXXXXXXXXXXXXXXX0X0XXXXXXX00XXXXXXX0XX0XXXXXXXXXXXXXXXXXXXXXXX


Generation 72/75  F=U(0.390550158526, 1.0)  N_hist=17280
------------------------------------------------------------------------------------------------------------------------
X000XX00X00XXXXXXXXXXXXXXXXXX0XXXXXXXXXXXXXXXXXXXXXXXXXXXXX0XXXXXXXXXXXXXXXXX0X0XX0XXXXXXX0X0XXXX10XXXXXXXXX0XXXXXXXXXXX
XXXX0XXXXXXXXXXXXXXXXXXXXXXXXXX0XX00XXXXXXXXXXXXXXXXXXXXX0XX0XX00XXXXXXXXXXXXXXXX0XXXXXXXXXXXXXXXXXXXXXXXXXXXXXXXXXXXXXX


Generation 73/75  F=U(0.347589641088, 1.0)  N_hist=17520
------------------------------------------------------------------------------------------------------------------------
0X0X0XXXXXXXXXXXXXXXXX0XXXXXXXXXXXXXXXXXXXX1X0XXXXXXXXXXXX0XXXXXXXXXXXXXXXXXXXXXXXXXXXXXXXXXXXXXXXXXXX0XXXXXX0XXXXXXXXXX
XXXXXXXXXXXXXXXXXX0XXXXXXXXXXXXXXXXXXXXXXXXXXXXXX0XXX0XX0XXXXXXXXXXXXXXX0X0XXXXXXXX0XXXXXXXXXXXXXXXXXX0XXXXXXXXXX0XXXXXX


Generation 74/75  F=U(0.309354780568, 1.0)  N_hist=17759
------------------------------------------------------------------------------------------------------------------------
XXXXXXXXX0XXXXXXXXXXXXXXXXXXXXXXXXXXX0XXXXXXXX0XXX0XXXXXXXXXXXX0XXXX00XXXXXXXXXXXXXXXXXXXXXXXXXXXXX000XXXXXXXXXXXXXXXXX0
XXXXXXXXXXXXXXXXXX000XXXXXXXXXX0XXXXXXXXXXXXXXXXXXXXX000XX0XX0XXXXXXXXXXXXXXXXXXXXXXXXXXX00XXX0XXXXXXXXXXXXXXXXXXXXXXXXX


Generation 75/75  F=U(0.275325754706, 1.0)  N_hist=18000
------------------------------------------------------------------------------------------------------------------------
00X00X0XXXXXXXXX0XXXXX0XXXXXXXXXXXXXXXXXXXXXXX1XXXXXXXXXXXXXXXXXXXXXXXXXXX00XXXXXXXXXXXX0XXXX00XXXXXXXXXXXXXXX0XXXXXXXXX
XXXXXXXXXXXXXXXX0XXXXXXX1000X00X1X0XXXXXXXXXXXXXXXXXXXXXXXXXXXXXX0XXXXXXXXX1XXXXXXXXXXXXXXXXXXXXXXXXXXXXXXXXXXXXXXXX0XXX


Maximum number of iterations reached.

SSE=18.136 on eval 18240: L=2.01822e+08 b=6.14309* r=0.630395 rf=0.998488** t0=56.9297 th=22.0301


Shutting down DE...
DE shutdown complete.

Final population:
Population: 240 individuals with SSE 18.136 to 18.865, avg eval time 0.0375 sec. Top 7:

        SSE |     18.136       18.153       18.157        18.16       18.161       18.161       18.162  
------------------------------------------------------------------------------------------------------------------------
          L | 2.0182e+08   2.5085e+08   3.1506e+08** 1.2659e+08   1.1765e+08     3.09e+08   6.1015e+07  
          b |     6.1431*      25.275       20.349       12.465      0.82158*      10.177       23.371  
          r |    0.63039      0.55852      0.56448      0.57809      0.60385      0.58656      0.63588  
         rf |    0.99849**    0.99883**    0.99855**    0.99804**    0.99874**    0.99673**    0.99961**
         t0 |      56.93       58.878       58.636       58.305       57.437       58.203       56.738  
         th |      22.03       21.456       21.565       21.536       22.056       21.337       22.348  
------------------------------------------------------------------------------------------------------------------------
Best individual:
<SSE=18.1361 L=2.01822e+08 b=6.14309* r=0.630395 rf=0.998488** t0=56.9297 th=22.0301>


Elapsed time: 242.82 seconds

Saved final population of best parameter combinations to covid19.dat
Shutting down...
Task Queue is shut down
Goodbye
