Decompressing and parsing covid19.csv.bz2...
Cumulative and new cases reported thus far for Spain
------------------------------------------------------------------------------------------------------------------------
000	01/22	0	0
001	01/23	0	0
002	01/24	0	0
003	01/25	0	0
004	01/26	0	0
005	01/27	0	0
006	01/28	0	0
007	01/29	0	0
008	01/30	0	0
009	01/31	0	0
010	02/01	1	1
011	02/02	1	0
012	02/03	1	0
013	02/04	1	0
014	02/05	1	0
015	02/06	1	0
016	02/07	1	0
017	02/08	1	0
018	02/09	2	1
019	02/10	2	0
020	02/11	2	0
021	02/12	2	0
022	02/13	2	0
023	02/14	2	0
024	02/15	2	0
025	02/16	2	0
026	02/17	2	0
027	02/18	2	0
028	02/19	2	0
029	02/20	2	0
030	02/21	2	0
031	02/22	2	0
032	02/23	2	0
033	02/24	2	0
034	02/25	6	4
035	02/26	13	7
036	02/27	15	2
037	02/28	32	17
038	02/29	45	13
039	03/01	84	39
040	03/02	120	36
041	03/03	165	45
042	03/04	222	57
043	03/05	259	37
044	03/06	400	141
045	03/07	500	100
046	03/08	673	173
047	03/09	1073	400
048	03/10	1695	622
049	03/11	2277	582
050	03/12	2277	0
051	03/13	5232	2955
052	03/14	6391	1159
053	03/15	7798	1407
054	03/16	9942	2144
055	03/17	11748	1806
056	03/18	13910	2162
057	03/19	17963	4053
058	03/20	20410	2447
059	03/21	25374	4964
060	03/22	28768	3394
061	03/23	35136	6368
062	03/24	39885	4749
063	03/25	49515	9630
064	03/26	57786	8271
065	03/27	65719	7933
066	03/28	73235	7516
067	03/29	80110	6875
068	03/30	87956	7846
069	03/31	95923	7967
070	04/01	104118	8195
071	04/02	112065	7947
072	04/03	119199	7134
073	04/04	126168	6969
074	04/05	131646	5478

Initializing 240 population members having 6 parameters
------------------------------------------------------------------------------------------------------------------------

SSE=16.397 on eval 1: L=3.04314e+07 b=28.6487 r=0.160772 rf=0.80204 t0=66.0255 th=6.88581

*2412

SSE=13.174 on eval 6: L=1.34727e+07 b=23.0644 r=0.153889* rf=0.658192* t0=65.8125 th=6.89765

!2!

SSE=10.837 on eval 9: L=1.28111e+07 b=8.78474 r=0.187247 rf=0.786628 t0=67.4622 th=6.02688

!4421!219532513412242026110

SSE=10.492 on eval 36: L=2.82158e+07 b=34.7762 r=0.174989 rf=0.909862 t0=67.8489 th=10.6936

!13411

SSE=9.9264 on eval 42: L=2.91016e+06 b=30.7182 r=0.188914 rf=0.894449 t0=67.6556 th=10.009

!114110625214221224322123912111191492212231115518151122121511723332212111524221
2112!215241

SSE=9.7164 on eval 132: L=5.57961e+06 b=25.6414 r=0.163097 rf=0.796405 t0=67.6089 th=6.69637

!111202!223112235226213212323245322322232631142853122111111011335142212413222122323412123231

SSE=9.4858 on eval 224: L=1.31971e+06* b=19.3317 r=0.220332 rf=0.96913 t0=67.0282 th=11.0426

!2221241411233213


Population: 240 individuals with SSE 9.4858 to 121.44, avg eval time 0.804 sec. Top 7:

        SSE |     9.4858       9.6486       9.6743       9.7164       9.7741        9.808       9.9045  
------------------------------------------------------------------------------------------------------------------------
          L | 1.3197e+06*  4.6513e+07**  1.954e+07   5.5796e+06    2.882e+07   4.7657e+05*  6.1833e+06  
          b |     19.332       37.453       31.259       25.641        24.69       7.7134     0.031634* 
          r |    0.22033      0.22414      0.17504       0.1631      0.17177      0.21365      0.19543  
         rf |    0.96913      0.87832      0.77705       0.7964        0.898       0.9064      0.95433  
         t0 |     67.028       65.888       67.337       67.609       67.985       67.735       67.548  
         th |     11.043        8.636         5.71       6.6964       9.2722       11.628       11.522  
------------------------------------------------------------------------------------------------------------------------
Best individual:
<SSE=9.4858 L=1.31971e+06* b=19.3317 r=0.220332 rf=0.96913 t0=67.0282 th=11.0426>


Population: 240 individuals with SSE 9.4858 to 121.44, avg eval time 0.804 sec. Top 7:

        SSE |     9.4858       9.6486       9.6743       9.7164       9.7741        9.808       9.9045  
------------------------------------------------------------------------------------------------------------------------
          L | 1.3197e+06*  4.6513e+07**  1.954e+07   5.5796e+06    2.882e+07   4.7657e+05*  6.1833e+06  
          b |     19.332       37.453       31.259       25.641        24.69       7.7134     0.031634* 
          r |    0.22033      0.22414      0.17504       0.1631      0.17177      0.21365      0.19543  
         rf |    0.96913      0.87832      0.77705       0.7964        0.898       0.9064      0.95433  
         t0 |     67.028       65.888       67.337       67.609       67.985       67.735       67.548  
         th |     11.043        8.636         5.71       6.6964       9.2722       11.628       11.522  
------------------------------------------------------------------------------------------------------------------------
Best individual:
<SSE=9.4858 L=1.31971e+06* b=19.3317 r=0.220332 rf=0.96913 t0=67.0282 th=11.0426>

Performing DE with CR=0.7, F=U(0.5, 1.0), DE/rand-1.00/1/bin
------------------------------------------------------------------------------------------------------------------------
Press the 'Enter' key to abort.

Generation 1/75  F=U(0.5, 1.0)  N_hist=240
------------------------------------------------------------------------------------------------------------------------
133X112XX2X1X32X2X3X0X2X5X1X111XX2232+2X31XX01222XX1X2XXX12X21120XX21X2XX16XX212122X231XXXX2XX122XX12101521XXXX3XX31XXX1
X01XXXXX2X2121411X2XXX111X1X1XXXXXXX21XXXX21XXXX22X22XXXX212XX3XX2X11XX1XXX1X1XX11212X2X32X2322X2112XX122X1X1X21X011XX3X
X


Generation 2/75  F=U(0.5, 1.0)  N_hist=480
------------------------------------------------------------------------------------------------------------------------
X012XXXXX24X1XXX4X111412XX1XXXXXXX0XX12XX2X1XX110X1XX11XXXXXX21X1XXX20XX1X11X1X11XXXX23XXX113X23XXX21X2011XXX1XX3X11XXXX
X2XXXX11XXXXXX1X2XX1XX11XXX1XXX212XX2XX3X1XXX22X11XXX221XXXX21XX102X13X1X2XX1X1XXXXX1XXXXXXX11XX1XXXXX1X121X20XXXXX112XX


Generation 3/75  F=U(0.5, 1.0)  N_hist=720
------------------------------------------------------------------------------------------------------------------------
1X12121XXX1X1XXXX1X12XXXX2XXXX2XXXXXXXXXXXXX111XXXXX1X31XXXXX1XXXX2XXXX5XX11XXXX1XXXX1XXXXX21XXXXXXXXXXXXXX1X1XXXXXXX1XX
11XXX1122XX12XX2X1XX3X213XX1X1X2XXX1XXX1XX1X31XXXXX1X1XXXXXX2XX1XX0XX1XXXX3XX1XXXXXXXX11X111XXX01111XXXX1X3XX2X1XXXX1X22


Generation 4/75  F=U(0.5, 1.0)  N_hist=960
------------------------------------------------------------------------------------------------------------------------
XX1XXXXXXXXXXXXXX1XXXXXX1X1XXXXXXXXXXX1X21XXXXX1XXXXXXXXXXX11X11XXXX21XXX1XXXXX21X11XXXXXX11XXX1XX1XXXXX0XXXX1XXXXXXXXXX
XXXX12XX0XXX01XXXXXXX1XXXXXXXXXXXXXXX111XX1XXXXXXXXX1XXXXXXXX11XXX11XX1X1X21XXXX01XXXXX1XX10X1X1XX11XX0XXX11XXX1X111X0XX


Generation 5/75  F=U(0.5, 1.0)  N_hist=1200
------------------------------------------------------------------------------------------------------------------------
XX1XXXXXXXXX1XXX1X11XX1XXXX1XXXX120XXXX1XXXXX1X1XX1XXXXXXX11XXXXXX0XXXX1XXXX1X1X1X1X11X12XXXXXX1XXXXX1X11X1XXXXXXXXXX1XX
X1X1XXXXX1XXXXXXX1XXXXX1XXXXXXXXXXXXXXXXX1XXXXXX01XX11XXXXXXXXXXX1XX1X1XXXXXXXXXXXX1XXX1X1X111XXXXXXXXX1XXX1X1XX1X1X1X1X


Generation 6/75  F=U(0.5, 1.0)  N_hist=1440
------------------------------------------------------------------------------------------------------------------------
XX1XX1XXXXXXXXXX21XXXXXX1XX1XXXX0X1XXXXXXXXXX1XXX1XXXX1XXX2X121X111X112XXXXXXXX11XXXXXXXXXX1XXXXXXXXXXXXXXXXXX01XXXXXXX1
XX21XXXXX11XXXXXXXXX11X10XXXXXXXXXX111XXXXX1XX1XXXXXXX1110110X1XXXXXXXXXXX1XXXXXXXXXX11+XXXXX111XXXXX111XXX1XXXXXXXXXXX1
1


Generation 7/75  F=U(0.5, 1.0)  N_hist=1678
------------------------------------------------------------------------------------------------------------------------
11X110X211XXXXX111XXXXX1X11XXXXX0XXXX1XXXXXXXXXXXXX110X101XXXXXXXXXXX1XXXX1XX1XXXXXXX1XXXXXXXXXX1XXXXXXXXXXXXXX1XXXXXXXX
XXXX1XXX01XX1XXXXXXXXXXXXXXXX111XXX11XXXXXX111X11XXXXXXX111X1X1XXXXXXXXXXXXXXXXXXX1XXXXXXXXXXXX011XXXXXXXX1XXXXXXXXXXXXX


Generation 8/75  F=U(0.5, 1.0)  N_hist=1920
------------------------------------------------------------------------------------------------------------------------
11110X101XXXXXXXXXXXXXXXXXX1XXXXXXX1X1XXXXXXX11XXXXXXX1XXXXXXXXXXXX0XX11XX01XXXX0XXXXXXXXXXXXXXXX1XXXXXX01XX0X1XXXXX0XXX
XXXXXXXX1111XXXXX1XXXX0XXXXXXXXXXXXXXXXXXXXXXXXXXXXXX01XXXXXXXXXXX1XXX1XXXXX0X11X1XX11XXXXXXXXXXXXXXXXXXXXXXXXXX1XXXXXXX


Generation 9/75  F=U(0.5, 1.0)  N_hist=2160
------------------------------------------------------------------------------------------------------------------------
1111X1XXX1XXXX11110XXXXXXXXX011XX1X0XX111X0X1XXXXXXXXXXXXX1XXXXXXXXXX1X11XXX1XXXXXXXXXXXXXXX1XXXXXXXX1XXX1XXXXXXX01XXXXX
XXXXXXXXXXXX00X1XXXXXX1XXXXXXXXXXXX1X11XX1XXXXXXXXXXX1XXXXXXXXXXXXXXXXXXXXXX1XXXXXXXXXXXXX1XXXXX10XXXXXXXXXXXXXXX1XXXXXX


Generation 10/75  F=U(0.5, 1.0)  N_hist=2399
------------------------------------------------------------------------------------------------------------------------
11001X01111XX1XXXXXXXXX1XX1XXX0XXXXXXXXXXXXXXXXXXXXXXXXXX01XXXXXXX1XXXX10101XXXXXXXXXXXXXXXXXX11XXX101XXXXXXXXXXXX0XXXXX
XXXXXXXXXXX1XXXXXXXXXXXXXXXXXXX1XXXXXXXXXXXXXXXXX1XXXXXXXX01X1XXXXXXXXXXXXXXXXXXXX1XXXXXXXXX1XXXXXXXXXXXXXXXXXXXXXXXXXXX


Generation 11/75  F=U(0.5, 1.0)  N_hist=2640
------------------------------------------------------------------------------------------------------------------------
011111X10XXXXXXXXXXXXX1XXXXXXXXXXXXXXXXXXXXXXXXXXXXXXXXXXXX1011X1XX11XXXXX0XX0XXXXXXX0XXXXXXXXXXXXXXXXXXXXXXX01XXXXXXXXX
00XXX1XXXXXXXXXXXX1XXX1XXXXXXXXXXXXXX1XXXXXXXX101XXXXXXXXXXXXXXXXXXXXXXXXXXXXXXXXXXXXXXXXXXXXXXXXXXXXX00XXXXXXXXXXXXXXXX


Generation 12/75  F=U(0.5, 1.0)  N_hist=2880
------------------------------------------------------------------------------------------------------------------------
XXXXXXXXXXXXXXX0XX100X01XXXXXXXXXXXXXXXXXXXX1XXXX0XXXX1XXXXXXX10XXX1XXXXXXX10XXXXXXXXXX00XXXXXXXXXXX0XX011XXXXXXXXXX1XXX
XXXXX1XXXXXXXXXXXX11XXXXXXX0XXXXXXXX1XXXX0X00X0XXXXX1XXXXXX1XXXXXXXXXX1XXXXXXXXX1XXXXXXXXXXXXXXXXX0XXX1XXXXXXXXXXXXXXXXX


Generation 13/75  F=U(0.5, 1.0)  N_hist=3120
------------------------------------------------------------------------------------------------------------------------
0XX1XX01XXXXXXXXXXXXXXX0XXXXXXX0XXXXXXXXXXXXXXXXXXXX0111XXXXXXXX0XXXXXXXXXXXXXXXXX1001XX11XXXXX0XXXXXXX0XXXXXXXXX1XXXXXX
XXXXXXXXXXXXXXXXXXXXXXXXX11XXXX0XXXXXXXXXXXXXXXXXXXXXXX1XXXXX11XXXXXXXX0XXXXXXXXXX1X01+XXXXXXXXXXXXXXXXXXXXXXXXXXXXXXXXX
X


Generation 14/75  F=U(0.5, 1.0)  N_hist=3360
------------------------------------------------------------------------------------------------------------------------
01XXXXX1XXXXX1XXXXXXXXX1XXXXXX1XXXXXX0XXXXXXXXXXXXXXXXXXXXX1XXXXXXXXXXXXXXXXXXXXXXXXXXXXXX00XXXXXX0XX0XXXXXXXXXXXXX0XXXX
XXX1XX0XXXXXXXX1X1XXXXXXXXXXXXXXXXXXXXXXXXXXXXXXXXXXXX1XXXXXXXXXXXXXXXXXXXXXXXXXXXX1XXX0XXXXXXXXXXXX0XXXXXXXXXXXXXXXXXXX


Generation 15/75  F=U(0.5, 1.0)  N_hist=3600
------------------------------------------------------------------------------------------------------------------------
1X0XXXXXXX1XXXX0XXXXXXXXXXXXXXXXXXXXXXXXXXXXXX0XXXXX1XX00XXXXXXXXXXXX1XXXXXXXXXXXXXXX1XXXXX0XXXXXXXXXXXXXXX0XX0XXXXXXXXX
XX00XXXXX0XXXXXX11XXXXXXXXXXXXXXXX00X1X1XX1XXXXXXX0XXXXXXXXXXXXXXXXXXXXXXXXXXXXXXXXXXXXXXXXXXX0XXXXXXXXXXXX1XXXXXXXXXXXX


Generation 16/75  F=U(0.5, 1.0)  N_hist=3840
------------------------------------------------------------------------------------------------------------------------
11000X1XXXXXXXXX1XXXXXXXXXXXXXXXXXXX110XXXXXXX0XXXXXXXXXXXXXXXXXXXXXXXXXXX0X1XXXXXXXXXXXXXXXXXXXXXXXXXXXXX00XXX10XX1XXXX
XXXXXXXXXXXXXXXXXXXXX01X110XXXXXX0XX00XXXXXXXXX0XXXXXXXXXXXXXXXXXXXXXXXXXXXXX0XXXXXXXXXXXXXXXXXXXXXXXXXXXXXXXXXXXXXXXXXX


Generation 17/75  F=U(0.5, 1.0)  N_hist=4080
------------------------------------------------------------------------------------------------------------------------
0XXXX0XXX01XXXX0XXXXXXXXXXXXXXXX1XXXXXX0XXXXXXXXXXXXXXXXXXXXXXX0XX0XXXXXXXXXXXXXXXXXXXXXXXXX0XXXX01XXXXXXXXXXXXXX00XX0XX
X10XXXX0XXXXXXXXXXXXXX0XX1XXXXXXXX0XXXXXX0XXXXXXXXXXXXXX10XXXXXXX1XXXXXXXXXXXXXXXXXXXXXXXXXXXXXXXXXXXXXXXXXXXXXXXXXXXXXX


Generation 18/75  F=U(0.5, 1.0)  N_hist=4320
------------------------------------------------------------------------------------------------------------------------
0101XXXXXXXXXXXXXXXXX11XXXXXXXXXXXX0XXXXXXXX0XXXXXXXXXXXXXXXXX1XX0X1XXXXXXX0XXXXXX0XXXX0XXX1XXXXX0XXXX0XXXXXXXX10X00XXXX
XXXXXXXXXXXXXXXXX0XXXXXXXXXX1XXXX10X1XXXXXXXXXXXXXXXXXXXXXX0XXXXXXXXXXXXXXXXXXXXXXXXXXXXXX1XXXXXXXXXXXXXX0XXXXX1XXXXXXXX


Generation 19/75  F=U(0.5, 1.0)  N_hist=4558
------------------------------------------------------------------------------------------------------------------------
10X10X1XXXXXXX0X1XXXXXXXXXXXXXXXXXXXXXXXXXXXXXXXX1X1XX0XXXXXXX1XX1XXXXXXXXXXXXXXXXXXXXXXXX10XXXX0XXXXXXXXXXXXXXXXXXXXXXX
XXXXXX01XX0XXX00XXXXXXXXXXXXXXXXXXX1XXXXXXXXXXXXXXXXXXXXXXXXXXXXXXXXXXXXXXXXXXXX01XXXXXXXXXXXXXXXXXXXXXXXXXXXXXXXXX1XXXX


Generation 20/75  F=U(0.5, 1.0)  N_hist=4799
------------------------------------------------------------------------------------------------------------------------
00X0001XXXXXXXXXXXX0XXX0XXXXXXXXXXXXXXXXXXXXXXXXXXXXX0XXXXXXXXXXXX0XXXX0XXXXXXXXX0XXXXXX1XXXXXX0XXXXXXXXXXXXXXXXXXXX0XXX
XXXXXXXXX0XXXXXX00XXXXXX0XXXXXX0XXXXXXXXXXX0XX0XXXXXX1XXXXXXXXXXXXXXX0XXXXX0XXXXXXXXXXXXXX1XXXXXXXXXXXXXXXXXXXXXXXXXXXXX


Generation 21/75  F=U(0.5, 1.0)  N_hist=5040
------------------------------------------------------------------------------------------------------------------------
100X00000XXX0XX1XXXXXXX1XXXXXXXXXXXXXXXXX1XXXXXX1XXXXXXXXXXXXXXXXXXXXXXXXXX1X0XXXXXXXX0X0XXXXXXXX1XXXXXXXXXX0XXXX0X0X1XX
XXXXXXXXXXXXXXXXXXXXXXXXXXXXXXXXXX1XXXXXX0XXXXXXXXX00X0XXXXXXX0XXXXXXXXXXXXXXXXXXXX00XXXXX0XXXXXXXXXXXXXXXXXXXXXXXXXXXXX


Generation 22/75  F=U(0.5, 1.0)  N_hist=5280
------------------------------------------------------------------------------------------------------------------------
00X00XXXXXXXXXXXXXXXXXXXXXXXXXXXXXXXXXXXX1XXXXXXXXXXXXX010X1X0XXXXXXXXXXXXXXXXXXXXXXXXXXX000XXXXXXXXXXXXXXXXXXXX0XXXXXXX
XXXXXXXX0XXXXXXXX00XXXX0XX0XXXXXXXXXXXX00XXX0XXXXXXX0XXXXXXXXXXXXXXXXXXXXXXX0XXXXXXXXXXXXXXXXXXXXXXXXXXXXXXXXXXXXXXXXXXX


Generation 23/75  F=U(0.5, 1.0)  N_hist=5520
------------------------------------------------------------------------------------------------------------------------
000X00XXX0X1XXXXXXXXX1XXXXXXXXXXXXXXXXXXXXXX0X0XXXXXXXX0XXXXXXXXXXXXXXXXXXXXXXXXXXXXXX0XXXXX0XXXXXXXXXXXXXXXXXXXXXXXX0XX
XX0XXXXXXXXXXXXXXXX0XXXXXXXXXXXXXXX0X0X1XXXXXXXXXXXXXXXXXXXXXXXXXXXXXXXXXXXXXXX0XXXXXXX0XX0XXXX0XXXXXXXXXXXXXXXXXXXXXXXX


Generation 24/75  F=U(0.5, 1.0)  N_hist=5760
------------------------------------------------------------------------------------------------------------------------
00X0XXX00XXXXXXXX00XXXXXXX0XXXXXXXXXXXXX0X0XX0XXXXXXXXXXXXXXXXXXXXXXXXXXXXXXXXXXXXXXXXX1XXXXXXXXXXXXXXXXX0XXXXXXXXXXXXXX
XXX001X0XXXXXXXXX0XXXXXXXXXXXXXXXX0XXXXXXXXXXX0XXXXX0XXXXXXXXXXX0XXXXXXXXXXXXXXXXXXXXXXXXXXXXXX0XXXXXXXXXXXXXXXXXXXXX0XX


Generation 25/75  F=U(0.5, 1.0)  N_hist=5999
------------------------------------------------------------------------------------------------------------------------
01X000XXXXXXXX0XXXXXXXXXX1XXXXXXXXXXXXXXX0XXXXXXXXXXXXXXXXXXXXXXXXXXXXXXXXXXXXXXXXXXXXXX01XXXXXXXXXXXXXXXXXXXXXXXXXXXXXX
XX00XXXXXXXXXXXXXXXXXXXXXXXXX00XXXXX0XXXXXX1XXXXXXXXXXXXXXXXXXXXXXXX00XX0XXXXXX1XXXX0XX0XXXXXXXXXXXXXXXXX0XXXXXXXXXXXXXX


Generation 26/75  F=U(0.5, 1.0)  N_hist=6240
------------------------------------------------------------------------------------------------------------------------
10000XXXXX0XXXXXXXXXXXXXXXXXXXXXXXXXXXXX0XXXXXXXXXX0XXXXXX0XXXXXXXXXXXXXXX0XXXXXXXX0XXXXXXXXXXXXXXXX0XX0XXX00XXXX0XXXXXX
XXXXXXXXXXXXXXXXXXXX0XX00XXXXXXXXXXXXXXXXXXXXX0XXXX0XXXXXXXXXXXXXXXXXXXXXXXXXX001X0X1XXXXXXXXXXXXXXXXXXXXXXXXXXXXXXXXXXX


Generation 27/75  F=U(0.5, 1.0)  N_hist=6480
------------------------------------------------------------------------------------------------------------------------
0X0X100XXXXXXXXXXX0XXXXXXX0XXXXXXXX00XXXXXXXXX000XXXX0XXXX0XXXXXXXXXXXXXXXXXXXXXXXXXXXXXXXXXXXXXXXXXXXXXXXXXXX1XXXXXXXXX
XXXXXXXXXXXXXXXXXXX0XXXXX10XX0XXXXXXXXXXXXXXXXXXXXXX0XXXXXXX00XXXXXXXXXXXXX0X1XXXXXXXXXXXXXXXXXXX0XXXXXXX0XXXXXXXXXXXXXX


Generation 28/75  F=U(0.5, 1.0)  N_hist=6720
------------------------------------------------------------------------------------------------------------------------
XXX1XXXXX00XXXXXXXXXX0XX10XXXX00XXXXXXXXXXXXXXXXX0XXX0XXXXXX1XXXXXXXXXXXXXXXX0XXXXXXXX0XXXXXXXXX0XX0XXXXXXX0XXXXXXXXXXXX
XXXXXXXXXXXXX0X0X0XXXXXXXXXXXXXXXXXXXXXXXX0XXXXXX0XXXXXXXXXXXXX1XXX1XXXXXXXXXXX0XXXXXX0XXXXXXXXXXXXXXXXXXXXXXXXXXXXXX0XX


Generation 29/75  F=U(0.5, 1.0)  N_hist=6959
------------------------------------------------------------------------------------------------------------------------
00X00XXX1X0XXXXXXX0XXXXXXXXX0XXXXX0XXXXXXXXXXXXXXXXXXX00XXXXXXXXXXXXXXX1XXXXXXXXXXXXXXXXX0XXXXXXXXXXX0XXXX0XXXXXXXXXXX00
0XXXXXXXXXXXXXXXXXXXXX0XXXX0XXXXXXXXXXX1XXXXXXXXX00XXXX0XXXXXXX0XXXXXXXX00XX0+XXX0XXXXXXXX1XXXXXX1XXXXXXXXXXXX0XXXXXXXXX
X


Generation 30/75  F=U(0.5, 1.0)  N_hist=7200
------------------------------------------------------------------------------------------------------------------------
000XXX0XXXXX0XXX0XXXXXXXXXXXXXXXXXXXXXXXXXXXXXXXXXXXXX0X0XX0XXXXXXX0XXXXXXXXXXXXXXXXXXXXXXXXXXXXXXXXXXXXXX0XXXXXXXXXXX0X
0XXXXXXXXXXXXXXXXXXXXXXXXXXXXXXXXXXXXXXXXXXXXXXXX000XXXXX0XXXXXXXXX0XXXXXXXXXXXX0XXXXXXXXXXXXXXXXXXXXXXXXXXXXX0XXXXXXXXX


Generation 31/75  F=U(0.5, 1.0)  N_hist=7440
------------------------------------------------------------------------------------------------------------------------
X0XXXXXXXXXXX0XXXXXXXXXXXXXX0XXXXXX0XXXX0XXXXXXXXXXXXXXX0X0XXXXXXXXXXXXXXXXXXXXXXXXXXXXXXXXXXXX0XXXXXXXXXXXXXXX0XXXXXXXX
XXXXXXXXXXXXX10X0XXXXXXXXXXXXXXXXX0XXXXXXXXXXXXXXXXXXXXXXXXXXXXXXXXXXXXXXX0XXXXXXXXXXXXXXXXXXXXXXXXXXXXXXXXXXX0XXXXXXXXX


Generation 32/75  F=U(0.445, 1.0)  N_hist=7679
------------------------------------------------------------------------------------------------------------------------
000XX00XXXXX0XX00XXXXXXXXXXXXXXXXXXXXX0XXXXXXXXXXXXXXXXXXXXXXX0XXXXXXXXXX0XXXXXXXXXXXXXXXX0XXXXXXXXXXXXXXXXXXXXXXXXXXXXX
XXXXXXXX000X0XXXXXXXX00XXXXXXX0XXXXXXXXX0XXXXXX0XXXXXXXXXXXXXX10XXX0XXX0XXXXXXXXXXXXXXXXXXXXXXXXXXXX0XXXXXXXXXXXXXXXXXXX


Generation 33/75  F=U(0.493056632402, 1.0)  N_hist=7920
------------------------------------------------------------------------------------------------------------------------
000X0X0XXXXXXXXXXXXXXXXX0XXXXXXXXXXXXXX0XXXXXXX0X0XX0XXXXXXXXXX00XXXXX0XXXXXXXXXXXXXXXXXXXXXXXXXXXXXXXXXXXXXX0XXXXXXXXXX
XX0XXXXXXXXXXXXXXXXXX0X0XXXXX0XXXXXXXXXXXXXXXX10XXXXXXXXXXXXXXXXXXXX0X0X1XXXXXXXXXXXXXXXXXXXXXXXXXXXXXXXXXXXXXXXXXXXXXXX


Generation 34/75  F=U(0.5, 1.0)  N_hist=8160
------------------------------------------------------------------------------------------------------------------------
00X0X0XXXXXXXXXXXXXXXXXXXXXXXXXXXXXXXX0XXXX0XXXXXXXXXXXXXXXXX0XXXXXXXXXXXXXXXXXXXXXXXXXX0XXXXXXXXXXX0XXXXXXXXXXXXXXXXXX0
XXXXXXXXXXXXXXXXXXXXXXXXXXXXXXXXXXXXXXX0XXXXXX0XXXXXXXXXXXX0XXXXXXXXXXXXXXXXXXXXXXXXXXXXXXXXXXXXXXX0X0XX0XXXXXXXXXXXXXXX


Generation 35/75  F=U(0.445, 1.0)  N_hist=8400
------------------------------------------------------------------------------------------------------------------------
00X0X0XXX0XXXXXXXXXXXX0XXXXXXXXXXX0XXXXX0XXXX0XXXXXXXXXX0XXXXXXXXXXX0X0XXXXXXXXXXXXXXX00XXXXXXXXXXXXXXXXXXXX0XXXXXXXXXXX
XXXXXXXXXXXXXXXXX0XXXX0XXXXXXX0XXXXXXXXXXXXXXXXXXXXXXXXXX0XXXXXXXXXXXXXXXXXXXXXXXXXXXXXX0XXXXXXXXX0XXXXXXXXXXXXXXXXXXXXX


Generation 36/75  F=U(0.39605, 1.0)  N_hist=8640
------------------------------------------------------------------------------------------------------------------------
XX0XXXXXXXXXXXXX00XX0XXX0XXX0XXXXXXXXXXXXXXXXXXXXXXXXXXXXXXXXXXXXXXXXXXXXX0XXXXXXXXXXXXXX0X0XXXXXXXXXXXXXXXXXXXX0XXXXXXX
XXXXXX0XXXXXXXXXXXXXXXXXXX0XXXXXXXXXXX0XXXXXXXXXXXXXXXXXXXXXXXX0XXXXXXXXXXXXXXXX0XXXXXXXXXXXXXXX0XX0XXXXXXXXXX0XXXXXXXXX


Generation 37/75  F=U(0.3524845, 1.0)  N_hist=8880
------------------------------------------------------------------------------------------------------------------------
0XX000XXXXXXXXXXXXX0XXXXXXXXXXX00XXXXXXXXXXXXXXXXX0XXXXXXX0XXXXXXXXXXXXXX0XX0XXXXXXXXXXXXXXXXXX0XXXXXXXXXXXXXXXXXXXXXX0X
XXXXXXXXXXXXXXXXXXXXXX0XXXXXXXXXXXXXXXXXX00XXX0XXXXXXXXXXXXX000XXXXXXXXXX0XXXXXX0X000XXX01XXX00XXXXXXXXXXX0XXXXXXXXXXXXX


Generation 38/75  F=U(0.390550158526, 1.0)  N_hist=9120
------------------------------------------------------------------------------------------------------------------------
00X00XXXXXXXXXXXXXXXXXXXXXXXXXXXXXXXXXX0XXXXXX01XXXXXXXXXXXXXXXXXXXXXXX0XXXXXXXX00XXXXXXXXXXXXXXXXXXXXXXXXX0XXXXXXXXXXXX
XXXXXXXXXXXXXXXXXXX000X0XX0100XXXXXXXXXXXXXXX0XXXXXXXXXXXXXXXXXXXXXXXXXXXXXXXXXXX0XXXX0XXXXXXXXXXX0XXXXX0XXXXXXXXXXXXXXX


Generation 39/75  F=U(0.432726620105, 1.0)  N_hist=9360
------------------------------------------------------------------------------------------------------------------------
0X0XXXXXXX0XXXXX0XX0

SSE=9.292 on eval 9411: L=7.2397e+06 b=7.34874 r=0.194795 rf=0.88737 t0=67.1842 th=8.6184

+00XXXXXXXXX0XXXXXXXXX0XXX0X0XXXXXXXXXXXXXXXX0XXXXXXXXX0XXXXXXXXXXXXXXXXXXXXX00XXXXXXXXXX0XXXXXXXXXX
XXXXXXXXX0000XX0XXXX0XXXXX0XXXXXXXXXXXXXXXXXXXXXXXXXXXXXXXXXXXXXXXX0XXXXXXXXXXX0XXXXXXXXXXXXXXXXXXXXXXXXXXXXXXXXXXXXXXXX
X


Generation 40/75  F=U(0.479457820359, 1.0)  N_hist=9600
------------------------------------------------------------------------------------------------------------------------
0X000XXXXXXXXXXX0XXXXXX0XXXXXXXXXXXXXXXXXXXXXXXXXXXXXXXXXXXXXXXXXXXXXXXXXXXXXXX0XXXXXXXXXX0XXXXXXXXXXXXXXXXXXXX0XXXXXXXX
0XXXXXXXXXXXXXXXXXXX0XXXXXXXXXXXXXXXXX0XXX0XXXXXXXXXXXX0XXXXXX0XXXXXXXXXXXXXXXXXXXX0XXXXXXXXXXXXXXXXXXXXXXXXXXXXXXXXXXXX


Generation 41/75  F=U(0.426717460119, 1.0)  N_hist=9840
------------------------------------------------------------------------------------------------------------------------
000X00XXXXX0XXXXXXXXXXXXXXXXXX0XXXX0XXXXXX0XXXXXXXXXXXXXXXXXXX0XXXX00XXXXX00XXXXXXXXXXXXXXXXXXXXXXXXXXXXXXXX00XXXXXXXXXX
XXX00XXXXXXXXXXXXXXXXXXXXXXXXXXXXXXXXXXXXXXXXXXXXXXXXXXXXXXXXXXXXXXX0X0XXXXXXXXXX0X0XXXXXXXXXXXXXXXXXXXXXXXXXXXXXXXXXXXX


Generation 42/75  F=U(0.379778539506, 1.0)  N_hist=10080
------------------------------------------------------------------------------------------------------------------------
0000XX0XXXXXXXXXXXXXXXXXXX0XXXXXXXXXXXXXXXXXXXXXXXXXXXXXXXXXXXXXXXX0XXXXXXXXXXXXXX000XXX0XXXXXXXXX0XXXXXX0XXXXXXXXXXXXXX
XXXXXXXXXXXXX0XXXXXXXXXXXXXXXXXXXX00XXXXXXXXX0XXXXXXXXXXXXXXXXXX0XXX000XXX0XXXXXXXXXXXXXX0XXXXXXXXXXXXXXXXXXXXXXXXXXXXXX


Generation 43/75  F=U(0.33800290016, 1.0)  N_hist=10320
------------------------------------------------------------------------------------------------------------------------
0X0000XX0XXXXXXXXXXXXXXXXX000XXXX0XXXXXXXXXXXXXXXXXXXXXXXXXX0XXXXXXXXXXXX0XXXXXXXXXXXXXXXXXXXXXXXXXXXX0X0XXXXXXXXXXXXXXX
X0XXX0XXXXXXXXXXXXXXXXXX0XXXXXXXXXXXXX0XXX000XXXXXXXXXXXXX0XXXX000XXXXXXXXXXX0XXXXXXXXXXXXXXXXX0XXXXXXXXXXXXXXXXXXXXXXXX


Generation 44/75  F=U(0.374504655495, 1.0)  N_hist=10560
------------------------------------------------------------------------------------------------------------------------
00XXXXXXXXXXXXXXXXXXXXXXXXXXXXXXXXXXXXXXXXXXXXXX0XX0XXXXXXXXXXXXXXXXXXXX0XXXX0XXXXXXXXXXXXXXXXXXXXXX0X0XXXXXXXXXXXXXXXXX
XXXXXXXXXXXXX0XXXXXXXXXXXXX0XXXXXXXXXXXXXX00XXXXXXXXXXXXXXXXXXXXXXXXXXXXXXX0XXXXXXXXXXXXXXXXXXXXXXXXXXXXXXXXXXXXXX0XXXXX


Generation 45/75  F=U(0.33330914339, 1.0)  N_hist=10800
------------------------------------------------------------------------------------------------------------------------
00000X00XXXXXXXXXXXXXXX00XXXXXXXXXXXXXXXXXXXXX0XX0XXXXXXXXXXXXXX0XXXXXXX0XXXXXXXXXXXXXX00XX0XXXXXX00XXXXXXXXXX0XXXXXX0XX
XXXXXXXXX0XXXXXXXXX0XXXXX00XXXXXXXXXXXXXXXX0X0XXXX0X0XXXXXXXXXXXXXXXXXXXX00XXXXXXXXXXXXXXXXXXXXXXXXXXXXXXXXXXXXXXXXXXXXX


Generation 46/75  F=U(0.369304008514, 1.0)  N_hist=11040
------------------------------------------------------------------------------------------------------------------------
000XXXXXX0XXXXXXXXXXXX00XXX0XXXXXXXXXXXXXXXXXXXXXXXXX0XXXXXXXXXXXXXXXXXXXXXX0XXXX0XXXXXXXXX0XXXXX0XXXXXXXXXXXX0XXXXXXXXX
XXXXXXXX0XXXXXXXX0XXXXXXXXXXXXXXXXXXXXXXXXXXXXXXXXXXXXXXXXXXXX0XXXXXXX00XXXXXXXXXXXXXXXXXXXXXXX0XXXXXXXXXXXXXXXXXXXXXXXX


Generation 47/75  F=U(0.328680567578, 1.0)  N_hist=11280
------------------------------------------------------------------------------------------------------------------------
0XXXXXXXXXXX0XXXXX00XXXXXXXXXXXXX0XXXXXXX0XXXXXXXX0XXXXXXXXXXXXXXXXXXX0XXXXXXXXXXXXXXXXXXX0XXXXXXXXXXXXXX00XXXXXXXXXXXXX
XXXXX0XXXXXXXXXXXX0X0XXXXXXXXXXX0XXXXXXXX00XX0XXXXXXXXXXXXXX0X0X0XXXX0XXXXXXXXX0XXXXXXXXXXXXXXXXXXXXXXXXXXXX0XXXXXXXXXXX


Generation 48/75  F=U(0.292525705144, 1.0)  N_hist=11520
------------------------------------------------------------------------------------------------------------------------
000X0XXXXX000XXXXXXXXXX0XXXXXXX0XXXXXXXXXXXXXXXXX0XXXXXXXX0XXX0XXXXXX0XXX0XXXXXX0XXXXXXXXXXXX0XXXXXXXXXXXXXXXXXXXXXXXXXX
XXXXX0XXXXXXXXXXXXXXXXXXXX0XXXXXXXXXXXXXXXX00XXX0XX0XXXXXXXXXXXXXXXXXXXXXXXXXXXXXXXXXXXXXXXXXXXXXXXXXXXXXXXXXXXX0XXXXXXX


Generation 49/75  F=U(0.324116267571, 1.0)  N_hist=11760
------------------------------------------------------------------------------------------------------------------------
0XXXXX0XXXXXXXXXXXXXXX00XXXX0XXXXXXXXXXXXXXX0XXXXXXXXXXXXXXXXXXXXXXXXXXXXXXXXXXXXXX0XXXXXXXX0XXXXXXXXX0X0XXXX0XXXX0XXX0X
XXXX0XXX0XXXXXXXXXXXXXXXXXXXXXXXXXXXXXXXX0XX0XXXXXXXXXXXXXXXXXXX0X0XX0XXX0XXXXXXXXXX00XXXXXXXXXX0XXXXXXXXXXXXXXXXXXXXXXX


Generation 50/75  F=U(0.288463478139, 1.0)  N_hist=12000
------------------------------------------------------------------------------------------------------------------------
X000XXXXXXXXXXXXXXXXXXXXXXXXX0XXX0XXXXX00X0XXXXXXXXXXXXXXXXXXXXX0XXXXXXXX0X0XXXXXXXXXXX0XXXXXXXXXXXXXX0XXXXXXXXXXXXXXX0X
XXXX0XX0XXXXXXXXXXXXXXXX0X0XXXXXXXXX0XXXXXXXXXXXXXXXXXXX0XXXXXXXXXXXXXXXXXXXXXXXXXXXXXX0XX0XXXXXXX0XXXXXXXXXXXXXXXXXXXXX


Generation 51/75  F=U(0.256732495543, 1.0)  N_hist=12240
------------------------------------------------------------------------------------------------------------------------
000X000XXXXXXXXXX0XXXXXX0XXXXXX0XXXXXXXXXXXXXXXXXX0XX0XXXXXXXXXX0XXXXXXXXXXXXXXXXXXXXXXXXXXXXXXXXXXX00XXXXXXXXXXXXXXXXXX
0XXXXXXXXXXXXXXX0X0XXXXXXXXXXXXXXXXXXXXX0X0XXX0XXXXXX0XXXXXXXXXXXXXXXXXXXXXX0XXXXXXXXXXXXXXXXXXXXXXXXXXXXXXXXXX0XXXXXXXX


Generation 52/75  F=U(0.284457662204, 1.0)  N_hist=12480
------------------------------------------------------------------------------------------------------------------------
XXXXXXXXXXXXXXXXXXXXXX00XXXX0XXXX0XXXXXXXXXXXXXXXXXXX0XX0X0XXXX00XXXXXXXXXXXXXXXXXXX0XXXXXXXXXXXXXXXXXXXX00XXXXXXXXXX00X
XXXXX00XXXXXXXXXXXXXXXXXX0XXXXX0XXXXXXXXXXXXXXXXXXXXX0XXXXXXXXX0XXXXXXXXXXXXX0XXXXXXXXXXXXXXXXXXXXXXXXXXXXXXXXXXX0XXXXXX


Generation 53/75  F=U(0.31517693705, 1.0)  N_hist=12720
------------------------------------------------------------------------------------------------------------------------
XXX000XXXXXXXXXXXXXXXXXXXXXXXXXXXXXXXXXXXXXXXXXXXX00XXXXXXXXXXXXXXXXXXXXXXXXXXXXXXXXXXXXXXXXX0XXXXXXX00XXXXXXXXXXXXX0X00
XXXXXXXXX0XXXXXXXXXXXXXXXXXXXXXXXXXXXX000XXXXXXX0XXXXXXXXXXXXXXXXXXXXXX0XXXXXXXXXXXXX0+XX00XXXXXXXXXXXXX0XXXXXXXXXXXXXXX
X


Generation 54/75  F=U(0.349213661107, 1.0)  N_hist=12960
------------------------------------------------------------------------------------------------------------------------
000XXXXXX0XXXXX0X0XXX0XXXXXXXXXX00XXXXXXXXXXXXXXX0X0XXXXXXXXXXXXXXXXXXXXXX00XXXXXXXXXX0XX0XXXXX00XXXXXXX000+XXX00XX0XXXX
XX0XXXXXXXXXXXX0X0XXXXXXXXXXXXXXXXX0XXXXXXXXXXXXXX0XX00XXXX0XXXXXXXX0XXXX00XXXXXXXXXXXXXXXXXXXXXXXXXXXXXXXXXXXXXXXXXXXXX
X


Generation 55/75  F=U(0.386926093784, 1.0)  N_hist=13200
------------------------------------------------------------------------------------------------------------------------
00X0XXXXXXX0XXXXXXXXXXXXX0XXX0XXXX0XXXXXXXXXXXXXX0XXXX0XXXXXXXXXXXXXXX0X0XXXXXXXXXX0XXXX0X0XX0XXXXXXXXXXX0XXXXX0XXXXXXXX
0XXXXXXXXXXXX0XXXXXXXXXXXXXXXXXXXX00XXXXXXXXXXXXXXXXXX0XX00XXXXXXXX00XXXXXXXX0XXXXXXXXXXXX00XXXXXXXXXXXX0XX0XXXXXXXXXXXX


Generation 56/75  F=U(0.428711183797, 1.0)  N_hist=13440
------------------------------------------------------------------------------------------------------------------------
X0000XXXXXXXXXX0XXX0XXXXXXXXXXX0XXXXXXXXXXXXXXXXXXXXXXXXXXXXXXXXXXXXXX0XXXXXXXXXXX0XXXXXXXXXXXXXXXXXXXXXXX0XX0XXXXXXXXXX
XXXXXXXXXXXX0XX0000XXXX0XXXX000XXXXXXXXXXXXXX0XXXXXXXXXXXX0XXXXXXXXXXXXXXXXXXXXXXXXXXXXXXXXXXXXXXXXXXXXXXXXXXXXXXXXXXXXX


Generation 57/75  F=U(0.475008747317, 1.0)  N_hist=13680
------------------------------------------------------------------------------------------------------------------------
0X000X0XXXXXXXX0XXXXXX0XXXXXXXXXXXXXXXXXXXX00XXXXXXXXXXXXXXXXXXXXXXXXXXXXXXXXXXXXXXXXXXXXXXXXXX00XX0XXXXXX0XXXXXXXXXXXXX
XXXXXXX0XXXXXXXX0XXXXX0X0X0+XXXXX0XXXXXXXX000X00XXXXXXXXXXXXXXX0XXXXXXXXXXXXXXXXXXXXXXXXXXXXXXXX0XXXXXXXXXX0XXXXXXXXXXXX
X


Generation 58/75  F=U(0.422757785112, 1.0)  N_hist=13920
------------------------------------------------------------------------------------------------------------------------
00XX0XXXXXXXXX0XXXXXXXXXXXXXXXX0XXXXXXXXXXXXXXXXXXXXXXXXXXXXXXXXXXXXXXX0XXXXXXXXXXXXX0XXXXXXXXXXXXXXXXXXXXXXXXXXXXXXX0XX
0XXXX0XXXXXXXXXXXXXXX0XX0XXXXXXXXXXXXXXXX0XXXXXXXXXXXXXXXXXXXXXXXXXXXXXXXXX0XXXXXXXXXXXXXXXXXXXXXXXXXXXXXX00XXXXXXXX0XXX


Generation 59/75  F=U(0.37625442875, 1.0)  N_hist=14159
------------------------------------------------------------------------------------------------------------------------
00X00XXXXXXX00XXX0XXXXXXXXXXXXXXXXXXXXXXXXXXXXXXXXXXXXXXXXXXXXXXXXX0XXXXX0XXXXXXXXXXXXXXXXXX00XXXXXXXXX00XXXXXXXXXXXXXXX
XXXXX0XXXXXXXXXXXXXXXXXXXX0XXXX00XXXXXXXXXXXXXXXXXXXXXXXXXXXXXXXXXXXXXXXXXX000XXXXXXXXXXXXXXX0XXXXXXX0XXXXXXXXXXXXXXXXXX


Generation 60/75  F=U(0.334866441587, 1.0)  N_hist=14400
------------------------------------------------------------------------------------------------------------------------
00X0XXXXXXX00XXXXXXXXXXXXXXXXXXXXXXXXXXXXXXXX0XXXXXXXXX0XXXXXXXXXXXXXXXXXXXXXXXXX0XXXXXXXXXXXXXXXXXXXXXXXXXXXXXXXXX000XX
XXXXXXXXXXXXXXXXXXXXXXXXXX0XX00XXXXXXXXXXXXXXXXXXXXX0XXXXXXXXXXXXXXXXXXXXXXXXXXXXXXXXXXXXXXXXX0XXXXXXXXXXXXXXXXXXXXXXXXX


Generation 61/75  F=U(0.298031133013, 1.0)  N_hist=14640
------------------------------------------------------------------------------------------------------------------------
000X00XXXXXX0XXXXXXXXXXXXXXXXXXXXXXXXXXXXXX0XXX00XXXXXXXXXXXXXXXXXX0XXXXXXXXXXXXXXXXXXXX0XXXXXXXXXXXXXXXXXXX0XXXXXXXXXXX
X0XXXXXXXXXXXXXX000XX00XXX0XXXX0XXXXXXXXXXXXXXXX00X0XXXXXXXXXXXXXXXX0XXXXXXXXXXXXX0XXXXX0+XXXXXXXXXXXXXXXXXXXXXXXXX0XXXX
X


Generation 62/75  F=U(0.330216239987, 1.0)  N_hist=14880
------------------------------------------------------------------------------------------------------------------------
0000XXX0XX0XX0XXXXXXXXX0XXXXXXXXXXXXXXXX0XXXXXXXX0XXXX00XXXXXXXXXXXXXXXXXXXXXXXXXX0XXXXX00X0XXXXXXXXXXXXXX0X0XXXXXXXXXXX
X00XXXXXXXXXXXXXXXX0XXXX00XXXXXXXXXXXXXXXXXXXXXXXX0XXXXXXXXXXXXXXXXXXXXXXXXX0XXXXXXXXXXXXXXXXX0XXXXXXXXXXXXXXXXXXXXXXXXX


Generation 63/75  F=U(0.365877094949, 1.0)  N_hist=15120
------------------------------------------------------------------------------------------------------------------------
00X000X0XXXXXX0XXXXXXX0XXX0XX0XXXXXXX0XXXXXXXXXXXXX0XXXXX0XXXXXXXXXXXXXXXXXX0XXXXXXXXXXXXXXXXXXXXXXXXXXX0XXXXXXXXXXXXXXX
XXXX0XX00XXXX0XXXXXXXXXXXXXXXXXXXXXXXXXXXXXXXXXXX0XXXX0XXXXXXXXXXXXXXXXXXXXXX0XXXXXXXXXXXXXXXXXXXXXXXXXXXXXXXXXXXXXXX0XX


Generation 64/75  F=U(0.405389052379, 1.0)  N_hist=15359
------------------------------------------------------------------------------------------------------------------------
0000X00X0XXXXXXXXX0XXXXXXXXXXXXXXXXXXX0XXXXXX0XXXX0XXXXXXXXXXXXX000XXXXXXXXXXXXXXXXXXXXXXXXXXXXXXXXXXXXXXXXXXXXXXXX0XXXX
X0XXXXXXXXXXXXXXXXXXXXXXXXXXXXXX0XXX0XXXXXXXXXXXXXXXX00XXXXX0XXXXXXXXXXXXXXXXXX0000XXXXXXXXXXXXX0XXXXXX0XXXXXXXXXXXXXXXX


Generation 65/75  F=U(0.360796256617, 1.0)  N_hist=15600
------------------------------------------------------------------------------------------------------------------------
00+0XXXXXXXXXXXXXXXXXXXXXXXXXXXXXXXXXXXXXXXXXXXXXXXXXXXXX00XXXXXXX00XX0XX0XXXXX0XX0XXXXXXXXXXXXXX0XXX0XXXXXXXXXXXX000XXX
XXXXXXXXXXXXXXXXXX0X0XXXXXXXXXXXXXXXXXXXXXXXXXXXX0XXXXXXXXXXXXXXXXXXXXX0XXXX0XXXXXX0XXXXXX0XXXXXXXXX00XXXX0XXXXXXXXXXXXX
X


Generation 66/75  F=U(0.399759521957, 1.0)  N_hist=15840
------------------------------------------------------------------------------------------------------------------------
00000XXXXXXXXXXX0XXXXXXXXXXXXXXXXXXXXXXXXX00XXXXXXXXXXXXXXX0XXXXXXXXXXXXXXXXXXXXXXXXXXXXXXXXXXXXX0XXXX0XXX0XXXXXXXXXXXXX
XX0XXXXXXXXX0XXXXXXXXXXXXXXXXXXXXXXXXXX0XXXXX0XXXXXXXXXXXXXX00XXXXXXXXXXXXXXXXXXXXXXXXXXXXXXXXXXXXXXXXXXXXXXXXXXXXXXXXXX


Generation 67/75  F=U(0.442930525094, 1.0)  N_hist=16080
------------------------------------------------------------------------------------------------------------------------
00X00X0XXXXX0XXXXXXXXXXXXXXXXXXXXXX0XXXXXX0XXXXXXXXXXXXXXXXXXXXXXXXXXXXXXX0XX0XXXXXXXXX00XXXXXXXXXXXXXXXXX0XXXXXX0XX0XXX
XXXXXXXXXXXXXXXX00X0XXXXXXXXXXXX0XXXXXXX0XXXX0XXXXX0XXXXXXXXXXXXXXXXXXX0XXXXXXXXXXXX0XX0XXXXXXXXXXXXXXXXXXXXXXXXXXXXXXX0


Generation 68/75  F=U(0.394208167334, 1.0)  N_hist=16319
------------------------------------------------------------------------------------------------------------------------
000XXXX0X0XXX00XXXXXXXXXXXXXXXXXXXXXX0XXXXXXXXXXXXXXXXXXXXXXXXXXXXXXXXXXXXXXXXXXX0XXXXXXXXXXXXXXXX00XXXXXXXXX0XXXXX00X0X
XXXXXX0XXX0XXXXXXXXXXXXXXXXXXXXXXXXXXXXX000XXX0+XXXXXXXX00XXXXXXXXXXXXXXXXXX0XX0XXXXXXXXX0XXXXXXXXXXXXXXXXXXXXXXXXXXXXXX
X


Generation 69/75  F=U(0.436779666182, 1.0)  N_hist=16560
------------------------------------------------------------------------------------------------------------------------
XX0X000XXXXXX0X0XXXXX0XXXXX0XXXXXXXXXXXXXXXXXXXXXXX0XXXXXXXXXX0X0XXXXXXXXXXXXXXXXXXXXXXXX0XXXXXXXXXXXXXXXXXXX0XXXXXXXXXX
XXXXXXX0X0XX00XXXXXXXXXXXXXXXXXXXXXXXXXXXXXXXXXX00X0XXXXXXXXX0XXXXXXXXXXXXXXXXXXXXXXXXXXXXXXXXXXX00XXXXXXXXXXXXXXXXXXXXX


Generation 70/75  F=U(0.388733902902, 1.0)  N_hist=16800
------------------------------------------------------------------------------------------------------------------------
X00000X0XX0XXXXXX0XXXXX0XXXXXXXXX0XXXXXXXXXXX0XXXXXXXXX0XXXXXXXXXXXXXXXXXXXXX00XX00XXXXX0XXXXXXXXXXXXXXXXX0XX0XXXXXXXXXX
XXXXXXX0XXXXXXX0XXXX0XXXXXXXXXXXXXXXXXXXXXXXX0XXX0XXXXXXXXXXXXXXXXXXXXXXXXXXXXXXXXXXXXXXXXXXXXXXXXXXXXXXXXX0XXXXXXXXXXXX


Generation 71/75  F=U(0.430714222618, 1.0)  N_hist=17040
------------------------------------------------------------------------------------------------------------------------
00X0XX0XXXXXXX0XXXXXX00XXXXXXXXXXXX00XXXXXXXXXXXXXX0XXXXXXXXXXXXXX00XXXX0XXX0XXXXXXXXXXXXXX0XXXXXXXX0XXXXXXXXXXXXXXXX0X0
X00XXXXXXXXX000XXXXXX0XXX00XXXXXXXXXXXXXXXXXXXXXXXXXXXXXXXXXXXXXXXXXXXXXXXXXXXXXXXXXXXXXXXXX0XXXXXXXXXXXXXXXXXXXXXXXXXXX


Generation 72/75  F=U(0.38333565813, 1.0)  N_hist=17280
------------------------------------------------------------------------------------------------------------------------
0X0XXX0XXXXXXXXXXXXXXXXXXXXXXXXXXXXXXXXXXXX00XXXXXXXXXXXXXXXXXXXXXXXXXXX0XXXX00XXXXXXXXXXXXXXXXXXXXXXX0XXXXXX0XXXXXXXXXX
XXXXXXXXXXXX00XXXXXXXX00XXXXXXXXXXXXXXXXXXXX0XXXXXXXXXXXXXXXXXXXXXXXXXXXXX000XXXXXXXXXXXXXXXXX0XXXXXXXXXXXXXXXXXXXXXXXXX


Generation 73/75  F=U(0.341168735736, 1.0)  N_hist=17520
------------------------------------------------------------------------------------------------------------------------
00XXXXXXXXXXX0XXXXX00XXXXXXXXXXX0XXXXX0XXXXXXXXXXXXXXXXXX0XXXX0XXXXXXXXXXXXXXXXXXXXXXX0XXXXXXXXXXXXXXXXXXX0XXXXXXXXXXX0X
XXXXX0XXXXXXXXXXXXXXXXXXXXXXXXXX00XXXXXXXXXXXXXXXX0XXXXXXXXXXXXXXX0XXXXXXXXXXXXXXXX0XXXXX0XXXXXX0XXXXXXXXXXXXXXXXXXXXXXX


Generation 74/75  F=U(0.303640174805, 1.0)  N_hist=17760
------------------------------------------------------------------------------------------------------------------------
00X00XXXXXX0XXXXXX0XXX0XXXXX00XX0XXXXXXXXXXXXXXXXXXXX0XXXXXXXXXXXXXXXXXXXX0XXXXXXXXXXXXXXXXXXXXXXXXXXXXXX0XXXXXXXXXXXXXX
XX0XXX0XXXXXXXXXXXXXXXXXX0XX000XXXXX0XXXXXX0XXX0X0XXXXXXXXXXXXXXX0XXXXXX0XXXXXXXXXXXXXXXXXXXXXX0XXXXXXXXXXXXXXXXXXXXXXXX


Generation 75/75  F=U(0.336431015846, 1.0)  N_hist=18000
------------------------------------------------------------------------------------------------------------------------
000X00XXXXXXXXXXXX0XXXXXXX0XXXXXX00XXXXXXXXXXX0XXXXXXXXXXXXXXXXXXXXXXXXXXXXXXXXXX0XX0XXXXXXXXXXXXXXXXX00XXXXXXXXXXXXXXXX
XXXXXXXXXXX00XXXXXXXXXXXXXXXX00XXXXXXXXXXXXXX0XXXXXXXXXXXX0XXXXXXXXXXXXXXXXXXXXXXXXXXXXXXXXXX0XXXXX0XXXXXXXX00XXXXXXXXXX


Maximum number of iterations reached.

SSE=9.2856 on eval 18240: L=2.19065e+07 b=2.87764 r=0.195085 rf=0.885714 t0=67.0526 th=8.62677


Shutting down DE...
DE shutdown complete.

Final population:
Population: 240 individuals with SSE 9.2856 to 9.323, avg eval time 0.0209 sec. Top 7:

        SSE |     9.2856       9.2858       9.2863       9.2865       9.2866       9.2866       9.2869  
------------------------------------------------------------------------------------------------------------------------
          L | 2.1907e+07   4.0996e+07   2.5681e+07   2.8447e+07   4.1366e+07   4.6771e+07** 3.3327e+07  
          b |     2.8776      0.66957*      1.9827*      1.4095*      1.8831*      3.1117       2.9629  
          r |    0.19509      0.19441      0.19309      0.19654      0.19734      0.19271       0.1918  
         rf |    0.88571      0.88802      0.88483      0.88937      0.88663      0.88577      0.87758  
         t0 |     67.053       67.036       67.094       67.021       66.916       67.104       67.098  
         th |     8.6268       8.6965       8.5695       8.6825       8.6814       8.6192       8.4338  
------------------------------------------------------------------------------------------------------------------------
Best individual:
<SSE=9.2856 L=2.19065e+07 b=2.87764 r=0.195085 rf=0.885714 t0=67.0526 th=8.62677>


Elapsed time: 219.30 seconds

Saved final population of best parameter combinations to covid19.dat
Shutting down...
Task Queue is shut down
Goodbye
