Decompressing and parsing covid19.csv.bz2...
Cumulative and new cases reported thus far for Iran
------------------------------------------------------------------------------------------------------------------------
000	01/22	0	0
001	01/23	0	0
002	01/24	0	0
003	01/25	0	0
004	01/26	0	0
005	01/27	0	0
006	01/28	0	0
007	01/29	0	0
008	01/30	0	0
009	01/31	0	0
010	02/01	0	0
011	02/02	0	0
012	02/03	0	0
013	02/04	0	0
014	02/05	0	0
015	02/06	0	0
016	02/07	0	0
017	02/08	0	0
018	02/09	0	0
019	02/10	0	0
020	02/11	0	0
021	02/12	0	0
022	02/13	0	0
023	02/14	0	0
024	02/15	0	0
025	02/16	0	0
026	02/17	0	0
027	02/18	0	0
028	02/19	2	2
029	02/20	5	3
030	02/21	18	13
031	02/22	28	10
032	02/23	43	15
033	02/24	61	18
034	02/25	95	34
035	02/26	139	44
036	02/27	245	106
037	02/28	388	143
038	02/29	593	205
039	03/01	978	385
040	03/02	1501	523
041	03/03	2336	835
042	03/04	2922	586
043	03/05	3513	591
044	03/06	4747	1234
045	03/07	5823	1076
046	03/08	6566	743
047	03/09	7161	595
048	03/10	8042	881
049	03/11	9000	958
050	03/12	10075	1075
051	03/13	11364	1289
052	03/14	12729	1365
053	03/15	13938	1209
054	03/16	14991	1053
055	03/17	16169	1178
056	03/18	17361	1192
057	03/19	18407	1046
058	03/20	19644	1237
059	03/21	20610	966
060	03/22	21638	1028
061	03/23	23049	1411
062	03/24	24811	1762
063	03/25	27017	2206
064	03/26	29406	2389
065	03/27	32332	2926
066	03/28	35408	3076
067	03/29	38309	2901
068	03/30	41495	3186
069	03/31	44605	3110
070	04/01	47593	2988
071	04/02	50468	2875
072	04/03	53183	2715
073	04/04	55743	2560
074	04/05	58226	2483

Initializing 240 population members having 6 parameters
------------------------------------------------------------------------------------------------------------------------

SSE=8.607 on eval 1: L=326648 b=16.8164 r=0.265413 rf=0.695561 t0=46.1478 th=5.31467

*5

SSE=8.0236 on eval 3: L=270552 b=15.2894 r=0.209536 rf=0.69911 t0=40.7108 th=4.72467

!2

SSE=7.396 on eval 5: L=382041 b=192.092 r=0.159022 rf=0.591921 t0=37.4473 th=8.42421

!369172125163999692132511238129

SSE=7.1719 on eval 36: L=472003 b=128.97 r=0.120152 rf=0.471371 t0=44.728 th=7.08308

!9991834249622235929962721627224188456232!24945112212228862151!4

SSE=6.9706 on eval 100: L=126024 b=142.441 r=0.246031 rf=0.627225 t0=44.4574 th=1.08804

!92299952334727249991
122122928292154212993983191329324291113269129991139232213297221132897991215517285941114191261994942441351222162153699033


Population: 240 individuals with SSE 6.9706 to 187.94, avg eval time 0.76 sec. Top 7:

        SSE |     6.9706       7.1064       7.1207       7.1583       7.1719       7.3493       7.3736  
------------------------------------------------------------------------------------------------------------------------
          L | 1.2602e+05   3.3724e+05   3.4788e+05   1.8786e+05     4.72e+05   3.9599e+05   2.9514e+05  
          b |     142.44        126.9       225.04       218.78       128.97       236.42       11.192* 
          r |    0.24603      0.27016      0.28322      0.28062      0.12015      0.11022      0.16718  
         rf |    0.62722      0.76381      0.76579      0.75177      0.47137      0.45469      0.56742  
         t0 |     44.457       38.674       40.963       37.048       44.728       36.485*      46.418  
         th |      1.088       5.6222       7.1457       8.9753**     7.0831       8.0308       2.1036  
------------------------------------------------------------------------------------------------------------------------
Best individual:
<SSE=6.9706 L=126024 b=142.441 r=0.246031 rf=0.627225 t0=44.4574 th=1.08804>


Population: 240 individuals with SSE 6.9706 to 187.94, avg eval time 0.76 sec. Top 7:

        SSE |     6.9706       7.1064       7.1207       7.1583       7.1719       7.3493       7.3736  
------------------------------------------------------------------------------------------------------------------------
          L | 1.2602e+05   3.3724e+05   3.4788e+05   1.8786e+05     4.72e+05   3.9599e+05   2.9514e+05  
          b |     142.44        126.9       225.04       218.78       128.97       236.42       11.192* 
          r |    0.24603      0.27016      0.28322      0.28062      0.12015      0.11022      0.16718  
         rf |    0.62722      0.76381      0.76579      0.75177      0.47137      0.45469      0.56742  
         t0 |     44.457       38.674       40.963       37.048       44.728       36.485*      46.418  
         th |      1.088       5.6222       7.1457       8.9753**     7.0831       8.0308       2.1036  
------------------------------------------------------------------------------------------------------------------------
Best individual:
<SSE=6.9706 L=126024 b=142.441 r=0.246031 rf=0.627225 t0=44.4574 th=1.08804>

Performing DE with CR=0.7, F=U(0.5, 1.0), DE/rand-1.00/1/bin
------------------------------------------------------------------------------------------------------------------------
Press the 'Enter' key to abort.

Generation 1/75  F=U(0.5, 1.0)  N_hist=240
------------------------------------------------------------------------------------------------------------------------
XXX1X22XX15XXX99242XXX13X11X35X69X4X2322XXXX71143X4X1X9XXX3114233121X1X151X12XX201XX21X3XX87X12X2XX19XXX94219X142X1XXX1X
431XX1X2922X24X152X2XX2XX01XX141X1X62X2XXX3XX1X637XX1XX2X2X64XX841X18X2X1X134XX1X41XX2X1XX14X1234X92X541X1XXX11XX6XXX22X


Generation 2/75  F=U(0.5, 1.0)  N_hist=480
------------------------------------------------------------------------------------------------------------------------
X52X122X6XXXXX2XXXXXX42X1X2XX1XXXXX1X92X215X2XXXXXXX322XXXX12XX2X4XX8X6XX13XXXX1X3X4XXXX032X5X21X2XX112X1XX3X03X1XXXXXXX
XXX232X21132XXXXXXX212XX1XX2XXX31X42XX1XX3XX11X1XX1XX22X2XXX1+2XX21X1XXXXXXXXXXX2XXXXXXXXX2XXXXXXX72XXX4211X5X3222XXXXX9
X


Generation 3/75  F=U(0.5, 1.0)  N_hist=720
------------------------------------------------------------------------------------------------------------------------
XXXXX112XXX2311X1X11XXXXXX22XXXXXXXXX1XX0XXX1XX1X1222XXXX2X61XXXX11XX11XXXX1XXXXXXX1X111X71XXXXXXX1X1XXX3XX2X3XX1X1XX11X
X1X1X12112X6XXXXXX2XX31XXXX4XXXXXXXXXXXXXXXXXXXXXX1X1XX1XXX1XX2113XX8X112XXXXX22X1XXXXX14XX11XXXXX1XXXXX1X11XX1XXX1XXXXX


Generation 4/75  F=U(0.5, 1.0)  N_hist=960
------------------------------------------------------------------------------------------------------------------------
1X1XXXX1XXX1X11XXXXXXXXXX1XX121XX2X1XXXXXXX2X2XXXXXXX1XXXXXXX11XXXX1XX0XXXXXXX1XXXXXXX1X1X1XXXX1X2XXXXXX113XXX1XXXX1XXXX
XXX22XXXX2X2XXXXX13XXXXXX1XX1XXX21XX1XXXX1

SSE=6.7811 on eval 1122: L=230187 b=33.9732 r=0.255633 rf=0.706771 t0=43.3149 th=5.598

+X1X0XXXXXXXXX11XXXX6XX31X1XXX21XXXX1XXX1XXXX1XXXXXX21XX22X0X4XXXX1XXX21110XXX
X


Generation 5/75  F=U(0.5, 1.0)  N_hist=1200
------------------------------------------------------------------------------------------------------------------------
XXXXXXXX10XXXXXX1XXXXXXX1XX1XXXXXXXXX14XXXXXXXX1XXXXXXX0X1X3XXXXXX1XXXXXXXX0XXX1XXXXXXXX11XX41XXXX1X3XX1XXXXX1XXXXX1XXXX
XXXXX11XX2XXXXXXX11XXX2XXX12XX1XXXX1XXXXXXXXXXXXX1XXXX1XX11XX6XXXXX1XXXXXXX1XXXXX1XX1X111XXX11XXX1XXXXXXXXX1XXXXXX12XXX1


Generation 6/75  F=U(0.5, 1.0)  N_hist=1440
------------------------------------------------------------------------------------------------------------------------
X1XXXX12XXX01XX11XXX1XXXXXXXX11XXX2X1X1XXXXXXXXXX1X2XXXXXXXX00X0110XXXX1X1XXXXXX1XXXXXXXXXX2XX1XXXXXX1212X1XXXXXX10XXXXX
011111XXXXXXXXXXX111XX11111XXXXXXXXXXXXXX1XXXXXXXXXXXX1X1X1XXX1XX21XXXXX1XX1XXXXXXXXXXXXXXX1XXXXXXXXXXXXXXXXXX1XXXXXXXXX


Generation 7/75  F=U(0.5, 1.0)  N_hist=1680
------------------------------------------------------------------------------------------------------------------------
11X121X111X00XXXXXXXX1XXXXXXX1XXXX1XXXXXXXXX1XXXXXXXX1X1XXXXXXXXX1X1X01XX110XX1011XXXXXXXXXXXX111X1XXXXXXXXXXXXXXX1XX1XX
XXXXXXXXXXXXXXXXXXXXXXXXXXXXXXXXXXXXX110XXXXXXXXXXXXXXX1XXXXXXXXXX1XXXXXX1XXXXXXX1XXXXXXX1XXXXXX1XXXXXXXXXXXXXXXXX11XXXX


Generation 8/75  F=U(0.5, 1.0)  N_hist=1920
------------------------------------------------------------------------------------------------------------------------
1X0X1111X101XX11X0XXX0XXXX1XXXXXX0X1XXXXXXXXXXXXX1XXXXXXX21XXXXXXXXX1XXXXXXXXXXX1XXXXXXXXXXXXX1X1XXX1111X1XXXXXXXXXX1XXX
11XX1XXXXXXX1XXXXXXXXX1XXX1+XX0XXXXXXXX1XXXX1XXX1XX1XXXXXX1XXXXXXXXXXXXXXXXXXXXXX010XXXXXXXXXXXXXXXXXXXXXXXXXXXXXXXXXXXX
X


Generation 9/75  F=U(0.5, 1.0)  N_hist=2160
------------------------------------------------------------------------------------------------------------------------
110X1110XXXXXXXX1XXXXXXXXX1XXX1X0XXXXXXXXXXXXX0111XXXXXXXXXXXXXXXXXXXXXXXXXX0XXXXXXXXX101XXXXXXXXXXXX1XXXXXXXXXXXXXXXXXX
XXXXXXXXXXXX1X1XXXXXXXXXXX1X0XXXXXXXXXXXX1X10XXXXXXXXXXXXX110X1XXXXXXXXXXXXXXXXX111XXXXXXXXXXXX2XXXX1XXXXXXXXXXXXXXXXXXX


Generation 10/75  F=U(0.5, 1.0)  N_hist=2400
------------------------------------------------------------------------------------------------------------------------
1100XX101X11X1XXXX1XXXXXXX111XXXXXXX1XXXXXXXXXXXXXX0XXXXX1XXXX11XX1X1XXXX1XXXXXXXXXXX1XXXXXXXXXXXXXXXXXXXXXXXXX11XX11XXX
XXXXXXXX1XXXXXXXXXXXXXXXXXXXXXXXXXXXXXXXXX1XXXXXXXXXXXXXXXXXXXXXXX1XXXXXXXXXXXXXXXXXXXXXXXXXXXXX111XXXXXXXXXXXXXXXXXXXXX


Generation 11/75  F=U(0.5, 1.0)  N_hist=2640
------------------------------------------------------------------------------------------------------------------------
00X11X0010XXXXX1XXXXXXXX1XXXXXXXXX0XXXX0XXXXXXXXX11X1XXXXXX1XXXXXXXXXXXXXXX011XXXXXXXXXXXXXXXXXXXX10XXX0XXXXXXXXXXXXXXX0
XXXXXXXXXXXXXXXXXXXXXX0XXXXXXX0XXXXXXXXX1XX11XXXXXX0XX1XXXXXXX0XXXXXXXXXXX0X1XXXXXXXXXXXXXXXXXXXXXXXXXXXXXXX1XXXXXXXXXXX


Generation 12/75  F=U(0.5, 1.0)  N_hist=2880
------------------------------------------------------------------------------------------------------------------------
1111X11X0XXXXXXXXXXX0XXX1XXXXXXXXXXXXXXXXXXX0XXXXXXX0XXXXXXXXXXXXXXXXXXX0XXXXXX1X1XXXXXXXXXXXXXXXXXXXXX1X1XXX1XXXXXXXXXX
XXXXXXXXX0XX1XXXXXXXXXXXXXXXXXXXXXXX11XXXXXXXXXXXXXX1XXXXXXXXX1XXXXXXXXX1XXXXXXXXXXXXXXXXXXXXXX0XXXXXXXXXXXXXX1XXXXXXXXX


Generation 13/75  F=U(0.5, 1.0)  N_hist=3120
------------------------------------------------------------------------------------------------------------------------
1XX11XXXXXXXXXXXXXXX1X0XXXXX1XXXXXXXXXXXXXXXXXXXXX1XXXXXXXXXXXX1XXXXXXXXXXXXXXXX111X1XXX0XXXXXXXXXXXXXXXXXXXXXXXXXXXXXXX
0XXXXXXXXXXXXX11XXXXXXXXXXXXXXXXXXXXXXXXXXXXXXXX0XXXXXXXXXXXXXXXXXXXXXXXXXXXX0X0X1XXXXXXXXXXXXX1XXXXXXXXXXXXXXXXXXXXXXXX


Generation 14/75  F=U(0.5, 1.0)  N_hist=3360
------------------------------------------------------------------------------------------------------------------------
1XX0XXXXXXXXXXXXX1XXXXXXXXXXX01X0XXXX1XXXXXXXXXXXXXXXXXXXX1XXXXXXXXXX0XXXXXXXXXXXXXXXX1XXXXXXXXXXX1XX1XXXX1XXXXXXXXXXXX1
XXXXX1XXXXXXXXXXXXXXXXXXXXXXXXXXXXXXXXXX0XXXXXXXXXXXXXXXXXXXXXXXXXXXXXXXXXXXXXXXXXXX0X1XXXXXXXXXXXXXXXXXX1XXXXXXXXXXXXXX


Generation 15/75  F=U(0.5, 1.0)  N_hist=3600
------------------------------------------------------------------------------------------------------------------------
X1XXXXX11XXXXXXXXXXXXXX0XXXXXXXXXXXXXXXXXXXXXX1XXXXXXXXXXXXXXXXXXXXXXXXXXXXXXXXXXXXXXXXXXXXXXXXXXX1X1XXXXXXXXXXXXXXXXXXX
XXXXXXXXXX1XXX0XXX0XXXXXXXXXXXXXXXXXXXXXXXXXXXXXXXXXXXXXXXXXX1XXX0XXXXX0X1XXXXXXXXXXXXXXXXXXXXXXXXXXXXXXXX0XXXXXXXXXXXXX


Generation 16/75  F=U(0.5, 1.0)  N_hist=3840
------------------------------------------------------------------------------------------------------------------------
1XXXXXXXXXXXXXXXXXXXXXXXX1XXXXXXX10XXXXXXXXXXXXXXXXXXXXXX0X0XX1XXXXXXXXXXX10XX1XXXXXXXXXXXXXXXXXXXXXX1XXXXXXXXXX001XX1X1
XXXXXXXXXXXXXXX11XXXXXXXXXXXX1X1XXXXXXXX1X11XXXXXXXXXXXXXXXXXXXXXXXXX0XXXXX1XX01XXXXXXXXXXXXXXXXXXXXXXXXXXXXXXXXXXXXXXXX


Generation 17/75  F=U(0.5, 1.0)  N_hist=4080
------------------------------------------------------------------------------------------------------------------------
101X0XXXXXXXXXXXXXXXXXXXXXXXXXXXXXXXXXXXXXXXXXXX1XXXXXXXXXXXXXXXXXXXXX1XX1X1XXXXXXXXXXXXXXXXX1XXXXXXXXXXXXXXXXXXXXXXXXXX
XX1XX01XX1XXXXXXXXXX1XXXXXXXXXXXXXXXXXXXXXXXXXXXXXXXXXXXXXXXXXXXX1XXX0XXXXXXXXXXXXXXX1XXXXXXXXXXXXXXXXXXXXXXXXXXXX0XXXXX


Generation 18/75  F=U(0.5, 1.0)  N_hist=4319
------------------------------------------------------------------------------------------------------------------------
11XXXXXXX00XXX1XXX1X0XXXXXX1XXXXXXXXXXXXXXXXXXXXXXXXXXX0XXXXXXXXXXXXXXXXX00XXXXXXXXXXXXXXXXXXXXXXXXXXXXXXXXXXXXXXX0X0XXX
XXXXXXXXXXXXXXXXXXXX1XXXXXXXXXXXXXXXXXXXXXXXXXXXXXXXXXXXXXXXXXXXXXXXXXXXXXXX01XXXXXXXXXXXXXXXXXXXXXXXXXXXX00XXXXXXXXXXXX


Generation 19/75  F=U(0.5, 1.0)  N_hist=4560
------------------------------------------------------------------------------------------------------------------------
0XX1XX1XXXXXXXXXXXXXXXXXXXXXXXXX0XXXXXXXXX1XXXX0XX0XXXXXXXXXX0XXXXXXXXXXXXXXXXXXXXXXXXXXX0XX1XXXXXXX11XXXXXXXXXXXXXXXXXX
XXXXXXX0XXXXXXXXXXX0XX1XXXXXXXXXXXXXXXXXXXXXXX1+XXXXXXXXXXXXXX1XX1XXXXXXXXXXXXXXX0XXXXXXXXXXXXX11XXXXXXXXXXXXXXXXXXXXXXX
X


Generation 20/75  F=U(0.5, 1.0)  N_hist=4800
------------------------------------------------------------------------------------------------------------------------
0XX01XXXXXXXXXXXXXXXXXXXXXXXXXXXXXXXXXXXXXXXXXXXXXXXXXXXXXXXXXXXXXXXXXX1XXXXXXXXXXXXXXXXXXXXXXXXXXXXXXXXXXXXXXXXXXXXXXXX
XXX1XXXXXXXXXXXXXXX10XXXXXXXXXXXX0XXX1XXXXXXXXXXXXXXXXXX10XXXXXXXXXXXX0XXX1XXXXXXXXXXXXXXXXXXXXXXXXXXXXXXXXXXXXXXXXXXXXX


Generation 21/75  F=U(0.5, 1.0)  N_hist=5040
------------------------------------------------------------------------------------------------------------------------
010XXXXXXX10XXXXX0XXXXXXXXXXXXXXXX0XXXXXXXXXXXXXXXXXXXXXXXXXXXXXXXXXXXXXXXXXXXXXXXXXXXXXXXXXXXXXXXXXXXXXX0X1XXXX0XXXXXXX
XXXXXXXX1XXXXXXXXXXXXXXXXXX0XXXXX1XXXXXXXXXXXX01XXXXXXXXXXX00XXXXXXXXXXXXXXXXXXXXXXXXXXXXXXXXXXXXXXXXX0XXXXXXXXXXXXXXXXX


Generation 22/75  F=U(0.5, 1.0)  N_hist=5280
------------------------------------------------------------------------------------------------------------------------
1XXXXXXXXXXX1XXX0XXXXXXX0XXXXXX0XXXXXXXXXXXXX1XXXXXXXXX1XXXXXX1XXXXXXXXXXXXXXXXXXXXXXXXXXXXXXXX1XXXXXXXXXXXXXXXXXXXXXXXX
XXXXXXX11XX0XXXXXXXXXXXXXXXXXXX0X1XXXXXXXXXXXXXXXXXXX0XXXXXXXXXXXXXXXX10XXXXXXXXXXXXXXXXXXXXXXXXXXXXXXX1XXXXX1XXXXXXXXXX


Generation 23/75  F=U(0.5, 1.0)  N_hist=5520
------------------------------------------------------------------------------------------------------------------------
110XXXXXXXXXXXXXXXXXX1XXXXXXXXXXXXXXXXXXXXXXXXXXXXXXXXXXXXXXXXXXXXXXXXXXXXXXXXXXXXXXXXXXXXXXXXXXXXXXXXXXXXXXXXXXXXXXXXXX
XXXXXXXXXXX11XXXX1XXXXXXXXXX00XXXXXXX0XXXXXXXXXXXXXXXXXX00XX1XXXXXXXXXXXXXXXXXXXXXXXXXXXXXXXXXXXXXXXXXXXXXXXXXXXXXXXXXXX


Generation 24/75  F=U(0.5, 1.0)  N_hist=5760
------------------------------------------------------------------------------------------------------------------------
X1XXXXXX1XXXXXXXXXXXXXX1XXXXXXXXXXXXXXXXXXXXXXXXXXXXXXXXXXXXXXXXX0XXXXXXXXX0XXXXXXXXXXXXXXXXX0XXXXXXXXXXXXXXXXXXX1XXXXXX
XXXXXXXXXXXXXXXXX1XXXXXXXXXXXXXXXXXXXXXXXXXXXXXXXXXXXXXX0XXXXXXXXXXX1XX1XXXXXXXXXXXXXXXXXXXXXXXXXXXX1XXXXXXXXXXXXXXXXXXX


Generation 25/75  F=U(0.5, 1.0)  N_hist=6000
------------------------------------------------------------------------------------------------------------------------
10X10XXXXXXXXXXXXXXXXXXXXXXXXXXX0XXXXXXXXXXXXXXXXXX0XXXXXXXXXXXXXXXXXXXXXXX1XX0XXXXXXXXXXXXXXXXXXXXX0XXXXXXXXXXXXXXX1XXX
XXXXXXXXXX0XXXXXXXXXX1XXXXXXXXXXXXXXXXXXXXXXXXXXXXXXXXXXX000XXXXXXXXXXXXXXXXXXXXXXXXXXXXXXXXXXXXXXXXXXXXXXXXXXXXXXXXXXXX


Generation 26/75  F=U(0.5, 1.0)  N_hist=6240
------------------------------------------------------------------------------------------------------------------------
XXXXXXXX1XXXXXXXXXXXXXXXXXXXXXXXXXXXXXXXXXXXXXXXXXXXXXXXXXXXXXXXXXXXX0XXXX0XXXXXXXXXXXXXXXXXXXXXXXXXXXXXXXXXXXXXXXXXXXXX
XXXXXXXXXXXXXXXXXXXXXXXXXXXXXXXX0XXXXXXXXXXXXXXXXXXXXXXXXXXXXXXXXXXXXXXXXXXXXXXXXXXXXXXXXXXXXXXXXXXXXXXXXXXXXXXXXXXXXXXX


Generation 27/75  F=U(0.5, 1.0)  N_hist=6480
------------------------------------------------------------------------------------------------------------------------
0X0XXXXXXXXX0XXX0XXXXXXXXXXXXXXXXXXXXXXXXXXXXXXX0XXXXXXXXXXXXXXXXXXXXXXXXXXXXXXXXXXXXXXXXXXXX0XXXXXXXXXXXXXXXXX01XXXXXXX
XXXXXXXXXXXXXXXXXXXXXXXX0XXXXXXXXXXXXXXXXXX1XXXXXXXXXXXXXXXXXXX0XXXXXXXXXXXXX0XXXXXXXXXXXXXXXXXXXXXXXXXXXXXXXXXXXXXXXXXX


Generation 28/75  F=U(0.445, 1.0)  N_hist=6720
------------------------------------------------------------------------------------------------------------------------
X0XXXXXXXXXXXXXXXXXXXXXXXXXXXXXXXXXXXXXXXXXXXXXX0XXXX0XXXXXXXXXXXXXXXXXXXXXXXXXXXXXXXXXXXXXXXXXXXXXXXXXXXXXXXXXXXXXXXXXX
XXXXXXXXXXXXXXXXXXX1XXXXXXXXXXXXXXX0X0X1XXXXXXXXXX1XXXXX1XXXXXXXXXXXXXXX00XXXXXXXXXXXXXXXXXXX1XXXXXXXXXXXXXXXXXXXXXXXXXX


Generation 29/75  F=U(0.493056632402, 1.0)  N_hist=6960
------------------------------------------------------------------------------------------------------------------------
0X0XXXXXXXXXXXXXXXXXXXXXXXX00XXXXXXXXXXXX0XXXXXXXXXXXXXXXXXXXX1XXXXXXXXXXXXXXXXX1XXXXXXXXXX0XXXXXXXXXXXXXX1XXXXXXXXXXXXX
XXXXXXXXXXXXXXXXXXXXXXXXXX0XXXXXXXXXXXX0XXXXXXXXXXXXXXXXXXXXXXXXXXXXXXXXXX00XXXXXXXXXXXXXXXXXXXXXXXXXXXXXXXXXXXXXXXXXXXX


Generation 30/75  F=U(0.5, 1.0)  N_hist=7200
------------------------------------------------------------------------------------------------------------------------
XXXXXXXXX0XX0XXXXXXXXXXXXXXXXXXXXXXXXXXXXXXXXXXXXXXXXXXXXXXXX1XXXXXXXXXXXXXXXXXXXXXXXXXXXXXXXXXXXXXXXXXXXXXXXXXXX01X1XXX
10XXXXXXXXXXXXXX0XXXXXXXXXXXXXXXXXX1XXXXXXXXXXXXXXXXXXX0XXXX0XXXX0XXX1XXXXXX0XXXXXXXXXXXXXXXXXXXXXXXXXXXXXXX1XXXXXXXXXXX


Generation 31/75  F=U(0.5, 1.0)  N_hist=7440
------------------------------------------------------------------------------------------------------------------------
1XXXXXXXXXXXXXXXXXXXXXXXXXXXXXXXXXXXXXXXXXXXXXXXXXX1X1XXXXXXXXXXXXXXXXXXXXXX1XXXXXXXXXXXXX0XXXXXXXXXXXXXXXXX10XXXXXXXXXX
XXXXXXXXXXXXXXXXXXXXXXXXXXX0XXX0XXXXXXXXXXXXXXXXXXXXXXXXXXXXXXXXXXXXXXXXX00XXXXXXXXXXXXXXXXXXXXXX0XXXXXXXXXXXXXXXXXXXXXX


Generation 32/75  F=U(0.5, 1.0)  N_hist=7680
------------------------------------------------------------------------------------------------------------------------
0XXXXXXXXXX0XXXXXXXXXXXXXXXXXXXXXXXXXXXXXXXXXXXXXXXX1X1XXXXXXXXXX1XXXXXXXXXXXXXXXXXXXXXXXXXXXXXXXXXX0XXXXXXXXXXXXXXXXXXX
XXXXXXXXXXXXXXXXXXXXXXXXXXXXXX0XXXXXXXXXXXXX0XXXXXXXXXXXXXXXXX1XX1XXXXXXXXXXXXXXXX0XXXXXXXXXXXXXXXXXXXXXXXXXXXXXXXXXXXXX


Generation 33/75  F=U(0.445, 1.0)  N_hist=7920
------------------------------------------------------------------------------------------------------------------------
1XXXXXXXXXXXXXXXX0XXXXXXXXXXXXXXXXXX0XX0XXXXXXXXXXXXXXXXXXXXXXXX0XXXXXXXXXXXXXXXXXXXXXXX0XXXXXXXXXXXXXXXXXXXXXXXXXXXXXXX
XXXXXXXXXXXXXXXXXXXXXXX0XXXXXXXXXXXXXXX0XXXXXXXXXXXXXXXXXXXXXXXXXXXXXXXXXXXXXXXXXXXX00XXXXXXXXXXXXXXXXXXXXXXXXXXXXXXXXXX


Generation 34/75  F=U(0.493056632402, 1.0)  N_hist=8160
------------------------------------------------------------------------------------------------------------------------
XXXXXXXXXXXXXXXXXXXXXXXXXXXXXXXXXXXXXXXXXXXXXXXXXXXXXXXXXXXXXXX11XXXXXXXXXXXX1XXXXXXXXXXXXXXXXXXXXXXXXXXXXXXXXXXXXXXXXXX
X0XXXXXXXXXXXXXXXXXXXXXXXXXXXXXX0XXXXXXXXXXXXXXXXXXXXXXXXXXXXXXXXXXXXXXXXXXXXXXXXXXXXXX1XXXXXXXXXXXXXXXXXXXXXXXXXXXXXXXX


Generation 35/75  F=U(0.5, 1.0)  N_hist=8400
------------------------------------------------------------------------------------------------------------------------
X1XXXXXXXXXXXXXXXXXXXXXX1XXXXXXXXXXXXXXXXXXXXXXXXX1XXXXXXXXXXXXXXXXXXXX0XXXXXXXXXXX0XXXXXXXXX0XXXXX0XXXXXXXXXXXXXXXXXXXX
XXX1XXXXXXXXXXXXXXXXXXXXXXXXXXXXXXXXXXXXXXXXXXXXXXXXXXXXXXXXXXXXXXXXXXXXXXXXXXXXXXXXXXXXXXXXXXXXXXXXXXXXXXXXXXXXXXXXXXXX


Generation 36/75  F=U(0.5, 1.0)  N_hist=8640
------------------------------------------------------------------------------------------------------------------------
XXXXXXXXXXXXXXXXXXXXXXXXXXXXXXXXXXXXXXXXXXXXXXXXXXXXXXXXXXXXXXXXXXXXXXXXXXXXXXXXXXXXX0XXXXXXXXXXXXXXXXXX0XXXXXXXXXXXXXXX
XXXXXXXXXXXXXXXXXXXXXXXXXXXXXXXXXXXXXXXXXXXXXXXXXXXX0XXXXXXXXXX1XXXXXXXXXXXXXXXX0XXX0XXXXXXXXXXXXXXXXXXXXXXXXXXXXXXXXXXX


Generation 37/75  F=U(0.445, 1.0)  N_hist=8880
------------------------------------------------------------------------------------------------------------------------
X0XX0XX110XXXXXXXXXXXXXXXXX0XXXXXXXXXXXXXX1XXXXXXXX1XXXXXXXX1XXXXXX1XXXXXXXXXXXXXXXXXXXXXXXXXXXXXXXXXXXXXXXXXXXXXXXXXXXX
XXXX10X1XXXXXXXXXXXXXXXXXXXXXXXXXXXXXXXXXXXXXXXXXXXXXXXXX10XXXXXXXXXXXXXXXXXXXXXXXXXXXXXXXXXXXXXXXXXXXXXXXXXXXXXXXXXXXXX


Generation 38/75  F=U(0.493056632402, 1.0)  N_hist=9120
------------------------------------------------------------------------------------------------------------------------
0XX0XXXXXXX0XXXXXXXXXXXXXXX0XXXXX0XXXXXXXXXXXXXXXXXXXXXXXXX11XXXXXXXXXXXXXXX0X1XXX0XXXXX1XXXXXX0XXXXXXXXX1XXXXXXXXXXXXXX
XXXXXXXXXXXXXXXXXXXXXXXXXXXXXXXXXXXXXXXXXXXXXXXXXXXXXXXXXXXXXXXXXXXXXXXXXXXXXXXX0X10XXXXXXXXXXXXXXXXXXXXXXXXXXXXXXXXXXXX


Generation 39/75  F=U(0.5, 1.0)  N_hist=9360
------------------------------------------------------------------------------------------------------------------------
0XXXXXXXXXXXXXXXXXXXXX1XXXXXXXXXXXXXXXXXXXXX0XXXXXXXXXXXXXXXXX00XXXXXXXXX1XXXXX1XXXXXXXXXXXXXXXXXXXXXXXXXXXXXXXXXXXXXXXX
XXXXXXXXXXXXXXXXXXXXX1XXX0XXXXXXXXXXXXXXXXXXXXX1

SSE=6.6052 on eval 9554: L=270995 b=247.657** r=0.132282 rf=0.493157 t0=45.6229 th=0.669556*

+XXXXXXXXXXX1XXXXXXXXXXXXXXXXXXXXXXXXXXXXXXXXXX1XXXXXXXXXXXXXXXXXXXXXXXX
X


Generation 40/75  F=U(0.5, 1.0)  N_hist=9600
------------------------------------------------------------------------------------------------------------------------
00XXXXXXXXXXXXXXXXXXXXXXXXXXXXXXXXXXXXXX0XXXX1XXXXXX0XXXXXXXXXXXXXXXXXXXXXXXXXXXXXXXXXXXXX0XXXXXXXXXXXXXXXX0XXX1XX0XXXXX
XXXXXXX0XXXXXXXXXXXXXXXXXXXXXXXXXXXXXXXXXXXXXXXXXXXXXX01X0XXXXXXXXXXXXXXXXXXXXXXXXXXXXXXXXXXX0XXXXXXXXXXXXXXXXXXXXXXXXXX


Generation 41/75  F=U(0.5, 1.0)  N_hist=9840
------------------------------------------------------------------------------------------------------------------------
11X1XXXXXXXXXXXXXXXXXXXXXXXXXXXXXXXXXXXXXXXXXXXXXXXXXXX1XXXXXXXXXXXXXXXXXXXXXXXXXXXXXXXXXXXXXXXXXXX0XXXXXXXXXXXXXXXXXXX0
XXXXXXXXXXXXXXXXXXXXX000XXXXXXXXXXXXXXXXXXXXXXXXXXXXXXXXXXXXXXXXXXXXXXXXXXXXXXXXXXXXXXXXXXXXXXXXXXXXXXXXXXXXXXXXXXXXXXXX


Generation 42/75  F=U(0.5, 1.0)  N_hist=10080
------------------------------------------------------------------------------------------------------------------------
10X0XXXXXXXXX0XXXXXXXXXX1XXXXXXXX0XXXXXXXXXXXXXXXXXXXXXXXXXXXXXXX0XXXXXXXXXXXXXXXXXXXXXXXXXXXXX0XXXXXXXXXXXXXXXXXXX01XXX
XXXXXXXXXXXXXXXXXXXXXXXXXXXXXXXXXXXXXXXXXXXXXXXXXX1XXXXXX0X0111XXXXXXXXXXXXXXXXXXXXXXXXXXXXXXXXXXXXXXXXXXXXXXXXXXXXXXXXX


Generation 43/75  F=U(0.5, 1.0)  N_hist=10320
------------------------------------------------------------------------------------------------------------------------
XXXXXXXXXXXXXXXXXXXXXXXXXXXXXXXXX0XXXXXXXXXXXXXXXXXXXXXXXXXXX1XXXXXXXXX0XXXXXXXXXX0XXXXXXXXXXXXXXXXXX0XXXXXXXXXXXXXXXXXX
XXXXXXXXXXXXXXXXXXXXXXXXXXXXXX0XXXXXXXXXXXXX10XXXXXXXXXXXXXXXXXXXXXXXXXXXXXXXXXXXXXXXXXXXXXXXXXXXXXXXXXXXXXXXXXXXXXXXXXX


Generation 44/75  F=U(0.445, 1.0)  N_hist=10560
------------------------------------------------------------------------------------------------------------------------
XXXXXXXX0XXXXXXXXXXXXXXXXXXXXXXXXXXXXXXXXXXXXXXXXXXXXXXXXXXXXXXXXXX01XXX0XXXXXXXXXXX0XXXXXXXXXXXXXXXXXXXXXXXXXXXXXX0XX0X
XXXXXXXXXXXXXXX0XXXXXXXXXXXXXXX0XXXX1XXXXXXXXXXXXXXXXXXXXXXXXXXXXXXXXXXXXXXXXXXXXXXXXXXXXXXXXXXXXXXXXXXXXXXXXXXXXXXXXXXX


Generation 45/75  F=U(0.493056632402, 1.0)  N_hist=10800
------------------------------------------------------------------------------------------------------------------------
XXXXXXXXXXXXXXXXXXXXXXXXX1XXXXXXXXXXXXXXXXXXXXXXXX0XXXXXXXXXXXXXXXXXXXX0XXXXXXXXXXXXXXXXXXXXXXXXXXXX0X0XXXXXXXXXXXXXXXXX
0XXXXXXXXXXXXXXXXXXXX1X1XXXXXXXXXXXXXXX0XXXXXXXXXXXXXXXXXXXXXXXXXXXXXXXXXXXXXXXX0XXXXXXXXXXXXXXXXXXXXXXXXXXXXXXXXXXXXXXX


Generation 46/75  F=U(0.438820402838, 1.0)  N_hist=11040
------------------------------------------------------------------------------------------------------------------------
000XX0XXXXXXXXXXXX0XXXXXXXX1XXXXXXXXXXXXXXXXXXXXXXXXXXXXXXXXXXXXXXXXXXXXXXX0XXXXXXXXXXXXXXXXXXXXXXXXXXXXXXXXXXXXXXXXXXXX
XXX1XXXXXXX1XXXXXXXXXXXXXXXXXXXXXXXXXXXXXXXXXXXXXXXXXXXXXXXXXXXXXXXXXXXXXXXXXXXXXXXXXX10XXXXXXXXXXX0XXXXXXXXXXXXXXX1XXXX


Generation 47/75  F=U(0.486209685511, 1.0)  N_hist=11279
------------------------------------------------------------------------------------------------------------------------
XXXXXXXXXXXXXXXXXXXXXXXXXXXXXXXXXXXXXXXXXXXXXXXXXXXXXXXXXXXXXXXXXXXXXXXXX0XXXXXXXXXXXXXXXXXXXXXXXXXXXXXXXXXXXXXXXXXXXXXX
XXXXXXXXXXXXXXXXXXXXXX0XX0XXXXXXX0XXXXXXXXXXXX0XXXXXXXXXXX1XXX0XXXXXXXXXXXXXXXXXXXXXXXXXXXXXXXXXXXXXXXXXXXXXXXXXXXXXX0XX


Generation 48/75  F=U(0.432726620105, 1.0)  N_hist=11519
------------------------------------------------------------------------------------------------------------------------
0X0XXXXXXXXXXXXXXXXXXXXXXXXXXXXXXXXXXXXXXXXXXXXXXXXXXXXXXXXX0XXXXXXXXXXXXXXXXXXXX01XXXXXXXXXXXXXXXXXXXXXXXXXXXXXXXXX0XXX
XXXXXXXXXXXXXXXXXXXXXXXXX0XXXXXXXXXXXXXXXXXXXXXXXXXXXXXXXXX1XXXXXXXXXXXXXXXXXXXXXXXXXXXXXXXXXXXXXXXX0XXXXXXXXXXXXXXXXXXX


Generation 49/75  F=U(0.385126691893, 1.0)  N_hist=11760
------------------------------------------------------------------------------------------------------------------------
X0XXXXXXXXXX0XXXXXXXX1XXXXXX0XXXXXXXXXXXXXXXXXXXXXXXXXXX1XXXXXXXXXX0XXXXXXXXXXXXXXXXXXXXXXXXXXXXXXXXXXXXXXXXXXXXXXXXXXXX
XXXXXXXXXXXXXXXX1XXXXXXXXX1XXXXXXXXXXXXXXXXXXXXXXXXXXXXXXX1X0XXXXXX0XXXXXXX0XXXXXX0XXXXXXXXXXXXXXXXXXXXXXXXXXXXXXXXXXXXX


Generation 50/75  F=U(0.426717460119, 1.0)  N_hist=12000
------------------------------------------------------------------------------------------------------------------------
000X0XXXXXXXXXXXXXXXXXXXXXXXXXXXXXXXXXXXXXXXXXXXXXXXXXXXX0XXXXXXXXXXXXXXXXXXXXXXXXXXXXXXXXXXXX0XXXXXXXXX0XXXXXXXXXXXXXXX
XXXXXXXXXXXXXX1XXXXXXXXXXXXXXXXXXX0XXXXXXXXXXXXXXXXXXXXXXXXXXXXXXXXXXXXXXXXXXXXXXXXXXX0XXXXXXXXXXXXXXXXXXXXXXXXXXXXXXXXX


Generation 51/75  F=U(0.379778539506, 1.0)  N_hist=12240
------------------------------------------------------------------------------------------------------------------------
XX0XXXXXXXXXXXXXXXXXXXXXXXXXXXXXXXXXXXXXXXXXXXXXXXXXXXXXXXXXXX1XXXXXXXXXXXXXX10XXXXXXXXXXXXXXXXXXX1XXXX1XXX1XXXXXXXXXXXX
XXXXXXXXXXXXXXXXXXXXXXXXXXX1XXXXXXXXXXXXXXXXXXXXXXXXXXXXXXXXXXXXXXXXXXXXXXXXXXXXXXXXXX0XXXXXXXXXXXXXXXXXXXXXXXXXXXXXXXXX


Generation 52/75  F=U(0.33800290016, 1.0)  N_hist=12480
------------------------------------------------------------------------------------------------------------------------
XXX0XXXXXXXXXX0XXXXXXXXXXXXXXXXXXXXX0XXXXXXXXXXXXXXXXXX0XXXXXXXXXXXXXXXXXXXXXXXXXXXXXXXXXXXXXXXXXXXXXXXXXX0XXXXXXXXXXXXX
XXXXXXXXX0XXX1XXXX0XXXX1XXXXXX0XXX1+XXXXXXXXXXXXXXXXXXXXXXXXXXXXXXXXXXXXXXXXXXXXXXXXXXXXXXXXXXXXXXXXXXXXXXXXXXXXXXXXXXXX
X


Generation 53/75  F=U(0.300822581143, 1.0)  N_hist=12720
------------------------------------------------------------------------------------------------------------------------
0X1X0XXX0XXXXXXXXXXXXXXXXXXXXXXXXXXXXXXXXXXXXXXXXX0XXXX1XXXXXXXXXXXX0XXX1XXXXXXXXXXXXXXXXXXXXXXXXXXXXXXXX1XX0XXXXXXXX1XX
XXXXXXXXXXXX0XXXXXXXXXXXXXXXXXXXX00XXXXXXXXXXXXXXXXXXXXXXXXXXXXXXXX01X1XXXXXXXXXXXXXXXXXXXXXXXXXXXXXXXXXXXXXXXXXXXXXXXXX


Generation 54/75  F=U(0.33330914339, 1.0)  N_hist=12960
------------------------------------------------------------------------------------------------------------------------
XXXXXXXXXXXXXXXXXXXXXXXXX1XXXXXXXXXXXXXXXXXXXXXXXXXXXXXXXX0XXXXX0XXXXXXXXXXXX0XXXXXXXXXXXXXXXXXXXXXXXXXXXXXXXXX1XXXXXXXX
XXXXXXXXXX0XXXXXXXXXXXXXXXXXXXXXXXXXXXXXXXXXXXXX0XXXXXXXXXXXXXXXXXXXXXXXXXXXXXXXXXX1X01XXXX0XXXXXXXXXXXXXXXXXXXXXXXXXXXX


Generation 55/75  F=U(0.369304008514, 1.0)  N_hist=13200
------------------------------------------------------------------------------------------------------------------------
0XXXXXXXXXXXXXXXXXXXXXXXXXXXXXXXXXXXXXXXXXXXXXXXXXXXX00XXXXX1XXXXXXXXXXXXXXXXXX1XXXXXXXXXXXXXXXXXXXX0XXXXXXXXXXXXXXXXX0X
XXXXXXXXXXXXXXXXXXXXXXXXXXXXXXXXXXXXXXXXXXXXXXXXXXXXXXXXXXXXXXXXXXXXXXXXXXXXXXXXXXXXXXXX1XX0XXXXXXXXXXXXXXXXXXXXXXXXXXXX


Generation 56/75  F=U(0.409186046675, 1.0)  N_hist=13440
------------------------------------------------------------------------------------------------------------------------
XXXXXXXXXXXXXXXXXXXXXXXXXXXXXXXX1XXXXXXXXXXXXXXXXXXXXXXXXXXXXXXXXXXXXXXXXXXXX0XXX0XXXXXXXXXXXXXXXXXXXXXXXXXXX00XXXXXXXXX
XXXXXXXXXXXXXXXXXXXXXXXXXXXXXXXXXXXXXXXXXXXXXXXXXXXXXXXXXXXXXXXXXX0XXXXX00XXXXXXXXXXXXXXXX1XXXXXXXXXXXXXXXXXXXXXXXXXXXXX


Generation 57/75  F=U(0.364175581541, 1.0)  N_hist=13680
------------------------------------------------------------------------------------------------------------------------
00XXXXXXXXXXXXXXXXXXXXXXXXXXXXXXXXXXXXXXXXXXXXXXX0XXXXXXXXXXXXXXXXXXXXXXXXXXXXXXXXXXXXXXXXXXXXXXXXXXXXXXXXXXXXXXXXXXXXXX
0XXXXXXXXXXXXXXX1XXXXXXXXXXXXXXXXXXX0XXXXXXXXXXXXXXXXXXXXXXXXXXXXXXXXXXXXXXXX0XXXXXXXXXXXXXXXXXXXXX0XXXXXXXXXXXXXXXXXXXX


Generation 58/75  F=U(0.324116267571, 1.0)  N_hist=13920
------------------------------------------------------------------------------------------------------------------------
00XXXXXXXXX0XXX1XXXXXXXXXXXXXXXXXXXXXXXXXXXXXXXXX1XXXXXXXXXXXXXXXXXXXXXXXXXXXX0XXXXXXXXXXXXXXXXXXXXXXXXXXXX0XXXXX0XXXXXX
XXXXXXXXXXXXXXXXXXXXXXXXXXXXXXXXXXXXXXXXXXXXXXXXXXX00XX0XXXXXXXXXXXXXX010XX1XXXXXXXXXXXXXXXXXXXXXXXXXXXXXXXXXXXXXXXXXXXX


Generation 59/75  F=U(0.288463478139, 1.0)  N_hist=14160
------------------------------------------------------------------------------------------------------------------------
0X0XXXXXXXXXXXXXXXXXXXXXXXXXXXXXXXXXXXX0XXX1XXXXXXXXXXXX0XXXXXXXXXXXX0XXXXXXXXXXXXXXXXXXXX00XXXXXX0XXXXXXXXXXXXXXXXXXXXX
XXXX1XXX01XXXXXXXXXXXXXXXXXX1XXXXXXXXXXXXXXXXXXXXXXXXXXXXXXXXXXXXXXXXXXXXXXXX0X1XXXXXXXXXXXXXXXXXXXXXXXXXXXXXXXXXXXXXXXX


Generation 60/75  F=U(0.319615350791, 1.0)  N_hist=14400
------------------------------------------------------------------------------------------------------------------------
0X0XXXXXXXXXXXXXXXXXXXXXXXXXXXXXXXXXXXXXXX1XXX0XXXXXXXXXXXXXXXXXXXXXXXXXXXXXXXXXXXXXXXXXXXXXXX0XXXXXXXXXXXXXXXXXXXXXXXXX
XXXXXXXXXXXXXXXXX0XXXXXXXXXXXXXXXXXXXXXXXXXXXXXXXXXXXXXXXXXXXXXXXXX0XXXXXXXXXXXXXXXXXXXXXXXXXXXXXXX1XXXXXXXXXXXXXXXXXXXX


Generation 61/75  F=U(0.284457662204, 1.0)  N_hist=14640
------------------------------------------------------------------------------------------------------------------------
1100XXXXXXXXXXXXXXXXXXXXXXXXXXXXXXXXXXXXXXXXXXXXXXXXX0XXXXXXXXXXXXXXXXXXXXXXXXXXXXXXX1XXXXXXXXXXXXXXXXXXXXXXX0XXXXXXXXXX
XXXXXXX0XXXXXXXXXXXXXXXXXXXXXXXXX1XXXXXXXXXXXXXXXXXXXXX01XXXXXXXXXXXXXXX0XXXXXXXXXXXXXXXXXXXXXXXXXX0XXXXXXXXXXXXXXXXXXXX


Generation 62/75  F=U(0.31517693705, 1.0)  N_hist=14880
------------------------------------------------------------------------------------------------------------------------
1010XXXXXXXXXXXXXXXXXXXXXXXXXXXXXXXX1XXXXXXXXXXXXXXXXXXXXXXXX0XXXXXXXXXXXXX00XXXXXXXX0XXXXX0XXXXXXXXXXXXXXXXX1XXXXXXXXXX
XXXXXXXXXXXXXXXXXXXXX0XXXXXXXXXXXXXXXXXXXXXXXXXXXXXXXXXXXXXXXXXXXXXXXXXXXXXXXXXXXXXXXXXXXXXXXXXX1XXXXXXXXXXXXXXXXXXXXXXX


Generation 63/75  F=U(0.349213661107, 1.0)  N_hist=15120
------------------------------------------------------------------------------------------------------------------------
0X0XXXXXXXXXXXXXXXXX0XXX0XXXXXXXXXXXXXXXXXXXXXXXXXXXXXXXXX0XXXXXXXXXXXXXXXXXX1XXXXXXXX1X1XXXXXXXXXXX1X1XX0XXXX1XXXXXXXXX
XXXXXXXXXXXXXXXXXXXXXXXXXXXXXXXXXX1XXXXXXXXXXXXXXXXXXXXXXXXXXXXXXXXXXXXXXXXXXXXX10XXXXXXX1XXXXXXXXXXXXXXXXXXXXXXXXXXXXXX


Generation 64/75  F=U(0.386926093784, 1.0)  N_hist=15360
------------------------------------------------------------------------------------------------------------------------
1000XXXXXXXXXX0XXXXXXXXXXXXXXXXXXXXXXXXXXXXXXXXXXXXXXXXXXXXXXXX0XXXXXXXXXXXXXXXXXXXXXXXXXXXXXXXXXXXXXX0XXXXXXXXXXXXXXXXX
XXXXXXXXXXXXXXXXXXX0XXXXXXXX0XXXXXXXXXXX0XXXXXXXXXXXXXXXXXXXXXXXXXXX0XXXXXXXXXXXXXXXXXXXXXXXXXXXXXXXXXXXXXXXXXXXXXXXXXXX


Generation 65/75  F=U(0.344364223468, 1.0)  N_hist=15600
------------------------------------------------------------------------------------------------------------------------
000XX1XXXXXXXXXXXXXXXXXXXXXXXXX0XXXXXXXXXXXX000XX0XXXXXXXXXXXXXXXX1X1XX0XXXXXXXXXXXX11XXXXXXXXXXXXXXXXXXXXXXXXXXXXXXXX0X
XXXX0XXXXXXXXXXXXXXXXXXXXXXXXXXXXXXXXXXXXXXXXXXXXXXXXXXXXXXXXXXXXXXXXXXXXXXXXX0XXXXXXXXXXXXXX0XXXXXXXXXXXXXXXXXXXXXXXX0X


Generation 66/75  F=U(0.38155295358, 1.0)  N_hist=15839
------------------------------------------------------------------------------------------------------------------------
X1XXXXXXXX0XXXXXXXXXXXXXXXXXXXXXXXXXXXXXXXXXXXX0XXXXXXXXXXXXXXXXXXXXXXXXXXX0X1XXXXXXXXXXXXX0XXXXXXXXXXXXXXXXXXXXXXXXXXXX
XXXXXXXXXXXXXXXXX0XXXXXXXXXXXXXXXXXXXXX0X0XXXXXXXXXXXXXXXXXXXXXXXXXXXXXXXXXXXXXXXXXXXXXXXXXXXXXXXXXXXXXXXXXXXXXXXXXXXXXX


Generation 67/75  F=U(0.339582128686, 1.0)  N_hist=16080
------------------------------------------------------------------------------------------------------------------------
000XXXXXXXXXXXXXXXXXXXXXXXXXXXXXXXXXXXXXXXXXXXXXXXXXXXXXXXXXXXXXX0XXXXXXXXXXXXXXXXXXXXXXXXXXXXXXXXXXXXXXXXXXXXXXXXXXXXXX
XXXXXXXXXXXXXXXXXXXXXXXXXXXXXXXXXXXXXXXXXXXXX1XXXXXXXXXXXXXXXXXXXXXXXXXX1XXXXXXXXXXXXXXXXXXXXXXX0XXXXXXXXXXX0XXXXXXXXXXX


Generation 68/75  F=U(0.37625442875, 1.0)  N_hist=16320
------------------------------------------------------------------------------------------------------------------------
010XXX0XXXXXXXXXXXXXXXXXXXXXXXXXXXXXXXXXXXXXXXXXXXXXXXXXXXXXXXXXXXXXXXXXXXXXXXXXXXXXXXXX0XXXXXXXXXXXXXXXXXXXXXXXXXXXX0XX
XXXXXXXXXXXXXXXXXXXXXXX1XXXXXXXXXXXXXXXXXXXXXXXXXXXXXX0XXXXXXXXXXXXXXXXXXXXXXX1XXXXXXXXXXXXXXXXXXXXX0XXXXXXXXXXXXXXXXXXX


Generation 69/75  F=U(0.334866441587, 1.0)  N_hist=16560
------------------------------------------------------------------------------------------------------------------------
110XXXXXXXXXXXXXXXXXXXXXXXXXXXXXXX01XXXXXXXXXXXXXXXXXXXXXXXXXXXXXXX0X0XXXXXX1XXXXX0XX0XXXXXXXXXXX1XXXXXXXXXXXXXXXX1XXXXX
XXXXXXXXXXXXXXXXXXXXXXXXXXXXXXXX0XXXXXXX0XXXXXXX0XX11XXXXXXXX0XXXXXXXXXXXXXXXXXXXXXXXXXXXXXXXXXXXX0XXXXXXXXXXXXXXXXXXXXX


Generation 70/75  F=U(0.371029483131, 1.0)  N_hist=16800
------------------------------------------------------------------------------------------------------------------------
X0XXXXXXXXXXXXXXXXXXX10XXXXXXXXXXXXXXXXXXXX1XXXXXXXXXXXXXXXXXXXXXXXXXXXX0XXXXXXXXXXXXXXXXXXXXXXXXXXXXXXXXXXXXXXXXXXXXXXX
XXXXXXXXXXXXXXXXXXXXXXXXXXXXX10XXXXXXXXXXXXXXXXXXXXXXXXXXXXXXXXXXXXXXXXXXXXXXXXXXXX0XXXXXXXXXXXXXXXXXX0XXXXXXXXXXXXXXXXX


Generation 71/75  F=U(0.411097859494, 1.0)  N_hist=17040
------------------------------------------------------------------------------------------------------------------------
1XX1XXXXXXXXXXXXXXXXXXXXXXXXXXXXXXXXX0XXXXXXXXXXXXXXXXXXXXXXXXXXXXXXXXXXXXXXXXXXXXXXXXX0XX0XXXXXXXXXXXXXXXXXXXXXXXXXXXXX
XXXXXXXXXXXXXXXXXXXXXXXXXXXXXXXXXXXXXXXXXXXXXXXXXX1XXXXXXXXXXXXXXXXXXXXXXXXXXXXXXXXXXXXXXXXXXXXXXXXXXXXXXXXXXXXXXXXXXXXX


Generation 72/75  F=U(0.45549331728, 1.0)  N_hist=17280
------------------------------------------------------------------------------------------------------------------------
X00XXXXXXXXXXXXXXXXXXXXXXXXXXXXXXXXXXXXXXXXXXXXXXXXXXXXXXXXXXXXXXX0XXXXXXXXXXXXXX1X1XXXXXXXXXXXXXXX0XXXXXXXXX0XXXXXXXXXX
XXXXXXXXXXXXXX0XXXXXXXXXXXXXXXXXXXXXXXXXXXXXXXXXXXXX01XXXXXXXXXXXXXXXXXXXXXXXXXXXX0XXXXXXXXXXXXXXXXXXXXXXXXXXXXXXXXXXXXX


Generation 73/75  F=U(0.405389052379, 1.0)  N_hist=17520
------------------------------------------------------------------------------------------------------------------------
0XX0XX1XXXXXXXXXXXXXXXXXXXXX0XXXXX0XXXXXXXXXXXXXXXXXXXXXXXXXXXXXXXXXXXXXXXXXXXXXXXXXXXXXXXXXXXXXXXXXXXXXXXXXXXXXXXX0XXXX
XXXXXXXXXXXXXXXXX0XXXXXXXXXXXXXX0X1X0XXXXX0XXXXXXXXXXXXXXXXXXXXXXXXXXXXXXXXXXXXXXXXXXXXXXXXXXXXXX0XX0XXXXXXXXXXXXXXXXXXX


Generation 74/75  F=U(0.360796256617, 1.0)  N_hist=17760
------------------------------------------------------------------------------------------------------------------------
XX01XXX0XXXXXXXXXXXXXXXXXXXXXXXXXXXXXXX0XXXXXXXXXXXXXXXXXXXXXXXXXXXXX0XXXXXXXXXXXXXXXXXXXXXXXXX0XXXXXXXXXXXXXXXXXXXXXXXX
XXXXXXXXXXXXXXXXXXX0XXXXXXXXXXXXXXXXXXXXXXXXXXXXXXXXXXXXXXXXXXX1+1XXXXXXXXXXXXXXXXXXXXXXXXXXXXXXXXXXXXXXX0XXXXXXXXXXXXXX
X


Generation 75/75  F=U(0.399759521957, 1.0)  N_hist=18000
------------------------------------------------------------------------------------------------------------------------
10XX0XXXXXXXXXXXXXXXXXXXXXXXXXXXXXXXXXXXXXXXXXXXXXXXXXXXXXXXXXXXXXXXXXXXXXXXXXXXXXXXXXXXXXXXXXX1XXXXXXXXXXXXXXXXXXXXXXXX
XXXXXXXXXXXXXXXXXXXXXXXXX00XXXXXXXXXXXXXXXXXXXXXXXX0XXXXXXXXXXXXXXXXXXXX0XX0XXXXXXXXXXXXXXXXXXXXXXXXXXXXXXXXXXX0XXXXXXXX


Maximum number of iterations reached.

SSE=6.503 on eval 18240: L=162174 b=68.7526 r=0.167539 rf=0.496816 t0=45.7356 th=1.06474


Shutting down DE...
DE shutdown complete.

Final population:
Population: 240 individuals with SSE 6.503 to 7.1416, avg eval time 0.0234 sec. Top 7:

        SSE |      6.503       6.5176       6.5187       6.5495       6.5502       6.5883       6.5929  
------------------------------------------------------------------------------------------------------------------------
          L | 1.6217e+05   1.5306e+05   1.6097e+05   1.8215e+05    2.315e+05   1.7422e+05   1.5678e+05  
          b |     68.753       41.155       2.1391*     0.98948*       101.4     0.018561*       3.875* 
          r |    0.16754      0.18118      0.15674       0.1532      0.13807      0.35412      0.37538  
         rf |    0.49682      0.52537      0.46735      0.47405      0.48756      0.76169      0.77068  
         t0 |     45.736       44.847       44.897       45.891       45.689       41.966       40.536  
         th |     1.0647       1.0239       1.1791       1.3842      0.76246*      5.9454       6.8614  
------------------------------------------------------------------------------------------------------------------------
Best individual:
<SSE=6.5030 L=162174 b=68.7526 r=0.167539 rf=0.496816 t0=45.7356 th=1.06474>


Elapsed time: 228.93 seconds

Saved final population of best parameter combinations to covid19.dat
Shutting down...
Task Queue is shut down
Goodbye
