Decompressing and parsing covid19.csv.bz2...

Initializing 120 population members having 4 parameters
------------------------------------------------------------------------------------------------------------------------
*!9999939829929993993999599275999299919999939899992999999999999999998799999999999229999999999999999999599999999299597999


Population: 120 individuals with SSE 11809 to 5.1842e+06, avg eval time 0.00805 sec. Top 7:

        SSE |      11809        12691        18333        18365        18730        20036        20457  
------------------------------------------------------------------------------------------------------------------------
          L |      60583        83908        87172   1.0909e+05        66950        71972        73034  
          a |     0.2101      0.27612      0.16742      0.28054     0.064934      0.10075     0.022051  
          k |   0.010685    0.0086719     0.008844    0.0090191    0.0085358     0.008388    0.0087309  
         t0 |     1310.4       1377.8       1375.1       1408.3       1346.4       1354.4       1363.8  
------------------------------------------------------------------------------------------------------------------------
Best individual:
<SSE=11808.8915 L=60583.4 a=0.210104 k=0.010685 t0=1310.43>

Performing DE with CR=0.8, F=U(0.5, 1.0), DE/rand-1.00/1/bin
------------------------------------------------------------------------------------------------------------------------
Press the 'Enter' key to abort.

Generation 1/50  F=U(0.5, 1.0)  N_hist=120
------------------------------------------------------------------------------------------------------------------------
XXX93X4XXXXX9X111X42XX286X22X1XXXXXX9XXX7X2XX4194X1X21522X429+X419XX1XXXX995XXX576X53XX3591231X9999XX9+X1XX9XX352X941X1X
X9


Generation 2/50  F=U(0.5, 1.0)  N_hist=240
------------------------------------------------------------------------------------------------------------------------
9X92X5XX9XX3X11XX3X2XXXX3433X76X1X7XXXX541XXXXXX1XXXX3XX21X272611X69X12028X19499X2191XX21X3X2X94XXX1XX9XXX2XXXX9X34XX113


Generation 3/50  F=U(0.5, 1.0)  N_hist=360
------------------------------------------------------------------------------------------------------------------------
X1X93XX7X3XXX9XXX0XXX4XX9XX7XXX3X891XX1XX13X639XX1XXX9XX7X22XXX32XXXXXX1XX1XX2XX9+713992XX61X912XX1XX91X9X69299XXX539863
3


Generation 4/50  F=U(0.5, 1.0)  N_hist=480
------------------------------------------------------------------------------------------------------------------------
3XXXXXX4X6XX23X2XXXX1219XX22XXXXXX0XX3X43XX2XX5XXXX17931XXX18+59991XXXXX9+X2XXX2XXX2XX9+XXXXXXXXXXXX41XXX6X1XXXXXXX572XX
6XX


Generation 5/50  F=U(0.5, 1.0)  N_hist=600
------------------------------------------------------------------------------------------------------------------------
XXXXXXXX1XXX1X2XXXXX2XXX23XX2X12XXXXXXXX5X942XXXXXXX8XXXXXXXX2X1X30XXXXXXX2XXXXXX1XXXXXX42XXXX21XXX31XXXXX3X22X1XXXXXXXX


Generation 6/50  F=U(0.5, 1.0)  N_hist=720
------------------------------------------------------------------------------------------------------------------------
XXXX1XXX1XX2X301XXXXXX17XXX2XX41XX61XXXXXXXXXXX1XXX32X1XXXX1XX2XXXX11XXXX2X6XX1XXX1XX1X1XXXXXX1XXXXXXXXX9XX3XXXXX1XXX2X1


Generation 7/50  F=U(0.5, 1.0)  N_hist=840
------------------------------------------------------------------------------------------------------------------------
XXXX2+51X3XXXX1XX2XXXXXXX2X3XXX0X6X3X2XX1XX2151XXXX1XXX1XXXXX5XXX15XXXXXXXXXXX3XXXXXX211XXXXXXXXX3XXX211X1XX3XXXXX2X2XXX
1


Generation 8/50  F=U(0.5, 1.0)  N_hist=960
------------------------------------------------------------------------------------------------------------------------
0XX3X1XXX01XXXXXXXX03X111XX3XXXX2XXXXXXX1X2XXXXXXXX3X2X1X8XX21X1XXXXXXXXX24XXXXX10XX1XXXXXXXXXXXXXX1XX2XXXXXX2XX1XXXXXXX


Generation 9/50  F=U(0.5, 1.0)  N_hist=1080
------------------------------------------------------------------------------------------------------------------------
1XXXX0XXXXXXXX1X1XX1X2+XXXXX2XXXXXX2+XXXX1X11121X1X12XXXX1XX1X0XXXXX1X3XXX23XXXXXXX2XXXXXXXXX0XXXXXX2XXXX1XXXXXX11X2XXXX
2X


Generation 10/50  F=U(0.5, 1.0)  N_hist=1200
------------------------------------------------------------------------------------------------------------------------
X1X1XXX1XXXXX3XXXXXXXXXXXX1XXX1XXXXX4XXX1XX2XX3X5XXXXX21XXXXXX2XXXXXXX2XXXXXXXXXXXXXXXXXXXXX3X2XXXXXX2XXXXXXXXXXXXXXXXX1


Generation 11/50  F=U(0.5, 1.0)  N_hist=1320
------------------------------------------------------------------------------------------------------------------------
XXXXXXX1XX1XXXXXX1XXXX1XXXX1X12XX1X3X1XXXXXXXXXX2XXXXXX1XXXXXXXXX1XX1XXXXXX1XXXXXXXXXXXXXXXXX11XXX1XXXXXXXXXXXXXXXXXXXX2


Generation 12/50  F=U(0.5, 1.0)  N_hist=1440
------------------------------------------------------------------------------------------------------------------------
XXXXX2XXXXXXXXXX1XXXXX1XXXXXXX20XXX1XXXX22XXX01XXXXXXXXX1XXX111X12XXXX1XXXXXXXXXXXXXX1XXXX1XXXXXXXXXXX1X1+22XXXXXXXXXX0X
X


Generation 13/50  F=U(0.5, 1.0)  N_hist=1559
------------------------------------------------------------------------------------------------------------------------
122X11XXXXXXXXX11XXXXXXX1XXXXXXXXXXXXXXX2XXXXXXXX2XXXXXXXXXXX11X1XXXX11XXXXXXX11XXXXXX1XXXXXXX1XXXXXXXXXXXXXXXXX1XXXXXXX


Generation 14/50  F=U(0.5, 1.0)  N_hist=1679
------------------------------------------------------------------------------------------------------------------------
X1+1XX1XXXXXX1XXXX11XXXXXXXXXX11XXXXXXXXXXXXXXXXXXXXXXXXXXXXXXX111XXXXX1XXXX11XXXXXXXXXX1XXXXXXXXXX1XXX1XXXXXXXXXXXXXXXX
X


Generation 15/50  F=U(0.5, 1.0)  N_hist=1800
------------------------------------------------------------------------------------------------------------------------
111X11XXXXX1X1XXXXXXXXXXXXXXXX1XXXXXXXX1X21XXXXX1XXXXXXXXXXX1XX1XXXXXXXXXXX11XXX11XXXX1XXXXXXX1XXXX111XXXXXXXXXXXXXXXXXX


Generation 16/50  F=U(0.5, 1.0)  N_hist=1920
------------------------------------------------------------------------------------------------------------------------
XX1XXX1XXXXXXXXXXX11XXXXXXXXXXXXX0XX122XXXXXXXXXXXXX1XXXXXXXXXXXXXXXXXXXXXXXXXXXXXXXXXXXXXXXXX1XXXXXXXXXXX11XXXXXXXXXXXX


Generation 17/50  F=U(0.5, 1.0)  N_hist=2040
------------------------------------------------------------------------------------------------------------------------
11111XXXXXXXX2XXXXXXXXXXXXXXXXXXXX1XXXX11XXXX1XXXXXX1XXXXXX11X1+X11XXXXXXXXXX1XXXXXXXXXXXXX1XXX1XXXXX1XXXXXXXXXXXXXXXXXX
X


Generation 18/50  F=U(0.5, 1.0)  N_hist=2160
------------------------------------------------------------------------------------------------------------------------
101X111XXX0XXXX0XXXXXXXXXXXXXXX1XXXXXXXXXX1XXXXXXXXX1XXXXXX0XXXXXXXXXXXXXXX1XXXXXXXXXXXXXXXXXXXXXXX10XX1XXXXXXXXXXXXXXXX


Generation 19/50  F=U(0.5, 1.0)  N_hist=2280
------------------------------------------------------------------------------------------------------------------------
1X0XXXXXXXXXXXXXXXX0XXX1XXXXXX1XXXXXX1X1X0XXXXXXXXXXXXXXXXXXXXXXXXXXXXXXXXX0XXXXXXX1XXX1XXXXXXXXXXXXXXXX0XXXXXXXXXXXXXXX


Generation 20/50  F=U(0.5, 1.0)  N_hist=2400
------------------------------------------------------------------------------------------------------------------------
111X1+1X1XXXXXXXXX1XXXXXX11XXXXXXXXXXXXXX0XXXXXXX1XXXXXXXXXXXXX1XX1XXXX1XX1X1XXXXX1XXX11XXXX1XXXXXXXXXXXXXXXXX10XXXXX1XX
X


Generation 21/50  F=U(0.5, 1.0)  N_hist=2520
------------------------------------------------------------------------------------------------------------------------
X1XXXXXXXXX1XX0XX10XXXXXXXXXXXXXXX10XXXXX1XXXXXXXXXXXXXX1XXXX1XXXX1X0XXXX1XXXXXXXXXXXXX1XXXXXXXXXXXXXX1XXXXXXXXXXXX1XXX1


Generation 22/50  F=U(0.5, 1.0)  N_hist=2639
------------------------------------------------------------------------------------------------------------------------
11XXX11X1X1XXXXXXXXXX1XXXXXXXXXXXXXXXXXXXXXXXXXXXXXX11XXXXXXX1XXXXXX1+XXXXXXXXXXXXXXX1111X1XXXXXXXXXXXX0XXXXXXXXXXXXXXXX
X


Generation 23/50  F=U(0.5, 1.0)  N_hist=2760
------------------------------------------------------------------------------------------------------------------------
1X1XXX1X10XXXXXX1XXXXXXXXXXXXXXXXXXXXXXXX1XXXXXXXXXXX11XXXXXXXXXXXXXXXXXXXXXXX1XXXXXXXXXXX1XXXXXXXXXXX1X1XX1XXXXXXXXXXXX


Generation 24/50  F=U(0.5, 1.0)  N_hist=2880
------------------------------------------------------------------------------------------------------------------------
X1XXXXXXXX1XXXXX1XXX1XXXXXX0X11XXXXXXXXXXXXXXXXXXXXXXXX1XXXXXXXXXXXXXXX1XXXXXXXXXXXXX11XXXXXXXXXXX0XXXXXXXXXXXXXXXXXXXXX


Generation 25/50  F=U(0.5, 1.0)  N_hist=3000
------------------------------------------------------------------------------------------------------------------------
10XXXXXXXXXXX01XXXXXXXXXX1XXXXXXXXXXXXX1X1XXXXXXXXXXXXXXXXXXXXXXXXXXXXXXX1XXXXXXX1X11XXXXXXX1XXXX1XXXXXXXXXXXXXX11XXXXX1


Generation 26/50  F=U(0.5, 1.0)  N_hist=3119
------------------------------------------------------------------------------------------------------------------------
11XXXXXXXXX0XXXXX011XXXXX1XXXXX111XXXXXXXXXXXXXX11XXXXXXX1XXXXXXXXX1XXXXXXXXXXXXXXXXXXX1XX1X0XX1XXXXXXXXX1X1XXXXXXXXXXXX


Generation 27/50  F=U(0.5, 1.0)  N_hist=3240
------------------------------------------------------------------------------------------------------------------------
010XXX1X1XXX0XXX1XXXXXXXXXXXXXX11XXXX1101XXXXXX01XXXXXXXXXXXXXX011XXX1XXXXXXXX1X0X1XXXX0XXX1XXXXXXXXXXXXX1XXXXXXXXXXXXXX


Generation 28/50  F=U(0.5, 1.0)  N_hist=3360
------------------------------------------------------------------------------------------------------------------------
1XXXX1XX01XXXXXXXXXXXXXXXXXXX10111+XX1XXXXXXXXXXXXXXX1XXXXXXXXXXX1XXXX11XXXXXXXXXXXXXXXX1+0XXXX1XXXXXXX1XXXXXXXXX1XXXXXX
XX


Generation 29/50  F=U(0.5, 1.0)  N_hist=3479
------------------------------------------------------------------------------------------------------------------------
101X1XXXXXXXXXXXXXXX0XXX1XXXXXXXXXXXXXXX1X1XXXXX1XXX1XXXXXXXXXXXXX100XXXXXXXXXXXXXXXX101XXX0XXXX11XXXXXXXXXX1XXXXXXXXXXX


Generation 30/50  F=U(0.5, 1.0)  N_hist=3600
------------------------------------------------------------------------------------------------------------------------
10X010X0XXX0XXXXXXX0XXXX11XXXX11XXXXX0XXX1XXX0XXX1XXX11XXXX1XXXXX000XXXXXXXXX1X001XXX0XXXX1XXXXXX1+XXXXXXX0XXXXXXXX1XXX1
X


Generation 31/50  F=U(0.5, 1.0)  N_hist=3719
------------------------------------------------------------------------------------------------------------------------
001X0XX1XXXXXXX1XXXXXXXXXXXXXXXXXXXXXXXX1XX01XXXX0XX1XXXXXXXX010XXXXXXXXX1X0XXXXXXXXXXXXX1XXXXXXX0XX0XXXXXXXXXXXXXXXXXXX


Generation 32/50  F=U(0.5, 1.0)  N_hist=3840
------------------------------------------------------------------------------------------------------------------------
1X011XXX1XXXX1+X111XXXXXXXX11XXXXXXXXX1XX1XXXXXXX11XXXXXXXX1XXXX1XXXXXXXXX00XXXXXX1X0XXXXXXXXXXXXXXXXXXX1XXXXXXXXXXXXXXX
X


Generation 33/50  F=U(0.5, 1.0)  N_hist=3960
------------------------------------------------------------------------------------------------------------------------
0X1XXXXXXXX1XXXXXXXXXXXX11XXX1XXXXXX0XX00X0XXXXX1XXXXXXXXXXXX1XXXXX00XXX01XXXXXXXXXXX10X0101XXXXXXXXXXXXXXXXXXXXXXXXXXXX


Generation 34/50  F=U(0.5, 1.0)  N_hist=4080
------------------------------------------------------------------------------------------------------------------------
0111XXX1XXXXXXXXXXXXXXXXXXXXXX1XXXXXXXX1X0X0XXXXX00XXX0X0XXXXXXXXXXX0X0XXXX1XXXXXXXXXXXXXXXXXXXXXXXXXXXXXXXXXXXXXX0XXXXX


Generation 35/50  F=U(0.5, 1.0)  N_hist=4200
------------------------------------------------------------------------------------------------------------------------
1+1X00XX0XX0XX1X0XXXXXXXXXXXXX0XXXXXXXXXXXXXXXX01X01XXXXXXXXXXXXXXXXXXXXXXX0XXXXX01X0XXXXXXXXXXXXXXXXX1XXXXXX1XXXXXX1XXX
X


Generation 36/50  F=U(0.5, 1.0)  N_hist=4320
------------------------------------------------------------------------------------------------------------------------
X01XXXXXXXX0XXX01XXXXX0XX0XXXX11XX00XXXXXXXXXXXXXXXXXXXX10XX0XXXXXXX01XX10XXXXXXXXXXXXXXX11X11XXXXXXXXX0XXXXXXXXXXXXXXXX


Generation 37/50  F=U(0.5, 1.0)  N_hist=4440
------------------------------------------------------------------------------------------------------------------------
X1XX0XXXXXXXXX0X1XXXXXXXXXX0XXXXXXXXXXX1XXXXXXXXXXXXXXXXXXXXXXXX0XXXXXXXXXX0XXXX1XX0XXXXXXXXXXXXXXXXXXXXXXXXXXXXXXXXXXXX


Generation 38/50  F=U(0.5, 1.0)  N_hist=4560
------------------------------------------------------------------------------------------------------------------------
001XXXXXXXXX1XXX1XXXXX0XXXX0XXXXXXXXXXXXX010X0XXXX0XXXXX1XXXXXXXXXXXXX1X101XXXXXXXXXXXXXXXXXXXXXXXXXXXXXXX0XXXX1XXXXXXXX


Generation 39/50  F=U(0.5, 1.0)  N_hist=4680
------------------------------------------------------------------------------------------------------------------------
111X0XXXXXXXXXXXXXXXXXXXXX0X1XXX1XX0XXXXXXXXXXX0XXXXXXXXXXXX0XXXXXXXX01XXXXXXX10XX01X1XXXXXXX0X1XXX1XX0XXXXXXXXXXXXXXXXX


Generation 40/50  F=U(0.5, 1.0)  N_hist=4800
------------------------------------------------------------------------------------------------------------------------
001XXXXXXX0XXXXXX0XXXXXXX0XXXXXXX1+X0X0XXXX00X0XXXXXXXXXXXXXX10XXXXXXXXXXXX000XXXXXXXX10XXXXXXXXX1XXXXXXXXXXXXXXXXXXXXXX
X


Generation 41/50  F=U(0.5, 1.0)  N_hist=4920
------------------------------------------------------------------------------------------------------------------------
10X10XXXX01XXXXX0X0XXXX1XXXXXXXXXXX0XXXXXXXXX0X0XXX1XXXX0XXXX1XX0XXX000XXX1XXXXXXXXXXXXXXXXX0XXXXXXX00X1XXXXXXXXXXX0XXXX


Generation 42/50  F=U(0.5, 1.0)  N_hist=5040
------------------------------------------------------------------------------------------------------------------------
000XX0XXXX0000XXXXXXXXX00XXXX101XX0XX00XXXXXXXXXXXXXXXXXXX1XXXXX01XXXXX0XXXXXXXXXX0XXXXX0X00X00XXXXXXXXXX0XXXXXXXXX0XXXX


Generation 43/50  F=U(0.5, 1.0)  N_hist=5159
------------------------------------------------------------------------------------------------------------------------
000000XXX0XXXXXXXXXXXXXXXXXX0000XXXXXXXXXXX0X0XXXXXX0XXXXXXXXXXXXXXX0XXXX0XXXXXX0XXXX00XX0XXXX0XX0XXXXX0XX0XXXXXXXXXXXXX


Generation 44/50  F=U(0.5, 1.0)  N_hist=5280
------------------------------------------------------------------------------------------------------------------------
0X0XXXXXXXXXXXXXXXXXXXXXXXXXXXXXX00X00X0XX00X1XX0XXXX1XXXXXXXXXXX1XXXXXXXXXXXXXXXXXXXX0XXXXXXXXX0000X001XXXXXXXXXXXXX0XX


Generation 45/50  F=U(0.5, 1.0)  N_hist=5399
------------------------------------------------------------------------------------------------------------------------
000001000XX0XXXXXXXXXXXXXXXXXXXXXXX0XXX0XXXX0XXX0XXXXXXXXXXX0XXXXXXXXXXXXXXXXXXX000+0XXXXXXXXXXXXXXXXX0XXXXXXXXXXXXXXXXX
X


Generation 46/50  F=U(0.5, 1.0)  N_hist=5520
------------------------------------------------------------------------------------------------------------------------
0X0XXXXX00XXX00XXX0001XXXXX00X0XXXX0XXXXXXXXXX00XXXXXXX0XXXXXX0XXXXXX00XXX00X00XXX0X0XXXXXXXX00XXXXX0XXXXXXXXXX0XXXXXXXX


Generation 47/50  F=U(0.5, 1.0)  N_hist=5640
------------------------------------------------------------------------------------------------------------------------
00X00X0000X000XXXXXXXXXXXX00XXX00XXXXXXXXXXXXXXXXXXXXX0XX0XXXXXXX0X00XXXXXXXXXXXXXXX0XXXXXXXX0XXXXXXXXX000XX0XXXXXXXXXXX


Generation 48/50  F=U(0.5, 1.0)  N_hist=5760
------------------------------------------------------------------------------------------------------------------------
0000000XXXXXX0X00X00X0XXXXXXXX00XXXXXXX0XXXXXXXXXXXX0XXXXXXXX00XX0XXXXXXXX0X00XXX0XX0XXXXXXX0XXXX0X0XXXXXXXXXXXXXXXXXXXX


Generation 49/50  F=U(0.5, 1.0)  N_hist=5880
------------------------------------------------------------------------------------------------------------------------
0X00XXXXXX0+0XX0XXXXX0XXXXX0XXXXXX0XXXXXXXXX0XXXX0XXXXXXXXX000X0XXXXXXXXXXXXX0XXXX0XX000XXXXXX0XXXXXXXXXXXXX00XXXXXXXXXX
X


Generation 50/50  F=U(0.5, 1.0)  N_hist=6000
------------------------------------------------------------------------------------------------------------------------
0X0X0XXXXXXX00X00XXXXXXXXXXXXXXXXX0XX0XXXXXXXXX0XX00X0XXXXXXXXXXXX0XXXXXXX00XXXXXXXXXXXXXXXXX00XXX0XXX0XXX00XXXXXXXXXXXX


Maximum number of iterations reached.

Shutting down DE...
DE shutdown complete.
Shutting down...
Task Queue is shut down
Goodbye

Final population:
Population: 120 individuals with SSE 7323.2 to 7459.9, avg eval time 0.0158 sec. Top 7:

        SSE |     7323.2       7325.6       7330.7       7330.9       7330.9       7331.2       7331.4  
------------------------------------------------------------------------------------------------------------------------
          L |      75708        75258        75680        77381        74934        75264        75518  
          a |  0.0007125*   0.0012363*   0.0014435*  5.0197e-05*   0.0019835*   0.0012439*  0.00087079* 
          k |   0.009165    0.0091605    0.0091755    0.0090902    0.0091661    0.0091606     0.009192  
         t0 |       1355       1354.1       1354.6       1359.1       1353.3       1353.9       1354.3  
------------------------------------------------------------------------------------------------------------------------
Best individual:
<SSE=7323.1512 L=75707.7 a=0.000712498* k=0.00916495 t0=1355.03>


Elapsed time: 67.02 seconds

Saved final population of best parameter combinations to covid19.dat
