Decompressing and parsing covid19.csv.bz2...
Cumulative and new cases reported thus far for Germany
------------------------------------------------------------------------------------------------------------------------
000	01/22	0	0
001	01/23	0	0
002	01/24	0	0
003	01/25	0	0
004	01/26	0	0
005	01/27	1	1
006	01/28	4	3
007	01/29	4	0
008	01/30	4	0
009	01/31	5	1
010	02/01	8	3
011	02/02	10	2
012	02/03	12	2
013	02/04	12	0
014	02/05	12	0
015	02/06	12	0
016	02/07	13	1
017	02/08	13	0
018	02/09	14	1
019	02/10	14	0
020	02/11	16	2
021	02/12	16	0
022	02/13	16	0
023	02/14	16	0
024	02/15	16	0
025	02/16	16	0
026	02/17	16	0
027	02/18	16	0
028	02/19	16	0
029	02/20	16	0
030	02/21	16	0
031	02/22	16	0
032	02/23	16	0
033	02/24	16	0
034	02/25	17	1
035	02/26	27	10
036	02/27	46	19
037	02/28	48	2
038	02/29	79	31
039	03/01	130	51
040	03/02	159	29
041	03/03	196	37
042	03/04	262	66
043	03/05	482	220
044	03/06	670	188
045	03/07	799	129
046	03/08	1040	241
047	03/09	1176	136
048	03/10	1457	281
049	03/11	1908	451
050	03/12	2078	170
051	03/13	3675	1597
052	03/14	4585	910
053	03/15	5795	1210
054	03/16	7272	1477
055	03/17	9257	1985
056	03/18	12327	3070
057	03/19	15320	2993
058	03/20	19848	4528
059	03/21	22213	2365
060	03/22	24873	2660
061	03/23	29056	4183
062	03/24	32986	3930
063	03/25	37323	4337
064	03/26	43938	6615
065	03/27	50871	6933
066	03/28	57695	6824
067	03/29	62095	4400
068	03/30	66885	4790
069	03/31	71808	4923
070	04/01	77872	6064
071	04/02	84794	6922
072	04/03	91159	6365
073	04/04	96092	4933
074	04/05	100123	4031

Initializing 240 population members having 6 parameters
------------------------------------------------------------------------------------------------------------------------

SSE=49.389 on eval 1: L=4.14895e+07 b=102.974 r=0.42135 rf=0.745144 t0=52.902 th=8.27902*

*32

SSE=27.089 on eval 4: L=2.51819e+06* b=49.8025 r=0.364614 rf=0.85548 t0=52.1542 th=21.5214

!4975952

SSE=22.561 on eval 12: L=5.45371e+07 b=105.753 r=0.386424 rf=0.866459 t0=53.704 th=12.6198

!1794

SSE=20.238 on eval 17: L=5.70684e+07 b=94.3643 r=0.397418 rf=0.871486 t0=53.022 th=15.3567

!8292

SSE=19.42 on eval 22: L=5.26225e+07 b=53.0381 r=0.315212 rf=0.790806 t0=58.0824 th=8.99425

!5912323

SSE=16.253 on eval 30: L=8.30693e+07** b=51.9495 r=0.28163 rf=0.958129 t0=62.5234 th=15.9638

!29923299221223779956242232522999244241884999952277649849223329375999341214

SSE=15.022 on eval 105: L=2.4715e+07 b=57.7176 r=0.486244 rf=0.98093** t0=54.6305 th=17.9646

!289999322343399
629185995219499999991741795715949554282296689297281929992218942569843449778998999228929399694192211895914599195999929419


Population: 240 individuals with SSE 15.022 to 526.7, avg eval time 0.999 sec. Top 7:

        SSE |     15.022       16.218       16.253       16.273       16.436       16.929       17.647  
------------------------------------------------------------------------------------------------------------------------
          L | 2.4715e+07   7.5963e+07   8.3069e+07** 2.1882e+07   4.9352e+06   3.5186e+07   6.6325e+07  
          b |     57.718       45.814        51.95       64.686       44.313        19.63       96.323  
          r |    0.48624      0.52287      0.28163      0.45253      0.46141      0.39405      0.30513  
         rf |    0.98093**    0.97545      0.95813       0.9912**     0.9722      0.92789      0.92455  
         t0 |     54.631        50.48       62.523       57.143       55.422       56.832       60.091  
         th |     17.965       22.044       15.964       17.841       16.352       13.543       12.273  
------------------------------------------------------------------------------------------------------------------------
Best individual:
<SSE=15.0220 L=2.4715e+07 b=57.7176 r=0.486244 rf=0.98093** t0=54.6305 th=17.9646>


Population: 240 individuals with SSE 15.022 to 526.7, avg eval time 0.999 sec. Top 7:

        SSE |     15.022       16.218       16.253       16.273       16.436       16.929       17.647  
------------------------------------------------------------------------------------------------------------------------
          L | 2.4715e+07   7.5963e+07   8.3069e+07** 2.1882e+07   4.9352e+06   3.5186e+07   6.6325e+07  
          b |     57.718       45.814        51.95       64.686       44.313        19.63       96.323  
          r |    0.48624      0.52287      0.28163      0.45253      0.46141      0.39405      0.30513  
         rf |    0.98093**    0.97545      0.95813       0.9912**     0.9722      0.92789      0.92455  
         t0 |     54.631        50.48       62.523       57.143       55.422       56.832       60.091  
         th |     17.965       22.044       15.964       17.841       16.352       13.543       12.273  
------------------------------------------------------------------------------------------------------------------------
Best individual:
<SSE=15.0220 L=2.4715e+07 b=57.7176 r=0.486244 rf=0.98093** t0=54.6305 th=17.9646>

Performing DE with CR=0.7, F=U(0.5, 1.0), DE/rand-1.00/1/bin
------------------------------------------------------------------------------------------------------------------------
Press the 'Enter' key to abort.

Generation 1/75  F=U(0.5, 1.0)  N_hist=240
------------------------------------------------------------------------------------------------------------------------
X32XX9129X3XXX2923X3XXXXXXXXXX232X4X92X4XX54XX3XX541XXX5XXX72XX2XX9X61X672X152X6XXX439X13XXX93X3X11XXXXX32X1XX1XXX9131X1
XXX22X21XXX201X12XX22XXX2X23X1XX2212X8X271XX9X421X252X21X21X35X917X92163X1X5XX3517XX1211X32X93XXX1XX2XXX1339X3X3X32X1XXX


Generation 2/75  F=U(0.5, 1.0)  N_hist=480
------------------------------------------------------------------------------------------------------------------------
21X2X3221X29X2XXXX1X2XXXXXXX22XXX2X13XXX22XX2X4XXX2XXX2X2XX7X17XX12XX1X1X11XXXX4XX2X3X1XX02X2311X2421XXXXX1X122XXXXX4XX2
42XX222XXXXXXXXXX2XXXXXXXX1XXXX2X3X2XXXX32XXX1XX12XXXX36XX11X2XXX1XXXXX2XXXX3XXX3X6XXXX322615X2X12XXX1X1XXXXX23513XXX1XX


Generation 3/75  F=U(0.5, 1.0)  N_hist=720
------------------------------------------------------------------------------------------------------------------------
XXXXXX1XX3XX11XXXX1XXXXXXXXX11XXXX1X21XX2X1XX2XXXX222XXX2XXX1XXXXXXXXX1XX2+1

SSE=14.655 on eval 795: L=7.18938e+07 b=29.7412 r=0.393259 rf=0.986851** t0=57.8234 th=17.4436

+X4XX31XX1X0X4XXX218X5X2XXXXX11XXXX25XX36X11
X11XX1XX3XX43XX2XX11XXXXXXXX5XXX3XX1X23XXXXXXXXXXX2XXXXX1X2X1X122XXX121XXXXXX43X2XX1X31X1XXXX1X3X1X2X3XX12X4X41X1X912501
XX


Generation 4/75  F=U(0.5, 1.0)  N_hist=960
------------------------------------------------------------------------------------------------------------------------
X2XXXXXX1X2XX01XXXXX3XXXX11X12XX1XXXXX2221X1XX1X2XX2X12XX30XXXXXXX1XX1X1XXX2X1XXXX12XXX3XX111111X0XXX1XXXXXXXX1XXXXX3XXX
X2X1X31XXXX2XXX2XXX1X1XXXX1XXXXX1XXXX2XXXXXX33XXXXXXX3XX10XX1XXXX1X11X822XXXXXXX1X1XXXXX1XX1XX1X1XXXXXX1XX1XXX2X2XXXX11X


Generation 5/75  F=U(0.5, 1.0)  N_hist=1200
------------------------------------------------------------------------------------------------------------------------
XX2XX15XXXXXXX3XXX1X1XX2XX1XX0XXXXXXXXXXXXXXXX11XXX1XXXXXXXXXXX0XXX12XXXXX1XXXXXXX2X4XXXXXXX1XXXXXXX1XX1XXX11XXXX1X12XXX
XXXXXXX32X2XXX111XXXXXXXXX212XXXXXXXX12XXX1XXXXXXXXXX2XXXXX1XXXXX111X1X41XX2XXX22X1XX1X1XXX1XX1XXXXXX1XXX5XXXXXXX21XXXXX


Generation 6/75  F=U(0.5, 1.0)  N_hist=1440
------------------------------------------------------------------------------------------------------------------------
X11X2XX1XXXXXXXXXXXXXX1XXXX21XXXXXXXXXXXXXXX1X2XXXXX1XXXX1XX2201222X3X1X1XX1XXXX11X1XXXXXX1X2X1X1XXXXXXX1X12XXX11XXXXXXX
1XXXXXXXXXXXXXXXXXX1XXXXXXXXXXXX412XXX1XXXXXXX0X1XXX1X322X21XXXXXXXX2X2XX2XXX1X11XXX2XXXXXXXXXX2X2XXXXXX2XXXXXXXXXXXXXXX


Generation 7/75  F=U(0.5, 1.0)  N_hist=1680
------------------------------------------------------------------------------------------------------------------------
111X1131X21111X1XX11XXX1XXX0XX2X1XXXXXXXXXXXXXXXXXXXXX1XXXXX1XXXXXXXX1XXXXXXXXXXXXX22XX112XXXX01X1XXXXXXXXXX1111XXX1XX12
XX1X1XXXXX12XXXXX1XXXXXXXXXXX31XX1X1XXXXXXXXXXXXXXXX2X21XXXXXXXXX21XXXXXXXXXXXXXXXXXX1XXXXXXXXXX1XXXXX1XXXXXXXXXXXXXXXXX


Generation 8/75  F=U(0.5, 1.0)  N_hist=1920
------------------------------------------------------------------------------------------------------------------------
12111X0X111XXXXX1XXXXXX21XXXXXXXXXXXXXXX21XXXX1X1XXXXX1XXX2XXXX1XXX2XXXX11XX201XXXXXXXX1XXXXXXXX1122X2XXXXXX2XXX1XXX2XXX
XXXXXXXXX1XX1X0XXXXXXXX0XXXXXXXX12XXXXXXXXX2XXXXX11X12XXXXXXXXXXXXXXXXXXX11XX11XXXXXX1XXXXX00XXXX1XXXXXXXXXXXXXXXXXXXXXX


Generation 9/75  F=U(0.5, 1.0)  N_hist=2160
------------------------------------------------------------------------------------------------------------------------
1X1101X1XX1XX21XXX1X112XXXXXXXXXXXXXXXX1XXXXXXXXXXXX1XX11XX01XXX11XXXX1XXXXXXXXXXXXXX1X1X1XXXXXXX3X3111X1XXXXX0XXXXXXX1X
XXXXXXXX1XX101111XX1X1X1XXXXXXXXXX2XXX1XXX11XXXXXX11XXXX2XXXXX1XXXXXXXXXXXXX12XX1XXXXXXXXXXXXXXXXXXXXXXXXXXXXXXXXXXXXXXX


Generation 10/75  F=U(0.5, 1.0)  N_hist=2400
------------------------------------------------------------------------------------------------------------------------
12X1XX11X1XX0XXXXXXXX2XXXX1X1XXXXXXXXXXXXXXXXXXXXX01XXXXXXXXXXXXXXXXXXXXXXXXXXXXXXXXXXXXX1X111XXXXXX11XXXXXXXXXXXXXXXX1X
XX1XX11XX1XXXXXXXXXXXXXX2XXXXXXX101XXXX1XXXXXXXXXXXXXXXXXXXXXXXXXXX1XX1X2XXXXXXXXXX1XXXXXXXXXXXXXXXXXXXX0XXXXXXXX2XXXXXX


Generation 11/75  F=U(0.5, 1.0)  N_hist=2639
------------------------------------------------------------------------------------------------------------------------
00X01111X1X0X111XXXXX11XXXXX1XXX1XXXX1XXXXXXXXXXX1XX1XXXXXXXX11X0X0XX1XXXX2XX1XXXXXXXXXXXXXXXXXXXXXX1XXXXXXXXXXXXXXXXXXX
XXXXXXXXXXXXXXXXX1XXXXXXXXXXXXXXXXX0XXXXXXXXXXXX1XXXXXXXXXXXXXXXXXXX1XX1X1X1XXXXXXXX11XXXXX11XXXXXXX1XXXXXXXXXXXXXXXXXXX


Generation 12/75  F=U(0.5, 1.0)  N_hist=2880
------------------------------------------------------------------------------------------------------------------------
11X1X1110111XX1XXXXXXXX111XXX11XXX1XXXXXXXXXXXX1XXXXXXXXXXX1XXX11X1XX1XXXXXXXXX1XXXX0XXXXXXXXXXXXXX1XXXXXXXXXXX1XX1X1X0X
XXXXXX1XXXXX0XXX1XXXX1XXXXXXX1XXXXXXXXXXXXXXXXXXXXXXXXXXX111XX1XXX1XXXXXXXXXXXXXX1XXXXXXXXXXXX11X11X11XXX10XXXXXXXXXXXXX


Generation 13/75  F=U(0.5, 1.0)  N_hist=3120
------------------------------------------------------------------------------------------------------------------------
XX0X1X1XX1XX1XXXX1X1XXXXXXXXXXXXXXXXXX1XXXXXXXXXX11XXXXXXXXXXXXXXX0X1XXXXXXXXXXX1XX1XXXXXXXXXXXX1XXXXXXXXXXX1XXXXXXXXX1X
XXXXXXXXXXXXXXXXXXXXXXXXXXXXXXXXXXXXXX1X1XX1XXXXX0XXXXXXXXXXXXXXXX1XXXXXXXXXXXXXXXXXXXXXXXXXXXXXXXXXXXXXXXXXXXX1XXXXXXXX


Generation 14/75  F=U(0.5, 1.0)  N_hist=3360
------------------------------------------------------------------------------------------------------------------------
1X11XXX101X111XX1X1X1XXXX1XXXXXXX1XX01XXXXXXX1XXXX1X11XXXXXX1XX1XXXXXXXXXXXX1XXXX1X0XXXX1XXXXX11XXXXXXXXXXXX0XXXX1XXXXXX
1XXXXXXXXXXXXX1X1X2XXXXXXXXXX0X011X11XXXXXXXXX1XXXXXXXXXXXXXXXXXXXXXXXX0XXXXXXXXXXXXX1XXXXXXXXXXX111XXXXXXXXXXXXXXXXXX1X


Generation 15/75  F=U(0.5, 1.0)  N_hist=3599
------------------------------------------------------------------------------------------------------------------------
1X101XX01XXXXXXXXXXXXXXXXXXXXXXXXXXXXXX11XXXXXXXXXXXXXXXXXXXXXXX0XXXXXXX10XX1XXXXXXXXXXXXXXXXXXXXXXXXXX1X11XXX11X1X1XXXX
XXXXXXX11XXX0X1XXXXXXXXXXXXXXXXXXXXXXXXXXXXXXXXXXXX1XXXXXX1XXXXXXXXXXXXXXXXXXX0XXXXXXXXXX1XXXXXXXXXXXXXXXXXXXXXXX1XXXXXX


Generation 16/75  F=U(0.5, 1.0)  N_hist=3840
------------------------------------------------------------------------------------------------------------------------
1XXXXXXXXX1XXXXXXXXXXXXXX1XXXXXXXXX1XXX0XXXXXXX21XXXXXXXXXXXXXXXXXXXXXXXXXXXX1XXXXX1X0XX1XXXXXXXXXXXXXXX0XXXXXXXXXXXXXXX
XXX1XXXXXXX1XXXXXXXXXX11XXXXXX1XXX01X21XXXXXXX0XXX1XXXXXXXXXXXXXXXX11XX1XXXXXXXXXXXXXXXX1XXXXXXXXXXXXXXXXXXXXXXXXXXXXXXX


Generation 17/75  F=U(0.5, 1.0)  N_hist=4080
------------------------------------------------------------------------------------------------------------------------
11X11XXXXXXX1XXXXX1XXXXXXXXXXXXXXXXXXXXXXXXXXXX1XXX1XX1XXXXXXXXXX0X1XXXXXXX1XXX1XXXXXXXXXXXX1XXXX1XXXXXXXXX0XXX1XX1XXXXX
XXX1XXXXX1XXXXXXXXXX1XXXXXXXXXXXXXXXXXXXXXXXX0X1XXXXXXXXXXX0XXXXXX11XXXXXXXXXXXXX0XX0XXX1XXXXXXXXXXXXXXXXXXXXXXXXXXXXXXX


Generation 18/75  F=U(0.5, 1.0)  N_hist=4320
------------------------------------------------------------------------------------------------------------------------
1XX1XX11XXXXXXXXX1XXXXXXXXX11XXXXXXXXXXXXXXXXXXXXXXXXXXXX0XXXX1X0XXXXXXXXXXXXXXXXXXXX0XXXX0XX1XXXXXXXXXXXXXXXX0X1X1X1XXX
XXXXX1XXXXXXXXXXXXXXXXXXXXXXXX0XXXXXXX0XXXXXXX1XXXX01XXXXXX1X1XX0XXXXXXXX11XXXX1XX1XXXXXXXXXXXXXXXXXXXXXXXXXXXXXXXXXXXXX


Generation 19/75  F=U(0.5, 1.0)  N_hist=4560
------------------------------------------------------------------------------------------------------------------------
1X11111X1XXX1X01X1XXXXXXXXXXXXXXXXXXXXXXX11XXXXXXXXXXXXXXXXXXXXXXXXX1XXXX11XX0XXXXXX0XXXXXXXX0XXXXXXXXXXXXXXX1XXX1XXXXXX
XXXXXXXXXXXXXXXXX0XX1XX1XXXXXXXX0XXXXXXXXXXXXXXXXXXXXXXXX0XXXXXXXX0XXXXXXXXXXXXXXXXXXXXXXXXXXXXXXXXXXXXXXXXXXXXXXXXXXX0X


Generation 20/75  F=U(0.5, 1.0)  N_hist=4800
------------------------------------------------------------------------------------------------------------------------
XXX0XX0X0XXXXXXXXXX1XXXXXXXXXXX0XXXXXXXXX00XXXXXXXXX1XX1XXX1XXXXXXXXXXXXXXXXX0X1XX1XXXXXXXXXXXXXXXXXXXXXXXXXXXXXXXXXXXXX
XXXXXXXXXXXX0XXXX1XXXXXXXX0XXXXX1XXXXXXXXXXXX11XXXXXXXXXX1XXXXXXXXXXXXXXXXXXXXXXXXXXXX1XXXXXXXXXXXXXXXXXXXXXXXXXXXXXXXXX


Generation 21/75  F=U(0.5, 1.0)  N_hist=5040
------------------------------------------------------------------------------------------------------------------------
X00X1XXX1XXXXX1XXXXXXXXXXXXXXXXXXXXXXXXXXXXXXXXXX0111XXXXXXXXX1X101XXXXXXXXXXXXX1XXXXXXXXXXXXXXXXXXX0XXXXXXXXXXXXXXXXXXX
XXX1X1XXXXXXXX1XXXXXXXXXXXXXXX1XXXXXXXXXXXXXXXXXXXXXXXXXXXXXXX0XXXXXXXXXXXXXXXXX1X1XX1XXXXXXXXXXXXXXX1XXXXXXXXXXXXXXXXXX


Generation 22/75  F=U(0.5, 1.0)  N_hist=5280
------------------------------------------------------------------------------------------------------------------------
XX1XXXX10XXXXXXXXXXXXXXXXXX0X1XXXXXXXXXXXXXXXXXXXXXXXXXXXXXXXXXXXXXX10X11XXX1XXXXXXXXX1XXXXXXXXX1XXXXXXXXXXX1XXXXXXXXXXX
X1XXXXXXXXXXXXXXXXXXXXXXX1XXXXXXXXXXXXXX1XXXXXXXXXXXXXXXXXXXXXXX1XXXX11XXXXXXXXXXXXXXXXXXXXXXXXX01XXXXXXXXXXXX1XXXXXXXXX


Generation 23/75  F=U(0.5, 1.0)  N_hist=5520
------------------------------------------------------------------------------------------------------------------------
1X110XX111X1XXXXXXXX0XXXXX1XXXXX1XXXXXXXXXXXXXX0XXXXXXXXXXXXXXXXXXXXXXXXXX1XXXXXXXXXXX1XXXXXXXXXXXXXXX1XXXXXXXXXXXXXX0XX
XXXXXXXXXXXXX1XXXXXXXXXXXXXX0XXXX0X101XX01X1XXXX1XXXXXXXX0XXXXXXXXXXXXXXXXXXXXXXXXXXXXX1XX0XXXXXXXXXXXXXXXXXXXXXXXXXXXXX


Generation 24/75  F=U(0.5, 1.0)  N_hist=5760
------------------------------------------------------------------------------------------------------------------------
0X0XX11XXXXXXX0XXXXXXXXXXXXXXXXXXXXXXXXXXXXXXXXXXXXXXX0XXXXXXXXXXXXXXXXXXX1XXXXXXXXXXXXXXXXXXXXXXXXX1XX0XXX01XXXX1XX1X0X
XX1XXXXX0XXXXXX0XXXXXXXXXXXXXXXX1XXXXXXXXXXXXXXXXXXXXXXXXXXXXXXXXXXX1XX0XXXXXXXXXX1XXXXXXXXXX0XXXXX10XXXXXXXXXXXXXXXXXXX


Generation 25/75  F=U(0.5, 1.0)  N_hist=6000
------------------------------------------------------------------------------------------------------------------------
1XX00XX110XXXXXXXXXXXXXXXXXXX1X1XXXXX0XX0XXXX1XXXXXXX0XXXXXXXXXXXXXXXXX1X1XXXXXXXXXX0XXX11XXXXXXXXXXXXXXXXXX0XXXXXX1XXXX
XXXXXXXXXXXXXXXXXXXX1XXXXXX0XXX0XXXXXXXX1XXXX1X1XXXXX0XXXXXXXXXXX1XXXXXXX0XXXXX0XXXX0XXXXXXXXXX1XXXXXXXXXXXXXXXXXXXXXXXX


Generation 26/75  F=U(0.5, 1.0)  N_hist=6240
------------------------------------------------------------------------------------------------------------------------
0XXX1XXXXX11XXXXXXXXXXXXXXXXXX10XXXXXXXXXXXXXXX1X1XX0XXXXXXX11XXXXXXXXXXXXXXXXXXXXXXXXXXXXXXXXXXX00111XXXXXXXXXX1XXX1XXX
0XXXXXXXXXXXXXXXXXXX1+XX0XXXXXXXXXXXXXXXXXXXXXXXXXXXXXXXXXXXXXXXXXXX1XX0XXXXXXXXXXXXXXXX1XXXXXXXXXXXX1XXXXXXXXX1+XXXXXXX
XX


Generation 27/75  F=U(0.5, 1.0)  N_hist=6480
------------------------------------------------------------------------------------------------------------------------
0XX0XX1XXXXXXXXXXXXXXXXXXX1XXXXXXXXXXXXXXXXXXXXX11XXXXX0X0XXX1XXXXXXXXXXXXXXXXXXXXXXXXXXXXXXXXXXXXXXXXXXXXXXXXXXXXXXXXXX
001XXX0XXX11XXXX0XX0XXX0XXXXXXXXXXX010XXXXX0X0XXXXXXX0XXXXXXXXXXXXXXXXXXXXXXXXXXXXXXXXXXXXXXXXXXXXXXXXXXXXXXXXXXXXXXXXXX


Generation 28/75  F=U(0.5, 1.0)  N_hist=6720
------------------------------------------------------------------------------------------------------------------------
101XXX001X010X1XXXXXXXXXXXXXXXXXXXXXXXXXXXXX0XX0XXXXXXXXXXXXX0XXXXX1XXXXXXX1XXXXXXXXXXX01XXXXXXXXXXXX1XXXXXXXXXXXXXXXXXX
0XXXXXXXXXXXXXXXXXXXXXXXXXXXXXXXXXXXX1XXXXXXXXXXXXXXXXXXXXXXXXXXXXXXXXXXXXXXXXXXXXXXXXXXXXXXXXXXXXXXXXXXXXXXXXXXXX1XXXXX


Generation 29/75  F=U(0.5, 1.0)  N_hist=6960
------------------------------------------------------------------------------------------------------------------------
X1XXXXXX1XXXXXXXX00XXXX0XXXXXXXXXXXXXXXXXXXXXXXXXXXXXXXX1XXXXXXXXXXXXXXX0XX1X1XXXXXXXXXXXXXXXXXXXXXXXXXXXXXXXXX0XXX00XXX
XXXXXXXXX0XXXXXXXXXXXXXXXXXX1X1XXXX0XXX0XXXXXXXXX0X1XXXXXXXXXXXXXXXXXXXXXXXXXXXXXXXX11XXXX0XX1X0XXXXXXXXXX0XXXXX0XXXXXXX


Generation 30/75  F=U(0.5, 1.0)  N_hist=7199
------------------------------------------------------------------------------------------------------------------------
10XXX0XXXXXXXXXXXXXXX1XX1XXXXXXXXXXXXXXXXX0X0X0XXXXXXXXXXXXXXXXXXX11XXXXXXXXXXXXXX0XXXXXX1XXXXXXXXXXXXXX0XXXXXXXXX0XXX00
XXXXXXXXXXXXXXXXXXXXX0X1XXXXXXXXXXXXXXXXXXXXXXXXXXXXXXXX0XXXXXXX01X0XXXXXXXXXXXXX1XXXXXXXXXXXXXXXXXXXXXXXXXXXXXXXXXXXXXX


Generation 31/75  F=U(0.5, 1.0)  N_hist=7440
------------------------------------------------------------------------------------------------------------------------
XX111XX10XXXXXXXX1XXXXXXXXXXXXXXXXXXXXXXXXXXXXXXXXXXXXXXXXXXXX11XXXXX0XXXXXXXXXXXXXXXXXXXXXXXXXXXXX1XXXXXXXXX1XX1XXXXXXX
XXXXXXXXXXXXXXXXXXXXXXX101X011X1XXXXXXXXXXXXXXXXXXXXXXXXXXXXX10X1XX1XX0XXXXXXXXXXXXXXXXXXXXXXX1XXXXXXXXXXXXXXXXXXXX1XXXX


Generation 32/75  F=U(0.5, 1.0)  N_hist=7680
------------------------------------------------------------------------------------------------------------------------
1X111XXX01XXX1XXXXXXXXXX1XXXXXXXXXXXXXXXXXXXXXXXXXXXXXX1XXXXXXXX1XXXXX0XXXXXXXXXXXXXXXXXXXXXXXXXXXXXXXX0XXXXXXXXXXXXX0XX
0XXXXXXXXXXXXXXXXXXXXXXXXXX1XXXXXXXXXXXXXXXXXXXXXXXXXXXXXXXXXX1X1XXXXXXXXXXXXXXXXXXXXXXXXXX1XXXXXXXXXXX0X0XXXXXXXXXXXXXX


Generation 33/75  F=U(0.5, 1.0)  N_hist=7920
------------------------------------------------------------------------------------------------------------------------
10X0XX1X1XX1XXXXXX00XXXXX0XXXXXX0XXXXXXXXXXXXXXXXXX1XXXXXXXXXXXX0XXXXXXXXXXXXXXX0XXXX0XXXXXXXXXXXXXXXXXXXXXXXXXXXXXXXXXX
XXXX0X1XXXXXXXXXXXXXXXXXXXXXXXXXXXX1XXXXXXXXXXXXXXXXX00XXXXXXXXXXXX1XXXX1XXXXX0XX1XXXX1XXXXXXXXXXXXXXXXX1XXXXXXXXXXXXXXX


Generation 34/75  F=U(0.5, 1.0)  N_hist=8160
------------------------------------------------------------------------------------------------------------------------
X1XXXX0XXXXXXXXXXX1+XXX00XXX0XXX1XXXXXXXXXXXXXXXXXX00XX01XXXX0XXXXXXXXXXXXX00XX1XXXXXXXXXXXXXXXX0XXXXXX0101XXXXXXXXXX0XX
XXXXXXXXXXXXXXXXXX1XXXXXXXXXXXXXXXXXX00XXXXXXXXXXXXXXXXXXXXXXXXXXXXXXXXXXXX001XXXXXXXXXXXXXXXXXXXXXXXXX1XXXXXXXXXXXXXXXX
X


Generation 35/75  F=U(0.5, 1.0)  N_hist=8400
------------------------------------------------------------------------------------------------------------------------
0XX0XXXXXXXXXXXXX0XXXXXXXXXXXXXXXXXXXXXXXXXXXXXXXXXX0XXX0XXXXXXXXXXX1XXXXXXXXXXX0XXXX1XXXXXXXXXX10XXXXXXXXXXXXXXXXXX10XX
X1XXXXXXXXXXXXXXXXXXXXXXXXXXXXXXX1XXXXXX1XXXXXXXXXXXXXXXXXXXXX0XXXXX1XXXXXXXXXXXXXXXXXXXX1XXXXXXXXXXXXXXXXXXXXXXXXXXXXXX


Generation 36/75  F=U(0.5, 1.0)  N_hist=8640
------------------------------------------------------------------------------------------------------------------------
0X0XX0X0XX00XXXXXXXXXXXXXXXXXXX0X0XXXXXXXXXXXXXXXXXXXX00XX1XXXXXXXXXXXXXX1XXXXX0XXXXXXXXXXXXXXXXXXXXXXXX0XXXXXXXXXXXXXXX
X00XXXXXXXXXXXXXXX00XXXXXXXXXXXXXXXXXXXXXXXX0XXXXXXXXXXXXXXXXXXXX0XXXXXXXXXXXXXXXXXXXXXXXXXXXXX0XXXXXXXXXXXXXXXXXXXXXXXX


Generation 37/75  F=U(0.5, 1.0)  N_hist=8880
------------------------------------------------------------------------------------------------------------------------
00X00XX111XX0XX0XXXXXXXXXXXXXX1X1XXXXXXXXXXXXXXX01XXXX1XX0XXXXXXXXXXXXX0XXXXXXXXXXXXXXXXXXXXXXXX0XXXXXXXXXXXXXXXXXXXXX0X
XXXXXXXXXXXXXXXXXXXXXXXXXXXXXXXXXXXX0X0X0XX0XXXXXXXXXXXXXXXXXX10XXXXXXXXXXXXXXXXXXXXXXXXXX0XXXXXXXXXXXXX0XXXXX0XXXXXXXXX


Generation 38/75  F=U(0.5, 1.0)  N_hist=9120
------------------------------------------------------------------------------------------------------------------------
XXX0XXXXXXX0XXXXXXXXXX0XXXXXXXXXXXXXXXXXXXX0XXXXXXXXXXXXXXXXXXXXXXXXXXXXXXXXXXXXXXXXXXXXXXXXX1+XXXXXXXXXXXXXX0XXXXXXXXXX
XXXXXX0XXXXXXXXXXXXX1XXXXXXXXXXXXXXXXXXXXXX1XXXXXXXXXXXXXXXXXXXXXXXXXXXXXXXXXXXXXX1XXXX1XXXXXXXXXXXXXXXXXXXXXXXXXXXXXXXX
X


Generation 39/75  F=U(0.5, 1.0)  N_hist=9360
------------------------------------------------------------------------------------------------------------------------
0XXX0XXXXXXX0XXXXXXXXXX1XXXXXXXXXXXXXXXXXXXXXXXXXXXXX0XXXX1XXXXXXXXXXX00XXXXXXXX0XX0XX1XXXX0XXXXXXXXXX0XXXXXXXX0X0XX1XXX
XXXXXXX0XXX1XXXXXXXXXXX0XX0XXXXXXXXXXXXXXXXXXXXXXXX0XXX1XX0XXXXXXXXXXXXXXXXXXXXXXXXXX00XXX00XXXXX1XXXXXXXXXXXX1XXXXXXXXX


Generation 40/75  F=U(0.5, 1.0)  N_hist=9600
------------------------------------------------------------------------------------------------------------------------
00XXX00XXXXX0XXXX0XXXXXXXXX0XXXXX1XXXXX0XXXXXXXXXXXX0X1XXXXXXXXXXXXXX0XXXXXXXXXXXXXX0XXXX0XX0X010XX0X0XXXX1XXXXXXXXX0XXX
X0XXXX1XXXXXXXXXXXXXXXXXXX0XXXXXXXXXXXXXXXXXXXXXXXXXXXXXX1XXXXXXXX0XX1XXXXXXXXXXXXXXXXXXXXXXXXXXXXXXXXXXX1XXXXXXX00XXXXX


Generation 41/75  F=U(0.5, 1.0)  N_hist=9840
------------------------------------------------------------------------------------------------------------------------
0X01XXXXXXX0XXXXXX0XXXXXXXXXXXXXX0XXXXXXXXXXXXXXXXXXXX0XXXXXXXXXXXXXXXX0XXXX1XXXXXXXXXXXXX0XXX0XXXXXX000XXXXXXXXXXXXXXXX
XXXXXXXXXXXXX0XXXXXXXXXX0XXXXXXXXXXXXXXXXXXXXXXXXXXXXXXXXXXXXX0XX0XXXXXXXXXXXXXXXXXXXXXXXXXXXXXXXXXX0XXXXXXXXXXXXXXXXXXX


Generation 42/75  F=U(0.445, 1.0)  N_hist=10080
------------------------------------------------------------------------------------------------------------------------
X0+1XX0XXX00XXXXXXXXXXXXXXXXXXXXXXXXXXXXXXXXXXXXXXXXXXXXXXXXXXXXXXXXXXXXXX0XXX0X0XXXXXXXXXXXXXXXXXXXXXXXXXXXXXXXXXXXXXXX
0X0X0XXXXXXXX0XXXXX1XXXXXXXXXXXXXXXXXXXXXXXXXXXXX0XX10XXXXXXXXXXXXXXXX0XXXX0XXXXXXXXXXX0XXXXXX000XXXXXXXXXXXXXXXXXXXXXXX
X


Generation 43/75  F=U(0.493056632402, 1.0)  N_hist=10320
------------------------------------------------------------------------------------------------------------------------
1XX0X00XXXXX0XXXXX0X01XXXXXXXXXXXXXXXXXXXX1XXXXXXXXXXXXX0XX0X0XXXXXXXXXXXXXX0X0XXXXXXXXXX01XX0XXXXXXXXXXXXXXXXXXXXXX0XXX
XX0XXXXXXXXXXXXXXXXXX0XXXXXXXXX0XXXXXXXXXXXXXXXXXXXXXX0XXXXXXXXXXXXXXXXX0XXXXXXXXXXXXXX0XXXXXX0XXXXXXXXXXXXXXXXXXXXXXXXX


Generation 44/75  F=U(0.5, 1.0)  N_hist=10560
------------------------------------------------------------------------------------------------------------------------
0X00XXXXXXXXXXXXXXXXXXXXXXXXXX0XXXXXXXXXXXXXXX0XXXXXX0XXXXXX0XXXXXXXXXX0XXXXXX0XXXXXXXXXXXXXXXXXXXXXXXXXX0XXXXXXXXXXXXXX
XXXXXXXXXXXXXXXXXXXXXXXXXXXXXXXXXXXXXXXXXXXXXXXXXXX10XXXXXXXXXXX0XXXXXXXXXXXXXXXXXXXXXXXXXXXXXXXXXXXXXXXXXXXXXXXXXXXXXXX


Generation 45/75  F=U(0.445, 1.0)  N_hist=10800
------------------------------------------------------------------------------------------------------------------------
01XX0XXXXXXXXXX0XXXXXXX1XXXXXXXXXXXXXXXXXXXXXXXXXXXXXXXXXXXXXXXXXXXXXXXXXXXXXXXXXXXXXXXXXXXXXXXXX0XXXX00XXXXXXXXXXXXXXXX
XX0XXX00XX0X0XXXXX0XXX1XXXXXXXXX0XXX0X0X00X0XXXXXXXXXXXXXXXXXXXXXX0XXXXXXXXX0XXX0X10XX1XXXXXXXXXX0XXXXXXXXXXXXXXXXXXXXXX


Generation 46/75  F=U(0.493056632402, 1.0)  N_hist=11040
------------------------------------------------------------------------------------------------------------------------
0XX0XX0XXXX0XXXXXXXXX0XXXXXXXXXXXXXXXX0X0XXX0XX0XXXXXXXXXXXXX0XXXXXX0XXXX0XXX0XXXXXX0XXXXXXXXXXXXXXXXXXXXXXXXXXXXXXXXXXX
XX1XXXXXXXXX0XXXXXXXXXXXXXX0XXXXXXXXXXXXXXXXXX0XXXXXXXXXXXXXXXXXXXXXXXXXXXXXXXXXXXXXXXXXXXXXXXXX0XXX0XXXXXXXXXXXXXXXXXXX


Generation 47/75  F=U(0.5, 1.0)  N_hist=11280
------------------------------------------------------------------------------------------------------------------------
00X000X0XXXXXXX0XXXXXXXXXXXXXXXXXXXXXXXXX0XXXXXXXXXXXXXXXXXX0XXX0XXXXXXXXX0XXXXX0XXXXXXXXXXXXXX0XXXXXXXXXXXXXXXXX1XXXXXX
XXX0XXXXXXXXXXXXXXXXXXXXXXXXXXXXXXXXXXXXXXXXXXXXXXXX0XXXXXXXXXXXXXXXXXXXXXXXXX0XXXXXXXXXXXXXXXXX0XXXXXXX1XXXXXXXXXXXXXXX


Generation 48/75  F=U(0.5, 1.0)  N_hist=11520
------------------------------------------------------------------------------------------------------------------------
1XXX0XXXXXXX00XXXXXXX0XXXXXXXXXXXXXXXXXXXXXXXXXX00XXXX1XXXXXXXXX0X0XXXXXXXX0XXXXXXXXXXXXXXX0XXXXXXXXXX00X0XXXXXX0XXXXXXX
XXX0XXXXXXXXXXXXXXXXXXXXXXXXXXXXXXXXXXXXXXXXXXXXXXXXXXXXXXXXXXXXXXXXXXXX0XXX0XXXXXXXX0XXXXXXXXXXXXXXXXX0XXXXXXXXXXXXXXXX


Generation 49/75  F=U(0.5, 1.0)  N_hist=11760
------------------------------------------------------------------------------------------------------------------------
0X0XX00XXXXX1XXXXXXXXXXXX0XXX0XXXXXXXXXX0XX0XXXX0XXXXXXXXXXXXXXXXXXXXXXXXXXXX0XX00XXXXXXXXXXXXXXXXXXXXX0XXXXXXXXXXXXXXXX
XXXXXXXXXXXX0XXXXXXXXXXXXXXXX0XXXXXXX0XXXXXXXXXXXXXXX00XXXX1XXXXXXXX0XXXXXXXXXXXXXXX0XXXXXXXXXXXXXXXXX0XXXXXXXXXXXXXXXXX


Generation 50/75  F=U(0.445, 1.0)  N_hist=12000
------------------------------------------------------------------------------------------------------------------------
00X0X0XXXXXXXXXXXXXXX00XXX0XXXX1XXXXXXXXXXXXXXXXXXXXXXXXXXXX0XXXXXXXXXXXXXXXXXXXXXXXXXXXXXXX0X00XXXXXXXXXXXXXXXXXXXXXXXX
X00XXXXXXXXXX00XXXXXXXXXXXXXXXX0XXXXXXXXXX000XXXXXXXXXXXXXXXXXX0XXXXXXX00XXXXXXXX0XXXXXXXXXXXXXXXXXXXXXXXXXXXXXXXXXXXXXX


Generation 51/75  F=U(0.493056632402, 1.0)  N_hist=12240
------------------------------------------------------------------------------------------------------------------------
0X0X0XXXXXX0XXXXXXXXXXXXXXX0XXXXXXXXXXXXXXXXXXXXXXXXX0XX1XXX0XXXXXXXXXX0XXXXXXXXXXXXXXXXXXXXXXXXXXXXXXXX0XXXXX0X0+XXXXXX
XXXXXXXXXXXXXXXXXXXXXXXXXXXXXXXX0XXXXXXXXXXXXXXXXXXXXXXXXXXXXXXXXXXXXXXXXXXXXX0XXXXXXXXXXX0XXXXXXX00XXXXXXXXXXXXXXXXXXXX
X


Generation 52/75  F=U(0.438820402838, 1.0)  N_hist=12480
------------------------------------------------------------------------------------------------------------------------
00X00XXXXXXX0XXXXXXXXXX0XXXXXXXXXXXXXXXXXXXXXXXXXXXXXXXXXXX0XXXXX0XXXXXXX0XXXXXXXX0XX0X0X0XXXXXXXXXXXXXXXXXXXXXXXXXXXXXX
XXXXXX00XXXXXXXXXXXXXXXXXXXXXXXXXXXXXXXX0XXXXXXXXXXXXXXXXXXXXX0XXXXXXXXXX0XXXXXXXXXXXXXXXXXXXXXXXXXXXXXXXXXXXXXXXXXXXXXX


Generation 53/75  F=U(0.390550158526, 1.0)  N_hist=12720
------------------------------------------------------------------------------------------------------------------------
0XXXX0XX0XXXXXXXXXXXXXXXXXXXXXXXXXXX0XXXXXXXXXXXXXXXXXXXXXXXXXXXXXXXXXXXXXXXXXXXXXX0XXXXXXXXXXXXXXXXXXXXXX0XXXXXXX0XXXXX
XXXXXXXX00XXXXXXXXXXX0XXXXXXXXXXXXXXXXX0XXXXXXXXXXXXX0X0XXXXX0X0XXXXXXXXXX0XXXXXXXXXXXXXXXXXXXXXXXXXXXXXXXXXXXXXXXXXXXXX


Generation 54/75  F=U(0.347589641088, 1.0)  N_hist=12960
------------------------------------------------------------------------------------------------------------------------
X01XX00XX0XXXXXXXXXXXXXXXXXXXXXXXXXXXXXXXXXXXXX0XXXXXXXXXXXXX00XX00XXXXXXXXX0XXXXXXXX0XXXXXXXXXXXXXX0XXXXXXXXXXXXXXXXXXX
XXXXXX0XXXXX00XXXXXXXXXXXXXXXXXXXXX00XXXX0XXXXXXXXXXXXXXXXXX0XXXXXXXXXXXX0XXXXXXXXXXXXXXXXXXXXXXXXXXXXXXXXX0XXXXXXXXXXXX


Generation 55/75  F=U(0.385126691893, 1.0)  N_hist=13200
------------------------------------------------------------------------------------------------------------------------
00X00X00X00XXXXXXXXXXXXXXXXXXX0XXXXXXXXXXX00XXXXXX0XXXXXXXXXXXXXXXXXXXXXXXXXXXXXXX0XXXXXXXXXX0XXXXXXXXXXXXXX00XXXXXXXX0X
XXXXXXX0XXX0XXXX00X0X00XXXXXXXXXXXXXXXXXXXX0XXXXXXXXXXXX0XX0X0XXXXXXXXXXXXXXXXXX0XXX0XXXXXXXXXXXXXXXXXXXXXXXXXXXXXXXX0XX


Generation 56/75  F=U(0.426717460119, 1.0)  N_hist=13439
------------------------------------------------------------------------------------------------------------------------
XX0XXXXXXXXXXXXXXXXXXXXXXXXXXXXXXXXX0XXXXXXXXX0XXXXXXXXXXXXXXXXXXXXX00XXXXXXXXXXXXXXXXXXXXXXXXXXXXXXXX0XX0X0XXX0XXXXXXX0
00XXX1XXXXXXXXXXXXX00XXXX0XXXXXXXXXXXXXXXX0XXXXXXXX0X0XXXX0XX0XXXXXXXXXXXXXXXXXXXXX0XXXX0XXXXXXXXXXXXXXXXXXXXXXXXXXXXXXX


Generation 57/75  F=U(0.472799716569, 1.0)  N_hist=13680
------------------------------------------------------------------------------------------------------------------------
0000X00X000XXXXX0XXXXXXXXX0XXXXXXXXXXXXXXXXXXXXXXXXXXXXXXXX00XXXXXXXXXXXXXXX000XXXXXXXXXX1XXXXXXXXXXXXXXXXXXXXXXX0XXX00X
XXXXXXXXXXXXXXXXXX0XXXXXX0XX0X0XXXXXXXXXXXXXXXXXXXXXXXXXXXXXXXXXXXXXXXXXXX0XXXXXXXXX0XXXXXXX0XXX0XXXXX0XXXXXXXXXXXXXXXXX


Generation 58/75  F=U(0.5, 1.0)  N_hist=13920
------------------------------------------------------------------------------------------------------------------------
XX00X0XXXXXXX0XXXXX0X0XXXX0XXXXXXXXXXXX0XX0XXXXXXXXXXXXXXXXXXXX0XXXXXXXXXXXXXXXXXXXXXXXXXXXXXXXXXXXXXX00XXXXXXXXXXXXXXXX
XXXXXXXXX00X0XXXX0XXXXXXXXXXXXXXXXXXXXXXXXXXXX000XXX0XXXXXXXXXXXXXXXXXXXXXXXXXXXXXXXXXX00XXXXXX0XXXXXXXXXXXXXXXXXXXXXXX0


Generation 59/75  F=U(0.445, 1.0)  N_hist=14159
------------------------------------------------------------------------------------------------------------------------
XX0XX0XXXX0XXXXXXXXXXXXXX0XXXXXXXXXXXX00XXXXXXXXXXXXXXXXXXXXXXXXXXXXXXXXXXXXXXXXX00XXXXXXXXXXXXXXXXXXXXXXX000XXXXXXXXXXX
XXXXXXXXXXXXX0XX00XXXXXX0XXXXXXXXXXXXXXXXXXXXXXXXXXXXX0XXXXX0XXXXXXXXXXXXXXXXXXXXXXXXXXXXX0X0XXXXXXXXXXXXXXXXXXXXXXXXXXX


Generation 60/75  F=U(0.493056632402, 1.0)  N_hist=14400
------------------------------------------------------------------------------------------------------------------------
XXXX00X0XXXXXXXXXXXXXXXXXXXXXXXXXXXXXXXXXXXXXXXXXXXXXXXXXXXXXXXXXXXXXXXXXXXXX00XXXXXXXXXX0XXXXXX0XXXXXXXXXXXXXXXXXXXXXXX
XXXXXXXXXXXXXXXXXXXXX0XXXXXXXXXXXXX0XXXXXXXXX0XXXXXXXXXXXXXXXXXXXXXXXXXXXXX0XXXXXXXXXXXXXXXXXXXXXXXXXXXXXXXXXX0XXXX0XXXX


Generation 61/75  F=U(0.438820402838, 1.0)  N_hist=14639
------------------------------------------------------------------------------------------------------------------------
XXXX0XXXXXXXX000XX0XXXXXXXXXXXXX0XXXXXXXXXXXXXXXXXXXXXXXXXXXXXXXXXXXXXXXXXXXXXXXXXXXXXXXXXXXXXX0XXX0X0X0XX0+XXXX0XXXXX00
XXXXXXXXXXXXX0XXXXXXXXXXXXXXXXXXXXXXXXXXXXXX0XXXXXXXXXXXXXXX000X0XXXXXXXXXXXXXXXXXXXXXX0XXXXXX0XXXXXXXXXXXXXXXXXXXXXXXXX
X


Generation 62/75  F=U(0.486209685511, 1.0)  N_hist=14880
------------------------------------------------------------------------------------------------------------------------
0XX00X00XXXX0XXXXXXXXXXXXXXXXXX0XXXXXXXXXXXXXX0XXXXXXXXXXXXXXXXXXXXXXXXXXX0X0XXXXXXXXXXXXXXXXXXXXXXXXXXXXXXXXXXX0XXXXXXX
0XXXXXXXXX00XXXXXXXXXXXX00XXXXXX0XXXXXXXXXXXXXXXXXXX0XXXXXXX0XXXXXXXX00X0XXXXX0XXXXXXXXXXXXXX0XXXXXXXXXXXXXXXXXXXXXXXXXX


Generation 63/75  F=U(0.432726620105, 1.0)  N_hist=15120
------------------------------------------------------------------------------------------------------------------------
X0XX0XXXXXX0X0XXXXXXXXX0XXXXXXX0XXXXXXXXX0XXXXXXXXXX0XXXXXX0XXXXXXXXXXXXXXXXXXXXXXX0XXXXXXXXXXXXXXXXXXXXXXXX0XXXXXX0XXX0
XXXXXXXXXXXX0XXX0XXXXXXXXX0XXXXXXXXXXXXX00XXXXXXXXXXXXXXXXXXXXXXXXXXXXXXXXXXXXX0XXXXXXXX0XXXXXXXX0XXXXXXXXXXXXXXXXXXXXXX


Generation 64/75  F=U(0.385126691893, 1.0)  N_hist=15360
------------------------------------------------------------------------------------------------------------------------
X000X0XXXX0XXXXXXXXX0X00XX0XX0XXXXXXXXXXXXXXXX0XXXXXXXXXXXXXXXXXXXX000XXX0XXXXXXX00XXX00XXXXXXXX0XXXXXX0XXXXXXXXXXXXXXX0
XXXXXX0XXXXXXXX00XXXXXXXXXXXXXXXXXXXXXXXXXXXX0XXX0XXXXXXXXXXXXXXXXXXXXXXXXXX0XXXXXXXXXXXXXXXXX0XXXXXXXX0XXXXXXXXXXXXXXXX


Generation 65/75  F=U(0.426717460119, 1.0)  N_hist=15600
------------------------------------------------------------------------------------------------------------------------
0XXX0X0XXXXXXXXXXXXXXXXXXXXXXX0XX0XXXXXXXXXXXXXXXXXXXXXXXXXX0XXXXXXXXX0XXXXXXX0X0XX0XXXXXXXXXXXX0XX0XXXXXXXXXXXX0XXXXXXX
X0XX00XXXXXXXXXXXXXXXXXXXXXXXXXXXXXXXXXXXXXXX0XXXXXXXXXXXXXXXXXXXXXXXXXXX0XXXXXXXXXXXXXXXXXXXXXXXXXXXX0XXXXX000XXXXXXXXX


Generation 66/75  F=U(0.379778539506, 1.0)  N_hist=15840
------------------------------------------------------------------------------------------------------------------------
000X0X0X0XX0X0XXXXXXXXXXXX000XX0XXXXXXXXXXXXX0XXXXXXXXXX00XX0X0XX0XXXX0XXXXXXXXXXXXX0XXXXXXXXXXX0XXX00XXXXXXXXXXXXXXXXX0
XXX0XXXXXXXXXXXXXXXXXXXXXXXXX0000XXXXXXXXXXXXXXXXXXXXXXXXXXXXXXXXXXXXXXXXXXXXXXXXXXXXXXXXXXXXXXXXXXXXXXXXXXXXXXXXXXXXXXX


Generation 67/75  F=U(0.33800290016, 1.0)  N_hist=16080
------------------------------------------------------------------------------------------------------------------------
0X0XXXX0XXX0X0XXXXXXXXXXXXXXXXXXXXXXXXXXXXXXXXXXXXXXXXXX0XXXX0XXXXXXXXXXX0XXXXXXXXXXXXXXXXXXXXXX0XX0XXXXXXXXXXXXXXXXXXXX
XX00XXXX0XXXXXX00XXXXXXXXXXXXXXX0XXXXXXXX0XXXXXXXXXXXXXX0XXXXXXXXXXXXX0XXXXXXXXXXXXXXXXXXXX0XXXXXXXXXXXXXXXXXXXXXXXXXXXX


Generation 68/75  F=U(0.300822581143, 1.0)  N_hist=16320
------------------------------------------------------------------------------------------------------------------------
00X0X00XX0XXXXXXXXXXXXXXXXXX0XXXXXXX0XXXXXXXXXXXX0XXXXXXX0XX0XXXXXXXXXXXXXXX0XXXXXXXXXXXXXXXXXXXXXXXXXXXXXXXXXXXX0XXXXXX
XX0XXXXXXX0XX0XXXX00X0XXXXXXXXXXXXXXXXXXXXXXX0XXXXX0XXXXXXXX0XXX0XXXXX0XXXXXXXXXXX0XXXXXXXXXXXXXXXXXXXXXXXXX0XXXXXXXXXXX


Generation 69/75  F=U(0.267732097217, 1.0)  N_hist=16560
------------------------------------------------------------------------------------------------------------------------
0XXXXXX000XXXX0XXXXXXXXXXXXXXXXXXX0XXXXXXXXXXXXXXX0XXXXXXXX0XXXXX0XXXXXXX0XXXXXXXXXXXXXXXXXXXX0XX0XXXXXX0X0XXXXXXXXXXXX0
XXXXX0XXXXXX0XXXXXXXXXXXXXXXXXXXXXXXXXXX0X0XX0XXXXXXXXXXXXXXXXXXXXXXXXXXXXXXX00XX00XXXXXXXXXXXXXXXXXXXXXXXXXXXXXXXXXX0XX


Generation 70/75  F=U(0.296645137617, 1.0)  N_hist=16800
------------------------------------------------------------------------------------------------------------------------
00X0X0X000XX0XXXX0XXXXXXXXXXXXXXXXXX0XXXXXXXXXXXXXXXXXXXXXXXXXXXXXXXXXXXX0XX0XXXX0XXXXXXXXXX0X0XX0XXXXXXXXXXXX0XXXXXXXXX
0XXXXXXXX0XXXXXXXXXXXXXXXXXXXXXXXXXXXXXXXX0XXXXXXXXXXXXXXXXXXXXXXX0XXXX0XXXXXXXXXXX0XXXX0XXXXXXXXXXXXXXXXXXXXXXXXXXXXXXX


Generation 71/75  F=U(0.328680567578, 1.0)  N_hist=17040
------------------------------------------------------------------------------------------------------------------------
XXX0XXXXXXXXXXXXXXXXXXXXXXXXXXXXXXXXXXXXXXXXXXXX00XXXXXXXXXXXXXXXXXXXXXXXXXXXXXXXXXXXXXXXXXXXXX00XXXXXXXXXXXXXXXXXXXXXXX
XXXXXXXXXXXXXXXXXXXXXXXXXXX0XXXXX0XXX000XXXXXXXXXXXXXXXXXXXXXXX0XXX0XXX0XXXX0XXXXXXX00XXXXXXXXXXXXXXXXXXXXX0XXXXXX0XXXXX


Generation 72/75  F=U(0.292525705144, 1.0)  N_hist=17280
------------------------------------------------------------------------------------------------------------------------
X000X0XX0XXXXX0XXXXXXXXXXXX0XXXXXXXXXXXXXXXXXXXXXXXXXXXXXXXXXXXXXXXXXXXXXXXXXXXXXXXXXXXXXXXXXXXX00XX0XXXXXXXXX0XXXXXXXXX
XXXXXX0XX0XXXXXXXXXXXXXXXXXXXXXXXXXXX0X0XX000XXXXXXXXXXXXXXX00XX0XX0XXX0XXXXXXXXXXXXXXXXXXXXXXXXXXXXXXXXXXXXXXXXXXXXXXXX


Generation 73/75  F=U(0.324116267571, 1.0)  N_hist=17520
------------------------------------------------------------------------------------------------------------------------
X0XXXXX000XXXXXXXXX0XXXXXXXXXXXXX0XXXXXXXXXXXXXXXXXXXXXXX0XXXXXXX00XXXXXXX0XXXXXXXXXXXXXXXXXXX00+XXXXXXX0XXXXXX0XXXXXXXX
XXXXXXXXXXXX0XXX0XXXXX00X000XXXXXXXXXXXXXXXX0XXXXXXXXXXXXXXXXXXXXXXXXXXXXXXX0XXXXXXXXXXXXXXXXXXXXXXXXXXXXXXXXXXXXXXXXXXX
X


Generation 74/75  F=U(0.359118371675, 1.0)  N_hist=17760
------------------------------------------------------------------------------------------------------------------------
0XXXX00XXXXXXX0XXXXXXXXXXXXXXXXXXXXXXXXXXXXXXXXXXXXXXXXXXXXX0XXX0XXXXXXXXX00XXXXXX0XXXXXXXXXXXXXXXXXXXXXXXXXXX0XXXXXXXXX
XXXXXXXXX0XXX0XXXXXXXXXXXXX0XXXXXXXXXXXXXXX0XXXXXXXX0XXXXXXXX0XXXXXXXXXX0XXXXXXX0XXXXXXXXXXXXXXXXXXXXXXXXXXXX0XXXXXXXXXX


Generation 75/75  F=U(0.397900438139, 1.0)  N_hist=18000
------------------------------------------------------------------------------------------------------------------------
0XXXXXX0XXXXXXXXX0XXX0XXXXXXXXXXXXXXXXXXXXXX00XXXXXXXXXXXXXXXXXXX0XXXX0XXXXX00XXX0XXXXXXXXXXXXX0XXXXXX0XXXX0XXXXXXX0XX0X
XXXXXXXXXXXXXXXXXXXXXXXXXXX0XXXXXXX0XXX0XXXXXX0XXXXXXX0XXXXXXXXXXXXXXX0XX00XXXXXXXXXXXXXXXXX0XXXXXXXXX0XXXXXXXXXXXXXXXXX


Maximum number of iterations reached.

SSE=14.555 on eval 18240: L=2.8133e+07 b=2.19473* r=0.379953 rf=0.998809** t0=58.6042 th=17.992


Shutting down DE...
DE shutdown complete.

Final population:
Population: 240 individuals with SSE 14.555 to 14.739, avg eval time 0.033 sec. Top 7:

        SSE |     14.555       14.558        14.56       14.561       14.563       14.566       14.567  
------------------------------------------------------------------------------------------------------------------------
          L | 2.8133e+07   2.5962e+07   2.8532e+07   7.7948e+06   1.2996e+07   5.1146e+07   7.4553e+07  
          b |     2.1947*      1.2072*      1.0005*      8.3846       8.5027       10.326       2.6374* 
          r |    0.37995      0.39016      0.39398      0.37021      0.37331      0.38686      0.36449  
         rf |    0.99881**    0.99785**    0.99798**    0.99829**    0.99802**    0.99995**    0.99473**
         t0 |     58.604       58.194       58.011       58.969       58.883       58.217       59.227  
         th |     17.992       18.125       18.176       17.873       17.783       18.195       17.346  
------------------------------------------------------------------------------------------------------------------------
Best individual:
<SSE=14.5550 L=2.8133e+07 b=2.19473* r=0.379953 rf=0.998809** t0=58.6042 th=17.992>


Elapsed time: 232.75 seconds

Saved final population of best parameter combinations to covid19.dat
Shutting down...
Task Queue is shut down
Goodbye
