Decompressing and parsing covid19.csv.bz2...
Cumulative and new cases reported thus far for United Kingdom
------------------------------------------------------------------------------------------------------------------------
000	01/22	0	0
001	01/23	0	0
002	01/24	0	0
003	01/25	0	0
004	01/26	0	0
005	01/27	0	0
006	01/28	0	0
007	01/29	0	0
008	01/30	0	0
009	01/31	2	2
010	02/01	2	0
011	02/02	2	0
012	02/03	2	0
013	02/04	2	0
014	02/05	2	0
015	02/06	2	0
016	02/07	3	1
017	02/08	3	0
018	02/09	3	0
019	02/10	8	5
020	02/11	8	0
021	02/12	9	1
022	02/13	9	0
023	02/14	9	0
024	02/15	9	0
025	02/16	9	0
026	02/17	9	0
027	02/18	9	0
028	02/19	9	0
029	02/20	9	0
030	02/21	9	0
031	02/22	9	0
032	02/23	9	0
033	02/24	13	4
034	02/25	13	0
035	02/26	13	0
036	02/27	15	2
037	02/28	20	5
038	02/29	23	3
039	03/01	36	13
040	03/02	40	4
041	03/03	51	11
042	03/04	85	34
043	03/05	115	30
044	03/06	163	48
045	03/07	206	43
046	03/08	273	67
047	03/09	321	48
048	03/10	382	61
049	03/11	456	74
050	03/12	456	0
051	03/13	798	342
052	03/14	1140	342
053	03/15	1140	0
054	03/16	1543	403
055	03/17	1950	407
056	03/18	2626	676
057	03/19	2689	63
058	03/20	3983	1294
059	03/21	5018	1035
060	03/22	5683	665
061	03/23	6650	967
062	03/24	8077	1427
063	03/25	9529	1452
064	03/26	11658	2129
065	03/27	14543	2885
066	03/28	17089	2546
067	03/29	19522	2433
068	03/30	22141	2619
069	03/31	25150	3009
070	04/01	29474	4324
071	04/02	33718	4244
072	04/03	38168	4450
073	04/04	41903	3735
074	04/05	47806	5903

Initializing 240 population members having 6 parameters
------------------------------------------------------------------------------------------------------------------------

SSE=13.076 on eval 1: L=474743 b=12.3589 r=0.202461* rf=0.213097 t0=65.7036 th=1.9622

*

SSE=11.45 on eval 2: L=250705 b=5.45386 r=0.245241 rf=0.370654 t0=65.7088 th=2.08598

!!2212112111114112

SSE=11.046 on eval 20: L=344618 b=29.011 r=0.220142 rf=0.355467 t0=66.3569 th=1.09618*

!1132011101112113121011121101111111201211148111212221101911111216111210111212111110111211262112221111
111211111111101121711218112112121102110111101111111112112191111012521111111111211111111111111211521123011111211121911311


Population: 240 individuals with SSE 11.046 to 220.78, avg eval time 0.42 sec. Top 7:

        SSE |     11.046       11.092       11.094       11.114       11.123        11.17       11.224  
------------------------------------------------------------------------------------------------------------------------
          L | 3.4462e+05   1.5781e+05   1.3598e+05    1.873e+05   2.1154e+05   1.8137e+05   3.9776e+05  
          b |     29.011       3.3215       13.035       24.473       15.749       38.713**    0.84931* 
          r |    0.22014      0.22226      0.23572      0.21836      0.24217      0.22685      0.22076  
         rf |    0.35547      0.25609      0.25087      0.28954      0.36672      0.31549      0.36263  
         t0 |     66.357       66.436       65.821       66.045       65.732       65.607       66.719  
         th |     1.0962*      1.7805       1.4347       1.8845       1.3433       1.8519       1.1594  
------------------------------------------------------------------------------------------------------------------------
Best individual:
<SSE=11.0462 L=344618 b=29.011 r=0.220142 rf=0.355467 t0=66.3569 th=1.09618*>


Population: 240 individuals with SSE 11.046 to 220.78, avg eval time 0.42 sec. Top 7:

        SSE |     11.046       11.092       11.094       11.114       11.123        11.17       11.224  
------------------------------------------------------------------------------------------------------------------------
          L | 3.4462e+05   1.5781e+05   1.3598e+05    1.873e+05   2.1154e+05   1.8137e+05   3.9776e+05  
          b |     29.011       3.3215       13.035       24.473       15.749       38.713**    0.84931* 
          r |    0.22014      0.22226      0.23572      0.21836      0.24217      0.22685      0.22076  
         rf |    0.35547      0.25609      0.25087      0.28954      0.36672      0.31549      0.36263  
         t0 |     66.357       66.436       65.821       66.045       65.732       65.607       66.719  
         th |     1.0962*      1.7805       1.4347       1.8845       1.3433       1.8519       1.1594  
------------------------------------------------------------------------------------------------------------------------
Best individual:
<SSE=11.0462 L=344618 b=29.011 r=0.220142 rf=0.355467 t0=66.3569 th=1.09618*>

Performing DE with CR=0.7, F=U(0.5, 1.0), DE/rand-1.00/1/bin
------------------------------------------------------------------------------------------------------------------------
Press the 'Enter' key to abort.

Generation 1/75  F=U(0.5, 1.0)  N_hist=240
------------------------------------------------------------------------------------------------------------------------
XXXXXX11X211X1X11XX00XX11XXXX11XXX1X21XX1XX11X1X0X01XX1XXXX11X8XX311X113X1XXX101XX1X2X1X100X112XXX1XXX1XXX1XXX11X122XX21
1X01121XXX1XXXXXXXXX511111XX11XXX1X191X1XXX41X1X1XXXX112X111XX1X2XXX1X1XX090111XX11111X2+1XX1X211XX1021XXXXXXX10X101XX1X
1


Generation 2/75  F=U(0.5, 1.0)  N_hist=480
------------------------------------------------------------------------------------------------------------------------
1XX22021XXXXXXX30X13XX000011011XXXX11X20XX1XX0XX1XX1X102XX11X11X109110X12XXX1X1001XXXX1X1XXX01XX11XX111XX0X1X1XX22111011
1XX1XX01XXXXXX17X1X1X1X7X11XXX1XXX1X1XX11XX1X1101XX011X0XXXXX1X11X1X1X10XX1X111X1111XXXX0XXX11X1XXX1XXXX3XXXX3XX1XX00XX2


Generation 3/75  F=U(0.5, 1.0)  N_hist=720
------------------------------------------------------------------------------------------------------------------------
XXX11XXX1XXX11XXXXX2XXX01X1XXXXX1XX1XXXX1XX11X1X1XX11X1XX1XXX1X1XXX1XX1XXXX0XXXXXXX111XXXX0XX13XXX010XX11XXXX0XX0X0X1XXX
XXX111X11X1XXXXXX0XX00X10XXXXX0XXX101001XXX1XX01XX1XX1XXX0XXXXX0X1XX1XX1012X1X0XXXXXXX1XX1100XXXXX1X1X1XX1X00X1X0X1X1111


Generation 4/75  F=U(0.5, 1.0)  N_hist=960
------------------------------------------------------------------------------------------------------------------------
1XXXXX0XXXX0XX1XXXXXXXXXXXXXXX0XXXXXXXXXXXX10XX1XXXXX0XX01XXXXXX0XX1XX1X0XX111XXXXXXXXXX0X11XXXXXXXXXXX1X0XXXX1XX10XXXXX
XX100XX0XX0XXXXX01XXXXXX0XXXXX1XXX1XXXXX00XXX0XXXXXX0XX0XXXX0X1X1XXXXXXXX00X1XXXXXX01XXX1XXXX1X1XXX1X0111XXXXXX11XXX0X11


Generation 5/75  F=U(0.5, 1.0)  N_hist=1200
------------------------------------------------------------------------------------------------------------------------
XX01X1X1XXX1XXXXXXXXX1X11XXXXXX0XXXXXXXXX1X10XXXXX0X01XXXXX1XXX0X000X0XXXX00XXXXXXX10XXXXXXX0XXXXXXXX11XX00XXXX011XX011X
00X0XXX11XXX1X11XXX1X0XXX1XXXXXXX01X0XXXX110XXXX0X00XXXXXXX0XX0XXXXXXXX1XXXXXXXXXX1XX01XX0X1X0X01XXXX01XXXX10X0XXX1XX01X


Generation 6/75  F=U(0.5, 1.0)  N_hist=1440
------------------------------------------------------------------------------------------------------------------------
10XXX0XXXXXX1XX0XXXX0XXXX00XXX0XX011XXX0XXXXXXX0XXXX001XXX0X10010110X00XXXXXXXXX1X001XXXXXXXX0XXXXX0X11XXXXXXXX0XXXXXXXX
XX01XXXX0XXXXXXXXXX0XXXXXXXXXXXXXX00XXXXXXXXXXXXXXXXXXXXXXXX11XXXXXXXXXXXXXXXXXXXXX01X101XX0XX1XXX0XXXXX0XXXXXXXXXXXXXXX


Generation 7/75  F=U(0.5, 1.0)  N_hist=1680
------------------------------------------------------------------------------------------------------------------------
X10110X1000XX000X0XXXXX0XX0X0X0XXXXXXXX0XXXXXXXXXXXXXXXXXXXXXX00XXXX0X01XXXXXXXXXXXXXXXXXX0XX0XXX0XXXXXXXXXXXXXXXXXX01X0
00XXXXXXXXXXXXXXXXXXX00XXXX0XXX11XXXXXX1XXX00XXXXXXXX1XXXX1XXXXXXXXXXXXXXXXXXXX01X000XXXXXXXXX1XXXXXXXXXXXXXXX00XXXXXXXX


Generation 8/75  F=U(0.5, 1.0)  N_hist=1920
------------------------------------------------------------------------------------------------------------------------
01010X10X0X101XXXXXXXX1XXXXXX0XX0XXXXXX1XXX0XXXXXXXXXXXXXXXXXXXXXXXXXXXXXXXXXXXX1XXXXXXXXXX0XX00XX0XXX0X0XXXXXXX0XXX00X1
XXXXXXXXXXXXXXXXXXXXXX01XXXXXXXXXXXXXXXX000X0011X00XXXXX0XXXXXXXXXXXXX0XXXXXXXXXXXXXXXX0X00XXXXXXXXXXXX0XXXXX0XXX1X0XXXX


Generation 9/75  F=U(0.5, 1.0)  N_hist=2160
------------------------------------------------------------------------------------------------------------------------
X0XX00XX01XX0100XXXXXXXXXX0XX0XX0XXXXXXXXX0XXX0XXXXXXXXXXXXXX0XXXXXX0X0XXXXX1XXXXX01XXXXXXXXXXXXXXXXXXXXXXX1XX000XXX0X0X
X0XXXXXXXXXXXXXXXXXX1XXXXXXX0XXXXXXXXXXXXXX11XXXXXXXXXX00X0XXXXX1XXX0XXXXX1XXXXXXXXXXXXXXXXXX01XXXXXXXXXXXXXXXXXXXXX0XXX


Generation 10/75  F=U(0.5, 1.0)  N_hist=2399
------------------------------------------------------------------------------------------------------------------------
00X0X000XX1+XXX0XXXXXXXXXXXXXXXXXXXXXXXXXX0XXXXXXXXXXXXXXXXXXXXXXX1X0XX0XX00XX0XXXXXXXXX0XXXXX1X1XXXXXXXXX1X0XX1XXXXXXXX
XXX0XXXXXXXXXXXX0XXX00XX0XXXXXXX11XXXXXXXXXXXXXX0XXXXX1XXXXXXXXXXXXXXXXXXXXXXXXXXX0XXXXXXXXXXXXXXXXXXXXXXXXXXXXXXXXXXXXX
X


Generation 11/75  F=U(0.5, 1.0)  N_hist=2640
------------------------------------------------------------------------------------------------------------------------
001XX0XXXX0X000XXXX0XX1XXXXXXXXXX0XXXXXXXXXX0XXXXXXXXXXXXX0XXXXXXXXXXXXXXXXXX10XXXXXXXXX000X0XXX10XXXXXXXXX0XXXXXXXXXXXX
XX0XXXXXXXXXXXXXXXX000XXX0XX0XXXXXXXXX1XXXXXXX0XXXXXXX0XXXXXXXXXX1XX00XXX0XXXXXXXXXXXXXXXXXXXXXXXXXXXXXXXXXXXXXXXXX0XXXX


Generation 12/75  F=U(0.5, 1.0)  N_hist=2879
------------------------------------------------------------------------------------------------------------------------
00X00X000X00XXX0XXX0XXX0XXXXXXXXXXX0XXXXX0XXXX0XX0XXXXXXXXXXXXXXXXXXXXX00XXXXXXXXXXXXXXXXXXXXXXXX0XXXXXXXXXXXXXXX11XXXXX
0XXXX0XXXXXXX01XXXXXXXXX0XXXXXXXX01XXXXXXXXXXXXXXXXXXXXXXXXXXXXXXXXX0XX0XX0X0XXXXXXXXXXXXXXXXXXXXXXXXXXXXXXXXXXXXXXXXXXX


Generation 13/75  F=U(0.5, 1.0)  N_hist=3120
------------------------------------------------------------------------------------------------------------------------
0X000X0XXX1XXXX0X0XXX00XXXX00XX0XXXXXXXXX0XXXXX00X000XX0X0XXXXXXXXXXXXXXXXXXXXXX0+XXXXXXXX00X0XX0XXXXXXXX00XXXXXX1X1XXXX
XXXXXXXXXXXXXXX00X0X0XX0XXXXX0XXXXX00+XXXXX1XXXXXXXX01XXXX0X1XXX0XXXXXXXXXXXXXX00XXXXXXXXXXXXXXXXXXXXX0XXXXXXXXXXXXX0XXX
XX


Generation 14/75  F=U(0.5, 1.0)  N_hist=3360
------------------------------------------------------------------------------------------------------------------------
00X0X00XXX00X0XXXXXXXXXXXX0XXXXX000XXXXXXXXXXXXX0XXXXX0XXXXXXXX0XXXXXXXXXXXX000XXXXXXXXXXXXXXXXXXXXXXXXXXXXXXXXXXXXXXX0X
XXXXXXXXXXXXXXXXXX0XXXXXXXXXX00XX00X0XXXXXXX0XXXX0XXXXXXXXXXXXXXX0XXX0XXX0X00XXXXXXXXXXXXXXXXXXXXXXXXXXXXXXXXXXXXXX0XXXX


Generation 15/75  F=U(0.5, 1.0)  N_hist=3600
------------------------------------------------------------------------------------------------------------------------
0X0100X0XXX00XXXXXXXXXXXXXXXXX0XXX0XXXXXXXXXXXXXXXXX0XXXXXXXXX0XX0XXXXXXXXXXXXXXXXXXXXX0X00XXXXXXXXXXXXXXXXXXXXXXXXXXX0X
0XXXXXXXXXXXXXXXXXXXXXX0XXXXXXXXXXXXXXXX0XXXXXXXXXXXXXXXXXXXXXXXXXXXXXXXXXXXXX0XXXXXXX0XXXXXXXXX0XXXXXXXXXXXXXXXXXXXXXXX


Generation 16/75  F=U(0.445, 1.0)  N_hist=3840
------------------------------------------------------------------------------------------------------------------------
0X0XX0000XXXXXX0XXX0XXXXX0XXXXXXXX0XXXXXXXXXXXXXXXXX00X0X0XXXXXX1XXXXXXX0XXXX0XXXXXXXXXXXXX0X0XXXXXXXXXXXX0XXXXXXXXXXXXX
0XX0XXXXXXXXXXXXXXXXXXXXXXXXXX0XXXXXX00XXX0XXXXXXX0XXXXXXXX0X000X0XX1XXX0XX0XXXX0XXXXXXXXXXXXXXXXXXXXXXXXXXXXXXXXXX0XXXX


Generation 17/75  F=U(0.493056632402, 1.0)  N_hist=4079
------------------------------------------------------------------------------------------------------------------------
0X0100X0XXXXX0XXXXXXXX00XX00XXXXXXXXX0XXXXXXXXXXXXX0XXX0XXXXXXXXXXXXXXXXXXXXX0XXXXXXX0XXX0XXXXXXXXXXX0XXXXX0XXXXXXXXXXXX
XXXXXXXXXX0X1XXXX0X0XXXX0XXXXXXX0XXXXXXXXXXXXXXXXXXXXXXXXXXXXXX00X0XXXXX0X00XXXXXXXXXXXXXXXXXXXXXXXXXX0000XXXXXXXXXXXXXX


Generation 18/75  F=U(0.5, 1.0)  N_hist=4320
------------------------------------------------------------------------------------------------------------------------
0X00XXX00X0XXXX0X00XXXXXXXXX0XXX0XXXXXXXXXXXXXXXXXXXXXXXXXXXXXXXX0X00XXXXXXXX000XXXXXXXXXXXXXXXXXXXXXXX0XXXXXXXXXXX0XXXX
XXXXXXXX0XXXXXXXXXX0XXXXXXXXXXXXXXXXXXXXXXX0XXX0XXX0XXXXXX0XXX0XXXXXX0XXX0XXXXXXXXXXXXX00XXXXXXXXX0XXXXXXXXXXXXXXXXXXXXX


Generation 19/75  F=U(0.5, 1.0)  N_hist=4560
------------------------------------------------------------------------------------------------------------------------
000000X0XXXXXXXXXXXXXXXXXXXXXXX0XXXXXX0XXXXXXXXXXXXX00XXXXXXXXXXXXXXXXXXXXXXX000X0XXXXXX0XXXXXXXXXXXXX0XXX0X00XXXXXXXXXX
XXXXX1XXXX0XXXXXX0XXXXX00XXXX0XXXXXXX0XX0X0XX0XX0XXXXXXXXXXXXXXXXXXXXXXXXXXXXXXXXX0X0X0X0XXXXXXXXXXXXXXXXXXXXXXXXXXXXXXX


Generation 20/75  F=U(0.5, 1.0)  N_hist=4800
------------------------------------------------------------------------------------------------------------------------
00XXX0XXXXXXXXXXXXXXXXXXXXXXXXXXXXX0XXXXXXXXXXXXXXXX00XXXX10XXXX0X0XXXXXXXXX0X0X0X00X000XX0XXXXXXXXXXXXXXXXX0XXXXXXXXXXX
XXXXX0XXXXXXXX00+00XX000XX0XXXXXXXXXXXXXXX0X0XXX0XXXXXXXXXXXXX0XXXXXXX0XXXXX0XXXXXXXXXXXXXXXXXXXXXXXXX0XX0XXXXXXXXXXXXXX
X


Generation 21/75  F=U(0.5, 1.0)  N_hist=5040
------------------------------------------------------------------------------------------------------------------------
0X00XXX00XXXXXXX0XXXXXXXXX0XXXXXXXXX0XXXXXXXXXXXXXXXXXXX0XXXXXXXXXXXXXXXXXXXXXXXXXXXXXX0X0XX0XXXXXXXXXXXXXXXXXXXXXXXX0XX
XXXXX0X0XXX0XXXXXXXX0XXXXXXXXXXX00XXXXXX0XXXXXXXXXXX0XXXXXX0XXXXXXXXXXXXXXX0XXXXX0XXXXXXXXXXXXXXXXXXXXXXXX0XXXXXXXXXXXXX


Generation 22/75  F=U(0.445, 1.0)  N_hist=5280
------------------------------------------------------------------------------------------------------------------------
X000XXX00X000XXXX0X0XXXXXXX0XX00XXXXXX0XXXXXXX0XXXXX0XXXXXXXXXXXXXXXXXXXXXXXXXXXXXXXXXXX000X0XXXXX0X0XXXX0XX0X0XXXXXXXXX
X0XXXXXXXXXXXXXXXXXXXXXXXXX0XXXXXXXXXXXXXXXXXXXXXXX0XXXXXXXXX000XXXXXXXXXXXXXXXXXXXXXXXXXXXXXXXXXXXXXXX0X0XXXXXXXXXXXXXX


Generation 23/75  F=U(0.493056632402, 1.0)  N_hist=5520
------------------------------------------------------------------------------------------------------------------------
X00XX0XXXXXXXXXXXXX0XXXXXXXXXX0XX0XXXXXXXXXXXXXXXXXXXXXXXXXXXXXXXXXXX0XXXXXXXX0X0XXXXX0XXXXXXXX0XXXXXXXXXXXX0XXXXX00XXXX
XXXXXXXXXXXXXXXXXXXXXXXXX1+0X00XXXXXXXXXXXXXXXXXXX0XXX0XXXXXXXX0XXXXX0XXXX0XXXXXXXXXXXXXX0XXXXXXXXX0XXXX0XX000XXXXXXXXXX
0


Generation 24/75  F=U(0.5, 1.0)  N_hist=5759
------------------------------------------------------------------------------------------------------------------------
0XXXX000XXXXXXXXXXXXX0XXXXXXXXXX0XXXXXXXXXXXXXXXXXXXXXXXXXXXXXXXXX00XXXX0XXXXX0XXXXX0001X0XXXXXXXXXXXXX0XXXXXXXXXXXXXXX0
X0XXXXXXXXXXXX000XX0XXXXXXXXXXXXX0XXXXXXX0XXXX00XXXXXXXXXXXX0XX0XX0XXXXXXXXXX0XXXXXXXXXXXXXXXXXXX0XXXXXXXXXXXXXXXXXXXXXX


Generation 25/75  F=U(0.5, 1.0)  N_hist=6000
------------------------------------------------------------------------------------------------------------------------
0X0000XX00XXXXXXX00XXXXXXXXXXXXXXX0XXXXXXXXXXXXXX0XXXXXXXXXXXXXXXX0X0XXXXXXX0XXXX0X00XXXXX00XXX00XXX0XX0XX0X0XXXXXXX0XXX
XXXXXXXXXXXXXX000XXXXXX0XXXXXXXX0XXXXXXXXXXXXXXXXX0XXXXXXXX0XXX00XXXXXXXXX0X0XXXXXXXXX00XXX0XXXXXXXXXXXX0XX0XXXXXXX0XXXX


Generation 26/75  F=U(0.5, 1.0)  N_hist=6240
------------------------------------------------------------------------------------------------------------------------
00XX0X00X10XXXX000XXXXXXXXXXX0X0XXXXXXXXX0+XXXXXXXXX0XXXXXXXXXXXXXXXXXXX0XX0XXXXXXXXXXXXXXXX00XX0XX0X0XXXXXXXXXXX0XXXXXX
XXXXXXXXX0XXX0XXXXXXXXXXXX0XXXXXXXXXXX00XXXXXXXXXXXXXXXXXXXXX0XXXXXXX00XXXX00X000X0XXXXXXXXXXXXXXXXXX0XXX00XXXXXXXXXXXXX
0


Generation 27/75  F=U(0.5, 1.0)  N_hist=6479
------------------------------------------------------------------------------------------------------------------------
XXX0XXXXXX0XX0XXXXXXXXXXXXXXXXXXXXXXXXXXX0XXXX0XXX000XXXXX00XXX0XXXXXXXXXXXXXXXXXXXXXXXXXXXXXXXXXXXXXXX00XXX0X0XXXXXXXXX
XXX0XXXXXXXXX00XXX0XXXXXXXX0XXXXXX0XX0XXX00XXXXX0X00XXXXXXXX0XXXX0XXXXXXXXXXXXXXXXXXXXXXXXXXXXXXX0XXXXXXXXXX0XXXXXXX0XXX


Generation 28/75  F=U(0.5, 1.0)  N_hist=6720
------------------------------------------------------------------------------------------------------------------------
0X00XX00X00XX000XXX0XX0XXXXXXXXXX0XXXXXXXXXXXX00XXXXXX0XXXXXXXXXXXXXXXXXXXXX0XXXXXXX0XXXXXX0XXXXXXXXXX0X0XXXXXXXXXX0XXXX
XXXXXXX00XX0XXXXX0XXXX0XXXXX0XXXXXXXXXXXXXXXXXXXXXXXXXXXXXXX0XXXXXXXXX0XXXXXXXX0XXXXXX0XXXXXXXXXXXXXXXXXXXXXXXXXXXXXXXXX


Generation 29/75  F=U(0.5, 1.0)  N_hist=6960
------------------------------------------------------------------------------------------------------------------------
000000XX0XXXXXXXXXXXXXXXXXXXXXXXXXXXXXXX00+X0X0XXXXXXXXXXXXXXXX00X0XXXXXXX000XXXXXXXXXXXXXX0XXXXXX0XXX0XXX00XXX0XXXXXXXX
X0XXXXXXX0XXXXXXX00XXX0XXXXX0XXX0XXXX0X0XXXXXXXXXXXXXXXXXX0XXXX0XXXXXXX00XXX0XXXXXXXXXXXXXXXXXXXXXXX00XXXXXXXXXXXXXXXXXX
X


Generation 30/75  F=U(0.5, 1.0)  N_hist=7200
------------------------------------------------------------------------------------------------------------------------
0000000X0X0XXX0XXXXXXXXXXXXXXXXXXXXXXXXXXXXXXXXXXXXXXXXXXXXX0XXXX0XXXXX0000XXXXXXXXXXXXXXXXXXXXXXXXXXXXXXXXXXXXXXXXXXXXX
XXXXXXXXXXXXXXXXXXXXXX0XX0XXXXXXXXXXXX0XXXXXXXXXXXXXXXXXXX0XXXXXXXX000XXXXXX0XXXXXXXX00XXX000XX00XXXXXXXX0XXXXX00XXXXXXX


Generation 31/75  F=U(0.5, 1.0)  N_hist=7440
------------------------------------------------------------------------------------------------------------------------
0XXX00XXXXXXXXXXXX0XXXXXXXXXXXXXXXXXXXXXXXXX0XXXXXXXXXXXXXX0XXXXXX00XXXXXXXXXXXXXXXXXXXXXXXXXXXXXXXX0XX000X0X0XXXXXXXX0X
XXXXX00XXXXXXXXXXXXXXX0XXXXXXXXXXXXXXXXXXXXXX0XXXXXXXXXXXXXXXXXX0XX0XXXXXXX0XXX0XXXXXXXXXXXXXXXXXXXXX0XXXXX0XXXX0XXXXXXX


Generation 32/75  F=U(0.5, 1.0)  N_hist=7680
------------------------------------------------------------------------------------------------------------------------
00X000XXXXXXXXXXXXXXXXXX0XXXXXXXXXXXXX0XXXXXXXXXXXXXXXXXXXXXXXX00XXXXXXXXXXXXXXX0XXXXXXXXX0XXXXXXXXX00XX0XXX0XXXXXXXXXXX
00XXXXXXXXXXXXX0XXXXXXXXX0X0XXXXX00XXXXXXXXXX0XXXXX000X00XXXXXXXXXXXXXXXXXXXXXXX0XXXXXXX0XX0XXXX0XXXXXXXXXXXXXXXX0XXXXXX


Generation 33/75  F=U(0.5, 1.0)  N_hist=7920
------------------------------------------------------------------------------------------------------------------------
00X0X000X0X00XXXXXXXXXX0X0X0XXXXXXXXXXXXXXXXXXXXXX00XXXXX0XXXXXXXXX0XX000XXXXXXXXXXXXX0X0XXXXXXXX0XXXXX0XXXXX00XXXXXXXXX
XXXXX0XXXX0XXXXXXXXXXXXXXXXXXX0XXXXXXXXXXXX0XXXXXXXXXXXXXXX0XXX0+XXXXXXXXXXXXXXXXXXXXXXXXXXXXX0XXXXXXXXX0XXXXXXXXXXXXXXX
0


Generation 34/75  F=U(0.5, 1.0)  N_hist=8159
------------------------------------------------------------------------------------------------------------------------
000X000XX0X0XX0XXXXXXXXXXXXXXXXXXXX0X0XXXXXXXXXXXXXXX0XXXXXXXXX0XXXX0XXXXXXXXXXXX0XXXXX0XXXXXXXXXX00XXXXXXXXXXXXX00XXXX0
XXXX00XXXXX0X0XXXXXX0XXXXXXXXXXXXXXX0XXXXXXXXX0XX0X000XXXXXXXXXXXXX0XXXXXXXXXX0XXXXX000XXX0XXXXXXXXXXXXXXXXXXXXXXXXXXXXX


Generation 35/75  F=U(0.5, 1.0)  N_hist=8400
------------------------------------------------------------------------------------------------------------------------
0X0000XXXX0000XXXXXXXXXXXX0XXXXXXXXXXX0X0XXXXXXXXXXXXXXXXXXXXXXXXXXXXXXXXXX0XXXXX0X000XXXX0X0XXXX00XX00X0XXXX0X0XXXXXXXX
XXXX0XX0X00XXXXXXXX0XXXXXXXXXXXXXX0XXXXXXXXX00XXX0XXXXXXXXXXXXXXXXXXXX0XXX00XX0XXXXXX0XXXXX0XXXXXXXXXXXXXXXXXXXXXXXXXXXX


Generation 36/75  F=U(0.5, 1.0)  N_hist=8640
------------------------------------------------------------------------------------------------------------------------
XX0X0XX0XXXXXX00XXXXXXX0XX0XX0XXXXXX0XXX0XXX0XXXX0XXXXXXXXX0X0XXXXXXXXXXXXXXXXX0XXX0XXXXXX0XXXXXXXXXXXXXXX0XXXXXXXXXXX0X
XXX0X0XX00XXXXXXXXXXXXXXX0XXXXX000XXXXXXXXX00XXXXXX0XXXX0XXXXXXXXX0XX0+XXXXXXXXXXXXXXXX000XXXXXXXXXXXXXXXXXXXXXXXXXXXXXX
X


Generation 37/75  F=U(0.5, 1.0)  N_hist=8880
------------------------------------------------------------------------------------------------------------------------
0000X00000XXXXXXXXXX00XXXXXXXXX00XXXXXXXXXXXXXXXXXX00XXXXX0XX0XXXXX0XXXXXXX0000XX0XXXXXXXXXXXXXXXXXXXXXXXXXXXXXX0XXX0XXX
XX00XXXXXX0XX00XXXXXXXXXXXXXXXXXXXXXXXXXXXXXXXXXXXXX0X0X0XXXXXXXXXXXXXXXXX0XXXXXXXXXXXXXXXXXXXXXXXX0X0XXXXXXXXXXXXXXXXXX


Generation 38/75  F=U(0.5, 1.0)  N_hist=9120
------------------------------------------------------------------------------------------------------------------------
00X0X0XXXXXXXXXXXXXXXXXXXXX0000XXXXXXX0XXXXXXXXXXXXXXXXX0XXXXXXXXXXXX0XXXX00XX0X0XXXXXXXXXXXXXXXXXX0X0X00X0XXXXXXXXXXXX0
X00X0XXXXXXXXXXXXXXXXXXXXXXXXXXXXXXXX0X0XXXXXXXXXXXXXXXXXXXXXXX0X0XX0XXXX0XXXXXXXXX0XXXXXXXXXXXXXXXXXXXXXXXXXXXXXXXXXXXX


Generation 39/75  F=U(0.445, 1.0)  N_hist=9360
------------------------------------------------------------------------------------------------------------------------
00XXX000XX0XX0XXXXXXXXXXXXXX0XXXXXXXXXXXXXXXXXXX0XXXXXXXX0X0X0X0X0XXXXXXXXXXXXXXX0X0X00XXXXXXXXX0XXXXX0XX0XXXXX00X0XXX0X
X0XXX00XXXXXXXXXXXXXXXXXXX00X0XXXX0XXXX0XXXXXXXXXXXXXXXXXX0XX0XXXXXXXXXXXXXXXXXXXXXXX0X0XXX0XXXXXXXXX0XXXXXXXXXXXXXXXXXX


Generation 40/75  F=U(0.493056632402, 1.0)  N_hist=9600
------------------------------------------------------------------------------------------------------------------------
00000XX00XXXX0XXXXXX0XXXXX0XXXX000XXXXXXXXXXXX00XXXXXXX0XXXXXXXXX0X0XXXXXXX0XX0XXXX0X0XX0XX0XXXXXXX0XXXXXXXXXXXXXXXX0XXX
XXXXX0XXXXXXXX0XXXXXXX00XXXXXXXXXXXXXXXXXXXX0000XXXXX0XXXXXXXXXXXXXXXXXXXXXXXX0XXXXXXXXX0XXXXX0XXXXXXXXX0XXXXXXXXXXXXXXX


Generation 41/75  F=U(0.5, 1.0)  N_hist=9840
------------------------------------------------------------------------------------------------------------------------
000XX00X00X0XXXXXX0XXX0XXXXXXXXXXXX0X0XXXXXX00XXXXX0XXXXX0XXXXXXXXXXXXXXXXXXXXX0XX0XXX0XXXXXXXXXXXXXXXXXXXXXXXXXXXXXXXXX
XXXXXXXXXXXXX0XXX0+X000XXX0XXX0XXXX0XXX000XXX0XXXX00XXXXXXX00XXXXXXXX0XXXXXXXXXXXXXXXXX0XXXXXXXXX0XXXXXX0XXXXXXXXXXXXXXX
X


Generation 42/75  F=U(0.5, 1.0)  N_hist=10080
------------------------------------------------------------------------------------------------------------------------
X0X0XXXXX0XX0XXX0XX00XX0X00XXXXXX0XXXXXXXX0XXXX00XXXXX00XXXXX0X0XXXXXXXXXXXXXXXX0XXX00XXXXXXXXXXX0XXXX0XXXXXXXXXXX0XXXXX
XXX0XXXXXXXXXXXXXXXX0X0X00XXXXXXXXXXXXX0XXXXXXXXXX0XXXXXXXX0XXXXXXXXXX000X0XX0XXXX0XXXX0XXXX0XX0XXXXXXXX0XXXXXXXXXXXXXXX


Generation 43/75  F=U(0.5, 1.0)  N_hist=10320
------------------------------------------------------------------------------------------------------------------------
000XXX00XXXXXXXXX0XXXXX0XXX0XXXXXXXXXXXXXXXXXXXXXXXXXXXX00X0X0XXXXXXXXX0XXXXXXXXX00X00X0XX0XX0XXXXXX00XX0XXXXXXXXXXXX00X
0XXX0X0XXXXX0X0XXXXXXXXXXXXXXXX0XXXX000XXXXXXX0X0XXXXX0XXXXX000XXXXXXXXXX0XX0XXXXX0XXXXXXXXXXXXXXXXXXXXXXXXXXXXXXXXXXXXX


Generation 44/75  F=U(0.5, 1.0)  N_hist=10560
------------------------------------------------------------------------------------------------------------------------
000X00XXXX00X0XXXXXXXXXX00XXXX0XX0XXXXX0XX0XXXXXXXX00XXXXXX00XXXXXXXXXXX00XXXXXXXXX0XXXXXXXXXXXXXXXXXXXXXXXXXXXXXXXXXXXX
XXXXX0XXXXXXXXXXXXXXX00X0X0XXX000XXXXXXXXX0X0XXX0XXXXXXXXXXX0XXXXXXXXXXXX00XXXXX0X000X0X0XXXXXXXXXXXXXXX0XXXXXXXXXXXXXXX


Generation 45/75  F=U(0.5, 1.0)  N_hist=10800
------------------------------------------------------------------------------------------------------------------------
00XXX00X0XXX0XXXXXXXXXXX0XX0XXXXXXXXX00X0X0XXXXXXXXXXXXXXXXXXX0XXXXX00XXXXXXXXXXXXX0XXXXXXXXXXX0XXX0X0XXX0000XX00XXXXXXX
XXXXXX00XXXXXXXXXXXXXXX0000000XX000XXX00XX0XXXXXXXXXX0XXXXX0XXX0XXXXXXXXXXXXXXXXXXXXXXXXXXXXX00X0XXXXXXXXXXX0XXXXXXXXXXX


Generation 46/75  F=U(0.5, 1.0)  N_hist=11040
------------------------------------------------------------------------------------------------------------------------
00X00X0XXXXX0XXXXXXX0000XXXXX0XXXXXXXXXXXXXXXXXXXXXXXXXXX0X0XXX0XXX0XXXXXXXX00XX00X0XXXXXXXXXXXXXXXXXX00000X00X0XXXXXXXX
XXXXXXXXXXXX0XXX0XXXXXXXXXXXXXXXXXX00X0XX0XXXXXXXXXXXXX0000XX0XXXXXX0XXXXXXXXXXXXXXXXXXXXX00XXXXXXXXXX0XXXXXXXXXXXXXXXXX


Generation 47/75  F=U(0.5, 1.0)  N_hist=11280
------------------------------------------------------------------------------------------------------------------------
000XXX0XXX0XXXX00XXXX0XXX00X0XXXXX0X0XXXXXXXXXXXXXXXXXXXXXXXXXXXXXXXXXX0XX0000X000XXXXXXX0XX0XXXXXXXXXXX00XXXXXXXXXX000X
XXXXXX0XXXXXXXXXXXXX0XXXXXXXXX0XXXXXXXXXXXXXXXX0XXXXXXXX0XX0XXXXXX0XXXXXXXXX0X00X0X00XXXXXXXXXXXXXXXXXXXXXXXXXXXXXXXXXX0


Generation 48/75  F=U(0.5, 1.0)  N_hist=11519
------------------------------------------------------------------------------------------------------------------------
00XX0XXXXX0XX0XXXXXXXXXXXXX0XXXXXXXXXX0XXXXXXXXXX0XXXXXXXXXX00XXX0XXXXXX0X0XX00XXXXXX00XXXXXXXXX0XXXXXXXXX00XXXXXXXXXXXX
XXX00XXXXXXX0XXX0XXXX0X0XXX0XXXXXXXXXXXXXX00XXXX0XXXXXXXX0XX0XXXXXXXXXXXXXXXXXXXXXXXXXXXXXXXXXXXXXXXXXX00XXXXXXXX0XXXXXX


Generation 49/75  F=U(0.5, 1.0)  N_hist=11760
------------------------------------------------------------------------------------------------------------------------
0X00X0XX0X0X00X0XXXXXXXXXXXXXXXXXXXXXXXXXXXXX0XXXXXXXXX0XXX00XXXXXXX0XXXXXXXXXXXXXXXXXXX0X0XXXXXXXXXXXXX0XXXXXXXXXXXXXXX
XXXX0XX0XX0XX0XXXXXXXX0XXXXXXXXXXXXXXXX0+XXXXXXXXXXXXXXXXX00XX00XX0XXXXXXXXXXX0XXXXXXXXXXXXX0XXXXX00XXXX0X0XXXXXXXXXXXXX
X


Generation 50/75  F=U(0.445, 1.0)  N_hist=12000
------------------------------------------------------------------------------------------------------------------------
00X00XX00XXX00X00XXXXXXXXXXXXXXXXXX00XX0XXXXXX0X000XXX0XXXXXXXXXXXXXXXXXXXXXXXX0XX0X0XXXXXXXXXXXXX0XXXX00X0XX0XXXX0XXXXX
XXXXXXXXX0XXX0000XXXXXXXXXXXXXXXXXXXXXXXXXXXXXXXX0XXXXXX0XXXXXXXXXXX0X0XXXXXXXXXXXXXXXXXXXXXX00X0XXXXXXXXXXXXXX00XXXXXXX


Generation 51/75  F=U(0.493056632402, 1.0)  N_hist=12238
------------------------------------------------------------------------------------------------------------------------
00X00XXXX000XXX00XXX0XX0XXXX00XXXXXXXXXXXXXXXXXXXXXXXXXXXX000XXXX00XXXXXXXXXXXX0XXXXXXXXXXXXXXXXXXXXXX00XXXX0XXXXXXXX0X0
XXXXXXXXXXXXXXXXXXXXXXXXXX0XXXXXXXXXXXXXXXXXXXXXXX0000X0XXX0XXX0XXXXXXXXXXXX0XX0XX0XXXX0X0XXXXXXXXX0XXXXXXXXXXXXXX0XXXXX


Generation 52/75  F=U(0.5, 1.0)  N_hist=12480
------------------------------------------------------------------------------------------------------------------------
0X00X00XXXXXXXXXX00XXXXX0XXXX0XXXXXXXXXXXXXXXXX0XX00XX0XXXXX0X0X00XXXXXXXXX00XX0X000XXXXXXXXXXX000XXXXXXXXXX00XXXXX00XXX
XXXXXX0XXX00XXXXXX0X0000XXXXXXXXXXXXXXXXXXX00XXXXXXXXXXX0XXXXXXXXXXXX0X0XXXXXXXXXXXXXXXXXX0XXXX00X0XXXXXXXXXXXXXXXXXXXXX


Generation 53/75  F=U(0.5, 1.0)  N_hist=12720
------------------------------------------------------------------------------------------------------------------------
0X0X000X0X0XXXXXXXXX0XXXX0XXXXXXX0XXXXXXXXXXXXXX0XXXX0XXXX0XX0XXXXXXXXXXXX0XXXXXXXXXXXX0XXXXXXXXXXXXXX00XX0XXXXXXXXXXX00
+XX0X0XXXXXXXXXXX0X000X0X0XXXXXXXXXXXXXXXXXXXXXXXXXXXXXXXXX0X000XXXXXXXXXX0XXXXXXXXX0XXXXXXXXXXXXXX0XXXXXX0XXXXXXXXXXXXX
X


Generation 54/75  F=U(0.5, 1.0)  N_hist=12960
------------------------------------------------------------------------------------------------------------------------
00XX0X0XXXX00XXX0XXXXXXXXXXXXXXXXXXXXXXXXXX0000X0XXXXX000XX00XXXXXXXXXXXXXXXX0XXX0XXXXXXX0X0XXXXXX0XXXXXXXXX00X00XXXXXXX
XX0XXXXXX0X0XX00XXXXXXXXXX0XXX0X0XXXXXXX0X0X0XXXXXXXXXX00XXXXXXXXXXX0XXXXXXXXXXXX0XXX0XXXXXXXXXXXXXXXXXXXXXXXXXXXXX0XXXX


Generation 55/75  F=U(0.5, 1.0)  N_hist=13199
------------------------------------------------------------------------------------------------------------------------
00X00X000XXXXXXXXX0XXXXXXX0XXX0XXXXXXXXX0XXXX0XXXX0XXXXXXXXXXXX00XX0X0XXXXXXXXXXXXX0X00XXXXXXXXXXXXXXXXXX0XXXX000XXXX00X
XXXXXXXXXXXXXXXXXXX00XXXXXXX0XXXXXXX0X0XXXXXXXXXXXXXXXXXX0XXXXX000XX0XXXXXXXXX00XXXXXXXXXXX0X0X0XXXXXXXXXX0XXXXXXXXXXXXX


Generation 56/75  F=U(0.5, 1.0)  N_hist=13440
------------------------------------------------------------------------------------------------------------------------
00X0X00XXXX0XX00XX000XXX0XXXXXXXX0XXXXXXXXXXXXXXXX0X0XXXX0XXXXXXXXXXXXXXXXXXXXXXXX0XXXXXXXXXXXXXX0XXXX0XXX0XXXX0XXXXXX0X
X0XXXXXXX0XXXXXXXXXXXX0X000X000XXXXXXX0XXXXXXXXX00X0XXXXXXXXXXXX00X0XXXX00X0X0XXX0XXXXXXXXXXXXXXXXXXXXXXXXXXXX0XXXXXXXXX


Generation 57/75  F=U(0.5, 1.0)  N_hist=13680
------------------------------------------------------------------------------------------------------------------------
0X0X00XX0XXXXXXXXXXXXXXXXXXX00XXXXXXXXXXXXXXXXXXXXXXX0XXXXX00X0XXXX0X0XX00XXXXXX0XXXXXXXXXXXXXXXX000XXX0XX0XXXXXXXXXXXXX
XXXX0XX00XXXXXXX0XXXXXX0XXXXXXXXXXXXXXXXX0000XXXXXXXXXXXXXXXXXXX00XXXXXXXXXXXXXXXXXXXXXXXXXXXXXXXXX0XXXXXXXXXXXXXXXXXXXX


Generation 58/75  F=U(0.5, 1.0)  N_hist=13920
------------------------------------------------------------------------------------------------------------------------
0X00X000XXXXX0XXXXXXXXXXX0X00XXX0XXXXXXXXXXXXXXXXXXX0XXX0XXXXXXXXXXXX00XXXX000XXXXXXXXXXXXXXXXXXXXXXXXXXXXXXXXXX0X000XXX
XXXXXX0X0XXXXXXXXXXXX0XXX00X00XX00XX0XX0XXXXXX0XXXXXXXXXXXXXXXXXXXX00XXX0X00XXXXXXXXXXXXXXXXXXXXXXXXXXXX0XXXXXXXXXXXXXXX


Generation 59/75  F=U(0.5, 1.0)  N_hist=14160
------------------------------------------------------------------------------------------------------------------------
00X0XXXXXXXXXXXX0XXXXXXXXXXXXXXXXXXXXXXXXXXXXX0X00XX00X0XXXXXXXXXXXXXX0XXXXXXXXXXXXXXXXXXXXXXXXXXXXXX0XXXXXXXXXXXXX0XXXX
XXXXXXXXX0XXXXXXX00X0XXXXXXXXXXXXXXXXXX0X0XXXXX0XXXX0XXXXXXXXXXXX0XXX0XXXXXXXXXX0XXXXXXXX0X0X0XXXXXXXXXXXXXXXXXXX0XXXXXX


Generation 60/75  F=U(0.5, 1.0)  N_hist=14400
------------------------------------------------------------------------------------------------------------------------
00X00X0X0X000XX00X0X00XXXXXX0X0XXX0XXXXXXXXXXXXXXXXXXXXXXXXX0XXXX00XXXXXXXXXXXXXXXXXXXXXXXXXXXX0XX00XXXXXXXXXXXXXXX0XXXX
XX0X000XX0XXXXXXXXX0XX00XXX0XXXXXXXX00XXXXX0XX00XXXXXXX0XXXXXXXXX00X0XXXXXXXXXXXXXXXXXX0XXXXXXXXX0XXXX00+XXXXXX0XXXXXXXX
X


Generation 61/75  F=U(0.5, 1.0)  N_hist=14640
------------------------------------------------------------------------------------------------------------------------
X0XX00XXXXXXX0XXXXXXXXXXXXXXX0XXXXXXXXXXXXXXXXXXXXXXXXXX0X00XXXXX0XXXXXXXXXXX0XXXXXXXXXXXX0X0XXXXX00XX00XXXXX00XXXXXXXXX
XXXXXXXXXXXXXXXXXXXXXXX0X0XXXXXXXX0XXXXXXXXXXXXXXXXXXXXXXXXXXXXXXXXXXXXXXXXX00XXXXXXXXXXX0XXXXXX0XXXXXXXXXXXXXXXXXXXXXXX


Generation 62/75  F=U(0.445, 1.0)  N_hist=14880
------------------------------------------------------------------------------------------------------------------------
00XX000XXXXX00X0XXXXXXXXXXXXX00XXXXXXXX0XXXXXXXXXX000XXXXXXXXXXXXXXXXXX0XXXXXXX0XX0XXX00XX0XXXXXXXXXXXXX00X0XXX000XX00X0
XX0XX0XXXXX0XXXXXXXXXXXXX00000XXXXXXX0XXXXXXXX0XXXXXXXX0XXXXXXXXXXXXXXXXXX0XXXXX0XXXXXXX0XXX0XX0XX0XX0X0XXXXXXXXXXXXXXXX


Generation 63/75  F=U(0.493056632402, 1.0)  N_hist=15120
------------------------------------------------------------------------------------------------------------------------
0XXX0XXXXXXXXXXXXXXXXX0XXXXXXX0XXXXXXXXXXXXXXXX0XX00XX0XXXX0XXXXXXXXXXXXXXXXXXXX0XX0X000XXXXXXXXXXXXXXXXXXX0000XXXXX0XXX
XXXXXXX0XXXXXXX0000X00XX0XXXXXXXXXXXXXXXXXX00XXXXX00X0XXXXXXXXXXXXXXXXXX0XXXXXXXXXXXXX0+X0X0XXXXXXXXXXXXXXXXXXXXXXXXXXXX
X


Generation 64/75  F=U(0.5, 1.0)  N_hist=15360
------------------------------------------------------------------------------------------------------------------------
00X0X00X0X000X0000X0XXXXXXXXXX0XXXXXXXXXX0XXXXXXXXXXXXXXXXXXXXXXX0XXXXXX000XXXXX0XXX0XXXXXXXX0XXXXXXXXXXXXXXXXX0XXXXXXXX
0XXXX0XXX0XXX0XX0XXXXXXXXXXXXXXXXXXXXXXX00XXX0XXXXXXXXXXXXXXXXXXX00XXX00XX0XX0XXXXXXX0XXX0XXXXXXXXXXXXXXXXXXXXXXXX0XXXXX


Generation 65/75  F=U(0.5, 1.0)  N_hist=15600
------------------------------------------------------------------------------------------------------------------------
XX00X0XXXXXX00XXXXXXXXXX0XXXXXXXXXXXXX0X0XXXXXXXXXXXXX0XXXXXXX0X0XXXXXXXXXXXXXX0XXXXXXXXXXXXXXXXXXX0XXXXXXXXXXXXXXX0X0XX
XXXXXXXXXXXXXXXXXX0X0XXXXXXXXX0XXXXXXXXXXXXXXXXXXXXXXXXXX0XXXXXXXXX00XXXXXXXXXXXXXXX0XXXXXXXXXXXXXXXXXXXXXXXXX0XX0XXXXXX


Generation 66/75  F=U(0.445, 1.0)  N_hist=15840
------------------------------------------------------------------------------------------------------------------------
00000XXX0X000XXXX00X00XXXXXX0X00XXXXXXXXXXXXXXXXXXX00+00X00XXXXX0XXXXXXXXX00X00XXXXXXXX00XXXXXXXXXXXXXX0000XXXXXXX0XXXXX
XXXXXXX0X0XXXXXXXX00000+XXXXXX00XXXXXXXX0XXXXXXXXXXXXXX0XXXXXXXX0XXXXXX00XX0XXXXXXXXXXX0XXXXXXX0XXXXXXXXXXXXXXXXX0XXXXXX
XX


Generation 67/75  F=U(0.493056632402, 1.0)  N_hist=16080
------------------------------------------------------------------------------------------------------------------------
0X0000X000XX00XXX0XXXX0XXXXXXXXXXXXXXXXXXXXXX0XXXX0XXXXXXXXX0XXXXXXXXXX0XXXXX0XXXXXXXXXXXXXX0XXXX0X0XXXXXXXXXXXXXXX0XXXX
XXXXXXXXXXXXXXXXXXXXXXXX0XXX0XXXXX0XXXX0XXXXXXXXX0X000XXXXXXXXXXXXXXXXXXXXXXX0X00XXXXXXXXXXXXXXXX0XXXXXXXXXXXXXXXX0XXXXX


Generation 68/75  F=U(0.438820402838, 1.0)  N_hist=16320
------------------------------------------------------------------------------------------------------------------------
000XXXX0XXX00XXX0XXXXXXXXXXX000XXXXXXXXX0XXXXXXXXX0XXXXXXX00XXXXXXXXX0XXXXXXXXXXXXX00XXXX0XXXXXXXXX0XXXXXXXX0X0XXXXXX0XX
0XXXX0XXXXXXXXXXX0XXXXXX0XX0XXXXXXX0XXX0XX0XXXXX0XXXXXXXXXXXXXXXXXXXXXXXX0XXXXXXXXXXXXXXXXXXXX0XXXXXXXXX0XXXXXXXXXXXXXXX


Generation 69/75  F=U(0.486209685511, 1.0)  N_hist=16560
------------------------------------------------------------------------------------------------------------------------
000X0000X0XXX0XXXXXXXXXXXXXXXXXXXXXXXX00XX000X000XX0000XXXX0XXXXXXXX0X0XXXXX0XXXXX0XXX0XXX0XXXXXXXX00X0XXXXXXXXXXXXXXXXX
XXXXXXX0XXXXX0X0XXXX0XXXXXXXXXXXX000X0XXXXXXXXXXXXXXXXXXXX0XXXXXXXXXXXXXXXXXXXXXXXXXXXX0XXXXXXXXXXXXXXXXXXXX0XXXXXXXXXXX


Generation 70/75  F=U(0.5, 1.0)  N_hist=16800
------------------------------------------------------------------------------------------------------------------------
0XX00X0X00XXXXXXXX0XX00XXXXX0XXXXXXXXXXXXXXXXXXXX00XXXXXXXXXXXXXXXXXXXXXXXXXXXXXXXXXXXXXXXXXX000XXXXXXXXXXXXXXXXXXXX0X0X
00XXX0XXXXXXXXXXXXXXXXXXXXXXXXXXXXX0X0XXXXXX0XX0XXXXXXXXXX0XXXXXXXXXXXXXX0XXXXXXXXX0XXXXXX0XX0XXXXXXXXXXXXXX0XX0X0XXXXXX


Generation 71/75  F=U(0.445, 1.0)  N_hist=17039
------------------------------------------------------------------------------------------------------------------------
0000X00XX00X00XXXXXXXXXXXXX0XXXXXXXXXXX0XXX0XXXXXXXXX0X0XXXXXXXXXXXXXXXXXXXXXXXXXXXXXX00XXXXXXX0X00XXXXXX0XX0XXXXXXXXXXX
XXXXXXXXX0XXXXX000XXXXXXX0XXXXXXXXXXXXXXX0XXXXXXXXXXXXXXXXXXXXX0X0X0XXXXXXX0XXX000XXXXXXXXX0XXXXXXX0XXXXXXXXXXXXXXXXXXXX


Generation 72/75  F=U(0.493056632402, 1.0)  N_hist=17280
------------------------------------------------------------------------------------------------------------------------
00X00X0X00XX0XXXX0XXXXXXXXXXXXXXX0XXXXXXXXXXXXXXXXXXX0XX00XX0X0XXX0XXXXX0X0XXXXXXX000XXXXX0XXX0X0XXX0XXXXXX0X0XX0XXXXXX0
XXXXXXXXXXXXXXXXXXXXXXXXX00XX0X0X0XX0XXXXXXX0XXXXXXXXXXXXXXXX0XXXX0XXXXXXXXXXXXXXX00XX0XXXXXXXXXXXXXXXXXXX0XXXXXXXXXXXXX


Generation 73/75  F=U(0.5, 1.0)  N_hist=17520
------------------------------------------------------------------------------------------------------------------------
0X0XX00X0X0X00X00X0XXXX0XXXXXXXXXXXXXXXXXXXXXXXXXXXXX0XXXXX0XXXXXXXXXXXXXXXXX0XXXXXXXXXXXXXXXXXXXXXXXXXXXXXXXXXXX0XXXXX0
XXX0XXXXXXXXXXXXXXXXX00XXXXXXXXXXXXXXXXXX00XXXXXXXXXXXXXX0XXXXXXX0XX0XXXXXXXXXXXXXXXXXXXXXX0XXXXXXXXXXXXXXXXXX0XXXXXXXXX


Generation 74/75  F=U(0.445, 1.0)  N_hist=17760
------------------------------------------------------------------------------------------------------------------------
0XX00XX0X0X0XXXXXXXXXXXXXXXXXXXXXXXX0XXXXXXXX0X0X0XXXX0XXXXXXXXXXXXXXXXXXXXXXXXXXXXXXXXXXXXXXXXXXXXXXXXX0XXXXXX0XXXX0XXX
000XX0XXXXXX0XXXXXXXXXXX0XXX0XXXX0X0XXX000XXXXXXXXXX0XX00XX0XXXX0XXXXXXXXXXXXXXXXXXXXXXXXXXXXXXXXXXX000XXXXXXXXXXXXXXXXX


Generation 75/75  F=U(0.493056632402, 1.0)  N_hist=18000
------------------------------------------------------------------------------------------------------------------------
00X00X0XX00XXXXXX0XXXXXX0XXXX0XXXXXXXXXXXXXXXXXXXXXXXXXXXXXX00XXXXX0XX000X00X0XXXXXXXXXXXX0X0XXXXXXXXXXXXXXXXXXXX0XX0XXX
XXXX0XXXXXXXXX0XXXXXXXXXXXXXXXXXXXXXXX0XXXX0XXXXXXX0XXXXXXXXXXXXXXXXXXXXX0XXX0XXXXXXXXXXXXXXXXXXXXXXXXXXXXXXXXXXXXXXXXXX


Maximum number of iterations reached.

SSE=10.843 on eval 18240: L=174994 b=0.724349* r=0.22442 rf=0.284201 t0=66.0088 th=1.00432*


Shutting down DE...
DE shutdown complete.

Final population:
Population: 240 individuals with SSE 10.843 to 10.865, avg eval time 0.0326 sec. Top 7:

        SSE |     10.843       10.843       10.843       10.843       10.844       10.844       10.844  
------------------------------------------------------------------------------------------------------------------------
          L | 1.7499e+05   1.7801e+05    1.758e+05    1.804e+05    1.918e+05   1.7771e+05   1.6944e+05  
          b |    0.72435*      1.2192*      1.4178*     0.25234*     0.27743*     0.61226*     0.80596* 
          r |    0.22442      0.22505      0.22576      0.22519      0.22432      0.22408      0.22446  
         rf |     0.2842      0.28746        0.289      0.29316      0.29615      0.28769      0.27728  
         t0 |     66.009       66.009       65.964       66.035       65.979       65.969       65.997  
         th |     1.0043*      1.0009*      1.0028*      1.0017*      1.0031*      1.0033*       1.005* 
------------------------------------------------------------------------------------------------------------------------
Best individual:
<SSE=10.8427 L=174994 b=0.724349* r=0.22442 rf=0.284201 t0=66.0088 th=1.00432*>


Elapsed time: 214.36 seconds

Saved final population of best parameter combinations to covid19.dat
Shutting down...
Task Queue is shut down
Goodbye
