Decompressing and parsing covid19.csv.bz2...
Cumulative and new cases reported thus far for US
------------------------------------------------------------------------------------------------------------------------
000	01/22	1	0
001	01/23	1	0
002	01/24	2	1
003	01/25	2	0
004	01/26	5	3
005	01/27	5	0
006	01/28	5	0
007	01/29	5	0
008	01/30	5	0
009	01/31	7	2
010	02/01	8	1
011	02/02	8	0
012	02/03	11	3
013	02/04	11	0
014	02/05	11	0
015	02/06	11	0
016	02/07	11	0
017	02/08	11	0
018	02/09	11	0
019	02/10	11	0
020	02/11	12	1
021	02/12	12	0
022	02/13	13	1
023	02/14	13	0
024	02/15	13	0
025	02/16	13	0
026	02/17	13	0
027	02/18	13	0
028	02/19	13	0
029	02/20	13	0
030	02/21	15	2
031	02/22	15	0
032	02/23	15	0
033	02/24	51	36
034	02/25	51	0
035	02/26	57	6
036	02/27	58	1
037	02/28	60	2
038	02/29	68	8
039	03/01	74	6
040	03/02	98	24
041	03/03	118	20
042	03/04	149	31
043	03/05	217	68
044	03/06	262	45
045	03/07	402	140
046	03/08	518	116
047	03/09	583	65
048	03/10	959	376
049	03/11	1281	322
050	03/12	1663	382
051	03/13	2179	516
052	03/14	2727	548
053	03/15	3499	772
054	03/16	4632	1133
055	03/17	6421	1789
056	03/18	7783	1362
057	03/19	13747	5964
058	03/20	19273	5526
059	03/21	25600	6327
060	03/22	33276	7676
061	03/23	43847	10571
062	03/24	53740	9893
063	03/25	65778	12038
064	03/26	83836	18058
065	03/27	101657	17821
066	03/28	121465	19808
067	03/29	140909	19444
068	03/30	161831	20922
069	03/31	188172	26341
070	04/01	213372	25200
071	04/02	243762	30390
072	04/03	275586	31824
073	04/04	308853	33267
074	04/05	337072	28219
075	04/06	366667	29595
076	04/07	396223	29556
077	04/08	429052	32829
078	04/09	461437	32385
079	04/10	496535	35098
080	04/11	526396	29861
081	04/12	555313	28917

Initializing 240 population members having 6 parameters
------------------------------------------------------------------------------------------------------------------------

SSE=438.58 on eval 1: L=4.73441e+07 b=64.9691 r=0.372112 rf=0.935381 t0=58.3226 th=14.1425

*

SSE=117.94 on eval 2: L=3.32337e+07 b=24.0226 r=0.55744 rf=0.907894 t0=59.8953 th=17.7083

!2421

SSE=25.333 on eval 7: L=3.97447e+06* b=125.835 r=0.384288 rf=0.905336 t0=62.0275 th=19.1055

!99243515159999497296129994995214329996992929952995359999629937994939

SSE=20.839 on eval 76: L=3.8508e+07 b=78.2831 r=0.646644 rf=0.934515 t0=57.6285 th=15.4581

!99919899399939595896467699239993969999999121
74399729172167247489993139152952992293488499369533945999979193983992998221492999999941919999413244999919924392

SSE=20.309 on eval 231: L=2.87881e+08 b=17.3999 r=0.483065 rf=0.962684 t0=60.2325 th=18.3658

!139799159


Population: 240 individuals with SSE 20.309 to 2640.5, avg eval time 1.05 sec. Top 7:

        SSE |     20.309       20.839        21.44       21.491       22.159       23.027        24.29  
------------------------------------------------------------------------------------------------------------------------
          L | 2.8788e+08   3.8508e+07   3.0538e+08    1.548e+07*  1.0945e+08   1.9506e+07   1.2583e+07* 
          b |       17.4       78.283       63.798       1.6268*      15.032       139.61**     7.4845  
          r |    0.48306      0.64664      0.35758*     0.40792      0.56351      0.55502      0.53753  
         rf |    0.96268      0.93452      0.97968      0.97506      0.93174       0.9425      0.97272  
         t0 |     60.233       57.629       65.523**     64.818       58.926       57.474        58.28  
         th |     18.366       15.458       18.846       17.581       14.876       17.821       19.959  
------------------------------------------------------------------------------------------------------------------------
Best individual:
<SSE=20.3092 L=2.87881e+08 b=17.3999 r=0.483065 rf=0.962684 t0=60.2325 th=18.3658>


Population: 240 individuals with SSE 20.309 to 2640.5, avg eval time 1.05 sec. Top 7:

        SSE |     20.309       20.839        21.44       21.491       22.159       23.027        24.29  
------------------------------------------------------------------------------------------------------------------------
          L | 2.8788e+08   3.8508e+07   3.0538e+08    1.548e+07*  1.0945e+08   1.9506e+07   1.2583e+07* 
          b |       17.4       78.283       63.798       1.6268*      15.032       139.61**     7.4845  
          r |    0.48306      0.64664      0.35758*     0.40792      0.56351      0.55502      0.53753  
         rf |    0.96268      0.93452      0.97968      0.97506      0.93174       0.9425      0.97272  
         t0 |     60.233       57.629       65.523**     64.818       58.926       57.474        58.28  
         th |     18.366       15.458       18.846       17.581       14.876       17.821       19.959  
------------------------------------------------------------------------------------------------------------------------
Best individual:
<SSE=20.3092 L=2.87881e+08 b=17.3999 r=0.483065 rf=0.962684 t0=60.2325 th=18.3658>

Performing DE with CR=0.7, F=U(0.5, 1.0), DE/rand-1.00/1/bin
------------------------------------------------------------------------------------------------------------------------
Press the 'Enter' key to abort.

Generation 1/75  F=U(0.5, 1.0)  N_hist=240
------------------------------------------------------------------------------------------------------------------------
3X3692X32X3XX3X4XX659X3XX1X26XXX29X33X122XXXXXX29X420X9

SSE=17.697 on eval 295: L=2.44139e+08 b=77.2284 r=0.451657 rf=0.941639 t0=62.0454 th=15.9577

+XX423X32X24X5X92XXX3XX39X4XX9XX069X539XXX5XXX9X2215X2X2XX3X409XX
2X224XX119XX29XXX379222XX4X1X9XXX529999313XX216222X9XX919XXX129XX1XX82X9XXXXXXXX8X3X42X9XXXX41XXX4742X3X2921X211X33X4XXX
X


Generation 2/75  F=U(0.5, 1.0)  N_hist=480
------------------------------------------------------------------------------------------------------------------------
2XXXXXX831X2XXXXXXXX1XXX12X9X9X6XXX12116211052X2XX42XX6X542X5X2252XXXXX577XX2X13X1423XXXXXXXXXX51X79XXX2XXXXXXXXX2X6XX1X
X1X3XX3X3XX1XX4XXX5XXX3132XXXXXX2XXX1X1X541X1XXXXX3XXXX19+1241XX8XXX3662XX31XXXX1XX3XX3XX26XXX126XXXX42XXXX21XX41X8X831X
X


Generation 3/75  F=U(0.5, 1.0)  N_hist=720
------------------------------------------------------------------------------------------------------------------------
21X1X1XXXXX3XXX1X1XXXXX1XXXXX5XXXXXX2XXXXXX3XX5XX2XXX1431XXXX51X2X2XXXX32222XX1XXXXX3XXX02XX24X1XX14X2XXXX4XX1XXXX22XX4X
XXXXXX4XX3XXXXXXXXXXX011X1X1X7XX32X2XXXXXXXX3XXXXXXX6X1XX6XXXXX1XX6XXXX1XXXXXXXX2XXX50XXXXXXXXXXXXXXX1X81XX0XXXXXX3XXXX2


Generation 4/75  F=U(0.5, 1.0)  N_hist=960
------------------------------------------------------------------------------------------------------------------------
X2XXX21XXXX3XXXXXX3XXX2XXX1XXXXXXXXXXXX3XXXXXXX1X4XX22XXXX1XXXXXXXXXXXXXXXXXXXXX1XXXXXX1XXXX4XX2XX2X2X121X2XXX2

SSE=17.295 on eval 1071: L=4.12989e+07 b=12.3656 r=0.524432 rf=0.953031 t0=59.8692 th=17.6801

+XXXXXXXX
2XXXXXXXXXX1XXX221XXXX23XX4X2X2X1XXXXXXXXX3XXX2XXXXXX3XXXXX2XXX4XXXXXXXXX1X22XXXXXXX1XX2X19X43XXXXXXX02XXXXX1X15X1XXXX12
X


Generation 5/75  F=U(0.5, 1.0)  N_hist=1200
------------------------------------------------------------------------------------------------------------------------
2X13XXXXX1XXX10XXXXXXXX21X23XX2X2X4XXXXXX1XXXXXXXXXX1XXXXX221XXXXXXXXXXXXXXX2XXXX3XXXXXXXXX22XXXX2XX2XX1XXXXXXXXX3X2X2XX
XXXXX3XXXX0XXXXXXXX1X2XXXXXX1XXXX3XXXXXXXX2XXXXXXXXXXXXXXXXXXX12XXXXXX3XX1XXXXX11XX12XXXXXXXX1XXX2XX11XX1X2XXXXXXXXXX1XX


Generation 6/75  F=U(0.5, 1.0)  N_hist=1440
------------------------------------------------------------------------------------------------------------------------
XX2XXXXXXXXXXXXXXX2XX1XX1XX3XX21XX3XXX2XXX1XXXX1XXXXXXXXXXXX2X1111XXXXXXXXXXXXXX1XX1XX2X11XXX31XXXX2XXXXX111XX2XXX1XX1XX
X111XX2XX2XXX111X1XXXXXX2102XXX20XXXXXXXXXXXXX2XXXXX2XXXX1XXXXXXXXXXXXXX2XXX0XXXXXXXXXXXXXXXXXXXXX2XXXXXXXXX2XX1XXXXXXXX


Generation 7/75  F=U(0.5, 1.0)  N_hist=1680
------------------------------------------------------------------------------------------------------------------------
21X12X1XXXXXX1XXXXXXXXXX1X2XXXXXXXXXXXXXXXXXXXXXXXXXX1XX2XX0XXXX2XXXXXX22XXXXXXXXXXXXXXXXXX1X3XXXXXXX2XXXXXXXX111XXX2XX1
XXX221XXXXXXXXXXXXXXXXXX1XXXX1XXX22XXXXXXXXXXXXXXXXXX1X11X1X1X1X1X2XXXXXXXXXXXXX1XXXXXXXX12XXXX3X1XX2XXXXXXXX2XXXXXXXXXX


Generation 8/75  F=U(0.5, 1.0)  N_hist=1920
------------------------------------------------------------------------------------------------------------------------
012XX1XXXXXXXXXX2XXXXXXXXXXXXXXXXXX14XXXXXXXXXXXXXX3X1XXXX24XXXX1X1XX31XXXXXXXXXXXXXXXX1XX10212XXXXXXXXXXXXXX3XXXXXXXXXX
XX1XXX2XXXXXXXXXXXXXXXXX1XXXXXXXXXXXXXXXXXX212XX2112XXXXXXXXXXXXXXX1XXXXXXXXXXXXX1XX0XXXXXXX1XXXXXXXXXXXXXXXXXXXXXXXXXXX


Generation 9/75  F=U(0.5, 1.0)  N_hist=2160
------------------------------------------------------------------------------------------------------------------------
111X1X2X1XXXXXXX13XXXXXX1XX2XXXXXXXXXXXX1X21XXXXXXXXXXXXXXXXXXXXXXXXXX1XXXX1111XX1XXXXXXXXXXXXXXXX1XXXXXXXXXXXXXXX1XXXXX
XXXXXXXXXXXXX1XXXXXXXXXX2XXXXX1XXXXXXXX211XXX1XXXXXXXX1XXXXXXXXXXXX21X1313XX1X1XXXXXXXX0XX1X1XXXXXXX1XXXXXXXXXXXXXXXXXXX


Generation 10/75  F=U(0.5, 1.0)  N_hist=2400
------------------------------------------------------------------------------------------------------------------------
1XXX1X1XXX1XXXXXXXXXXXXXXXXXXXXXXXXXXXXXXXXXX11XXXXXXXXXXXXXXXXXXXXXXXXXXXXXXX0XXX1XXXXX1XXX20XXXXXXXXXXXXXXXXXXXXXXXXXX
1XXXXXXX1XX1XXX1XXXXXXXXXXXXX1XXXX1X2XXXXXXXXXX2XXXX1XXXXX1XXXXXXX2X12XX1XX0XX1XXXXXXXXXXXXX1XXXXXXXXXXXXXXX1XXXXXXXXXXX


Generation 11/75  F=U(0.5, 1.0)  N_hist=2640
------------------------------------------------------------------------------------------------------------------------
04X1XXX2XXXXXXXXXXX1XX1XXXXXXXXXXXXXXXXXXXXX12XXXXXXXXXXXXXXX2XXXXXX1XXXXXXXXXXXXX11XXXXXXXXXXXXXXXX2X1X1XXXXXXXXXX1X1XX
1XXXXXXXXXXXXXXXXXXXXXXXXXX0XXXX1XXXXXXXXXXX1XXXXXXXXXXXXXXXX1X3X1XX1XXXXXXXXXXXXXX1XXXXXX0XXXXXXXXXXXXXXXXXXXXXXXXXXXXX


Generation 12/75  F=U(0.5, 1.0)  N_hist=2880
------------------------------------------------------------------------------------------------------------------------
111X201XXXXXXXXXXXX1XXXXXXXXXXXXXXXX11XXXX11XXXXXXXXXXXXXXXXXXXXXXXXXXXXXX2XXXXXXXXXXXXXXXXXXXX11XXX6XXXX11XXXXXXXXXXXXX
X1X1XX1XXXXXXXXXXXXXXXXXXXXXXXXXXXXXXX1XXXXXXXXXXXXXXXXX11XXXX1XXXXXXXXXXXXX1XXXXXXXXXXXXXXXXXXXXXXXXXXXXXXXXX1XXXXXXXXX


Generation 13/75  F=U(0.5, 1.0)  N_hist=3120
------------------------------------------------------------------------------------------------------------------------
11X1X0XX1XXXXXXXXXXXXXXXXXXXX1XXXXXXXXXXXXX1X1X1XXXXXXXXXX01XX0XXXXXXXXXXXX11XX1XXXXXXXXX1XXXXXXXXXX2X1XXXXXXXXXXXXXXXXX
XXXXXXXXXXXXXXXXXXXXXXXXXXX1X1XXXXX1XXXXXXXXXXXXXXXXXXXXX1XXX2X01XX1XXXX1XXXXXXXXXXXXXXXXXXXXXXXXX1XXXXXXXXXXXXXXXXXXXXX


Generation 14/75  F=U(0.5, 1.0)  N_hist=3360
------------------------------------------------------------------------------------------------------------------------
021XX1111X111XX221XXXXXXXXXXXXX1XXXXX1X1X11XXXXXXXXXXXXX00XX12XXXXXXXX1XXXXXXX21XXXXXXXXXXXXXXXXXXXXXXXXXX1XXX1X1XXXXXXX
XXXXXXX1XXXXX1X1XX1XXX1XXXXXX1X1XXXXXXXXXXXXXX1XXX1XX0XXXXXXXXXX1XXXXXXXXXXXXX1X1X01XXXXXXXXXXXXXXXXXXXXXXXXXXXXXXXXXXXX


Generation 15/75  F=U(0.5, 1.0)  N_hist=3600
------------------------------------------------------------------------------------------------------------------------
2X1X11X0101XX01XXXXXXXX0XXXX11X2XXX1211XX2XXXXXXXXXXXXXXXXXXXXXXXXXXXXXXXXXXXXXXXX10X1XXXX1XXXXXXXXXXXXXXXXXXXXXXXXXXXXX
XXXXXXXX1XXXXXXXXXX1XXXXXXXXXXXX10XXXX11X3XXXXXXXXXXXXXXXXXXXXX1XX11XXXXXXXXXXXXXXXXXX12XXXXXXXXX1XXXXXXXXXXXXXXXXXXXXXX


Generation 16/75  F=U(0.5, 1.0)  N_hist=3840
------------------------------------------------------------------------------------------------------------------------
X1XX1XXXXXXXX11XXXXXXXXXXXXXXXXXXXXX1XXXXXXXXXXXXXXXXXXXXXXX1XXXXXXXXXXXXXXXXXXXXXXXXXXXXXXXXXXX0XXXX1XXXXXXXXXXXXX11XXX
XXXXXXXXXXXXXXX1XXXXXXXXXXXXXX1XXX1X11XXX1X11XXXXXXXXXXXXXXXXXXXXXXXX1XXXXXX1211XXXXXX1XXXX1X2XXXXXXXXXXXXXXX2XXXXXXXXXX


Generation 17/75  F=U(0.5, 1.0)  N_hist=4080
------------------------------------------------------------------------------------------------------------------------
10111X2XX0XXXXXXXXXXXXXXXXXXXXXXXXXXXXXXXXXXXXXXXXXXXXXXXX1XXXXXXXXXXXXXXXXXXXX11XXXXXXXXXX1XXXXXXXXXXXXX1XXXXXXXXXXXXX1
XXXXXXXXXXXX1XXXXXXXXXXX1XXXXXXXXXXXXXXXXXXXXXXXXXXXXXXX1X1XXXXXXXX1XXXX1XXX1XXXX2XXXXXXXXXXXXXXXXXXXXXXXXXXXXXXXXXXXXXX


Generation 18/75  F=U(0.5, 1.0)  N_hist=4320
------------------------------------------------------------------------------------------------------------------------
XX0XX1XX1XX1X1XXXXXXXXXXXXXXXXXXXXXXXX1XXXXXXXXXXX1XXXXXXXXXXXXXXX1XXXXXXXXXXXX1XXXXXXXXXXXXXX1XXX1XXXX1XXXXXX1XXXX1XXXX
XXXXXXXXXXXXXXXXXXXXXXXXX1XX1X1XXXXXX1X11XX1XXXXXXXXXXXXXXXXXXXXXXXXX0XXXXXXXXXXXX0XXXXX11XXXXXXXXXXXXXXXXXXXXXX1XXXXXXX


Generation 19/75  F=U(0.5, 1.0)  N_hist=4559
------------------------------------------------------------------------------------------------------------------------
11XX1X1XX11XXXXXXXXXXXXXXXXXXXXXXXXXXXXXXXXX21XX11XXX1XXXXXXXXXXXXX1XXXXXXXXXXXXX2111XXXXXXXXXXXXXXXXXXXXXX0XXXXXXXXXXXX
XXXXX0XXXXXXXXXXXXXXXXXX1X1XXXXXXXXXXXXXXXXXXXXXXXXXX1XXXXX1XXXXXXXXXXXXXXXXXXXXXXXXXXX1XXXXXXXXXXXXXXXXXXXXXXX1X1XXXXXX


Generation 20/75  F=U(0.5, 1.0)  N_hist=4800
------------------------------------------------------------------------------------------------------------------------
X1X1XXXXX1XXXXXX1+XXXXXXXXXXX1XXXXXXXXXXXX1XXXXXXXXXXXXXX1XXXXX1X1XXXXXXXX1XXXXXXXXXXXXXXXXX1XXXXXX11XXXXXXXXXX1XXXXXX11
XXX0XXXXXXXXXXX1XXXXXXXXXXXXXXXXXXXXXXXXXXXX1XXXXXXXXXXXXXXXXXXXXXXXXXXX1XXX1XXXXXXXXXXXXXXXXXXXXXXXXXXXXXXXXXXXXXXXXXXX
X


Generation 21/75  F=U(0.5, 1.0)  N_hist=5040
------------------------------------------------------------------------------------------------------------------------
X110XXXXXXXXXXXXXXXXXXXXXXXXXXXXXXXXXXXXXXXXX0XX1XXXXXXXXXXXXXXXXX1XXXXXXXXXXXXXXXXXXXXXX1XXXXXXXX2XXXXX1XXXXXXXXXXXXXXX
XXXXXXXXXXXXXXXXXXXXXXXXXXXXXXXXXXX1XXXXXXXXXXX1XX0XXXXXXXXXXXXX2XXXXXXXXXXXXXXXXXXXXXXXXXXXXX1X1XXXXXXXXXXXXXXXXXXXXXXX


Generation 22/75  F=U(0.5, 1.0)  N_hist=5280
------------------------------------------------------------------------------------------------------------------------
00XX112XX1XXXXXXXXXX1XXXXXXXXXXXXXXXXXXXXXXXXXXXXXXXXXXXXXXXXXXXXXXXX0XXXXXXXXXXXXXXXX11XXXXXXXXXXXXXXXXXXXXXXXX0XXXXXXX
XXXXXXXXXXXXXXXXXXXXXXXXXXXXXXXXXXXX1XXXXXXXXXXXXXXXXXXXX1XXXXXX11XX1XXXXXXXXXXXX1XXXXXXXXXXXX1XX0XX1XXXXXXXXXXXXXXXXXXX


Generation 23/75  F=U(0.5, 1.0)  N_hist=5520
------------------------------------------------------------------------------------------------------------------------
0X111XXX1XXXXXXXXXXXXXXXXXXXXXXXXXXXXXXXXXXXXXXXXXXXXXXXXXXXXXXXXXXXXXXX1XXXXX01XXXXXXXX11XXXXXXXXXXXX1XXXXXXXXXXXXXXXX1
1XXXXXX1XXXXXXXXXXXXXXX2XXXXXXXX1XXXXXX1X1XXXXX1XXXXXXXXXXXXXXXXXXXXXXXXXXXXXXXXXXXXXXXXXX1XXX1XXXXXXX1XXXXXXXXXXXXXXXXX


Generation 24/75  F=U(0.5, 1.0)  N_hist=5760
------------------------------------------------------------------------------------------------------------------------
X1X1XXX1XXXXXXXXX1XXXXXXX1XXXXXXXXXXXXXXXXXXX1XXXXXXXXXXXXXXXX1XXXXXXXXXXXXXXXXX1XXXXXXXXXXXXXXX01XXXXXXXX1XXXXXXXXXX0XX
XXX1XXXXXXXXXXXXXXXXXXXXXXXXXXXXXX1XX0XXXXXXXXXXXXX1XXX11XX1XXXXXXXXXXXXXXXXXXXX1XXXXXXX1XXXXXXXXXXXXXXXXXXXXXXXXXXXXXXX


Generation 25/75  F=U(0.5, 1.0)  N_hist=6000
------------------------------------------------------------------------------------------------------------------------
110X1X1XXXXXXXXXXXXXX0XXXXXXXXX11XXXXXXXXXXXXXXXXXXXXXXXXXXXXXXXXXX01XXXXXXXXXXXXXXXXXXXXXXXXXXXXXXXXXXX00XXXXXXXXXXXXXX
XXX2XXXX10XXXXXXXXXXXXXXXXXXXXXXXXXXXXXXXXXXXXXXXXXXXXXXXXXXXXX1XXXXXXXXXXXXXX1XXXX1XXXXXXXXXXXXXXX0XXXXXXXXXXXXXXXXXXXX


Generation 26/75  F=U(0.5, 1.0)  N_hist=6240
------------------------------------------------------------------------------------------------------------------------
1X1XXXXXXXXX1XXXXXXXXXXXXXXXXXXXXXX1XXXXXXXXXXXXXXX1XXXXXXXXXXXXXXXXXXXXXXXX0XXXXXXXXXXXXXXXX1XXXXXXXXXXXXXXXXXXXXXX0XXX
XXXXXXXXXXXXXXXXXXXXXXXXXXXXX1XXXXXXXXXXXXXXXXXXXXX1X1XXXXXXX1XXXXXXXXXXX1XX0XXXXXXXXXXXXXXXX10XXXXXXXXXXXXXXXXXXXXXXXXX


Generation 27/75  F=U(0.5, 1.0)  N_hist=6480
------------------------------------------------------------------------------------------------------------------------
1X111X1XXX11XXXXXXXXXX1XXXXXXXXXXXXXXXXXXXXXXXXXXXXXXXXX1XXXXXXXX111XXXXXX11XXX1XXXXXXXXXXXXXXXXXXXXXXXXXXXXXXXXXXXXX1XX
XX1XXXXXXXXXXXXXXXXXX11XXXXXXXXXXXXXXXXXXXXXX1XXXX1X1XXXXXXXXXXXXXX1XXXXXXXXXXXXXXXXXXXXXXXXXXXXXXXXXXXXXXXXXXXXXXXXXXXX


Generation 28/75  F=U(0.5, 1.0)  N_hist=6720
------------------------------------------------------------------------------------------------------------------------
1XX1X1XXXXXXXXXXXXX1XXXXXXXXXXXXXX1XXXXXXXXXXXX1XX1XXXXXXXXXXXXXXXXXXXX1XXXXXX1XXXXXXXXXXXXXXXX1XXXXXXXXXXX1XXX1XXXXXXX1
XXXXXXXXXXXXXXXXX0XXX1XXXX1XXXXXXXXXX1XXXXXXXXXXX1XXXXXXXXXXX1XXXXXXXXXXXXXXXXXXXXXXXXXXXXXXXXXXXX1XXXXXXXXXXX1XXXX1XXXX


Generation 29/75  F=U(0.5, 1.0)  N_hist=6959
------------------------------------------------------------------------------------------------------------------------
11X1+XXXX1X1XXXXXXXXXXX1XXX1XXXXXXXXXXXXXXXX1XXXXXXXXXX10XXXXXXXXXXXXXXXXXXX0XXXXXXXXXXXXXXXXXXXXXXXX1XXXX111XXXXXXXXXXX
XXX1X1XXXXXXXXXXXXXXXXXXXXXXXXXXXXXX0XXX10XXXXXXXXXXXXXXXXXXXXXXXXXXXXXXX1XXXXX1XXXXXXXXXXXXXXXXXXXX0X0+XXXXXXXXXXXXXXXX
X1


Generation 30/75  F=U(0.5, 1.0)  N_hist=7199
------------------------------------------------------------------------------------------------------------------------
X1XXXX10X1XX1XXX1XXXXXXXXXXXXXXXXXXXX0XXXXXXXX0XX1XXXXXXXXXX1XXXXXXXXXXXXXXXXX1XXXXXX1XXXXXXXXXXX1XX1XX1XXXXXXXXXXXXXX10
XXXX1XXXXXXXXXXXXXXXXXXXXXXXXXXX1XXXXXXXXXXXXXXXXXXXX1XXXXXXXXXXXXXXXXXXXXXXXXXXXXXXX1XXXXXXXXXXXXXXXXXXXXXXXXXXXXXXXXXX


Generation 31/75  F=U(0.5, 1.0)  N_hist=7440
------------------------------------------------------------------------------------------------------------------------
XXX00XX1XXXXXXXXXXXXXXXXXXXXXXXXXXXXXXXXXXXX0XXXXXXXXXX1XXX1XXXXXXXXXXX1X1XXXXXX1XXXXXXXXXXXXXXXXXX0XXXXXXXXXXXXXXXXXXXX
XXXXXXXXXXXXXXXXXXXXXXXXXXXXXXXXXXXXXXXXXX1XXXXXXXXXXXXX1XXXXXXX1XXXXX1XXXXXXX1X0XXXXXXXXXXXXXXXXXXXXXXXXXXXXX1XXXXXXXX0


Generation 32/75  F=U(0.5, 1.0)  N_hist=7678
------------------------------------------------------------------------------------------------------------------------
0XXX1XX1XXXXXXXXXXXXXXXXXXXXXXXXXXXXXXXXXXXXXXXXXXXXXXXXXXXXXXXXXXXX1XXXXXX1X0X00XXXXXXX1XXXXXXXXX1XXXXXXXXXXXXXXXXXXXXX
XXXX11XXXX01XXXXXXXXXXXXXXXX0XXXXXX1XXXXXXXXXXXXXXXXXXXXXXXXXXXXXXX00XXX0XXXXXX0XXXXXXXXXXX0XXXX0XXXXXXXXXXX0XXXXXXXXXXX


Generation 33/75  F=U(0.5, 1.0)  N_hist=7920
------------------------------------------------------------------------------------------------------------------------
011XX0XXX1XXXXXXXX0XXX1XXXXXXXXXXXXXXXXXXXXXX1XXXXXXXXXXX1XXXXXXX1XXXXXXX0XXXXXXXXXXXXXXXXX1X1XX1XXX1XXXXXXXXXXXXXXXXXXX
XXXXXXXXXXXXXXX11XXXXX1XXXXXXXXXXXXXXXXXXXXXX1XXXXXXXXXXXXXXXXXXXXXXXX1XXXXXXXXXXXXXXXX0XXXXXXXXX1XXXXXXXXXXXXXXXXXXXXXX


Generation 34/75  F=U(0.5, 1.0)  N_hist=8160
------------------------------------------------------------------------------------------------------------------------
10XXXXXXXXXXXXXXXXXXXXXXXXXXXXXXXXXXXXXXXXXXXXXXXXXXXXXXXXXXXXXXXXXXXXXXXXXXXXXX0XXXXXXXX0XXXXXXXXXXXXXXXXXXXXXXXXXX1XXX
XXXXXXXXXXXXXXXXXX0XXXXXXXXXXXXX1XXXX1XXXXXXXXXXXXXXXXXXXX1XXXXX1XX1XXXXXXXXXXXXXXX1XXXXXXXXXXXXXXXX1XXXXXXXXXXXXXXXXXXX


Generation 35/75  F=U(0.5, 1.0)  N_hist=8400
------------------------------------------------------------------------------------------------------------------------
1XXXXXXXXXXXXXXXXXX0XXXXXXXXXXXXXX0XXXX0XXXXXX10XXXXXXXXXXXXXXXXXXXXXXX1XXXXXXXXXXXXXXXXXXXX1XXXXXXXXXXXXXXXXXXXX1XXXXXX
XXXXX1XX0XXXXXXXXXXXXXXXX1XXXXXXXXXXXXXXX0XXXXXXXXXXXXX1X0XXXX01XXXXX0X1XXXXXXXXXXXXXXXXXXXXXXXXXXXXXXXXXXXXXXXXXXXXXXXX


Generation 36/75  F=U(0.5, 1.0)  N_hist=8640
------------------------------------------------------------------------------------------------------------------------
0XXX1XXXXXXXXXXXXX0XXXXXXXXXXXXXXXX0XXXXXXXXXXXXXXXXXXXXXXXXXXXXXXXXXXXXXXXXXXXXX1XXXXXXXXXXXXXXXXXX0XXXXXXXXXXXXXXXXXXX
XX0XXXXX1XX1XXXXX1XXXXX1XX0XXXXXXXXXXXXX0XXXXXXXXXX1XXXXXXXXXXXXXXXXXX0X1XX0X1XXXXX1XXXXXXXXXXX0XXXXXXXXXXXXXXXXXXXXXXXX


Generation 37/75  F=U(0.5, 1.0)  N_hist=8880
------------------------------------------------------------------------------------------------------------------------
XXXX1XXXXXXX1X1XXXXXXXXXXXX1XXXXXXXXXXX1XXXXXXXXXXXXXXXXX0XXXXXXXXXXXXXXXXXXXXXXXXXXXX0XXXXXXX0XXXXXXXXXXXXXXXXXXXXXXXXX
XXXXXXXXXXXXX0XXXXXXXXXXXXXXXXXX0XXXXXXXXXXXXXXXXXX0XXXXXXXXXXX1XXXXXXXXXXXXXXXXXXXX1XXXXXXXXXX1XXXXXXXXXXXXXXXXXXXXXXXX


Generation 38/75  F=U(0.5, 1.0)  N_hist=9120
------------------------------------------------------------------------------------------------------------------------
0X11XXXXXXXXXXXXXXXXXXX0XXXXXXXXXXXXXXXXXXXXXXXXXXXX0XXXXXXXXXXXXXXXXXXXXXXXXXX1XXXXXXXXXXXXXXXXXXXXX1XXXXXXXXXXXX0XXXXX
XXXXXXXXXXXXXXX1XXXXXXXXXXXX0XXXXXXXXXXXXXXX1XXX01XXX0XXXXXXXXXXXXXXXXXXXXXXXXXXXXXXXXXXX1XX0XXXXXXXXXXXXXXXXXXXXXXXXXXX


Generation 39/75  F=U(0.5, 1.0)  N_hist=9360
------------------------------------------------------------------------------------------------------------------------
11XXXXXXXXXXXXXXXXXXXXXX0XXXXXXXXXXXXXXXXXXXXXXXXX1XX0XX1XXXXXXXXXX1XXXXXXXXXXXXXXXXXXX0X1XXXX0XXXXXXXXXXXXXXXXXXXXXXXXX
XXXXXXXXXXXXXXXX1XXXXXX01XXXXXXXXXXXXXXXXXXXXXXXXXXXXXXXXX0XXXXXXXXXXXXXXXXXXXXXXXXXXXXXXXXXXXXXXXXXXXXXXX1XXXXXXXXXXXXX


Generation 40/75  F=U(0.5, 1.0)  N_hist=9600
------------------------------------------------------------------------------------------------------------------------
00XXXXXXXXXXXXXXXXXXXXXXXXXXXXXXXX1XXXXXXXX00XXXXXXXXXXXXXXXXX0XXXX0XXX1XXXXXXXXXXXXXXXXXXXXX1XXXXXXXXXXXXXXX0XXXXXXXXXX
XXXXXXXXXXX01XXXXXXXXXXXXXXXXX11XXXXXXXXXXX1XXXXXXXXXX1XXXXXXX1XXXXXXXXXXXXXXXXXXXXXXXXXXXXXXXXXXXXXXXXXXXXXXXXXXXXXXXXX


Generation 41/75  F=U(0.5, 1.0)  N_hist=9840
------------------------------------------------------------------------------------------------------------------------
11X1X0XXXXXXXXXXXXXXXXXXXXXXXXXXXXXXXXXXXXXXXXXXXXXXXXXXXXX0XXXXXXXXXXXXX1XXXXXXXXXXXXX0XXXXXXXXXXXXXXXXXXXXXXX1XXXXXXXX
XXXXXXXXXXXXXXXXXXXXXXXXXXXXXXX0XXXX1X0XXXXXXXXXXXXXXXXXXXXXXXXXXXXXXXXXXXXXXXXXXXXXX0XXXXXXXXXXXXXXXXXXXXXXXXXXXXXXXXXX


Generation 42/75  F=U(0.5, 1.0)  N_hist=10080
------------------------------------------------------------------------------------------------------------------------
X00XXXXXXXXXXXXXXXXXXXXXXXXXXXXXXXXXXXXXXXXXXXXXXXXXXXXXXXXX1XXXXXXXXXXXXXXXXXXXXXXXXXXXXXXXXX1XXXXX0XXX1XXXXXXXXXXXXXXX
0XXXXXXXXXX1XXXXXXXXXXXXXXXXXXXXXXXXXXXXXXX100XXXXXXXXXXXXXXXXXXXXXXXXXXXXXXXXXXXXXXXXXXXXXXXXXXXX1X1XXXXXXXXX1XXXXXXXXX


Generation 43/75  F=U(0.5, 1.0)  N_hist=10320
------------------------------------------------------------------------------------------------------------------------
11XX01XXXX0XXXXXXXXXXXXXXXXXXXXXXXXXXXXXXXXXXXXXXXXXXXXXXXXXXXXXXX00XXXXXXXXXXXXXXXXXXXXXXXXXXXX0XXXXXXXXXXXXXXXX1XXXXXX
X0XXXXXXXXXXXXXXXXXXXXXXXXXXXXXXXXXXXXXXXXXXXXXXXXXXXXXXXXXXX1XXXXXXXXXXXX1XXXXXXXXXXXXXXXXXXXXXXXXXXXXXXXXXXXXXXXXXXXXX


Generation 44/75  F=U(0.445, 1.0)  N_hist=10560
------------------------------------------------------------------------------------------------------------------------
1XXX0X1X10XXXXXXXXXXXXXXXXXXX1XXXXXXXXXXXXXXXXXXXXXXXXXXXXXXXXXXXXXXXXX1XX1XXXXXX01XXXXXXXXXXXXX1XXXXXXXXXXXXXXXXXXXXXXX
XXXXXXXXXX0XXXXX1XX0XXXX1XXXXXXXXXXXXXXXXXXXXXXXXXXXXXXXXXXXXXXXXXX0XXXXXXXXXXXXXXXXXXXXXXXXXXXXXXXXXXXXXXXXXXXXXXXXXXXX


Generation 45/75  F=U(0.493056632402, 1.0)  N_hist=10800
------------------------------------------------------------------------------------------------------------------------
0X001XX0XX000X0XXXXXXXXXXXXXXXXXXXXXXXXXXXXXXXXXXXXXXXXXXXXXX1XX1XX1X0XXXXXXXXXXXXXXX00XXXXXXXXXX1XXXXXXXXXXXXXXXXXXXXXX
XXXXXXXXXXXXXXXXXXXXXXXXXX1XXXXXXXXXXXXXXXXXXXXX1XXXXXXX0XXXXXXXXXXXX10XXXXXXX0XX0XXXXXXXXXXXXXXXXXXXXXXXXXXXXXXXXXX0XXX


Generation 46/75  F=U(0.5, 1.0)  N_hist=11040
------------------------------------------------------------------------------------------------------------------------
XXXXXXXX1XXXXXXXXXXXXXXXXXXXXXXXXXXXXXXXXXXXXXXXXXXXX0XXXXXXXXXXXXXXXXXXXXX0XX10X0XXXXXXXXXXXXXXXXX0XXXXXXXXXXXXXXXXXXXX
XXXXXXXXXXXXXXX0XXXXXXXXXXXXXXXXXXXXXXXXXXXXXXXXXX0XXXXXXXXXXX0XXXXXXXXXXXXXXX010X0XXXXXXXXXXXXXXXXXXXXXXXXXXXXX0XXXXXXX


Generation 47/75  F=U(0.445, 1.0)  N_hist=11280
------------------------------------------------------------------------------------------------------------------------
X1XXX1X1XXXXXXXXXXXXXXXXXXXXXXXXXXXXXXXXXXXXXXXXXXXXXX0XXXXXXXXXXX0XXXXXXXXXX0XXXXXXXXXXXXXXXXXXX0XXXXXXXXXXXXXXXXXXXX00
0XXXXXX0XXXXXXXXXXX1XXXXX0XX01XX1XXXXXXXXXXXXXXXXXXXXX1XXXXXXXXXXXXXXXXX0XXXXX0XXXXXXXXXXXXXXXXXXXXXXXXXXXXXXXXXXXXXXXXX


Generation 48/75  F=U(0.493056632402, 1.0)  N_hist=11520
------------------------------------------------------------------------------------------------------------------------
1XXXXXX00XXXXXXX0XXXXXXXXXXXXXXXXXXXXXXXXXXXXXX0XXXXXX0XXXXXXXXXXXXXXXXXXXXXXXXXXXXXX0XXXXXXXXXXXXXXXXXXXXXXXXXXXXXXXXXX
X1XXXXX0XXXXXX1XXXXXXXXXXXXXXXXXXXX1XXXXXXXX0XXXXX0XXXX1XXXXXXXXXXXXXXXXXXXXXXXXXXXXXXXXXXXXXXXXXXXXXXXXXXXXXXXXXXX0XXXX


Generation 49/75  F=U(0.5, 1.0)  N_hist=11760
------------------------------------------------------------------------------------------------------------------------
00X10XXX00XXXXXXXXXX0XXXXXXXXXXXXXX0XXXXXXXXXXXXX0XXXX1XXXXXXXX0XXXXXXXXXXXX0XXXXXXXXXXXXXXXXXXXXXXXXXXXXXXXXXXXXXXXXXXX
XXXX1XX0XX01XXXX0X1X1XXXXXXXXXXXXXXXXXXX01XXXXXXXXXXXXXXXXXXXXXXXXXXXXXXXXXXXXXXXXXXXX0XXXXXXXXXXXXXXXXXXXXXXXXXXXXXXXXX


Generation 50/75  F=U(0.5, 1.0)  N_hist=12000
------------------------------------------------------------------------------------------------------------------------
0XXXXXXXXXXXXXXXXXXXXXXX1XXXXX101X1XXXXXXXXXXXXX1XXXXXXXXXXX0XXXXXX0X0XXXXXXXX0XXXXXXXXXX0XXXXXXXXXXXXXXXXXXXXXXXXXXXXXX
XXXX1XX1XXXXXXXXXXXXXXX0XXX0XX0XXXXXXXXXXXXXXXXXXXXXXXXXXXXXXXXXXXXXXXXXXXXXXXXXXXXXXXXXXXXXXXXXXXXXXXXX0XXXXXXXXXXXXXXX


Generation 51/75  F=U(0.5, 1.0)  N_hist=12240
------------------------------------------------------------------------------------------------------------------------
0X0X0XX0XXXXXXXX0XXXXXXXXXXXXXXXXXXXXX000XXXXXXXXXXX0100XXXXXXXXXXXX0XXXXX0XXXX0XXXXXXXXX1XXXXXXXXXXXXXXXXXXXXXXXXXXXXXX
XXXXXXX001XXXXX1XXXXXXXXXXXXXXXXXXXXXXXX00XXXXXXXXXXXXXXXXXX0XXXXXXXXXXXXXXXXXXXXXXXXXXXXXXX1XXXXXXXXXXXXXXXXXXXXXXXXXXX


Generation 52/75  F=U(0.5, 1.0)  N_hist=12480
------------------------------------------------------------------------------------------------------------------------
X1+XXX0XXX0XXXXXXXXXXXXXX0XXXXXXXXXXXXXXXXXXXXXXXXXXXXXXXXXXXXXXXXXXXXXXXXXXXXXXXXXXXXXXXXXXXXXXXXXXXXXXXXXXXXXXXXXXXXXX
XXXXXXXXXXX0XX1XXXXXXXXXXXXXXXXXXXXXXXXX0XXXXXXXXXXXXXXXXXXXXXXXXXXXXXXXXXXXXXXXX0XXXXXXXXXXXXXXXXXX001XXXXXXX0XXXXXXXXX
X


Generation 53/75  F=U(0.5, 1.0)  N_hist=12720
------------------------------------------------------------------------------------------------------------------------
1X0XXXX10XXXXX0XXXXXXXXXXXXX0XXXXXXXXXXXXXXXXXXXXXXXXXXXXXXXXXX0XXXXXXXXXXXXXXX0XXXX1XXXXXXXXXX1XXXXXXXXXXXXXX0XXXXXXXXX
0XX0XXXXXXXXXXXXXXXX0XXXXXXXXXXXXXX0XX1XX0XXXXXXXXXXXXXXX0XXXXXXXXXXX0XXX00XXXXXXXXXXXXXXX0XXXXXXXXXXXXXXXXXXXXXXXXXXXXX


Generation 54/75  F=U(0.5, 1.0)  N_hist=12960
------------------------------------------------------------------------------------------------------------------------
X10XX0XXX0XXXXXXXXXX0XXX1XXXXXXXXXXXXXXXXXX1XXXXXXXXXXXXXXXXX00XXXXXXXXXXXX1XXXXXXXXXXXXXXXXXXXXX0XXXXXXXXX0XXXXXXXXXXXX
XXXXXXXXXXXX0XXXXXXXX0XXXXXXXXXXXXXXXXXXXXXXXXXXXXXXXXXXXXXXXXXXXXXX0XXXXXXXXXXXXXXXXXXXXXXXXXXXXXXXXXXXXXXXXXXXXXXXXXXX


Generation 55/75  F=U(0.5, 1.0)  N_hist=13200
------------------------------------------------------------------------------------------------------------------------
X0XX00XXXXXXXXX0XXXXX0XXXXXXXXXXXXXXXXXXXXXXXXXXXXXXXXXXXXXXXXXX0XXXXX0XXXXXXXXX1XXX1XXXXXXXXXXXXXXXXXXXXX0XXXXXXXXXX0XX
XX0XXXXXXXXXXXXX1XX0XXXXXXXXXXXXXXXXXXXXXXXX0XXXXXXXXXXXXXXXXXXXXXX0XXXXXXXXXXXXXXXXXXXXXXXXXXXXXXXXXXXXXXXXXXXXXXXXXXXX


Generation 56/75  F=U(0.5, 1.0)  N_hist=13440
------------------------------------------------------------------------------------------------------------------------
XXXXXXXXXXXXXXXXXXXX0XXXXXXXXXXXXXXXXXXXXXXXX00XXXXXXXXXXXXXXXXXXXXXXXXXXXXXXXXXXXXXXXXX1XXX0XXX01XXXXXXXXXXXXXXXXXXXXXX
XXXX0XXXXXXXXXXXXXXXXXXXXXXX1XXXXXXXXXXXXXXXXXXXXXXXXXXXXXXXXXXXXXXXXXXXXXXXXXXXXXXXXXXXXXXXXXXXXXXXXXXXXXXXXXXXXXXXXXXX


Generation 57/75  F=U(0.445, 1.0)  N_hist=13680
------------------------------------------------------------------------------------------------------------------------
0X0X000XXXXX1XXXXXXXXXXXXXXXXXXXXXXXXXXXXXXX0XXXXXXXXXXXXXXXXXXXXXXXXXXXXXXXXXXXXXXXXXXXXXXXXXXX0XXXXXXXXXXXXXXXXXXXXXXX
XXXXXXXXXX0XXXXXXXXXXXXXXX1X0XXXXXXXXXXXXXXXXXXXXX0XXXXXXXX0XXXXXXXXXXXXXXXXXXXXXXXXXXXXXXXXXXXXXXXXXXXXXXXXXXXXXXXXXXXX


Generation 58/75  F=U(0.39605, 1.0)  N_hist=13920
------------------------------------------------------------------------------------------------------------------------
0XX1X0XXXXX1XXXXXXXXXXXXXXXXXXXXXXXXXXXXXXXXXXXXX0XXXXXXXXXXXXXXXXX0XXXXXXXXXXXXXX0XXXXXXXXXXXXXXXXXXXXX0XXXXXXXXX0XXXXX
XXXXX0XXXXXXXXXXXXXXXXXXXXXX0X0XXXXXXXXXXXXXXXXXXX0XXXXXXXXXXXXXXXXXXXXXXXXXXXXXXXXXXXX0XXXXX0XXXXXXXXXXX0XXXXXXXXXXXXXX


Generation 59/75  F=U(0.3524845, 1.0)  N_hist=14160
------------------------------------------------------------------------------------------------------------------------
0X0XXXXXXXXXXXXXXXXXXXX0XXXXXXXXXXXXXXXXXXXXXX000XX0X0XXXXXXXXXXXXXXXXXXXXXXXXXXXXXXXXXXXXXXXXXXXXXXXXXXXXXXXXXXXXXXXXXX
XXX00X0XXXX1XXXXX0XXXXXXXXX0XXXXXXXXXXXXXXXXXXXXXXXX0XXXXXXXXXXX0XXXXXXXXXXXXXXX00XXXXXXXXXXXXXXXXXXXXXXXXXXXXXXXXXXXXXX


Generation 60/75  F=U(0.390550158526, 1.0)  N_hist=14400
------------------------------------------------------------------------------------------------------------------------
XXXXXXXXX0XXXXXX0XXXXX1XXXXXXXXXXXXXXXXXXXXXXXX1XX1XXXXXXXXXXXXXXXXXXXXXXXXXXXXXXXXXXXXXXXXXXXXXXXXXXXXXXXXXXXXXXXXX00X0
XXXXXXXXXXX0XX0XXXXXXXXXXXXXXXXXXXXXXXXXXXXXXXXXXXXXXXX0XXXXXXXXXXXXXXXXXXXXXXXXXXXXXXXXXXXXXXXXXXXXXXXXXXXXXXXXXXXXXXXX


Generation 61/75  F=U(0.347589641088, 1.0)  N_hist=14640
------------------------------------------------------------------------------------------------------------------------
0X00XXX0X0XX0XXXXXXXXX1XXX1XXXXXXXXXXXXXXXX0XXXXXXXXXXXXXXXXXXXXXXX00XXXXXXXXXXXXXXXXXXX0XXXXXXXXXXXXXXXX0XXXXXXXXX0XXXX
XXXXX0XXXXXXXXXXXXXXXXXXXXX0XXXXXXXXXXXXXXXXXXXXXXXXXXXX0XXXXXXXXXXXXXXXXXXXXXXXXXXXXXXXXXXXXXXXX0XX0XXXXXXX0XXXXXXXXXXX


Generation 62/75  F=U(0.385126691893, 1.0)  N_hist=14880
------------------------------------------------------------------------------------------------------------------------
00XXX01XX0XXXXXXXXXXX00XXXXXXXXXX00XXX0XX0XXXXXXXXXXXXXXXXXXXXXXXXXXXXXXXXXXXXXXXXXXX0XXXXXXX0XXXXXXXXXX0XXXX0XXXXXXXXXX
X0XXXXXXX0XXXXXX0XXXXXXXXXXXXXXXXXXXXXXX0X0XXXXXXXXXXXXXXXXXXXXXXXXXXXXXXXXXXXXXXXXXXXXXXXXXXXXXXXXXXXX0XXXXX0XXXXXXXXXX


Generation 63/75  F=U(0.342762755785, 1.0)  N_hist=15120
------------------------------------------------------------------------------------------------------------------------
XXXXXX0+X1XXXXXXXXXXXXXXXXX00XXXXXXXX0XXX0X0XXXXXXXXXXXXXXXXXXXXXXXXXXXXXXXXXXXXXXXXX0XXXXXXXXXXXXXXX0XXXXXXXXXXX0X0XX0X
XXXXXXX1XXX0XXXXXXX0XXXXXXXXXXXXXXXXXXX0XXXXXXXXXXXXXXXXXXXXXXXXX0X0XXXXXXXXXXXXXXXXXXXXXXXXXXXX0XXXXXXXXXXXXXXX0XXXXXXX
X


Generation 64/75  F=U(0.379778539506, 1.0)  N_hist=15360
------------------------------------------------------------------------------------------------------------------------
0X0XXXXXXXXXXXXXXXXXXXXXXXXXXXXXXXXXXXXXXXXXXXXXXXX0X0XXXX0XXX0XXXXXX0XXXXXX0XXXXXX1XXXXXXXX0XXXXXXXXXXXXXXXXXXXXXXX0X0X
XXXXXXXXXXX0XXXXXXXXXXXXXXXXXXXXXXXXXXXXXXXXXXXXXXXXXXX0XXXXXXXXXXXXXXXXXXXXXXXXXXXXXXXXXXXXXXXXXXXXXXXXXXXXXXXXXXXXXXXX


Generation 65/75  F=U(0.33800290016, 1.0)  N_hist=15600
------------------------------------------------------------------------------------------------------------------------
00X0XXXXXXXX1XXXXXXXXXXXXXXXXXXXXXXXXXXXXXXXXXXXXXXXXXXXXX1XXXXXXXXXXXX0XX0XXXXXXXX0XXXXXXXXXXXXXX0XXXXXXXXX0XXXXXXXXXXX
XXXXXXXXXXXXXXXXXXXXXXXXXXXXXXXXXXXXX0X0XXXXXXXXXXX0XXX0XXXXXXXXXXXXXX00XX00XXXXXXXXXXXXX0XXXXXXXXXXXXXXXXXXXXXXXXXXXXXX


Generation 66/75  F=U(0.374504655495, 1.0)  N_hist=15840
------------------------------------------------------------------------------------------------------------------------
0X0XXX00XXXXXXXXXXXXXXXXXXX1XXXXXXXXXXXXX00XXXXXXXXXX0XXXXXXXXXXXX0XXX0XXXXXXXXXXXXXXXXXXXXXXXXXXXXXXXXXXXXXXXXXXXXXXXXX
XXXXXXXXXXXXXXXXXXXXXXX0XX0XXX0XXXXXXXXXXXXXXXXXXXXXX0XXXXXXXXXXXXXXXXXXXXXXX0XXXXXXX0XXXXXXXXXXXXXXXXXXXXXXXXXXXXXXXXXX


Generation 67/75  F=U(0.414948324173, 1.0)  N_hist=16080
------------------------------------------------------------------------------------------------------------------------
XXXXXXXXXX0XXXXXXXXXXXXXXXXXXXXXXXXXXXXXXXXXX0XXXXXXXXXXXXXXXXXXXXXXX0XXXXXXXXXXXXXXXXXXXX0XXXXXXXXXXXXXXXXXXXXXXXXXXXXX
X0XXXX0XXXXXXXXXXXXXXXXX1XX0X0XXXXXXXXXXXX0XX0XXXXXXXXXXXXXXXX0XXXXXXXXX0XXXXXXXXXXXXXXXXXXXXXXXXXXXXXXXXXXXXXXXXXXXXXXX


Generation 68/75  F=U(0.459759603006, 1.0)  N_hist=16320
------------------------------------------------------------------------------------------------------------------------
10XXXXXXXXXXXXXXXXX00XXXXXXXXXXXXXXXXXXXXXXXXXXX0XXXXXXXXXXXXXXXXXXXXXXXXXXXXXXXXXXXXXXXXXXXXXX0XXXXX0XXXXXXXXXXXXXXXXXX
XXXX0XX0XXXXXXXXXXXXXXXXXXXXXXXXXXXXXX0XXX0XXXXXXX0+XXX0XXXXXX0XXXX0XXXXXX0XXXXXXX0XXXXXX0XXXXXXXXXXXXXXXXXXXXXXXXXXXXXX
X


Generation 69/75  F=U(0.409186046675, 1.0)  N_hist=16560
------------------------------------------------------------------------------------------------------------------------
0X00XXXX0X00XXXXXXXXXXXXXX0XXXXXXXXXXXXXXXXXXXXXXXXXXXXXXXX0XXXXX0XXXXXXXXXXXXXXXXXXXXXXXXX0XXXXXXXX0XXXXXXXXX0XXXXX0XXX
XXXXXXXXXXXXXXXXXX0XXXXXXXXX0XXXXXXX0XXXXXXXXXXXXXXXXXXXXXXXXXXXXXXX0XX0X0XXXXXXXXXXXXXXXX0XXXXXXXXXXXXXXXXXXXXXXXXXXXXX


Generation 70/75  F=U(0.364175581541, 1.0)  N_hist=16800
------------------------------------------------------------------------------------------------------------------------
XXXXX0XXXXXXXXXXXXXX0X0XXXXXXXXXXXXXXXXXXXXXXXXXXXXXXXXXXXXXXXXXXXXXXXXXXXXXXXXXXXXXXXXXXXXXX0XX0XXXXXXXXXXXXXXXXXXXXXXX
XXXXX0XXXXXXXXXXXX000+XX0XXXXXXXXXXXXX0XXX0XXXXXXXX0XXXX0XXXXXXXXXXXX00XXXXXXXXXXXXXXXXXXXXXXXXX0XXXXXXXXXXXXXXXXXX0X0XX
X


Generation 71/75  F=U(0.324116267571, 1.0)  N_hist=17040
------------------------------------------------------------------------------------------------------------------------
X0XXX0000XXX0XXXXXXX0XXXXXXX0X0XXX1XXXXXXXXXXXXXXXXXXXXXXXXXXXXXXXXXXXXXXXXX0XXXXXXXXXXXXXXXXXXXXXXXXXXXXXXXXXXXX00XXXXX
XXXXXXXXXXXXXXXXXXXXXXXXXXXXXXXXXXXXXXXXXXXXXXXXXXXXXXXXXXXXXXXXXXXXXXXXXXXXXXXXXX0XXXXXX00XXXXXXXXXXXXXXXXXXXXXXXXXXXXX


Generation 72/75  F=U(0.288463478139, 1.0)  N_hist=17280
------------------------------------------------------------------------------------------------------------------------
00XX0X0XXXXXXXXXXXX0XXXXXXXXXXXXXXXXX0XXXXXXXXXXXXXXXXXXXXX0XXXXXXXXXXXXX0XXXXXXX0XXX0XXXXXXXXXXXXXXXXXXXXXXXXXXXXXXXXXX
XX0X00XXXXXXXXXXXXXXXXXX00XXXXXX0XXXXXXXXX0XXXXXXXXXXX0XXXXXXXXXXXX0XXXXXX0XXXXXXXXXXXXXXXXXXXXXXXXXXXXXXXXXXXXXXXXXXXXX


Generation 73/75  F=U(0.319615350791, 1.0)  N_hist=17520
------------------------------------------------------------------------------------------------------------------------
100X0XX0XXXXXXXXXXXXXXXXXXXXXX0XXXXXX0XXXXX0XXXXX0XXXXXXXXXXXXXXXXXXXXXXXXXXXX0XXXXXXX00XXXXXXXXXXXXX00XXXXXXXXXX0XXXX0X
X00XX0XXX0X0XXXXXXXXXXX0XXXXXXXXXXXXXXXXXXXXXX0XX0XXXXXXXXXXXXXXXXXXXXXXXXXXXXXX0XXXXXXXXXXXXX0XXXXXXXXXXXXXXXXXXXXXXXXX


Generation 74/75  F=U(0.354131389944, 1.0)  N_hist=17760
------------------------------------------------------------------------------------------------------------------------
0X00XXXXX0XXX0XXXXXX0XXXXXXXXXXXXXXXXXXXX0XXXXXXXXXXXXXXXXXXXXXXXXXXXXXXXXXXXXXXXXXX0XXXXXXXXXXX0XXXXXXXXXXXXX0XXXXXXXXX
XXXX0XX0XXXXXXXXXX00XXX0XXXXXXXXXXXXXXXXXXXXXXXXXX0XXXXXXXX0XXXXXXXXXXXXXXXXXXXXXXXXXXXXXXXXXXXXXXXXXXXX0XXXXXXXXXXXXXXX


Generation 75/75  F=U(0.31517693705, 1.0)  N_hist=18000
------------------------------------------------------------------------------------------------------------------------
0XX0XX0XXXXXXX0XXX0XXXXXXXXXXXXXXXXXXXXXXXXXXXXXXXXXXXXXXXXXXXXXXXXXXXXXXXXXXXXXXXXXXXXXXX0XXXXXXXXXXXXXXXXXXXXX0XXXXXXX
XXXXXX0XXXXXXXXXXXXXXXXXX0X0+X0XXXXXXXXXXXXXXXXXXXXXXXXXXXXXXXXXX0XXXXXXXX00XXXX00XXXXXXXXXXXXXXX0XXXXXXXXXXXXXXXXXXXXXX
X

Maximum number of iterations reached.

SSE=17.179 on eval 18240: L=2.9652e+08 b=0.832085* r=0.572201 rf=0.97204 t0=58.4714 th=19.3482


Shutting down DE...
DE shutdown complete.

Final population:
Population: 240 individuals with SSE 17.179 to 18.148, avg eval time 0.0407 sec. Top 7:

        SSE |     17.179       17.182       17.184       17.194       17.197       17.202       17.205  
------------------------------------------------------------------------------------------------------------------------
          L | 2.9652e+08   2.7516e+08   1.0277e+08   3.1409e+08** 1.7027e+08    1.049e+08   3.0827e+08  
          b |    0.83208*      7.7614       16.196        16.55       4.1705*      9.5103       22.227  
          r |     0.5722      0.57165      0.52749      0.57511      0.57641      0.59274      0.53685  
         rf |    0.97204       0.9746      0.96084      0.97483      0.97278      0.97847      0.96521  
         t0 |     58.471       58.418       59.611       58.333       58.119       57.704       59.401  
         th |     19.348       19.682       18.345       19.724       19.811        20.35       18.723  
------------------------------------------------------------------------------------------------------------------------
Best individual:
<SSE=17.1786 L=2.9652e+08 b=0.832085* r=0.572201 rf=0.97204 t0=58.4714 th=19.3482>


Elapsed time: 249.13 seconds

Saved final population of best parameter combinations to covid19.dat
Shutting down...
Task Queue is shut down
Goodbye
