Decompressing and parsing covid19.csv.bz2...
Cumulative and new cases reported thus far for Italy
------------------------------------------------------------------------------------------------------------------------
000	01/22	0	0
001	01/23	0	0
002	01/24	0	0
003	01/25	0	0
004	01/26	0	0
005	01/27	0	0
006	01/28	0	0
007	01/29	0	0
008	01/30	0	0
009	01/31	2	2
010	02/01	2	0
011	02/02	2	0
012	02/03	2	0
013	02/04	2	0
014	02/05	2	0
015	02/06	2	0
016	02/07	3	1
017	02/08	3	0
018	02/09	3	0
019	02/10	3	0
020	02/11	3	0
021	02/12	3	0
022	02/13	3	0
023	02/14	3	0
024	02/15	3	0
025	02/16	3	0
026	02/17	3	0
027	02/18	3	0
028	02/19	3	0
029	02/20	3	0
030	02/21	20	17
031	02/22	62	42
032	02/23	155	93
033	02/24	229	74
034	02/25	322	93
035	02/26	453	131
036	02/27	655	202
037	02/28	888	233
038	02/29	1128	240
039	03/01	1694	566
040	03/02	2036	342
041	03/03	2502	466
042	03/04	3089	587
043	03/05	3858	769
044	03/06	4636	778
045	03/07	5883	1247
046	03/08	7375	1492
047	03/09	9172	1797
048	03/10	10149	977
049	03/11	12462	2313
050	03/12	12462	0
051	03/13	17660	5198
052	03/14	21157	3497
053	03/15	24747	3590
054	03/16	27980	3233
055	03/17	31506	3526
056	03/18	35713	4207
057	03/19	41035	5322
058	03/20	47021	5986
059	03/21	53578	6557
060	03/22	59138	5560
061	03/23	63927	4789
062	03/24	69176	5249
063	03/25	74386	5210
064	03/26	80589	6203
065	03/27	86498	5909
066	03/28	92472	5974
067	03/29	97689	5217
068	03/30	101739	4050
069	03/31	105792	4053
070	04/01	110574	4782
071	04/02	115242	4668

Initializing 180 population members having 6 parameters
------------------------------------------------------------------------------------------------------------------------

SSE=74.63 on eval 1: L=3.57334e+07 b=151.086 r=0.106452* rf=0.7421 t0=55.0363 th=13.4479

*

SSE=64.058 on eval 2: L=3.76813e+07 b=310.352 r=0.162647 rf=0.568579 t0=56.918 th=12.1468

!5

SSE=34.93 on eval 4: L=1.32463e+07 b=378.205 r=0.117497 rf=0.703142 t0=63.8202 th=6.76684

!25461175261122133233122323455122311113111214321222246613211281384466162202213516262222114953154213218516371564221734
1

SSE=33.798 on eval 122: L=5.10855e+07 b=192.176 r=0.233477 rf=0.939475 t0=58.5223 th=11.951

!3532211133341103427632211221154121313321623893221231212864

Population: 180 individuals with SSE 33.798 to 332.41, avg eval time 1.41 sec. Top 7:

        SSE |     33.798       33.909        34.93       34.974       34.983       36.487       36.647  
------------------------------------------------------------------------------------------------------------------------
          L | 5.1085e+07    1.371e+07   1.3246e+07   2.2494e+07   8.2605e+06   2.4726e+07   3.0458e+07  
          b |     192.18       308.07       378.21       356.41       326.76        37.06       302.64  
          r |    0.23348      0.19952       0.1175      0.22793      0.12916      0.13334      0.13612  
         rf |    0.93948      0.91499      0.70314      0.84516      0.72348       0.9177      0.91242  
         t0 |     58.522       59.016        63.82       58.194       61.423        63.74        64.27  
         th |     11.951       14.165       6.7668       8.6043       5.3991       14.485**     13.769  
------------------------------------------------------------------------------------------------------------------------
Best individual:
<SSE=33.7983 L=5.10855e+07 b=192.176 r=0.233477 rf=0.939475 t0=58.5223 th=11.951>


Population: 180 individuals with SSE 33.798 to 332.41, avg eval time 1.41 sec. Top 7:

        SSE |     33.798       33.909        34.93       34.974       34.983       36.487       36.647  
------------------------------------------------------------------------------------------------------------------------
          L | 5.1085e+07    1.371e+07   1.3246e+07   2.2494e+07   8.2605e+06   2.4726e+07   3.0458e+07  
          b |     192.18       308.07       378.21       356.41       326.76        37.06       302.64  
          r |    0.23348      0.19952       0.1175      0.22793      0.12916      0.13334      0.13612  
         rf |    0.93948      0.91499      0.70314      0.84516      0.72348       0.9177      0.91242  
         t0 |     58.522       59.016        63.82       58.194       61.423        63.74        64.27  
         th |     11.951       14.165       6.7668       8.6043       5.3991       14.485**     13.769  
------------------------------------------------------------------------------------------------------------------------
Best individual:
<SSE=33.7983 L=5.10855e+07 b=192.176 r=0.233477 rf=0.939475 t0=58.5223 th=11.951>

Performing DE with CR=0.8, F=U(0.5, 1.0), DE/rand-1.00/1/bin
------------------------------------------------------------------------------------------------------------------------
Press the 'Enter' key to abort.



Generation 1/50  F=U(0.5, 1.0)  N_hist=180
------------------------------------------------------------------------------------------------------------------------
2X3XX5X3X3XXX22XXXXXX511XXXX1X12XXXXX13X1X1XXX2X5XX21XXXXX3X1211XX320X1X1X231XXXX1X18X2X1111XX22X2XXX131XX539X1X2XXX313X
11X41X2X23X1XX2541X2211XX21212X14X2XXX31XXX21XX6XX1135XX12X1


Generation 2/50  F=U(0.5, 1.0)  N_hist=360
------------------------------------------------------------------------------------------------------------------------
XX1X1XXXXX2221XXX1X2XXX11X01XXX2X212XXXXXXX2XX2XX1XXX3X2XX1X1XX1XXX12XXXX13011XX12XXX1X1XX2X11XXXX2X2X21X22210+XX12X22XX
3X12XXXXXXX2XXX12XX3XX111XX2XX2XXXXX1XXXXXXXXXX3112X1232XXX1X


Generation 3/50  F=U(0.5, 1.0)  N_hist=540
------------------------------------------------------------------------------------------------------------------------
XX1X1X211103XXXXXXX11XX1X11XX21X2X21X1X0XXX2XX11210X1XXXXXX21XXXX2XXXXXX11XXXX1X2XX1XXXXX1X1XXX1X120XXXX1XX10X11XXXXXXX1
2XX1XXX1+1X1+1X1XXXX1XXXXXXX1X1201X211XXX1XXX10XXXXX222XXX12XX


Generation 4/50  F=U(0.5, 1.0)  N_hist=720
------------------------------------------------------------------------------------------------------------------------
X1XXXXXXX1XXXX1+1XX2XXX2+XX1XXXXXXX2X1X2XXXX2XX1XXXX221X1X1XXX1XXX1XXXXX2X0XX2XXXX01XXX11XXX12XXX1XXX111X3XXXXX2XXXX11XX
1XX1XXX1XX0XXX21XXXXXXXX2XXX1X1X12XXXXXXXXX1X0XX1

SSE=32.831 on eval 887: L=2.35556e+06* b=235.991 r=0.137873 rf=0.697689 t0=62.3923 th=4.80737

+11X21X1X11X11


Generation 5/50  F=U(0.5, 1.0)  N_hist=900
------------------------------------------------------------------------------------------------------------------------
1X2XXXXX0XXXX1XX11XXX2X3X1XXX1XXXXXX1X1XXXXX11+XX1X0XXXX1XXX21XX1XXX1X1XX2X101XX1XXXX2XXX0XX011XXXX111X0XX1XXX1XXXXXXXXX
XXX1X11XXX0XXXXX2X31X0XX1X1XXXXX1XX1X1XXX2XXXXXXXX1XX1X1X10XX


Generation 6/50  F=U(0.5, 1.0)  N_hist=1080
------------------------------------------------------------------------------------------------------------------------
X1XX1+X2XXXXXXX1XX1XXXXXXXXX11X1XXXX1XXXX1XXXX1XXXXXXXX01XXX1XXXX11XXXX111X1XXXXXX1XX1X011XXX1XXXXXX1XXXXXXXXXX1X0XXXXXX
XXXXXXX1X1XXX1XXXXX11XXXXXXXX0XXX1XX01XXXXX10XXX11XXXXX1X10XX


Generation 7/50  F=U(0.5, 1.0)  N_hist=1260
------------------------------------------------------------------------------------------------------------------------
X11XXXX1X10XXXXXXXX11X1XXXXXX1XXXXXXXXXX1XX0X11X1X1XX1XXX1X1XXXXXX1XXXXX1XXX1XXXXXXXXXXXXX1XXXX1XXXX1XXXXXXXXXXXXXXX10XX
XXXXXXX1X111XX1X1X1X0X1XX1X011XXX11XXX11XXXXX110X1X111XXXXXX


Generation 8/50  F=U(0.5, 1.0)  N_hist=1440
------------------------------------------------------------------------------------------------------------------------
XXXXXXXX1XXXX1XXXXXXX1XXXXX1XX1XX11101XXXXXXXXXXX11XXXXXXX0X01110110XXXXXXXXXXXXXXXXXXX0XXX11XXXXXXXXXXXXXXXX1XXXXXXXX0X
111XXXX1X0XXXXXXXX1X1XXXX1XXXXXXXXXXX1XXXXXXXXXXXXXXXXXXXXXX


Generation 9/50  F=U(0.5, 1.0)  N_hist=1620
------------------------------------------------------------------------------------------------------------------------
1111110X01XXXX1XXX01XXXXXXXX100XXXXXXXX0XXXX1XXXXXXXX01XXXXXXXXXXXXXXXXXXXXXX0XXXX1XXXXXXXXXXX11XX10XXXXXXXXXXXX1X111101
1XXXXXXXXXXXXXX1XXX1XXXXXXXXXXXXXXXXX1XXXXXXXX1XXXXXXXXXXXXX


Generation 10/50  F=U(0.5, 1.0)  N_hist=1800
------------------------------------------------------------------------------------------------------------------------
1011XX10XX1XXXX0XXXXXXXX1XXXXXXXXX111XXX011XXXXXX1XXXX0X1X1XXXX0XXXXXXXXXXXX1X11XX01XXXXXXXXXXXXXXXXXXX11XXXXXX1XXXXX1XX
XXXXXXXXXXX01XXX1XXXXXXXXXXXXXXX111XX11XXXXX11XXX1X11XXXXXXX


Generation 11/50  F=U(0.5, 1.0)  N_hist=1979
------------------------------------------------------------------------------------------------------------------------
X10XXX0XXXXXXXXXX1XXXXXXXXXXXXXXXXXXX1XXXXXXXXXXXXXXXX10XX1XX0X1XXXXXXXXXXXXXXXXXXX1XXXXXXXXXXXXXXXXXXXXXX0X101XXXXXXXXX
XX0XXXXX1XX1XX11XXXXXXXXXXX1XXXXXXXXXXXXX1XXXXXXXXXXXXXXXX1X


Generation 12/50  F=U(0.5, 1.0)  N_hist=2160
------------------------------------------------------------------------------------------------------------------------
1+11XXX0XXX11XXXXXXXXXXXXXXXXXXXX111XXXXXXXXXXXXX11XXXXXXXXXXXXXXXXXXX011X1XXXXXXXXXXXXXXXXXXX1XXXXXXXX1+X1XXXXXXXXXX0XX
XXXXXX1XXXXXXX0XXXXXXXXXXXXXXXXX1X11+XXXXXXXXXXXXXXXX100XXXXXXX


Generation 13/50  F=U(0.5, 1.0)  N_hist=2340
------------------------------------------------------------------------------------------------------------------------
101101XXXXXXXX0X0XXXXXXXXXXXXX11XXXX1XXXXX1001XXXXXX11XXX1X0XXXXXXXXXXXXXXX1XXXXXXXXXXX111X0XXXXXXXXX001X1XXXXXX1XXXX1XX
1XX101XXXXXXXXXX1X1XXXXXXXXXXXXXXXXXXXXXXXXX0XXXXXXXXXXXXX00


Generation 14/50  F=U(0.5, 1.0)  N_hist=2518
------------------------------------------------------------------------------------------------------------------------
110101XX0X1XXX0XXXXXXXXXXXXXXXXXX1XX10XXX10XX0X1XXXXXXXX0XXXXXXX00X11XXXXXXXXXXXXXXXXXXXXXX0X0XXXXXXXXXXXXXXXXXXXXX0XXXX
XX1XXXXXXX0X0XXXXXXXXXXX1XXXXXXXXXXXXXXXXXXXXXX1XXXX0XXXXXXX


Generation 15/50  F=U(0.5, 1.0)  N_hist=2700
------------------------------------------------------------------------------------------------------------------------
011X11

SSE=32.114 on eval 2727: L=848578* b=74.6013 r=0.149499 rf=0.736 t0=62.5076 th=6.53534

+1X0XXXXXX0XXXXXXX1XXXXXXXXXXXXXXXXXXXXXXXXXXXXXXXXXX0XX1X1XXXXXXXXXXX1XXXX1XXXXXXX0XXXXXXX01XXXXXXXXXXXXXX1XXX1X0
11XXXX101XXXXXXXXXXXXXXXXXXXX0XXXXXXXXXXXXXXXXXXX0XXXXXXXXXX0


Generation 16/50  F=U(0.5, 1.0)  N_hist=2879
------------------------------------------------------------------------------------------------------------------------
100X0001XXXXXXXXXXXXXXXXXX1XXXXXXXXXXXXX0XXXXXXXXXXXXXXXXX0XXXXX1XXXXXXXXXXXXX100XX11XXXXXXXXXXXXXXXXXX00XXXXXXXXXXXXXXX
XX0XXXXXXXX0XXXX1XXXXXXXXXXXX1XXXXXXXXXX1XXXXXXXXXXX1XXXXXXX


Generation 17/50  F=U(0.5, 1.0)  N_hist=3060
------------------------------------------------------------------------------------------------------------------------
0X0XX01X0XXXXXXXXXXXXXXXXXXXXXXXX0XXXXXX1XX011XXXXXXXXXXXXXXXXXXX00XXX1X01XXXXX00XXXXXXXXXXXXXXXXXXXXXX0XXX00XXXXXXXXXXX
XXXXX0XXXXXXXXXXXXXXXXXXXXXXXXXXXXXXXX1X0XXXXXXXXXXXXXXXXXXX


Generation 18/50  F=U(0.5, 1.0)  N_hist=3240
------------------------------------------------------------------------------------------------------------------------
101110XX1XX10XX10110XXXXXX0XXXXXXXXXXXXXXXXXXXXXXXX0XX10X0XX000XXXXXXXXXXXXXXXXXXXXXXXXX0XXXXXXXXXX01XXXXXXXXXXXXXXXXXXX
XXXXXX0XX1X10XXXXXX0XXXXXXXXXXXXXXXXXXXX1XX1XXXXXXXXXXXXXXXX


Generation 19/50  F=U(0.5, 1.0)  N_hist=3420
------------------------------------------------------------------------------------------------------------------------
X1011XXXXXXXXXXXXXXXXXXXXXX0XXXXXXXXXX1XXX01XXX1XXXXXXXX1XXXXXXXXXXXXXXXXXXXXXXXXXXXXXXXX0XXXXXXXXXX0XXXXXX0X1X00XXXXXXX
XXXX00XXXXX0XXX010XX10X1XXXXXXXXXXXXXXXXXXXXXX0XXXXXXXXXXXXX


Generation 20/50  F=U(0.5, 1.0)  N_hist=3600
------------------------------------------------------------------------------------------------------------------------
000000X0XXXXXXXXX1XXXXXXXXXXXX000XXXXXXXXXXXXXXXX0XXXXXX01X0XXXX0XXXXXXXXXXXXXXX1XXXXXX0XXXXXXXXXXX0XXXXXX0X1XXXXX10XXXX
XXXXX0X10XXXXXXXXXXXXXXXXXXXXXXXXXXXXXXX0XXX0XXXX0XXXXXXXXXX


Generation 21/50  F=U(0.5, 1.0)  N_hist=3780
------------------------------------------------------------------------------------------------------------------------
10011X0XXX0XXXXXXX00XXXXXXXXXXXXXXXXXXX0XX0XXXXXXXXXXXXX1XX01XXXXXXXXXXXXXXXXXXXXX001X11XX0X0XXXXXXXXXXXX00XXXXXXXXXXXXX
XXXXXX0XXXXXXX1X0XXXXXXXX0XXX00XXXXXXXXXXXX0XXXXX0XXXXXXXXXX


Generation 22/50  F=U(0.5, 1.0)  N_hist=3960
------------------------------------------------------------------------------------------------------------------------
01101XXXXXXX1XXXXXXX0XXXXXXX1XXXXXXXXXXXX0XXXXXX0XXX0XXXXXXXXXXXXXXXXXXXX0XXXXXXXXXXXXXXX0XXXXXXXXXX001X01X1XXXXXXXXXXXX
XXX0XXXXXXXXXXXXX0X01X1X01XXXXXXXXXXXXXXXXXXXXXXXXXXXXXXXXXX


Generation 23/50  F=U(0.5, 1.0)  N_hist=4140
------------------------------------------------------------------------------------------------------------------------
010010XXXXXX1XXXXXXXXXXXXXXXXXXXXXX0X1XXX0XXX0XXXXX0XXXXX000XX1X0XXXXXXXXXXXXXXXXXX01XXXXXX00XX0X111X0XXXXXXXXXXXXXXX0XX
XXXX0XXXXXX00XXXXX000XXX0XX0XXXXXXXXXXXXXXXXXXXXXXXXXXXXXXXX


Generation 24/50  F=U(0.5, 1.0)  N_hist=4320
------------------------------------------------------------------------------------------------------------------------
100XXXXXXXXXXXXXXXXXXXXXXXXXXXXXXXXXXX0XXXXXXX0XXXXXXXXX0XXXXXXX0XXX0XXXXXXXXXXXXXXXXX1XXXXXXXXXXXXXXXXXXXXXXXXX0XXXXXXX
X011XXX0XXXXXXXXXXXXXXXXX0X0XXXXX1XXXXXX0XXXXXXXXXXXXXXXXXXX


Generation 25/50  F=U(0.5, 1.0)  N_hist=4500
------------------------------------------------------------------------------------------------------------------------
00X00XXXXXXXXXXXXXXXXXX00XXX1XXXXXXXXX1XXXXXX0XXXXXXXXXXXX00+XXXXXXXXXXXXXXXXXXXXX0XXXXXXXXXXX0XX1XX00XXXXXXXXXXXXXXXXXX
XXXXXXXXXXXX00XXXXXX0XX1XXXXXXXXXXXXXXXXXXXXXXXXX10XXXXXXXX0X


Generation 26/50  F=U(0.5, 1.0)  N_hist=4679
------------------------------------------------------------------------------------------------------------------------
0000XXXX0XXXXXXXXXX0XXXX0XXXXXXXXX010X0X1XXXXXXXXXXXXXXXXXXXXXXXXXXXXXXXXXXXXXXXX1XXXXXX0XXXXXXXXXX0XXXXXXXXXXXXXXXXXXXX
0X0XXXXXXXXXXXXXXXXXXXXXX0XXXXXX0XXXXXXXXXXXXXXX00XXXXXX1XXX


Generation 27/50  F=U(0.5, 1.0)  N_hist=4859
------------------------------------------------------------------------------------------------------------------------
0X0XXXXX0XXXXXXXXXXXXXX1X0XXXXXXXXXXX100XXX0XXXXXXXXXXXXXXXXXXXX0XX0X0XXXX00XXXXXXXXXXXXXXXXXXX0XXXXXXXXXXX00XXXXXXXXXXX
XXXXXXXXXXXX0XXXXXXXXXXXXXXXXXXX0XXXXXXX0XXXXXX0XXXXXXXXXXXX


Generation 28/50  F=U(0.445, 1.0)  N_hist=5040
------------------------------------------------------------------------------------------------------------------------
00X0+XXXXXXXXX000XXXXXXXXXXXXXXXXXXXXXXXXXXXXXX10XXXXXXXXXXXX0XX00XXXXXXX1XXXXXX01XXXXXXXXXXXXXXXXXXXXXXXXX1XXXXXX0XX00X
XXXXXXXXXXXXXXXXXXXXXXX0X0XXXXXX0XX0XXXXXXXXXXXXXXXXXXXXXXXXX


Generation 29/50  F=U(0.493056632402, 1.0)  N_hist=5220
------------------------------------------------------------------------------------------------------------------------
1X000X00XX1XXXXXXXXXXXXXXXXXXXXXXXXXXXXXXXXXXX00XXXXXXXXX0XXXXXXXXXX0X0XXXXXX10XX0XXX0XX0000XXXXXXXXXXXX0X0XXXXXXXX0XXXX
XXXXXXXXXXXXXXXXXXX0X0XXXXXXXXXXXXXXXX000XX0XXXXXXXXXXXXXXXX


Generation 30/50  F=U(0.5, 1.0)  N_hist=5400
------------------------------------------------------------------------------------------------------------------------
0XXXXXXXXXX0X0XXXXXXXXXXXX0XXXXXX0XXX0XXXXXX0+XX0XXXX1XX0XXXXXXXXXXXXXXX000XXXXXXX0X0XXXXXXXXXXXXXXX1X0X0XXXXXXXXXXXXXXX
XXXXXX1XXXXXXXX01XXXX000X0XXXXXXXXXXXXXXXXXX0XXXXXXXXXXXXXXXX


Generation 31/50  F=U(0.5, 1.0)  N_hist=5580
------------------------------------------------------------------------------------------------------------------------
00000XXX0XXXXXXXXXX000XXXXXXXXXXXXXXXXXXXXXXXXXX00000X0XXXXX0XXXXX1X1+XXXXXXXXXXXXXXXXXXXXXXXXXXXXXXXXXXXXXXX0XX0XX0XXXX
XX0XXXXXXXXXXXXXX0X0000XXXXXXXXXXXXXXX0X0XXX0XXXX1XXXXXXXXXXX


Generation 32/50  F=U(0.5, 1.0)  N_hist=5760
------------------------------------------------------------------------------------------------------------------------
01000X0X0XXXXXXXXXX0XXX0XXXXXXXXXXXXXXXXXX00XXXXXXXXXXXXXXXXXX0XX0XXXXXXXXX0X001XX00XX0100X0XX00XXXX1XXXXXXXXXXXXXXXXX0X
00XXXXXXXXXXXXXXXXXXXXXXXXXXXXXXXXX000XXXXXXXXXXXXXXXX0XXXXX


Generation 33/50  F=U(0.5, 1.0)  N_hist=5940
------------------------------------------------------------------------------------------------------------------------
000XXXXXX0X0XX00XXXXXXXXXXXXXXXX0X0X0XXXX0XXX0XXXXXXXX0XXXXXXXXXXXX0XXXXXXXXX00XXXX0XXXX00XXX0XXXXXXXXXXXXX0XXXXXXXXXXXX
XXXX000X0XXXXXXXXXXXXXXXXXXX0XXXXXXXXXXXXXXXXXXXXXX0XXXXXXXX


Generation 34/50  F=U(0.5, 1.0)  N_hist=6120
------------------------------------------------------------------------------------------------------------------------
0000X0XX0X0XXXXXXXXXXX0XXXXXXXXXXXXXXXXXXXXXXXXXXXXXXXXXXX0XX0XXXXXXXX0XXXXXXXXXXXXXXXXXXXX0X00XXXX00X001XXXXX0XXXXXXXXX
XXXXXXXXXXXX0XX000XXXXXX1XX0XXXXXXXXXXXXXXXX0XXXXXXXXXXXXXXX


Generation 35/50  F=U(0.5, 1.0)  N_hist=6300
------------------------------------------------------------------------------------------------------------------------
000XXX0XXXXXXX0000XXXXXXXXXXXXXXXXXXXXX0XXXX0XXXXX0XXXXXXX00XXX0XXXXX0XXXXXXXXXXX0XXXXXX0010XXXXXXXXXXXXXXXXXXXXXXX0XXXX
XXX0XXXXXX0XXXXXXXXXXXXXXXXXXXXXXXXXXXXXXXXXX0XXXXXXXXXXXXXX


Generation 36/50  F=U(0.5, 1.0)  N_hist=6480
------------------------------------------------------------------------------------------------------------------------
0000X0000X0XXXXXXXX0X1XX0XXXXXXXXXXXXXXXXXXXXXXXXXXXXXXXXXXXXXXXXXXXXXXXX0X0XX00XXXXXXXXXXXXXX0XXXXXXXXXXXXX0XXXXXXXXXXX
XXXXXXXX0XXXXXXXX0X0X0XXXXXXXXXXXXXXXXXX000XXX0XXXXXXXXXXXXX


Generation 37/50  F=U(0.5, 1.0)  N_hist=6660
------------------------------------------------------------------------------------------------------------------------
0+XXXXXXXXXXXXXXXXXXXXXXXXXXXXX0XX00XXXXXXXXXXXXXXXXX000XXXX0X00XXXXXXX0XXXXXXXXXXXXXX0XXXXXXXXX0XXXXXXXXXXXX0X0000XXXXX
XXXXXXXX0XX0XXXXXXXXX0XXXXXXXXXXXXXXXX0XXXXXXXXXXXXXXXXXX0XXX


Generation 38/50  F=U(0.5, 1.0)  N_hist=6840
------------------------------------------------------------------------------------------------------------------------
XXXXXXX0XXX00XX0XXXXXXXXXXXXXXXXXXXX0XXXXXXXX00X0X0XXXXX0XXXXXXXXXXXXX00X00XX0XXXXXXXX0XXXXXXXXXXXXXXX00XXXXXXXXXXXXXX0X
XX0XX0XXXXXXXXXXXXXXXXXXXXXXXXXX00XXXXXXXXXXXXXXXXXXXXXXXXXX


Generation 39/50  F=U(0.445, 1.0)  N_hist=7020
------------------------------------------------------------------------------------------------------------------------
00XX0000X0XXX0XXXXXXXXXXX00XXXXXX0X0XXXX0XXXXXXXXXXXXXXXX0XX0000X0+XX00XXXXXXXXXXXXXXXX0XXX0XX0XXXXXX00XXXX00XXXXXXXXX0X
XX0XXXXXXXXXX0XXXXXXXXXXXX00XXXXX0XXXXXXXXXXXXXXXXXXXXXXXXXXX


Generation 40/50  F=U(0.493056632402, 1.0)  N_hist=7200
------------------------------------------------------------------------------------------------------------------------
00XXX00XXXX0XXXX0XXXXXXX0XXXX00XXXXXXXXXXXXXXXXXXXXXXXXXX0XXXXXXX0XXXX0XXXXXXXX0XXXXXXXXXX0XXX0X00XX0X0XX0XXXXX0XXXXXXXX
XXXXXXXXXX00XXXXXXXXX0XXXXXXXXXXXXXXXXXXXXXXXXX0XX0X0XXXXXXX


Generation 41/50  F=U(0.5, 1.0)  N_hist=7380
------------------------------------------------------------------------------------------------------------------------
0000XXXX0XXXXX0XXXXXXXXXXXXXXXXXXXXXXXXXXXXX0XX00XXX00XXXXXXXXXXXXXXXX000000X00X00XX0XXXXXXX0XXXXXXXX0XXXXXXXX0XXXXXXXX0
XXXX00XXXX0XXXXXXXXXX00X00X0XXXXXXXXXXXXXXXXXXXXXXXXXXXXXXXX


Generation 42/50  F=U(0.5, 1.0)  N_hist=7560
------------------------------------------------------------------------------------------------------------------------
00000X0XXXXXXXXXXX0XXXX0XXXXXXXXXXXXXXX0XXXXXXXXXXXXXXXXXXX0XX0XXXXXXX0XXXXXXX0XXXXXXXXXX000XXXXXXXXXXXXX0XXXXXXX00XXX00
X00XXXX0XXXXXXX000XXXXXXXXXXXXXXXXXXXXXXXXXXXXXXXXX0XXXXXXXX


Generation 43/50  F=U(0.5, 1.0)  N_hist=7740
------------------------------------------------------------------------------------------------------------------------
00X00XX0XXXXXXX0XXXXXXX0XXXXX0XXXXXXXXXXXXXXXX000XXXXXXXXX0XXXXX0XXXXXXXXXXXXXXXXXXX0XXXXX0XX0XXXXXXXXXXXX0XXXXXXXXXXX0X
XXX00XXXXX0XXXX0XXX00XXXXXXXXXXXXXXXXXXXXXXXXXXXXXXXXXXXXXXX


Generation 44/50  F=U(0.5, 1.0)  N_hist=7920
------------------------------------------------------------------------------------------------------------------------
000000XXXXXXXXXXXXXXXXXXXXXXXXXX000X000XXXXXXXXXXXXXXXXXXXXXX0XXXXXXXXXXXXXXXXXXXXXX00X0XXXXXX0XXXX0X0XXXXXXXXX00XXXXXX0
XXXX0X0X0XXXXXXXXXX00XXXXXXXXX0X00XXXXXXXXXXXXXXXXXXXXXXXXXX


Generation 45/50  F=U(0.5, 1.0)  N_hist=8100
------------------------------------------------------------------------------------------------------------------------
000XXXXXXXXX0XXXXXXXXXXXXXXXXXXXXX0XXXXXXXXXXXXXXXXXXXXXXXXXXXXXXXXXXXXXXXXXXXXXX0X000XXXXX0XXXXXXXXXXXXXXXXXXXXXXXXXXX0
X00XXXXXXXXX0XXX00XXXX0XX0XXX00XXXXXXXXXX0X0XXXXXXXXXXXXXXXX


Generation 46/50  F=U(0.5, 1.0)  N_hist=8280
------------------------------------------------------------------------------------------------------------------------
0000XXXXXXXXXXXXXXXXXXXXXXXXXXXX0XXX00XXXX0XXXXXXXXXXXXXXXXXX0XXXXXXX0XXXX0XX00000XXXXXXXXXXXXXXXXXXXXXXXXX0XX00XXXXXXXX
XX0XXXX0XXXXXXXXX0X0XXXXXXXXXXXXXXXXXX0XXXXXXXXXXXXX0XXXXXXX


Generation 47/50  F=U(0.445, 1.0)  N_hist=8460
------------------------------------------------------------------------------------------------------------------------
0000X00X0XXX0XXXXXXXXXXXXXXXXXXXXXXXX00XX0XXXX0000XXX00XXX0XXXXXXXXXXXXXXXXXXXX00XXXXXXXXXX0XXX000XX00XXXX0XXXXXXXXXX0XX
XXX0XXX0000XXXXXXXXXXXXXXXXXXXXX00XXXXXXX00XX00XXXXXXX0XXXXX


Generation 48/50  F=U(0.493056632402, 1.0)  N_hist=8640
------------------------------------------------------------------------------------------------------------------------
000X000XXXXXXXXXXXXXXXXXXXXX0XXXXXX0XX0XXXXXXXXXXXXXXXXXXXXX0XX0XXXXX0XX0XXXXXXXXXXXXXXXXXXXXXXXXX0XX0X0XXXXXXXXXXXXXXXX
0X0000XXXXXXXXXXX0XXXXXXXXXX0X0XXXXXXXXXXXXXXXX0X0XXXXXXX0XX


Generation 49/50  F=U(0.438820402838, 1.0)  N_hist=8820
------------------------------------------------------------------------------------------------------------------------
00XX0XXXXXXXXXXXXXXXXXXXXXXXXXXXXXXXXXXXXXXX0XXXXXXXXXX0X0X0XXX000XXXXXXXXXXXXXXXXXXXXXXXX0XXXXXXXXXXXXXXXXX0XXXXXXXXXXX
XX0X0XXXXXX0XX0XXXXXXXX0X0XXXXXXXXXX00XXXXX00XXXXXXXXXXXXXXX


Generation 50/50  F=U(0.486209685511, 1.0)  N_hist=9000
------------------------------------------------------------------------------------------------------------------------
00000X0XXXXX0XXXXXXXXXXXXXXXXXXXXXXXXXXXXXXXXX0XXXXXXXX0X0XXXXXXXXXXXXXXXX000XXXXXXXXXXX0X00X0XXXXXXXXXXXX0XX00XXXX0XXXX
XXXXXX0X00XXXXX0X00XXXXXXXXX0XXXXXXX00XX000XXXXX00XXXXXXXXXX

Maximum number of iterations reached.

SSE=31.964 on eval 9180: L=5.70229e+07** b=2.80968* r=0.153908 rf=0.784866 t0=61.6324 th=7.49958


Shutting down DE...
DE shutdown complete.

Final population:
Population: 180 individuals with SSE 31.964 to 32.393, avg eval time 0.0215 sec. Top 7:

        SSE |     31.964       31.975       31.977       31.979       31.982       31.986       31.992  
------------------------------------------------------------------------------------------------------------------------
          L | 5.7023e+07**  5.195e+06   5.9453e+07** 5.7459e+07** 5.8668e+07** 1.3533e+07   4.4302e+07  
          b |     2.8097*      2.5409*      8.2382*     0.73973*      2.4152*      0.1784*      3.6777* 
          r |    0.15391      0.14828      0.15768      0.15256      0.15028      0.16119      0.15242  
         rf |    0.78487      0.76464      0.80083      0.77491       0.7883      0.80334      0.79017  
         t0 |     61.632       62.074       61.524       61.824        62.09        61.42       61.753  
         th |     7.4996       6.8674       7.7878       7.0796       7.2715       7.9842       7.7512  
------------------------------------------------------------------------------------------------------------------------
Best individual:
<SSE=31.9640 L=5.70229e+07** b=2.80968* r=0.153908 rf=0.784866 t0=61.6324 th=7.49958>


Elapsed time: 137.92 seconds

Saved final population of best parameter combinations to covid19.dat
Shutting down...
Task Queue is shut down
Goodbye
