Decompressing and parsing covid19.csv.bz2...

Initializing 120 population members having 4 parameters
------------------------------------------------------------------------------------------------------------------------
*!2111112154!4275232224231!!32851922691!3461!194699992641959!29229199369933795999924449993!69989989999939999899999998949


Population: 120 individuals with SSE 889.75 to 60227, avg eval time 0.00674 sec. Top 7:

        SSE |     889.75       1583.7       2341.5         2394       2509.3       2892.5       3055.9  
------------------------------------------------------------------------------------------------------------------------
          L |     8011.6       8176.5       7877.4       8142.5       8172.1       7958.8       8468.3  
          a |   0.030838       0.1784     0.034358      0.11736      0.14571     0.019486     0.071523  
          k |     0.0143      0.01528     0.013014     0.015567     0.012014     0.012841     0.011839  
         t0 |     941.54*      953.77       953.05       970.43       971.56       960.79       979.89  
------------------------------------------------------------------------------------------------------------------------
Best individual:
<SSE=889.7533 L=8011.58 a=0.0308379 k=0.0143004 t0=941.544*>

Performing DE with CR=0.8, F=U(0.5, 1.0), DE/rand-1.00/1/bin
------------------------------------------------------------------------------------------------------------------------
Press the 'Enter' key to abort.

Generation 1/50  F=U(0.5, 1.0)  N_hist=120
------------------------------------------------------------------------------------------------------------------------
XX2216X24221X192XX2X8+2342514XXXX89X7XXXXX13XXX8XX2XXXXX229X7X4X215XX2XX2X4XXX52X1XX23X4X52X5XX1XXX9XX3X3XXXXXXXXX23XX1X
1


Generation 2/50  F=U(0.5, 1.0)  N_hist=240
------------------------------------------------------------------------------------------------------------------------
X2XXX14219+X2XX1XX5X2XX1X3XXXXXX2212XXXXXXX2XXX91X9X1X3XX3XXX1XX1XXXXX2XXXXXXXX241XX5985XXXXX1X17XX1220XXX223X725XX21XXX
X


Generation 3/50  F=U(0.5, 1.0)  N_hist=360
------------------------------------------------------------------------------------------------------------------------
XXX11X4XXX2XX1XXXX1122XX73X112X2X4XXX2XXX2XXXXX2X1X5XXXXX0XXXX2XX21XX7XXXXXXXXXXXXX211XXXXX1XXXXX11X862XXXX2XXX12X6X1XX1


Generation 4/50  F=U(0.5, 1.0)  N_hist=480
------------------------------------------------------------------------------------------------------------------------
9X111XXX1X2XXXXXX1X21X1XX9XXX19XXXXXX11X432XXX2XXXXXX16XX19XX1XX1XXXXX95XX1XXX2X32XXXX121XXXXX1XX3XX2X1XXXXXX2X15X12X2X3


Generation 5/50  F=U(0.5, 1.0)  N_hist=600
------------------------------------------------------------------------------------------------------------------------
X2XX1X1X1XXXX39X1XX93XXXXXX4XX4XXX1XXXXXX4X41XXXXXXXXX222X1XXX2X1X3XXX2212XXXXX1XX3XX214X2311XX2X32X1X2X1X1XX3X2XX21XX6X


Generation 6/50  F=U(0.5, 1.0)  N_hist=720
------------------------------------------------------------------------------------------------------------------------
X1X54X4X4XXXXXXX6X1XX1XX2XXX2XX1XXXXXXX2X1X1X129XXXX2X2XXX5XXXX6XXXXX1X22XXX2XXXX12XX11XX291X2XXXXX9XXXXXXX51X2XX22XX15X


Generation 7/50  F=U(0.5, 1.0)  N_hist=840
------------------------------------------------------------------------------------------------------------------------
X01XXX2XX121XXXXX1XXX234X22XXX31XXXX1XXX2XXXXX1XXXXXX3XX3X4XXX22X22X3XX2XX3XXXX2XX1XX20XXX24X1XX1XXX1X3X1XXX5XX421XXX6XX


Generation 8/50  F=U(0.5, 1.0)  N_hist=960
------------------------------------------------------------------------------------------------------------------------
X12XXXXXXX1X3XXXXXXXXXX2XXX11XX23X17XXXX0XXXX6XXXX112XXXXXX1X21211XXXXXXXXXXX14X1XX3XXXX22X3X1242X1+XXX10XX12XXX30XX1XXX
1


Generation 9/50  F=U(0.5, 1.0)  N_hist=1080
------------------------------------------------------------------------------------------------------------------------
XX21XXX2X122XX1X0XX1XXXXX1XXX1XXX1XXX2XXXXX2X13XXX7X72XXXXXXXXX2XXXXXXX1XX13X1X2X1111X2XXX31X211XXX1X1XXXX31XXX1XXXXXXXX


Generation 10/50  F=U(0.5, 1.0)  N_hist=1200
------------------------------------------------------------------------------------------------------------------------
XX1XXX12X13XX1XXXX1XXXX2X11XXXXX2XXXXXX3XXXX21XXXXXXX3XXXXXXX1XXX1XXXXXXXXXXXXXXX2XX12X32XXXX1X2XX2X1X1XXXXXXXXXXXX1XXXX


Generation 11/50  F=U(0.5, 1.0)  N_hist=1320
------------------------------------------------------------------------------------------------------------------------
XX2XXX1XX3XXX1XXX6XX1XXXXXXXXX2212XXXXXXX01XXXXX2XXXXXXXXXXXXXXXX1XXXXXX211XX1X0X1XX1X2XXXX2XXXXXXXX1XX13X2XX3X1XXXX22X2


Generation 12/50  F=U(0.5, 1.0)  N_hist=1440
------------------------------------------------------------------------------------------------------------------------
22X2X1XXX1X2XXX2XX1XXXXXXXX113X2XXXXXXX121XXX1XX1X2XXX11X1X11211X1XXXX1XXXXXX1XXXXXXX2XX121X1XXXXXXX2+X14XXXXXX1XXXX1XX1
X


Generation 13/50  F=U(0.5, 1.0)  N_hist=1559
------------------------------------------------------------------------------------------------------------------------
211X1XXX21XXXXXXXXXXXXXX1XXXXXX22XXX122XXXXXXXXX1X2XXXXXX11XXXXXXXX1XXXXXXXXX122XXXX121X1XXXXXXXXX1XXXXXXXXXX102X1XXXXXX


Generation 14/50  F=U(0.5, 1.0)  N_hist=1680
------------------------------------------------------------------------------------------------------------------------
1X01XXXXXXXXXXXX1XXXXXX1XX1XXXXXXXXX311X0XXX1XXXXX1XXX1X2XX1XXX12XXX2X1XXXXX1211XXXXXXXXXXX2X1XXX11X11XXXXXXX1XXXXXX1XXX


Generation 15/50  F=U(0.5, 1.0)  N_hist=1800
------------------------------------------------------------------------------------------------------------------------
1X12XXX11XXXXX121X22XXXXXXXXXXXXXX1XXXXX2XXXX1XXXXXXXXXXXXXXXXX1XXXXXXXXX11X1XXXXX21XXX11XXXXXXXXXXXXXXXXXXXXXXXXXXXXXXX


Generation 16/50  F=U(0.5, 1.0)  N_hist=1920
------------------------------------------------------------------------------------------------------------------------
12X2XX1XXXX2XX1XXXXXXXXXXXX12XXXXXXXXXXXXX02XX0X1X11XXXXXXX1XXXXXX1XX1X0XXXXXX11X10XXXXXXXXXXXX11111XXX1+XXXXXXXXX0XX111
X


Generation 17/50  F=U(0.5, 1.0)  N_hist=2036
------------------------------------------------------------------------------------------------------------------------
21X011X1XXXX11XXXXXXXXXXXXXXXXXXXXXX11XXXX1X0XXXXXX2XXXXXX112XX1XXXXXX1X1XX1XXXX1X011XXXXXXXXXXXXXXX1XX1XXXXXX2+XXXXXXXX
X


Generation 18/50  F=U(0.5, 1.0)  N_hist=2160
------------------------------------------------------------------------------------------------------------------------
1X02XX11XXX1XX121XX1XX0XXXXXXX1XXXXXXXXXXXXXXX0XX11X01XXXX21XXXXX2XXXXXX11XX1X1XXXX1XXXXXX1X01X1XXXXXXXXXXXXXXXXXXXXX1XX


Generation 19/50  F=U(0.5, 1.0)  N_hist=2279
------------------------------------------------------------------------------------------------------------------------
111X21XX1XXXXXXXXXXXXX111X121XXXXXX1XXXX11XXXX1XX111XX1XX1XX1XXX1XXXXX120XXX1121XXX1XXXX1XXXXXXXXXX1XXX1X1XX1+1XXXXXXXXX
X


Generation 20/50  F=U(0.5, 1.0)  N_hist=2400
------------------------------------------------------------------------------------------------------------------------
1101XXXXX01XX11XXXXXX1XXXXXXXXXX1XXXXXXXXXXX11XX11111XXXXXXXXX1XXXXX1XX12XXX1XX10X1X1XXXX1XXXXX1XXXXXXXXXXXXXXXXXXXXX1XX


Generation 21/50  F=U(0.5, 1.0)  N_hist=2519
------------------------------------------------------------------------------------------------------------------------
11XXXX111XXX1XXXXXXXXXX110X00X11XXX11XXXX1X1XXX10XXXX0XXX1+2X1XXXXXXXXX11XXXXXXXX111X111X1XXXXXXXXX1XXX11XXX1X1XXXXXXXXX
X


Generation 22/50  F=U(0.5, 1.0)  N_hist=2640
------------------------------------------------------------------------------------------------------------------------
111111X11XX1XXXXXXXX11XXXXXX0XXXX111X1X111XXX1X0XXXXXXXXXXXXXX11XXXX1001XXXXXXX1XXXXXXXXXXXX1XXXXXXXXX1XXXXXXXXXXXXXXXXX


Generation 23/50  F=U(0.5, 1.0)  N_hist=2760
------------------------------------------------------------------------------------------------------------------------
1+11X011XXXXX1X11XXXXX01XXXXXXXXXXX1X1XXXXXXXXXXXXXXXX11XXXX1XXXX10X1XXX1XXXX11XXXXXXXXXXXX0XX1X1XXXXX1XX111XXXXXXXXXXXX
X


Generation 24/50  F=U(0.5, 1.0)  N_hist=2880
------------------------------------------------------------------------------------------------------------------------
1111X1XXX0XXXXXXX11XXXXXXXX01XX1XXXXXXXXXXXXXXXXXXXX1XXXXX10XX1101XX0XXXXXXXXXXXX1XX10X0XXXXXX1XXXXXXXXXXXXXXX1XXXXXXXXX


Generation 25/50  F=U(0.5, 1.0)  N_hist=3000
------------------------------------------------------------------------------------------------------------------------
1X001XXX0XXX1XXX11XXXXXXX1XXXXXX1XX111XXXXXXXXX1X0XXXXXXXXXXXXXX1X11XXXXXXXXXX1XXXXX1XXXXXXXXXXXXXXXXXXXXXXXXXX0XXXXXXXX


Generation 26/50  F=U(0.5, 1.0)  N_hist=3120
------------------------------------------------------------------------------------------------------------------------
1101X1XX11XXXXXX1X1XXXX0XXXXXXXX11111XXX1XX1XXXXXXXXXXXXX0XXXXXXX1XXXXXXXXX0XXXXXX1XXXXX11XXXX1X10XXXXXXXXXXX00XXXXX1XXX


Generation 27/50  F=U(0.5, 1.0)  N_hist=3239
------------------------------------------------------------------------------------------------------------------------
111111100XXXX0111X1XX1XXXXXXXXXXXXXXX1XXXXXXXXXXXXX1X0101X110XXXXXX1XXXX1010XXX111XX1XXXXXXXXX11XXXXXX101+XXXX001XXXXXXX
X


Generation 28/50  F=U(0.5, 1.0)  N_hist=3360
------------------------------------------------------------------------------------------------------------------------
X0X11XXXXX0XXXXXX1X1XXXXXXXXXX1XXXX111XXXXXXXX1XX1XX0XXXXXXX1XXX111X111X1X11X101XXX0XXXXXX0XXXXXXXXXX11XXXXXXXXXXXXXXXX1


Generation 29/50  F=U(0.5, 1.0)  N_hist=3479
------------------------------------------------------------------------------------------------------------------------
1111111XX01XX1XX01X1X11XXXXXXXXXXXXXXXXXXXXXXX01XXXXXXXXXX1X0XXXXXXXX11X1000X101XXXXXXXXXXXXXXXXXXXXXX0XX10XXXXXXXX0XXXX


Generation 30/50  F=U(0.5, 1.0)  N_hist=3600
------------------------------------------------------------------------------------------------------------------------
10XX1111+XXX0110XXXXXXXXX1XXXXXXX1XXXX0XXXXXXXXXXXX10XXX10XX0X1XXX10X0XXXXXX1XXXXXXX1XXX111XXXXXXXXXX00111X1XXXXXXXXXXXX
X


Generation 31/50  F=U(0.5, 1.0)  N_hist=3720
------------------------------------------------------------------------------------------------------------------------
10100X0XX01XXX1XXXX11X100XX01XXXXXXXXXXXXXXX00XXX1X1XXX1000XXXXXXXX0XXXXXXXXXXX0X011X01XXXX00XXXX00000X00XXXXXXXXXXXXXXX


Generation 32/50  F=U(0.5, 1.0)  N_hist=3840
------------------------------------------------------------------------------------------------------------------------
1111X01X1XXXXXXXXXXX1XXXXXXXXXXXXXXXXXXXX1XX01XXXXXXX0001XXXX00XXX0XXXXXX11XXXXXX0XXXX0XXXX1XXX001XXXX1X0XXXXXXXXXXXXXXX


Generation 33/50  F=U(0.5, 1.0)  N_hist=3960
------------------------------------------------------------------------------------------------------------------------
0X01XXX1XXX1XXXXXXXXXXXXXXXXXXXXXXXXXXXXXXXXXXXXXXXXX01X000111XXXXXXXX0X0001XX0X10XXXX1XXXX0XXXXXXX0X0XXXXXXXXXXXXXXXXXX


Generation 34/50  F=U(0.5, 1.0)  N_hist=4080
------------------------------------------------------------------------------------------------------------------------
1+0100XXXXXXX011XX00XXXXXXXX100X1XXX0XXXXXXXXXXXXXXXX0XXXXX111X10X000XXX01XXXXXXX0XXXXX001XXXXXXXXXXXXX0XXXXXXXXXXXXXXXX
X


Generation 35/50  F=U(0.5, 1.0)  N_hist=4200
------------------------------------------------------------------------------------------------------------------------
01X01XX100XXXX0XXXXXXXXXXXXXXXXXXXXXXXXXXX1XXX010X0XXXX0XXX110XXXXXXX0001X0XXXXXXX0X1XXXX1X0XX00XX1XX1XXXXXXXXXXXXXXXXXX


Generation 36/50  F=U(0.5, 1.0)  N_hist=4320
------------------------------------------------------------------------------------------------------------------------
0X0110XXXXXX0XX0XXXX0XXX0XXXX10XXXX00XX100XXXX0XX0X0XXX1XXX0000XXX11XXXXXX0X001X1XXXXXX0XXXXXXX0XXXXXXXXXXXXXXXXXXXXXXXX


Generation 37/50  F=U(0.5, 1.0)  N_hist=4440
------------------------------------------------------------------------------------------------------------------------
000X00X0+XXXX00XX0XXXXXXXXXXXXXXXXXXXXX0XXXXX0000XXXXX1+1XX0XXXXXX0XXXX00XXX1XXXXX0XXXXXXXX0X0XXX1XXXX0XXXXXXXXX0XXXXX0X
XX


Generation 38/50  F=U(0.5, 1.0)  N_hist=4559
------------------------------------------------------------------------------------------------------------------------
0110X000000X0XX01X01XXXXXXX01XXXXXX00X0XXXXXXXXXXXXXXXX00000XX0XXXXXXXXXXX0X01XXXXXXXXX0XXXXXXX00000XXX0X0XXX0XXXXXXXXXX


Generation 39/50  F=U(0.5, 1.0)  N_hist=4680
------------------------------------------------------------------------------------------------------------------------
00XX0XXXX0XX00XXX0XXXXX01+XXXXXXXXXXXXX0000X0X00XXXX1XX0XXXXXXXXXXX0XXXXXXXXXX0XXX0XXXXXXXXXXXXXXXXXX01XXXXX0XXXXX000XXX
X


Generation 40/50  F=U(0.5, 1.0)  N_hist=4799
------------------------------------------------------------------------------------------------------------------------
0000X00X0XXX10XXXXXXXXXXXXXXX0XXXXX0X00X00XX000XXXX0XXXXXXX000XXXXXX0XXXXX00XXXXXXX00XXXXX0XXXX0X0XXX000XXXXXX0XXXXXXXX0


Generation 41/50  F=U(0.5, 1.0)  N_hist=4919
------------------------------------------------------------------------------------------------------------------------
000X00XXXXXXXXXXXXXXXXX000XX00X0XXXXXX1XXXXXX0XXXXX0XXXXX0XX00XXX0XXXXXXXXX00XXXXXXXXX0XX00XXXXXXX00XXX000XXXXXXXXXXXXXX


Generation 42/50  F=U(0.5, 1.0)  N_hist=5040
------------------------------------------------------------------------------------------------------------------------
0XX0XXXXX0XXX0XXX00XX000XXXX0XXXXXXXXX000X1XXXXX0XXX00XXX00XXXXXXXXX00X0000000X00X00XXXX000XXXX000X0X0X0X0XXXX1XXXXX0X0X


Generation 43/50  F=U(0.5, 1.0)  N_hist=5159
------------------------------------------------------------------------------------------------------------------------
0000X0000000XX0XX0X0XXXXXXX000XXXX0XXXXXX0000XXXXXXXXX0000XXXXXXXXX0000XXXXXXXX00XX00XXXXXX00XXXXXXXXXXXX0XXX0XX0XXXXXXX


Generation 44/50  F=U(0.5, 1.0)  N_hist=5280
------------------------------------------------------------------------------------------------------------------------
0000000XXX0XXXXXXXX0X000XXXXXXXX0X00XXXXXXX0X0XXXXXXXX0XX000X000XXXXXXX00XX0XXXXXXXXX0XXXXXX0XXX000X0XXXXXX0XXXXXXXXXXXX


Generation 45/50  F=U(0.5, 1.0)  N_hist=5400
------------------------------------------------------------------------------------------------------------------------
0XXXX00X0XXXX00XXXX0XXXXX000XX0XX000X0XXXXXXXXXX0XXXXXX000X0XXXXXXXXXXXXXX000X0XXX0000XXXXXXXXXXXXXX00X00XXX00XXXXXXXXXX


Generation 46/50  F=U(0.5, 1.0)  N_hist=5520
------------------------------------------------------------------------------------------------------------------------
000000XXX0XXX0XXXXXXXXXXX00XXXXXXXXXXXXXXX0000X0000XXXXXX0XXXXXXX0XXX000X00000X000000XXXXXXX0000XXXXXXXX0XXXXXXXXXXXXXXX


Generation 47/50  F=U(0.5, 1.0)  N_hist=5640
------------------------------------------------------------------------------------------------------------------------
00X00XXX0X000XXX0X0XX000XXXXXX00X0XXX00XX0XX00+0XXXXXXX0XXX000XXXX0X0XXX00X0XXXXXXXXX00000XXXXXXX00XXXXX0XXXXXXXXXX0XXXX
X


Generation 48/50  F=U(0.5, 1.0)  N_hist=5760
------------------------------------------------------------------------------------------------------------------------
0000X0X0XXXX0+00X00XXXXXXXXXXX0XXXXXXXXXXXXX0XXXXX000XXXXXXXXXX00XX0X00XXXXXXXXXXXXX000XXXXXXXXXXXXX0XXXXX0XXXXXXXXXXXXX
X


Generation 49/50  F=U(0.5, 1.0)  N_hist=5880
------------------------------------------------------------------------------------------------------------------------
000X00XXXXXXXXXXXXXX00XXXXX0XXXXX00X0X00XXX0X0XXXXXXXXXX0XXXXXX000X0XXXXXXXXX0XXXXXX0XX0XXXX0XXXXXXXXXXXX00XXXXXXXXXX0XX


Generation 50/50  F=U(0.5, 1.0)  N_hist=5999
------------------------------------------------------------------------------------------------------------------------
0000X00000XXXXXXXXXXXXXXXXXXXX000XX0XXXX0XXXXXX0XX00X000XXX00XXX0XXXXX00000XXXXXXX0XXXXXXXX00XXX000XXXXXXXXXXXX0XXXX0XXX


Maximum number of iterations reached.

Shutting down DE...
DE shutdown complete.
Shutting down...
Task Queue is shut down
Goodbye

Final population:
Population: 120 individuals with SSE 355.2 to 358.2, avg eval time 0.0158 sec. Top 7:

        SSE |      355.2        355.2       355.29       355.31       355.31       355.34       355.35  
------------------------------------------------------------------------------------------------------------------------
          L |     8216.1       8214.4       8215.7       8211.4       8212.9       8213.7       8215.6  
          a | 7.0881e-06*  0.00011564*  0.00017516*  0.00033978*  7.0006e-05*  8.1133e-05*    0.000273* 
          k |    0.01397     0.013967     0.013976     0.013981     0.013982     0.013998     0.013969  
         t0 |     952.42       952.46       952.39       952.41       952.54       952.32       952.56  
------------------------------------------------------------------------------------------------------------------------
Best individual:
<SSE=355.1959 L=8216.14 a=7.08811e-06* k=0.0139698 t0=952.419>


Elapsed time: 63.26 seconds

Saved final population of best parameter combinations to covid19.dat
