Decompressing and parsing covid19.csv.bz2...
Cumulative and new cases reported thus far for US
------------------------------------------------------------------------------------------------------------------------
000	01/22	1	0
001	01/23	1	0
002	01/24	2	1
003	01/25	2	0
004	01/26	5	3
005	01/27	5	0
006	01/28	5	0
007	01/29	5	0
008	01/30	5	0
009	01/31	7	2
010	02/01	8	1
011	02/02	8	0
012	02/03	11	3
013	02/04	11	0
014	02/05	11	0
015	02/06	11	0
016	02/07	11	0
017	02/08	11	0
018	02/09	11	0
019	02/10	11	0
020	02/11	12	1
021	02/12	12	0
022	02/13	13	1
023	02/14	13	0
024	02/15	13	0
025	02/16	13	0
026	02/17	13	0
027	02/18	13	0
028	02/19	13	0
029	02/20	13	0
030	02/21	15	2
031	02/22	15	0
032	02/23	15	0
033	02/24	51	36
034	02/25	51	0
035	02/26	57	6
036	02/27	58	1
037	02/28	60	2
038	02/29	68	8
039	03/01	74	6
040	03/02	98	24
041	03/03	118	20
042	03/04	149	31
043	03/05	217	68
044	03/06	262	45
045	03/07	402	140
046	03/08	518	116
047	03/09	583	65
048	03/10	959	376
049	03/11	1281	322
050	03/12	1663	382
051	03/13	2179	516
052	03/14	2727	548
053	03/15	3499	772
054	03/16	4632	1133
055	03/17	6421	1789
056	03/18	7783	1362
057	03/19	13677	5894
058	03/20	19100	5423
059	03/21	25489	6389
060	03/22	33276	7787
061	03/23	43847	10571
062	03/24	53740	9893
063	03/25	65778	12038
064	03/26	83836	18058
065	03/27	101657	17821
066	03/28	121478	19821
067	03/29	140886	19408
068	03/30	161807	20921
069	03/31	188172	26365
070	04/01	213372	25200
071	04/02	243453	30081
072	04/03	275586	32133

Initializing 180 population members having 6 parameters
------------------------------------------------------------------------------------------------------------------------

SSE=49.624 on eval 1: L=5.98525e+07 b=9.78167** r=0.342568 rf=0.791752 t0=62.1183 th=8.22546

*1!1

SSE=18.162 on eval 5: L=3.29052e+08** b=1.11727 r=0.360313 rf=0.729906 t0=63.8684 th=8.93077**

!!

SSE=14.093 on eval 7: L=8.40244e+07 b=0.468847* r=0.379641 rf=0.693421 t0=62.3213 th=7.08286

!

SSE=13.231 on eval 8: L=1.93641e+08 b=1.27049 r=0.354161 rf=0.684442 t0=62.9764 th=6.13455

!1121212135323211442223211122111114421412214213141924221141442812113351121143416311243112131272215114522613211182
533126421114123334424332321261224531331212252234011341233121

Population: 180 individuals with SSE 13.231 to 117.94, avg eval time 0.551 sec. Top 7:

        SSE |     13.231       13.396       13.795       13.823       13.827       13.846       13.883  
------------------------------------------------------------------------------------------------------------------------
          L | 1.9364e+08   7.9462e+07   2.9436e+08   9.4098e+07   2.2622e+07   1.6707e+08   1.1479e+08  
          b |     1.2705       5.8645       4.3242       4.6818        8.293       5.5692       8.6894  
          r |    0.35416      0.34918      0.33201      0.37879      0.34199       0.3241      0.37522  
         rf |    0.68444      0.70426      0.70691      0.70884      0.64042      0.67269      0.70155  
         t0 |     62.976       63.411       63.756       62.028*      62.229       63.273       62.253  
         th |     6.1345       6.9555       8.2081       8.1752       6.3034       7.5655       6.1896  
------------------------------------------------------------------------------------------------------------------------
Best individual:
<SSE=13.2311 L=1.93641e+08 b=1.27049 r=0.354161 rf=0.684442 t0=62.9764 th=6.13455>


Population: 180 individuals with SSE 13.231 to 117.94, avg eval time 0.551 sec. Top 7:

        SSE |     13.231       13.396       13.795       13.823       13.827       13.846       13.883  
------------------------------------------------------------------------------------------------------------------------
          L | 1.9364e+08   7.9462e+07   2.9436e+08   9.4098e+07   2.2622e+07   1.6707e+08   1.1479e+08  
          b |     1.2705       5.8645       4.3242       4.6818        8.293       5.5692       8.6894  
          r |    0.35416      0.34918      0.33201      0.37879      0.34199       0.3241      0.37522  
         rf |    0.68444      0.70426      0.70691      0.70884      0.64042      0.67269      0.70155  
         t0 |     62.976       63.411       63.756       62.028*      62.229       63.273       62.253  
         th |     6.1345       6.9555       8.2081       8.1752       6.3034       7.5655       6.1896  
------------------------------------------------------------------------------------------------------------------------
Best individual:
<SSE=13.2311 L=1.93641e+08 b=1.27049 r=0.354161 rf=0.684442 t0=62.9764 th=6.13455>

Performing DE with CR=0.8, F=U(0.5, 1.0), DE/rand-1.00/1/bin
------------------------------------------------------------------------------------------------------------------------
Press the 'Enter' key to abort.



Generation 1/50  F=U(0.5, 1.0)  N_hist=180
------------------------------------------------------------------------------------------------------------------------
323XX0+1X1XXXXX1111X2X2X23211XX103212X0211X2XXXXXX2XX2XXX2114X11XX210141XX3XX10317XXX1X1XX1212XX4XX3157X2XX3XXXX3X2123XX
3X2X31XX2X2X143XXX4121X2XX31122XX2X11XXX211X2X3X3X2XXX1XX2XX1


Generation 2/50  F=U(0.5, 1.0)  N_hist=360
------------------------------------------------------------------------------------------------------------------------
X1X11XXXXXX1XX2+1X1XX2X1XX12XX21XXX2XX2X12XXX1XX2X0X3X2XXX1XX1XX4XXXX1XX11X1XX1X01X21X1XXXX12X2XXXXXX2XXXX112X3221X133X1
X111XXX1XX31112XX011XX1XXXX2XXXXXXXXXX11X12212X1X22X21XX1X1X1


Generation 3/50  F=U(0.5, 1.0)  N_hist=540
------------------------------------------------------------------------------------------------------------------------
XXXXXXXXXXX021XX1XXXXXX1XXXXX12XXXXXXX2X1XXXXXX12XXXXXXX11XXX0XXXX1XX11XXXXX1X1XXXX1X11X1X2XX1XXXXX3X11XXXXXXX111XX0XXXX
1X11X111XXXXXX1XXX11XXXXX3XXXX12XX10X1XXXXXXXX1XXX11XXX21XXX


Generation 4/50  F=U(0.5, 1.0)  N_hist=720
------------------------------------------------------------------------------------------------------------------------
XX1110XX1XX11XX1X1XX1XXXX0XX1XXXXXXXXXXXXXXX1X11X1XXX1XXXXXX1XX1X01XXXXXXXX1XXXX1XXX1XXXXXXX1X1X1XXXXXXXXXXXXXXXX1XX121X
XX0XXX2XXXX1111+XXXXXXX01XXXX1X1X2X1X11X1XX1X111X0XXXX1XXXX1X


Generation 5/50  F=U(0.5, 1.0)  N_hist=900
------------------------------------------------------------------------------------------------------------------------
XX1XXXXXXXXX11XXXXXXXXXXXX1XX1XXXXX2+1XXXX1XXXXXX111XX1X0XXX11X101XXXXXXX1X1X0XXXX0XXX1XXXXXX1XXXX1XX1XX121XXX110X1XXXX1
XXXXXX1XXX0X1X1XX22X11X1XXXXXXX11XX1XXX1XXXX11XXX1XXX2X11X1XX


Generation 6/50  F=U(0.5, 1.0)  N_hist=1080
------------------------------------------------------------------------------------------------------------------------
1XX0XXXXX01X1XXXX1XX0X1XXXXXXXXXXXXXXX1XX10XXXXXXXX1XXXXX1XXXXXX11XX0XX1XX1X1XXXX1XXXXXXX0XXXXXXXXXXX1X1XXX110XXXXXXXX11
XX1X1XXXX1X0X0XXXXXXXXXXX1XXX1XXXX11XXXXXXXXXXX1X11XXX1XX1X1


Generation 7/50  F=U(0.5, 1.0)  N_hist=1260
------------------------------------------------------------------------------------------------------------------------
XXXX1XX1XXX2XXXX01XXXXX0XXX0XXX0XXXX1XXXX1XXXXXXX110XXXXX0XXXXXXXXXXXXXXXX11X1X0XXXXXXXXXXX0X1XX01XXX1XXXXXX1X1XXXXX10X1
11XXXXXX110XXXXXX1XX1X1XXXXXX1XXX11XXXXXXXXXXXX1X1XXX01XXXXX


Generation 8/50  F=U(0.5, 1.0)  N_hist=1440
------------------------------------------------------------------------------------------------------------------------
01X0XXXXXXXXXXXXX1X1XX0XXXXXXXXXXX11XXXXXX10XXXXX0XX1XX11XXX11111X0011XXXXXXXXXX1XXXXXXXXX0XXXX1XXXXXXXXX0XXX1XXXXX01XXX
X1XXXXXXXXXXXXXXXXXXXXXXXX0XXX1XX1XXXXXXXXXXXX111+0XXX0XXXXXX


Generation 9/50  F=U(0.5, 1.0)  N_hist=1619
------------------------------------------------------------------------------------------------------------------------
1X010X1XXXX0XXXXX11X0XXXX10XXXXXXXXXXX1X11X1X100X0XXXXXXXXXX1XX1XXXXXXXXXXXXXXXXXX110XXXXXXX01XXX0XXXXXXXXX1XXX010X1XX1X
XXX001XX1XXXXXXXXXXXXX0X1X0XXXXXXXXX0XXXXXXXXXX1XXXXXXXXXXXX


Generation 10/50  F=U(0.5, 1.0)  N_hist=1800
------------------------------------------------------------------------------------------------------------------------
01X11XX111X0X1XXXX1XXXXXXXXXXXXX1XXXXXXXXXXXXX11111XXXXX1XX11X1XXXXXXXXXXXXXXXXXXX0011XXX1XXX11XXXXXXXXX1XXX11X1X11XXXXX
XX1XX0X1XXXXXXXXXXXXXXXXXXXXXXXXXXXX0XXXXXXXXXXXXXXXXXXXXXXX


Generation 11/50  F=U(0.5, 1.0)  N_hist=1980
------------------------------------------------------------------------------------------------------------------------
X100XX01XXXXX0XXXXXXXX0XXXXXXXXXXXXXXXXXXXX10XXXXXXXXXXX011X0XXXXXX11XXX0XX0XXXXX001XXXXXXXXX0XXX1XX00X00XX00XXXXXXXXXXX
1XXXXXXXXXXXX11XXXXXXX10XXXXXXXXXXXX00XXXXXXXXXXXXXXX1XXXXXX


Generation 12/50  F=U(0.5, 1.0)  N_hist=2159
------------------------------------------------------------------------------------------------------------------------
0001X0001XXX0XXX1XXXXX0XXXX0XXXXXXXXXX1XX00XX0XXXXXXXXXXXXX0XXX0XX0XX0XXXXXXX1XXXX0X1XXX0XXX1XXXXXXXXXX0XX0XXXXXXXXXX1XX
XXXXXXXXXXXXXX1XXXXX11X0XXX0XXXXXXXXXXXX0X00XXXXXXXXX1X0XXXX


Generation 13/50  F=U(0.5, 1.0)  N_hist=2340
------------------------------------------------------------------------------------------------------------------------
000X1111XX1XX1001X01XXXXXXXXXXXXXXXXXXXXXXXXXX0XXXXXXXXXXXXXXXXXXXXX010XXXXXXXXX10XXX0XXX000XXXXXXX100XXXXXXXXXXX00XXXXX
XXXXXXXXXXXXXXXXX01XXXXXXXXXXXXXXXXXXXX1XXXXXX0XXXXXX1XXXXXX


Generation 14/50  F=U(0.5, 1.0)  N_hist=2519
------------------------------------------------------------------------------------------------------------------------
001X0XXXX0XXXXXXXXX00XXXX1XXXX0XXXXXXXXX0XXXXXXXXX10XXXXX0XXXXXXX0XXXXXX0XXXXX0XXXXXXXXXX0XX1XX10XXX0XXXXXXXXXXXX00XXXXX
XXXXX01XX1XXXXXX0XXXX0XXX1XX10XXXXXX0X0XXXXXXXXXXXXXXXXXXXXX


Generation 15/50  F=U(0.5, 1.0)  N_hist=2700
------------------------------------------------------------------------------------------------------------------------
010XXX0XX0XXXXXXX1XXXXXXXXXXXXXX0XXXXXXXXXX00X0XXXX01X0XXX0XXXXXXXXXXXX0XXX0XXXXXXXXXXXXXXXXXXXXX0XXX11XXXXXXXXXX000XXXX
XXXXXX100XXXX1XXXXXXXXX10XXXXXXXXXXXXXXXXXXXXXX0XXXXXX1XXXXX


Generation 16/50  F=U(0.5, 1.0)  N_hist=2880
------------------------------------------------------------------------------------------------------------------------
X011XXXXXXXXX0XXXXXX1X0XXXXXXXXXXXXX00XXX0XX0X00XXXXXXXXXXX01XXXXXX0XXXXXX0XXXX01XXXXXXXXXXX1X0XXXXXXX0XXXX0XX0XXX0XXXXX
XXXX0XXXX0X0X1XXXXXX1XXXXXXXXXXXXXXXXX1XXX1XXXXXXXXXXXXXXXXX


Generation 17/50  F=U(0.5, 1.0)  N_hist=3060
------------------------------------------------------------------------------------------------------------------------
00000XXXXXXXXXXXXXXX0XXXX1XXXXXXXXXXXXXXXXXXXXXX10XXX0X0XX1X0XXX0XXXXXXXXX0XXXX0XXXXXXXX1XXXXX00XXXXXX0XXXXXXXXXX0X0XXXX
XXXXXXXXXXXXXXX0XXXXXXXXXXXXXXX0XXXXXXXXXXXXX1XXXX0XXXXXXXXX


Generation 18/50  F=U(0.5, 1.0)  N_hist=3240
------------------------------------------------------------------------------------------------------------------------
1X00X0X01X00XXXXXXXXXXXXXXXXXXXXXXXX0X0XXXXXX0XXXXXXXXX0XXX0XXXXXXXXX0XXX1X0XXXXXXXXXXXXXXXXXX1XX00XXXXX0XXXXXX000XXXXXX
XXXXXXXXXXXXXXXXXXXXX1XXXXXXXXXXXXX1X001XXXXXXXXXXXXXXXXXXXX


Generation 19/50  F=U(0.5, 1.0)  N_hist=3420
------------------------------------------------------------------------------------------------------------------------
00000XXXXXXXXXXX0XXXXXXXXXXXXX0XXXXXXXXXXXXXXXXXXXXXXXXXXXXXXXXXXXXXXXX0XXXX0X0XXXXX1X0XXXXXXX0XXXXXXXXXXXXXXXXXXXXXXXXX
XXX1XXXXXXXXXXXXXXXXXXX0XXXXX0XXXXXXXXXXX1XXXXXXXXXXXXXXXXXX


Generation 20/50  F=U(0.5, 1.0)  N_hist=3600
------------------------------------------------------------------------------------------------------------------------
10X001XX011XXXXXXXXXXX00XX0X001XXXXXX00XXXXXXXXXXXX00XXXXXXXXX000XXXXXXXXXXXXXXXXXXXXXXX1000X0XXX0XX0XXXXX000X0XXXXXXXXX
X0000XXXXXXX0XXXXXXXXXXXXXXXXXXXXXXXXXXXXX1XXXXXXXXXXXXXXXXX


Generation 21/50  F=U(0.5, 1.0)  N_hist=3780
------------------------------------------------------------------------------------------------------------------------
XX1XXXXXXXXXXXXXX0XXXXXXXXXXXXX00X0XXX0XXX1XXXX0X0XXXXXXX0XXX00XXXXXXXX0XXXXXXXXXXXX00XXXXX0XXXXXXX0XXXXXXXX0XXXXXX0X00X
XXXXXXXXXXXXX0XXXXXXXX0XXXXX00XXX1XXXXXXXXXXXXXXXXXXXXXXXX0X


Generation 22/50  F=U(0.5, 1.0)  N_hist=3959
------------------------------------------------------------------------------------------------------------------------
0X00X00XXXXXXXXXXXXXXXXXXXXXXXXXXXXXXXXXX0X0XXXXXXXXX0XX0XXXX0XXXXXXX1XXXXXXXXXX0XXXXXXXXX0XXXXXXX0XXX00XXX0XX0XXXXXXXXX
XXXXX0XXXXXXXXXX0XXXXXXXXX0XXXXXXXXXXXXXXXXXXXX0XXXXXX0XXXXX


Generation 23/50  F=U(0.445, 1.0)  N_hist=4140
------------------------------------------------------------------------------------------------------------------------
0X00X000XX0XXXXXXXXXXXXXXX0XXXXXXX0XX1XXXXXXX0XXXXXXXX00XXXXXXXXXXXXX0000X0XX0XXXX0XXX0X000XXXXXXXXXXXXX0X0XXXXX0XXXXXXX
XXXX0X0X1XXXXXXXXXXXXXXXXXXXXXXXXXX0X00XXXXXXXXXXXXXXXXXXXXX


Generation 24/50  F=U(0.493056632402, 1.0)  N_hist=4320
------------------------------------------------------------------------------------------------------------------------
000X000X0X0X0XXXX0XX0XXXXXXXX0XXXXXXXXXXXXXXXXX00XXXXXXXXXXXXX0XXXXXXXXXXXXXXXXXXXXXXXXX00XXXXXXX0XXXX0XXXXXXXXXXXXX0XXX
X0X0XX0X0X00XX0XXXXXXXXXX0X0XXXXX0XXXXXXXXXXXXXXXXXXXXXXXXX0


Generation 25/50  F=U(0.5, 1.0)  N_hist=4499
------------------------------------------------------------------------------------------------------------------------
X00XX0XXXXXXXXXX0XXXXX0XXXXXXXXXXXXXXXX0XXXXXXXX0X0XXXXXXX0XXXXXXX0XXXXX0XXX00XXXXXXX0XX0XXXX0XX0X000XXXXXXXXXXXXXXXXXXX
XXXXXXXXX0XXXXXXXXXXXX00XXXXXXXXXXXXXXXXXXX0XXXXX0XXXXXXXXXX


Generation 26/50  F=U(0.445, 1.0)  N_hist=4680
------------------------------------------------------------------------------------------------------------------------
0X000X0XXX0XXXXXXXXXXXXXXX00X0XXXXXXXXXXXXXXXXXXXXXXXXXXXXXX00XXX00XX0X0000XX0XXXXXXXXXXXXXXXX0XXXXXXXXXX0XXXXXXXXXXXXXX
XXXXXXXXX0X0XXXX0XXXXXXXXXXXXXXXXXXXXX0XXXXXXXXXXXXXXXXXXXXX


Generation 27/50  F=U(0.493056632402, 1.0)  N_hist=4860
------------------------------------------------------------------------------------------------------------------------
0000X0000XXXXXX00XXXXXXXX0XXXXXXXXXXXXXXXXXXXXXXXXXX0XXXXXXXXXXX00XXX0XX0XXXXXXXXXXXX0XXXXXXXXXX0X000X0XXXXXXXXX0XXXXXX0
XXXXXXXXXXXXXXXXXXXXXXXX0XXXXXXXXXXX00XXXX0XXXXXX0X0XXXXXXXX


Generation 28/50  F=U(0.5, 1.0)  N_hist=5040
------------------------------------------------------------------------------------------------------------------------
0X0XX0XXXXXXXX0X0X00X0XXXXXXXXXXXXXXXXXXXXXXXXXXXXXXX0X0XX0XXXX0XXX0X0XXXXXXXX00XXXX0X00000XX0X0XXXXXXXXXXX0X00XXXXXXXX0
XXXXXXXXX0XXXXXXX0XXXXXXX00XXX0XXXXXXXXXX00XX0X00XXX0XXXXXXX


Generation 29/50  F=U(0.5, 1.0)  N_hist=5219
------------------------------------------------------------------------------------------------------------------------
00X0XX00XXXX0XXXXXXXXXXXXXXXXXXXXX0X0XXXXXXXXXXXXXXX0XXX0XXXXXXXXXXXX0XXXXXX00XXXXXXXXXXXXXXXXXXXXX00XXXXXXXXXX0X0XXXXXX
XXXXXX0XXXXXXXXXXXXXXX0XXXXXXXXXXXXXXXXXXXXXXXXXXXXX00XXXXXX


Generation 30/50  F=U(0.445, 1.0)  N_hist=5400
------------------------------------------------------------------------------------------------------------------------
00X0XX0XXXXXXXXXXXXXXXX00XXXXXX0X0X0XXXXXXXXXXXXXXXXXXXXXXXXXXX00X0XXXXXX0X0XXX0XXXXX0XXXXXXXXXXXXXX00XXXXXXXXXXXXX0XXXX
XXXXXXXXXXXXXXX0XXXXXXXXXXXXXXXXX0XXXXXX0XXXXXXXXXXXXX0XXXXX


Generation 31/50  F=U(0.39605, 1.0)  N_hist=5580
------------------------------------------------------------------------------------------------------------------------
000X00XX0XXXXXX0XX0XXXXXXXXXXXXXXXXX00XXXX00XXXXXXXXXXXX0X00XXXXX0000XXXXXXXXX0XX0XXXXXXXXXXXXXXXXXXXX0X0XXXX0XXXXXXXXXX
XXXXX00XXXXXXXXXXXXXXXXXXX0XXXX0XXXXXXXXXX0X0XX0XXXXXXXXXXXX


Generation 32/50  F=U(0.438820402838, 1.0)  N_hist=5760
------------------------------------------------------------------------------------------------------------------------
0XX00X0XXX0XXXXXXXXXXXXXXXXXX0XXXXXXXXXXXXXXXXXXXXXXXXXX00X0+XXXXXXXXXXX00XXXXXXX0XXXXXXXXXXX0XXXXXXXX0000XXXXX00XXXXXXX
X0XXXXXXXXXXXXXX0XX0XXXXXXXXXX0XXX0X0XXXXXXXXXXXXXXXXXXXXXXXX


Generation 33/50  F=U(0.486209685511, 1.0)  N_hist=5940
------------------------------------------------------------------------------------------------------------------------
00X0000X0XXXXXXX00XXXXXXXXXX0XXXXXXXXXXXXXXXXXXXXX00X0XXXXXXXXXXX0XXXX0XXXXXXXX0XXX0XXXXXXXXXXXXXXXXXXX0XX0XXXXXXXXXXXXX
XXXXX00XX0+0XXXX0XXXXX0XXXXXXXXXXXXXXXXXXXXXX0XXXXXXXXXXXXXXX


Generation 34/50  F=U(0.5, 1.0)  N_hist=6120
------------------------------------------------------------------------------------------------------------------------
00XXXX0X0XXXXXXXXXX0XXX0XXXX0XXXXXXXXXXXX00XXXXXX00XX00XXXX00XXXX0XXXXXXXXXXXXXXXXXXXXXXX0XXXXXXX0XXX0XXXXXX0XXXXXXX0XXX
XXX0X0XXXXXXXXXXXXXXXX0XXXXXX0XXXXXXXXX0XXXXXXXXXXXXXXX0XXXX


Generation 35/50  F=U(0.5, 1.0)  N_hist=6300
------------------------------------------------------------------------------------------------------------------------
00X00XX0XXXXXXXX0XXXX00XXXXXXXXXXXXXXXXXXX0XXXX0XX0XXXXXXXXXXXXXXXXXXXXXXXXXXXXXXXXXXXXXXXXXX0XX0XXXXXXXXX0XXXXXXXX00XXX
X00XXX0XXXXXXXXXXX0XXXXXXXXXXXXXXXXXXXXXXXXXXXXXX00XXXXXXXXX


Generation 36/50  F=U(0.445, 1.0)  N_hist=6480
------------------------------------------------------------------------------------------------------------------------
0X000XX0XXXXXXXXXXXX0XXXXX0XXXXXXXXXXXX0X0XXXXXXXXXXXXXXXXXXXXXX0XXXX0XXXX0XXXXXXXXXXXXXXXXXXXXXXXXXXX000XXXXXXXXXXXXXXX
XXXX0XXX0XX0XX000XXXXXXXXX0XXXXXXXXXXXXXXXXXXXXX0XXXXXXXXXXX


Generation 37/50  F=U(0.493056632402, 1.0)  N_hist=6660
------------------------------------------------------------------------------------------------------------------------
0X0XXXXXXXXXXXX0XXXXX00XX0XXXXXXXXXXXXXXXXXXXXXXXX0X00XXXXXXXXXXXXXXXXXXXXXXX000XXXXXXX000XXXX0XXXXXX0XXXXXXXXXXXX0XXXXX
XXXXXXXXXXX0X00X0XXXXXX0XXXXXXXXXXXXXXXX0XXXX0XXXXXXXXXXXXXX


Generation 38/50  F=U(0.5, 1.0)  N_hist=6840
------------------------------------------------------------------------------------------------------------------------
00000X00XX0XXXXX0X0XXXXXXXXXXXXXXXXXXXXXXXXXXXXXX00XX0XXXXXXXXXXX0XXXX0XXXXXXXXXXXXX0XX0XX0XXXXXXXXXXX0XXXXXXXXXXXXXXXXX
XXXXXXXXXXXXXXXXXXXXX000XXXXXX0XXXXXXXXXXXXXXX0XXXXXXXX0XXXX


Generation 39/50  F=U(0.5, 1.0)  N_hist=7019
------------------------------------------------------------------------------------------------------------------------
0X0XXXXX0XXXXXXXXXXXXXXX0XXXXXX0XX0XXXXXXXXXXXXXXXXXXXXXXXXXXX0XXXXXXXXXXXXXX000XXXXXX0XXX0XXXXXXXXXX0X000XXXXXXXXXX0XXX
XXXXXXXXXXXXXXXXXX0XXXXX0X0XXXXXXXX0XX00XXXXXXXXXXXXXXXX0XXX


Generation 40/50  F=U(0.5, 1.0)  N_hist=7200
------------------------------------------------------------------------------------------------------------------------
X00X0X0XXXXXXXX00XXXXX0X0XX0XXXXXXXXXXXXX0XXX0XXX0XX0XXXXX00XXXXXXXX0X0X00X0XX00XXXXX0X0XXXXXXXXXXXXXXXXXXXXXXXXXXXXXXXX
XXXXX0XXXX0XXXXXXXXXXXXXXXXXXX0XXXXX0XX0X00XXXXX0XXXXXXXXXXX


Generation 41/50  F=U(0.5, 1.0)  N_hist=7380
------------------------------------------------------------------------------------------------------------------------
00000XX00X0XXXXXXXXXXX0XXXXXXXXX00XXXXX0XXXXXXXXXXXXX0XXXXX0XXXXXX0XXXXXXXXXX00X00X0XXXXXXXXXX000XXX00XXXXXXXXX0XXXXXXXX
XXXXX0XXXXXXXXXXXXXXXXXXX0XXXXXXXXXXX0XXXXXXXXXXXXXXXXXX0X0X


Generation 42/50  F=U(0.5, 1.0)  N_hist=7560
------------------------------------------------------------------------------------------------------------------------
0X00XXX0XXXXXXXXXXXXXX0XX0XXXXXXXXXX0XXXXXXXX0XXXXXXXXXX0XXXXXXXXXX0XXXXXX0X0XXXXXXXXXXXXX0XXX0XXXXXXXXXXXX0X0XXXXXXXXXX
XXXXXX00XXXXXX0XXXXXXXXXXX0XXXXXXXXXXXXXXXXXXXXXXXXXXXXXXXXX


Generation 43/50  F=U(0.5, 1.0)  N_hist=7740
------------------------------------------------------------------------------------------------------------------------
00000X00XXXXX00XXXXXXXXXXXXXXXXXXXXXXXXXX0X0X0XXX0XXXXXXXX00XXXXXXXX0XXXXXXXXXXX00XXXXXXXXXXX0XXXXXXXXXXXXXXXXXXXX0XXXXX
XXXXXXXXXXX0XXXXXXXXXXXXXXXXXXXXXXXXXXXXXXX0XXXXXXXXXXXXXXXX


Generation 44/50  F=U(0.5, 1.0)  N_hist=7920
------------------------------------------------------------------------------------------------------------------------
0X0XXXXXXXXXXXXXXXXXXXXXXX0XXX0XXXXX0XXXXXXX0XXXX0XXXXXXXXXXXXXXXXXXXXXXXXXXXXX0X0XXXXX0XX00XXXXXXXX0XX0XXXXXXX0X0XXXXXX
XXXXXXXXXXX0XXXXXXXXXXXXXXXXXXXXXXXXXXXXXXXXXXXXXXXXXXX0XXXX


Generation 45/50  F=U(0.445, 1.0)  N_hist=8099
------------------------------------------------------------------------------------------------------------------------
00XXXXX0XXX0X0XX00XXXXXXXXXXXXXXX0XXXXXXXXXXXXXXXXXXXXXX0XXXXXXXXXXXXXXXXXXX00XXXX0XX0XXXXXXXXXXXXXXXXXXXXXXXXXXXXXXXX00
X00XX0XXXXX0XXX00XXXXX0XXXXXX0XXX0XXXXXX0XX0XXXXXXXXX0XXXXXX


Generation 46/50  F=U(0.493056632402, 1.0)  N_hist=8280
------------------------------------------------------------------------------------------------------------------------
0X00X0XX0XXXXX0XXXXXXXXXXXXXXXXX0XXXXXXXXXXXXXXX0XXXXXXXXXX0X0XXXXXXXXXXXX0XXXXXX000XXXXXXXXXXXXXXXXXX0X0X0X00XX0XXXX00X
XXXXXXXXXXXXXXXXXXXXXXXX0XXXXXXXXXXXXXXXXXX0XXXXXXXXXXXXXXXX


Generation 47/50  F=U(0.5, 1.0)  N_hist=8460
------------------------------------------------------------------------------------------------------------------------
X0XXXXX0XXXXXX0XXX0XXXXXXX0XXXXXXXXX0XXXXXXXXXXXXXXXX0XXX000XXXXXXXXXXXXXX0XXXXXX0XXX0XXXXX0XXXXXXXXXXXXXXXXXXXXXXXXXXXX
XXXXXXXXXXXXXXXXXXX0XX0XXXXXX00X0XXXXXXXXXXXXX0XXXXXXXXXXXXX


Generation 48/50  F=U(0.5, 1.0)  N_hist=8640
------------------------------------------------------------------------------------------------------------------------
0000XXXXXXXXX0X0XXXXXXXX0XXXXXXXXXXXXXXX0XXXXXXXXXXXXXXX0XXXXXXXXXXXXXXXXXX000XX0XXXXXXXXXXXXXXX0XXXXXXXX0XXXXXXXXXXX0X0
XXXXXXXXXXXXXXXXXXXXXXX0XXXX0XXXXXXXXXXXXX0XXXXX0XXXXXXXXXXX


Generation 49/50  F=U(0.5, 1.0)  N_hist=8820
------------------------------------------------------------------------------------------------------------------------
0X0XXXXXXXX0XXXX0XXXXXXXXXXX0XXXXXXXXXX0XXXXXXXXXXXX0X0XXXXXXXXXXXXXXXXXXXXXXXX0XXXXXXXXXXXXXXX0XXXXXX0XXX0XXXXXXXXXX0XX
XXXXXXXXXXXXX000XXXXXX0XXXXXX00X0X0XXXXXXX0XXXXXXXXXXXXXXXXX


Generation 50/50  F=U(0.445, 1.0)  N_hist=9000
------------------------------------------------------------------------------------------------------------------------
0X00XXX0XXXX000XXXXXXXXXXXX0XXXX0XXX0XXXX0XXXXXXXXXX0XXXXXXXXXXXX0XXXXXX0XXXXXXXXXXXXXX0XXXXXXXXXXXXXXXXXXXXXXXXX00X0XXX
X0XXXXX0XXXXXXX0XXXXXXXXX0XXXX00XXXXXXXXXXXXXXXXXXXXXXX0+XXXX

Maximum number of iterations reached.

SSE=13.012 on eval 9180: L=1.46115e+08 b=0.0531976* r=0.352231 rf=0.68068 t0=62.7836 th=6.60627


Shutting down DE...
DE shutdown complete.

Final population:
Population: 180 individuals with SSE 13.012 to 13.06, avg eval time 0.0289 sec. Top 7:

        SSE |     13.012       13.012       13.014       13.014       13.014       13.015       13.015  
------------------------------------------------------------------------------------------------------------------------
          L | 1.4612e+08   2.9781e+08   2.5463e+08   1.8477e+08   2.1884e+08   2.5351e+08   5.5527e+07  
          b |   0.053198*     0.92493       1.4808       1.0261      0.11031*     0.22019*     0.26282* 
          r |    0.35223      0.34888      0.34897      0.35433      0.35423      0.35279      0.34513  
         rf |    0.68068      0.67641      0.67354      0.68341      0.68263       0.6793      0.66827  
         t0 |     62.784       62.889        62.86       62.754       62.759       62.801       62.957  
         th |     6.6063       6.4621        6.393       6.6424       6.5976       6.5074       6.3525  
------------------------------------------------------------------------------------------------------------------------
Best individual:
<SSE=13.0116 L=1.46115e+08 b=0.0531976* r=0.352231 rf=0.68068 t0=62.7836 th=6.60627>


Elapsed time: 115.47 seconds

Saved final population of best parameter combinations to covid19.dat
Shutting down...
Task Queue is shut down
Goodbye
