Decompressing and parsing covid19.csv.bz2...
Cumulative and new cases reported thus far for Spain
------------------------------------------------------------------------------------------------------------------------
000	01/22	0	0
001	01/23	0	0
002	01/24	0	0
003	01/25	0	0
004	01/26	0	0
005	01/27	0	0
006	01/28	0	0
007	01/29	0	0
008	01/30	0	0
009	01/31	0	0
010	02/01	1	1
011	02/02	1	0
012	02/03	1	0
013	02/04	1	0
014	02/05	1	0
015	02/06	1	0
016	02/07	1	0
017	02/08	1	0
018	02/09	2	1
019	02/10	2	0
020	02/11	2	0
021	02/12	2	0
022	02/13	2	0
023	02/14	2	0
024	02/15	2	0
025	02/16	2	0
026	02/17	2	0
027	02/18	2	0
028	02/19	2	0
029	02/20	2	0
030	02/21	2	0
031	02/22	2	0
032	02/23	2	0
033	02/24	2	0
034	02/25	6	4
035	02/26	13	7
036	02/27	15	2
037	02/28	32	17
038	02/29	45	13
039	03/01	84	39
040	03/02	120	36
041	03/03	165	45
042	03/04	222	57
043	03/05	259	37
044	03/06	400	141
045	03/07	500	100
046	03/08	673	173
047	03/09	1073	400
048	03/10	1695	622
049	03/11	2277	582
050	03/12	2277	0
051	03/13	5232	2955
052	03/14	6391	1159
053	03/15	7798	1407
054	03/16	9942	2144
055	03/17	11748	1806
056	03/18	13910	2162
057	03/19	17963	4053
058	03/20	20410	2447
059	03/21	25374	4964
060	03/22	28768	3394
061	03/23	35136	6368
062	03/24	39885	4749
063	03/25	49515	9630
064	03/26	57786	8271
065	03/27	65719	7933
066	03/28	73235	7516
067	03/29	80110	6875
068	03/30	87956	7846
069	03/31	95923	7967
070	04/01	104118	8195
071	04/02	112065	7947

Initializing 180 population members having 6 parameters
------------------------------------------------------------------------------------------------------------------------

SSE=23.344 on eval 1: L=1.39334e+07 b=13.7041 r=0.158468 rf=0.770598 t0=66.2951 th=3.18114

*312

SSE=12.21 on eval 5: L=4.28476e+07 b=12.6771 r=0.135848 rf=0.415059 t0=64.4163 th=4.67661

!6319294521699324571120

SSE=11.939 on eval 28: L=2.83734e+07 b=49.5961** r=0.126912 rf=0.595013 t0=67.0886 th=5.3043

!24987

SSE=7.8785 on eval 34: L=2.55508e+07 b=43.7824 r=0.168403 rf=0.543628 t0=65.3586 th=3.02545

!22267299348292234195923171124362312591585183224296861953291858234692794528327249929433
538315919262162949296421242993399921285987191922173449782933

Population: 180 individuals with SSE 7.8785 to 185.77, avg eval time 0.429 sec. Top 7:

        SSE |     7.8785       8.4213       8.7711       9.2173       9.2698       10.272       10.319  
------------------------------------------------------------------------------------------------------------------------
          L | 2.5551e+07   4.0801e+07   1.3319e+06*  1.3358e+07   4.2918e+07   2.9627e+07   3.1091e+07  
          b |     43.782       23.629       7.6586       48.772**     36.598       25.461       33.214  
          r |     0.1684      0.14317      0.16283      0.17749      0.19634      0.17537      0.16739  
         rf |    0.54363      0.46916      0.55384      0.55775      0.66119      0.44936      0.44599  
         t0 |     65.359       65.804       65.946       65.901       65.522       65.029       65.109  
         th |     3.0254       2.7872       2.3583        1.498        5.046       1.3593       2.6087  
------------------------------------------------------------------------------------------------------------------------
Best individual:
<SSE=7.8785 L=2.55508e+07 b=43.7824 r=0.168403 rf=0.543628 t0=65.3586 th=3.02545>


Population: 180 individuals with SSE 7.8785 to 185.77, avg eval time 0.429 sec. Top 7:

        SSE |     7.8785       8.4213       8.7711       9.2173       9.2698       10.272       10.319  
------------------------------------------------------------------------------------------------------------------------
          L | 2.5551e+07   4.0801e+07   1.3319e+06*  1.3358e+07   4.2918e+07   2.9627e+07   3.1091e+07  
          b |     43.782       23.629       7.6586       48.772**     36.598       25.461       33.214  
          r |     0.1684      0.14317      0.16283      0.17749      0.19634      0.17537      0.16739  
         rf |    0.54363      0.46916      0.55384      0.55775      0.66119      0.44936      0.44599  
         t0 |     65.359       65.804       65.946       65.901       65.522       65.029       65.109  
         th |     3.0254       2.7872       2.3583        1.498        5.046       1.3593       2.6087  
------------------------------------------------------------------------------------------------------------------------
Best individual:
<SSE=7.8785 L=2.55508e+07 b=43.7824 r=0.168403 rf=0.543628 t0=65.3586 th=3.02545>

Performing DE with CR=0.8, F=U(0.5, 1.0), DE/rand-1.00/1/bin
------------------------------------------------------------------------------------------------------------------------
Press the 'Enter' key to abort.



Generation 1/50  F=U(0.5, 1.0)  N_hist=180
------------------------------------------------------------------------------------------------------------------------
2222X11X42X31X42328XXXX19XX1XX79XXX125X1531XX2X2XX2324XX1X231XXXX2X2121X1XXXXXXXXXX2X2XX1152X62X7XX212XXX92XX34X1X2X2X41
X1129115XX2XX2X5XX27X1X1X836X2312212X2XXXX1XX4X814532223X2XX


Generation 2/50  F=U(0.5, 1.0)  N_hist=360
------------------------------------------------------------------------------------------------------------------------
X2XXX21X2XX4XX1XXX25X1XXX12XXX22XXX2XXX1XXXX2XXXX1XX2XXX2XX2X12X32X556X5XXX21XX222322XXXXXX4XXXXX1X233X1XXX12XX2X16XXXXX
3X2X3XXX3XXXXXX2XXX2XX16XXXXXX41XXXX1XXXXXXX11XXXXX2X4XXXX4X


Generation 3/50  F=U(0.5, 1.0)  N_hist=540
------------------------------------------------------------------------------------------------------------------------
X1X12XX1XXXXXXXX1XXXXX1XXXXX1XXXXXXXXX2X71XXX2X3XX22XX11XXXXXX2X3X13XXXXX21X3XX232XXXXXX3X21X32X1X1XXXX123XXX12X2XXXX12X
X1XXXXXXX3X1XXX1XX112XXXXXX0XXXXXX2X02X1X11XXX2X1X3X1XXXX1X1


Generation 4/50  F=U(0.5, 1.0)  N_hist=720
------------------------------------------------------------------------------------------------------------------------
2XX1X4XX1XX111XXXX2XXXX2X1XX1XXXXXXXXX2XXX11XXX20X1X1X112XXXXXX1XXXXX31XXXXXX1XXXXXX1X11X1XX2XX1XX21XXXXXXX1X2XXXXXX0XX2
XXX1XX0XXXX1XX22XXXXXX1XXXXX11XXX1X4X2XX1XXXXXXXXX1XXXXX22X1


Generation 5/50  F=U(0.5, 1.0)  N_hist=900
------------------------------------------------------------------------------------------------------------------------
XXXXXXXXXXXX1X1XXXXXXX11XXXX1X1X1X21XXXXXXX1XX1XXXX1XXXX1X1XXXXX1X1XXXXXX1XXXXXX1XXX2XXX1XXXXX1XXXXXXX1X22X13XXXXX1XXX1X
X1XXX1X11XX2XXXXX1X1X11XXXXXXXXXXX1X1XXX1X2XX1XXXX1XX1XX1X0X


Generation 6/50  F=U(0.5, 1.0)  N_hist=1080
------------------------------------------------------------------------------------------------------------------------
X11X1X1XXXX111X1XXXXXXXX1XX1XX1X1XXXXXXXXXXXXXXX1XXXXXX11XXXXXXXXXXXX1XXXXXXXX1XXXX11XXXXX1XXXXXXXXXXXXXX1XXXXXXXXX111XX
11X2XXXXXXXXX0XXXXXXX110XXX1XX0111X1X212XXXXXXXXX1X1X1XXXXX1


Generation 7/50  F=U(0.5, 1.0)  N_hist=1260
------------------------------------------------------------------------------------------------------------------------
XX1XXXXX1XXXXX2XX01X1XXXXXXX1XXXXXXXXX2XXXXXXX1X1XXXXXX1XXXXXX0XXX1XXX1XX21XXXXXXXX2XXXX1X1XXXXX2XXXXXXX1211X1XX1XXXXXXX
XXXXXXX1XXXX1XXX2XXX11XXXXXXXXXX1XXXX1XXX1102X01XXXXXXXXXXXX


Generation 8/50  F=U(0.5, 1.0)  N_hist=1440
------------------------------------------------------------------------------------------------------------------------
X1XX1X1XXXXXXXXXXXXXXXX1XXXX1XXXX12XXXX1XXXXXXXXXX1XXXXXXXXX11111XXXX0XXXXX2X1XX1X11XXXX1111XXXX0XXXXX21XXXXXX1X0XXXX21X
XXXXXXXXXXXX1X1XXXXX1XXXXXXXXX1XXX1XXXXXXXXXX1XXXXXXX2XXXXXX


Generation 9/50  F=U(0.5, 1.0)  N_hist=1619
------------------------------------------------------------------------------------------------------------------------
1211X111XXXXXXXXXXXXXXXXX12+XXXXX1111XXXXXXXXXXXXXXXXXXX11XX1

SSE=7.577 on eval 1691: L=3.90143e+07 b=17.9096 r=0.158285 rf=0.490969 t0=65.4133 th=1.25853

+X00XXX1XXXXXX1XXXXXXXXXXX1X0XXXXXXXXXXXXXXXX0XXX11XXX110XX
X1XXXXXXX11XXXXXXXX11XXXXXXX1X111XXXXXXXXXXXXXXXX1XX0XXXX1XXXX


Generation 10/50  F=U(0.5, 1.0)  N_hist=1800
------------------------------------------------------------------------------------------------------------------------
1111111XX1XXXX11X11XXXXXXXXXXXXXXXXXXXXXXXX1XXXXXX11XXX1XX1101X11101X01X1XX1XXXXXXX1XXXX1XX1XXXXXXX11XXXXXXX1XXXXXXXXXXX
11X2XX1XXXXXXX1X2XXX1XXXXXXXXXXXXXX1XXXXXXXXXXXXXXXXXX11XXXX


Generation 11/50  F=U(0.5, 1.0)  N_hist=1980
------------------------------------------------------------------------------------------------------------------------
1111XX1XXXX1XX1XXX11XXXXXXXXXXXXXXXX0XX0XXXXXXXXXXXXXXXXXXXXXXXXX1XXXXXXXXXXXX11X1XXXXXXXXXXXXXXXXXXXXXXXXXXXXXXXXXX11XX
XXXXXXXXX1XXXX1XXXXXXXXX1XXX1XXXXX1X1XXXXXXXXXX0X11XXXXXXXXX


Generation 12/50  F=U(0.5, 1.0)  N_hist=2160
------------------------------------------------------------------------------------------------------------------------
10111XXX111XXXXXXXXXX1XXXXXXXXXXXXXXXXXXXXXXXXX1XXXX0XXXXXXXXXXXXXXXXXX1X1X1XXXXXXXXXXXXX1X1XXXX111XXX1XXXXXXXXXXXXXX11X
XXXXXXXXXXXXXXX1XXXXXXXXX1XXXXX1XXXXXXXXXX101XXXXXXXXXXXXXXX


Generation 13/50  F=U(0.5, 1.0)  N_hist=2340
------------------------------------------------------------------------------------------------------------------------
111X110XXXXXXXXX1111XXXXXXXXX11XXXXXX1XXXX1XXXXX1XXXX11XXXXXXXXXXXXXXXXXXXX1XXXX111XXXXX1X11XX1XXXX1X1XXXXXXXXXXXXXXXXXX
XXXX11X11X1XXXXXXXXXXXXXXXXXXXXXXXXXXX1XXXXXXXXXXXXXXXXXXXXX


Generation 14/50  F=U(0.5, 1.0)  N_hist=2520
------------------------------------------------------------------------------------------------------------------------
1111X1111XXX1XX1XXXXXXXX1XXX00XXX1X1X1XXXX1XXXXXXXXXXX11X1XXXXXXXXXXXX1XXXXX10XXXXXXXXXXXXXXXXXXXX111XXXXXXXXXXXXXXX1X1X
1XX0XXXXXXX1XXXXXXXXXXXXXX111XXX1XXXXX11XXXXXXXXXX10X1XXXXXX


Generation 15/50  F=U(0.5, 1.0)  N_hist=2699
------------------------------------------------------------------------------------------------------------------------
101X111XXX1XXXX0XXXXXXXXXXXXXXXXXX1XXX1XXX1XXXXXXXXXXXXXXXXXX0X11XXXXXXXXXXXXXX011XX011XXXXXXXXXXXXXXXXXXXXXXXXXXXXXX1XX
XX1XXXX1XXX1XXXXXXXXXX1XXXXXXXXXXXX11XX1XXXXX0XXXXXXXXXXXXXX


Generation 16/50  F=U(0.5, 1.0)  N_hist=2880
------------------------------------------------------------------------------------------------------------------------
11X1XXX10XXXXXXXXXXXXXXXXXXXXXXXXXX1111XXXXXXXXXXXXXXXXXXX1XXXXXXXX1XX1XXXXXXXXX1XXXXXXXXX0X10XXXXXXXXXXXXXXXX1X0XXXXXXX
XXXXXX0XXXXXXXXX0XXXXXX01XXX1XXXXXXXXXXXXXXXXXXXXXXXXXXXXXXX


Generation 17/50  F=U(0.5, 1.0)  N_hist=3060
------------------------------------------------------------------------------------------------------------------------
10101X1111XX1XXXX01XXXXXXXXXXXXXXX1XXXXXXXXXXXX11XX1XXXXXXXXXX101XXXXXXXXXXXXX1XXXXXXXXX1XXXX1X1X1XXX1X1XX10XX0XXXX101XX
X1XXX011XXXX1+111X0XXXXXX1XXXXXXXXXXXXXXX10XXXXXXXXXXXXXXXXXX


Generation 18/50  F=U(0.5, 1.0)  N_hist=3240
------------------------------------------------------------------------------------------------------------------------
101X101XXXX1XXXXXXXXX1XXXX010X1XXXXX1XXXXXX01XXXXXXXXXXXXXXXXXXXXXXXXX0111XXXX1XXXXX1XXXXXXXXXXX1XXX1XXX1XX1XXXXXXXXXXXX
XXXXXXXXXXXXXXXXXXXXXXXXXXXXX0XXXXXXXXXXX1XXXXXXXXXXXXXXXXXX


Generation 19/50  F=U(0.5, 1.0)  N_hist=3420
------------------------------------------------------------------------------------------------------------------------
011X1XXX1XX11XXXXXXXX0XXXXX1XXXXXXXXXX1XXXX10XXX101XXXXXXXXXXXXXXXXXXXXXXXXXX1XX0XXXXXXXXX0XXX1XXXXXXXXX1X1XXXXXX101111X
1011XXXXXXXXXXXXXXXXXXXXXXXXXXXXXXXXXX0XXX0XXXXXXXXXXXXXX1XX


Generation 20/50  F=U(0.5, 1.0)  N_hist=3600
------------------------------------------------------------------------------------------------------------------------
01101X0XXXXXXXXXXXXX1XXX1XXXXXXXXXXXXXXXX010XXXXXXXXX1XX1XX1XX1XXXX11XX01XXXXXXXXXXXXXXXXXXXXXX0X00XXXXXXXXXXXXXXX0XXXXX
XXXXXX111XXXXXXXXXXXXXX1XXX1XXXXXXXXXXXX101X1XXXXXXXXXXXXXXX


Generation 21/50  F=U(0.5, 1.0)  N_hist=3780
------------------------------------------------------------------------------------------------------------------------
01101XXXXXXXXXXXXXXXXXXXXXXXX1XXXXX1XXXXXXXXXXX0XXXX1XXXXXXXXXX0XXXX110XX1XX1XXXXXXXXX1XXXXXXXX01XXX1XX1XXXXXXXXXXX10XXX
XXX1XXXXX11X1XX0XXX1XX0XXXXXXXXXX0XXX11X1XXXXXXXX1XXXXXXXXXX


Generation 22/50  F=U(0.5, 1.0)  N_hist=3960
------------------------------------------------------------------------------------------------------------------------
111X11XXXX0XXXXXXXX1XXXXXXXXXXX1X1XXXXXXXXXXXXXXXXXXXXXXXXXXXXXXXX0XXXXXXXXXXXXXXXXXXX1XXXXXXXXXXXX00XXXX11XXXXXXXXXXXX1
XX11X01XX1XXXX1XXXXXXXXXXXXXXXXX111XXXXXXXXXXXXXXXXXXXXXXXXX


Generation 23/50  F=U(0.5, 1.0)  N_hist=4140
------------------------------------------------------------------------------------------------------------------------
1XXXXX0XXXXX01XXXX1XXXXXXXXXXXXXXXXXXXXXXXXXXX0XX11XXXXXXXXXXXX10XXXXXXXXXX101111XXX1XXXXXXXXXXXXXXXXXXXXXXX1101XXXXXXXX
XXXX0XXXXXX0XXXXXXX1XX1XXXXXXXXXXXX1XXXXXXXXXX1X1XXXXXX1XXXX


Generation 24/50  F=U(0.5, 1.0)  N_hist=4320
------------------------------------------------------------------------------------------------------------------------
11110X01XXXXX10XXX0XXXXXX1XXXXX0XXXXXXXXX1XXXX0XX0XXXX1X1XXXXXXXXXX1XXXXXXXXXXXXXX0X1XXX1000XXXXXXXXXXXXXXXXXXXXXXXXXXX1
11XXXXXXXXXXXXXXXXXXXXXXXXXXXXXXXXXX10XX0XXXXXXXXXXXXX1XXXXX


Generation 25/50  F=U(0.5, 1.0)  N_hist=4500
------------------------------------------------------------------------------------------------------------------------
110X10XX0XXXXXX1XXXXX0XXXXXXXXXXXXXXXXXXXX1000XX1XXX1XXX0XXXXXXXXX0X110110XXXXXXXXXXXX00XXXXX1010X1XXXXXXXXXXXXXXXX111XX
XXXXXXXXXXXXXXXX1XX0X0XXX01XXXX0XXXXXXXXXXXXXXXXXXXXXXXXXXXX


Generation 26/50  F=U(0.5, 1.0)  N_hist=4680
------------------------------------------------------------------------------------------------------------------------
00X11XXXXXXX1XXXXXXXXXXXXXXXXXXXXXXXXXXX0X1XXXXXX1XXXXXXXXXXX010XXX1XXXXXXX1XXXXX1XXXXX1XXXXXXXXXX1XX0XXXX1X0XXXXXXXXXXX
XX001XXXXXXXXXXXXXXX1XX00XXXXXXXXXXXXXXXXXXXX0X1XXXX1XXXX1XX


Generation 27/50  F=U(0.5, 1.0)  N_hist=4860
------------------------------------------------------------------------------------------------------------------------
10101001000X1XXXXXX10XX1XXXXXXXXXXXXX01XXXXXXXXXXXXXXXXXXXXXXXX1011XXXXXXXXXXXXXXX0XX0X0X1XXX0XXXXXXXX0XXXXXXXX1XXXXXXXX
1XXXXXXX0XX00XXX1XXXXXXXXXXXX1XXXXXXXXXXXXXXX11XXX1XXXXXXXXX


Generation 28/50  F=U(0.5, 1.0)  N_hist=5040
------------------------------------------------------------------------------------------------------------------------
0011X10XXX1XXXX10XXXX1XXXXXX0XX0+XXXXXXX0X00100XXXXXXXXXXXX1XXXXXX0XXXXXXX11X0XXXXXXXXXXXX0111X0XXXXXXX00X0XXXXXXXXXXXXX
0XX111XXXXXXXXXXXXXXXXXXXXXX0XXXX0XXXXXXXX1XXXXXXXXXXXXXXXXXX


Generation 29/50  F=U(0.5, 1.0)  N_hist=5220
------------------------------------------------------------------------------------------------------------------------
11101000X1001XXXXXXXXXXXXXXXX0XXXXXX10XXX0X00XXXXXXXXXXXXXXXXXX0XXX0X10XX1+XX100XXX1+XXXXXX1XX0XXXXXXXX0X0XX10XXXX0XXXXX
XXXXXXXX0XX01XX1XXX0XXXXX1XXXXXXXXXXXXXXXXXXX0XXXXXXXXXXXXXXXX


Generation 30/50  F=U(0.5, 1.0)  N_hist=5400
------------------------------------------------------------------------------------------------------------------------
0100XXXX1001XXXXX0XXX0X0XXXX0XXXXXXX1XX1XXX1X1X01XXXXXXX10XXXXX0XXX00XXXXXX0X0XXXXXXX0XXXXX1XXXXX0XXX10XXXXXXXXXX0X00XXX
0XX10XXXXXXXXXXX0X1XXX01XXXXXX0XXXXXXXXXXXXXXXXXXXXX0XX0XXXX


Generation 31/50  F=U(0.5, 1.0)  N_hist=5579
------------------------------------------------------------------------------------------------------------------------
01110X11XXXXXXXX001X1010XXXXXXXXXXXXXXXXXX10X10XXX00XXXXXXXXXXXXXXXXXX111X00XXXXXXXXXXXX0X0XXXXXX0XXXX1+X0XX0XXXXXXXXXXX
X0XXXXXXXXX10X1XX0XXXXXXXXXX01XXXX00100XXXXXXXXXXXXXXX0XXXXXX


Generation 32/50  F=U(0.5, 1.0)  N_hist=5759
------------------------------------------------------------------------------------------------------------------------
01010X0X0XXX0XXXXXXXXXXXXXXXXXXXXXXXXXXXXXXXXXXXXX010XXXXXXXXXX1XXX0XX000XXXXX00XXXXXXXXX1XXXXXXXXXXXXXXXXXXXXXXXXXXXXXX
XXXXXXXXXX0XXXXXX1XXXXX101XXXXXXXXXXX110XXXXX1XXXXX0XXXXXXXX


Generation 33/50  F=U(0.5, 1.0)  N_hist=5940
------------------------------------------------------------------------------------------------------------------------
00X0XXXXXXXX0XXXXXXXXXXX1XXXXXXXXX1XXXXXXXXXXXXXXXXX1001XXX0XXX0X0XXXXXXXXXXXXXXX0XX01XXXXXXXXXXXXXX0XXXXXXXXX0X0XX00XXX
XXXXX0XX00X1XX0XXXXXXXX0X0XXXXXXXX0XXXXXXXXXXXXXXXXXXXXXXXXX


Generation 34/50  F=U(0.5, 1.0)  N_hist=6120
------------------------------------------------------------------------------------------------------------------------
100001+001010XXX1X11X1X00XXXX00XXXXXXXXXXXXXXXXX1XXXX000XXXXXXX0XXXXX0XXXXX01XXX000XXXXXX11XXXXXXXXXX01XXX1X0XXX0XXXXXX0
XXX0XXXX0XXXXXXXX000XX0XXX1XX00XXXXXXXXXXXXXXXXXXX00X0XX0XX0X


Generation 35/50  F=U(0.5, 1.0)  N_hist=6299
------------------------------------------------------------------------------------------------------------------------
010X10XXXXXXX0XXXX0XXXXXXX0XXX0XXXX00XXXXXXXXXXX11X1XXXXXXXXXXXXX0XXXX0XXXXXXXXXXXXXXXXX00XXXXXXX1XX00XXXXX0XXXXX0XXXXXX
X0X0XXXXX0X0XXX0XXXXXX0XXXXXXXXXX0XXXXXXXXXXXXXXXXXXXXX0XXXX


Generation 36/50  F=U(0.5, 1.0)  N_hist=6480
------------------------------------------------------------------------------------------------------------------------
00X1XXXXXXX0XX0XXXXX0XXX1XXXXXXXXXXXXXX0XXXXX0XXXXXXX0X0XXXXXXXXXXXXX0XX10XXXXXXX0XXXXXXXXX0XXX1XXX0XX0XXXX00XXXXX00X0XX
XXXXXXXX0XXXXXX01XXXXXXXXX0XXXXXXXXX0XXXXXXXXXXXXXXXXXX0XXXX


Generation 37/50  F=U(0.5, 1.0)  N_hist=6660
------------------------------------------------------------------------------------------------------------------------
000000X0000XXXXXXXXXXX0XXXXXXXXXXXXXXXXX000XXXXXXX10X0X1XXXXXXXX0XXX01XX0XXXXXXXXX0X0XXXXX0000XXXXXXXXXXXXXXXXX0XXXXXXXX
X0XX0X0XXXXXXXXXXX0X00XXXXXXXX0XXXXXXX0XXXXXXXXXXXX0XXXXXXXX


Generation 38/50  F=U(0.5, 1.0)  N_hist=6840
------------------------------------------------------------------------------------------------------------------------
0000100X0XXX00XX0XXXXXX0XXXXX0XXXXXXXXXXXXXXXXXXXXXX0XXXXXX0X0010XXXXXXXXXXXXXX0XXXXXXXXXXXXXXX0XXXXX0XXXX0X0XX0XX00XXXX
XXX0XXXXX0XXX0X0X0XXX00XXXXX0XXX0XXXXXXXX00X0XX0XXX0XXXXXXXX


Generation 39/50  F=U(0.5, 1.0)  N_hist=7020
------------------------------------------------------------------------------------------------------------------------
000000X00XXXXXXXXXXXXXXXXXXXXXXXXXX0XXXX0XXXXXX00000X0XXXXXXXXXXXXXXX000X00XXXXXXXXXXXXX00XXXXXXXXXXXX00XXXXXXXXXXXXXXXX
0XXXXXXXXXXXXXXXXXXX0XXXXXXX0XXX0XXXXXXXX0XXXX0XXXX0XXXXXXXX


Generation 40/50  F=U(0.5, 1.0)  N_hist=7200
------------------------------------------------------------------------------------------------------------------------
000000X00XXXX00000XXXXXXXXXXX0XXXXXXX0XX00XXXX00X0XXXX0XXXXXXXXXXXXX0XXXXXXXXXXXXXXXXXXXXX000XXXXXX00XX000XXXXX0XXXXXX0X
0X00XXXXXXXX0XXXXXXXXXXXXXXXXX0000XXXXXXXXXXXXXXXX0XXXXX0XXX


Generation 41/50  F=U(0.5, 1.0)  N_hist=7379
------------------------------------------------------------------------------------------------------------------------
000X0000XX00XXXXXX0XXXXXXXXXX0XXXXXXXXXX0000XXXXXXX00XXXXXXXXX000X0XX0XXXXX0XXXXXXXXXXX0XXXXXXXXX0XXXXXXXXXXXXXXXXX00XXX
XXXX00XX0XXXXXXXXXXXXXXXX0XX0000XXX0XXXXXXXXXXXXXXXXXXXX0XXX


Generation 42/50  F=U(0.5, 1.0)  N_hist=7560
------------------------------------------------------------------------------------------------------------------------
00000000XXXXXXX0XXXXX00XXXXXXXXXXXXXXXXX0X000XXXXXXXXX00X0XXXXXXXXXXXXXXXXXXXX0X0X001XXXXX0X0XXXXXXXX0XXXXX00X0X0XXXXXXX
XX0XXX0000XX0XXXXXX0XXXXXXXXX0X0XXXXXXX0XX0XXXXXXXXXXX0XXXX0


Generation 43/50  F=U(0.5, 1.0)  N_hist=7739
------------------------------------------------------------------------------------------------------------------------
0000000X00XXX00X0X0X0XXXXXXXXXXXX00XXXX0XXXXXXXXXX0XXXXXXXXXXXXXXXXX0XXXX000X0XXXXX00XXXXXXX00XXXXXXX0XXX0XX00XX00XXXXXX
XXXXXXX0XXXXXXXXXXXXXXXXXXXXXXXXXXXXXXXXXXXXXXXXXXXXXXXXXXXX


Generation 44/50  F=U(0.5, 1.0)  N_hist=7920
------------------------------------------------------------------------------------------------------------------------
0000X0X0XX0+XXX00XXXXXXXX0XXXXXXXX000X000XXX000XXXXXX0XXXXXX0XXXXXXXX0XXX0XXXXX0XXX0XXX0+X0XXXX0XXX0XXXXXXXXXXX0XXXXXXXX
XXXXXXXX000XX0000XXXXXX0XX0XXXX00XXX00XXXXXXXXXXXXX0XXXXXXXXXX


Generation 45/50  F=U(0.5, 1.0)  N_hist=8100
------------------------------------------------------------------------------------------------------------------------
0000XXXXXX0XXXXXX0X0XXX00000X0XXXXXXXXXXXXX0X00XX0XX0XXXXXXX000X0XXXXXX0XXXXXXX0XXXXXXXXX00XX0XXX0XX00XXXXXXXXX0XXXX00XX
XXXXXX000X0X0XXXXXXXXXXXXXXXXX0XXXXXXXXXXXXXXXXXXXXXXX0XXXXX


Generation 46/50  F=U(0.5, 1.0)  N_hist=8279
------------------------------------------------------------------------------------------------------------------------
00X0XXX0XXXX0XXXXXX0XXXXXXXXXXXXXXXXXXXXXXXXX00XXXXXXXXXXXXXX0X0XXXXXXXXXXXXXXXXXXXXXX0XX0X0XXXXXXXXX00XXXXXXXXX0XXX00X0
0X00XX0XXX0XXXXXXXXXXXXXXXX0XXXXXXXXXXXXXXXXXXX0XXXXXXX0XXXX


Generation 47/50  F=U(0.5, 1.0)  N_hist=8460
------------------------------------------------------------------------------------------------------------------------
0000X0000X0XXXX0XXXXXXXXXXXXXXXXXXXXXXXXXX0+XXXXXXXX00X00XXX0XXXXXXX00X00X00XXXXXXXX0XXXXXX0XX0XXXXXX0XXX00XXX000XXXXXXX
X0XXXXXXX0XXXXXXXXXXXXXXXXXXXX0XXXXXX000XXXXXXXXXXX0XXXX0X0XX


Generation 48/50  F=U(0.5, 1.0)  N_hist=8640
------------------------------------------------------------------------------------------------------------------------
00000X0XXX0XXXXXXXXXXX000XXXXXXXXXX0XX0XXXXXXX0XXXXXXXXXXXXXXXXXXX0000XX00XXXXXXXXX0XXXXXXXXXXXXXXXXXXXXXXXXXXXXXXXXXXXX
0XXXXXXXXXXX00+0XXXXXXXXXXXXXX0XXXXXXXXXXXXXXXXXX0XXXXXXXX0XX


Generation 49/50  F=U(0.5, 1.0)  N_hist=8820
------------------------------------------------------------------------------------------------------------------------
000000XXXXXXXXXXXXX0XX00XXXXXXXXXXXX00XXXXXXXXXXXXX0XXX0XXXXXX0X0XXXXXXXXXXXXXXXX00XXXXXX0XXXXXXXXXX00XXXXXXXXXXX0XXXX0X
0XXXXXXXXXX0X0X0XXXXXXXXXXXXX0X0XXXXX0XXXXXXX00XXXXXXXXXXXXX


Generation 50/50  F=U(0.5, 1.0)  N_hist=9000
------------------------------------------------------------------------------------------------------------------------
000X0XX0X0X0XXXX0XXXXX00XX0XXXXXXXXXX0XXXXXX0XXXXXXXXXXXXXXXXXXXXXXX0XXXXXXX0XXXXXXXXXXXX0XXXXXXXXX00XXXXX00000XXXXXXXXX
XXXXXXXXXXXXX000XXXXXXXXX0X0XX0XXXXXX0X0000XXXXXXX0XXXXXXXXX

Maximum number of iterations reached.

SSE=7.4771 on eval 9180: L=3.13806e+07 b=1.64966* r=0.160763 rf=0.502708 t0=65.4127 th=1.69578


Shutting down DE...
DE shutdown complete.

Final population:
Population: 180 individuals with SSE 7.4771 to 7.5737, avg eval time 0.0212 sec. Top 7:

        SSE |     7.4771       7.4814       7.4827       7.4828       7.4828       7.4834       7.4842  
------------------------------------------------------------------------------------------------------------------------
          L | 3.1381e+07   3.8835e+07   4.1686e+07   4.3604e+07   4.0911e+07   4.3248e+07   1.7963e+07  
          b |     1.6497*      1.7683*      4.5127       1.4974*      1.1066*      0.1117*      4.1569  
          r |    0.16076      0.16139        0.161      0.16277      0.16155      0.16143      0.16002  
         rf |    0.50271      0.50467      0.50218       0.5078        0.507      0.50784      0.49566  
         t0 |     65.413       65.417       65.357       65.358       65.389       65.411       65.401  
         th |     1.6958       1.6511       1.7213       1.7328        1.753       1.7647       1.5559  
------------------------------------------------------------------------------------------------------------------------
Best individual:
<SSE=7.4771 L=3.13806e+07 b=1.64966* r=0.160763 rf=0.502708 t0=65.4127 th=1.69578>


Elapsed time: 113.86 seconds

Saved final population of best parameter combinations to covid19.dat
Shutting down...
Task Queue is shut down
Goodbye
