Decompressing and parsing covid19.csv.bz2...
Cumulative and new cases reported thus far for Singapore
------------------------------------------------------------------------------------------------------------------------
000	01/22	0	0
001	01/23	1	1
002	01/24	3	2
003	01/25	3	0
004	01/26	4	1
005	01/27	5	1
006	01/28	7	2
007	01/29	7	0
008	01/30	10	3
009	01/31	13	3
010	02/01	16	3
011	02/02	18	2
012	02/03	18	0
013	02/04	24	6
014	02/05	28	4
015	02/06	28	0
016	02/07	30	2
017	02/08	33	3
018	02/09	40	7
019	02/10	45	5
020	02/11	47	2
021	02/12	50	3
022	02/13	58	8
023	02/14	67	9
024	02/15	72	5
025	02/16	75	3
026	02/17	77	2
027	02/18	81	4
028	02/19	84	3
029	02/20	84	0
030	02/21	85	1
031	02/22	85	0
032	02/23	89	4
033	02/24	89	0
034	02/25	91	2
035	02/26	93	2
036	02/27	93	0
037	02/28	93	0
038	02/29	102	9
039	03/01	106	4
040	03/02	108	2
041	03/03	110	2
042	03/04	110	0
043	03/05	117	7
044	03/06	130	13
045	03/07	138	8
046	03/08	150	12
047	03/09	150	0
048	03/10	160	10
049	03/11	178	18
050	03/12	178	0
051	03/13	200	22
052	03/14	212	12
053	03/15	226	14
054	03/16	243	17
055	03/17	266	23
056	03/18	313	47
057	03/19	345	32
058	03/20	385	40
059	03/21	432	47
060	03/22	455	23
061	03/23	509	54
062	03/24	558	49
063	03/25	631	73
064	03/26	683	52
065	03/27	732	49
066	03/28	802	70
067	03/29	844	42
068	03/30	879	35
069	03/31	926	47
070	04/01	1000	74
071	04/02	1049	49

Initializing 180 population members having 6 parameters
------------------------------------------------------------------------------------------------------------------------

SSE=0.71005 on eval 1: L=4.49906e+06 b=9.71968** r=0.107289 rf=0.581529 t0=71.4194** th=10.1106

*

SSE=0.58018 on eval 2: L=298807 b=3.69635 r=0.142 rf=0.599772 t0=63.534 th=10.6971

!312735722162512316215

SSE=0.52421 on eval 24: L=618956 b=2.01848 r=0.158549 rf=0.654264 t0=62.1118 th=5.37885

!112123724233522675821512135464871426632134623212223465762213122446913321316666421291245165623111
325363233611121553371112211256522122323672432331268131142222

Population: 180 individuals with SSE 0.52421 to 5.3681, avg eval time 0.558 sec. Top 7:

        SSE |    0.52421      0.54781      0.55426      0.55742       0.5678      0.58018      0.60411  
------------------------------------------------------------------------------------------------------------------------
          L | 6.1896e+05   8.4345e+05   4.7308e+06   2.3532e+06   4.3562e+06   2.9881e+05    3.378e+06  
          b |     2.0185       3.1058       6.8387      0.31005*     0.55043       3.6963       4.5573  
          r |    0.15855      0.22517      0.14499      0.15697      0.12295        0.142      0.12068  
         rf |    0.65426      0.78392      0.95707**     0.7499      0.68978      0.59977      0.56405  
         t0 |     62.112       58.347       67.025        66.21       67.898       63.534       63.929  
         th |     5.3788        12.89       7.8761       3.1844       12.045       10.697       10.897  
------------------------------------------------------------------------------------------------------------------------
Best individual:
<SSE=0.5242 L=618956 b=2.01848 r=0.158549 rf=0.654264 t0=62.1118 th=5.37885>


Population: 180 individuals with SSE 0.52421 to 5.3681, avg eval time 0.558 sec. Top 7:

        SSE |    0.52421      0.54781      0.55426      0.55742       0.5678      0.58018      0.60411  
------------------------------------------------------------------------------------------------------------------------
          L | 6.1896e+05   8.4345e+05   4.7308e+06   2.3532e+06   4.3562e+06   2.9881e+05    3.378e+06  
          b |     2.0185       3.1058       6.8387      0.31005*     0.55043       3.6963       4.5573  
          r |    0.15855      0.22517      0.14499      0.15697      0.12295        0.142      0.12068  
         rf |    0.65426      0.78392      0.95707**     0.7499      0.68978      0.59977      0.56405  
         t0 |     62.112       58.347       67.025        66.21       67.898       63.534       63.929  
         th |     5.3788        12.89       7.8761       3.1844       12.045       10.697       10.897  
------------------------------------------------------------------------------------------------------------------------
Best individual:
<SSE=0.5242 L=618956 b=2.01848 r=0.158549 rf=0.654264 t0=62.1118 th=5.37885>

Performing DE with CR=0.8, F=U(0.5, 1.0), DE/rand-1.00/1/bin
------------------------------------------------------------------------------------------------------------------------
Press the 'Enter' key to abort.



Generation 1/50  F=U(0.5, 1.0)  N_hist=180
------------------------------------------------------------------------------------------------------------------------
X12XX211X2XX2X3X4216X3X233XXXX1XX22XXX1X53X3XXX1X42XXX15XXX2X3212X4X11X53X424822X222XX3X3X3X122X23XX63215X6X4X1XX23X11X1
11XXX32XX51XX2X4X11XX1X12X22X52XXX223X22X2X62XXX23X2XXXX1X7X


Generation 2/50  F=U(0.5, 1.0)  N_hist=360
------------------------------------------------------------------------------------------------------------------------
XX2X1X4XX2XXXXXX33XXXXX32+11XXXX1X3X121XXXXX14XX1X11XXX1XX21X1XX21X1XXX31XXX2X13X4XXX1XX2XXX22XXXXX2X1XX115X11XX2XXXX1XX
XX2XX1XXX11X2112XX3X121XXXXX1X12XXXXXXXXX2XXX111X111XXXXXXXXX


Generation 3/50  F=U(0.5, 1.0)  N_hist=540
------------------------------------------------------------------------------------------------------------------------
XXX12312XXXX11X0XXXXXXXX1XXXX1XXXX13X1X1XX11X13XX11X11X1X1XXXXXX1XXX110XXX2XXXX1XX2X12XXXXXXX2XXXXXXXXXXX10XXXXXXXX1XXXX
XXX2X2XXX1XXXXX12X21XXXX11112XX1XXXXX1XX1XX11X12XXX1XX11X1XX


Generation 4/50  F=U(0.5, 1.0)  N_hist=720
------------------------------------------------------------------------------------------------------------------------
XXXXXX1XXXXXXXXXXX1XXX2XXXXX0XX1X1XXXXXXX11X01X11X112XXXXXXX1X1XXXXX21XXXXXX1XXXXXX11XXXXXXX1X1X1XXXXXXXX111XX10XXXX1X1X
XX0XX1XXX10XXXXXXXXX1XX2XXXXXXX1X11X11XXXXXX1X1X1X11XX1XX1X2


Generation 5/50  F=U(0.5, 1.0)  N_hist=900
------------------------------------------------------------------------------------------------------------------------
XXX1XXXXXXXXXXXXXXXXXXXXXXX1XXXXXXX2XXXXX0X2X2XXXXX11XXXX1XX1XXX0XX1

SSE=0.50096 on eval 968: L=3.29319e+06 b=0.65537 r=0.177237 rf=0.767496 t0=63.3922 th=7.72883

+XXXXXXX1X11XX2XXXXXXXXX1XXXXXXX1X1X1XX1XXX1XXXX1XXX
XXXXXXXXXXXXX1XXXX1XXXXXX11XX1XX0XXXXXXX0XXXXXXXX1X1XX1X1XXX1


Generation 6/50  F=U(0.5, 1.0)  N_hist=1080
------------------------------------------------------------------------------------------------------------------------
XXXX1X11XXXXXXXXXXXX21X01XXXXX1XX1XXXXXXX01XXXX1XX1XX1XXXXXXX1XXX11XXXXXXXXX11XXXXX111XXX001XXX11X1X1XXXXX1XXXXXXXXXXXXX
X1X1XXXXX1XXXX2XX111XXXXXX1XXX1XX1X1XXXXXXX0XXXXXXXX1111XX1X


Generation 7/50  F=U(0.5, 1.0)  N_hist=1260
------------------------------------------------------------------------------------------------------------------------
XX0XXXXXXX11XXXXXX1XXXX111X1X1X1XXXXXX0XXXXX1X011XXXXXXXXXXXX111XX0XX0XXX1XXXXXXXX1XXXX1X1X0X0XX1XXXXXXXXX1X1XXX11X1X0X1
XX1XXXXXXXX11XXXXXX10XXXX1XXXXXX01XXXXXXXXXXXXXXX1XXX1X1XXXX


Generation 8/50  F=U(0.5, 1.0)  N_hist=1440
------------------------------------------------------------------------------------------------------------------------
XXX1XXXX1XXXXXXXXXXX01XXXXXX11XX11XXXXXXXXXXXXX1XX1XXXX1XXXX0XXX011XXXX1XXX1XXXX1XXXXXXXXXXX1X11X1XXXXXXXXXXXXXX1XX1XXXX
XXXXXXXXXXXXXXX1XXXX01XXXXXXX11X0XXXXXXXXX21XXXXXXXXXXXXXXXX


Generation 9/50  F=U(0.5, 1.0)  N_hist=1620
------------------------------------------------------------------------------------------------------------------------
1111111111XXXXXX11XXXXX1XXX0XXXXXXXXXXXXXXXXXXXX0X11XX0XXXXX11XXXXXXXXXXXXXXXXX1XXXXXXXXX0XXXXXXXXXXXXX1XX11XXX1XXX111X1
XX0XXXXXXXXXXXXX1X1XXX1X1XXXXXXXXXXXXXXXX0XX01X0X1XXXXX0XXXX


Generation 10/50  F=U(0.5, 1.0)  N_hist=1798
------------------------------------------------------------------------------------------------------------------------
1111X0X11XXX1XXX1XX10XXXXX1XX00XXXXXXXXXXXXXXXXXXXXXXXXX11XXXXX1XXX1XXXXX1XXXXXXXXXXXXXX1XXXXXXXXXXXXXX0XXX1XXXXX1XXXXX1
11XXXXXXXX1XXX11XXXXXXXXXXXXXXXXXXX0X111XXXXXXXXX0XXXXXXXXXX


Generation 11/50  F=U(0.5, 1.0)  N_hist=1980
------------------------------------------------------------------------------------------------------------------------
0111101XX1XXXXXXXXXXXXXXXXXXXXXXXXXXXXXXXXXXXX1XXXXXX1XXXXXXXXXX10XXXX11XXXXXXXXXXXXXXXXXXXXXXXX01XXX001X10XX11XXXXXXXXX
XXXX1XXXXXXXXXXXXXXXXXXXX1XXX10XXXXXXXXXXXXXX1XXXXX1XXXXXX0X


Generation 12/50  F=U(0.5, 1.0)  N_hist=2159
------------------------------------------------------------------------------------------------------------------------
111XXXXX1XXXXXXX1X1XXXXXXXXXX1XXXXX0XX1X1XXXXXXXXXXXXXXXXXXXXX1XX0X01XXXXXX1XXXXXXXX0XXXXXXXXXXXXXXXXX1X1X0XXXXXXXX1XX11
XX1X0XX11XXXXXXXXXXXXX1X1XXXXXX1X1XXXXXXXXXXXXXXXX1XXXXXXXX1


Generation 13/50  F=U(0.5, 1.0)  N_hist=2339
------------------------------------------------------------------------------------------------------------------------
1011110X111XXX1XXXXXXXXX1XXXXXXXXXXXXXXX1XXXXXXXXXXXXXXX1XXXXXXXXXXXXXXXXXXX0XX1XXXXXXXX1011XXXXX1XXXXXXXXXXXXXXXXXXXX1X
1X1XXX1XXXXXXXXXX01XX1XXXXXXXXXXX01XXXXXXXXXXXXXXX001XXXXXXX


Generation 14/50  F=U(0.5, 1.0)  N_hist=2520
------------------------------------------------------------------------------------------------------------------------
01100X101X1XXXXXXXXXXXXXXXXXXX1XXXXXXXXXXXXXXXXXXXX0XXXXX1XXX1XX1X0XX11XXXXXXXXXXXXX11X0XXXXXXXXXX0XXXXXXXXXXXXXX1XXXXXX
XXXXXXXX0XXX00XXX11XXXX00X0XXXXXXXXXXXXXXXXXXXXXXXXXXXXXX0XX


Generation 15/50  F=U(0.5, 1.0)  N_hist=2700
------------------------------------------------------------------------------------------------------------------------
011XXXX100X1XXXX11XXXXXX1XXXXXXXXXXXXXXXXX1XX1XXXX10X10XXXX1XXXXXX1XXXXXXXXXXXXXXXXXXXXXXXXXXXXXXXXXXXXX1X1XXXXXXXXXXXXX
X11XX0XX1XXXXX10X1XXX00X11XXXXXXXXXXXXXXXXX1XXXXXXXXXXXXXXX1


Generation 16/50  F=U(0.5, 1.0)  N_hist=2879
------------------------------------------------------------------------------------------------------------------------
10X10X1XXXXX0XXXXXX111XXXXXX0X0XXXXXXXXXXXXXX1X0X0XXXXXXXXX1XXXXXXX00XX0XXXXXX1XXXXXXXXX1X00XXXXXX1XXXXXXX1XXXXXXXXXXXXX
XXXXXX1XX10X1XXX0XXXXXXXXXXXXX1X0XXXXXX0XXXXX11XXXXXXXXX1XXX


Generation 17/50  F=U(0.5, 1.0)  N_hist=3060
------------------------------------------------------------------------------------------------------------------------
10XX0XXXX1XXXXXX1XXXXXXXXX1XXXXXXXXXXXXXXXXXXXXXXXXXXXX1XXXX1X1XX0XX0XXXXXXXXXXX1XX01XXXX10X1XXXXXXXXXXXXXX1XXXXXXXX0X1X
XXXXXXXXXXXXXXXX01XX111XXXXXXXXXXXXXXXXXXXXXXXXXXX0XXXXXXXXX


Generation 18/50  F=U(0.5, 1.0)  N_hist=3240
------------------------------------------------------------------------------------------------------------------------
01XXX1X1XXXXXXXXXXXXXXXXX10X1XXXXXXXXXXXXX110X11X0XXX1XXXXXXXXX10XXXXXX11XXXXXXXXXXXXX110XXXXXXXXXXXXX0XXXXXX0X0X11X0XXX
XXXXXXXXXXX1XXXXX1XXXXXXXXX1XXXXXXXXXXX0XXXXXX1XXX1XXXXXXXXX


Generation 19/50  F=U(0.5, 1.0)  N_hist=3419
------------------------------------------------------------------------------------------------------------------------
01+X100X11011XXXXXXXX0X0XXXXXXXXXXXXXX11XXXXXX0XXX11XXXXXXXXXXXXXXXX1XXXXX1XX0XXX1XXXXXXXXXXXXXXXXXXXXXXXXXXXXXXXXX1XXXX
X1XX0XXXXXXXX1XXXXXXXX0XX11X0XXXXXXXXXXXXXXXXXXXXXXXXXXXXXXXX


Generation 20/50  F=U(0.5, 1.0)  N_hist=3600
------------------------------------------------------------------------------------------------------------------------
0XXX0XXXXXXXXXXX1XXXXXXXXXXXXXXXXX101XXXXXXXXXXXXXXXXXXX1XXXXX0XXXXXXXXXXXX0011X1XXX0XXX0XX1XXXXXXXXX0XXXXXXXXXXX0XXXXXX
10XXXXXXXXXXXXXXX1+1X1X1XXXXXXXXXXXXXXXXXXXXXXX0XXXXXXX1XXXXX


Generation 21/50  F=U(0.5, 1.0)  N_hist=3779
------------------------------------------------------------------------------------------------------------------------
1XXXXXXXXXXXXXXXXX0XX0XXXXXXXXXXXXXXXXXXXXXXXXXXXX1XX01XXXXX10XX0XXXXXXXXXXXXX1XXXXXXXXXXXXXXXXXXX1XX0XXXXXXXXXXX111XX0X
XXXXXXXXXXXXXXX1+XXXX0XXXXXXXXXXXXXXXXXXXXXX1XXXXXXXXXXXXXXXX


Generation 22/50  F=U(0.5, 1.0)  N_hist=3960
------------------------------------------------------------------------------------------------------------------------
0000XXXXXXXX0X0XXXXXXXXXXXXXXXXX1XXXXXXXXXXXXXXXXXXXX0X1XXXXXXXXXXXXXXXXXX0XXXXXXXXXXXXXXXX10XX1X0XXXX1XXXXXXXXXXXXX0XXX
XXXXXXXXXXXXXXX1X110XX1XXXXXXXXXXXXXXXXX1XXXX0X1XXXXXXXXXXXX


Generation 23/50  F=U(0.5, 1.0)  N_hist=4140
------------------------------------------------------------------------------------------------------------------------
00X00XXXXXXXXXXXXXXXXXXXXXXXX1XXXXXXXXX1X1XXXXXXXXXXXXXXXXXXXXXXXXX1XXXXX1XX1XXX1X1X0X0XXXXX00X10XXXXXXXXXXXXXXXXXXXX1XX
XXXXX0XXXXXX0X0XXX1+XXXXXXXXX0XXXXXX0XX0XXXXXXXXXXXXXXXXXXXXX


Generation 24/50  F=U(0.5, 1.0)  N_hist=4320
------------------------------------------------------------------------------------------------------------------------
011110X0XXXXXXX0X0XXXXXXXXX0XXXXXX0XXXXXXXXXXXXXXXXXX1XX0XXX0X101XXXXXXXXXXX0110XX00XXXXXX100XXXXXXX01XXXXXXXXXXXXXXXXXX
X1XXXXXXXXXXXX1XXXXXXXXXXXXXXXXXXXXXXXXXXXXXXXX0XXXXXXXXXXXX


Generation 25/50  F=U(0.5, 1.0)  N_hist=4500
------------------------------------------------------------------------------------------------------------------------
00X00XXXXXXXXXXXXX1X1X0XXXXXXXXXX11XXXXXXXXX0XXXXX11XXX0XXXXXXXXXXXXXXXXX1XXXXXXXXX1XXXXXXXXXXXXXXXXXXXXXX0XXXXXXXXXX1XX
XXXXXXXXX1XXXXX01XXXXXXXXXXXXXX0XXXXX001XXXXX1XXXXXXXXXXXXXX


Generation 26/50  F=U(0.5, 1.0)  N_hist=4680
------------------------------------------------------------------------------------------------------------------------
00X1XX00X0XXXXXXXXXXXXXXXXXXXXXXXX1+XXXXXXXXXXXXXXXX00XX00XXXXXXXXXXXXXXXXXXXXXXXXXXXXXXXXXXXXXXX10X0XX010XXXXXXXXXXX1XX
XXX0XXXXXXXXXXXXXXXXXXXXX0XXXXXXXXXXXXXXXXXXXXXXXXXXXXXXXXXXX


Generation 27/50  F=U(0.5, 1.0)  N_hist=4860
------------------------------------------------------------------------------------------------------------------------
00100X0XXXXXXXXXXXXXX1XXXXXXXXXXXXXXXX1XXXX10XXXXXXXXXXXX1XXXXXXXXXXXXXXXXXXXXX1XXXXXXXXXX1XXXXXXXXXXX01X000XX1XXXXXXXXX
XXXXXXXXXXXXXX0X1XXXXXXXXXX0XXX1XXXXXXXXXXXXXXXXXXXXXXXXXX0X


Generation 28/50  F=U(0.5, 1.0)  N_hist=5040
------------------------------------------------------------------------------------------------------------------------
10XX1XX1XXXX1XXX0XXXXXXXXXXXXXXXXXXX000XXXXX0XXX0XXXXXXXX11X0XX00XXXXXXXXXX1X0XXXXXXX0XXXXXX01X0XXXXXXXXXXXXXXX0XXXXXXXX
XXXX10XXXXXXXXXXXXX0XXXXXXXXXXXXX1XXXXXXXXXXXXXX1XXXXXXXXXXX


Generation 29/50  F=U(0.5, 1.0)  N_hist=5220
------------------------------------------------------------------------------------------------------------------------
1X0XXXXXXXXX10XXXXXXXXXX0XXX01+XXXXXXXXXXX1XXXX1XXXXX1XXXXXXX10100XX0XXX0XXXXXXXXXXXXXXXXXXXXX10XXXXXXXXXXX0X100XXXXXXXX
XXXXXXXXX00XXXXXXXXXXXXXXX11XXXXXXXXXXXX0XXXXX1XXXXXX01XXXXXX


Generation 30/50  F=U(0.5, 1.0)  N_hist=5400
------------------------------------------------------------------------------------------------------------------------
1000000XXXXXXXXXXXXXXXXXXXXXXXXXXXX1XXX11X1XXXX0XXXX0XXXXXXX1XXX1XX1XXXXXXXXXX0XXXXXXXXXXXX0XXXXXXXXX1XXX0XX1+XXXXXXXXXX
XX0XXXX0XXXXX0XXXXXXXXXX01XX0XXXXXXXXX11XXXXX100XXX10XXXXXXXX


Generation 31/50  F=U(0.5, 1.0)  N_hist=5580
------------------------------------------------------------------------------------------------------------------------
100X0X0XX0XXXXXXXXXX00XXXXXXX11XXXXXXXXXXXXXXXXX01XXXXXXXXXXXXX1XXX0XXXXX0XXXXXXXXXXXXXXX0XXXXXXXXXXXXXXXXXXXX11XXXXXXXX
X1XXX00XXXXX10X0XXXXXXX0XXXXXXXXXXXXXXX0XXXXXXXXXX0XXXXXXXXX


Generation 32/50  F=U(0.5, 1.0)  N_hist=5760
------------------------------------------------------------------------------------------------------------------------
001X10XXXX1XXXXXXXXXXXXXXXXXXXXXXX1XXXX1XXX0XXXXXXX0XXX0X00XXXXXXXXXXX0XXXXXXXXXXXXXXXXXXXXXXXX0XX1XXXXXXXXXXXX0XXXXX0XX
1XXXXXXXX0XXXXXXX0XX1XX0X1XX0X1XXXXXXXXXXXXXXXXXXXXXXXXXX0XX


Generation 33/50  F=U(0.5, 1.0)  N_hist=5940
------------------------------------------------------------------------------------------------------------------------
110000XXXXXXXXXXXXXXXXXXXXXXXXXXX0X0XX00X0XXXXXXX0XXXXXX0XXXXXXXXXXXX00XX0XX0XX0XXX0XX0XXX0XX0XXX11XXXXXXXXXXX0XXXXXXXXX
XXXXXXX0XXXXX1

SSE=0.48995 on eval 6094: L=667244 b=0.123671* r=0.140204 rf=0.591213 t0=65.0803 th=2.47488

+XXX0XXXXXXXXXXXXXXXXXXXXXXXXXX00XXXXXXXXXXXXXX


Generation 34/50  F=U(0.5, 1.0)  N_hist=6120
------------------------------------------------------------------------------------------------------------------------
00X00XXXXXX0XXXXX0XXXXXXXXXXXXXXXXXXXXXXX0XXXXXXXXXXXXXXXXXXXXX0XXXXXXXX0X1010XXX0XXXX0XXX00XXXXXX10XXXXXXXXXX1XXXXXXXXX
XXX0XXXXXXX0XXX000XXXXXXXXXXXXXXXXXXXXXXXXXXXXXXXXXXXXXXXXXX


Generation 35/50  F=U(0.5, 1.0)  N_hist=6300
------------------------------------------------------------------------------------------------------------------------
000XXXXX0XXXXXXXXXX0XXXXX0XX0XXXXXXXXXXXX1X00X1XX0XXXXXXXXXXXXXX0000XXXXXXXXXXXXXXXXXXXXXX10XXXXXXXXXXXXXXXXXXXXX0XXXXXX
XXXXX00XXXX0X1XXXXXXXXXXXXXXXX0XXXXXXXXXXXXXX0XXXXXXXXXXXXXX


Generation 36/50  F=U(0.5, 1.0)  N_hist=6480
------------------------------------------------------------------------------------------------------------------------
010X00XX0XXXXX0XXXXXXXXXXXXXXXXXXXXXXXXXXXXXXXXXXXXXX00XX0XXXXXXXX10X0XXXXXXXXXXXXXXXX0XXXXXXXXXXX0XXX0XXXXXXXX100XXXXXX
XXXXXXXXXXXXXXXXXXXXXXXXXXXX0X0XXXXXXXXXXXXX0XXXXXXXX0XX1XXX


Generation 37/50  F=U(0.5, 1.0)  N_hist=6660
------------------------------------------------------------------------------------------------------------------------
00XXXXXXXXXX0XX1XX00XXXX0X0XX1XXXX01XXXX0XXXXXXX0XXXXX1XXXXX0XXXXXXXXX010XX0XXXXXX1X0XXXXXXXXXXXXXXXX1X0XXXXXXXXXXXXXXXX
XXXXX1X0XXXXXXXXX1XXX0XXXXXXX000XXXXX0XXXXXXXXXXXXXXXXXXXXXX


Generation 38/50  F=U(0.5, 1.0)  N_hist=6840
------------------------------------------------------------------------------------------------------------------------
011XXXXXX0XXXXXXXXXX0XXX0XX0XX0XXXXXXXXXX00XX000XXX00X0XXXXXXXXXXXXXXXXXXX1XXXXX00100X0XXXXXXXXXXXXXXXX000XXXXXXXXXXXX0X
00XXXXXXX0XXXXXXXXXXX0XXXXXXX0XXXXXXXXXXXXXXXX0XX0XXXXXXXXXX


Generation 39/50  F=U(0.5, 1.0)  N_hist=7019
------------------------------------------------------------------------------------------------------------------------
00000+01XXXXXXXXXXXXXXXXXXXXXXXX0X1X0X0XXXXXXXX0XXXXXX0XXXXXXX1XXXXXXXXXX0XXXXXXXXXXXXXXXXX10XXXXXXXXXXXXXXXXXX00XXXXXXX
XXXXXXX1XX0XXXXXX0XXXXXXXXXX0XX00XXXXXXXX000XXXXXXXXXXXXXXXXX


Generation 40/50  F=U(0.5, 1.0)  N_hist=7200
------------------------------------------------------------------------------------------------------------------------
000X0XXXXXXXXXXXXXXXXXXXXXXXXXXXXXX0000XXXXXXXXXXXXXXXX0XX0XXXXXXXXXXXXXXXXXX0XXXX0X0XXXXXXXXXXXXXXXXXX0XXXXX0XXXXXXXXXX
XX0X0XX0101XXXX0XXXXXXXXXXX0XXXXXXX00X0XXXXXXXXXXXXXXXXXXXXX


Generation 41/50  F=U(0.5, 1.0)  N_hist=7380
------------------------------------------------------------------------------------------------------------------------
00000XX00XXXXXXXXXXXXXXXXXXXXX0XXXXXX0X0XXXXXXXXXXXXXXXXXXXXXX00X10XXXXXXXXX0XXXX0XXXXXXXXXXXXXXXXXX0XXXXXXXXX0XXXXX0XX0
XXXXXXX0001XXX10XXXXXXXXXXXXXXXXXXXX0XXXXXXXXXXXXXXXXXXXXXXX


Generation 42/50  F=U(0.5, 1.0)  N_hist=7560
------------------------------------------------------------------------------------------------------------------------
0XXXXX0XXXXXX0X0XX000XXXXXXXXXXXXXXXXXXXXXXXX0XX0XXXXXXX001X0XXXXXXXX0XX0XX0XXXXXX00XXXX0XXXXXXXXXXXXXXX0XXXXXXXXXXXXXX0
00XX00X1XX0X0XXX00XXXXXXXXX0XXXXXXXXXXXXXX0XXXXX0X00XXXXXXXX


Generation 43/50  F=U(0.5, 1.0)  N_hist=7738
------------------------------------------------------------------------------------------------------------------------
0XXXXXXX10XXXXXXXXXXXXXXXXXXXXXXXXXXXXX1XXXXXX0XX000XXXXXXXXXXXX000XXXXXXXXXXXXXXX00XXX0X1XXX0XX1XXXXXXXXXXXXXXX0XXXXXXX
XXXXXXXXXXXXXX00XX1XXXXXXXXXXXXX0XXXXXXXXX00XXX0XXXXXXXX0XXX


Generation 44/50  F=U(0.5, 1.0)  N_hist=7920
------------------------------------------------------------------------------------------------------------------------
000XXX0XXXXXXXXX0X0XXXXX0X0XXXXXXXXXXXXX0XXXXXXXX0XXXXXX00XXXX0XXXXXXXXX0XXXX00XX0XXX10XXXXXXXXXXXXXXX0XXXXXXXXXXXXXXXXX
XXXXXXXXXXX1XXXXXXXXXXX0XX0XXX00X0XXXXXXXXXXXXXXXXXXXXXXXXXX


Generation 45/50  F=U(0.5, 1.0)  N_hist=8100
------------------------------------------------------------------------------------------------------------------------
00XXXXXXXXXXX0X00XXXXXXXXXXXXXXX0XX0XXXXXXXXXXXXXXXXXXXXXXXXX0XX00X0XXXXXXXXXXXXXXXXXXXXXXXXXXX0XX0XXXXXXXXXXXXXXXXX00XX
XXXXXXXXXX0XXXXXXX0XXXXXXXXXXXXXXXXXXXXXXXXX1XXXXXXX0XXXXXXX


Generation 46/50  F=U(0.5, 1.0)  N_hist=8280
------------------------------------------------------------------------------------------------------------------------
000XXXXX0XXXXXXXXXXXXXXXX0XXXXXXXXXXXXX0XX0X1XXXXXXXX10XXX00XXXXX0XX0XXXXXXXXXXX0X0XXXXXXXXXXXXX0X0X0XXXXXXX0XXXXXXXX0XX
X0XXXXXXXXX0XXXXXX0X00XX0XX0XXXXXXXXXX0XXXXXXXXXXXXXXXXXXXXX


Generation 47/50  F=U(0.5, 1.0)  N_hist=8460
------------------------------------------------------------------------------------------------------------------------
0000XXXXXXXX0XXX000XX1XXXXXXXXXXXXXXXX000XXXXXXXX1XXXXXXXXX0XXXXXXXX0+XX0XXXXXXXXXXXXXXXXXXXXXXXXXXXXXX0XXXXXXXXXX0XXXX0
XXXXXXXX0XX00XXXXXXXXXXX000XXXXXXXXXXXXXXXXXXXXXXXXXXXXXXXXXX


Generation 48/50  F=U(0.5, 1.0)  N_hist=8640
------------------------------------------------------------------------------------------------------------------------
00+0XXXX0X0XXXXXXXXXXX0XXXXXXXXXXXXXXXX0XXXX0XX000XXXXXXXXXXXXXXXXXXXXXXXXXXXXX00XXXXXXXX0XXXXXXXXXXXXXXXXX0X0XXXXXXXX0X
XXXXXXXX00XXXXXXXXXXXXXXXXXXXXXXXXXXXXXXXXXXXXXXXXXXX0XXXXXXX


Generation 49/50  F=U(0.5, 1.0)  N_hist=8820
------------------------------------------------------------------------------------------------------------------------
0XX0XX0XX00XXXXXXXXXXXXXXXXXXXX0XXXXXXX01XXX00XXXXXXXXXXXXX0XXXXXXXXXXXX0XX0XXX0XX0X0XXXXX00X0XX0XXXXXXXXXXXXX00XXXXXXXX
XXXXX00XXXX00XX00XXXXXXXXXX00000XXXXXXXXXXXXX0XXXXXXXXXX0XXX


Generation 50/50  F=U(0.5, 1.0)  N_hist=9000
------------------------------------------------------------------------------------------------------------------------
00+0000X00XXXXXX0XXX0XXXXXXXX0XXXX0XXXXXX0XXXX00XXXXXX0XXXXXX0XXXXXX0XXXXX0000XXX0X000XXXXXXXXX0XXXXX0XXXXXXXX0XXXXXXXXX
XXXXXXXXXXXX0XX0XXX000XXXXX0XX0XXXXXXXXXXXXXXXXXXXXXXXXXXXXX0

Maximum number of iterations reached.

SSE=0.48848 on eval 9180: L=1.00355e+06 b=0.202772* r=0.14469 rf=0.591397 t0=64.5389 th=2.80257


Shutting down DE...
DE shutdown complete.

Final population:
Population: 180 individuals with SSE 0.48848 to 0.50559, avg eval time 0.0214 sec. Top 7:

        SSE |    0.48848      0.48861      0.48866      0.48917      0.48923      0.48925      0.48944  
------------------------------------------------------------------------------------------------------------------------
          L | 1.0035e+06   4.6973e+05   3.2489e+06   2.3192e+06   1.9071e+06   3.5415e+06        71987* 
          b |    0.20277*     0.21205*    0.061192*     0.10272*    0.024945*     0.24329*     0.10983* 
          r |    0.14469      0.13975       0.1464      0.14908      0.13512      0.14377      0.15031  
         rf |     0.5914      0.57872      0.59603      0.59778      0.56931      0.59312      0.60886  
         t0 |     64.539       64.747       64.486       64.486       64.881       64.322       64.558  
         th |     2.8026       2.4794       2.5514       2.9519       3.0007       3.1189       2.9615  
------------------------------------------------------------------------------------------------------------------------
Best individual:
<SSE=0.4885 L=1.00355e+06 b=0.202772* r=0.14469 rf=0.591397 t0=64.5389 th=2.80257>


Elapsed time: 120.35 seconds

Saved final population of best parameter combinations to covid19.dat
Shutting down...
Task Queue is shut down
Goodbye
