
Initializing 40 population members
----------------------------------------------------------------------------------------------------
699599994794999932499359999966999929483

Population: Top 7 of 40 individuals

        SSE |    91.84023   103.96908   126.36623   227.33917   298.08365   581.90289   632.68585
----------------------------------------------------------------------------------------------------
          x |     0.26136      1.2517    -0.16369     0.36556    -0.51199     0.47213      1.7728
          y |     -0.6656    -0.18707    -0.53659     -1.1466    -0.99098     -1.2608     0.50507
----------------------------------------------------------------------------------------------------
Best individual:
<SSE=91.8402 x=0.26136 y=-0.665602>

Performing DE with CR=0.8, F=U(0.5, 1.0), DE/best/1/bin
----------------------------------------------------------------------------------------------------

Generation 1/500  F=U(0.5, 1.0)
----------------------------------------------------------------------------------------------------

SSE=15996.84961 with x=-1.72497 y=-0.704412

9X89XX93

SSE=386.01740 with x=0.728705 y=-0.704412

9XX83X31XXXX

SSE=78.67112 with x=-0.241021 y=-0.559416

XX919XX1X

SSE=11.19968 with x=-0.112931 y=-0.886826

X926999XX9X

Generation 2/500  F=U(0.5, 1.0)
----------------------------------------------------------------------------------------------------
19X9XXX19XX9X19X39X9XXX2929XX3XX419XX9X9

Generation 3/500  F=U(0.5, 1.0)
----------------------------------------------------------------------------------------------------
XXX9X3X5XX4XX3X999261X1

SSE=7.06943 with x=0.0177694 y=-0.904948

X792XX7XX921X32X3

Generation 4/500  F=U(0.5, 1.0)
----------------------------------------------------------------------------------------------------
96XX2X24XX91X9X1XXXX2XXX992X94X3X29XXXXX

Generation 5/500  F=U(0.5, 1.0)
----------------------------------------------------------------------------------------------------

SSE=5.42525 with x=0.100856 y=-0.950543

1XXXX2131X9XXXX3X9X92XXX

SSE=4.27777 with x=0.0719971 y=-0.987795

2XX292XX9X2XXXX9

Generation 6/500  F=U(0.5, 1.0)
----------------------------------------------------------------------------------------------------
X912XX16185X1XX

SSE=4.20996 with x=0.0387265 y=-0.945739

9XXX1X1X9X2X1XX24XXXXX338

Generation 7/500  F=U(0.5, 1.0)
----------------------------------------------------------------------------------------------------
133X3X9X1XXXX

SSE=3.35463 with x=-0.00308014 y=-0.971827

XXXXXXXXX32X9XXXX9XX

SSE=3.12237 with x=0.0197686 y=-0.985835

1X9X17X

Generation 8/500  F=U(0.5, 1.0)
----------------------------------------------------------------------------------------------------
1X1X2312X93X32XXX22X6892

SSE=3.03946 with x=0.00189641 y=-1.00891

X32XX33X41XX1114

Generation 9/500  F=U(0.5, 1.0)
----------------------------------------------------------------------------------------------------
X154XXX2X1X6X13XX2222X1

SSE=3.00102 with x=0.000528434 y=-0.998397

1XXX95XX112X1X13X

Generation 10/500  F=U(0.5, 1.0)
----------------------------------------------------------------------------------------------------
22XXXX31X12X1X15XXXXX2XXX1X1X12XXX22XXXX

Generation 11/500  F=U(0.5, 1.0)
----------------------------------------------------------------------------------------------------
11XX111X1XXXXX1XX21XXXXXXX1XX1111111XX1X

Generation 12/500  F=U(0.5, 1.0)
----------------------------------------------------------------------------------------------------
XXXX2XXX1XX1X1X121X1X111111XXX1X111XXX21

Generation 13/500  F=U(0.5, 1.0)
----------------------------------------------------------------------------------------------------
1111X11X1X1XX1XX11X1XX1111XXXXXX112XXX1X

Generation 14/500  F=U(0.5, 1.0)
----------------------------------------------------------------------------------------------------
1X1X111111X11XX111111X1X1111XX1X1XX11XX1

Generation 15/500  F=U(0.5, 1.0)
----------------------------------------------------------------------------------------------------
XXX1XXX1XX1X11X11XX1

SSE=3.00049 with x=0.0014503 y=-0.999849

XXX11X1XX1XX1X11X1XX

Generation 16/500  F=U(0.5, 1.0)
----------------------------------------------------------------------------------------------------
XXX11X11XXX111XXX11X1X1111X11XX1X1X11X11

Generation 17/500  F=U(0.5, 1.0)
----------------------------------------------------------------------------------------------------
1XX1XX1XX0111XX1XXX1XX1XX111X1111XXXXX1X

Generation 18/500  F=U(0.5, 1.0)
----------------------------------------------------------------------------------------------------
X11X111XX10XX11X1111XXX11X111XX0X111XXX1

Generation 19/500  F=U(0.5, 1.0)
----------------------------------------------------------------------------------------------------
1

SSE=2.99999 with x=0.000166297 y=-0.999849

1X1X111XX10XXXX11111XXX11XX1X1X1XX1X11X

Generation 20/500  F=U(0.5, 1.0)
----------------------------------------------------------------------------------------------------
X11111XX0XX1X1XXXXX10100XX1011X1XXXX01X0

Generation 21/500  F=U(0.5, 1.0)
----------------------------------------------------------------------------------------------------
X11110X1X0X11X1111X00XXX0X10XX0X0XX1X0X1

Generation 22/500  F=U(0.5, 1.0)
----------------------------------------------------------------------------------------------------
0X10X000XX01X1XXXXX1010XX0XX0101X0XX0000

Generation 23/500  F=U(0.445, 1.0)
----------------------------------------------------------------------------------------------------
0XX101000X000X100X000X01XXX100X0XX0X00XX

Generation 24/500  F=U(0.39605, 1.0)
----------------------------------------------------------------------------------------------------
XXXXXX0000X0000XXX0X000000XX0XXX0000XX0X

Generation 25/500  F=U(0.3524845, 1.0)
----------------------------------------------------------------------------------------------------
XXX0XXX00X00X0XXXX000X00X0XXXXXX0X00XXXX

Generation 26/500  F=U(0.313711205, 1.0)
----------------------------------------------------------------------------------------------------
0XXX0XXX0XXX000XX000000XXXXX0X00XX00XX0X

Generation 27/500  F=U(0.27920297245, 1.0)
----------------------------------------------------------------------------------------------------
00X00XXX0XXX0XXXXX000XXXX0X0XX0X0X0X00XX

Generation 28/500  F=U(0.248490645481, 1.0)
----------------------------------------------------------------------------------------------------
X0XXXX00X0XXXXXX0X0XXX0X00XXX0XX0XXX0X0X

Generation 29/500  F=U(0.221156674478, 1.0)
----------------------------------------------------------------------------------------------------
X0XXXXX00X0XXX00X000X00XXX0X0XXXX00XXX0X

Generation 30/500  F=U(0.196829440285, 1.0)
----------------------------------------------------------------------------------------------------
X0XXXXXX0XXX0XXX00X0XXXXXX0XXXXXXX0XX00X

Generation 31/500  F=U(0.175178201854, 1.0)
----------------------------------------------------------------------------------------------------
XXX0XXXXXX00XXX0XXX0XXXXX0XXX0XXXXXX0X0X

Generation 32/500  F=U(0.15590859965, 1.0)
----------------------------------------------------------------------------------------------------
0XXXXXXXX0XXXX0XXXX0XX0XXXXXXXX0XX0XXXXX

Generation 33/500  F=U(0.138758653688, 1.0)
----------------------------------------------------------------------------------------------------
XX0X00XXXXXXXXXXXXXXXX000XXXX0XXXXXXX00X

Generation 34/500  F=U(0.123495201783, 1.0)
----------------------------------------------------------------------------------------------------
XXXX0X00XX0XXXX0XX0XXXXXXXXXXXXXXXXX0X0X

Generation 35/500  F=U(0.123495201783, 0.87)
----------------------------------------------------------------------------------------------------
XXXXXXXXXXXXXXXXXXXXXXXXXXXXXX0XXXXXXXXX

Generation 36/500  F=U(0.123495201783, 0.7569)
----------------------------------------------------------------------------------------------------
XX0XXXXXX0XXXXX0X0XXXXX0X0XXXXXXXXX0XXXX

Generation 37/500  F=U(0.123495201783, 0.658503)
----------------------------------------------------------------------------------------------------
0XX0XXXXXXXXXXXXXXXXXXXXXXX0XXXXXXX0XXXX

Generation 38/500  F=U(0.123495201783, 0.57289761)
----------------------------------------------------------------------------------------------------
XXXXXXXXXXX0XXXXXXXXXXXXX0X0XXX0X0XXXXXX

Generation 39/500  F=U(0.123495201783, 0.4984209207)
----------------------------------------------------------------------------------------------------
X0XXXXXXXXXX0XX0XXX0X0XXXXX00XXXXXXXXXXX

Generation 40/500  F=U(0.123495201783, 0.433626201009)
----------------------------------------------------------------------------------------------------
XXXXXXXXXXXXXXXXXXX0XXXXXXXX0XXXXXXXXXXX

Generation 41/500  F=U(0.123495201783, 0.377254794878)
----------------------------------------------------------------------------------------------------
XXX0XXXXXX0XXXXXXXXXXXX0XXXX0XX0XXXXXX0X

Generation 42/500  F=U(0.123495201783, 0.377254794878)
----------------------------------------------------------------------------------------------------
XXXXXXXXXXXXXXXX0XXXXXX0XXX0XXX0X0XXXXXX

Generation 43/500  F=U(0.123495201783, 0.377254794878)
----------------------------------------------------------------------------------------------------
XX0XXXXXXXXXXXXXX0XXXXXX0X0X0XXXXXX0XXX0

Generation 44/500  F=U(0.123495201783, 0.377254794878)
----------------------------------------------------------------------------------------------------
XXXXXXXXXXXXXX0XXXXXXXX0XXXXXX0XX0XXXXXX

Generation 45/500  F=U(0.123495201783, 0.377254794878)
----------------------------------------------------------------------------------------------------
XX0XXXXXXXXXX0XXXXXXXXXXXXX0X0XX0XXXXXXX

Generation 46/500  F=U(0.123495201783, 0.377254794878)
----------------------------------------------------------------------------------------------------
XXXX0XXXXXXXXX0XXXXX0XXXXXXXX0XXXXXXXXXX

Generation 47/500  F=U(0.123495201783, 0.377254794878)
----------------------------------------------------------------------------------------------------
XXXXXXXXXXXXXXXXXXXXXXXXXXXXXXX0XXXXXXXX

Generation 48/500  F=U(0.123495201783, 0.377254794878)
----------------------------------------------------------------------------------------------------
XXXXXXXXXXXXXXXXXXXXXXXXXXXXXXXXXXXXXXXX

Challengers failing too much, stopped

SSE=2.99995 with x=5.48081e-05 y=-1.00001


Final population:
Population: Top 7 of 40 individuals

        SSE |     2.99995     2.99996     2.99996     2.99996     2.99996     2.99996     2.99996
----------------------------------------------------------------------------------------------------
          x |  5.4808e-05  0.00010795  7.8382e-05  4.3496e-05  3.0218e-05  0.00010222  0.00010821
          y |          -1          -1    -0.99999          -1          -1          -1          -1
----------------------------------------------------------------------------------------------------
Best individual:
<SSE=2.9999 x=5.48081e-05 y=-1.00001>


Elapsed time: 0.68 seconds

