Decompressing and parsing tempdump.log.bz2... Done
Doing array conversions... Done

Initializing 135 population members
----------------------------------------------------------------------------------------------------
153129242431231419212122412319122723118122221122122340312212222192251512221219264521212412192258199
62151113142163741323121212915465931

Population: Top 7 of 135 individuals

        SSE |  6081.08905  7730.48228  8474.32651  8562.52926 10550.28840 11887.71640 13270.79712
----------------------------------------------------------------------------------------------------
        tc0 |      39.278      24.887      74.045      13.403      76.314      2.8602      49.042
        tc1 |      173.04      66.041      117.49      55.529      150.02      110.94      64.299
      v1_a0 |     0.23289     0.19416     0.35598     0.25449      0.1914     0.19422     0.17196
      v1_a1 |      19.614      17.752      23.451      17.283      16.953      24.041      15.934
      v1_rs |      10.447      9.3429      10.742      13.315      7.1005      5.9156      7.4615
      v2_a0 |     0.34508     0.25124     0.11825     0.35184     0.16076     0.24234     0.32257
      v2_a1 |      19.887      22.302      16.493      19.266      15.343      16.463      18.416
      v2_rs |      13.724      8.8816      6.5116       11.94      8.6531       9.381      11.828
         vp |      24.071      24.407      23.602       23.82      22.713      23.048      24.741
----------------------------------------------------------------------------------------------------
Best individual:
<SSE=6081.0891 tc0=39.2782 tc1=173.04 v1_a0=0.232894 v1_a1=19.6141 v1_rs=10.4469 v2_a0=0.345077
v2_a1=19.8874 v2_rs=13.7243 vp=24.0706>

Performing DE with CR=0.7, F=U(0.5, 1.0), DE/best/1/bin
----------------------------------------------------------------------------------------------------

Generation 1/100  F=U(0.5, 1.0)
----------------------------------------------------------------------------------------------------

SSE=170353 with tc0=49.9579 tc1=146.609 v1_a0=0.15491 v1_a1=24.5603 v1_rs=10.1315 v2_a0=0.371984
v2_a1=23.878 v2_rs=10.1688 vp=24.7621

X7X2X3X672XXX21X53XX

SSE=155168 with tc0=90.9818 tc1=175.855 v1_a0=0.374802 v1_a1=16.0779 v1_rs=6.50798 v2_a0=0.351032
v2_a1=20.7559 v2_rs=12.06 vp=24.0346

X57X31XX5

SSE=31049.1 with tc0=11.2631 tc1=134.547 v1_a0=0.191951 v1_a1=16.3418 v1_rs=14.9546 v2_a0=0.301783
v2_a1=17.6902 v2_rs=14.5573 vp=24.4294

3431X622X3X2X97212XX17XXX92933

SSE=7751.8 with tc0=45.0977 tc1=119.691 v1_a0=0.355868 v1_a1=18.5013 v1_rs=12.5873 v2_a0=0.377296
v2_a1=20.3391 v2_rs=14.4068 vp=23.3307

X1XXX5XX3X2131132653X49XXXX93X1XXXXX3X42X5982X11132X1X6X93714XX1X921X1X2X5

Generation 2/100  F=U(0.5, 1.0)
----------------------------------------------------------------------------------------------------
259X2X4XXX2X9X22X324325221X42923XX914XX9X0X931X1

SSE=5354.4 with tc0=23.9521 tc1=160.141 v1_a0=0.239853 v1_a1=16.3125 v1_rs=13.5504 v2_a0=0.360555
v2_a1=20.983 v2_rs=12.7188 vp=24.3788

17X4X25X221XX46X34XX

SSE=3241.43 with tc0=50.3496 tc1=141.952 v1_a0=0.221665 v1_a1=19.1241 v1_rs=9.1602 v2_a0=0.325496
v2_a1=19.6044 v2_rs=13.4493 vp=24.1085

11232XX2XXXX2XXXXXXX32411XX299XX9X21636X1X3X215XX3X32XXX2

Generation 3/100  F=U(0.5, 1.0)
----------------------------------------------------------------------------------------------------
94XXX1XXXXXX1X8

SSE=2148.83 with tc0=94.9682 tc1=172.877 v1_a0=0.286543 v1_a1=20.3003 v1_rs=11.7838 v2_a0=0.341958
v2_a1=18.6385 v2_rs=14.0144 vp=24.5046

X23XX2XX96XXXXXX11X22X9XXXX114XX1X

SSE=2124.3 with tc0=6.8762 tc1=132.743 v1_a0=0.215605 v1_a1=21.5414 v1_rs=7.09919 v2_a0=0.328991
v2_a1=20.7211 v2_rs=10.6879 vp=22.7989

X5X6529XX62XX1X23X12X51XXX1XX4XX8XXX6X21XX289XXXX91XXX22X5X2XX9X921XXXXX4XXXX7X101

Generation 4/100  F=U(0.5, 1.0)
----------------------------------------------------------------------------------------------------
XXXX4XX1X5XXX937XXXX2XX32X4XXXXX222XXXX2XXX19XXX7X2XXX1XX2539X3X5X1XXX2X

SSE=1863.57 with tc0=32.0814 tc1=110.015 v1_a0=0.251502 v1_a1=21.4286 v1_rs=8.00888 v2_a0=0.317934
v2_a1=17.8334 v2_rs=12.9017 vp=22.1365

2XXX22XXXXX3XXXXXXXXXXXXXX44XX2X9XXX3

SSE=1718.39 with tc0=0.88674 tc1=149.879 v1_a0=0.280572 v1_a1=21.5777 v1_rs=9.94403 v2_a0=0.295529
v2_a1=19.04 v2_rs=11.0661 vp=23.1462

31XXX2X51XX2XXXX1XX9XXX

Generation 5/100  F=U(0.5, 1.0)
----------------------------------------------------------------------------------------------------
2X3XXXX4XX1XX1XX2XXXXXXXXX1X2XXXXXXXXX3XX2X1X9XXX1XX2XX4X1XXX7XXX2X2X521XXX2XX211XXX1X3XX12XXXXXX3X
3XXXXX2X3X1X

SSE=1261.47 with tc0=74.8937 tc1=114.711 v1_a0=0.306558 v1_a1=20.6296 v1_rs=11.0584 v2_a0=0.353591
v2_a1=19.9204 v2_rs=12.456 vp=23.3026

XX9XXXXX173X1X34X2XXX

Generation 6/100  F=U(0.5, 1.0)
----------------------------------------------------------------------------------------------------
1XXX2XXX1XXX12XXXXXXX3XXXXX212XXX7X2XXXXXX41XXX0XXXXX12XXXX3XXX1XXX2X2XXXXXXXXXX3XXX21XXXXXXXXXX2XX
XXX1XX1XXX12XXX2X11X3X

Generation 7/100  F=U(0.5, 1.0)
----------------------------------------------------------------------------------------------------
XXXXXX45321X1XXX2X1XXX3X3X3XXXXXXXXXX52XXXX5X3229XX211X4X0XX9X3XXXXXXXXX1XXX2XX2XXXXXXX1X21XXXXX22X
2X1XX1XXX12X3XX2XX

Generation 8/100  F=U(0.5, 1.0)
----------------------------------------------------------------------------------------------------
XXX50XXXXXXXXX4XX312131XXX9XXX2XX2XXX1XXX2XXXX0XX2XX4X1XXX2XXXXXXX2XXXX12XXXX212XX2112XXXX5XX1XX1XX
9X11XXXXXXXXXXX

SSE=1164.97 with tc0=59.767 tc1=97.1139 v1_a0=0.201186 v1_a1=19.3568 v1_rs=7.79542 v2_a0=0.361635
v2_a1=19.2164 v2_rs=13.1371 vp=23.1483

XX13X1X5

Generation 9/100  F=U(0.5, 1.0)
----------------------------------------------------------------------------------------------------
X2X2XXXXXXXX23XX2XXXXXXXXXXX9X34XXXXXXX3XX12X20XX1XXXXXXXXXX1XX1X5XXX2XX2XXXXX22XXX21XXXXXX6XXX2XXX
XX1XXXXXXXXXXXXXXXX6

Generation 10/100  F=U(0.5, 1.0)
----------------------------------------------------------------------------------------------------
XXXXXXX1XXXXXXXXX24XXXXXXXXXX1XXXXX2XXXXXXXXX2XXXXXXXXX2XXX12XXXXXXX2XX1X2XXXXXXXXX1X1XXXXXXXXXXXXX
X2XXXXXXXXXXX2XXX

Generation 11/100  F=U(0.5, 1.0)
----------------------------------------------------------------------------------------------------
XXXXXXXXXXXXX2XXXX32XXXXXX2XXXXXXXX2XXXXXXXXX241XXXX2XX2XXXX2XXXXXXXXX3X2XX2XX1XXXXXX3XXXXX4XXXXXXX
XXXX3XXXXXXXX

Generation 12/100  F=U(0.5, 1.0)
----------------------------------------------------------------------------------------------------
XX2XXXXXXXXX3XX2XXX31X612XXXXXXX

SSE=1105.63 with tc0=51.4185 tc1=119.17 v1_a0=0.320497 v1_a1=19.8404 v1_rs=11.7253 v2_a0=0.37015
v2_a1=18.4279 v2_rs=14.3256 vp=22.9141

XX2XXXX0XXXXXX11XXXXX1XXXXXXX1XX3X2XXXXXXXX1XXXXXX3X11X1X2XXX2X3XXXXXXXXXX122X

Generation 13/100  F=U(0.5, 1.0)
----------------------------------------------------------------------------------------------------
XXX2XX1XXX2XXXXXXXXX1XXXX2XXXXXX1X22XXXXXXXXXX1X40XXXXXXX12XXX3X1XXXXX12XX1XX12XXX2XXXXXXXXX21X1XXX
2XXXX1XX1XX3XXXX1XXXXXXXXXXXXXX

Generation 14/100  F=U(0.5, 1.0)
----------------------------------------------------------------------------------------------------
1XXXXXXXX1XX2XXX5XXXX032X1XXXXXXXXXXXX2X1XXX3XXXXXXXXXXXXXXXXXXXXXXX124X1XXXXXX1XXXX2XX5X11XX3XX2XX
1XXXXX

SSE=1021.43 with tc0=15.5074 tc1=73.6097 v1_a0=0.283538 v1_a1=20.0596 v1_rs=9.84659 v2_a0=0.3955
v2_a1=18.5142 v2_rs=14.6497 vp=22.1879

XXXXXX1XXX2XXXXXXXXXXXXX1

Generation 15/100  F=U(0.5, 1.0)
----------------------------------------------------------------------------------------------------
XXXXXX11XXXXXX1XXXXXX2XXX2XXXXXXXXXX2X321XXXXXXXXXXX2XXXX2XXXXXX2XXXXXXXXXXX41XXX2XXX121XXXXX1X3XXX
X1XXXX1XXXXXXXXXXXXXXXXXXXXX

Generation 16/100  F=U(0.5, 1.0)
----------------------------------------------------------------------------------------------------
XXXX1XXXXXXXXXX3XXXXXXX1XXXXXXXXXX1XXXX2XXXXXX1XXX22XXXXXXXX1XXXX1XXXXX1XXXXXXXXXXXX2XXXXX2XXXXXXXX
2XXXXXXXXXXXX2X

Generation 17/100  F=U(0.5, 1.0)
----------------------------------------------------------------------------------------------------
XXXXXXXXXXXXXXXXXXXXXX21XXXXXXX21X3XXXXXXXX1XXXXXX3XXXX1XXX1X1XX1XXXXXXX1XXXXXXX2XXX1XXXXX6XXXX1XXX
1X1XXX12XXXXXXXXXXXXXXX

Generation 18/100  F=U(0.5, 1.0)
----------------------------------------------------------------------------------------------------
XXXX2XXXXXXXX1XXXXXXX1XXX11XXXXXX1XXXXXX1XX1XXXXX1XXX1X1XXXXX2XXXXXXX1XXXXXX2XXXXXXXXXXXXXXXXXXXX1X
XXXXXXXXX6XXX3XXX

Generation 19/100  F=U(0.5, 1.0)
----------------------------------------------------------------------------------------------------
XXX2XXXXXX3XX1XX2XXXXXX33XXXXXXXXXXX2XXXXXX1X1XXXXXXX2X1X1X1XX1XXX4XX3XXXXX11XXXXXXXXXXXXXXXXXXXXXX
XXXXXXXXX2XXXXX2X1XXXXXXX

Generation 20/100  F=U(0.5, 1.0)
----------------------------------------------------------------------------------------------------
XXXX13XXXXXXXXX1XXXXXX3XXXXX1XXXXXXX1XXX1XXXXXX021XXXXXXXX1X2XXXXXXXXXX2XXXXXX11XXXXX3XXXXX

SSE=963.221 with tc0=62.1582 tc1=80.2881 v1_a0=0.290998 v1_a1=20.1322 v1_rs=10.3805 v2_a0=0.397914
v2_a1=19.1212 v2_rs=14.6403 vp=22.8225

XXXXXXXXXXXXXXXXXXXXXX12XXXXXXX2XX

Generation 21/100  F=U(0.5, 1.0)
----------------------------------------------------------------------------------------------------
X2XXXXXXXXXXXXXX2XXXX1XXXXX2XXXXXXXXXXXXXXXXX1XX1XXXXX1XXXXXXXXXXXXXX1XXXXXXXXX2XXXX2XXXXXXXXXXX

Generation 22/100  F=U(0.5, 1.0)
----------------------------------------------------------------------------------------------------
XXXX1X11XXXXXXX2XXXX1X2XXXXXX2XXXXXXXXXXXXXX1XXXXXXXXXXXXXX2X22XXXXXXXXXX32XX2XXXXXXXX1XXXXX1XXXXXX
XX1

Generation 23/100  F=U(0.5, 1.0)
----------------------------------------------------------------------------------------------------
1XX2XXXXX3XXX21XXX1XXXXXXXXX1XX1XXXX1XXXXXXXXXXXX1XX2XXXXXXXXXXXXXXXXXXXXXXXXXXXXXXXXXXXXXXXXX1XXXX
XXXX

Generation 24/100  F=U(0.5, 1.0)
----------------------------------------------------------------------------------------------------
X3XXXX1XXXXXXXXXXXXXX1XXXXXXXXXXXXXXXXXXXX0X1XXX1XXXXXXXXXX2XX1XXXXXXXXXXX1XXXXXXXXXXXXXXXXXXXXXXXX
XXX

Generation 25/100  F=U(0.445, 1.0)
----------------------------------------------------------------------------------------------------
X11XXX21X2XXXX2XXXXXXXXXXXXXXXXX1X11XXXXX1XXXXXXXX1X1XXXX1XXXXXXXXXXXXXXXXXXXXXXX11XXXXX1XXXX2XXXXX
XXX

Generation 26/100  F=U(0.493056632402, 1.0)
----------------------------------------------------------------------------------------------------
XXXXXX11XXXX1XXXXXXXXXXXX1XXXXXXXXXXXXXXXXXXXXXXX1XXXXXXXXXXXX1XXXXXXXXXXXXXXXXX1XXXX1XXXXXXXXXX231
XXX

Generation 27/100  F=U(0.438820402838, 1.0)
----------------------------------------------------------------------------------------------------
1X1XX0XXXX1XXXXX1XXXXXXXXX2XXXX2XXXX2XXXXX1XXXXXX11X02XXXXXXX11XXXXXXX1XX1XXXXXX2XX2XX2XX1XXXXXXXXX
XX

Generation 28/100  F=U(0.486209685511, 1.0)
----------------------------------------------------------------------------------------------------
XXXX31XXXXXXXXXXXXXXXX2XXXXXXXXXXXXXX2XXXXX1XXXXXXXXXXXXXXXXXXXX2XX2XXXXXXX2XXXXXXXXXXXXXXXXXXXXX1X
12XXXXX

Generation 29/100  F=U(0.5, 1.0)
----------------------------------------------------------------------------------------------------
X1XX1XXXXXXXXXXXXXXXXXXXXXXX1X1X1XXXXX1XX1XXX1XX2XXX1XXXXXXXX1X1XXXXXXXX1XXXX1XX13XXXXXXXXXXXXXXXX

Generation 30/100  F=U(0.5, 1.0)
----------------------------------------------------------------------------------------------------
XX2XX1XXXXXXXXXXXXXXXXXXXXXXXXXXX2XXXXXX0X1XXXX1XXX1XXXXXXXXXXXXXXXXX0XXXXX1XX1XXXXXXXXXX1XXXXXXXXX


Generation 31/100  F=U(0.445, 1.0)
----------------------------------------------------------------------------------------------------

SSE=943.413 with tc0=0.965606 tc1=124.138 v1_a0=0.351294 v1_a1=20.2486 v1_rs=12.7232 v2_a0=0.388698
v2_a1=19.0836 v2_rs=14.4628 vp=22.9534

XXXXXX1XXXXXXXXXX1XX1X2XXX1XXXXXXX1XXXXX2XX1XXXX1XXXXXX1XXXXXXXXXXXXXXXXXXXXXXXXXXXXX1XXXXXXX1XXXXX
1XXXXXXX1XXXXXXX1XXXXXX2XXXXXXX1X

Generation 32/100  F=U(0.493056632402, 1.0)
----------------------------------------------------------------------------------------------------
1XX1XXXX1XXXXXX1XXXXXXXX2XXXXXXXXXXXXXXXXXXXXX1XXXXXXXXXXXXXXXXX1X11XXX2XXXXX1XXXXXXXXXX1XXXXXXXXXX
XXX2XXXX2XXXXX21XXXXXXXXXXXXXXXX11

Generation 33/100  F=U(0.5, 1.0)
----------------------------------------------------------------------------------------------------
XX2XXXXX11X1XXX0XXXXXX1XXXXXXXXXXXX1XXXXX21XXXXXXXXXXX1XX1XXXXXXX1XXXXXXXXXXXXXXXXXXXXXXXXXXXXXXXXX
XXXXXXXXXXXXXXXXX1XXXX1XXX1XXXXXX

Generation 34/100  F=U(0.445, 1.0)
----------------------------------------------------------------------------------------------------
XXXXXXXXXX1X1XXXXXXXXXXXXXXXXXXX1XXXXXXXX1XX0XXXXXXXXXXXXXXX1XXXXXXXXX2XXXXXX1XXXXX1XXXXXX1XXXXXXXX
X2XXXXXXXXXXX1XXXXXXXXXXXXXX1101X

Generation 35/100  F=U(0.39605, 1.0)
----------------------------------------------------------------------------------------------------
XXXXXXXX1XX1XXXX2XXXXXXXXXXX1XX1XXXXX1XX1XXXXXXXXXXXX2XXXXXXXXXXXX1XXXXXXXX1XXXX10XXX2XXXXXX1XXXXXX
XXXXXX1XXXXXXXXXXXXXXX2XXXXXXXXXXXX

Generation 36/100  F=U(0.438820402838, 1.0)
----------------------------------------------------------------------------------------------------
XX2XXXXXXXXX1XXXXXXXXXX1XXXXXX1XXXXX1XXXX1X1XXXXXXXXXXXXXX1XXXXXXXXXXXXXXXXXXXXXXXXX1XX11XXXXXXXX0X
XXXXX1XXXXXXXXXXXXXXXXXXXXXXXX1XX

Generation 37/100  F=U(0.390550158526, 1.0)
----------------------------------------------------------------------------------------------------
1XXXXXXXXXXXXXXXXXXX1XXXX1XXXXXXX11XXXXXXXXXXXXXXXX1XXXXX11XXXXXXXXXX1XXXXXXXXXXXXXX3XXXXXXXXXXXXXX
XX1XXXXXXXXXXXXX1XX1XXXXXX1XXXXXX

Generation 38/100  F=U(0.347589641088, 1.0)
----------------------------------------------------------------------------------------------------
XXXXXXXXXXXX11XXX1XXXXXXX1X1XXXXX1XXX0XXXXXXXX1X1X1XXXX1XXXXXXXXXXXXXXXXX1XXXX1X11XXXXXXXXXXXXX0XXX
XXXX1XXXXXX1XXXXXXXXXXXXXXXXXXXX1X

Generation 39/100  F=U(0.309354780568, 1.0)
----------------------------------------------------------------------------------------------------
1XX1X0X1XX1XXXX1X1XX1XXXXXXXXXXXX1XXXX1XXX1XX1X0XXXXX1XXXXXXX1XX1X1XX1XXXXXXXXX1XXXXX1XXXXXXXXXXXXX
XXX1XX11XXXXXXXXXXXX1XXXXXXX0XXXX1

Generation 40/100  F=U(0.275325754706, 1.0)
----------------------------------------------------------------------------------------------------
XXXX1XXXXXXXXXXXXXXXXXXX1XXXXXXXXXXXXXXXXXXXXXXXXXXX1XXXXXXXXXX1XXX

SSE=927.189 with tc0=18.7527 tc1=94.8352 v1_a0=0.380458 v1_a1=20.1226 v1_rs=13.7724 v2_a0=0.38735
v2_a1=19.0203 v2_rs=14.4874 vp=22.9399

XXXXX1XXXX0XXXXXXXX1XX1XXXXXXXXXXXXX1X3XXXXX1XX1XXXXXX1XXXXX1XXXXX

Generation 41/100  F=U(0.245039921688, 1.0)
----------------------------------------------------------------------------------------------------
XXXXXXXXXXXXX1XXXXXXXXXXXXXXXXXXXXXXXXX1XXXX1XXXXXXXXXXX1XXXXXXXXXXXXXXXXX1XXXXX1XXXXX1X1XXXXXXX1XX
XX11XXXXXXXXXXX1X1XX1X1XXXX1X1X1X

Generation 42/100  F=U(0.218085530302, 1.0)
----------------------------------------------------------------------------------------------------
XXXXXX1X1XXX1XXX1X1XXXX1XX1XXXX11XX1XXXXXX1XXX11XXXXXX11XXXXXXXXX1XXX1XXXXXXX1XXXXXXXXX11XXXXXXXXXX
111XXXXXXXXXXXXXXXXXXXXXX1XXXXXXX1

Generation 43/100  F=U(0.194096121969, 1.0)
----------------------------------------------------------------------------------------------------
XXXXX1X1XXXXXXXXXXX0XXXXX1XXXXXXXXXXX1XXXX1XXXXXXXXXXXXXXX1XXXX1XX1XXXXX1XX1XXXXXXXXXXX1XX1XXX11X2X
X1XXXXXX1XXX0X1X101XXXXXXXX1

Generation 44/100  F=U(0.172745548552, 1.0)
----------------------------------------------------------------------------------------------------
XXXXXX11X1XXX1XXXXXXXXXXXX1XXXXX1XXXXXXXXXXXXXXX11X0XXXXXXX1X1XXXXXXXXXXXXXX21XX1X1XXXXXXXXX1XXXXXX
X1X1XXX1XXXXXXXXXXXXXXXXX1XXXXX11

Generation 45/100  F=U(0.153743538212, 1.0)
----------------------------------------------------------------------------------------------------
XX1XXXXXX0XXX1XXXXXXXXXXXXXXXX1XXX1XXXXXXXX1XX1X11XXX1XXXXXXXXX1XX1XXXXXXXXX11XXXXX1XXXXXXX1XXXXXXX
XX1XX1XXXXXX1XXXXXX1XXX1XX11XXX1X

Generation 46/100  F=U(0.136831749008, 1.0)
----------------------------------------------------------------------------------------------------
XX1XXX10X1XXXXXXXXXXXXXXXXXXXXXXXXXXXX1XXX1XXXXXXX11X1X0XXXXXXXXXXXXXXX1XXXXX0XX1XXXX11XX1XXXXXXXXX
XXXXXXXXXXXXXXXXXX0XXX0XXXXXXXXXX

Generation 47/100  F=U(0.121780256617, 1.0)
----------------------------------------------------------------------------------------------------
XXX1XXX1X1X11XXXXXXXXX2X1XXXX1XXXX1X1X1XXXXXXXXXXXXXXXXX1XXXX2XXX1XXXXXXXXXXXXX0XX1XXXX1XXXXXXXXXXX
0XXXXXXXXXXXXXXXX1XX1XXX0XXXXXX1X

Generation 48/100  F=U(0.134931602743, 1.0)
----------------------------------------------------------------------------------------------------
XXXX1XXXXXXXX0XXXX1XX1XXXX1XXXXXXXX1XX1X0XXXXXXXXXXXXXXX1X1XXX1XXX11XX0XXXXXXX1XXXXXXXXXXXXXXX11XXX
XXX0XXXXX1XXXXXXX1XX01XXXXX11XXX01XX

Generation 49/100  F=U(0.120089126442, 1.0)
----------------------------------------------------------------------------------------------------
XXXXX1XXX1XXXXX1X1X11X1XXXXXXXXX1XXXXXXXXXXXXXXXXXX1XX1X0XXXX1XXXXXXX01XXXXX1XXXXXXXX0XX0XXXX1X1XX1
XXXXXX1XXX1XXXXXXX1XX1XXXXXXXX010XXX

Generation 50/100  F=U(0.106879322533, 1.0)
----------------------------------------------------------------------------------------------------
X1XXXXXX0XX1XXX1XXXXXXXXXXXXXXXXXXXXXXX1XXXXXXXX1XXXXX

SSE=917.567 with tc0=0.859633 tc1=97.9733 v1_a0=0.394395 v1_a1=19.9611 v1_rs=14.4528 v2_a0=0.380436
v2_a1=19.0433 v2_rs=14.281 vp=23.0857

XXXX1XX0XX1XXXX1XXXXXXXXXXXXX11XXXX01XXXXXXXXXXXXXXX0XXXX1XXXXXX1X0XXXXXXXXXXX0XX

Generation 51/100  F=U(0.0951225970545, 1.0)
----------------------------------------------------------------------------------------------------
XXXXXXXXXXX11XXXXX00X0X1XXX1XXXXXXXXXXXX1XX1XXXXXX0XXX00XX1XX1XXX0X1XXXXXXX1XXXXXXXXXXX1XX1XXXXXXXX
X1XXXX1XX0XXX0XXXXXXXXXXXXXX0XXXX01

Generation 52/100  F=U(0.0846591113785, 1.0)
----------------------------------------------------------------------------------------------------
0XX1XXXXX0XXX1XXXXXXXXXXX1XXXXXXXX0X1X11XX01100XXXX1X1X1X1XXXXXXXX10XXXXXXXXXXXXXXXXXXXXXXXX0XX1XXX
1X1XXXX01XXXXXXX01XXXXXXXXXXXXXXX1XX

Generation 53/100  F=U(0.0753466091269, 1.0)
----------------------------------------------------------------------------------------------------
XXXXXXXX000XXXXX0XX1XX1X1XX1XXXXXXXXX1XXXXXXXXX1XXX0XXXX1XXXXXXXXXXX0XX0X1XXX0XXXXXXXXX1XXX1XXXXXXX
11XXX0XXXXXXXX10XX1X100XX0XX0X0XX0XX

Generation 54/100  F=U(0.0753466091269, 0.87)
----------------------------------------------------------------------------------------------------
XXXXXXXXX1XX1X0XXXXXXXXXXXXXXXX0XXXXXX0X0XXXXXXX01XXXXXX1XXXXXXXXXXXXXX1X11XXXXXX1XXX00XXX0X1XX1XXX
X0XXX1XXX01XX11XX11XXXXXX1XXXX0XXX01

Generation 55/100  F=U(0.0753466091269, 0.7569)
----------------------------------------------------------------------------------------------------
XXXXX11XXX1X1X1XXXX1XX01XX1XXXXXX1XXXXXXXXX0X1X1XXXXX0000XX1111XXXXXXXXXXX0XX00X1XX1XXXXXXXXXXXXXXX
XX0XXX0XX11XX001XX1XXX1XXXX1X1XXXX0X

Generation 56/100  F=U(0.0753466091269, 0.658503)
----------------------------------------------------------------------------------------------------
XX0XXXXXXXXXXX1X0XXXXXXXXXXXXX0XXX1XXX0XXXX1X00XX0XXXXXXXXXXXXX00XXXXXXXXX1XX0XXX00XX0XX0XX1XXXXXX1
XX1XX0XXXXXXXXXX0XXXXX1X1X0XXXX11XXX

Generation 57/100  F=U(0.0753466091269, 0.57289761)
----------------------------------------------------------------------------------------------------
XXXXXXXX1XXXXXXXXXXXX1XXXXXXXX0XXXX0XXXXXXXXXXXXXXXXX0X0XX01XXXXXXXXXXXXXXX0XX0XXXXXXXXX0XX0X00XX1X
1XXXXXX0XXXXX0XXXX0XXXXXXXX1XX1XXXXX

Generation 58/100  F=U(0.0753466091269, 0.4984209207)
----------------------------------------------------------------------------------------------------
1XXXXXX0X0XXX000XXXXXXXXXX0XXXXXXXXXXX1XXXXXXX00XXXXXXX0X0XXXX00XX1XXXXXXX0XXX1X0XXXXXXXXX0XXXXXXXX
1XXXXXX0XXXXXXXXXXXX1X110X0XXXXXXXXX

Generation 59/100  F=U(0.0753466091269, 0.433626201009)
----------------------------------------------------------------------------------------------------
X0XXXXXXXX0XXXX10XXXXXXX1XXX0XXXX0XXX0XXX00X100XXX0XXX1XXXXXX0XXXX0XXXX0XX0XXXXXX0XXXXXXXXXX0XX00XX
X0X0X1XXXXXXXX0XXXX0X110XXX0XX00XXXX

Generation 60/100  F=U(0.0753466091269, 0.377254794878)
----------------------------------------------------------------------------------------------------
0X11XXXX0XX0XX0XXX0X1XXXXXXXXXXX0XXXXXXXXXX00XX0XXX00XX000X0000X0XXXXX00XX0XX0XXXXXXXX0XXXXXXXX1XXX
0X00X10XXXXX000XXXXX0XXXXXXXXX0XXXXX

Generation 61/100  F=U(0.0753466091269, 0.328211671544)
----------------------------------------------------------------------------------------------------
XXXXXXXXXX0XXXXXXX0XXXX0XX1XXXXX0X1XXXXXXX0XXXX0XXX0X0XXXXXXXXXXXXXXXXXXXX1XXXX0XXXXXX1XX1XXXXX1XXX
XXXX00X0XX0XXXXX0XXXXX0X00XXX0XXXXX0

Generation 62/100  F=U(0.0753466091269, 0.285544154243)
----------------------------------------------------------------------------------------------------
0X0XXXX00XXXX0XX00X0XXXXXXXXX0XX0XX0X10XXXXXX0XX01XX00XXX0X00XXXXX001XX0XXX00XXXXXXXXXXX0XXXXXX1000
00XX00XXXXXXXXX0X1XXXXXXXX10X0XXXXX0

Generation 63/100  F=U(0.0753466091269, 0.248423414191)
----------------------------------------------------------------------------------------------------
X00X0XXXX00XXX0XXXXXX0XXXXXXXX0XXX0XXXXXXXXX0XX0XX0XXXXXXXXXXXXXXXX0XXXXXXXX0XXXX0X000XX0XXX1XX0XXX
XXXX01X1XX0XXXX0X0XXXXXX0X0X0XXX0XXX

Generation 64/100  F=U(0.0753466091269, 0.248423414191)
----------------------------------------------------------------------------------------------------
XX0XX0XXXXXXX0X0X0XXXX0XXXXXXXXXXXXXXXX01XXXXXXX00X0XXXXXX0XXXXXXXXX0XXXXX00XXXXX0XXXXXXXXXXXXX10XX
XXX0XXXXXX0XXXXXXXXXXXXXXX0X00XX0XXX

Generation 65/100  F=U(0.0753466091269, 0.248423414191)
----------------------------------------------------------------------------------------------------
X00XXXXXXXXXXXXXXXX000XXX0XXXXXXX000XXXXX00000XXXXXXXXX0XXXX0XX0XXXXXXXX00XXXXXXXXX0X0XXXXXXXXX00XX
0XX00X0XXX0XXX0XX1XX0XXX0XXX0X1XXX0X

Generation 66/100  F=U(0.0753466091269, 0.248423414191)
----------------------------------------------------------------------------------------------------
0XXXXXXX0XXXX0XXXX00X0XXX00XX0XXXXXX00XXXX0X00X0XXXX00XXXXX0XXXXXXXXXXXXXXXXXXXXX0XXXXX0XX0XX0XXXXX
XXXXXXX000XXX0XXX0X0XXXX0X0X0XXX000X

Generation 67/100  F=U(0.0753466091269, 0.248423414191)
----------------------------------------------------------------------------------------------------
0XXXX00XXXXXX00XXX0XXXX00X0XX0XXX0XX0XXX10X0XX0XXX0XXXXXXXX000XXX00X1XXXXXXX0XXXX0000XX0X0X000XXX0X
XXX0X0XX0XXXXXXXXXX0XXX0XXX0XXXXX00X

Generation 68/100  F=U(0.0753466091269, 0.248423414191)
----------------------------------------------------------------------------------------------------
000010XXXXXX0XXXX0X0XXX00X0X0XXXXXXXX0XXXXXXX0XX0XXXX0XX00X0X0X00XXXXXXXX0XXXX0XX0XXXXX00XX000XXX0X
XXXXXXXXXXXX0XXXXXXXXXXXX0X0X0XXXXXX

Generation 69/100  F=U(0.0753466091269, 0.248423414191)
----------------------------------------------------------------------------------------------------
0XXX00XX0XXXXXXXXXXXXXX00X0XX0XXXXX0X0XXX0XX0XXXXXX00X0XXXXXXXXXX0X0XX0XXXX0XXXXXXX00000XXXXXX0X00X
X0XXXXX0XX1XXXXXX0XXXX0XXXXXXX0XX0XX

Generation 70/100  F=U(0.0753466091269, 0.248423414191)
----------------------------------------------------------------------------------------------------
00X0XXXXXXXXXXX00XXXXXXX0XX00X0X0XXXXXXX00X0XXXXXX0XXX0XX0XXXX0XXXX0XXXXX0XXXXXXXXX00X00XXXX0XX0XX0
0XXXXXXX0XXXX0XXXX0XXXXXXXXXXXXX0XX0

Challengers failing too much, stopped

SSE=913.635 with tc0=0.111113 tc1=91.5395 v1_a0=0.370463 v1_a1=19.9521 v1_rs=13.8721 v2_a0=0.370874
v2_a1=19.1129 v2_rs=14.1048 vp=23.463

ProcessQueue is shut down
Local ThreadQueue is shut down

Final population:
Population: Top 7 of 135 individuals

        SSE |   913.63530   913.63622   913.64100   913.64256   913.64351   913.64997   913.65370
----------------------------------------------------------------------------------------------------
        tc0 |     0.11111    0.055414     0.33482     0.68053     0.17445     0.11328     0.11058
        tc1 |      91.539      92.502      91.962      91.891      91.813      91.542      91.733
      v1_a0 |     0.37046     0.37292     0.37073     0.37036     0.37069      0.3702     0.37055
      v1_a1 |      19.952      19.958      19.961      19.957      19.959      19.957      19.959
      v1_rs |      13.872      13.979      13.872      13.863      13.879      13.868       13.87
      v2_a0 |     0.37087     0.36986     0.37117     0.37102     0.37074     0.37059     0.37094
      v2_a1 |      19.113      19.121      19.116      19.115      19.114      19.117      19.114
      v2_rs |      14.105      14.081      14.107      14.105      14.103        14.1      14.106
         vp |      23.463      23.489      23.452      23.456      23.466      23.472      23.459
----------------------------------------------------------------------------------------------------
Best individual:
<SSE=913.6353 tc0=0.111113 tc1=91.5395 v1_a0=0.370463 v1_a1=19.9521 v1_rs=13.8721 v2_a0=0.370874
v2_a1=19.1129 v2_rs=14.1048 vp=23.463>


Elapsed time: 1884.42 seconds

