Decompressing and parsing covid19.csv.bz2...
Cumulative and new cases reported thus far for US
------------------------------------------------------------------------------------------------------------------------
000	01/22	1	0
001	01/23	1	0
002	01/24	2	1
003	01/25	2	0
004	01/26	5	3
005	01/27	5	0
006	01/28	5	0
007	01/29	5	0
008	01/30	5	0
009	01/31	7	2
010	02/01	8	1
011	02/02	8	0
012	02/03	11	3
013	02/04	11	0
014	02/05	11	0
015	02/06	11	0
016	02/07	11	0
017	02/08	11	0
018	02/09	11	0
019	02/10	11	0
020	02/11	12	1
021	02/12	12	0
022	02/13	13	1
023	02/14	13	0
024	02/15	13	0
025	02/16	13	0
026	02/17	13	0
027	02/18	13	0
028	02/19	13	0
029	02/20	13	0
030	02/21	15	2
031	02/22	15	0
032	02/23	15	0
033	02/24	51	36
034	02/25	51	0
035	02/26	57	6
036	02/27	58	1
037	02/28	60	2
038	02/29	68	8
039	03/01	74	6
040	03/02	98	24
041	03/03	118	20
042	03/04	149	31
043	03/05	217	68
044	03/06	262	45
045	03/07	402	140
046	03/08	518	116
047	03/09	583	65
048	03/10	959	376
049	03/11	1281	322
050	03/12	1663	382
051	03/13	2179	516
052	03/14	2727	548
053	03/15	3499	772
054	03/16	4632	1133
055	03/17	6421	1789
056	03/18	7783	1362
057	03/19	13747	5964
058	03/20	19273	5526
059	03/21	25600	6327
060	03/22	33276	7676
061	03/23	43847	10571
062	03/24	53740	9893
063	03/25	65778	12038
064	03/26	83836	18058
065	03/27	101657	17821
066	03/28	121465	19808
067	03/29	140909	19444
068	03/30	161831	20922
069	03/31	188172	26341
070	04/01	213372	25200
071	04/02	243762	30390
072	04/03	275586	31824
073	04/04	308853	33267
074	04/05	337072	28219
075	04/06	366667	29595
076	04/07	396223	29556
077	04/08	429052	32829
078	04/09	461437	32385
079	04/10	496535	35098

Initializing 240 population members having 6 parameters
------------------------------------------------------------------------------------------------------------------------

SSE=40.256 on eval 1: L=2.31552e+07 b=88.79 r=0.350198* rf=0.881446 t0=62.5685 th=20.0256

*298

SSE=22.617 on eval 5: L=5.5564e+07 b=26.7546 r=0.368167 rf=0.872551 t0=63.6162 th=12.0608*

!7292992198

SSE=16.89 on eval 16: L=2.67424e+08 b=18.8711 r=0.472507 rf=0.902421 t0=60.5802 th=14.8072

!92972498999499113949259139239372291969922929997283999969948812934942992195694529969199399986193895956449
991515779229922993943499983592222993649389943229496692999992999398397595999228322215999332279296959939539792196924649977


Population: 240 individuals with SSE 16.89 to 1017.6, avg eval time 0.689 sec. Top 7:

        SSE |      16.89        17.92       18.206       19.572       19.626        19.97       20.438  
------------------------------------------------------------------------------------------------------------------------
          L | 2.6742e+08   2.2089e+08   1.0918e+08   2.4161e+08   1.6278e+08   2.6602e+07   5.9446e+07  
          b |     18.871       99.506       116.49**     105.05       1.9946*      89.283       98.974  
          r |    0.47251      0.54902      0.40848      0.50639      0.43526      0.43305      0.56858  
         rf |    0.90242      0.95343      0.92359      0.94624      0.94399      0.95813      0.96935  
         t0 |      60.58       57.879       62.847       58.991       61.348       62.711       58.336  
         th |     14.807       19.061       16.502       18.054       17.668       16.753       18.684  
------------------------------------------------------------------------------------------------------------------------
Best individual:
<SSE=16.8897 L=2.67424e+08 b=18.8711 r=0.472507 rf=0.902421 t0=60.5802 th=14.8072>


Population: 240 individuals with SSE 16.89 to 1017.6, avg eval time 0.689 sec. Top 7:

        SSE |      16.89        17.92       18.206       19.572       19.626        19.97       20.438  
------------------------------------------------------------------------------------------------------------------------
          L | 2.6742e+08   2.2089e+08   1.0918e+08   2.4161e+08   1.6278e+08   2.6602e+07   5.9446e+07  
          b |     18.871       99.506       116.49**     105.05       1.9946*      89.283       98.974  
          r |    0.47251      0.54902      0.40848      0.50639      0.43526      0.43305      0.56858  
         rf |    0.90242      0.95343      0.92359      0.94624      0.94399      0.95813      0.96935  
         t0 |      60.58       57.879       62.847       58.991       61.348       62.711       58.336  
         th |     14.807       19.061       16.502       18.054       17.668       16.753       18.684  
------------------------------------------------------------------------------------------------------------------------
Best individual:
<SSE=16.8897 L=2.67424e+08 b=18.8711 r=0.472507 rf=0.902421 t0=60.5802 th=14.8072>

Performing DE with CR=0.7, F=U(0.5, 1.0), DE/rand-1.00/1/bin
------------------------------------------------------------------------------------------------------------------------
Press the 'Enter' key to abort.

Generation 1/75  F=U(0.5, 1.0)  N_hist=240
------------------------------------------------------------------------------------------------------------------------
X218XX9X6XX63X5X32XX1XXX36XXX2X9X1X3XX81XX123XXXXX2XX1XX6X322X22X6X4X5X322XXX54XX4XX332XX33X6279252XXX2XXX396X412XXX2237
XX1X2X50X2X94XXXXXX31X2X9XXX1XX4X3X4XXX9X48XXXX129X9XX1XX99XX9X772XX9X352XX9XX934XXXXX3X32XXXXXXX88961X9XXX3525XX13XXXX7


Generation 2/75  F=U(0.5, 1.0)  N_hist=480
------------------------------------------------------------------------------------------------------------------------
XX3XXX1X2XX2X57XXXXXXXXX12XX2X1XX2222X3X3X1XXXX59XX94X6XX6491X1X731X12XX612X3411XXXXXXXXX3XXXXXXXXX2X482X11XX2272XXXX2X3
XXX811XX2X111XX53XX21XX31X1XXXX14XXXX1211XXXX3326XXXX117X32XX1X11XX2XXXXXXXX222X21XXX1XXXX11X09X991XXX2922X5X301XXXX11XX


Generation 3/75  F=U(0.5, 1.0)  N_hist=720
------------------------------------------------------------------------------------------------------------------------
X1X11XXXXXXX22XXX1213XX1XXXXXXXXX1X22X1XXXXX211X6X2X111XXXXXXXX21XX2XX1X3XXXX1XX2XXX22XXXX2X3XXXX01XXX13XX3XXX2XX3XX121X
X21XXXX1XXXX122XX1341XXX92XX2X3X4X212X21XX2XXXXXX2XXXXXXX1XXXXX1X32XXXX1X4XX1X1X31X22XXXXXXX6212XX1XXXX12X1120XX4XX2XXX1


Generation 4/75  F=U(0.5, 1.0)  N_hist=960
------------------------------------------------------------------------------------------------------------------------
1121X1XXXXXXXXXX1XXX42125X1XXXXXXXXXX1X2X1XXXX11XXXX91X3XXX52XXXXXXX411XX3XXXXXX211XXXXXX24XXXXXX41XXX1XXX1X3XX14X1X1X2X
XXXX1XXXXXXXX1XXX0XX3XX1XXXXX1XXXX22XXXXXXX141X2XXXXXX1XX31X1X1X1XXXXXXXXXX2XX2XXX21XXXXX131XXXXXXXXXXXX1X3XX11X3X211XXX


Generation 5/75  F=U(0.5, 1.0)  N_hist=1200
------------------------------------------------------------------------------------------------------------------------
XXXXXXX3XXXX112XXXXXX1XXXX1XXXXX3XXXX1XXXXXXXXXX1XX2X13XXXXXXXXXXXXXXXXXXXXX11XXXXXXX2XXXX1XXXX21XXXXX2XXXXXXXX4X2XX3X1+
XXXXXX71X2XXXXX1XXXXX2X1X11XX01XXXX1XXXXX1XXXX1XX12XXXXXX1XXXXXXXXXXXXXX12X1X2XXXXXXXXXXX1XX12XX2X1XX2XXXXXXXXXXXXXXXXXX
X


Generation 6/75  F=U(0.5, 1.0)  N_hist=1440
------------------------------------------------------------------------------------------------------------------------
XXXXXXX1XXXXXX1X1XXXXX1XXXXXX1XX1X1XXX1XXXXXXXXXXXXXXXXXX12X11X133X120X21XXX212XXXXXXXXXXXX2XXXXX21XXXXXX1XXXXX2X2XXX2XX
XXXXXX1XX211XXXX1XXXXXX1XXXXX1XXXXXX1X2X122XXX0XXXXXXXXX1XXXXXXXXXXXXXXXXXXXXXXX1XXXXXXXXXXXX1XXXXXXXXXXXX1XXXXXXXXXXXXX


Generation 7/75  F=U(0.5, 1.0)  N_hist=1680
------------------------------------------------------------------------------------------------------------------------
212X2X211XXXXXX1X01XXXX1X13XXXXXXXXXXXXXXX1X01XXXXXXXXXXXX1XXXXXX1XXX1112XXXX1XXXXXXXXXXXX11XXX2XXXXXX1XXXXXXXXXXXXXXXXX
XXXX1XXXXXXXXXXXX1X1X11XXXXXXXXXXXXXXXXXXXXX0XXXXX0XXXXX0XXXXXXXXXX1121XX0XXXXXX1XXXXXXXXXXXXXXXXXXXXXXXXXXXXXXXXXXXXX11


Generation 8/75  F=U(0.5, 1.0)  N_hist=1918
------------------------------------------------------------------------------------------------------------------------
12111X11X12X1XXX1XXXXXXXXXXXXXXXXXX1XXXXXXXXXXXXX0X1XXXX1XX1XXX1XXXXXXXX1XX1XXXXXX1XX2XXXXXXXXXXXXXXXXXXXX2XX2XXXXX1X2XX
XXXXXX1XXXXXXXXXXX1X1XXXXX1XXXXXXXXXXX1X111XXXXXX1XXXXX1XXXXXXXXXXXXXX1XXX2XXXXXXXX4XXXXXXXXXXXXX1XXXXXXXXXXXXXXXX1XXXXX


Generation 9/75  F=U(0.5, 1.0)  N_hist=2160
------------------------------------------------------------------------------------------------------------------------
10212X2XXXXXX0XXXX2XXXXXXXXXXXXXXXXXXXXXXXXXX1XXXXXXXXXXXXXXXXXXXXXXXXXX0X21XXXXXX3XXXXX1XXXXXXXXX1XXXXXXXX2XXXX01XXXXXX
XXXXXXXXXXXXXXXXXXXXXXXXXXXXXXXXXXX1XXXXXXX01XX2XXX1XXXX2XXXXXXXXX1X1XXXXX12XXX1X2XXX1XXXXXXXXXXXXXXXXXXXXXXXX1XXXXXXXXX


Generation 10/75  F=U(0.5, 1.0)  N_hist=2400
------------------------------------------------------------------------------------------------------------------------
21X11XX121XXX2XXXXXXXXXXXX1XXXXXXXXX11XXXXXXXXXXXXXXXXXXXXXXX01X1X1XX112XXXXXXXXXXXXXXXXX11XXXXXXXXXXX1XXXXXX2XXX1X1XXXX
XXX1XXXXXXXXXXXXXXX2XX1XXXXXX1XXXXXXXXXXXXXXX1XX0XXXXXXXX1XXXXXX1XXX2XXXXXXX1XXXXXXXXXXXXX1XX1X1XXXXXXX0XXXXXXXXXXXXXXXX


Generation 11/75  F=U(0.5, 1.0)  N_hist=2640
------------------------------------------------------------------------------------------------------------------------
1101X21111X11X1XXXXXXXXXXXXXXXXXXXXXXXX1XXXXXXXXXXXXXXXXXXXXXX1XXXXXXXXXXXXXXXXXX111X11X1XXXXXXXXXXXXXXXXXXXX1XX1XX1X1XX
XXXXXX1XXX111XX2XXXXXXXXXXXXXXXXXXXXX11XXXXXXXXXXXX1XXX1XXXX1XXXXXXX1XXXXXX1XXXXXXXXXX1XXX0XXXXXXXXXXXXXXXXX1XXXXXXXXXXX


Generation 12/75  F=U(0.5, 1.0)  N_hist=2880
------------------------------------------------------------------------------------------------------------------------
121X1X1X0X1X1XXXXXXXXXX01X11XXXXXXXXXXXXXXXXXXXXXXXXXXXXXXXXXXXXXXXXXXX0XXXXXXXXXXXXXX10XXXXX12X1XXXXXXXX1XXXXX1XXX11XXX
1XXXXXXXXXXXXXXXXXXXXXXX01XXXXXXXX1XXXXXXX0XXXXXXXXXXXX1XXXXXXXXXXXXXXX1XXXXX1XX1XXXXXXXX1XXXXXXXX1XXXXXXXXX1XXXXXXXXXXX


Generation 13/75  F=U(0.5, 1.0)  N_hist=3120
------------------------------------------------------------------------------------------------------------------------
1X11X0XX1X1X1XXXXXXXXXXXXXXXXX0XXXXXXXXXX20XX1XX1X11XXXXXXXXXXXXX1XXXXX0XXXXXXXX21XXXXXX11XXXXXXXXXXXXX12XXXXXXXXXXXXXXX
2XXXX1XXXXXXXXXXXX1XXXXXXXXX1XX0XXX1XXXXXXXXXXXXX1XXXXXXX11XXXXXXXXXX1XXXX11XXX11XXXXXXXXXX0X1XXXXXXXXXXXXXX11XXXXXXXXXX


Generation 14/75  F=U(0.5, 1.0)  N_hist=3360
------------------------------------------------------------------------------------------------------------------------
1X111XX1XX1XXXXX1XXXXXXXX1XXXX2XX1XXXXXXXXXXXXX111XXX11X110X1XXXX1XXXXX11XXXXXXXX1XXX1XXXXXXXXX1XXXXXXXXXXXXXXXXXXXXXXXX
XXXXXXXXXXXXXX1XXXXXX1XXXXXXXXX1XXX1XXXXXXXXXX1XXX1XXXXXXXXXXXXXX1XXXXXXXXXXXXX1XX1XXXXXXXXXXX11XXXXXXXXXXXXXXXXXXXXXXXX


Generation 15/75  F=U(0.5, 1.0)  N_hist=3600
------------------------------------------------------------------------------------------------------------------------
1XXXXXX01XXXXXXXXXXXXXXXXXXXXXXXXXXXXXXXXXXXXXXXXXXXXXX1XXXXXXXXXXXXXXXXXXXXXXXXXXX1XX1XXXXXXX1XXXXXXXXXXXXX1XXXXXXXX1XX
X1XXX1XXXXXXXXXXXXXXXXXX1XXX11XXX1XXX0XX1XXXXXXXXXXXXXXXXXXXXXXXXXX1XXXX01XXXX0XXXXXXXXXXXXXXXX1XXXXXXXXXXXXXXXXXXXXXXXX


Generation 16/75  F=U(0.5, 1.0)  N_hist=3840
------------------------------------------------------------------------------------------------------------------------
111X01XX1XXX1XXXXXXXXXXXXXXXXXXXXXXXXXXX1XXX1XXX1X10XXXXXXXXXXXXXXXXXXXXXXXX1X1XXXXXXXXXX1X0XXXXXXXXXXX11XX1XXXXXX11

SSE=16.488 on eval 3974: L=2.4161e+08 b=103.153 r=0.411523 rf=0.892917 t0=62.92 th=13.5708

+XXX
XXXXXXXXX1X1X1XXXXXXXXXXXXXXX11X1XXXXXXXXXXXXXXXXXXXXXXXXXXXXXXXXXXXXXXXXXXXXXXX1XXXXXX0XX1XXXXXXXXXXX0XXXXXXXX01XXXXXXX
X


Generation 17/75  F=U(0.5, 1.0)  N_hist=4080
------------------------------------------------------------------------------------------------------------------------
110X1111X1X1XX1X1XXXXXXXXXXX1XXXXXXXXXXXXXXXXXXXXXXXXX11XXXXXXXXXXXXXX1XXXXXXXXXXXXXXXXXXXXXXXXXXXXXXXX1XXXXXXXXXXXXXX1X
XX01XXXXXXXXXXXXXXX1XXXX1XXXXXXXXXXXXXX1XXXXXXXXXXX1XXXXXXXXX0XXXX1X11XXXXXXXXXXXXXXXXXXXXXXXXXXXX1X1XXXXXXXXXXXXXXXXXXX


Generation 18/75  F=U(0.5, 1.0)  N_hist=4320
------------------------------------------------------------------------------------------------------------------------
X11X11XX11XXX2XXXXXXXXXXXXXX0XXXXXXXXXXXXXXXXXXXXXXXXXXXXX1XXXXXXXXXXXXXXXXXX1XXX0XX01XXXXXXXXXXXXXXX11XXX11XXXXXXXXXXXX
XXXXXXXXXXXXXX1XXXXXXXXXXXXXXXXXXXX11XXXXXXXXXXXXXXXXXXXXX0XXXXXXXXXXXXXXXXX01XXXXXXXXXXXXXXXX1100XXXXXXXXXXXXXXXXXXXXXX


Generation 19/75  F=U(0.5, 1.0)  N_hist=4560
------------------------------------------------------------------------------------------------------------------------
00XXX1XXXXXXXXXXXXXXXXXXXXXX1XXXXXXXXXXXXXXXXXXXXXXXXXXXX1XXXXXXXXXXXXXX1XXXXXXXXXXXXXXXXXXXXXXX1XXXXX1XXXXXXXXXXXXX1XXX
XXX0X1XXXXXXXXXXXXX00XXXXXXXXXXXXXXXXXXX1XXXXXXXXXXXXXXXXXXXXXX1X0XXXXXXXXXXXXXXXXXXX1XXXXXXXXXXXXXX10XX1XX1XXXXXXXXXXXX


Generation 20/75  F=U(0.5, 1.0)  N_hist=4800
------------------------------------------------------------------------------------------------------------------------
X10XXX1XXXXXXXX0XXXXXXXXXXXXXXXXXXX1XXXXXXXXXXXXXXXXXXXXXXXXXX0XXXXXXXXXXXXX0XXXXXXXXXXXXX1XXXXXXXX0XXXXXXXXXX1XXXXXX1X1
XXXXXX1XX0XXXXXXXXXXXXXXXXXXXXX1X01XXX1XXXXXXXX01XX1XXXXXXXXXXXXXXXXXXXXXXXXXXXXXXXXXXXXXXXXXXXXXXXX1XXX1XXXXXXXXXXXXXXX


Generation 21/75  F=U(0.5, 1.0)  N_hist=5040
------------------------------------------------------------------------------------------------------------------------
0XXXXXXXXX1XXXXX1XXXXXXXXXXXXXXXXXXXXXXXXXXXXXXXX1XXXXXXXXXXXXXXXX1XX1XXXXXXX0XXX0XXXXXXXXXXXXXXXXXXXXXXXXX11XXXXXXXXXXX
XXXXXXXX0XXXXXXXXXXXXXXXXXXX0XXXXXXXXXXXXX1111XXXXXXXXXXXXXXXX1X0X1X1XXXXXXXXXXXXXXX1X0XXXXXXXXXXXXXXXXXXXXXXXXX1XXXX1XX


Generation 22/75  F=U(0.5, 1.0)  N_hist=5280
------------------------------------------------------------------------------------------------------------------------
XXX1XXXXX10XXXXXXXXXXXXXXXXXXXXX11XXXXXXXXXXX1XXXXXXXXXXXXXXX11XXXXXXXXX1XXXXXXXXXXXXX1X1XX1XXXXXXXXXXXXXXXXXXXXXXXXXXXX
XXXXXXXXX11XXXXX0XXXXXXXX11XXXXXXXXXXXXXXX0XX1X0XXXXXXXXXXX111X1XXXXX1XXXXXXXXXXXXXXXXXXXXXXXXXXXXXXXXXXXXXXXXXXXXXXXXXX


Generation 23/75  F=U(0.5, 1.0)  N_hist=5520
------------------------------------------------------------------------------------------------------------------------
1X1X0XXXXXXXX0XX1XXXXXXXXXXX0XXXX1XXXXXXXXXXX01XXXXXXXXXXXXXXXXXXXXXXXXXXXXXXXXXXXXXXXXXXXXXXXXXXXXXXXXXXXXXXXX2XXXXXXX1
XXXXXXXXXXXXXXXXXXXXXXXXXXXXXXX0XXX1XXXXXXXXXXXXXXXXXXXXXXXXXXXXXXXXXXXXXXXXXXXXXXXXXXXXXXXXXXXXXXXXX1XXXX1XXXXXXXXXXXXX


Generation 24/75  F=U(0.5, 1.0)  N_hist=5760
------------------------------------------------------------------------------------------------------------------------
1XXXX1XXXXXXXXXXXX1X0X1XXXXXXXXX1XXXXXXXXXXXXXXXXXXXXXXXXXXXXXXXXXXXXX1XXXXXXXXXXXXXXXXXXXXXXXXXX11XXXXXXXXXXXXXXXXXXXXX
XXXXXXXXXXXXXXXXXX0XXXXXXXXXXXXXXXX0XX10XXXXXXXXXXXXX1XXXXXXXXXX1110XXXXXXXXXXXXXXXXXXXXXXXXXXXXXXXXXXXXXXXXXXXXXXXXXXXX


Generation 25/75  F=U(0.5, 1.0)  N_hist=6000
------------------------------------------------------------------------------------------------------------------------
1X01XXXXXXXXXXXXXXXX1XXXXXXXXXXXXXXXXXXXXXXXXXXX1XXXXXXXXXXXX01XXXXXXXXXXXXXXXXX0XXXXXX1XX1XXXXXXXXXXXXXXXXXXXXXXX1XXXXX
XXXXXXXXXXXXX0X11XXXXX1XXXXXXXXXXXXXXXXXXXXXXXXXXXX0XXXXXXXXXXXXXXXXXXXXXXXXXXXXXXXXXXXXXXX1XXXXXXXXXXXXXXXXXXXXXXXXXXXX


Generation 26/75  F=U(0.5, 1.0)  N_hist=6240
------------------------------------------------------------------------------------------------------------------------
11XXXXX11XXX1XXXXXXXXXXX11XXXXXXXXXXXXXXXXXXXXXXXXXXXXXXXXXXXXXXXXXXXXXX1XXXXXXXXXXXX1XXXXXXXXXXXX0XXXXXXXXXXXXXXXXXX01X
XXXXXXXX0XXXXXXX0XXXXXXXXXX01XXXXXXXXXXXXXXXX1XXXXXXXXXXXXXXXX0XX0XX00XXXXXX2XXXXXX1XXXXXXXXXXXXXXXXXXXXXXXXXXXXXXXXXXXX


Generation 27/75  F=U(0.5, 1.0)  N_hist=6480
------------------------------------------------------------------------------------------------------------------------
XXXXXXXXXXX0XX0XXXXXXXXXXXXXXXXXXXXX11XXXXXXXXXXXXXXXXXXXXXXXX0XXX11XXXXXXXXXXXXXXXXX1XXXXXXXXXX1XXXXXXXXXXXXXXXXXXXXX0X
XXXXXXXXXXXXXX00XXXX1XXXXXXXXXXXXXXXXXXXXXXXXXXXXXXXX0XXXXX1X0XX1XXXXXXXX1XXXXXXXXX1XXXXXXXXXXXXXXXXXXXXXX1XX0XXXXXXX1XX


Generation 28/75  F=U(0.5, 1.0)  N_hist=6719
------------------------------------------------------------------------------------------------------------------------
110XXX1001X11XXXXXXXXXXXXXXXXXXXXXXXXXXXXXXXXXX1XXXXXXXXX0XXXXXXXXXXXXX0XXXXXXXXXXXXXXXXXXXXXXXXXXXXXXXXXXXXXXXXXXXXXXX1
X0XXXXXXXXXXXXXXXXXXX1XXXXXXXXXXXX1XXXXX1XXXXXXXXXXXXXXXXXXXXXXXXXXXXXXX1XXXXXXXXXXXXXX10XXXXXX11XXXXXXXXXXXXXXXXXXXXXXX


Generation 29/75  F=U(0.5, 1.0)  N_hist=6960
------------------------------------------------------------------------------------------------------------------------
X1XXX1XXXXX11XXXXXXXX0XXXXXXXXXXXXXXXXXXXX10XXXXXXXXXXXXXXXXXXXXXXXXXXXXXXXXXXXXXXXXXXXXX0XXXXXXXXXXXXXXXXXXX1XXXXXXXXXX
XXXXXXXXXXXXXXXXXXX11XXXXXXX0XXXXXXXXXXX1XXXXXXXXXXXXXXXXXXXX1XXXXXXXXXXXXXXXXXXXXXXXXXXXXXXXXXXXXX0XXXXXXX1XXXXXXXXXXXX


Generation 30/75  F=U(0.5, 1.0)  N_hist=7200
------------------------------------------------------------------------------------------------------------------------
0XXXXXXX0XX1XX0XXXXXXXXXX1XXXXXXXXXXXXXXXXXXXXXXXXXXXXX11XXXXXXXXXXXXXXXX1XXXX011XXXXXXX0XXXXXX1XXXXXXXX01XXXXXXXX1X0XXX
XXXXXXX0XXXXXXXXXXXXXXXXX1XXXXXXXXX1XXXXXXXXXXXXXXXXXXXXX0XXX01XX1XXXXXX0XXXX1XXXXXXXXXXXXXXXXX0XXXXXXXXXXXXXXXXXXXXXXXX


Generation 31/75  F=U(0.5, 1.0)  N_hist=7440
------------------------------------------------------------------------------------------------------------------------
XXX0XXXXXXXXXXXXXXXXXXXXXXXXXXXXXXXXXXXX1XXXXXXXXXXXXXXXXXXXXXXXXXXXXXX1XXXXXX1XXXXXXXX11XXXXXXXXXXXX1XXXXXXXXXXXXX1XXXX
XXXXXXXXXXXXXXXXXXXXXXXXXXXXXXXXXXXXXXXXXXXXXXXXXXXXXXXXXX1XXXXXXXXXXXXXXXXXXXX1X1XXXXXXXXXXXXX1XXXXXXXXXX0XXXXXXXXXXXXX


Generation 32/75  F=U(0.5, 1.0)  N_hist=7680
------------------------------------------------------------------------------------------------------------------------
1XXX1X00XX1X0XXXXXXXXXXXXX11XXXXXXXXXXXXXXXXXXXXXXXXXXXXXXXXXXXXXXX0XXXXXXXXXXXXXXXXXXXXXXXXXX0XXXXXXXXXXXXXXXX1XXXXX1XX
XXXXXXXXXX0XXXX0XXXXXXXX1XXXXXXXX0XXXXXXXXXXXXXXXXXXXXXXX0XXX1XXXXXXXXXX1XXXXXXXXXXXXXXXXXXXXXXXXXXXXXXXXXXXXXXXXXXXXXXX


Generation 33/75  F=U(0.5, 1.0)  N_hist=7920
------------------------------------------------------------------------------------------------------------------------
01X1X1XXXXXXXXXXXXXXXXXXXXXXXXXXXXXXXXXXXX1XXXXXXXXXXXXXXXXXXXX1XX0XXXXXXXXXXXXXXXXX111XXXXXXXXXX1XXXXXXXXXXXXXXXX00XXXX
XXXXXXXXXXX0XXXXXXX011XX1XXXXXXXXXXXXXXXX0XXX101X0XX1XXXXXXXXXXXXXXX0XXXXXXX0XXXXXXXXXXXXXXXXXXXXXXXXXXXXXXXXXXXXXXXXXXX


Generation 34/75  F=U(0.5, 1.0)  N_hist=8160
------------------------------------------------------------------------------------------------------------------------
1X010XX1XXXXX1XXXXXXXXXXXXXXXXXXXXXXXXXXXXXXXXXXXXXXXXXXXXXXXX0XXXX0XXXX1XXXXX1XXX1XXXXX1XXXXXXXXXXXXXXXXXXXXXXXXXXX11XX
0XXXX1XXXXXXXXXXXXX1XXXXXXXXXXXXXXXXXXXXXX01XXXXX1XXXXXXXXXXXX1XXXXXXXXXXXXXXXXXXXXXXXXXXXXXXXXXXXXXXXXXXXXXXXXXXXXXXXXX


Generation 35/75  F=U(0.5, 1.0)  N_hist=8400
------------------------------------------------------------------------------------------------------------------------
0X1XX0XXXXX1XXXXXX1XXXXXXXXXXXXXXXXXXXXXXXX1X1XXX0XXXXXXXXXXXXXXXXXXXXXXXXXXXXXXXXX1XXXXXXXXX1XXXXXXXXXXXXXXXXXXXXXXXXXX
XXXXXX11000XXXXXXXXXXXX1XXXXXXXXXX0XXXXXXX0XXXXXXXXXXXXXXXXXXXXXXXXXXXXXXXXXXXXX00XXXXXXXXXXXXXXX1XXXXXXXXXX1XXXXXXXXXXX


Generation 36/75  F=U(0.5, 1.0)  N_hist=8640
------------------------------------------------------------------------------------------------------------------------
XXXXX10XXX0XXXXXXXXXXXXXXXXXXXXXXXXXXXXXXXXXX0XXXXXXXXXXXXXXXX0XXXXXXXXXXXXXXXXXXXXXXXXXXXXX0XXX1XXXXXXXXXXXXXXXX0XXXXXX
X0XXXX0XXXXXXXXXXXXXXXXXXXXXXXXXXXXXXXXXXXXXX1XXX11XXXXXXXXXXXXXXXXXXX1XXXXXXXXXXXXXXXXXXXXXXXXXXXXXXXXXXXXXXXXXXXXXXXXX


Generation 37/75  F=U(0.5, 1.0)  N_hist=8880
------------------------------------------------------------------------------------------------------------------------
00XX1XXXXXXXXXX0XXXXX1XXXXXXXXXXXXXXXXXXXXXXXXXXXXXXXXXX0XXXX1XXXXXXXXX0XXX1XXXXXXXXXX1XXXXX0XXXXXXXXXXXXXXXXXXXXXXXXXXX
0XXXX1XXXXXXXXXXXXXXXXXXXXX1XXXXXXXXXXXXXXXX11X0X1XXXXXXXXXXXXXXXXX1XXXXXXXXXXXX0X0XXXXXXXXXXXXXXXXXX1XX0XXXXXXXXXXXXXXX


Generation 38/75  F=U(0.5, 1.0)  N_hist=9120
------------------------------------------------------------------------------------------------------------------------
1X1XXXXXXXXXXXXXXXXXX1XXXXXXXXXXXXXXXXXXXXXXXXXXXXXXXXXXXXXXXXXXXXXXXXXXXXXXXXXXXXXXXXXXXXXXXXX0XXX00XXXXXXXXXXXXXXXXXXX
X0X0XXXXXXXXXXXXXXXXXXXXXXXXXXX0XXX1X0XXXXX0XXXXXXXXXXXXXXXXX1XXXXXXXXX000XX0XXXXXXXX1XXXXXXXXXXXX1XXXXXXXXXXXXXXXXXXXXX


Generation 39/75  F=U(0.5, 1.0)  N_hist=9360
------------------------------------------------------------------------------------------------------------------------
XXX1XXXXXXXXXXXXXXXXXXXX0XXXXXXXXXXXXXXXXXXXXXXXXXXXXXXXXXXXXXXXXXXXXXXXXXXXXXXXXXXXXXXXXXXXXXX11XXXXXXXXXXXX1XXXXXXXXXX
XXXXXXXXXXXXXXXXXXXXXXXXXXXXXXXXXXX1XXXXXXXXX0XXXXXXXXXXXXXXX0XXXXXXXXXXXXXXXXXXXXXXX01XXXXXXXXXXXX0XXXXXXXXXXXXXXXXXXXX


Generation 40/75  F=U(0.5, 1.0)  N_hist=9600
------------------------------------------------------------------------------------------------------------------------
X10XX0X1XX00XXX1XXXXXXXXXXXXXXXXXXXXXXXX0XXXXXXXXXXXXXXX0XXXXXXXXXXXXXXXXXX0XXXXXXXX1XXX0XXXXXXXX1XXXXXXXXXXX1XXXXXXXXXX
XXXXX1XXXX0XXXXXXXXXXXXXXX0XXXXXXXXXXX1X0XXXXXX01X1XXXXXXXXXXXXXXXXXXXXXXXXXXXXXXXXXXXXXXXXXXXXXX0XXXXXXXXXXXXXX0XXXXXXX


Generation 41/75  F=U(0.5, 1.0)  N_hist=9840
------------------------------------------------------------------------------------------------------------------------
0X0XXXX1XX0XXXXXXXXXXXXXXXX0X1XXXXXXXXXXXXXXXXXXXXXXX1XXXXXXXXXXXXXXXXXXX0XXXXXXXXXXXXXXXXXX0XXXXXXXXXXXXXXXXXXX1XXXXXXX
XXXXXX0XXXXXXXXXXXXXXXXXXXXXXXXXXXXXXX1XXXXXXXXXX0XXXXXXXX0XX10XXXXXXXXXXXXXXX0XXXXXXXXXXXXXXXXXXXXXXXXXXXXXXXXXXXXXXXXX


Generation 42/75  F=U(0.5, 1.0)  N_hist=10080
------------------------------------------------------------------------------------------------------------------------
XX1X0XXXXXXXXXXXX1XXX1XXXXXXXXXX0XXXXXXXXXXXXXXXXXXXX1XXX0XXXXXXXX1XXXXXXXXXXXXXXXXXXXXXXXXXXXXXXXXXXXXXXXXXXXXXXXXXXXXX
XXXXXX0XXXXXXXXXXXXXXXXXXX0XXXXXXXXXXXXXXXXXXXXXXXXXXXXXXXX1XXXXX0XXXXXXXXXXXXXXXXXXXXXXXX0XXXXXXXXXXXXXXXXXXXXXXXXXXXXX


Generation 43/75  F=U(0.445, 1.0)  N_hist=10320
------------------------------------------------------------------------------------------------------------------------
1XX0XX0X0XXXXXXXX1XX00XXXXXXXXXXXXXXXXXXXXXXXXXXXXXXXXXXXXXXXX0XXXX1XXXXXXXXXXXXXXXX0XXXX0XXXXXXXXXXXXXXXXXXXX0XXXXXXXXX
XXXX0XXXXXXXXXXX0XXXXX0XX0XXXXXXXXXXXXXXXXX0XXX0XXXXXXXXXXXXXXXXXXXX1XXXXXXXXXXXXXXXXXXXXXXXXXXXXXXXXXXXXXXXXXXXXXXXXXXX


Generation 44/75  F=U(0.493056632402, 1.0)  N_hist=10560
------------------------------------------------------------------------------------------------------------------------
00X1XXXXXXXXXXXXXXXXXX0XXXXXXXX0XXXXXXXXXX0XXXXXXXXXXXXXXXXXXXXXXXXXXXX11XXXXX0XX0XXXXXXXXXXX0X0XXXXXXXXXXXXXXXXXXXXXXXX
XXXXXXXXXXXXXXXXXX10XX1XXXXXXXXXXXXXXX0XXXXXX0XX1XX1XX1XX1XXXXX1XXX0XXXXXXXXXXXXXXXXXXXXXXXXXXXXXXXXXXXXXXXXXXXXXXXXXXXX


Generation 45/75  F=U(0.5, 1.0)  N_hist=10800
------------------------------------------------------------------------------------------------------------------------
1X0XX10XXXXXXXXXX1XX0XXXX1XXX00XXXXXXXXXXXXXXXXXXXXXXXXXXXXXXXXXXXXX1XXXXXXXXXXXXXX0XXXXXXXXXXXXX11XXXXXXXXXXXXXXXXXXXXX
XXXXX0XXXXXXXXXXXXXXXXXXXXXX0XXX0XXXXXXXXXXXXXXXXXXXXXXXXXXXXXXX0XXXXXXXXXXXXXXXXXXXXXXXXXXXXXXXXXXXXX1X1XXXXXXXXXXX0XXX


Generation 46/75  F=U(0.5, 1.0)  N_hist=11039
------------------------------------------------------------------------------------------------------------------------
1X0X00X1XXXXXXXXXXXXXXXXXXXXXXXXXXXXXXXXXXXXXXXXXXXXXXXXXXXXXXXXXXXXXXXXXXXXXXXXXXXXXXXXXXXX0XXXXXXXXXXXXX10XXXXXXXXXX1X
XXXXX0XXXXXXXXXXXXXXXXXXX0XXXXXXXXXXXXXXXX0+XXXXXXXXXXXXXXXXXXXXXXXXXXXXXXXXXXXXXXXXXXXXXXXXXXXXXXXXXXXXXXXXXXXXXXXXXXXX
X


Generation 47/75  F=U(0.445, 1.0)  N_hist=11280
------------------------------------------------------------------------------------------------------------------------
1XXXXX1XXXXXXXXXX0XXXXXXXXXXX0XXXXXXXXXXXXXXXXXXXXXXXXX0X01XX0XXXXXX1XXXXXXXX0XXXXXXXXXXXXXXXXXXXXXXXXXXXX11XXXXX1XXXXXX
XXXXXXXXXXXXX0XXXXXXXXXXXXXXXXXXXXXXXXXXXXXXXXXXXXXXXXXXXXX0X1X1XX0XXXXXXXXXXXX0XXXXXXXXXXXXXXXXXXXXXXXXXXXXXXXXXXXXXXXX


Generation 48/75  F=U(0.493056632402, 1.0)  N_hist=11520
------------------------------------------------------------------------------------------------------------------------
1+XXXXXXXXXXXXXXXXXXX0XXXX0XXXXXXXXXXXXXXX10XXXXXX11XXXXXXXXX0XXXXXXXXXXXXXXXXXXXXXXXXXXXXXXXXXXXXXXXXXXXXXXXXXXXXXX1XXX
XXXXXXXXXXXX0XXXXXXXXXXXXXXXXXXXXXXXXXXXXXXXXXXXXXXXXXXXXXXXXXXXXXXXX0XXXXXXXXXXXXXXXXXXXXXXXXXXXXXXXXXXXXXXXXXXXXXXXXXX
X


Generation 49/75  F=U(0.5, 1.0)  N_hist=11760
------------------------------------------------------------------------------------------------------------------------
1XXX001XXXXXX0XXX0XXXXXXXXXXXXXXXXXXXXXXXXXXXXXXXXX0XXXXXXXXXXXXXXXXX0XXXXXXXXXXXXXXXXXXXXXXXXXXXXXXXXXXXXXX1XXXXXXXXXXX
XXXXXXXXXXX1XX1XXXXXXXXXXXXXXXXXXXXXX0XXX0XXXXXX0XXXXXXXXXXXXXXXXXX1XXXXXXXXXXXXXXXXXXXXXXXXXXXXXXX0XX0XXXXXXXXXXXXXXXXX


Generation 50/75  F=U(0.5, 1.0)  N_hist=12000
------------------------------------------------------------------------------------------------------------------------
X1X00XXXXXXXXXXX0XXX0X00XXXXXXXXXXXXXXXXX0XXXXX1XXXXXXXXXXXXXXXXXX0XXXXXXXXXXXXXXXXXXXXXXXXXXXXXXXXXXXXXXXXXXXXXX1XXXXXX
XXXXXXXXXXXXXXXXX0XXXX01X01XXXXXXXXXXXXXXXXX10XXXXX0XXXXXXXX0XXXXXXXXXXXXXXXXXXXXXXXXXXXXXXXXXXXXXXXXXXXXXXXXXXXXXXXXXXX


Generation 51/75  F=U(0.5, 1.0)  N_hist=12240
------------------------------------------------------------------------------------------------------------------------
10X0X0XXXXXXXXXXXX0XXXX0XX00XXXXXXXXXXXX0+XXXXXXXXXX0XXXXXX0XXXXXXXXXXXXXXXXX0XXXXXXXXX0X0XX0XXXXXX0XXXXXXXXXXX0XXXXXXXX
XXXXXXXXXXXX0XXXXXXXXXX0XXX0XXX1XXXXXXXXXXXXXXXXXXXXXXXXXXXXXXX00X0XXXXXXXXXXXXXXXXXXXXXXXX0XXXX0XXXXXXXXXXXXXXXXXXXXX0X
X


Generation 52/75  F=U(0.5, 1.0)  N_hist=12479
------------------------------------------------------------------------------------------------------------------------
X1XX0XXXXXXXXXXXXXXXXXXXXXXXXXXXXXXXXXX011XXX0X0XXXXXXXXXXXXXXXX00XXXXXXXX0XXXXXXX0XXXXXXX00XXXXXXXXXXX0XXXXXXXXXXXXXXX0
XXXXX0X0XX0XXXXXXXXXXXXXXX00XXXXXXXXXXXXX0XXXXXXXXXXXX0XXXXXXXXXXXXXXX0X0XXXXXXXXXXXXXXXXXXXXXXXXXXXXXXXXXXXXXXXXXXXXXXX


Generation 53/75  F=U(0.445, 1.0)  N_hist=12720
------------------------------------------------------------------------------------------------------------------------
01XXX00XXXXXXXXXXXXXXXXXXXXXXXX1XXXXXXXXXXXXX0XXXX1XXXXXXXXXXXXXXXXX0XXXXXXXXXXXXXXXXXXXXXXXXXXXXXXXXXXXXXXXXXXXXXXXXXXX
0XXXXXXXX0XX0XXXXXXX0XXXXXXXXXXXX0XXXXXXXXXXXXXXXXXXXXXXXXXXXXXXXXX0XXXXXXXXXXXXXXXXXXXXXXXXXX00XXXXXXXXXXXXXXX0XXXXXXXX


Generation 54/75  F=U(0.39605, 1.0)  N_hist=12960
------------------------------------------------------------------------------------------------------------------------
1XXXXXX0XXXXXXXXXXXXXXXXXXXXXXX0XXXXX0XX0XXXXXXXXX0XXXXXXXXXXXXXXXXXXXXXXXXXXXXXXXXXXXXXXXXXX0XXXXXX0XXXXXXXXXXXXXXXXX0X
XXXXXXXXXXXXXXXXXX0X0XX1XXXXXXXXXXXXXXXXXXXXXXXXXXX1XX00XXXXXXXXXXXXXXXXXXXXXXXXXXXXXXXXXXXXXXXXXXXXXXXXXXXXXXXXXXXXXXXX


Generation 55/75  F=U(0.438820402838, 1.0)  N_hist=13200
------------------------------------------------------------------------------------------------------------------------
XXXXX0XXXXXXXXXXXXXXXXXXX0XXXXXXXX1XXXXXXXXXXXXXXX01XXXXXXXXXXXXX0XXXXXXXXXXXXX0X0XXXXXXXXXXXXXXXXXXXXXXXXXXXXXXXXXX0XXX
0XXXXXXXXXXX0X0XXXXXXXXXXXXXXXXXX0XX0XXXXXXXXXXXXXXXX0XXXXXXXXXXXX0XXXXXXXXXXXXXXXXXXXXXXXXXXXXXXXXXXXXX0XXXXXXXXXXXXXXX


Generation 56/75  F=U(0.390550158526, 1.0)  N_hist=13440
------------------------------------------------------------------------------------------------------------------------
00X00XX1X00XX0XXXX0X0XXXXXX0XXXXXXXXXXXXXXXXXXXXXXXXXXXX00XX1XXXXXX0XXXXXXXXXXXXXXXXXXXXXXXXXXXXXXXXXXXXXXXXXXXXXXXXXXXX
XXXXXXXXXX0X0XX0XXXXXXXXXXXXXXXXXXXXXXXX0XXXX00XX0XXXXXXXXXXXXXXXXXXXXX0XXXXXXXXXXXXXXXXX0XXXXXXXXXXXXXXXXXXXXXXXXXXXXXX


Generation 57/75  F=U(0.432726620105, 1.0)  N_hist=13680
------------------------------------------------------------------------------------------------------------------------
X0XXXXX0XXXXXXXX0XXX0XXXXXXXXXXXXXXXXXXXXXX00X0XXXXXXXXXXXXXXXXXX0XXXXXXXXXXXXXXXXXXXXXXXXXXX0XXXXXX0XXXXXXXXXXXXXXXXXXX
XX0XXXXXX0XXXXX0XXXXXXXXXXXX0XXXXXXXXXXXXXXXXXXXXXXXXX0XXXX0XXXXXXXXXXXXXXXXXXXXX0XXXXXXXXXXXXXXXXXXXXXXXXXXXXXXXXXX1XXX


Generation 58/75  F=U(0.385126691893, 1.0)  N_hist=13920
------------------------------------------------------------------------------------------------------------------------
X100XX00+XXX0X0XXXXXXXXX0XXXXXXXX0XXXXXXX00XXXXXXXXXXXXXXXXXX0XXXXXXXXXXXXXX1XXXXXXXXXXXX0XXXXX0XXXXXXXXXXXXXXXXXXXXXXXX
XXXXXXXX0XXXXXXX0XXXXX0X0XXX00XXXXXXXXXXXXXXXXXXXXX0XXXXXXXXXXXXXXX0XXXXXXXXXX0XXX0XXXXXXXXXXXXXXXXXXXXXXXXXXXXXXXXXXXXX
X


Generation 59/75  F=U(0.426717460119, 1.0)  N_hist=14160
------------------------------------------------------------------------------------------------------------------------
00X0XXX10XXXXXXXXXXXXXXXXXXXXXXXXXXXXXXXXXXXXXX0XXXXXXXXXXXXXXXXXXXXXXXXXX10XX1XXXXXXXXXXXXXXXXXXXX0XXXX1XXXXXXXXXXX0XXX
XXXXXXXXXXXXXXXXXXXXXXXXXXXXXXXXXXXXXXXXXXXX0XX0XXXXXXXXXXXXXXXXX0XXXXXXXXXXXXXXXXXXXXX0XXXXXXXXXXXXXXXXXXXXXXXXXXXXXXXX


Generation 60/75  F=U(0.472799716569, 1.0)  N_hist=14400
------------------------------------------------------------------------------------------------------------------------
0X01XXXXX000X1XXXXXXXXXXXXXXX00XXXXXXXXX0XXXXXXXXXXXXXXX0XXXXXXXXXXXXXXXXXXXXXXXXXXXXXXXXXXXXXXX00XXXXXXXXXXXXXXXXXXXXXX
XXXXX0X0XXXXXXXXX1XXX1X0XX1XXXXXXXX0X0X0XXXXXXXXXXXXXXXXXXXXXXXXXXXXXX0XXXXXXXXXXXXXXXXXX0XXXXXXXXXXXXXXXXXXXXXXXXXXXXXX


Generation 61/75  F=U(0.5, 1.0)  N_hist=14640
------------------------------------------------------------------------------------------------------------------------
XXXX00XXXXXXXXXXXXXXXXXXXXXXXXXXXXXXX0XXXXXXXXXXXXXXXXXXXXXXXXXXXXXXXXXXXXXXXXXXXXXXXXXXXXXXXXXXXXX0XXXXXXXXXXXXXXXXXXXX
XXXXXXXXXXXXXXXXXXXXXXXXXXXXXXXXXXXXXXXXXXXXXXXXXXXXXXXXXXXXXXXXXXXXX1XX0XXXXXXXXXXXXXXXXXXXXXXXXXXXXXXXXXXXXXXXXXXXXXXX


Generation 62/75  F=U(0.445, 1.0)  N_hist=14880
------------------------------------------------------------------------------------------------------------------------
0XX00XXXXXX0X0XXXXXXX00XXXXXXXXXXXXXXXXXXXXXXXX0XXXXXXXXXXXXXXXXXXXXXXXXX0XX0X0X0XXXXXXXXXXXXXXXXXXXXXXXXXXXXXXXXXXXX00X
XXXXXXXXX0XXX0XXX0XXXXX0XXXX0X0XXXX0XXXXXXXXXXXXXXXXXXXXXXXXXXXXXXXXXXXXXXXXXXXXXXXXXXXXXXXXXXXXXXXX0XXXXXXXXXXXXXXXXXXX


Generation 63/75  F=U(0.39605, 1.0)  N_hist=15120
------------------------------------------------------------------------------------------------------------------------
0XXXXXXXXX0XXXXXXXXXXXXXXXXXXXXXXXXXXX1XXXXXXXXXXXXX0XX0X0XXXXXXXXXXX0XXXXXXXXXX1XXXXXXXXXXXXXXXXXXXXX0XXXXXX0XXXXX0XXXX
XXXXXXXXXXXXXXXXXXXXXXXXXXXXXXXXXXXXXXX0+XXXXXX0XXXXXXXXX10XXXXXXXXXXXXXXXXXXXXXXX0XXXXXXX0XXXXXXXX0XXXXXXXX0XXXXXXXXXXX
X


Generation 64/75  F=U(0.438820402838, 1.0)  N_hist=15360
------------------------------------------------------------------------------------------------------------------------
0X0XXXX0XXXXXX0XXXXXXXXXXXXXXXXXXXXXXXXXXXXXXXXXXXXXXXXXXXXXX0XXXXXXX0XXXXXXXX1XXXXXXXXXXXXXXXXXXXXXXXXXX0X0XXX0XXXXX0XX
XXXXXXXXXXXX0XX0XX0XXXXXXXXXXXXXXXXXXXXXXXXXXXX0XXXXXXXXXXXXXXXXXXXXX0XXXX0XXXXXXXXXXXXXXXXXXXXXXXXXXXXXXXXXXXXXXXXXXXXX


Generation 65/75  F=U(0.390550158526, 1.0)  N_hist=15600
------------------------------------------------------------------------------------------------------------------------
X00XX0XXXXXXXXXXXXXXXXXXX00XXXXXXXXXXXXX0XXXXXXXXX0XXX0XXXXXXX0X0+XXXXXXXXXXX0XXXXXXXXXXXXXXXXX0XXXXXXXXXXXXXXXXXXXXXXX0
XXXXXXXXXXXXXXXXXX0XXXXXX0XXXXXXXXXXXX0X0XXX0XXXXXXXXXXX00XXXXXX0XXXXXXXXXXXXXXXXXXXXXXXXXXXXXXXXXXXXX10XXXXXXXXXXXXXXXX
0


Generation 66/75  F=U(0.432726620105, 1.0)  N_hist=15839
------------------------------------------------------------------------------------------------------------------------
0XXX0XXXXXXXXXXXXXX00XX0XXXXXX0XXXXXXXXXXXX1XXXXXXXX0XXXXXXXXXXXXXXXXXX0XXXXXXXXXXXXXXXXXXXXXXXXXXXXXX0XXXXXXXXXX00XXXXX
XXXXX0XXX0XXXXXXXXXXXXXXXX0XXXXXX0XXXXXXXXXXXXXXXXXXX0X000XXXXXXXXXXXXXX0XXXXXXXXXXXXXXXXXXXXXXXXXXXXXXX0XXXXXXXXXXXXXXX


Generation 67/75  F=U(0.385126691893, 1.0)  N_hist=16080
------------------------------------------------------------------------------------------------------------------------
00XXXXXXXXX0XXXXXXXXXX0XXXX0XX0XXXXXXXXXXXXXXX0XXXXXXXXXXXX0X0XXXXXX0XXX0XXXXXXXXXXXXXXXXX00XXXXX0XXXX00XXXXXXXXXX0XXXXX
XXXXXXXXXXXXXXXXX0XXXXXXXXXXXXXXX0XXXX0X0X0XX0XXXXXXXXXXXXXXXXXXXXX0XXXXXXXXXXX0XXXXXXXXXXXXXXXXXXXXXXXXXXXXXXXXXXXXXXXX


Generation 68/75  F=U(0.342762755785, 1.0)  N_hist=16320
------------------------------------------------------------------------------------------------------------------------
XXX0X0X0XXXXXXXXXXXXXXXXXXXXXXXXXXXXXXXXXXXXXXXXXX00XXXXXXXXXXXXXXXXXXXXXXXXXXXXXXXXXX0XXX0XXXXXXXXXXXXXXXXX0XXXXXXXXXXX
XXXXXXXXXXXXXXXXXXXXX0XXXXXXXXX0XXXXXXXXXXXXXXXXX0XXXXXXXXXXXXXXXXXXXXXX00XXX0XXXXX0XX0XXXXXXXXXXXXXXXXXXXXXXXXXXXXXXXXX


Generation 69/75  F=U(0.305058852649, 1.0)  N_hist=16560
------------------------------------------------------------------------------------------------------------------------
0000XX0X0XX00XXX0XXXX0X0XXXXXXXXXXXXXXXXXX0XXXXXXXXXXXXXXXX0XXX00XXXXXXXXXXXXX0XXXXXXXXX0XX0XXXXXXXXXXXXXXXXXXXXXXXXXXXX
XXXXX0X0XXXXXXXXXXXXXXXXXXXX0XXXXXXXX0XXXXXXXXXXXXXXXXX0XXXXX0XXXXXXX0XXXXXXXX0XXXXXXXXXXX0XXXXXXX0XXXXXXXXXXXXX0XXXXXXX


Generation 70/75  F=U(0.271502378857, 1.0)  N_hist=16800
------------------------------------------------------------------------------------------------------------------------
000X00XX0XXXXXXXXXXXXXXXXXXXXXXXXXXXXXXXXXXXX00XXXXXX0XXXXXX0XXXXXXX0XXXXXXXXX00XX0XX0XXXXXX0XXX0XXXXXXXXXX0X0XXXXXX0XXX
XXXXXXXXXXXXXXXXXXXXXXX0XXXXXXXXXXXXXX0XXXXXXXXXXX0XXXXXX0XX0XX0XXXXXXXXXXXXXXXXXXXXXXXX000XXXXXXXXXX0XXXXXXXXXXXXXXXXX0


Generation 71/75  F=U(0.300822581143, 1.0)  N_hist=17039
------------------------------------------------------------------------------------------------------------------------
00XXX0XX00XX000X0XXXXXXXXXXXXXXXXXXXXXXXXXXXXXXXXXXXXXXX0XXXX0XXXXXXXXXXXXXXXX0XXX0XXXXXXXXXXXXXXX0XXXXXXXXXXXXXXXXXXXXX
XXXX0XXXXXXXXXXXXXXXX0XXXXXXXXXXXXXXX00XX00XXXXXXXXXXXXXXXXXXXXXXXXXXXXXXXXXX0XX0XXXXXXXXXXXXXXXXXXXXXXXXXXXXXXXXXXXXXXX


Generation 72/75  F=U(0.33330914339, 1.0)  N_hist=17280
------------------------------------------------------------------------------------------------------------------------
XXXXXXXXXXXXXXXXXXXXXXXXXXXXXXXXXXXXXXXXXXXXXXXXXX0XXXXXXXXXXXXXX0XXX0XXXX0XXXXXXXXXXXXXXXX0XXXXXXXXXXXXXXXXXXXXXXXXXXX0
XXXXXXXXXXXXXXXXXXXXXXXXXXXXXXXXXXXXXXXXXX0XXXXXXXXX00XXXXXXXXXXXXXXXXXXXXXXXXX0X0XXXXXXXXXXXXXXXXX0XXXXXXXXXXXXXXXXXXXX


Generation 73/75  F=U(0.296645137617, 1.0)  N_hist=17520
------------------------------------------------------------------------------------------------------------------------
0XXX00X000XXXXXXX0XXXXXXXX0XXXXXXXXXXXXX0XXXXXX0XXXXXXXXX0XXXXX0XXXXXXXXXXXXXXX000XXXX0XXXXXXXXX0XXXXXXXXXXXXXXXXXXXXXXX
X0XXXXXXXXXXXXXXXXXXXXXXXX0XXXX00XX0XX0XXXXXXXXXXX0XX0X0XXXXXXXXXXXXXXXXX0XX0XXXXXXXXXXXXXXXXXXXXXX0XXXXXXXXXXXXXXXXXXXX


Generation 74/75  F=U(0.328680567578, 1.0)  N_hist=17760
------------------------------------------------------------------------------------------------------------------------
X00XX0X0XXXXXXXXXXXXXX0XXXXXXXXXXXXXXXXXXXXXXXXXXXXXXXXXXXXXXXXXXX0XXXXXXXXXXXXXXX0XXXXXXXXXXXXXX0XXX0XX0XXXXX0XXXXXXXXX
XXXXXXXXXX0XXXXXX00XXXXXXXXXX0XXX0XXXXXXXXXXXXX0X0XXXXXXXXXXXXXXXXXXX0XXXXXXXXXX0XXXX0XXXXXXXXXXXXXXXXXXXXXXXXXXXXXXXXXX


Generation 75/75  F=U(0.292525705144, 1.0)  N_hist=18000
------------------------------------------------------------------------------------------------------------------------
XXXXXX0XXXXX0XXXXXXXXXXX0XXXX00XXXXXXXXXX0XXXXXXXXX0XXXXXXXXXXXXXXXXXXXXXXXXXXXXXXXXXXXXXXXXXXXXXXXXXXXXXX0XX0XXXXXXXXXX
XXXXXXXXXXXXXXXXXXXXXXXXX0XXXX0XXX0X0XXXXXXXXXXXXXXXXXXX0XXXXXXXXXXXXXXXXXXXXXXXXXXXXXXXX0XXXXXXXXXXXXXXXXXXXXXXXXXXXXXX


Maximum number of iterations reached.

SSE=16.388 on eval 18240: L=3.10291e+08 b=10.8623 r=0.415061 rf=0.888249 t0=62.7287 th=13.3479


Shutting down DE...
DE shutdown complete.

Final population:
Population: 240 individuals with SSE 16.388 to 16.798, avg eval time 0.0382 sec. Top 7:

        SSE |     16.388       16.396         16.4       16.401       16.406       16.411       16.415  
------------------------------------------------------------------------------------------------------------------------
          L | 3.1029e+08   1.7338e+07*  2.2965e+08   2.6975e+08   1.5851e+08   3.0385e+08   8.2918e+07  
          b |     10.862       11.632       2.0699*      7.2406       1.1218*       10.76       26.094  
          r |    0.41506      0.44324      0.45093      0.42558      0.40999        0.424      0.42508  
         rf |    0.88825      0.89531       0.9028      0.89872      0.88799       0.8998      0.89682  
         t0 |     62.729       61.914       61.765       62.475        62.85        62.52       62.424  
         th |     13.348       14.018       14.123       13.964       13.354       13.989       13.857  
------------------------------------------------------------------------------------------------------------------------
Best individual:
<SSE=16.3879 L=3.10291e+08 b=10.8623 r=0.415061 rf=0.888249 t0=62.7287 th=13.3479>


Elapsed time: 223.50 seconds

Saved final population of best parameter combinations to covid19.dat
Shutting down...
Task Queue is shut down
Goodbye
