Decompressing and parsing covid19.csv.bz2...
Cumulative and new cases reported thus far for US
------------------------------------------------------------------------------------------------------------------------
000	01/22	1	0
001	01/23	1	0
002	01/24	2	1
003	01/25	2	0
004	01/26	5	3
005	01/27	5	0
006	01/28	5	0
007	01/29	5	0
008	01/30	5	0
009	01/31	7	2
010	02/01	8	1
011	02/02	8	0
012	02/03	11	3
013	02/04	11	0
014	02/05	11	0
015	02/06	11	0
016	02/07	11	0
017	02/08	11	0
018	02/09	11	0
019	02/10	11	0
020	02/11	12	1
021	02/12	12	0
022	02/13	13	1
023	02/14	13	0
024	02/15	13	0
025	02/16	13	0
026	02/17	13	0
027	02/18	13	0
028	02/19	13	0
029	02/20	13	0
030	02/21	15	2
031	02/22	15	0
032	02/23	15	0
033	02/24	51	36
034	02/25	51	0
035	02/26	57	6
036	02/27	58	1
037	02/28	60	2
038	02/29	68	8
039	03/01	74	6
040	03/02	98	24
041	03/03	118	20
042	03/04	149	31
043	03/05	217	68
044	03/06	262	45
045	03/07	402	140
046	03/08	518	116
047	03/09	583	65
048	03/10	959	376
049	03/11	1281	322
050	03/12	1663	382
051	03/13	2179	516
052	03/14	2727	548
053	03/15	3499	772
054	03/16	4632	1133
055	03/17	6421	1789
056	03/18	7783	1362
057	03/19	13677	5894
058	03/20	19100	5423
059	03/21	25489	6389
060	03/22	33276	7787
061	03/23	43847	10571
062	03/24	53740	9893
063	03/25	65778	12038
064	03/26	83836	18058
065	03/27	101657	17821
066	03/28	121478	19821
067	03/29	140886	19408
068	03/30	161807	20921
069	03/31	188172	26365

Initializing 180 population members having 6 parameters
------------------------------------------------------------------------------------------------------------------------

SSE=12.796 on eval 1: b=35.9746 r=0.115688 rc=8.31514e-07 rf=0.702226 t0=63.185 th=2.10362

*2113111111211204121111!211221132122211112221111122111210111120121!22111231131120221211111121111111210111211111211221211
211311111121121111112222121222112212313212311223211133

SSE=12.536 on eval 175: b=3.4569 r=0.117959 rc=3.37851e-07 rf=1.01898 t0=62.4978 th=3.61209

!21112

Population: 180 individuals with SSE 12.536 to 47.276, avg eval time 0.583 sec. Top 7:

        SSE |     12.536       12.604       12.629       12.646       12.745       12.754        12.79  
------------------------------------------------------------------------------------------------------------------------
          b |     3.4569       48.379**     24.463       25.506       17.048       45.285        15.06  
          r |    0.11796      0.13045      0.11183      0.11789      0.11665       0.1271      0.12694  
         rc | 3.3785e-07   1.0839e-06   2.8375e-07   7.5965e-07   1.0569e-06   5.3137e-07    7.329e-07  
         rf |      1.019      0.81293      0.97191      0.73959      0.95681      0.86404      0.91605  
         t0 |     62.498       61.551       63.557       63.105       63.412       62.004       61.762  
         th |     3.6121       3.0576       2.9373       2.3256       3.8042       2.5675       3.6577  
------------------------------------------------------------------------------------------------------------------------
Best individual:
<SSE=12.5358 b=3.4569 r=0.117959 rc=3.37851e-07 rf=1.01898 t0=62.4978 th=3.61209>


Population: 180 individuals with SSE 12.536 to 47.276, avg eval time 0.583 sec. Top 7:

        SSE |     12.536       12.604       12.629       12.646       12.745       12.754        12.79  
------------------------------------------------------------------------------------------------------------------------
          b |     3.4569       48.379**     24.463       25.506       17.048       45.285        15.06  
          r |    0.11796      0.13045      0.11183      0.11789      0.11665       0.1271      0.12694  
         rc | 3.3785e-07   1.0839e-06   2.8375e-07   7.5965e-07   1.0569e-06   5.3137e-07    7.329e-07  
         rf |      1.019      0.81293      0.97191      0.73959      0.95681      0.86404      0.91605  
         t0 |     62.498       61.551       63.557       63.105       63.412       62.004       61.762  
         th |     3.6121       3.0576       2.9373       2.3256       3.8042       2.5675       3.6577  
------------------------------------------------------------------------------------------------------------------------
Best individual:
<SSE=12.5358 b=3.4569 r=0.117959 rc=3.37851e-07 rf=1.01898 t0=62.4978 th=3.61209>

Performing DE with CR=0.8, F=U(0.5, 1.0), DE/rand-1.00/1/bin
------------------------------------------------------------------------------------------------------------------------
Press the 'Enter' key to abort.



Generation 1/200  F=U(0.5, 1.0)  N_hist=180
------------------------------------------------------------------------------------------------------------------------
X21X3XXXXX13X121XXX1110X1X1X11X1X1X2132XXXX1112XXXXX1XXXXXX1XX2X111XXX1X11XX1XXX11X012XX10XXX11X112X1XXX1X1X2XX1111X11XX
2XX1X11222X1X123XX11XX12XX1X1X21XX11211X211211X2X2X03X12X1XX


Generation 2/200  F=U(0.5, 1.0)  N_hist=360
------------------------------------------------------------------------------------------------------------------------
XXX1+XXXX111XXXX11X111XXX1X1010XX1X1X1XXXX1X1X1XXXXXXX1XX11XXX1XX02XX211X1X11XXXXXXX1XX2XX1X01XX1XXXX111XX0XXXXXXXX101+1
12XX1X1X1XXXX111XXX11XX11111X1XXXXXXX111X1X11X11X1XX2XXXX12X11


Generation 3/200  F=U(0.5, 1.0)  N_hist=540
------------------------------------------------------------------------------------------------------------------------
00XXX1X01111X1XX101XX1XXXXXXX1X1X2XX1XXX11111110XXXXXX1X11X1+XXXXX1X011001111111XX1XXXX1X1XXX11XXXXXXXX1X10XXX1XXX10XXX1
XX1X1X0XXX1XXX10X111X01X01XX11X11XXX0110XXX1X0XX10X12XXXXXXXX


Generation 4/200  F=U(0.5, 1.0)  N_hist=720
------------------------------------------------------------------------------------------------------------------------
XXXX1XXX11XXXXX1XX11X0XXX0X01X10XXXXX1XXXXXXXXX111X01XX1XX11XXX0XXXX0XX0X11XXXXXXXXXX1XX1XXXXXXX11XX1XX11XXXXXXXXX0XXXXX
111X110XXX1XX1XXX10X0XX01XXXX1XX0110XXXXXXXX111X0XX111XX1XXX


Generation 5/200  F=U(0.5, 1.0)  N_hist=900
------------------------------------------------------------------------------------------------------------------------
XXXXX1XXXXXXXXX1XX1XXX1XX1X01X1XX0XXXXX0X10111XX01XX10XXXX1XXX1XX1X00XXXXXXXXXXXXXXXX1XX0X1XXX1X1XX1XXXXX1XX1XXXX0XXXX11
XXXXXXXX1XX1XXXXXXXX1XXX0X01X0X01XX0XXX1XXXXXXXXXX1XXXXXXX1X


Generation 6/200  F=U(0.5, 1.0)  N_hist=1080
------------------------------------------------------------------------------------------------------------------------
XXXXXXX0XXX1XX0XXXXXXX1X10XX0XX0XXX1100XXXX11X1101XXX1XX0XXXXXX1XXXXXXXX1XXXXXXXX0XX1XXXXXXXX1XXXXXXX1XXX1X1XX1X0XXX1X1X
XXX1XXX1XXXX1XXXXXXXXXXXXXXXX1XX1XXXXX0XXXXX1XXXX1011XXXXXX1


Generation 7/200  F=U(0.5, 1.0)  N_hist=1260
------------------------------------------------------------------------------------------------------------------------
X0XXXXXXXXXX0XXXXXXXXX0XX01+X0XXXXX0XXX1XX1XXXXXX0XXXXXXX1XXXXXXX1X0XXX1XXXX10XX0XX1X0XX0X0X0X0XXX1XXX1XXX0XXXX1XXX0XXX0
X0XXXX1X1XX0XXXXXX0X1XXXXXXXXXX000X1X0X1XXXXXXXXXXXX1XXXXXXXX


Generation 8/200  F=U(0.5, 1.0)  N_hist=1440
------------------------------------------------------------------------------------------------------------------------
XXXXXXX0XXXXXX00XX0XXXXXXX1X0X1XXXXX0XXX00XX1XXXXXXXX0X0XXXX01+1XXX1XXXXXXXXXXXXXXX0XX01X101101XX1XXXXXX1XX1XXXXXXXXX0XX
XX0X1XXXX0XXXXX0XXXXXXXXXXXX0XXX0XX00XXXXXXXXXXXXXXXXXXXXXXXX


Generation 9/200  F=U(0.5, 1.0)  N_hist=1620
------------------------------------------------------------------------------------------------------------------------
1X011XXXXXXX0XX0XXXXXXXXXXXXXXXX0XXXXXX0XXXXXXX0XXXXXXXXXXXXXXXXXXXXXXX0XXXXXXXXX0XXXXX11X00+0XXXXXXX0XXXXXXXXXXX1XXX1X0
X1XXXXXXXXXXXXXXXXX100XXXXXXXXXXXXXXXXXX0XX0XXXXX0XXXXXXXXXXX


Generation 10/200  F=U(0.5, 1.0)  N_hist=1800
------------------------------------------------------------------------------------------------------------------------
1X1XXXX1X1XXXX0XX0XXXXXXXXX00XXXXXXX0XXXXXXXXXXXXXXX0XXXX1XX11XXXX1XXXXX0X0XXXXXXXXXXXX111XX1XXXXXXXXX1X1X1XXXXXXXXXXXXX
XXXXXXXXX1XXXXXX1XX1XX11XXX100XXXXXXXXXXX1XXXXXXXXXXXXXXXXXX


Generation 11/200  F=U(0.5, 1.0)  N_hist=1980
------------------------------------------------------------------------------------------------------------------------
X0100XXXXXXXXXXXXXXXX1XXXXXX0XXXXXXXXXXXXX0XXXXXXXXXXXX1X0XXXXXXXXXXXXXX1XXXXXX0XX0XXXXXXXX0XXXXXXXXX00XXXXXXXXXXXXXXXXX
XXXXXXXXX00XXXXXXXXXX0XXXXXXXXXXXXXXXXXXX011XX0XXXXXXXXXXXXX


Generation 12/200  F=U(0.5, 1.0)  N_hist=2160
------------------------------------------------------------------------------------------------------------------------
01XX001XXXXXXXXXXXXXXXXXXXXXX0XXXXXXXXXXXXXXXXXXXXXXXXXXX000X0XXXXXXXXXXXXXX0XXXXXXXXXXXX0000XXXX00XXXXXXXXXXXXXXXXXXXXX
XXXX1XXXX0X00XXXXXXXXXXXXXXXXXXXX1X00XXXXXXXXXXXXXXXXXXXXXXX


Generation 13/200  F=U(0.5, 1.0)  N_hist=2340
------------------------------------------------------------------------------------------------------------------------
0X00X10XXXXXXXXXXXXXX1XXXXXXXXXXXXXXXX1XXXXXX0XXXXXXXXXXXX0XX0XXXXXXXXXXXX0XXXXXXXXXXXXXX0XXXX1X0XXXXX0XXXXXX10XXX01XXXX
XXXX0XXXXX0XXXXXXXXXXX0X010+XXX1XXXXXXXXXXXX0XXXXXXXXXX0XXXXX


Generation 14/200  F=U(0.5, 1.0)  N_hist=2519
------------------------------------------------------------------------------------------------------------------------
XX0XXX0XXX0XXXXXXXXXXXXX1XXXXXXXXXXXXXXXXXXXXXXXXXXXX0X0XXX0XXXXXXXXXXXXXX0X0XXXX0XXXXXXXXXXXXXXXXXXXXXXXXXXX0XXXX0XXXXX
XXX000XX0XXXXXX0XXXXXXXXXXXXXXXXXXXXX0XXXXXXXXXXXX0XXXXXXX0X


Generation 15/200  F=U(0.5, 1.0)  N_hist=2700
------------------------------------------------------------------------------------------------------------------------
00XX0XX0XXXXXXXXXXXXX0XXXXXXXX00XXXXXXXXXXXX0XX0XXXXXX0XXXXXXXXXX00XXXXXXXXXXXXXXXXXXXXXXX0XXXXXXXXXX0XXXX0XXXXXXXXXXXXX
X0XXXXXXX0XXXXXXXXXX01XXXX10XX1X0XXXXXXXXXXXXXXXXXXXXXXX0XXX


Generation 16/200  F=U(0.5, 1.0)  N_hist=2879
------------------------------------------------------------------------------------------------------------------------
1000X0000X0XXXXXXXXXXXXXXX0X00XXXXXXXXXXXXXXXXXX0X0XXXXXXXXXXXXXXXXXXXXXXXXXXXXXX0XXXXXXXX0XXX0XXXX0XXXXXXXXX0XXXX0XXXXX
XXXXXX0XXX0XX0XXXXXXXXXXXXXXXXX100XXXXX0XXXXXXX0X0XXXXXX0XXX


Generation 17/200  F=U(0.5, 1.0)  N_hist=3059
------------------------------------------------------------------------------------------------------------------------
0X00XXXXX0X0XX0XXXXXXXXXXXXXX0XXXXXXXXXXXXXXXXXXXXXXX0XX0XXXXXX0XXXXX0XXXXXX0XXXXX0XXXXXXXXX0XXXXXXXXXXXXXXX0X0XXXXXXXXX
XXXXXXXXXXXXXXX0XX0X0XXXXXXXX0XXXXXXXXXXXXXXXXXXXXXXXXXXXXXX


Generation 18/200  F=U(0.5, 1.0)  N_hist=3240
------------------------------------------------------------------------------------------------------------------------
0XX00XX0XXXXX0XXXXXXXXXXXXXXXXXXXXXX0XXXXX0XXXXXXXXXXXXXXXXXXXXXXXXXX0XXXXXXXXXXXXXXXXXXXXXXXX000XXXXXXXXXXXXX00XX0XXX0X
0XXXXX0XXXXXXXXX0XXXXX0XXXXXX0XXXX10XXXXX0XXXX0X0XXXXXXXXXXX


Generation 19/200  F=U(0.5, 1.0)  N_hist=3420
------------------------------------------------------------------------------------------------------------------------
XXX00X00X00XXXXXXXXXXXXX0X0XXXXXXX0XXXX0XXXXXXXXXXXXXXXX0XXXXXXXX0XXX00X0XXXX0X0XXXXXX0XXX0XXXXXXX0XXXXXXXXXXXXXXX0X0XXX
XXXXXXXXXXXXXXXXXXXXX00XXXX0XXX0XXXXXXXXXXXX0XXXXXXXXXXXXXXX


Generation 20/200  F=U(0.5, 1.0)  N_hist=3600
------------------------------------------------------------------------------------------------------------------------
0X000X00XX0XXXX0XXXXXXXXXXXXXXX0XXXXXXX0XXXXXXXXXX0XXXXXXXXXXXXX0XXXX00X00XXX0XXX0X00XXXXXXXXXXXXXXXXXXX0XXXXXXXXXXXXX00
XXXXXXXXXXXX0XXX0XX00XXXXXXXXXXXXXXXXXXXXXXXXXXXXXXXXXXXXXXX


Generation 21/200  F=U(0.5, 1.0)  N_hist=3780
------------------------------------------------------------------------------------------------------------------------
1X0X00XXXXXXXXXX0X0XX00XXXXX0XXXXXXXXXXXXXXXXXX00XXX0XXXXXX0XXXX0XXX00XXXXXXXXXXXXXXXXXXXXXXXX0XXXXXX0XX0XXXXXXX0X0X1XXX
XXXXXXXXXX00XXXXXXXX0XX0XXXXXXXXXXXXXXXX0XX0XXXXXXXXXXXXXXXX


Generation 22/200  F=U(0.5, 1.0)  N_hist=3960
------------------------------------------------------------------------------------------------------------------------
000XXXXXXXXXXXXXXXXXXXXXXXX0X0XXXXX000XX0XXXXXXXXXX00XXXXXXXXXXXXXX0XXXX0XXXXXXXXXXXXXX0XXXXXX0XXXXXXX0XXX0XXXXXX0XXXXXX
XXXXXXXXXXXXXXXXXXXXXXXX0XXXXXXX0XXXXX0XXXXXXXXXXXXXXX0XXXXX


Generation 23/200  F=U(0.5, 1.0)  N_hist=4139
------------------------------------------------------------------------------------------------------------------------
000X00XXXX0X0X0XXXXXXXXXXXXXXXXXXXXXXXX0XXXX0XXXXXXXXX0XXXXXXXXXXXXXXXXXXXXXXXXXXX000XXXXXXX00XXXXX0XXXXXXXXX0XXX0XX0XXX
XXXX0X0XXXXXXXXX0XXXXXXXXXXXXXXXX0XXXXXXXXXXXXXXXXXXXXXXXXXX


Generation 24/200  F=U(0.5, 1.0)  N_hist=4320
------------------------------------------------------------------------------------------------------------------------
00X00XXXXXXXXXXX00XXXXXXXXX0X0XXXXXX0XXXXXXXXXXXXXXXXXX0XXXXXXXXXXXXXX0XXXXXXX0XX0XXXXXXXXX0XXXXXXX00XXXXXXXXXXXXX0XXXXX
XXXXXXXXXXXXXXX0XXX0X0XXXXXXXXXXXX0XXXXXXXXXXXXXXXXXXXXXX0XX


Generation 25/200  F=U(0.5, 1.0)  N_hist=4500
------------------------------------------------------------------------------------------------------------------------
0X0X00XXXXXXXXXXXX0XXXXXXXXXXXXXXXXXXXXXXXXX0X1XXXX0XXXXXXXXX0XXXXXXXXX0XXXXXXXXXXXXXXXXXXXXXXXXXXXXXX0XXXXXX0XXXXXXX000
XXXXX0XXXXXXXXXX0XXXXXXXXXXXXXXXX0XXXX0XXXXXXXXXXXXXX0XXXXXX


Generation 26/200  F=U(0.445, 1.0)  N_hist=4680
------------------------------------------------------------------------------------------------------------------------
000XX0XXXXXXXXX0X0XXXXXXXXXXXXXXXXX0XXX0XXXXXXXXXXXXXXXX0XXXX0XXXXXXXXXXX0XXXXXXXX00XX0XXX0XXXXX0+0XXX00XXXXXXXXXXXX0XXX
XXXXXXXXX0X0XXXXXXXXXXXXXXXXXXXXXXXX0XXXXXX0XXXXXXXXXXXX0XXXX


Generation 27/200  F=U(0.493056632402, 1.0)  N_hist=4860
------------------------------------------------------------------------------------------------------------------------
X00XXXXXXXXXX00XXXXXXX0XXXXXXXXXXXXXXXXX0XXXXXXXX0XXXXXXXXX0XXXXXXXXX0XXXXXXXXX0XXX0XXXXXXXX0XXXXXXXXXXXX0XXXXXXXXXXXXXX
XXXX0XXXXXXXXXXXXXXXXXXXXXXXXXX0XXXXXXXXXXXXXXXXXXXXXXXXXX0X


Generation 28/200  F=U(0.438820402838, 1.0)  N_hist=5039
------------------------------------------------------------------------------------------------------------------------
XX0XXXXXXX0XXXXXXXXXXXXXXXXXXXXXXXXXXXXXXXXXXXX0X00XXXX0XXXXXXXXXXXXXXXXXXXXXXXXXXXXXXX0XXXXXX0XXXXXXXXXXXXX0X00XXXXXXXX
0+XXXX0XXXXXXXXXXXXXXXXXXXXXXXXXXXXXXXXX0XXXXX0XXXXXX0XXXXXXX


Generation 29/200  F=U(0.486209685511, 1.0)  N_hist=5219
------------------------------------------------------------------------------------------------------------------------
010XXXXX0XXXXXXXXXXXXXXXXXXXXXXXXXXXXXXXXXXXX0XXXXXXXX0XXXXXXX0XX0XXXXXXXXXXXXXXXXXXXXXXXXXXXXXXXXX0XXXXXXXXXXXX0XX0XXX0
XXX0XXXXXXXXXXXXXXXXXXXXXXXXXX0XXX0XX0XXXXXXXXXXXXXXXXXXXX0X


Generation 30/200  F=U(0.5, 1.0)  N_hist=5399
------------------------------------------------------------------------------------------------------------------------
00X00XXXXXXXXXXXXXXXXXXXXX0XX0XXXXXXXXXXXXXXXXXXXXXXXXXXXXXXXXXX0X00XXXXXXXXXXXX0XXXXXXXXX0XXXXXXXXX0XXX0XXXXX00XXXXXXXX
0XXXXXXXXXX00X0XXXXXXX0X0XXXXXXXXX0XXXXXXXXXX0XXXXXXXXXXXXXX


Generation 31/200  F=U(0.5, 1.0)  N_hist=5580
------------------------------------------------------------------------------------------------------------------------
00X0XXXXXXXXXXXXXXXXXXXXXXXXXXXXXXXXXXXXXXXX0XXXX0XXXXXXXXXXX0XXXXXXXXXX0XXX0XXXXXXXXX0XXXXXXXXXXXXXX0XXXXXXXXXXXXXXXXXX
XXXXXXXXXXXXXXX0XXXXXXXXXXXXX0XXXXXXXXXXXX00X0XXXXXXXXXXXXXX


Generation 32/200  F=U(0.445, 1.0)  N_hist=5760
------------------------------------------------------------------------------------------------------------------------
00000X0XX0X0XXXXXXXXXXXXXXXXXXXXXX00X0XXXXXXXXX0XXX0XXX0XX0X0XXXXXXXXXXXXXXXXXXXXX0XXXXXXXX0XXXXX0XXXXXXXXXXXXX000XXXXXX
XXXXXXX00XXXXX0XXXXX0XXXXX0XXX0XXXXX0XXXXXXXXXXXXXXXXXXXXXXX


Generation 33/200  F=U(0.493056632402, 1.0)  N_hist=5940
------------------------------------------------------------------------------------------------------------------------
0X0XXXXXXXXXXXXXXXXXXXXXXX0XX0XXXXXXXXXXXXXXXXXXXX0XX0XXXX0XXXXXXXXXXXXXXXXXXXXXXXXX00X0XXXXXXXXXXXXXXX0000XXXXXXXXXXXXX
XXXXXXXXX0XXXXX0XXXXXXXXXXXXXXXXXXXXXXXXXXXXXXXXXXXXXXXXXXX0


Generation 34/200  F=U(0.438820402838, 1.0)  N_hist=6119
------------------------------------------------------------------------------------------------------------------------
000XXXXX0XXXXXXX0X00XXXXXXXXXX0XXXXXX0XXXXX00XXX00XXXXXXXXX0XXXXXXXXXXXXXX0X000XX0XXXXXXXXXXXXXXXXXXXXXXXXXXXXXXXXXXXXXX
XXXXXXXXXXXX0XXX0XXXXXXXXXXXXXXXXX0XXXXXXXXXXXXXXXXX0XXXXXXX


Generation 35/200  F=U(0.390550158526, 1.0)  N_hist=6300
------------------------------------------------------------------------------------------------------------------------
0X00XXXXXXX00XXXXXXXXXXXXXX0XXXXXXXXXXXXXXXXXX0X0XXXXXX0XX0X0XXX00XXXXXXXXXXXXXXXXXXXXXX0XXXXX0XXXXXX00X0XXXXXXXX0XXXXXX
XX0XXXXXXXXXXXXXXXXX0XXXX0X0X0XXXXXXXXXXXXXXXXXXXXXXXXXXXXXX


Generation 36/200  F=U(0.432726620105, 1.0)  N_hist=6480
------------------------------------------------------------------------------------------------------------------------
00X00XXX00X0XXXXXXXXXXXXX0XXXXXXXXXXXXXXXXXXXXXXXXXXXXX0XXXXXXXXXX00XXXXXXXXXX0X00XXXX0XXXXXXXXXXXXX0XXXXXXXXXXXXXXXX0XX
XXXX0X0X0X00XXXXXXXXXXXXXX0XXXXXXXXXXXXXXXXXXXXXXXXXXX00XXXX


Generation 37/200  F=U(0.479457820359, 1.0)  N_hist=6660
------------------------------------------------------------------------------------------------------------------------
XXXX0XXXXXXX0XXX0XXXXXXXXXXXXXXXX0XXXXXXXXXXXXXX00XX0X0XXXXXXXXXXXXXXX00XX0XXXXXXXX0XXXXXXXXXXXXXXX0XXXXXXXX0+XXXXXXXXXX
XX00XXXX0XXXXXXXXXXXXXX0+XXXXX0XXXXXXXXXXXXXX0XXXXXXXXXXXXXXXX


Generation 38/200  F=U(0.5, 1.0)  N_hist=6840
------------------------------------------------------------------------------------------------------------------------
00X0XXXXX0XXXXXXXXXX0XXXXXXXXXXXXXXXXXXXXXXXXXXXXXXXXXX0XXXXXXXXXXXXXXXXXXX0XXXXXXXXXXXXXXXXXXXXXXXXXXXXXXXXXXXXXXXXXXXX
XXXXXXXXX0XXX0X0XXXXXXXXXXXXXXXXXXXXXXXXXXXXXXXXXXXXXXXXXXXX


Generation 39/200  F=U(0.445, 1.0)  N_hist=7020
------------------------------------------------------------------------------------------------------------------------
00X000XXXXXXXXXXXXXXXXXXXXXX0XXXXXXXXXXXXXXXXXXXXXX0XXX0XXXXXXXXXXXXX0X00XXXXXXXXXXXXXXXXXXXX00X00XXXXXXXXXXXXXXX0X0X00X
XXXXXXXXXXX0XXXXXXXXXXXXXX0X0XXXX0XXXXXXXXXXXXXXXXXXXXXXXXXX


Generation 40/200  F=U(0.493056632402, 1.0)  N_hist=7200
------------------------------------------------------------------------------------------------------------------------
0X0XXXXXXXXXXXXXXXXXXXXXXXXXXXXXXXXXXXXXXXXXXXXXXXXXXXXXXXXXXXX0XX0000XXX0XXXXXXXXXXXXXXXX0XXXXXXXXXXXXXXXX0XXX0XXXXXXXX
X00XXXXXXXX0XXXXX0X00XXXXXXXXXXXXXXXX0XX0XXXXXXXXXXXX0XXXXXX


Generation 41/200  F=U(0.438820402838, 1.0)  N_hist=7380
------------------------------------------------------------------------------------------------------------------------
XX00X0X0XXXXXX0XXXXXXXXXX00XXXXXXX0XXX00XX0XXXXX0XXX0XXXXXXXXXXXXXXXXXXXX0XXXXXXXXXXXXXXXXXXXXXXXXXXXXXXXXX00XXXXXXX0X00
X0XXXXXXXXXXXXXXXXXXXXXXXXXXXXXXXXXXXX0X0X00XX0XXXXXXXXXXXXX


Generation 42/200  F=U(0.486209685511, 1.0)  N_hist=7559
------------------------------------------------------------------------------------------------------------------------
0XXXXX0XXXXXXXXXXXX0XXXXXXXXXXXXXXXXXXXX0XXXXXXX0X0XXXX0XXXXXXXXXX00XXXXXXXXXXXXXXX0XXXXXXXXXXXXXXXXXXXXXXX0XXXXXXXXXXXX
XXXXXXXXXXXXXXXXXXXXXXXXX00X0XXXXXXXX0XXXXXXXXXXXXXXXXXXXXXX


Generation 43/200  F=U(0.432726620105, 1.0)  N_hist=7740
------------------------------------------------------------------------------------------------------------------------
000XXXXX0XXXX0XXXXXXXXXXXXXXXXX00XXXXXX0XXXX0X0XXXXXXXXXXXXXXX0+000XX0XXXXXXXXXXXXXXXXXXXXXXX000XXXXXXXXX0XXXXXXXX00XXXX
0XXXXXX0XXXXXXXXXXXXXXXXXXX0XXXXXXXXXXXXXXXXXXXXXXXXXXXXXXXXX


Generation 44/200  F=U(0.479457820359, 1.0)  N_hist=7920
------------------------------------------------------------------------------------------------------------------------
00X0XXXXXXXXXXXXXXXXXXXXXXXXXXXXXXXXXXXXXXXXXXXXXXXXX0X0XX00XXXXXXXXXXXXXXX0X00XX0XXX0XXXX0X00XXXXXXXXXXXXXXXXXXXXXXXXXX
XX0XXXXXXXX0XXXXXXXXXXXXXXXXXXX0XXXXXXX0XXXXXXXXXXXXXXXXXXXX


Generation 45/200  F=U(0.426717460119, 1.0)  N_hist=8100
------------------------------------------------------------------------------------------------------------------------
0X0XXX0XXXX0XXXXXX0XX000XXXXXXXXXXXXXXX00XXXXXXXXXXXXXXXXXXX0XXXXXXXXXXXX0XXXXXXXXXXXXX0XXXXXXXXX0XX0XXXXXXXXXXXXX0XXXXX
XXXXX0XXXXXXXXXXXXXXXXXXXXXXXXXXXXXXXXXXXXXXXXXXXXXXXXXX0XXX


Generation 46/200  F=U(0.472799716569, 1.0)  N_hist=8280
------------------------------------------------------------------------------------------------------------------------
0X000XXXXXXXXX0XXXXXXXXXXXXXXXXXX0XXXXXX0XXXX00XX0XXXXXXXX0X000X00XXXXXXX0X0XXXXXX0XXXXXXXXXXXX0X00XXXXXXXXXXXXXXXXXXXXX
XXXX0XXXXXXXXXXXXXXXXXXXXXXXXXXXXXXXXXXXXX0XXXXXXXXXXXXXXXXX


Generation 47/200  F=U(0.5, 1.0)  N_hist=8460
------------------------------------------------------------------------------------------------------------------------
0X0XXXXXXXXXXXX0XXXXXXXXXXXXX0XXXXXXXXXXXXXXXXXXXXXXXXXXXXXX0XXXXX0XXX0XXXXXXXX0XXXX0XXXXXXXXXX0XXXXXXXXXXXXXXXXX0X0XXXX
XX0X0XXXXXXXXXXXX000XXXXXXXX0XX0X0XXXXXXXXXXXXXXXXXXXXXXXXXX


Generation 48/200  F=U(0.5, 1.0)  N_hist=8640
------------------------------------------------------------------------------------------------------------------------
00X0000X0XXXX0XX0XXXXXXXXXXXX0XXXXX0X0XX0XXXXXXXXXXXXXXXXXXXXXXXXXXXXXXXXXXXXXXXXXXXXXXXXX0+00X0XXXXXXXXXXX0XXXXXXXX0XXX
XXXXXXXXXX0XXXXXXXXXXXXXXXXXXXXXXXXXXXXX0XXXXXXXXXXXXXXXXXXXX


Generation 49/200  F=U(0.5, 1.0)  N_hist=8820
------------------------------------------------------------------------------------------------------------------------
X0XXX00XXXXXXXXXXX0XXXXXXXXXXXXXXXXX0XXXXXXXXXXXXXXXXXXXXXXXXXXX0XXXXXXXXXXXXXXXX00XXXXXXXXXXXXXXXXX0XX0XXXXXXXXXXXXXXXX
XXXXXX0XXXXXXXXXXXXXXXXXXXXXXXXXXXXXXXXXXXX0XXX0X0XXXXXXXXXX


Generation 50/200  F=U(0.445, 1.0)  N_hist=9000
------------------------------------------------------------------------------------------------------------------------
0X000XX0X00X00XXXXXXXXXXXXX0XXXXXXXXXXXXXXXXXXXXXXXXXXXXXXXXXXXXXXXXXXXXXXXXXXXXXXXXXXXXXXXXXXX0X0XXXXXXXXXXXXXXXXX0XX00
XXXXXXXXXXX0XXXXXXXXXXXXXXXXXXXXXX0XXXXXXXXXX0XXXXXXXXXXXX0X


Generation 51/200  F=U(0.493056632402, 1.0)  N_hist=9179
------------------------------------------------------------------------------------------------------------------------
0XXXXX0XXXXXXXXXXX0XXX0XXXXXXX00X0XXXXXXXXXXXXXXXXXXXXXXXXX0XXXXXXXXXXXXXXXXXXXXXXXXXXX0XXXXXXXXXXXXXXX0XXXXXXXXX00XXXX0
XXXXXXXX0XXXXXXXXXXXXXXXXXXXXXXXXXX0XXXXXXXXXXXXXXXXXXXX0XXX


Generation 52/200  F=U(0.5, 1.0)  N_hist=9359
------------------------------------------------------------------------------------------------------------------------
000XX0000XXX0XX0XXXXXXXXXX0XXXXXXXXXXXXXXXXXXXXXXX0XXX00XX0XXXXXXXXXXXXXXXXXXXXXXXX00+XXXXXXXXXXXXXXXXXX00X0XXXXXXXXXXXX
XX0XXXXXXXXXXXXXX0XXXXXXXXXXXXX0XXXXXXXXXXX0XXXXX0XXX00XXXXXX


Generation 53/200  F=U(0.5, 1.0)  N_hist=9539
------------------------------------------------------------------------------------------------------------------------
000XX00XXXXX0XXXXXXXXXXXXXXXXXXXXXXXX0XXXXXXXXXXXX00XXXXXXXXXXXXXXXXXXXXXXXXXXX0XXXXXXXXXXXXXXXXXX0XXXXXXXXXXXXXXXXXXXXX
XX0XXXXX0X0XXXXXXXXXXXXXX0X0XXXXXXXXXXXXXXX000XXXXXX0XXXXXXX


Generation 54/200  F=U(0.5, 1.0)  N_hist=9720
------------------------------------------------------------------------------------------------------------------------
0XX0XXXXXXXXXX0XXX0X0XXXXXXXXXXXXXX0XXXXXXX00XXXXXXXXXXXXXXXXXXXXXXXXXXXXXXXXXXX0X0XXX0XXX0X0XXXXXX00XXXXXXXXXXX00X0XXXX
XXXXXX0XXXXXXXXXX0XXX0X0X0XXXXXXXXXXXXXXX0XXXXXXXXX0XXXXXXXX


Generation 55/200  F=U(0.445, 1.0)  N_hist=9900
------------------------------------------------------------------------------------------------------------------------
XXX0+XX0XXXXXXX0XXXXXXXXXXXXXXXXXXXXXXXXXXXX0XXXXXXXXXXXXXXXXX000X0XXXXX0XXXXXXXXXXXXX0XXXXXXXXXXXXXXXXXXXXXXXXXXXX0XXXX
XXXXXXXXXXXXXXXX0XXXXXXXX0XXX0XXXXXXXXXXXXXXXXXXXXXXXX0XXXXXX


Generation 56/200  F=U(0.39605, 1.0)  N_hist=10080
------------------------------------------------------------------------------------------------------------------------
0XX0XXXXXXXXXXXXXXXXXXX0XX0XXXXXXXXX0XX0XXXXXXXXXXXXXXXXXXXX0XX000XXXXXXXXXXXXXXXXXXXX0XXXXXXXXXX0XXXXXXXXXXXXXXXX0XXXXX
XXXXXXXXXXXXXXXXXXXXXXXXXXXX0XXXXX0XX00XX0XXXXXX0XXXXXXXXXXX


Generation 57/200  F=U(0.438820402838, 1.0)  N_hist=10260
------------------------------------------------------------------------------------------------------------------------
0X0XX0XXXXXXXXXXXX0XXXXXXXXXXXXXXXXXXXXXXXXXXX0X0XXXXXXX0X000XXXXXXXXXXXXX0XXXXXXXXX0XXX0XXXXXXXXXXXXXXXXXXXXXX00XXXXXXX
XXXXXXX0XX0X0XXXXXXXXXXXX00XXX0XXXXXX0XXXXXXXXXXXX0XXXXXXXXX


Generation 58/200  F=U(0.486209685511, 1.0)  N_hist=10440
------------------------------------------------------------------------------------------------------------------------
0X0XXX0XXXXXXXXXXXXXXXXXXXXXXXXXXXXXXXXXXXX000XXX0XXXXXXXXXX0XXXXXXXXXXXXXXX0XXXX0XXXXXXXXXXXXX0XXX0XXXXXXX0XXXXXXXXXXXX
XXXXXXXX0X0XXXXXXX0XXXXXXXXX0+XXXXXXXXXXXXXXXXXX00XXXXXXXXXXX


Generation 59/200  F=U(0.5, 1.0)  N_hist=10620
------------------------------------------------------------------------------------------------------------------------
000X0XXXXXXX00XXXX0XXX0XX0XXXXXXXXXXXX0XXXXXXXXXXXXXXXXX0XXXXXXXXXXXXXXXXXX0XXXXXXXXXXX0XXXXXXXXXXXXXXXXXXXX0XXXX0XX0XX0
XXXXXXXXX0XXXXXXX0XX0XXXXXXXXXX0XXXXXX0XXXXXXXXXXXXXXXXXXXXX


Generation 60/200  F=U(0.445, 1.0)  N_hist=10800
------------------------------------------------------------------------------------------------------------------------
0XXXXXXXXXXXXXXXXX0XX0XXXXXXXXXXXXXXXXXXX0X0XXXX0XXXXX0XXXXXXX0XXXXXXXXXXXXXXXXXXX0XXXXXX0X000XXXXXXXX000XXXXXXXXXXXXX0X
XXXXXXXXXX0XXXXXXXXXXXXXXXXX000X0XXXXX0XXXXXXXXXXXXXXXXXX00X


Generation 61/200  F=U(0.493056632402, 1.0)  N_hist=10980
------------------------------------------------------------------------------------------------------------------------
00X00XX0XXXXXXXXXXXXXXXXXXXXXXX0XXXXXX0XXXXXXXXXX0XXXXXXXXXXXXXXXXXXXXXXXXXXXX00XXXXXXXXXXX0XXXXXXXXXXXXXXXXXXXXXXXXXX00
0XXXXXXXXXX0X0+XXX0XXXXXXXXXXXXXXXXXXXXXXXXXXXXXXXXXXXXXXXXXX


Generation 62/200  F=U(0.5, 1.0)  N_hist=11160
------------------------------------------------------------------------------------------------------------------------
0X00XXXXXXXX0X0XXXXXXXXXXXX0XXXXXXXXXXXXXXX0XXXXXXXXXXXXXXXXXXXXXXXXXX000XXXXXXXXX0XX0XXXXXXXXXXXXXXXXX0XXXXXXXX0XXXXXXX
XXXXXXXXXXXXXXXXXXX0XXXXXXXXXXXXXXXXXXXXXXXXXXXXXXXXXXXXXXXX


Generation 63/200  F=U(0.5, 1.0)  N_hist=11340
------------------------------------------------------------------------------------------------------------------------
0X0XX00XXXXXXXXXXXXXXXXXXXXXXXXXXXXXXXXXXXXXXXXXXXXXXX0X0XXXXXXXX00XXXXXXXXXX0XXXXXXXXXXXX00XXXXXXXXX0XXXXXXXXXXXXXXXX0X
XXX0XXXXX00XXXXXXXXXXXXXXXXXXXXXXXXX00XXXXXXXXXXXXXXXXXXXXXX


Generation 64/200  F=U(0.445, 1.0)  N_hist=11520
------------------------------------------------------------------------------------------------------------------------
00XX00X0XXX00XXX0XXXXX00X0XXXXXXXXXXXX00XXXXXXXXXXXXXXXXXXXX0XXXXXXXXXXXXXXXXXXXX0XXXXXX0XXX0XXXXXXXXX0XXXXXXXXXXXXXXXXX
XXX0XXX0XXXXXXXXXXXXXXXX00XXXXXXXXXXXXXXXXXXXXXXX0XXXXXXXXXX


Generation 65/200  F=U(0.493056632402, 1.0)  N_hist=11700
------------------------------------------------------------------------------------------------------------------------
0XX00XXXXXXXXXXXXXXX0XXXXXXXXXXXXXXXXX0XXXXXXXXXXXXXXXXXXXX0XXXX0XXXXXXXXXXXXXX00XXXXX0XXXXXXXXXXXXXXXXXXXXXXXXXXXXXXXXX
XXX0XXXXXXXXXXXXXXXXXXXXXX0XXX0XXXXXXXXXXXXXXXXXXXXXXXXXXXXX


Generation 66/200  F=U(0.438820402838, 1.0)  N_hist=11880
------------------------------------------------------------------------------------------------------------------------
XX00XX0XXXXXX00XX0XXXXXXXXXXXXXXXXXXX0XXXXXX0XXXXXXXXXXXXXXXXX0XX0XXXXXXXX0X0XXXX00XXXXXXXXXXXXXXXXXXXXXXXXX00XXXXXXXXXX
X0X00XXXXXXXXXXXXXXX0XXXXXXXXXXXXXXX0XX0X0XXXXXXXXXXXXXXXXXX


Generation 67/200  F=U(0.486209685511, 1.0)  N_hist=12060
------------------------------------------------------------------------------------------------------------------------
XXXXXXXXXX0XXXXXXXXXXXXXXXX0XXXX00000XXXXXXXXX0XXXX0XXXXXXXXXXXXXXXXXXXX00XX0XXXXXXXXXXXXXXXXXXXXXXXXXXXXXXXXXXXXXXXX0XX
XXXXXXXXX0XXXXXXXXXXXXXXXXXXXXXXXXXXX0XXXXXXXXXXXXX0XXXXXX0X


Generation 68/200  F=U(0.432726620105, 1.0)  N_hist=12239
------------------------------------------------------------------------------------------------------------------------
0X0X00XXXXXXXX0XXXXXXX00XX0XXX0XXXXXX0XXXXXXXXXXXXXXXX0XXXXXXXXXXX0X0XXXXXXXXX0XXXX0XXXXXXXXXXXXXXXXXXXXXXXXXXXXXXXXXXXX
XXXXXXXXXXX00XXXXXXXXXXXXXXXXXXXX0X00XXXXXXXXXXX0XXXXXXXXXXX


Generation 69/200  F=U(0.479457820359, 1.0)  N_hist=12420
------------------------------------------------------------------------------------------------------------------------
0X00XXX0XXXXXXX0XXXXXXXXXXXX0XXXXXXXXXXX0XXXXXXXXXXXXXXXXXXXXXXX00XXXXXXXXXXXXXXXXXXXXXXX0XXXXXXXXXXXX0XXXXXXXXXXXXXXXXX
XXXXXXXXXXXXXX0XXXXXXXXXXXXXXX0XXXXXXXXXXXXXXXXXXXXXXXXXXXXX


Generation 70/200  F=U(0.5, 1.0)  N_hist=12600
------------------------------------------------------------------------------------------------------------------------
XX000X0+00X0XX0XXXXXXXXXXXXXXXXXXXXXXX0XXXXXXXXXXXXXXXXXXXXXXXXXXXXXXXXXXXX0XXXXX00XXXXXXXXXXXXXXXXXXXXXXXXXXXXXXX0XXXXX
0X00XXXXXXXXXXXXXXXXXXX0XXXXXXXXXXXXXXXXXXXXXXXXXXXXXXXXXXXXX


Generation 71/200  F=U(0.5, 1.0)  N_hist=12780
------------------------------------------------------------------------------------------------------------------------
0X0XXXX0XXXXX0XXXXXXXXXXXXXXXXXXXX0XXXXXXXXXXX0XXX00XXXXXXXXXXXXXXXXXXXXX0XXXXXXXXXXXXXXXXXXXXXXXXX0XXX0XXXXXXXXXXXXX0X0
0XXXX0XXXXXXXXXXX0XXXXXXXXXXXXXXXXXXXXXXXXXXXXXXXXXXX0XXXXXX


Generation 72/200  F=U(0.5, 1.0)  N_hist=12960
------------------------------------------------------------------------------------------------------------------------
0X00XXXXXXXXXXXXXXXXXXXXXXX0XXXXXXXXXXXXXXXXXXX00XXXX0XXXXXXXXXXXXXXXXXXXXXXXXXXXXXXXXXXXXXX0XXX0X0X0XXX0XXXXXXXXXXXXXXX
XXXXXXXXXXX00XX00XXXXXXXXXXXX0XXXXX0XXXX0XXXXXXXXXXXXXXXXXXX


Generation 73/200  F=U(0.445, 1.0)  N_hist=13140
------------------------------------------------------------------------------------------------------------------------
0X0X0XXXX000XXXXXXXX0XXXXX0XXXXXXXXXXXX0XXX0XXXXXX0X0XXX0XXXXXXXX0XXXXXXXXXXX00X0X00XXXXXX0XXXXXXXXXXXXXXXXXXXX0XXXXXXXX
XXXXXXXXX0XXXXXXXX0X0XXXXXXXXXXXXXXXXXXXXXXXXXXXXXXXXXXXXXXX


Generation 74/200  F=U(0.39605, 1.0)  N_hist=13320
------------------------------------------------------------------------------------------------------------------------
0XX00X0XXXXXXXXXXXXXXXXX00X0XXXXXXXXXXXXXX0X0XXXXXXXXXXXXXXXX00XXXXXXXXXXXXXXXXX0XXXXXXXXXXXXXXXXXXXXXXXXXXXXXXXXXXXXXX0
XXXXXXXXXXXXX00XXXXXX00X0XXXXXXXXXXXXXXXXXXXXXXXXXXXXXXXX0XX


Generation 75/200  F=U(0.3524845, 1.0)  N_hist=13500
------------------------------------------------------------------------------------------------------------------------
00XXX0X0XXXXXX0XXXXX0XXXXXXXX0XXXXXXXXXXXXXX00+X00XXXXX0X0XXXXXXXXXXXXXXXXXXXXXXXXX00XXXXXXXXXXXXXXXXXXXX00XXXXXXXXXXXXX
XXXXXXXXXX0XXXX0XXXXXXXXXXXXX0XXXXXXXXXXXXXXXXXXXXXXXXXXXXXXX


Generation 76/200  F=U(0.313711205, 1.0)  N_hist=13680
------------------------------------------------------------------------------------------------------------------------
0XX0XX0XXXXX00XXXXXXXXXXXXXXXXXXXXXXXX00XXXXXXXXXXX00XXXXXXXX0XXXXXXXX0XXXXXXX0XXXXXXXXX0XXXXXXXX0XXXXXXXXXXXXXXXXXXXXXX
XXX0X0XXXXX00XXXXXXXXXXXXXXXX0XXXXXXXXXXXXXXXXXXXXXXXXXXXXXX


Generation 77/200  F=U(0.27920297245, 1.0)  N_hist=13860
------------------------------------------------------------------------------------------------------------------------
00XX0000X0XXXXXXXXXX0+XXXXXXXXXXXXXXXXXXXXXXXXXXXXXXXXXXXXXXXXXXXXXXXXXXXXX0XXXXXXXXXXXXXXXXXXXXXXXXXX0XXXXXXXXXXXXXXXXX
XXXXXX00XXXXXXXXXXX0XXXX000XXXX0XXXXXXX0XXXXXXXXXXXXXXXXXXXXX


Generation 78/200  F=U(0.309354780568, 1.0)  N_hist=14040
------------------------------------------------------------------------------------------------------------------------
00X00XXXXXXXXXXXXXXXXXXXXXXX0XX000XX0XXXX0XXXXXXXXXXXXXXXX0XXXX0XXXXXX0XXXXXXXX0XXXXXXXXX0XXXXXXXXXXXXX0XXXXXX0XX00XXXXX
XXXXXXXXXXXXX0XXXXXXXX0XXXXXXXXX00X0XXXXXXXXXXXXXXXXXXXXXXXX


Generation 79/200  F=U(0.342762755785, 1.0)  N_hist=14220
------------------------------------------------------------------------------------------------------------------------
XXXXXXXXXXXXXXXXXXXXXXXXXXX0XXXXX0XXXXXXXX0XXXXXXXXXXXXXXXXXXXXXXXXXX0XX0XXXXXXXXXX00XX0XXXXXXXXXX0XXXXXXXXXXXXXXXXX00X0
XXXXXXXXXXXXXXXXXXXXXXXXXXX0X000XXXXX0XXXXXXXXXXXXXXXXXXXXXX


Generation 80/200  F=U(0.305058852649, 1.0)  N_hist=14400
------------------------------------------------------------------------------------------------------------------------
00X0XXXXX0XXXXXXXXXX0XXXXXXXXXXXXXXXX0XXXXXXXXXXXXXXXXXX0XXXXXXXXXXXXXXXXXXXXXXXXXXXXXXXXXXXXX0+X00XXXXXXXXXXXXXXXXX0XXX
X0XXXXXXXXXXXXXXX0XXXXXXXXXXXXXXXX00XXX0+XXXXXX0XXXXXXXXXXXXXX


Generation 81/200  F=U(0.33800290016, 1.0)  N_hist=14580
------------------------------------------------------------------------------------------------------------------------
0XX0XXXXXX0XXXXXXXXX0X0XXXXXXXX0XXXXXXXXXXXXXXXXXXXXXXXXXXXXXXXXXXXXXXXXXXXXXXX00XXX0XXXXXXXXXXXXXXXXXXXXXXXXXXXXXXXXXXX
XXXXXXXXXXXX000XXXXXXXXXXXXXXXXX0XXXXXXXXXXXXXXXXXXXXXXXXXXX


Generation 82/200  F=U(0.300822581143, 1.0)  N_hist=14760
------------------------------------------------------------------------------------------------------------------------
XX0XXXXXX0XXX0XXXXXXXXXXX00XXXXXXXXXXX0XXXXXXXXXXXXXXXXXXXXXXX0XXXXX0XXXXXXXXXXXXXX0XXXXXXXXXXXXXX0XX0XXX0X0XXXXXXX0X0XX
X0X0XXXXXXXXXXXXXX000XXXXXXXXXXXXXXXXXXXXXXXXXX0XXXXXXXXXXXX


Generation 83/200  F=U(0.33330914339, 1.0)  N_hist=14940
------------------------------------------------------------------------------------------------------------------------
0X00XXXXXX0XXXXXXXXXXX00X0XXXXXXXXXXXXXXXXXXX0XXXXXX0XXXXXXXXXXXXX0XXXXXXXXXXXX0XXXXXXX0XXXXXXXXXXXXXXXXXXXXXXXX0X00XX0X
XX00XXXXXXXXXXXXXXXXXX0X0XXXXXXX0XXXXXXXXXXXXXXX0XXXXXXXXXX0


Generation 84/200  F=U(0.369304008514, 1.0)  N_hist=15119
------------------------------------------------------------------------------------------------------------------------
XXXXXXXX0XXXXXXXXXXXXXXXXXXXXXXXXXXXX0XXXXXXXXXXXXXXXXXXXXX0XX0XX0XXXXX0XXXXXXXXXXXXXXXXXX0XXXXXXXXXXXXX0XXXXXXXXXXXXXX0
XXXXXXXXXXXXXXXXXXXXXXXXXXXXXXXXXXXXXXXXXXXXXXXXXXXXXXXXXXXX


Generation 85/200  F=U(0.328680567578, 1.0)  N_hist=15300
------------------------------------------------------------------------------------------------------------------------
XXXXXXXXXXXXXXXXXXXXXXXXXXXXXXXXXXXXXXXXXX0XXXX0XXXX0XXXXX000XXXXXXXXXXXXXXXX0XXXXXXXXXXXXXXXXX0XX0XXXXXX0X00XXXXXXXXXXX
XXX0XXXXXXXXXXXXXXXXXXXXXXXXXXX0XXXXXXXXXX0XXXX0XXX0XXXXXXXX


Generation 86/200  F=U(0.364175581541, 1.0)  N_hist=15480
------------------------------------------------------------------------------------------------------------------------
X00XXX0XXXXXXXXXXXXXXXXXXXXXXXXXXXXXXXXXXXXXXXXXXXXXXXXXXXXXXXXXXXXXXX0XXXXXXXX0XXXXXXXXXXXXXXX00XXXXXXXXXXXXXXXXXXXXXXX
XXXXXXXXXXXXXXXX0XXXXXXXXXXXXXX00XXXXXXXXXXX0XXXXXXXXXXXXXXX


Generation 87/200  F=U(0.324116267571, 1.0)  N_hist=15660
------------------------------------------------------------------------------------------------------------------------
00X0X0XXXX00XXXXXXXXX0+XXX0XXXXXXXXXXXXXXXXXXXXXXXXXXXXXXXXXXXXXXXXXXXXXXXXX0XXXXXXXXXXXXXXXXXXX0XXXXX0XXX0XXXXXXXXXXXXX
XXXX0XXXXXXXXXXXXXXXXXXXXXXXXXXXXX0XXXXXXXXXXXXXXXXXXX0XXXXXX


Generation 88/200  F=U(0.359118371675, 1.0)  N_hist=15840
------------------------------------------------------------------------------------------------------------------------
X00X0XX0XXXXXXXXXXXXXXXXXXXX0XXXXXXXXXXXXXXXXXXXXXXXXXXXXXXXXXXXXX0XXXXXXXXXXXXXXXXXX00XX0XXXXXXXXXXXXXXXXXXX00XXXXXXXXX
XXXXXXXXXXXXX0XXXXX0XXXXXXXXXXXXXX0XXXX0XXXXXXXXXXXXXXXXXXXX


Generation 89/200  F=U(0.319615350791, 1.0)  N_hist=16020
------------------------------------------------------------------------------------------------------------------------
XXXXXXXX0XXXXXXXXXXXXXXXXXXX0X00XXXXXXXXX0XX0X0XXXX0XX0XXXXXXXXXXX0XXXXXXXXXXXXXX0XXXXXXXXXXXXXXXXXXXX0XXXXXXXXXXXXXXXXX
XXXXXXX0XXX0XXXX0XXXXXXXXXXXXXXXXXXXXXXXXXXXXXXXXXXXXXXXXXXX


Generation 90/200  F=U(0.284457662204, 1.0)  N_hist=16200
------------------------------------------------------------------------------------------------------------------------
000XXX0X0X0XXXXXXXXXXXXXXXXXX0XXXX0+XXXXXXXXX0XXXXXXXXXXXXXXXXXXXXXXXXXXXXX000XXXXX00XXXXXXXXXXXXXXXXX0XXXXXX0X0XXXXXXXX
XXXXXXXXXXXXXXXXXXXX0X0XXXXXXXXXXXXXXXXXXXXXXXXXXXXXXXXXXXXXX


Generation 91/200  F=U(0.31517693705, 1.0)  N_hist=16380
------------------------------------------------------------------------------------------------------------------------
0XXX0XXXXXXX0XXXXXXX0XXXXXXXXXXXXXXXXX0XXXXXXXXXXXXXXXXXX0XXXXXXXXXXXXXXXXXXX0X0XXXXXXXXXXXXXXXXXX0XXXXXXXXXXXXXXXXXXX0X
XXXXXXXXXXXXXXXXXXXXXX0XXXXX00XXXX0XXXXXX0XXXXXXXXXXXXXXXXXX


Generation 92/200  F=U(0.349213661107, 1.0)  N_hist=16560
------------------------------------------------------------------------------------------------------------------------
00X0XXXXXXXX0XXXXXXXXXXXXXXXXXXXXXXXXXXX0XX0XXXXXXXXXX00XXXXXXXXX0XXXXXXXXXXXXXXXXXXX0XXXXXXXXXXXXXXXXXXXXXXXXXXXXXXXX0X
XXXXXXXXXXXXX0XXXXXXXXXXXXXXXXXXXXXXXXXXXXXXXXXXXXXXXXXXXXXX


Generation 93/200  F=U(0.310800158385, 1.0)  N_hist=16740
------------------------------------------------------------------------------------------------------------------------
XXXXXXXXXXXXXXXXXXXXXXXXXXXXXXXXXX0XXXXXXXXXXXXXXXXXXXXXXXXXXX0XXXXXXXXXXXXXXX0X0XXXXXXXXXX0XX0XXXXXXXXXXXXXX0XXXXXXXX0X
XXXXXX0XXXXXXXXXXXXXXXXXXXXXXXXXXXXXXXXXXXXXXXX0XXXXXXXXXXXX


Generation 94/200  F=U(0.276612140963, 1.0)  N_hist=16920
------------------------------------------------------------------------------------------------------------------------
00XXXXXX0XXXXXXXXXXXXXXXXXXXXXXXXXX0XXXXXXXXXX0XXXXX0X00XXXX0XXXXX0XXXXXXXXXX0XX0XXXXX0XXXXXX00X0XXXXXXXXXXXXXXX000X0XXX
X0XX0XXXXXXXXXXXXX0XXXXXXXXXXXXXXXXXXXXXXXXXXXXXXXXXXXXXXXXX


Generation 95/200  F=U(0.306484158887, 1.0)  N_hist=17100
------------------------------------------------------------------------------------------------------------------------
X0XXXXXXXXXXXXX0XXXXXXXXXXXXX000XXXXXXX00XXX0XXXXXXXXXXXXXXXXXXXXXXXXXXXXXX00XXXXXXX0XXXXXX0X00XXXX0XXXXXXXXXXXXXXXX0XXX
X0XXXXXXXXXXXX0X00X0XXXXXXXXXXXXXXXXXXXXXXXXXXXXXXXXXXXXXXXX


Generation 96/200  F=U(0.339582128686, 1.0)  N_hist=17280
------------------------------------------------------------------------------------------------------------------------
X0XXXXXXX0XX00XXXXXXXXXXXXXXXXXXXXXXXXXXXXXX00XXXXXXXXXXXXXXXXX0+XXXXXXXXXXXXXXXXXXXXXXXXX0XXXXXXXX0XXX00XXXXXXXXXXXXX0X
00XXXXXXXXXXXXXXXXXXXXXXXXXXXXXXXXXXX0XXXXXXXXXXXXXX0XXXXXXXX


Generation 97/200  F=U(0.37625442875, 1.0)  N_hist=17460
------------------------------------------------------------------------------------------------------------------------
XX00X0XXX0XXXXXXXXXXXXXXXX0XX0XXXXXXXXXXXXXXXXXXXXXXXXXXXXXXXXXXXXXX00XX0XXXXXXXXXXXXXXXXXXXXXXXXXXXXXXX0XXXXXXXXXXXXXXX
XXXXX0X0XXXXXXXXXXXXXXXXXXXXXXXX0XXXXXX00XXXXXXXXXXXXXXXXXXX


Generation 98/200  F=U(0.334866441587, 1.0)  N_hist=17640
------------------------------------------------------------------------------------------------------------------------
000X0XX0XXXXXXX0XXXXXX0XXXXXXXXXXXXXXXXXXXXXXXX0X0XXXXXXXXXX0XXXXXXXXXXXXXXX0XX0XXXX0XXXXXX0XX0X0XXXXXXXXX0+00XXXXXXXXXX
XXXXXXXXXXXXXXXXXXXX0X00XXXXXXXX0X0XXX0XX0XXXXXXXXXXXXXXXXXXX


Generation 99/200  F=U(0.371029483131, 1.0)  N_hist=17820
------------------------------------------------------------------------------------------------------------------------
00XXXX0XXXXXXXX0X0XXXXXXXXX0XXXXXXXXXXXXXX0XXX0XXXXXXXX0XXXXXXXX0XXXXXXXXXXXXXXXXXXXXXXXXXX00XXXXXXXXXXXXX0XXXXXXXXXXXX0
XXXXXXXXXXXXXXXXXXXXXXXXXXXXXXXXXXX0XXXXX0XXXXXXXXXXXXXXXX0X


Generation 100/200  F=U(0.330216239987, 1.0)  N_hist=17999
------------------------------------------------------------------------------------------------------------------------
0X00X000XXXXXXXXXXXXXXXX0XXX0XXXXXXXXXXX0XXXXXXXXXXXXXXXXXXXXX0X00XXXXXXXXXXXXXXXXXXX00XXXXXXXXXXXXXXXXXXXXXXXXXXXXXXXXX
XXXXXXXXXX0XXXXXXXX0XXX0XXXX0XXXXXXX0XXXXXXXXXXXXXXXXXXXXXXX


Generation 101/200  F=U(0.365877094949, 1.0)  N_hist=18180
------------------------------------------------------------------------------------------------------------------------
0XXX00XXX0XXXX0XXXXXX0XXX0XXXXXXXXXXXXXXXXXXXXXXXXXXXXXXXXXXXXX000XXXXXXXXXXXX0XXXXXXXXXXX0XXXXXXXXXXXXXXXXXXXXXXXXXX00X
XXXXXXXXXXXXXXXXXXXXX0X0XXXXXXXXXX0XXXXXXXXXXXXXXXXXXXXXXXXX


Generation 102/200  F=U(0.325630614505, 1.0)  N_hist=18360
------------------------------------------------------------------------------------------------------------------------
X0XXXX00XXXXXXXXXXXXXXXXXXXXXXXXXX0XXXXXXX0XXXXXX0XXXX0XXXXXXXXXXXXXXX0XXXXXXXXXXXXXXXXXXXXXXXXXXXXXXXXXXXXXXXXXXXXXXXXX
XX0XXX0XXXXXXX00XXXXXXXXXXXXXXXXXXXXXXXXXXXXX0XXXXXXXXXXXXXX


Generation 103/200  F=U(0.289811246909, 1.0)  N_hist=18540
------------------------------------------------------------------------------------------------------------------------
XXX0XXXXXXXXXXXXXXXXXXXXXX0XXX0XXXXXXXXXXXXXXXXXXXXXXXX0XXXXXXX0XXXXXXX0XXXXXXXXXXXXXXXXX0XXXXXXXXXXXXXX0+XXXXX0XXXXXXXX
XXX0XX0XXXXXXXXXXXX0XXXXXXXXXXXXXXXXXXXXXXXXXXXXXXXXXXXXXXXXX


Generation 104/200  F=U(0.257932009749, 1.0)  N_hist=18720
------------------------------------------------------------------------------------------------------------------------
0000XXXXXXXXXXXX0XX0XXXXXXXX0XXXXXXXXXX0XXXXX0XXXXXX0XXXXXXXXXXXXXXXXXXXXXXXXXXXXXX0XXXXXXX0XXXXXXXXX0XXXXXXXXXXXXXXXXXX
XXXXXXXXXXX00XXXXXXXXXXXX0XXXXXX0XXXXXXXXXXXXXXXXXXXXXXXXXXX


Generation 105/200  F=U(0.229559488677, 1.0)  N_hist=18900
------------------------------------------------------------------------------------------------------------------------
00XXX0XXX0XXXXXXXXXXXXXXXXXXXXXXXXXX00XXXXXXXXXXXXXXX0XXXXXXXXXXXXXXXXXX000XXX0XXXXXXXXXXXXXX0XXXXXXXXXXX0XXXXXXXXXXXXXX
0XXXXXXX0XXX0XXXXXXXX0XXXXXXXXXXXXXXXXXXXXXXXXXXXXXXXXXXXXXX


Generation 106/200  F=U(0.254350176231, 1.0)  N_hist=19080
------------------------------------------------------------------------------------------------------------------------
0000XXXXXXXX0XXXXXXXXXXXXXXXXXX0XX0XXXXXXX0XXXXXXX0XXXXXXXXXXXX0X0XXXX0XXX00XX0XXXXXXXXXXXXXXXXXXXXX0XXXXXXXXX0XXXXXXXXX
XXXXXXXXXXXXXXX0X00XX0XXX0XXXXXXXXX00XXXXXXXXXXXXXXXXXXXXXXX


Generation 107/200  F=U(0.281818070435, 1.0)  N_hist=19260
------------------------------------------------------------------------------------------------------------------------
XXX0X0XXXXXXX0XXXXXXXXXXXXXXXXXXXXXXXXX0XXXXXXX0XXXXXXXXXXXXXXXXX0XXXXXXXXX0XXXXXXXXXXX0XXXXXXXXXXX0XXXXXXXXXXXXXXXXXXXX
XXXXXXXXXXXX0XXXXXXXXXXXXXXXXXXXXXXXXXXXX0XXXX0XXXXXXXXXXX0X


Generation 108/200  F=U(0.250818082687, 1.0)  N_hist=19440
------------------------------------------------------------------------------------------------------------------------
0XX0XXXXXXXXXXXXXXXXXXXXXXXXXXXXXXXXXXXXXXXXX00XXXXXXXXXXXXXXXXXXXX0XXXXXXXXXXXXXXXXX0XXXXXXXXXXXXXXXXXX0XXXXXXXXXXXXXXX
XXXX00XXXXXXXXXXXXXXXXXXXXXXXXX0XXXXXXXXXXXX0XXX0XX0XXXXXXXX


Generation 109/200  F=U(0.223228093591, 1.0)  N_hist=19620
------------------------------------------------------------------------------------------------------------------------
0+000X0X0XXXXXXXXXXXXXXXXXXXXX0XXXXXX0XXXXXXXXX000X00XXXXXXXXXXXXXXX00XXXX0XXXXXXXXXXXXXXXXXXXXX0XXXXXXXXXXXXXX00XXXXXXX
XXX0XXXXXXXXXXXXXXX0XXXX0XXXXXXXXXXXXXXXXXXXXXXXXXXX0XXXXXXXX


Generation 110/200  F=U(0.24733503839, 1.0)  N_hist=19800
------------------------------------------------------------------------------------------------------------------------
0XXXXXXXXXXXXXX0XXXXX00X0XXXXXX0XXXXXXXXXXXXXXX0X0XXXXXXXX00XXXXXXXXX0XXXXX000XX0XXXXXX0XXXXXX0XX0XX0XXXXXX0XXX0XXXXXXXX
XXXXXXXXXXXXX0XXXXXXXXXXXXX0XXXXXXXXXXXXXX0XXXXXXXXXXXXXXXXX


Generation 111/200  F=U(0.274045350795, 1.0)  N_hist=19980
------------------------------------------------------------------------------------------------------------------------
00X0X0XXXXXXXXXXXXXXXXXXXXXXXXXXXXXXXXXXXXXXXXX0XXXX0XXX0XXXXXXXXXXXXXXXXXXXXXXXXXXXXXXXXXXX0XXXXXXXXXXXXXXXXXXXXXXXXXXX
XX0X0XXXXXXXXXXXXXX00XXXXXXXXXXXXXXXXXXXXXXXXXXXXXXXXXXXXXXX


Generation 112/200  F=U(0.243900362207, 1.0)  N_hist=20160
------------------------------------------------------------------------------------------------------------------------
00XXXXXXXXXXX0XX0XXX0XXXX0XXXXXXX0XXXXXXXXXXXXXX0XXXXXXXXXXXXXXXXXXX0XX00XXXXXXXXXXXXXXXXXXXXXXXXXXX0XXXXXXXXXXX0XX00XXX
XXXXXXX0X0XXXXXXXXXXXXXXXXXXXXXXXXXXXXXXXXX0X0XXXXXXXXXXXXXX


Generation 113/200  F=U(0.217071322364, 1.0)  N_hist=20340
------------------------------------------------------------------------------------------------------------------------
00XX00XXXXXXXXXXX0XXXXXXX0XXXXXXXX0XXXXXXXXXXXXXXXXX000XXXXXXXXXXXXXXXXXXXXXXXX00XXXXXXXXXXXXXXXXX0XX0XXXXXXXXXXXXXXXXXX
0XXXXXXX0XXXXXXXXXXXX0XXXXXXXXXXXXXXXX000XXXXXXXXXXXXXXXXXXX


Generation 114/200  F=U(0.240513382463, 1.0)  N_hist=20520
------------------------------------------------------------------------------------------------------------------------
0X0XXXXXXXXXXXXXXXXXXXXXXXXXXXXXXXXXXXXXXXXXX0XXXXXX0XXXXXXXX0XXXXXXXXXXXXXXXXXXXXXXXXXXXXXXXXXXXXXXXX0XX0XXXXXXXXXXXXXX
XXXXXXXXXXXXXX0X0XXXX0XXXXXXX00X00XXXXXXXXXXXXXXXXXXXXXXXXXX


Generation 115/200  F=U(0.214056910392, 1.0)  N_hist=20700
------------------------------------------------------------------------------------------------------------------------
0X00XXX0XXX0XXXXXXXX00XX0X0XXXXXXXXXXXXXXXXXX0XXX0XXXXXXXXXXXXXXXXXXXXX0XXXXXXXXXXXXXXXXXX0XXXXXXXXXXX0X0XX0XXXXXXXXXXXX
0XXXXXXXX0XXXXXXXXXXXXXXXXXXXX0XXXXXXXXXXXXXXXXXXXXXXXXXXXXX


Generation 116/200  F=U(0.23717343681, 1.0)  N_hist=20880
------------------------------------------------------------------------------------------------------------------------
XXXXXXXXXX0XXX0XXXXXXXXXXXXXXXXXXXXXXXXXXXXXXXXXXXXXXXXXXXXXXXXXXXXXXXXXXXXXXXXX0+XXXXXXXXXXXXXXXX0XXXX0XXXXXX0X0XXXXXXX
XXXXXX0XXXXXXXXXXXXXXXX0XXXXXXXXXXXXXXXXXXXXXXXXXXX0XXXXXXXXX


Generation 117/200  F=U(0.211084358761, 1.0)  N_hist=21060
------------------------------------------------------------------------------------------------------------------------
0XXX0XXXXXXXXXXXXXXXXXXXXXXXXXXXXXX0XXXXXXXXXXXXXXXXXXXXXXXXXXXXXXXXXXXXXXXXXXXXXXXXXXXXXXXXXXXXXXXXXXXXXXXXXXXXXXXXXXXX
XXXXX0X0X0X00XXXXXXXX0XXXXXX00XX0XXXXXXXXXX0XXXXXXXXXXXXXXXX


Generation 118/200  F=U(0.187865079297, 1.0)  N_hist=21240
------------------------------------------------------------------------------------------------------------------------
0XXX0XXXXXXXXXXXXXXXXXXXX0XXXXXXXXXXXXXXXXXXXX0XX0XXXXXXXXXXXXXXXXXXXXXXXXXXXXXXXXXXXXXXXX0XXXXXXX0X0XXXXXXXXXXX0XXXXXX0
XXXXX0XXXXXXXX0XXXXXXXX0XXXXXX0XXX0XX0XXXXXXX0XXXXXXXXXXXXXX


Generation 119/200  F=U(0.167199920574, 1.0)  N_hist=21420
------------------------------------------------------------------------------------------------------------------------
0X0XXXXXXXXX0XX0XXXXXXXXXXXXXXXXXXXXXXXXXXXXXXXXX0XXXXXXXXXXXXXXXXXXXXXXXXXX00XXXXXXXX00XXXXXXX0XXXXXXXXXXXXXXXXXXXXXXXX
XXXXXXXXXXXXXX0XXXXXX00+0X0XXXXXXXXXXXXXXXXXXXXXXXXXXXXXXXXXX


Generation 120/200  F=U(0.148807929311, 1.0)  N_hist=21600
------------------------------------------------------------------------------------------------------------------------
000XXXXX0X0XXXXXXXXXX0XXXXXXXXXXXXXXXXXXXXXXXXXXXXX0X0XXXXXXXXXXXX0XXXXXXX00XXXXXXXX0XXXXX0X0XXXXXXXXXXXXXXXXXXXXXXXXX0X
XX0XXXXXXXXXX0XX0XXXXXXXXXXXXXXXXXXXXXX0XXXXX0XXXXXXXXXXXXXX


Generation 121/200  F=U(0.164878059552, 1.0)  N_hist=21780
------------------------------------------------------------------------------------------------------------------------
X0XX0XX0+0X0XXX0XXXXXXXXXXXXXXXXXXXXXXXXXXXXXXXXXXXXXXXXXXXXXXXXXXXXXXXXXXXXXXXXX000XXXXXX0XX0XXXXX00XXXXXXXXXXXXXXXXXXX
XXXXXXXX0XXXXXXXXX0XXXX0XXXXXXXXXXXXXXXXXX0XXXXXXXXXXXXXXXXXX


Generation 122/200  F=U(0.182683642247, 1.0)  N_hist=21960
------------------------------------------------------------------------------------------------------------------------
0X00XXXXXXXXXXXXXXX0XXXXXXXXXXXXXXXXXXXXXXXXXX0XX0X0XXXXXXXXXXXXXXXXXXXXXXXXXXXXXXXXXX0XXXXXXXXXXXXXXXXXXXXXXXXXXXXXX0XX
XXXXXXX0XXXXXXXXXXX0XXXXXXXXXXXXXXXXXXXXX0XXXXXXXXXXXXXXXXXX


Generation 123/200  F=U(0.1625884416, 1.0)  N_hist=22140
------------------------------------------------------------------------------------------------------------------------
0XXXXX0XX0XXXXXXXXXXXXXXXXXXX0XXX0XXXXXXXXXXXXXXXXXXXXXXXXXXXXXXXXXXXXXXXXXXXXXXXX0X0XXXXXX0X0XXXX0XXXXXXXXXXXXXXXXXX0XX
XX0XX0XXXXXX0XXXXXXXXXXXXXXX00XXXXX0XXXXXXXXX0XXX0XXXXXXXXXX


Generation 124/200  F=U(0.144703713024, 1.0)  N_hist=22320
------------------------------------------------------------------------------------------------------------------------
XX0XXXXXXXXXXXXXXXXXXXXXX0XXXXXXXXXXXXXXXXX0XXXXXXXXXXXXX0XXX0X0XXXXXXXXXXXXX0XXXXXXX0XX00XX0XXXXXXXXXXXXXXXX0XXXXXXXX0X
XXXXXXXXXXXXXXXXXXX0XXXXXXXXXXXXXXXXXXXXXXXXXXXXX0XXXXXXXXXX


Generation 125/200  F=U(0.160330618965, 1.0)  N_hist=22500
------------------------------------------------------------------------------------------------------------------------
00X0XXXXXXXXXX0XXXXXXXXX0X0XXXXXXXXX0XXXXXXXXXXXXXXXXXXXXXXXXXXXXX0XXXX0XXXXXXXXXXX0XXXXXXXXXXX0XXX0XXX0XXXXXXXXXXXXXXXX
XXXXXXXXXXXXXXXXXXXXXXXXXXXXXX0XXXXXXXXXXXXXXXXXXXXXXXXXXXXX


Generation 126/200  F=U(0.142694250879, 1.0)  N_hist=22680
------------------------------------------------------------------------------------------------------------------------
X00XXXXXXXXX0XXXXXXX0XXXXXXXXXXXXXXXXXXXXXXXXXXXXX0XXXXXXXX0XX0X0XXXXXXXXXXXXXXXXXXXXXXXXXXXXXXXXXXXXXXXXXXXXXXXXXXXXXXX
XXXXXXXX0X0X0000XXXXXX0XXXXXXXXXXXXXXXXXXXXXXXXXXXXXXXXXXXXX


Generation 127/200  F=U(0.126997883282, 1.0)  N_hist=22860
------------------------------------------------------------------------------------------------------------------------
0XX0000+X00X00XXXXX0X0XXXXXXXXXXXXXXXXXXXXXXXXXXXX0XXXXXXXXX0XXX0XXXXXXXXXXXXXXXXXXXXXXXXXXXXXXXXXXXXXXXXXXXXXXXXXXXXXXX
XXXXXXXXXXXXXXXXXXXXXXXXXX0XXXXXXXXXXXXXXXXXX0XXXXXXXXXXXXXXX


Generation 128/200  F=U(0.140712693603, 1.0)  N_hist=23040
------------------------------------------------------------------------------------------------------------------------
0XXXXXXXXXXXXXXXXXXXXXXXXXXXX0XXXX0XXX0XXXXX0XX0X0XXXX0XXXXXXXXXXXXXXXXXXXXXXXXXXXXX0XXXXXXXXXXXXXXXXXXXXXXXXXXXX0XXXXXX
XXXXXXXXXXXXXXXXXXXXXXXXXXXXXXXXXXX0XXXXXXXXXXX0XXXXXXXXXXXX


Generation 129/200  F=U(0.125234297307, 1.0)  N_hist=23220
------------------------------------------------------------------------------------------------------------------------
0X000XXXXXXXXX00XXX0XXXXXXXXXXXXXXXXXXXXXXXXXXXXX0XXXXXXXXXXXXXXXX0XXXXXXXXXXXXXXXXXXXXXXXXXXXXXXXXXXXXXXXX0XXXXXXXXXXXX
X0XXXXXXXXXXXXXXXXXXXXXXXXXXXXXXX0XXXXXXXXX0XXXXXXXXX0XXXXXX


Generation 130/200  F=U(0.111458524603, 1.0)  N_hist=23400
------------------------------------------------------------------------------------------------------------------------
0XXX0XXXXXXXXXXXXXXXXXXXXXXX0XXXXXXXXXXXXXXXXXXXXXXXXXXXXXXXXXXXXXXXX0X0XX0XXXXXXXXXXXXXXXXXXXXX0XXXXXXXXXXXXXXXXXXXXX0X
XXXX0XXXXXX0XXXX0XX000X0XXXXXXXXXXXXXXXXX0XXXXXXXXXXXXXXXXXX


Generation 131/200  F=U(0.0991980868967, 1.0)  N_hist=23580
------------------------------------------------------------------------------------------------------------------------
XX0X00XXXXXXXXXXXX0XXXXXXXXXXXXXXXXXXXXXXXXXXXXX0XXXXXXXXXXXXXXXXXXXXXXXXXXXXXXXXXXXXXXXXXXXXXXXXXXXXXXXXXXXXXXXXXXXXX0X
XXXXXXXXXXXX0X0XXXXXXX0XXXX00X0XX0XXX0XXXXXXXXXXXXXXXXXXXXXX


Generation 132/200  F=U(0.0882862973381, 1.0)  N_hist=23760
------------------------------------------------------------------------------------------------------------------------
0XXXX00XXXXXXXXXXXXXXXXX0XXXXXXXXXXXXXXXXXXXXXXXXXXXXXXXXXXXXXXXXXXXXXXXXXXXXXXXXXXXXXXXXXXXXXXXXXXXXXXXXXXXXXXXXXXXXXXX
X0X0XXXXXXXXXXXXXXXXXXXXXXXXXXXXXXXXXXXXXXXXXXXXXXXXXXXXXXXX


Generation 133/200  F=U(0.0785748046309, 1.0)  N_hist=23940
------------------------------------------------------------------------------------------------------------------------
0XXX0XXXXX0XXXXXXXXXXXX0XXXXXXXXXXXXXXXXXXXXXXXXXXXXXXX0XXXXXXX0XXXXXXXXXXXXXXXXXXXXXX0XXXXXXXXXXXXXXXX00XXX0XXXXXXXXXXX
XXXXXXX0XXX0XXX0XXXXXXXXXXXXXXXXXXXXXXXXXXXXXXXXX0XXXXXXXXXX


Generation 134/200  F=U(0.0699315761215, 1.0)  N_hist=24120
------------------------------------------------------------------------------------------------------------------------
0X00XXXXXXXXX00XXXXXXXXXXXXXXXXXXXXXXXXX0XXXXXXXXXXXXXXXXXXXXXXXXXXXXXXXXXXXXX0XXXXXXXXXXXXXXXXXXXXXXXXXXXXXXXX0XXXXXXXX
XXXXXXXXXXXXXXX0XXXXXXXXXXXXXXXXXXXXXXXXXXXXXXXX0XXXXXXXXXXX


Generation 135/200  F=U(0.0774836571259, 1.0)  N_hist=24300
------------------------------------------------------------------------------------------------------------------------
X00XXX0XXX0X0XXXXXXX0XXXXXXXXXXXXXXXX000XXXXXXX000XXXXXXXXXXXXXXXXXXX0XXX0XXXXXXX00XXXXXXXXXXXXXXXXXXXXXXXXXXXXXXX0XXX0X
XXXX0XXXXXXXXXXXXXXXXXX0XXXXXXX0XXXXXXXXXXXXXXXXXXXXXXXXXXXX


Generation 136/200  F=U(0.068960454842, 1.0)  N_hist=24480
------------------------------------------------------------------------------------------------------------------------
00XX0XX0XXXXXXXXXXXXXXXXXXXXXXXXX00XXXX0XXXXXXXXXXXXXXXX0XXXXXXXXXXXXXXXXXXXXXXXXX0XXX0XX00XXXXXXXXXXXXXXXXXXXXXXXXXXXXX
XXXXXXXXXXXXXX0XXXXXXXXXXXX0+XXXXXXXXXXXXXXX0XXXXX000XXXXXXXX


Generation 137/200  F=U(0.0764076620974, 1.0)  N_hist=24660
------------------------------------------------------------------------------------------------------------------------
X0XXXXXXXXXXX00XXX0XXXXXXXXXXXXXXXXXXXXXXXXXXXXXXXXXXXXXXXXXXX0XXXXXXXXXXXXX0XXXXXXXXXXXXXXXXXXXXXXXXXXXXXXXXXX00XXXXXXX
XXXXXXXXXXXXXXXXXXXXXXXXXX0XXXXXXXXXXXXXXXXXXXXXXXXXXXXXXXXX


Generation 138/200  F=U(0.0680028192666, 1.0)  N_hist=24840
------------------------------------------------------------------------------------------------------------------------
0X0XXXXXXXXXXXXXX00XXXXXXXXXXXXXXXXXXXXXXXXXXXXXXXXXXXXXX0XXXX00XXXXXXXXXXXX0XXXXXXXXXXXXXXXXXXXXXXXXXXXXXXXXXXXXX0X0XXX
XXXXXXXXXXXXXXX0XXXXXXXXXXXXXXXXXXXXXXXXXXXXXXXXXX0+XXXXXXXXX


Generation 139/200  F=U(0.0753466091269, 1.0)  N_hist=25020
------------------------------------------------------------------------------------------------------------------------
XXXXXXXXXXXXXXXXXXXXXXXXXXXXXXXX0XXXXXXXXXXXXXXXXXXXXXXX0XXXXXXXXXXX0XXXXXXXXXXXXXXXXXXXXXXXXXX0XXXXXXXXXXXXXXXXXXXXXXXX
0XXXXXXXXXXXXXXXXXXXXXXXXXXXXXXXXXXXXXXXXXXXXX0XXXXXXXXXXXXX


Generation 140/200  F=U(0.0670584821229, 1.0)  N_hist=25200
------------------------------------------------------------------------------------------------------------------------
00XXXXXXXXXXX0XXXXXXXXXXXXXXXXXXXXXXXXXXXXXXXXXXXXXXXXXXXXXXXXXXXXXXXXX0XXXXXXXXXXXXXX0XXXXXXXXXXXXXXXXXXXX0XXXXXXXXXXXX
XXX0XXXX0XXXXXXXXXXXXXXXXXX0XXXXXXXXXXXXXXXXXXXXXXXXX0XXXXXX


Generation 141/200  F=U(0.0596820490894, 1.0)  N_hist=25380
------------------------------------------------------------------------------------------------------------------------
0X0XX0XX0XXXX0XXXXXXXXXXX0XXXXXXXX0XXXXXXXXXXXX0XXX00XXXXXXX0XXXXXXXXXX0XXXXXXXXXXXXXXX0XXXXXXXXX0XXXXXXXXXX0XXXXXXXXXXX
XXXXXXXX0XXXXX000XXXXXXXXXXXXXXXXXXXXXXXXXX0XXXXXXXXXXXXXXXX


Generation 142/200  F=U(0.0596820490894, 0.87)  N_hist=25560
------------------------------------------------------------------------------------------------------------------------
0X0XXX0X0XXXXXXXXXXXXXXXXX0XXXXXXXXXXXXXXXXXXXXX0XXX0XXXXXXXXXX00XXXXXXXXXXXXXXXXXXXXXX00XXXXXXXXXXXXXXXXXXXX0XXXXXXXXXX
XXXX0XXXXX0X00X0XXXXXXXXXXXXXXXX0XXXXXXXXXXXXXXXXXXXXXXXXXXX


Generation 143/200  F=U(0.0596820490894, 0.983427413566)  N_hist=25740
------------------------------------------------------------------------------------------------------------------------
0XXXX0XXXXXXXXXXXXXXXXXXXXXXXXXXXXXXXXXXXXXXXXXXXXXXXXXXXXXXXXXXXXXXXXXXXXXX0XXXXXXXXXXX0XXXXXXXXXXXXXX0X0XXXXXX0XXXX0XX
XXXXXXXXXXXXX0+XXXXXX0X0XX00XXXXX0XXXXXXXXXXXXXX0XXXXXXXXXXXX


Generation 144/200  F=U(0.0596820490894, 1.0)  N_hist=25920
------------------------------------------------------------------------------------------------------------------------
0XXXXXXXXXXX0XXXXXXXXXXXX0XXXXXXXXXX0XXXX0X0XXXXX0XXXXXX0XXXXXXXX0XXXXXXXX0XXXXXXX0X0XXXXXXX0XXXXXXXXXXXXXXXXXXXX0XXXXXX
XXXXX0XXXXXXXXXXXXX0XXXXXXXXXXXXXXXXX0XX0XXXXXXXXXXXXXXXXXXX


Generation 145/200  F=U(0.0596820490894, 0.87)  N_hist=26100
------------------------------------------------------------------------------------------------------------------------
0X0XX0X00XXXXXXXXXXXXX00X0XXXXXXXXXXXXXXXXXX0XXXXXXXXXXXXXX0XXXXXXXXXXXXXXXXXX0XXXX0XXXXXXXXXX00XXXXXXXXX0XXXXXX0XXXXXX0
XXXXXXXXXXXXXXXXXXXXXXXXXXXX0XXXXXXXXXXXXXXXXXXXXXXXXXXXXXXX


Generation 146/200  F=U(0.0596820490894, 0.983427413566)  N_hist=26280
------------------------------------------------------------------------------------------------------------------------
0X0XXXXXXXXXXXXXXXXX0XXXXXXXXXX0XXXXXXXXXXXXXXXXXXX0XXXXXXXXXX000X0XXXXXXXXXXXXXXX0XXXXXXXXXXXXXXXXXXXXXX00XXXX0XXXXXXXX
XXXXXXXXXXXXXXXXXXX000XX0XXXXXXXXXXXXXXXXXXXXXXXXXXXXXXXXXXX


Generation 147/200  F=U(0.0596820490894, 0.855581849802)  N_hist=26460
------------------------------------------------------------------------------------------------------------------------
XXXX0X0XX0XXXXXX0XXXXXXXXXXXXXXXXXXXXXXXXXXXXXXXXXXXXXXXXXXXXXXXXXXXXXXXXXXXXXXX0X0XXXXXXXXX0XXXXXXXXXXXX0XXXXXXXXXXXXX0
XXXX0XXXXXXXXXXXXX0XX00XXXXXXXXXXXXXXXXXXXXXXXXXXXXXXXXXXXXX


Generation 148/200  F=U(0.0596820490894, 0.744356209328)  N_hist=26640
------------------------------------------------------------------------------------------------------------------------
X0X00XX0XXXXXXXXXX0XXXXXXXXXX0XXXX0XX0XXXXXXXXXXX0X0XXXXXXXXXXXXXXXXXXXXXXXXXX0XXXXXXXXXXXXXXXXXXXXXXXXXXXXXXXXXXXXXXXXX
XXXXXXXXXXXXXXXXXX0XXXXXXXXXX0XXXXXXXXXXXXXXXXXXXXXXXXXXXXXX


Generation 149/200  F=U(0.0596820490894, 0.647589902115)  N_hist=26820
------------------------------------------------------------------------------------------------------------------------
00XXX0XXXXXXXXXXXXXXXXXXXXXXXX0XXXXXXXXXXXXXXXXXXXXX0XXXXXXXXXXXXXXXXXXXXXXXXXX0XXXXXXXXXXXXXXXXXXXXXXX0XXXXXXXXXXXXXXXX
XXXXXX0XXXX0XXXXXXXXXXXXXXXXXX0X0XXXXXXXXXXXXXXXXXXXXXXXXXXX


Generation 150/200  F=U(0.0596820490894, 0.56340321484)  N_hist=27000
------------------------------------------------------------------------------------------------------------------------
X00XXXXXXXXXXXXXXXX0XXXXXXX0XXXXXXXXXXXXX000XXXXXXXXXXXXXXXXXXXXX0XXXXXXXXX0X0XXXXXXXXXXXXXXX0XXXXXXXXXXXXXX00XXXX0XX0XX
XXXXXXXXXX0XXXX0XXXXXXXXXXXXXXXXXXXXX00X0XXXXXXXXXXXXXXXXXXX


Generation 151/200  F=U(0.0596820490894, 0.636857662489)  N_hist=27180
------------------------------------------------------------------------------------------------------------------------
0XX00XXXXXXXXXXXXX0XXXXXXXXXXXXXXXXXX0XXXX0XXXXXXX0XXXXXXXXXXXXXXXXXXXXX0XXXXXXXXXX0XXXXXXXXX0XXXXXXXXXXX00XX0XXXXXXXX0X
XXXXXXXXXXXXXXXX0XXXXXXXXXXXXXXXX0XXXXXXXXXXXXXXXXXXXXXXXXXX


Generation 152/200  F=U(0.0596820490894, 0.554066166365)  N_hist=27360
------------------------------------------------------------------------------------------------------------------------
X0XXXXXXXXXXXXXXX0XXXXXX0XXXXXXXXXXXXXXXXXXXXXXXXXX00XXXXXXX0XXXXXXXXXXXXXXXXXXXXXX0XXXXXXXXXXXXXX0XXXXXXXXXXXXXXXXXXXXX
XX0XXXXXXX0XXXXXXX0XXXX0XX0XXXXX00XXXXXXXXXXXXXX0XXXXXXXXXXX


Generation 153/200  F=U(0.0596820490894, 0.482037564738)  N_hist=27540
------------------------------------------------------------------------------------------------------------------------
XXXXXXX0X0X0XXXXXXXXXXXXXXXXXXXXXXXXXXXXXXXXXXXXXXXX0X0XXXXXXXXXXXXX0XXXXXXXXXXX0XX0XXXXXXXX0XXXXXXXXXXXXXXXXX0XXXXX0XXX
XXXXXXX0XXXXXXXXXXXXXXXXXXXXXXXXXXXXXXXXXXXXXXXXXXXXXXXXXXXX


Generation 154/200  F=U(0.0596820490894, 0.419372681322)  N_hist=27720
------------------------------------------------------------------------------------------------------------------------
00XX0XXX00XXXXXXX0XXXXX0XXXXXXXXXXXXXXXXXXXXXX0XXXXXXXX0XXXXXXXXXXXXXXXXXXXXXXXXXXXX0X0X0X0XXXXXXXXXXXXXXXXX0XXXXXXXXXXX
XXXXXXXXXXX00XXXXXXXXX0X0XXXXXXXXXXXXXXXXXXXXXXXXXXXXXXX0XXX


Generation 155/200  F=U(0.0596820490894, 0.474048955532)  N_hist=27900
------------------------------------------------------------------------------------------------------------------------
X00XXXXXXXXXXXX0X0XXXXXXXXXXXXXXXXXXXXXXXXXXXXXXXX000XXXXXXXXXXXXXXXXXXX0XXXXXXXXXXXXXXXXXXXXXX0XXXXXXX0XXX0XXXXXXXXXXXX
XXXXXXXXXXXXXXXXXXXXXXXXXXX0XXXXXXXXXXXXXXXXXXXXXXXXXXXXXXXX


Generation 156/200  F=U(0.0596820490894, 0.412422591313)  N_hist=28080
------------------------------------------------------------------------------------------------------------------------
0X0X0X00XXXXXX0XXXXXXXXXXXXXXXXXXXXXXXXXXX0XXXXXXXXXXXXXXX00XXX0XXXXXXXXXXXXXXXX0XXXX00XXXXXXXXXXXXXXXXXXXXX0XX0XXXXXXXX
000XXXXXXXXXXXXXXXXXXXXXXXX0XXXXXXXXXXXXXXXXXXXXXXXXXXXXXXXX


Generation 157/200  F=U(0.0596820490894, 0.466192738242)  N_hist=28260
------------------------------------------------------------------------------------------------------------------------
0X00XXXXXXXX0XXXXXXXXXXXXXXXXXXXXX00XX0X0XXXXXXXXXXX0XXXXXXXX0XXXX0XXXXXXXXXXXXX00XX0XXXXXXXXXXXXXX0XXX0XXXXXXXXXXX0XXXX
0XXXXXXXXXXXXXXXXXXXXXXXXXXXXXXXXXXXXXXXXXXX0XXXXXXXXXXXXXXX


Generation 158/200  F=U(0.0596820490894, 0.405587682271)  N_hist=28440
------------------------------------------------------------------------------------------------------------------------
0X0000XXX00XX000XXXXXXXXXXXXXXX0XXXXXXXXXXXXXX00XXX0XXXXXXXXXXXX0XXXXXXX0XXXXXXXXXXXXXXXXX0X0XXXX0XX0XXXXXXXXXX0XXXXXXX0
XXXX0X0XXXXXXXX0XXXXXXXXXXX0X0XXXXXXXXXXXXXXXXXXXXXXXXXXXXXX


Generation 159/200  F=U(0.0596820490894, 0.458466718793)  N_hist=28620
------------------------------------------------------------------------------------------------------------------------
00XXXXXXX0XXXXXXXXX0XXXXXXXXXX0XXXXX0XXXXXXXXXXXX0XXXXXXXXXXXXXXXXXXXXX0XXXXXXXXXXXXXXX0XXXXXXXXXXXXXXXXXXXXXXXXXX0XXXXX
XXXXXXXXXXXXXXXXXXXXXXXXXXXXXXXXX000X0XXXXXXXXXXXXXXXXXXXXXX


Generation 160/200  F=U(0.0596820490894, 0.39886604535)  N_hist=28800
------------------------------------------------------------------------------------------------------------------------
0XXXXXXXXXXX0XXXXXXXXX0XXXXXXXXXXXXX00XXXXX0XXX0XXXXXXXX0XXXXXXXXXX0XXXXXX0XX0XXXXXXXX0X00XX0X0XXXXXXXXXXXXXXXXXXXXXXX0X
XXXXX0X0XXXXXXXXXXX0XXXXXXXXXXXXXXXXX0XXXXXXXXXXXXXXXXXXXXXX


Generation 161/200  F=U(0.0596820490894, 0.450868739469)  N_hist=28980
------------------------------------------------------------------------------------------------------------------------
XXXXXXXXXXXX0XXXXXXXXXXXXXXX00XX0XXXXXXXX0XX0XXXXXXXXXXX0XXXXXX0XXXX0XXXXXXXXXXXXXXXXXXXXXXXXXXXXXXXXXXXXXXXXXXXX0XXXXXX
XXXXXXXXXX00XX0+XXXXXXXXXXX00X0XXXXXXXXXXXXXXXXXXXXXX0XXXXXXX


Generation 162/200  F=U(0.0596820490894, 0.509651354383)  N_hist=29160
------------------------------------------------------------------------------------------------------------------------
XX0XXXXXXXXXXXXXXXXXXXXXXXXXXXXXXXXXXXXXXX0XXXXXXXXXXX00XX0X0X0XXXX0XXXXXXXXXXXXXXXXXXXXXXXXXXXXXXXXXXXXXXX0XXX0X0XX0XXX
X0XXXXX0XXXXXXXXXXX0XXXXXXXXXXXXXXXXXX0XXXXXXXXXXXXXXXXXXXXX


Generation 163/200  F=U(0.0596820490894, 0.443396678313)  N_hist=29340
------------------------------------------------------------------------------------------------------------------------
00XX0X00X0XXXXXXXXXXXXXXXXXXXXXXXXXXXXX0XXXXXXX0XXXXXX0XXXXXXXXXXXXXXXXXXX0XX0XXXXXXXXXXX0XXXXXXX0XXXXXXXXXX0XXXXXX0XXXX
XX0XXXXXXXXX0XXXXXXXXX0XX0XXX0XXXXXXXXXXXX0XXXXXXXXXXXXXXXXX


Generation 164/200  F=U(0.0596820490894, 0.385755110133)  N_hist=29520
------------------------------------------------------------------------------------------------------------------------
0XXX0XXXXXXXXXXXXXXXXXX0XXXXXXX0XXXXXXXXXXXXXX0XXXXX0XXXXXX00XXXXXXXXXXX0XXXXXXXXXXXXXXXXXX0XXXXXXXXX0XX0XXXXXXXXXX0XXXX
XXXXXXXXXXXXXXXXXXXXXX0XXXXXXXXX0XXXXXXXXXXXXXXXXX0XXXXXXXXX


Generation 165/200  F=U(0.0596820490894, 0.335606945815)  N_hist=29700
------------------------------------------------------------------------------------------------------------------------
0XX00XX0XXXXXX0XXXX00XXXXXXXXXXXXXX0XX0XXXXXXXXXXXXXXXXXXXXXXX0XXXXXXXXXXXXX0X0XXXXXXXXXXXXXXXXXXXXXXXXXXXXXXX0XXXX0XXXX
XXXXXXX0XXXXXXXXXXXX0XXXXXXXXXXXXXXXXXXXXXXXXXXXXXXXXXXXXXXX


Generation 166/200  F=U(0.0596820490894, 0.291978042859)  N_hist=29880
------------------------------------------------------------------------------------------------------------------------
0XXXXXXXXXX0XX0XXXXX0XXXXXXXXXXXX0XXX0XXXXXXXXXX0XXXXXXXXXXXXXXXXXXXXXXXXXXXXXXXX0XXXXXXXXXXXXXXXXXXXXXXXXXXXXXXXXXXX0XX
00XXXXXXXXXX00XXX0XX0XXXXX0XXXXXXXXX0XXXXXXXXXXXXXXXXXXXXXXX


Generation 167/200  F=U(0.0596820490894, 0.254020897288)  N_hist=30060
------------------------------------------------------------------------------------------------------------------------
0+0X0X0XXXXXXXXXXXXXX0XX0XX0XXXX0XXXXXXX0XXXXXXXXXXXXXXXXXXXXXXXXXXXXXXXXXXXXXXXXXX0XX0XXXXXXXXXXXX0X0XXXXXXXXXXXXXXXXXX
XXX0X0X000XXXX00XXXXXXXXXX0XXXXXXXXXXXXXXXXXXXXXXXXXXXXXXXXXX


Generation 168/200  F=U(0.0596820490894, 0.22099818064)  N_hist=30240
------------------------------------------------------------------------------------------------------------------------
00XXXXXXXXXXXXXXXXXXXXXXXXXXXXXXXXXXXXXXX0XXXXXXXXX0XXXXXXXXXXX0XXXXXXXXXXXXXXX0XXXXXXXXXXXXXXXXXXXXXXX0XXXXXXXXXXXXXX0X
XXXXXXXXXXXXX0XXXXXXXXXXXXXXXXXX0XXXXXXXXXXXXXXXXXXXXXXX0XXX


Generation 169/200  F=U(0.0596820490894, 0.192268417157)  N_hist=30420
------------------------------------------------------------------------------------------------------------------------
0X0XXXXXXXX0XXXXXXXXXXXXXXXXXXXXXXXXXXXXXXXXXXXXX0XXXXXX0XXXXXXXXX0000X0XXXXXXXXXXXXXXXXXXXXXXXXXXXXXXXXXXXXXXXXXXXXXXXX
XXXXXXXXXXXXXXXXXXXXXXXX0XXXXXX0XXXXXX0XXXXXXXXX0XX0XXXXXXXX


Generation 170/200  F=U(0.0596820490894, 0.192268417157)  N_hist=30600
------------------------------------------------------------------------------------------------------------------------
0X0XXX00XXXXXXXXXXXXXXXXXXX0XXXXXXXXXXXX0X0XXXXXXX0XXXXXXXXXXX0XXXXXXX0XXXXXXXXX0XXX0XXXXXXXXXXXX0XXXX00XXXXXXXXXXXXX0XX
XXXX0XX0XXXXXXXXX0XXXXXXXXXXXXXXXXXXXX00XX0XXXXXXXXXXXXXXXXX


Generation 171/200  F=U(0.0596820490894, 0.21733566919)  N_hist=30780
------------------------------------------------------------------------------------------------------------------------
X0XXXX00XXX00XXXXXXXXXXXX0XXXXX0XX0XXXXXXXXXXXX0XXXXXXX0XXXX0XXX0XXXXXXXXXXXX0X0XXXXX0XXXXXXXXXXXXXXXXXXXXXXXXXXXXXXXXXX
X00X000+XXXXX0X0XXXXXXX0XXX0XX0XXXXXXXXXXXXX0XXXXXXXXXXXXXXXX


Generation 172/200  F=U(0.0596820490894, 0.245671097732)  N_hist=30960
------------------------------------------------------------------------------------------------------------------------
XXX0XXXXXXXXXXXXXXX0XXXX0XXXXXXXXXXXXXXXXX0X0X00XXXXX000XXXXXXXX0XXXXXXXXXXXXXXXXXXXXX0XXXXXX0X0XXXXXXX0XXXXXXXXXXXXXXXX
XXXXX0XXXXXXXXXXXXXXXXXXXX00X0XXXXXXXXXXXXXX0XX0X0XXXXXXXXXX


Generation 173/200  F=U(0.0596820490894, 0.277700795667)  N_hist=31140
------------------------------------------------------------------------------------------------------------------------
00X0XXX0XX000XXXXXXXXXXXXX0XXXXXXXXXXXXXXXXXXX0XXXXXXXXXX00XXXXXXXXXXXXXXXXXXXXXX0XXXX0X0XXXXXXXXX0XXXXXXXXXXXXX0XXXXXXX
XXXX0XXXXXXXXXXXXXX0XXXXXXXXXXXXXXXXXXXXXXXXXXXX0XXXX0+XXXXXX


Generation 174/200  F=U(0.0596820490894, 0.313906408309)  N_hist=31320
------------------------------------------------------------------------------------------------------------------------
00X00X0XXXXXXXXX0XXXXXXXXXXXXXXXXXXXXXXXXXXXXXXXXXX0XXXXXXXXXXXXXXXXXXXXXXXXXXXXXXXXXXXXXXXXXXXXXXXXXXXXXXXXXXXXXXXXXXXX
XXXXXXXXXXXX0XXXXXXXXXXXXXXXXXXXXXXXXXXXXXXXXXXX0XXXXXXXXXXX


Generation 175/200  F=U(0.0596820490894, 0.35483237612)  N_hist=31500
------------------------------------------------------------------------------------------------------------------------
0XXXXXXXXXXXXXXXXXXXXXXXX0XXXXXXXXXXXXXXXX0XXXXXXXXXXXXXXXXXXXXXXXXX0XXXXXXXXXXXXXXXXXXXXXXX0XXXXXXXXXXXXXX0X0XXXXXXXX0X
XX0XXXXXXXXXXXXXXXXXXXXXXXXXXXXXXXXXXXXXXXXXXXXXXXXXXXXXXXXX


Generation 176/200  F=U(0.0596820490894, 0.308704167225)  N_hist=31680
------------------------------------------------------------------------------------------------------------------------
000XXXXXXXXXX0XXXXXXXXXXXXXXXXXXXXXXXXXXXXXXXXX0X0XXXX0XXXXX0X000XXXXX00XXX00XXX0XXXXXXXXXXXXXXXXXXXXXXXXXXXXXXXXXXXXX0X
XXXXXXXXXXXXXXXXXXXXXXXXXXXXXXXXXXXXXXXXXXXX0XXXXXXXXX0XXXXX


Generation 177/200  F=U(0.0596820490894, 0.348951885898)  N_hist=31860
------------------------------------------------------------------------------------------------------------------------
00X0XXXXXXX0XXXXXXXXXXXXX0XXXXXXXX0+XXXXXXXXXXXXXXXXXXX0XXXXXXXXXXXXXXXXXXX0XXXXXXX0XXXXXXXX0XXXXXXXXXXXXXXXXX0XXXXXXXXX
XXXXXXXXXXXXXXXXXXXXXXXX0XXXXXXXXXXXXXXXXXXXXXX0XXXXXXXXXXXXX


Generation 178/200  F=U(0.0596820490894, 0.394446954721)  N_hist=32040
------------------------------------------------------------------------------------------------------------------------
0000000XXXXX00XXXXXXXXXXXXXXXXXXXXXXXXXXX00XXXXXXX0XXXXXXXXXXXXXXXXXXXXXXXXXXXXXXXXXXXXXXXXXXXXXX0XXXXXXXXXXXXXXXXXXXXX0
XXXXXXX0XXX0XXXXXX0XXXXXXX0XXXXXXXXXXXXXXXXXXXXXXXXXXXXXXXXX


Generation 179/200  F=U(0.0596820490894, 0.445873503989)  N_hist=32220
------------------------------------------------------------------------------------------------------------------------
X0X0XXXXXXXXXXXXXXXXX0XXXXXXXXXXX0XXXXXXXXXXX0XXXX0XXXXXXXXXXXXX00XXXXXXXXX0XXXXXXXXXXXXXXXXXXXXXXXXXXXXXXXXXXXXXXXXXXXX
XXXXXXXXXXX0XXXXXXXXXXXXXXXXXXXXXXXXXXXXXXXXXXXXXXXXXXXXXXXX


Generation 180/200  F=U(0.0596820490894, 0.38790994847)  N_hist=32400
------------------------------------------------------------------------------------------------------------------------
0X00XXXXXXXXX0XXXXXXXXXXXXXXX0XXXXXXXXXXXXX0XXXXXXXXXXXXXXXXXXXXX0XXXXXXXXXXXXXXXXXXXXXXX00XXXXXXXXXXXXXXXXXXXXXXXXX0X0X
XXXXXXXXXXXXXXXX0XXXXXXXXXXXXXXXXXXXXXXXXXXXXXXXXXXXXXXXXXX0


Generation 181/200  F=U(0.0596820490894, 0.337481655169)  N_hist=32579
------------------------------------------------------------------------------------------------------------------------
0X0XX00XX0XXXXX00XXXXXXXXXXXXXXXXXXX0XXXXXXXXXXXXXXXXX0XXXXXXXXXXXXXXXXXXXXXXXXXXXXXXXXXXXXXXXXXXXXXXXXXXXXXXXXXXXXXXXXX
X0XXXXXXXXXXXXXXXX0XXXXXXXXXXXXXX00XX0XXXXXXXXXXXXXX0XXXXXXX


Generation 182/200  F=U(0.0596820490894, 0.381481277321)  N_hist=32760
------------------------------------------------------------------------------------------------------------------------
000X0XXXXXXXXXXXX0XXXXXXXXXXXX000XXX0XXXXXXXXXXXXXXXXXXXXXXXXXXXXXXXXXXXXXXXXXXXXXXX0XX0XX0XXXXXXXXXXXXXXXXXXXXXXXXXXXXX
XXXXXXXXXXXXXXX0XXXXXXXXXXXXXXXXXXXXXXXXXXXXXXXXXXXXXXXXXXXX


Generation 183/200  F=U(0.0596820490894, 0.431217409057)  N_hist=32940
------------------------------------------------------------------------------------------------------------------------
0X000XXXXXX0XXXXX0X0XXXXXXXXXXXXXXXXXX0XX00XXXXXXXXXXXX00XX0XXXX0XXX0XXXXXXXXXXXXXXXXXXXXXXXXXXXXXXXXXXXXXXXXXXXXXXXXXXX
XXXXXXXXXXXXXXXXX0XXXXXXXXXXXXXXXXXXXXXXXXXXXXXX0XX0X0XXXXXX


Generation 184/200  F=U(0.0596820490894, 0.487437955486)  N_hist=33120
------------------------------------------------------------------------------------------------------------------------
000XXXXXXXXX0XXXXXXXXXXXXXXXXXXXXXXXXXXXXXX0XXXXXXXXXXXX00XXXXXXXXXXXXXXXXXXXXXXXXXXXXXXXXX0XXXXXXXXXXXXXXXXXX0XXX0X0XXX
XXXXXXXXXXXXXXXXXXXXXXXXXXXXX0XXXXXXXXXXXXXXXXXXXXXXXXXXXXXX


Generation 185/200  F=U(0.0596820490894, 0.424071021273)  N_hist=33300
------------------------------------------------------------------------------------------------------------------------
X0XXXXXX0XXXXXXXXXXXXXXXXXXXXXXXXXXXXXX0XXXX0XXXXX0X0XXXXXXXXXXXXXXX00XXXX0XXXXXXX0XXXXX0XXXXXXXXXXXXXXXX0XXXXXXXXXXXXXX
XXXXX0XXXXX0XXXXXXXXXXXXXXXXXXXXXXXXXXXXXXXXX0XXXXXXXXX00XXX


Generation 186/200  F=U(0.0596820490894, 0.479359847838)  N_hist=33478
------------------------------------------------------------------------------------------------------------------------
0X0XXXXXXXXXXXXXXXXXXX00XXXXXXXXXXXXXXXXXXXX0XXXXXX0XXXXXXXXXXXXXXXXXXXXXXX00XXXXXXXXXXX0XXXXXXXXXXXXXXXXXXXXXXXXXXXXXXX
XXXXXXXXXXXXXXXXXXX0XXXXXXXX0XXXXXXXXXXXXXXX0XXXXXXXXXXXXXXX


Generation 187/200  F=U(0.0596820490894, 0.417043067619)  N_hist=33660
------------------------------------------------------------------------------------------------------------------------
X0XXX0XXX00XXXXXXXXXXXXXXXXX0XXXXXXXXXXXXXXXX0XXXXX0XXXXXXXXXXXXXXXXXXXXXXXXXXXXXXXXXXXXXXX0XX0XXXXXXXXXXXXXXXX0XXXXXXXX
XXXXXXX00XX0X0XXXXXXXXXXXXXXXXXXXXXXXXXXXXXXXXXXXXXXXXXXX0XX


Generation 188/200  F=U(0.0596820490894, 0.362827468829)  N_hist=33840
------------------------------------------------------------------------------------------------------------------------
X0XXX0XXXXXXXXXXXXXXXXXXXXXXX0XXXXX0XXXXXXXXXXXXXXXXXXXX00XXXXXXXXXXXXXXXXXXXXXXXXXXXXXXXXX0XXXXXXXXXXX0XXXXXXXXX0XXXXXX
XXXXXX00XXXXXXXXXXXXXXXXXXXX0XXXXXXXXXXXXXXXXXXXXXXXXXXX0XXX


Generation 189/200  F=U(0.0596820490894, 0.315659897881)  N_hist=34019
------------------------------------------------------------------------------------------------------------------------
X0XXXXXX0XXXXX00X0XXXXXXXXXXXXXXXXXXXXX0XXXXXXXXXXXXXXXXXXXXXX0XXXXXXXXXXXXXXXXXXX0XXXXXXXXXX0XXXXXXXXXX0XXXXXX0XXXXXXXX
XXXXXXXXXXXXXX0XXXXXXXXXXXXXXXXXXXXXXXXXXXXXXXXXXXXXXXXXXXXX


Generation 190/200  F=U(0.0596820490894, 0.274624111156)  N_hist=34200
------------------------------------------------------------------------------------------------------------------------
X0XXXXXX0XXXXXXXXXXXXXXXXXXXXX00XXX0000XX0XXXXXXXXXXXXXXXXXXXXXXXXXXXXXXX00XXX00XXXXXXXXXXXXXX0XX0XXXXXXX0XXXXXXXXXXXXXX
XXXXXXXXXXXXX0XXXXXXXXXXXXXXXXXXXXXXXXXXXXXXXXXXXXXXXXXXXXXX


Generation 191/200  F=U(0.0596820490894, 0.238922976706)  N_hist=34380
------------------------------------------------------------------------------------------------------------------------
X000XX0XXX0XXXXXXX00XXXXXXX0XXXXXXXX0X0XXX0XXXXXXXXXXXXXXXXXXXXXXXXXXXXXXXXXXXXX0XXXXXXXXXXXXXXXXXXXXX0XX0X0XXXXXXXXXXXX
XXXXXXXXXXXXXXXXXXXXX0XXXXXXXXXX00XX0XXXXXXXXXXXXXXXXXXXXXXX


Generation 192/200  F=U(0.0596820490894, 0.270072879337)  N_hist=34560
------------------------------------------------------------------------------------------------------------------------
X0XXX00XXXXXXXXXXXXXXXXXXXXXXXXX00XXXXXXXXXXXXXXXXXXXXXXXXX0XXXXXXXXXXXX0XXXXXXXXXXXXXXXXXXXXXX0XXXXXXXXX0XXXXXXX0XXXXXX
XXXXXXXXX0XXXXXXXXXXXXXXXXXXXXXXXXX0+XX0XXXXXXXXXXXXXXXXXXX0X


Generation 193/200  F=U(0.0596820490894, 0.234963405023)  N_hist=34740
------------------------------------------------------------------------------------------------------------------------
XXXXXXXXXXX0XXXXXXXXXXXXXXXXXX0XXXXXX0XXXXXXXXXXXXXXXXXXXXXXXXXXXXXXXXXXXXXXXXXX0XXXXXXXXXXX00XXXXXXXXXXXXXXXXXXXXXXXXXX
XXXXXXXXXXXXXXXXXXX00XXXX0XXXXX0XXXXXXXXXXXXXXXXXXXXXXXXXXXX


Generation 194/200  F=U(0.0596820490894, 0.20441816237)  N_hist=34920
------------------------------------------------------------------------------------------------------------------------
000X00X0XXXXXXXX0XXXXXXXXXX0XXXXXXXXXXXXXXXXXXXXXXXXX0XX0XXXXXXXXXXXXXXX0X0XXXXXXXXXXXXXXXXX0X0X0XXXXXXXXXXXX0XX0XXXXX0X
XXXXXXXXX0XXXXXXXXXXXXXXXXXXXXX0XXX00XXXXXXXXXXXXXXXXXXXXXXX


Generation 195/200  F=U(0.0596820490894, 0.231069453685)  N_hist=35100
------------------------------------------------------------------------------------------------------------------------
0XXXXXXXXXXXXX0+XX0XXXXXXXXXXXXXXXXXXXXXXXXXXXXXXXXXXXXXXXXXXXXXXXXXXXXXXXXXXXXXXXXXXXXXXXXXXXXXXXXXXXXXXXXXXXXXXXXXXXXX
XXXXXXXX00XXXXXXXXXXX0XXXXXXX0XXX0XXXXXXXXXXXX0XXXXXXX0XXXXXX


Generation 196/200  F=U(0.0596820490894, 0.261195442749)  N_hist=35280
------------------------------------------------------------------------------------------------------------------------
0XXX0XXXXXXXXXXXXXXXXXXXXXXXXXX0XXXXXXXXX00XXXXXXXX0XXXXX0XXXXXXXXXXXXXXX00X0X0XXXXXXXXXXXXXXXXXXXXXXXX0XX0XXXXXXXXX0XXX
XXXXXXXXXXXXX0X0XXXXXXXXXXXXXXXXXXXXXXXXXXXXX0XXXXXXXXXXXXXX


Generation 197/200  F=U(0.0596820490894, 0.227240035191)  N_hist=35460
------------------------------------------------------------------------------------------------------------------------
X0XX0XXXXX0XXXX0XXXXXXXX0XXXXXXXXX0XXXXXXXXXXXXX0X0XXXXXXXXXXXXXXXXXXXXXXXX000000XXXXXXXXXXXXXXXXXXXXXXXXXXXXXXXXXXXXXXX
XXXXXXXXXX0XXXXXXX0XXX0XXXXXXXXXXXXXXXXXXXXXXXXXXXXXXXXXXXXX


Generation 198/200  F=U(0.0596820490894, 0.197698830617)  N_hist=35640
------------------------------------------------------------------------------------------------------------------------
00X0X0XX0XXXXXX0XXXXX0XXXXXXXXX0000XXXXXXXX0XXXXX0XXXXXXXXXXXXXX00XXXXXXXX0XXXXXXX00XXXXXXXXXXXXXXXXXXXXXX0XXXXXXXXXXX0X
XXXXXXXXXXXXXXXXXXXXXXXXX0X0XXXX0XXXXXXXXXXX0X0XXXXXXXXXXXXX


Generation 199/200  F=U(0.0596820490894, 0.223474080067)  N_hist=35820
------------------------------------------------------------------------------------------------------------------------
X0XXX00XXXXXXX0XXXXXXXXXXXXXXXXXXXXXXXXXXXXXXXXXXXXXXXXXXXXX0X0XXXXXXXXXXXXXXXXXXXXXXXXXXXXXXXX0XXXXXXXXXX00X0XXXX0XXXX0
XXXXXX0XXXXXXXXXXXXXXXXXXXX000XX0XXXXX0XXXXXXXXXXXXXXXXXXXXX


Generation 200/200  F=U(0.0596820490894, 0.252609812137)  N_hist=36000
------------------------------------------------------------------------------------------------------------------------
0XX0XX00+XXXXXXXXXXXXXXXXXXXXXXXXXXXXXXXXX0X0X0XXXXXXX0XXX00X0XX0XXXXXXXXXXXX0XXXXXXXXX0XX000XXXXXXX0XXXXXXXXXXXXXXXXXXX
XXXXXXXXX0X0XXXXXXXXXXXXXXXXXXXXXXX00XXXXXXXXXXXXXXXXXXXXXXXX

Maximum number of iterations reached.

SSE=12.404 on eval 36180: b=0.121384* r=0.115439 rc=1.72738e-09* rf=0.994026 t0=62.8715 th=3.08255


Shutting down DE...
DE shutdown complete.

Final population:
Population: 180 individuals with SSE 12.404 to 12.406, avg eval time 0.0259 sec. Top 7:

        SSE |     12.404       12.404       12.404       12.404       12.404       12.404       12.404  
------------------------------------------------------------------------------------------------------------------------
          b |    0.12138*     0.12134*    0.072738*     0.18178*  0.00041806*     0.33627*     0.33439* 
          r |    0.11544      0.11548      0.11551      0.11546       0.1158      0.11543      0.11542  
         rc | 1.7274e-09*  8.4581e-09*  8.4192e-09*  2.0913e-09*  4.8239e-08*  7.3967e-09*  6.8377e-09* 
         rf |    0.99403      0.99329      0.99357      0.99519      0.98409      0.99252      0.99272  
         t0 |     62.871       62.867       62.863       62.865       62.856       62.875       62.874  
         th |     3.0826       3.0805       3.0818       3.0847       3.0643       3.0778       3.0782  
------------------------------------------------------------------------------------------------------------------------
Best individual:
<SSE=12.4042 b=0.121384* r=0.115439 rc=1.72738e-09* rf=0.994026 t0=62.8715 th=3.08255>


Elapsed time: 438.88 seconds

Saved final population of best parameter combinations to covid19.dat
Shutting down...
Task Queue is shut down
Goodbye
