Decompressing and parsing covid19.csv.bz2...
Cumulative and new cases reported thus far for US
------------------------------------------------------------------------------------------------------------------------
000	01/22	1	0
001	01/23	1	0
002	01/24	2	1
003	01/25	2	0
004	01/26	5	3
005	01/27	5	0
006	01/28	5	0
007	01/29	5	0
008	01/30	5	0
009	01/31	7	2
010	02/01	8	1
011	02/02	8	0
012	02/03	11	3
013	02/04	11	0
014	02/05	11	0
015	02/06	11	0
016	02/07	11	0
017	02/08	11	0
018	02/09	11	0
019	02/10	11	0
020	02/11	12	1
021	02/12	12	0
022	02/13	13	1
023	02/14	13	0
024	02/15	13	0
025	02/16	13	0
026	02/17	13	0
027	02/18	13	0
028	02/19	13	0
029	02/20	13	0
030	02/21	15	2
031	02/22	15	0
032	02/23	15	0
033	02/24	51	36
034	02/25	51	0
035	02/26	57	6
036	02/27	58	1
037	02/28	60	2
038	02/29	68	8
039	03/01	74	6
040	03/02	98	24
041	03/03	118	20
042	03/04	149	31
043	03/05	217	68
044	03/06	262	45
045	03/07	402	140
046	03/08	518	116
047	03/09	583	65
048	03/10	959	376
049	03/11	1281	322
050	03/12	1663	382
051	03/13	2179	516
052	03/14	2727	548
053	03/15	3499	772
054	03/16	4632	1133
055	03/17	6421	1789
056	03/18	7783	1362
057	03/19	13677	5894
058	03/20	19100	5423
059	03/21	25489	6389
060	03/22	33276	7787
061	03/23	43847	10571
062	03/24	53740	9893
063	03/25	65778	12038
064	03/26	83836	18058

Initializing 210 population members having 7 parameters
------------------------------------------------------------------------------------------------------------------------
*999269!99391999929995999999924249998!9993929999997829999199929999699996949299999999149999999955949979999951999199999996
979395929943999219939999993!99999899995799596999699939212998499993998334999949999999399329

Population: 210 individuals with SSE 12.048 to 18306, avg eval time 0.0159 sec. Top 7:

        SSE |     12.048         12.5       13.363       15.138       15.895       17.109       17.609  
------------------------------------------------------------------------------------------------------------------------
          L | 1.2698e+08   1.5901e+08   5.9725e+07   3.0081e+08   1.7287e+08   1.3932e+08   5.1342e+07  
          a |     320.08       354.07       160.65       109.72       404.92       116.26          197  
          b |   0.016261     0.016775   0.00075145*     0.01796     0.012712    0.0084809    0.0069267  
          n |    0.29293      0.20339      0.35919      0.42165      0.30774       1.0027      0.16462  
          r |    0.15996      0.16263        0.214      0.14908      0.16785      0.17948      0.16216  
         t0 |     376.16       260.16       485.16**     446.74       319.99       85.256        478.3**
         ts |     52.819       53.248       51.152       47.678       53.491       53.037        50.39  
------------------------------------------------------------------------------------------------------------------------
Best individual:
<SSE=12.0480 L=1.26976e+08 a=320.078 b=0.0162609 n=0.292928 r=0.159963 t0=376.156 ts=52.8186>

Performing DE with CR=0.8, F=U(0.5, 1.0), DE/rand-1.00/1/bin
------------------------------------------------------------------------------------------------------------------------
Press the 'Enter' key to abort.



Generation 1/50  F=U(0.5, 1.0)  N_hist=210
------------------------------------------------------------------------------------------------------------------------
1383X7X29X12399XX6X133XX22292X989XXXXXX2XX31XXX6XX9XXXXX919124912X929X9XX99XX9XX9X101938998X29X4X99XX2X2X14X36XX2XX33X99
XXXX242XX4X7X4X295X6XXXXXX1XX192XXXX99XX9X129XXXXX919XXXXXX5X42X2X139X2XX29XXXX6XXX9X8894X


Generation 2/50  F=U(0.5, 1.0)  N_hist=420
------------------------------------------------------------------------------------------------------------------------
XXX9X98XXX9X22XX5X221XXXXXXXXX827XX191X9X96XXX92XXX3XX4X2424X52XXX9XX965XX59XX4XXXX1XXXX122X255XXXXX66XXXXXX43XXXX39X07X
XX22X39XX11XXX9XXXX99XX2X1XXXXXX38X5XX2363XX9XX3+XX9XXX4XXXXX299XXX2X8X2XX91913XX4XXXX9XX31


Generation 3/50  F=U(0.5, 1.0)  N_hist=630
------------------------------------------------------------------------------------------------------------------------
XX9X4XXXXXXX2XX2X5323XXX9X1X1X3X4XXXXXX9X1XXXXXXX1XXX3X1X2X31X19XX9621XX421X2XX2XXXXXXXXXXXXXXX2X9XX9932+29293XXX66236X9
1X2XXXX3XXX59X2XXXX12X91XX9XX9XXXXXX2X565XXX1X321XXXXXX2XXX2X1XXX91XXXXX2XXX9XXXX19233XXXXX


Generation 4/50  F=U(0.5, 1.0)  N_hist=840
------------------------------------------------------------------------------------------------------------------------
X1XXXX2XX2XX3X1XXXX3X24XX2X2X9XX1XXXXXXX5XXX12XXX3XXXXXXXXXXXXX413XX9X4XX42XX1X1XXXXXXX2X2XXX9XXXXXXXXXXXXX31X1XX1XXXXXX
XXX2XX35X1XXX04XXXXX21XX1XXXX9XX1XXX7XXXX2XXXX2XXXX9XX3XXX9X5XXX8XX9312X1XXXXX32X29XXXX1X2


Generation 5/50  F=U(0.5, 1.0)  N_hist=1050
------------------------------------------------------------------------------------------------------------------------
21X1XXXXX11XXXX0XX3XX2XXXXXXXX2XXXXXXX4+X5X3X12XXXXXXXXXX211X21XXXX2XXXXX0XX146XXXX1XXXXX9X2XXXXXXXX1XXXXXX45XX28X2

SSE=11.365 on eval 1164: L=1.75123e+08 a=185.522 b=0.0104435 n=0.446803 r=0.158329 t0=429.945 ts=50.5923

+XXXX
XXXXXXXXXX4X1XXX1XXX1X41XX1XXXXX9XXXX2XXXX12XXXXXXXXXX1X2XXXXX1XXXXXXXXXXXX2X1XX1XXXXXXXXXXX


Generation 6/50  F=U(0.5, 1.0)  N_hist=1260
------------------------------------------------------------------------------------------------------------------------
XXXXXXXXX2XXXXX2XX3X2XXXXXXX213XXX12XX4X1X1X2XXXX31XXXXXXXX1XXX2XXX1XXXXXXXXXXXXXXXXX1X120XXXXXXXX4X12XX1XX1X122XXXXXXXX
XXXX4XX1X4X2XXX1XXXXXXXX3XX1X4XX1X6X2X1X1XXX222XX2XXXXXX22X1XX33XXXXXXXXXXX1XXXXX223XXXXXX


Generation 7/50  F=U(0.5, 1.0)  N_hist=1470
------------------------------------------------------------------------------------------------------------------------
15X22XXXXXXXXXXXX2X3X1XXXX4X1XX22211X1X12XXXXXXXXXXX21XXXXXXXX1XXXXXXXXX2XXXXXXXX2XXXXXXXXXXXXXX1XXX2+XX12X2XXXX2XXXXXXX
XXXX11XXXXXXXXXXXXXXXXXXXXX21XXXXXXXX2XXXX2XXXX1XXXXXXXXXXXXXXXX0XXX3XXX513

SSE=10.903 on eval 1671: L=1.38148e+08 a=36.2543* b=0.00920963 n=1.09292 r=0.157719 t0=46.9999 ts=47.2088

+1XXXXXXXXXXXXXXX


Generation 8/50  F=U(0.5, 1.0)  N_hist=1680
------------------------------------------------------------------------------------------------------------------------
2XX0XXXXXX2XXXXXXX1XXXXX1XXXXXXX12XXXXXXXXXXXXXXXXXXXXXXXXX1XXXXXXXXXXXX122XXXXX1XXXXXXXX1XXX2XXX1XXXXXXXXXXXXXXXXXXXX11
X1XXXXXXXXXXXXXXXXXX2122XXXXXXXXXXXXXXXXXXX2XXXXXXXX2XXXXX4XXXXXXXXXXXXXXXX1XXX2XXXXXXXXXX


Generation 9/50  F=U(0.5, 1.0)  N_hist=1890
------------------------------------------------------------------------------------------------------------------------
X2XXXXXX212X1XXXXXXXXXX11XXXXXXXX2XXX2021XXXXXXXXXX1XXXXXXXXXXXXXXX1XX1XXXXXXXXXXXX51XXX11XXXXXXXXXXXXXXXXXXXX2XXXX1X2XX
XXXXXXXXXXXXXXXXXXXXXXXXX02X1112X1XXXXXXXXX01X2XXXX2XXXXXXXXXX2XXXXXXXXXXXXXXXXXX12XXXXXXX


Generation 10/50  F=U(0.5, 1.0)  N_hist=2100
------------------------------------------------------------------------------------------------------------------------
1XX112X11XXXXXXXX2XXX1XX1X1X11X1XX2XXXXXXXXXXXXXXXXXX1XXXXXXXXXXXXXXXXXXXXXXXXXXXXXXXXXXXX2XX1XXXXXXXXXX1XXXXXXXXXXX1X2X
X0XXXXXXXXXX12XXXXXXXXXXXXXXXXXXXX1X1XXXXXXXXXXXXXXXXXXX2XXXXXXXXXXXXXXXXXXXXXXXXXX2XXXXXX


Generation 11/50  F=U(0.5, 1.0)  N_hist=2309
------------------------------------------------------------------------------------------------------------------------
0X2XXXXXX4XXX1XXXXX1XX1XXXXXXX3XXXX3XXXXXXXXXXXXXXXXX1XXXXXXXX1XX1XXXXXXXXXXXXXXXXXXXXXXXXXXXXXXXX11XXXXXX1XXXXXXXXXXXXX
X1XXX1XXXXXXXXX1XXXXXXXXX1XXXXXXXXXXXXXXXXXXX2XXXXXXXXXXX2XXXXXXXXXXXXXXXXXXXXXXX1XXXXXXXX


Generation 12/50  F=U(0.5, 1.0)  N_hist=2520
------------------------------------------------------------------------------------------------------------------------
2X11X1XXXX1XXXXX22XXXXXXXXXXXXXXXXXX2XX1XX1XXXXXXXXXXX2111X1XXXX2XXXX11XXXXXXXXXXXXXX11XXXXXXXXXXXXXXXXXXXX3XXXXXXXXXX2X
X1XXXXXXXXXXXXXXXXXXX1XX1XXXXXXXXXXXXX0XXXXXXXXXXXXXXXXXXXXXXX1XXXXXXXXXXXXXXXXXXXXXXXXXXX


Generation 13/50  F=U(0.5, 1.0)  N_hist=2730
------------------------------------------------------------------------------------------------------------------------
XX1XX1XXXXXXXX1XXXXXXXXXXXXXXXX121X2X1XXXXXXXXXX2XXXXXXXXXXXXX1X1XXXXXXXXXXXXXXXXXXXXXXXXXXXXXXXXXXXXXXXXXXXXXXXXX0XXXXX
XXXXXXXXXXXXXXXXXX2XX1XXXXXXXXXXX31121XXXXXXXXXXXXXXX12XXXXXXXXXXXXXXXXXXXXXXXXXXXXXXXXXXX


Generation 14/50  F=U(0.5, 1.0)  N_hist=2940
------------------------------------------------------------------------------------------------------------------------
X111X3XXX1XXXXXXXXX2113XXXXXXXXXXXXXXXXXXXXXXX3XXXXXXXXXXXXXXXXXXX2XX1X1XXXXX1XXXXXX2X1XX2XXXXXX11XXXXXX1X1XXXXXXX1XX1XX
XXXXXXXXXXXX2XXXXXX2XXXXXXXXXXXXXXXXXXXXX1XXXXX1XXXXXXXXXXXXXXXXX1XXXXXXXXXXXXXXXXXXXXXXXX


Generation 15/50  F=U(0.5, 1.0)  N_hist=3150
------------------------------------------------------------------------------------------------------------------------
X11XXXXXXXX1XXXX2XXXXXXXXXXXXXXXXXXXXXXXX1XXXX1XXXXXXXXXXXXXXX1XXXX1XXX1XXXXXXXXXXXX1XXXXXXXXXXXXXXXXXXXXXXXXXXXXXXXXXXX
11X1X011XXXXX1XXXXXXXXXXX12XXXXXXX1XXXXXXXXXXXXXXXXXXXXXXXXXXX1XXXXXXX2XXXXXXXX2XXXXXXXXXX


Generation 16/50  F=U(0.5, 1.0)  N_hist=3359
------------------------------------------------------------------------------------------------------------------------
X0XXXXXXXX1X1X1XXXXXXXXXXXXXXXXXXXXX110XXXXXXXXXX1X1XXXXXXXXXXXXXXXXXXXXX2X0XXXXXXXXXXXXXXXXXXXXXXXXXXXXXXXXXXXXXXXXX13X
1X02XXXXXXXXXXXX1XXXXXXXXXXXXXXX1X1XX1XXXXXXXX21XXXXXXXXXXXXXXXXXXX1XXXXXXXXXXXXXXXXXXXXXX


Generation 17/50  F=U(0.5, 1.0)  N_hist=3570
------------------------------------------------------------------------------------------------------------------------
2X1XXXXXXXXXXXXXXXXXXXXXXXXX2XXXXXXXXX1XXXXXXXXX2XXXXXXXXXXX2XXXXXXXXXXXXXXXX1X0XXXXXXXXXXXXXXXXXXXXXXXXXXXXX1XXX1XXXXXX
XX3XXXXXXX0XXXXXXXXXXXXXXXXXXXXXXXXXXXXXXXXXXXXX1XXXXX2XXXXXXXXXXXXXXXXXXXXXXXXXXXXXXXXXXX


Generation 18/50  F=U(0.5, 1.0)  N_hist=3780
------------------------------------------------------------------------------------------------------------------------
1X1XXXXX1XXX1XXXXXXXXXXXXXXXXXXXXXXXXXX1XXXXXXXXXXXXXXXXXX1XXXXXXXXXXX0XXXXXXXXXXXXXXXXX1XXX12X1XXXX1X1XXXXXXXXXXXXX1XXX
XXXXXXXXXXXXXXXX2X1XXXXXXXXXXXXXXXXXXXXXXXXXXXXXXXXXXXXXXXXXXXXXXXXXXXXXXXXXXXXXXXXXXXXXXX


Generation 19/50  F=U(0.5, 1.0)  N_hist=3990
------------------------------------------------------------------------------------------------------------------------
1XX1XXXXXXXXXXXXXXXXXXXXXXXXXXXXXXXXXXXXXXX1XXXXXXXXXXXXXXXXXXXXXXXXXXXXXX1XXXXXXXXXXXXXXXXXXXXXXXXXXXXXXXXXXXXXXX1XXXXX
XXXXXXXXXXXXXXXXXXXXXXXXXXXXXXX111X1XXXXXXXXXXXXXXXXXXXXXXXXXXXXXXXXXXX1XXXXXXXXXXXXXXXXXX


Generation 20/50  F=U(0.5, 1.0)  N_hist=4200
------------------------------------------------------------------------------------------------------------------------
2X11XXXXXXXXXXXXXXXXXXXXX1XXXXXXXXXXXXXXXXXXXX1X11XXXXXXXXXXXXXXXXXXXXXXXXXXXXX11XXXXXXXXXXXXXXXXXXXXXXXXXXXXX1XXXXXXXXX
X0X1XXXXXXXXX1XX01XXXXXXXXXXXXXXXX1XXXXXXXXXXXXXXXXXXXXXXXXXXXXXXXXXXXXXXXXXX1XXXXXXXXXXXX


Generation 21/50  F=U(0.5, 1.0)  N_hist=4410
------------------------------------------------------------------------------------------------------------------------
X0XXXXXXXXXXXXXXXXX1XXXXXXXXXXXXXXXXXXXXXXXXXXXXXXXXXXXXX1X1XXXXXXXXXX1XXXXXXXXXXXXXXXXXXXXXXX0XXXXXXXXXXXXXXXXXXXXXXXXX
XXXX1XXX1XXXXXXXXXXXXXXXXXXXXX1X11XXXXXXXXXXXXXXXXXXXXXXXXXXXXXXXXXXXXXXXXXXXX1XXXXXXXXXXX


Generation 22/50  F=U(0.5, 1.0)  N_hist=4620
------------------------------------------------------------------------------------------------------------------------
XX11X1XXXXXXXXXXXXXXXXXXXXXXXXXXXXXXXXXXXXXXXXX1XXXXXXXXXXX2X1XXXXX1XXXXXXX1XX1XXXXX101XXXXXXXXXXXXXXXXXXXXXXXXX1XXXXX11
XXXXXX1XXXXXXXXXXXXX1XXXXXXXXXXXXXXXXXXXXXXXXXXXXX1XXXXXXXXXX0X1XXXXXXXXXXXXXXXXXXXXXXXXXX


Generation 23/50  F=U(0.5, 1.0)  N_hist=4830
------------------------------------------------------------------------------------------------------------------------
1XXX1XXXXXXXXXXXXXXXXXXXXXXXXXXXXXXX0XXXXXXXXXXXXXXXX1XXXXXXXXXXX0XXXXXXXXXXXXXXXXXXX1XXXXXXX1XXXXXXXX11XXXXXXXXXXXXXXXX
XXXXXXXXXX1XXXXXXXXXXXXXXX1XXXXXXXX2XXXXXX1XXXXXXXXXXXXXXXXXXXXXXXXXXXXXXXXXXXXXXXXXXXXXXX


Generation 24/50  F=U(0.5, 1.0)  N_hist=5040
------------------------------------------------------------------------------------------------------------------------
1XXXXX0XXXXXXXXXXXXXXXXXXXXXXXXX0XXXXXXXXXXXXXXXXXXXXXXXXXX1XXX1XXXXXXXXXXXXXXXXX1XXX1XXXXXX2XXXXXXXXXXXXXXXXXXXXXXXXXXX
XX1XXX11XXXXXXXXXXXXXXXXXXXX1XXXXXXXXXXXXXXXXXXXXXXXXXXXXXXXXX2XXXXXXXXXXXXXXXXXXXXXXXXXXX


Generation 25/50  F=U(0.5, 1.0)  N_hist=5250
------------------------------------------------------------------------------------------------------------------------
1X2XXXXXXX1XXXXXXXX0XXXX1XXXXXXXXXXXXXXXXXXXXXXXX0XXXXXXXX1XXXXX1XXXXX1X1XXXXXXXXXXXXXXXXXXXXXXXXXXXXXXXXXXXXXXXXXXXXXXX
XXXXXXXX1XXXXXXXXXXXX0XXXXXXXXXXXXXXXXXXXXXXXXXXX1XXXXXXXXX1X1XXXXXXXXXXXXXXXXXXXXXXXXXXXX


Generation 26/50  F=U(0.5, 1.0)  N_hist=5460
------------------------------------------------------------------------------------------------------------------------
XXXX1XXX1XXXXXXXXXXXXXXXXXXXX1XX11XXX0XXXXXXXXXXXXXXXX1XXXXXXXXXXXX0XXXXXXXXXXXXXXXXXXXX1XXXXXXXXXXXXX1XXXXXXXXXXXXXXXXX
XXX1XXXXXXXXXXXXXXXXXXXXXXXXXXXXXX1X10XXXXXXX2XXXXXXXXXX2XXX1XXXXXXXXXXXXXXXXXXXXXXXXXXXXX


Generation 27/50  F=U(0.5, 1.0)  N_hist=5670
------------------------------------------------------------------------------------------------------------------------
XX1XXXXXXXXXXXXXXXXXXXXXXXXXXXXXXXXXXX1XXXXXXXXXXXXXXXXXXX1XXXXXXXXXXXXXXXXXXXXX1XXXXXXXXXXXXXXXXXXXXXXXXXX1XXXXXXXXXXXX
XXXXXXXXX1XXXXXXXXXXXXXXXXXXXXXXX2XXXX1XXXXXXXXXXXXXXXXXXXXXXXXXXXXXXXXXXXXXXXXXXXXXXXXXXX


Generation 28/50  F=U(0.5, 1.0)  N_hist=5880
------------------------------------------------------------------------------------------------------------------------
XXXXXXXXXXXXXXXXXXXXXXXXXXXXXXXXXXXXXXXXXXXXXXXXXXXXXXX1XXXXXXXXXXX1X1XXXXXXXXXXXXXXXXXXXXXXXXXXXXXXXXXXXXXXXXXXXXXXXXXX
XXXXXXXXXX1XXX1XXXXXXXXXXXXXX1XXXXXXXXX11XXXXXXXXXXXXXXXXXXXXXXXXXXXXX1XXXXXXXXXXXXXXXXXXX


Generation 29/50  F=U(0.5, 1.0)  N_hist=6090
------------------------------------------------------------------------------------------------------------------------
001X1XXXXX0XXXXXXXXXXXXXXXXXXXXX1XXXXXXXX1XXXXXXXXXXXX1XXXXXXXX2XXXXXXXXXXXXXXX1XXXXXXXXXXXXXXXXXXXXXXXX1XXXXXXX1XXXXXXX
XXXXXXX1XXX1XXXXXXXXXXXXXXXXX1X1XXXX1XXXXXXXXXXXXXXXXXXXXXXXXXX1XXXXXXXXXX1XXXXXXXXXXXXXXX


Generation 30/50  F=U(0.5, 1.0)  N_hist=6300
------------------------------------------------------------------------------------------------------------------------
111X0X11X11XXXXXXXXXXXXXXXXXXXXXXXXXXXXXXXXXXXXXXX0XXXXXXXXXXXXXXXXXXXXXXXXXXXXXXXXX1+XXXXXXXXXXXXXXX1XXXXXXXXXXXXXXXXXX
1XXXXXXXXXXXXXXXXXXXXXXXXXXXXXXXXXXXXX1XXXXXXXXXXX1XXXXXXXXXXXXXXXXXXXXXXXXXXXXXXXXXXXXXXXX


Generation 31/50  F=U(0.5, 1.0)  N_hist=6510
------------------------------------------------------------------------------------------------------------------------
XX1XX1XXXXXXXXXXXXXXXXXXXXXXXXXXXX0XXXXXXXXX1XXXXXXXX0XXXXXXXXX1XXXXXXX11XXXXXXXXXXXXXXXXXX1X1XXXXX1XXXX0XXXXXX1XXXXXXXX
XXXXXXXXXXXXX1XXXXXXXXXXXXXXXXXX1XXXXXXXXXXXXXXXXXXXXXXXXXXXXXXXXXXXXXXXXXX1XXXXXXXXXXXXXX


Generation 32/50  F=U(0.5, 1.0)  N_hist=6720
------------------------------------------------------------------------------------------------------------------------
1XXXXXXXXXXX1XXXXX1XXXXXXXXXXXXXXXXXXXXXXXXXXXXXXXXXXXXXXXXXXXXXXXXXXXXXXXXXXXXX0XXX1XXXXXXXXXXXXX1XXXX01X1XXXXXXXXXXXXX
XXXXXXX1XXX1XXXXXXXX1XXXXXXXXXXXXXXXXXXXXXX1XX1X1XXXXXXXXXXXX1XXXXXXXXXXXXXXXXXXXXXXXXXXXX


Generation 33/50  F=U(0.5, 1.0)  N_hist=6930
------------------------------------------------------------------------------------------------------------------------
XXXXX1XXXXXXXXXXXXXXXXXXXXX1XXXXXXXXXXXXX1XXXX1XXXXXXXXXXXXXXXXXXXXXXXXXXXXXXXXXXXXXXXXX1XXXXXXXXXXXXXX11XXXXXXXXXXXXXXX
XXX0XXXXXXXXXXXXXXXXXXXXXXXXXXXXXXXXXXXXXXXXXXXXXXXXXXXXXXXXXXXXXXXXXXXXXXXXXXXXXXXXXXXXXX


Generation 34/50  F=U(0.5, 1.0)  N_hist=7140
------------------------------------------------------------------------------------------------------------------------
1X11101X1XXXXXXXX1XXXXXX1XXX1XXXXXXXXXXXXXXXXXXXXXXXXXXXXXXXXXXXXXXXXXXXXXX11XXXXXXXXX1XXXXXXX1X1XXXXX0XXXXXXXXXXXXXXXX1
XXXXX1XXXXXXXXXXXXXXXXXXXXXXXXXX1XXXXXXXXXXXXXXXXXXXXXXXXXXXXXXXXX1XXXX1XXXXXXXXXXXXX1XXXX


Generation 35/50  F=U(0.5, 1.0)  N_hist=7349
------------------------------------------------------------------------------------------------------------------------
X11XX1XXXXXXXXXXXXXXXXXXXXXXXXXXXXXXXXXXXXXXXXXXXXXX1XXXXXXXXXXXXXXXXXXXXXXXXXXXXXXXXXXXXXX1XXXXXX1XXXXXX0XXXXXX110XXX0X
XXXXXXXXXXXXXXXXXXXXXXXXXX1XXXXXXXXX1XXXXXXX1XXXX1XXXXXXXX1XXX1XXXXXXXXXXXXXXXXXXXXXXXXXXX


Generation 36/50  F=U(0.5, 1.0)  N_hist=7560
------------------------------------------------------------------------------------------------------------------------
11XXX1XXXXXXXXXXXXXXXXXXXXXXXXXXXXXXXXXXXXXXXXXXXXX0XXXXXXXXXXXXXXXXXX1X10XXXXXXXXXXXXXX0XXXXXXXXX1XXXXXXXXXXXXXXXXXXXXX
XXXXXXXXX01XXXXXXXXXXXXXXXXXX1XXXXXXXXXXXXXXXXXXXXXXXXXXXXXXXXXXXXXXXXXXXXXXXXXX0XXXXXXXXX


Generation 37/50  F=U(0.5, 1.0)  N_hist=7770
------------------------------------------------------------------------------------------------------------------------
11XXXXXXXXXXXXXXXXXXXXXXXXXXXXXXXXXXXXXXXXXXX1XXXXXXXXXXXXXXXXXXXXXXXXXXXXXXXXXXXXXXX1XXXXXXXX1XXXXXXXXXXXXXXXXXXXXXXXXX
1XXXXXXXXXXXXXXXXX1XXXXXXXXXXXXXXXXXXXXXXXXXXXXXXXX1X1XXXXXXXXXXXXXXXXXX0XXXXXXXXXXXXXXXXX


Generation 38/50  F=U(0.5, 1.0)  N_hist=7980
------------------------------------------------------------------------------------------------------------------------
11X1XXXXXXXXXX1XXX1XXX1XXXXXXXXXXXXXXXXXXXXXX1XXXX1XXXXXXXXXXXXXXXX0XXXXXXXXXXXXXXXXXXXXXXXXXXXXXXXXXXXXXXXXXXXXXXXXXXXX
XXXXXXXXXXXXXXXXXXXXXXXXXXX1XXXXXXXXXXXXXXX0XXXXXXXXXXXXXXXXXXXXXXXXXXXXXXXXXXXXXXXXXXXXXX


Generation 39/50  F=U(0.5, 1.0)  N_hist=8190
------------------------------------------------------------------------------------------------------------------------
211XXX1XXXXXXXXXXXX0XX1XXXXXXXXXXX1XXXXX1XXXXXXXXXXXXXXXXXXXXXXXX1XXXXXXXXXXXXXXXXXXXXXXXXXXXXXXXXXXXXX1XXXXXXXXXXXXXXXX
XXXXXXX1XXXXXXXXXXXXXX1XXXXXXXXXXXXXXXXX1XXXXXXXXXXXXXXXXXXXX0XXXXXXXXXXXXXXXXXXXXXXXXXXXX


Generation 40/50  F=U(0.5, 1.0)  N_hist=8400
------------------------------------------------------------------------------------------------------------------------
XX1XXXXXXXXXXXXXXXXXXXXXXXXXXXXXXXXXX011

SSE=10.658 on eval 8459: L=1.23723e+08 a=223.716 b=0.00719221 n=0.340826 r=0.166036 t0=88.0086 ts=50.8368

+XXXXXXXXXXXXXXXXXXXXXXXXXXXXXXXXXXXXXXXXXXXXXXXXXXXXXXXXXXXXXXXXXXXXXXXXXXXXXXX
XXXXXXX1XXXXXXXXXXXXXXXXXXXXXXXXXXXXXXXXXXXXXXXXXXXXXXXXXXXXXXXXXXXXXXXXXXXXXXXXXXXXXXXXXXX


Generation 41/50  F=U(0.5, 1.0)  N_hist=8610
------------------------------------------------------------------------------------------------------------------------
1X1XXXXXXXXXXXXXXXXXXXXXXXXXXXX1XXXXXXXXXXXX1XXXXXXXXXXXXXXXXXXXXXXXXXXXXXXXXXXXXXXXXXXXX0XXXXXXXXXXXXXXXXXXXXXXXXXXXXXX
XXXX0XXXXXXXXXXXXXXXXXXX1+XXXXXXXXXXXX1XXXXXXXXXXXXXXX11XXXXXXXXXXXXXXXXXXXXXXXXXXXXXXXXXXX


Generation 42/50  F=U(0.5, 1.0)  N_hist=8820
------------------------------------------------------------------------------------------------------------------------
X1XXXXXXXXXXXXXXXXXXXXXXXXXXXXXXXXXXXXXXXXXXXXXXXXXXXX1XXXXXXXXXXXXXXXXXXXXXXXXXXXXXXXXXXXXXXXXXXXXXXXXXXXXXXXXXXXXXXXXX
XXXXXXXXXXXXXXXXXXXX1XXXXXXXXXXXXXXXXXXXXXXXXXX0XXXXXXXXXXXXXXXXXXXXXXXXXXXXXX1XXXXXXXXXXX


Generation 43/50  F=U(0.445, 1.0)  N_hist=9030
------------------------------------------------------------------------------------------------------------------------
X2X1XXXXXXXXXXXXXXXXXXXXXXXXXXXXXX1XXXXXX0XXXXXXXXXXXXXXXXXXXXXXXXXXXXXXXXXXXXXXXXX1XXXXXXX1XXXXXXXXXXXXXXXXXXX1XXXXXXXX
XXXXXXXX0XXXXXXXXXXXXXXXXXXXXXXXXXXXXXXXXX0XXXXXXXXXXXXXXXX1XXXXXXXXXXX1XXXXXXXXXXXXXXXXXX


Generation 44/50  F=U(0.493056632402, 1.0)  N_hist=9240
------------------------------------------------------------------------------------------------------------------------
XXX1XXXXXXXXXXXXXXXXXXXXXXXXXXXXXXXX0XXXXXXXXXXXXXXXXXXXXXXXXXXXXXXXXXXXX11XXXXXXXXXXXXXXXXXXXXXXXXXXXXXXXXXX0X0XXXXXXXX
XXXXXXXXXXXXXXXXXXXXXXXXXXXXXXXXXXX1XXXXXXXXXXXXX1XXXXXXXXXXXXXXXXXXXXXXXXXXXXXXXXXXXXXXXX


Generation 45/50  F=U(0.5, 1.0)  N_hist=9450
------------------------------------------------------------------------------------------------------------------------
1XXXXXXXXXXX0XXXXXXXXXXXXXXXXXX1XXXXXXXXXXXX1XXXX1XXXXXXXXXXXXXXXXXXXXXXXXXXXXXXXXXXXXXXXXXXXXXXXXXXXXXXXXXXXXXXXXXXXXXX
XXXXXXXXXXXXXXXXXXXXXXXXXXXXXXXXXXXXXXXXXXXXXXXXXXXXXXXXXXX1XXXXXXX1XXXXXXXXXXXXXXXXXXXXXX


Generation 46/50  F=U(0.5, 1.0)  N_hist=9660
------------------------------------------------------------------------------------------------------------------------
1XXXXXXXXXXXXXXXXXXXXXXXXXXXXXXXXXXXXXX1XXXXXXXXXXXXXXXXXXXXXXXXXXXXXXXXXXXXXXXXXXXXX1XXXXX1XXXXXXXXXXXXXXXXXXXXXXXXXXXX
XXXXXXXXXXXXXXXXXXXXXXXXXXXXXXXXXXXXXXXXXXXXX1XXXXXXXXXXXXXXXXXXXXXXXXXXXXXXXXXXXXXXXXXXXX


Generation 47/50  F=U(0.5, 1.0)  N_hist=9870
------------------------------------------------------------------------------------------------------------------------
XXXXXXXXXXXXXXXXXX1XXXXXXXXXXXXXXXXXXXXXXXXXXX1XXX1X11XXXXXXXXXXXXXXXXX1XXXXXXXXXXXX1XXXXXXXXXXXXXXX1XXXXXXXXXXXXXXXXXXX
XXXXXXXXXXX0XXXXXXXXXXXXXXXXXXXXXXXXXXXXXXXXXX0XXXXXXXXXXXXXXXXXXXXXX1XXXXXXXXXXXXXXXXXXXX


Generation 48/50  F=U(0.5, 1.0)  N_hist=10080
------------------------------------------------------------------------------------------------------------------------
XXXXXXXXXXXXXXXXXXXXXXXXXXXXXXXXXXXXXXXXXXXXXXXXXXXXX1XXXXXXXXXXX1XXXXXXXXXXXXXXXXXXXXXXX1XXXXXXXXXX11XXXX11XXXXXXXXXXXX
XXXXX1XXXXXXXXXXXXXXXX0XXXXXXXXXXXXXXXXXXXXXXXXXXXXXXXXXXXXXXXXXXXXXXXXXX1XXXXXXXXXXXXXXXX


Generation 49/50  F=U(0.5, 1.0)  N_hist=10290
------------------------------------------------------------------------------------------------------------------------
XXXXXXXXXXXXXXXXXXXXXXXXX1XXXXXXXXXXXXXXXXXXXXXXXXXXXXXXXXXXXXXXXXXXXXXXXXXXXXXXXXXXXXXXXX1XXX0XXXXXX1XXXXXXXXXXXXXXXXXX
XXXXXXXXXXXXXXXXXXXXXXXXXXXXXXXXXXXXXXXXXXXXXXXX1XXXXXXXXXXXXXXXXXXXXXXXXXXXXXXXXXXXXXXXXX


Generation 50/50  F=U(0.5, 1.0)  N_hist=10500
------------------------------------------------------------------------------------------------------------------------
XXXXXXXXXXX1XXXXXXXXXXXXXXX1XXXXXXXXXXXXXXXXXXXXXXXXXXX0XXXXXXXXXXXXXXX1XXXXXXXXXXXXXXXXXXXXXXXXXXXXXXXXXXXXXXXXXXXXXXXX
XXXXXXXXXXXXXXXXXXXXXXXXXXXXXXXXXXXXXXXXXXXXXXXXXXXXXXXX1XXXXXXXXXXXXXXXXXXXXXXXXXXXXXXXXX

Maximum number of iterations reached.

SSE=10.468 on eval 10710: L=1.64879e+08 a=193.181 b=0.00465861 n=0.306297 r=0.17646 t0=262.377 ts=50.8099


Shutting down DE...
DE shutdown complete.

Final population:
Population: 210 individuals with SSE 10.468 to 16.69, avg eval time 0.0214 sec. Top 7:

        SSE |     10.468       10.658       10.675       10.694       10.716       10.754       10.788  
------------------------------------------------------------------------------------------------------------------------
          L | 1.6488e+08   1.2372e+08   1.0036e+08   1.5597e+08   3.7956e+07   4.5915e+07   2.8001e+08  
          a |     193.18       223.72       446.33       425.87       336.35       59.514       259.56  
          b |  0.0046586    0.0071922     0.013411     0.012638    0.0052037    0.0058018    0.0022253  
          n |     0.3063      0.34083     0.046697*    0.095132      0.14447      0.75887     0.089745  
          r |    0.17646      0.16604      0.15448      0.15962      0.17826      0.16898      0.20131  
         t0 |     262.38       88.009       76.564       107.64       131.13       283.97       62.672  
         ts |      50.81       50.837       51.661       52.364       52.568       47.801       51.628  
------------------------------------------------------------------------------------------------------------------------
Best individual:
<SSE=10.4680 L=1.64879e+08 a=193.181 b=0.00465861 n=0.306297 r=0.17646 t0=262.377 ts=50.8099>


Elapsed time: 132.28 seconds

Saved final population of best parameter combinations to covid19.dat
Shutting down...
Task Queue is shut down
Goodbye
Decompressing and parsing covid19.csv.bz2...
Cumulative and new cases reported thus far for US
------------------------------------------------------------------------------------------------------------------------
000	01/22	1	0
001	01/23	1	0
002	01/24	2	1
003	01/25	2	0
004	01/26	5	3
005	01/27	5	0
006	01/28	5	0
007	01/29	5	0
008	01/30	5	0
009	01/31	7	2
010	02/01	8	1
011	02/02	8	0
012	02/03	11	3
013	02/04	11	0
014	02/05	11	0
015	02/06	11	0
016	02/07	11	0
017	02/08	11	0
018	02/09	11	0
019	02/10	11	0
020	02/11	12	1
021	02/12	12	0
022	02/13	13	1
023	02/14	13	0
024	02/15	13	0
025	02/16	13	0
026	02/17	13	0
027	02/18	13	0
028	02/19	13	0
029	02/20	13	0
030	02/21	15	2
031	02/22	15	0
032	02/23	15	0
033	02/24	51	36
034	02/25	51	0
035	02/26	57	6
036	02/27	58	1
037	02/28	60	2
038	02/29	68	8
039	03/01	74	6
040	03/02	98	24
041	03/03	118	20
042	03/04	149	31
043	03/05	217	68
044	03/06	262	45
045	03/07	402	140
046	03/08	518	116
047	03/09	583	65
048	03/10	959	376
049	03/11	1281	322
050	03/12	1663	382
051	03/13	2179	516
052	03/14	2727	548
053	03/15	3499	772
054	03/16	4632	1133
055	03/17	6421	1789
056	03/18	7783	1362
057	03/19	13677	5894
058	03/20	19100	5423
059	03/21	25489	6389
060	03/22	33276	7787
061	03/23	43847	10571
062	03/24	53740	9893
063	03/25	65778	12038
064	03/26	83836	18058
Performing DE with CR=0.8, F=U(0.5, 1.0), DE/rand-1.00/1/bin
------------------------------------------------------------------------------------------------------------------------

SSE=10.468 on eval 0: L=1.64879e+08 a=193.181 b=0.00465861* n=0.306297 r=0.17646 t0=262.377 ts=50.8099

Press the 'Enter' key to abort.

Generation 1/50  F=U(0.5, 1.0)  N_hist=10710
------------------------------------------------------------------------------------------------------------------------
X1XXXXXXXXXXXXXXXXXXXXXXXXXXXXXXXXXXXXXXXXXXXXXXXXXXXXXXXXXXXXXXXXXXXXXXXXXXXXXXXXXXXXXXXXXXXX1X1XXXX1XXXXXXXXXXXXXXXXXX
XXXXXXXXXXXXXXXXXXXXXXXXXXXXX1XXXXXXXXXXXXXXXXXXXXXXXXXXXXXXXXXXXXXXXXXXXXXXXXXXXXXX1XXXXX


Generation 2/50  F=U(0.5, 1.0)  N_hist=10920
------------------------------------------------------------------------------------------------------------------------
XX1XXXXXXXXXX1XXXXXXXXXXXXXXXXXXXXXXXXXXXXX1XXXXXXXXXXXXXXXXXXX1XXXXXXXXXXXXXXXXXXXXXXXXXXXXXXXXXXXXXXXXXXXXXXXXXXXXXXXX
XXXXXXXX1XXXXXXXXXXXXXXXX1XXXXXXXXXXXXXXXXXXXX11+XXXXXXXXXXXXXXXXXXXXXXXXXXXXXXXXXXXXXXXXXX


Generation 3/50  F=U(0.5, 1.0)  N_hist=11130
------------------------------------------------------------------------------------------------------------------------
XXXXXXXXXXX1XXXXXXXXXXX10XXXXXXXXXXXXXXXXXXXXXXXXXXXXXXXXXXXXXXXXX1XXXXXXXXXXXXXXXXXX1XXXXXXXXXXXXXXXXXXXXXXXXXXXXXXXXXX
XXXXXXXXXXXXXXXXXXXXXXXXXXXX1XXXXXXXXXXXXXXXXXXXXXXXXXXXXXXXXXXXXXXXXXXXXXXXXXXXXXXXXXXXXX


Generation 4/50  F=U(0.5, 1.0)  N_hist=11340
------------------------------------------------------------------------------------------------------------------------
XX1XXXXXXXXXXXXXXXXXXXXXXXXXXXXXXXXXXXXXXXXXXXXXXXXXXX1XXXXXXXXXXXXXXXXXX0XXXXXXXXXXXXXXXXXXXXXXXXXXXXXXXXXXXXXX11XXXXXX
X1XXXXXXXXXXXXXXXXXXXXXXX0XXXXXXXXXXXXXXXXXXXXXXXXXXXXXXXXXXXXXXXXXXXXX0XXXXXXXXXXXXXXXXXX


Generation 5/50  F=U(0.5, 1.0)  N_hist=11550
------------------------------------------------------------------------------------------------------------------------
0XXXXXXXXXXXXXXXXXXXXXXXXXXXXXXXXXXXXXXXX1XXXXXXXXXXXXXXXXXXXXXXXXXXXXXXXXXXXXXXXXXXXXXXXXXXXXXXX1XXXXXXXXXXXXXXXXXXXXXX
XXXXXXXX1XXXXXXXX1XXXXXXXXXXXXXXXXXXXXXXXXXXXXXXXXXXXXXXXXXXXXXXXXXXXXXXXXXXXXXXXXXXXXXXXX


Generation 6/50  F=U(0.445, 1.0)  N_hist=11760
------------------------------------------------------------------------------------------------------------------------
1XXXXXXXXXXXXXXXXXXXXXXXXXXXXXXXXX1XXXXXXXXXXXXXXXXXXXXXXXXXXXXXXXXXXXXXXXXXXXXXXXXXXXXXXXXXXXXXXXXXXXXXXXXXXXXXXXXXXXXX
0XXXXXXXXXXXXXXXXXX1XXXXXXXXXXXXXXXXXXXXXXXXXXXXXX1XXXXXXXXXXXXXXXXXXXXXXXXXXXXXXXXXXXXXXX


Generation 7/50  F=U(0.493056632402, 1.0)  N_hist=11970
------------------------------------------------------------------------------------------------------------------------
1X1XXXXXXXXXXXXXXXXXXXXXXXXXXXXXXXXXXXXXXXXXXXXXXXXXXXXXX10XXXXXXXXXXXXXXXXXXXXXXXXXXXXXXXXXXXXXXXXXXXXXXXXXXXXXXXXXXXXX
XXXXX1XXXXXXXX1X1XXXXXXXXXXXXXXXX1XXXXXXXXXX0XXXXXXXXXXXXXXXXXXXXXXXXXXXXXXXXXXXXXXXXXXXXX


Generation 8/50  F=U(0.5, 1.0)  N_hist=12180
------------------------------------------------------------------------------------------------------------------------
11XXXXXXXXXXXXXXX1XXXXXXXXXXXXXX1XXXXXXXXXXXXXXXXXXXXXXXXXXXXXXXXXXXXXXXXXXX1XXXXXXXXXXX1X0XXXXXXXXXXXXXXXXXXXXXXXXXXXXX
XXXXXXXXXXXXXXXXXXXXXXXXXXXXXXXXXXXXXXXXXXXXXXXXXXXXXXXXXXXXXXXXXXXXXXXXXXXXXXXXXXXXXXXXXX


Generation 9/50  F=U(0.5, 1.0)  N_hist=12390
------------------------------------------------------------------------------------------------------------------------
XXXXXXXXXXXXXXXXXXXXXXX0XXXXXXXXXXXXXXXXXXXXXXXXXXXXXXXXXXXXXXXXXXXXXXXXXXXXXXXXXXXXXXXXXXXXXXXXXXXXX0XXXXXXXXXXXXXXXXXX
XXXXXXXXXXXXXXXXXXXXXXXXX111XXXXXXXXXXXXXXXX1XXXXXXXXXXXXXXXXXXXXXXXXXXXXXXXXXXXXXXXXXXXXX


Generation 10/50  F=U(0.445, 1.0)  N_hist=12600
------------------------------------------------------------------------------------------------------------------------
XXXXXXXXXXXXXXXXXXXXXXXXXXXXXXXXXXXXXXXXXXXXXXXXXXXXXXXXXXXXXXXXXXXXXXXXXXXXXXXXXXXXXXXXXX1XXXX1XXXXXXXXXXXXXXXXXXX1X1XX
XXXXXXXXXXXXX0XXXXXXXXXXXX01+1X1XXXXXXXXXXXXXXXXXXXXXXXXXXXXXXXXXXXXXXXXXXXXXXXXXXXXXXXXXXX


Generation 11/50  F=U(0.493056632402, 1.0)  N_hist=12810
------------------------------------------------------------------------------------------------------------------------
X11XXXXXXXXXXXXXXXXXX1XXXXXXXXXXXXXXXXXXXXXXXXXXXXXXXXXXXXXXXXXXXX0XXXXXXXXXXXXXXXXXXXXXXXXXXXXXXXXXXXXXXXXXXXXXX1XXXXXX
XXXXXXXX0XXXXXXXXXXXXXXXXXXXX1XXXXXXXXXXXXXXXXXXXXXXXXXXXXXXXXXXXXXXXXXXXXXXXXXXXXXXXXXXXX


Generation 12/50  F=U(0.5, 1.0)  N_hist=13020
------------------------------------------------------------------------------------------------------------------------
00X1XXXXXXXXXXXXXXXXXXXXXXXXXXXXXXXXXXXXXXXXXXXXXXXXXXXXXXXXXXXXXXXXXXXXXXXXXXXXXXXXXX1XXXXXXXXX0XXXXXXXXXXXXXXXXXXXXXXX
XXXXXXXXXXXXXXXXXXXXXXXXXXXXX0XXXXXXXXXXXXXXXXXXXXXXXXXXXXXXXXXXXXXXX1XXXXXXXXXXXXXXXXXXXX


Generation 13/50  F=U(0.5, 1.0)  N_hist=13230
------------------------------------------------------------------------------------------------------------------------
XXXXXXXXXXXXXXXXXXXXXXXXXXXXXXXXXXXXXXXXXXXXXXXXXXXXXXXXXXXXXXXXXXXXXXXXXXXXXXXXXXXXXXXXXXXXXXXXXXXXXXXXXXXXXXXXXXXXXXXX
XXXXXXXXXXXXXXXXXXXXXXXXXXXXXXXXXXXXXXXXXXXXX11XXXXXXXXXXXXXXXXXXXXXXXXXXXXXXXXXXXXXXXXXXX


Generation 14/50  F=U(0.445, 1.0)  N_hist=13440
------------------------------------------------------------------------------------------------------------------------
XXXXXXXXXXXXXXXXXXXXXXXXXXXX1XXXX0XXXX01XXXXXXXXXXXXXXXXXXXXXXXXXXXXXXXXX1XXXXXXXXXXXXXXXXXXXXXXXXXXXXXXXXXXXXXXX1XXXXXX
X1XXXXXXXXXXXXXXXXXXXXXXXX1XXXXXXXXXXXXXXXXXXXXXXXXXXXXXXXXXXX0XXXXX1XXXXXXXXXXXXXXXXXXXXX


Generation 15/50  F=U(0.493056632402, 1.0)  N_hist=13650
------------------------------------------------------------------------------------------------------------------------
X1X1XXXXXXXXXXXXXXXXX11XXXXXXXXXXXXXXXXXXXXXXXXXXXXXXXXXXXXXXXXXX1XXXXXXXXXXXXXXXXX1XXXXXXX0XXXXXXXXXXXXXXXXXXXXXX1XXXXX
XXXXXXXXXXXXXXXXXXXXXXXXXXXXXXXXXXXXXXXXXXXXXXXXXXXXXXXXXXX1XXXXXXXXXXXXXXXXXXXXX1XXXXXXXX


Generation 16/50  F=U(0.5, 1.0)  N_hist=13860
------------------------------------------------------------------------------------------------------------------------
0XX1XXXXXXXXXXXXXXXXXXXXXXXXXXXXXXXXXXXXXXXXXXXXXXXXXXXXXXXXXXXXXXXXXXXXXXXXXXXXXXXXXXXXXXXXX1XXXXXXXXXXXXXXXXXXXXXXXXXX
XXXXXXXXXXXXXXXXXXXXXXX1XXXXXXXXXXXXXXXXXXXXX1XXXXXX1XXXXXXXXXXXXXXXXXXXXXXXXXXXXXXXXXXXXX


Generation 17/50  F=U(0.5, 1.0)  N_hist=14070
------------------------------------------------------------------------------------------------------------------------
XXXXXXXXXXXXXXXXXXXXXXXXXXXXXXXXXXXXXXXXXXXXXXXXXXXXXXXXXXXXXXX1XXXXXXXXXXXXXXXXXXXXXXXXXXXXXXXXX0X1XXXXXXXXXXXXXXXXXXXX
XXXXXXXXXXXXXX1XXXXXXXXXXXXXXXXX1XXXXXXXXXXXXXXXXXXXXXXXXXXXXXXXX1XXXXXXXXXXXXXXXXXXXXXXXX


Generation 18/50  F=U(0.5, 1.0)  N_hist=14280
------------------------------------------------------------------------------------------------------------------------
XX1XXXXXXXXXXXXXXXXXXXXXXXXXXXXXXXXXXXXXXXXXXX0XXXXXXXXXXXXXXXXXXXXXXXXXXXXXXXXXXXXXXXX1XXXXXXXXXXXXXXXXXXXXXXXXXXXXXXXX
XXXXXXXXXXXXXXXXXXXXXXXXXXXXXXXXXXXXXXXXXXXXXXXXXXXXXXXXXXXXXXXXXXXXXXXXXXXXXXXXXXXXXXXXXX


Generation 19/50  F=U(0.445, 1.0)  N_hist=14490
------------------------------------------------------------------------------------------------------------------------
XXXXXXXXXXXXXXXXXXXXXXXXXXXXXXXXXXXXXXXXXXX1X1XXXXXXXXXXXXXXX1XXXXXXXXXX1XXXXXXXXXXXXXXXXXXXXXXXXXXXXXXXXXXXXXXXXXXXXXXX
XXXXXX1XXXXXXXXXXXXXXXXXXXXXXXXXXXXXX1XXXXXXXXXXXXXXXXXXXXXXX0XXXXXXXXXXXXXXXXXXXXXXXXXXXX


Generation 20/50  F=U(0.493056632402, 1.0)  N_hist=14700
------------------------------------------------------------------------------------------------------------------------
11X0XXXX1XXXXXXXXXXXXXXXXXXXXXXXXXXXXXX1XXXXXXXXXXXXXXXXXXXXXXXXXXXXXXXXXXXXXXXXXXXXXXXXXXXXXXXXXXXXXXXXXXXXXXXXXXXXXXXX
XXXXXXXXX1XXXXXXXXXXXXXXXXXXXXXXXXXXXXXXXXXXX1XX0X1XXXXXXXXXXXXXXXXXXXXXXX1XXXXXXXXXXXXXXX


Generation 21/50  F=U(0.5, 1.0)  N_hist=14910
------------------------------------------------------------------------------------------------------------------------
X1XXXXXXXXXXXXXXXXXX1XXXXXXXXXXXXXXXXXXXXXXXXXX1XXXXXXXXXXXXXXXXXXXXXXXXXXXXXXXXXXXX1XXXXXXXXXXXXXXXXXXXXXXXXXXXXXXXXXXX
XXXXX1XXXXXXXXXXXXXXXXXXXXXXXXXXXXXXXXXXXXXXXXXXXXXXXXXXXXXXXXXXXXXXXXXXXXXXXXXXXXXXXXXXXX


Generation 22/50  F=U(0.5, 1.0)  N_hist=15120
------------------------------------------------------------------------------------------------------------------------
X11XXXXXXXXXXXXXX1XXXXXXXXXXXXXXXXXXXXXXXXXXXXXXXX1XXXXXXXXXXXXX1XXXXXXXXXXXXXXXXXXXXXXXXXXX11XXXXXXXXXXXXXXX0XXXXXXXXXX
XXXXXXXXXXXX1XXXXXXXXXXXXXXXXXX1XXXXXXXXXXXXXXXXXXXXXXXXXXXXXXXXXXXXXXXXXXXXXXXXXXXXXXXXXX


Generation 23/50  F=U(0.5, 1.0)  N_hist=15330
------------------------------------------------------------------------------------------------------------------------
XXXXXXXXXXXXXXXXXXXXXXXXXXXXXXXXXXXXXXXXXXXXXXXX11XXXXXXXXXX1XXXXX1XXXXXXXXXXXXXXXXXXXXXXXXXXXXX1XXXXXXXXXXX1XXXXXXXXXXX
XXXXXXXXXXXXXXXXXXXXXXXXXXXXXXXXXXXXXXXXXX1XXXXXXX1XXXXXXXXXXXXXXXXXXXXXXXXXXXXXXXXXXXXXXX


Generation 24/50  F=U(0.5, 1.0)  N_hist=15540
------------------------------------------------------------------------------------------------------------------------
1XXXXXXXXXXXXXXXXXXXXXXXXXXXXXXXXXXXXXXXX0XXXXXXXXXXXXXXXXXXXXX0XXXXXXXXXXXXXXXXXXXXXXXXXXX1XXXXXX1XXXXXXXXXXXXXXXXXXXXX
XXXXXXXXXXXXXXXXXXXXXXXXXXXXXXXXX1XXXXXXXXXXXXXXXXXXXXXXXXXXXXXXXXXXXXXXXXXXXXXXXXXXXXXXXX


Generation 25/50  F=U(0.445, 1.0)  N_hist=15750
------------------------------------------------------------------------------------------------------------------------
XXXXXXXXXXXXXXXXXXXXXXXXXXXXXXXXXXXXXXXXXXXXXXXXXXXXXXXXXXXX1XXXXXXXXXXXXXXXXXXXX1XXXXXXXXXXXXXXXXXXXXXXXXXXXXXXXXXXXXXX
XXXXXXXXXXXXXXXXXXXXXXXXXXXXXXXXXXXXXXXXXXXXXXXXXXXXXXXXXXXXXXXXXXXXXXXXXXXXXXXXXXXXX1XXXX


Generation 26/50  F=U(0.39605, 1.0)  N_hist=15959
------------------------------------------------------------------------------------------------------------------------
X1XXXXXXXXXXXXX1XX1XXXXXXXXXXXX1XXXXXXX0XXXXXXXXXXXXXXXXXXXXXXXXXX01XXXXXXXXXXXXXXXXXX0XXXXXXXXXXXXXXXXXXXXXXXXXXXXXXXXX
XXX1XXXXXXXXXXXXXXXXXXXXXXXXXXXXXXXXXXXXXXXX1XXXXXXXXXXXXXXXXXXXXXXXXXXXXXXXXXXXXXXXXXXXXX


Generation 27/50  F=U(0.438820402838, 1.0)  N_hist=16170
------------------------------------------------------------------------------------------------------------------------
XXXXXXXXXXXXXXXXX1X1XXXXXXXXXXXXXXXXXXXXXXXXXXXXXXXXXXXXXXXXXXXXXXXXXXXXXXXXXXXXXXXXXXXX0XXXXXXXXXXXXXXXXXXXXXXX1XXX11XX
XXXXXXXXXXXXXXXXXXXX1XXXXXXXXXXXXXXXXXXXX0XXXXXXXXXXXXXXXXXXXXXXXXXXXXXXXXXXXXXXXXXXXXXXXX


Generation 28/50  F=U(0.486209685511, 1.0)  N_hist=16380
------------------------------------------------------------------------------------------------------------------------
XXXXXXXXXXXXXXXXXXXXXXX0XX1XXXXXXXXXXXXXXXXXXXXXXXXXXXXXXXXXXXXXXXXXXXXXXXXXXXXXXXXXXXXXXXXXXXXXXXXXXXXXXXXXXXXXXXXXXXXX
XXXXXXXXXXXXXXXXXXXXXXXXXXXXX11XXX1XXXXXXXXXXXXXXXXXXXXXXXXXXXXXXXXXXXXXXXXXXXXXXXX10XXXXX


Generation 29/50  F=U(0.5, 1.0)  N_hist=16590
------------------------------------------------------------------------------------------------------------------------
XXXXXXXXXXXXXXXXXXXXXXXXXXXXXXXXXXXXXXX0XXXXXXXXXXXXXXXXXXXXXXXXXXXXXXXXXXXXXXXXXXXXXXXXXXXXXXXXXXXXXXXXX01XXXXXXX1X0XXX
XXXXXXXXXXXX1XXXXXXXXXXXXX01XXXXXXXXXXXXXXXXXXXXXXXXXXXXXXXXXXXXXXXXXXXXXXXXXXXXXXXXXXXXXX


Generation 30/50  F=U(0.5, 1.0)  N_hist=16800
------------------------------------------------------------------------------------------------------------------------
010XXXXXXXXXXXXXXXXXXXXXXXXXXXXXXXXXXXXXXXXXXXXXXXXXXXXXXXXXXXXXXXXXXXXXXXXXXXXXXXXXXXXXXXXXXXXXXXXXXXXXXX0XXXXXXXXXXXXX
XXXXXXXXXXXXXXXXXXXXXXXXXXXXXXXXXXXXXXXXXXXXXXXXXXX0XXXXXXXXXXXXXXXXXXXXXXXXXXXXXXXXXXXXXX


Generation 31/50  F=U(0.445, 1.0)  N_hist=17010
------------------------------------------------------------------------------------------------------------------------
XXXXXXXXXXXXXXXXXXXXXXXXXXX1XXXXXXXXXXXXXXXXX1XXXXXXXXXXXXXXXXXXXXXXXXXX1XXXXXXXXXXXXXXXXXXXXXXXXXXXXXXXXXXXXXXXXXXXXXXX
XXXXXXXXXXXXXXXXXXXXXXXXX1XXXXXXXXXXXXXXXXXXXXXXXXXXXXXXXXXX1XXXXXXXXXXXXXXXXXXXXXXXXXXXXX


Generation 32/50  F=U(0.39605, 1.0)  N_hist=17220
------------------------------------------------------------------------------------------------------------------------
XXXXXXXXXXXXXXXXXXXXXXXXXXXXXXXXXXXXXXXXXXXXXXXXXXXXXXXXXXXXXXXXXXXXXXXXXXXXXXXXXXXXXXXXXXXXXXXXXXXXXXXXXXXXXXXXXXXXXXXX
XXXXXXXXXXX0X1XXXXXX1XXXXXXXXXXXXXXXXXXXXXXXXXXXXXXXXXXXXXXXXXXXXXXXXXXXXXXXXXXXXXXXXXXXXX


Generation 33/50  F=U(0.3524845, 1.0)  N_hist=17430
------------------------------------------------------------------------------------------------------------------------
X1XXXXXXXXXXXXXXXXXXXXXXXXXXXXXXXXXXXXXXXXXXXXXXXXXXXXXX1XXXXXXXXXXXXXXXXXXXXXXXXXXXXXX1XXXXXXXXXX0XXXXXXXXXXXXXXXXXXXXX
XXXXXXXXXXX1XXXXXXXXXXXXXXXXXXXXXXXXXXXXXXXXXXXXXX1XXXXXXXXXXXXXXXXXXXXXXXXXXXXX1XXXXXX1XX


Generation 34/50  F=U(0.390550158526, 1.0)  N_hist=17640
------------------------------------------------------------------------------------------------------------------------
XXXXXXXXXXXXXXXXXXXXXXXXXXXXXXXXXXXXXXXXX1XXXXXXXXXXXXXXXXXXXXXXXX1XXXXXXXX11XXXXXXXXXXXXXXXXXXXXX1XXX1X0XXXXXXXXXXXXXXX
XXXXXXXXXXXXXXXXXXXXXXXXXXXXXXXX0XXXXXXXXXXXXXXXXXXXXXXXXXXXXX1XXXXXXXXXXXXXXXXXXXXXXXXXXX


Generation 35/50  F=U(0.432726620105, 1.0)  N_hist=17850
------------------------------------------------------------------------------------------------------------------------
10XXXXXX1XXXXXXXXX1XXXXXXXXXXXXXXXXXXXXXXXXXXXXX1XXXXXXXXXXXXXXXXXXXXXX1XXXXXXXXXX0XXXXXXXXXXXXX1XXX1XXX1XXXXXX1XXXXXXXX
XXXXXXXX1XXXXXXXXXXXXXXXXXXXXXXXXXXXXXXXXXXXXXXXXXXXXXXXXXXXXXXXXXXXXXXXXXXXXXXXXXXXXXXXXX


Generation 36/50  F=U(0.479457820359, 1.0)  N_hist=18060
------------------------------------------------------------------------------------------------------------------------
X0XX1XXXXXXXXXXXXXXXXXXXXXXXXXXXXXXXXXXXXXXXXXXXXXXXXXXXXXXXXXXXXXXXXXXXXXXXXXXXXXXXXXX1XXXXXXXXXXXXXXXXXXXXXXXXXXXXXXXX
XXXXXXXXXXXXXXXXXXXXXXXXXXX11XXXXXXXXXXXXXXXXXXXXXXXXXXX0XXXXXXXXXXXX1XXXXXXXXXXXXXXXXXXXX


Generation 37/50  F=U(0.5, 1.0)  N_hist=18270
------------------------------------------------------------------------------------------------------------------------
X0XXXXXXXXXXXXXXXXXXXXXXXXXXXXXXXXXXXXXX1XXXXXX11XXXXXXXXXXXXXXXXXXXXXXXXXXXXXX1XXXXXXXXXXXXXXXXXXXXXXXXX0XXXXXXXXXX0XXX
XXXXXXXXXXXX1+XXXXXXXXXXXXXXXXXXXXXXXXXXXXXXXXXXXXXXXXXXXXXXXXXXXXXXXXXXXXXXXXXXXXXXXXXXXXX


Generation 38/50  F=U(0.5, 1.0)  N_hist=18480
------------------------------------------------------------------------------------------------------------------------
X11XXXXXXXXXXXXXXXXXXXXXXXXXXXXXXXXXXXXXXXXXXXXXXXXXX0

SSE=10.256 on eval 7851: L=1.89984e+08 a=292.008 b=0.00444229* n=0.0425884* r=0.179966 t0=355.3 ts=51.0691

+XXXXXXXXXXXXXXXXXXXXXXXXXXXXXXXXXXXXXXXXXXXXXXXXXXXXXXXXXXXXXXXXX
XXXXXXXXXXXXXXXXXXXXXXXXXXXXXXXXXXXXXXXXXXXXXXXXXXXXXXXXXXXXXXXXXXXXXXXXXXXXXXXXXXXXXXXXXXX


Generation 39/50  F=U(0.5, 1.0)  N_hist=18690
------------------------------------------------------------------------------------------------------------------------
1XXXX1XXXXXXXXXXXXXXXXXXXX1XXXXXXXXXXXXXXXXXXXXXXXXXXXXXXXXXXXXXXXXXXXX1XXXXXXXXXXXXXXXXXXXXXXXXXXXXXXXXXXXXXXXXXXXXXXXX
XXXXXXXXXXXXXXXXXXXXXXXXXXXX0XXXXXXXXXXXXXXXXXXXXXXXXXXXXXXXXXXXXXXXXXXXXXXXXXXXXXXXXXXXXX


Generation 40/50  F=U(0.5, 1.0)  N_hist=18900
------------------------------------------------------------------------------------------------------------------------
XXXXXXXXXXXXXXXXXXXXXXXX1XX1XXXXXXXXXXXXXXXXXXXXXXXXXXXXXXXXXXXXXXXXXXXXXXXXXXXXXXXXXXXXXXXXXXXXXXXXXXXXXXXXXXXXXXXXXXXX
XXXXXXXXXXXXXXXXXXXXXXXXXXXXXXXXXXXXXXX01XXXXXXXXXX1XXXXXXXXXXXXXXXXXXXXXXXXXX1XXXXXXXXXXX


Generation 41/50  F=U(0.5, 1.0)  N_hist=19110
------------------------------------------------------------------------------------------------------------------------
11XXXXXXXXXXXXXXXXXXXXXXXXXXXXXXXXXXXXXXXXXXXXX1XXXXXXXXXXXXXXXXXXXXXXXXXX1XXXXXXXXXXXXXXXXXXXXXXXXXXXXXXXXXXXXXXXXXXXXX
XXXXXXXXXXXXXXXXXXXXXXXXXXXX1XXXXXXX1XXXXXXXXXXXXXXXXXXXXXXXXXXXXXXXXXXXXXXXXXXXXXXXXXXXXX


Generation 42/50  F=U(0.5, 1.0)  N_hist=19320
------------------------------------------------------------------------------------------------------------------------
XXXXXXXXXXXXXXXXXXXXXXXXXXXXXXXXXXXXXXXXXXXXXXXXXXXXXXXXXXXXXXXXXXXXXXXXXXX0XXX1XXXXXXXXXXXXXXXXXXXXXXXXXXXXXXXXXXXXXXXX
XXXXXXXXXXXXXXXXXXXXXXXXXXXXXXXXXXXXXXXXXXXXXXXXXXXXXXXXXXXXXXXXXXXXXXXXXXXXXXXXXXX1XXXXXX


Generation 43/50  F=U(0.445, 1.0)  N_hist=19530
------------------------------------------------------------------------------------------------------------------------
XXXXXXXXXXXXXXXXXXXXXXXXXXXXXXXXXXXXXXXXXXXXXXXXX1XXXXXXXXXXXXXXXXXXXXXXXXXXXXXXXXXXXXXXXXXXXXXXXXXXX0XXXXXXXXXXXXXXXX1X
XXXXXXXXXXXXXXXXXXXXX1XXXXXXXXXXXXXXXXXXXXXXXXXXXXXXXXXXX1XXXXXXXXXXX1XXXXXXXXXXXXXXXXXXXX


Generation 44/50  F=U(0.493056632402, 1.0)  N_hist=19740
------------------------------------------------------------------------------------------------------------------------
11X10XXXXXXXXXXXXXXXXXXXXXXXXXXXXXXXXX1XXXXXXX1XXXXXXXXXXXXX0XXXXXXXXXXXXXX1XXXXXXXXXXXXXXXXXXXXXXXXXXXXXXXXXXXXXXXXXXXX
XXXXXXXXXXXXXXXXXXXXXXXXXXXXX1XXXXXXXXXXXXXXXXXXXXXXXXXXXXXXXXXXXXXXXXXXXXXXXXXXXXXXXXXXXX


Generation 45/50  F=U(0.5, 1.0)  N_hist=19950
------------------------------------------------------------------------------------------------------------------------
XXXXXXXXXXXXXXXXXXXXXXXXXXXXXXXXXXXXXXXXXXXXXXXXXXXXXXXXXXXXXXXXXXXXXXXXXX11XXXXXXXXXXXXXXXXXXXXXXXXXXXXXXXXXXXXXXXXXXXX
XXXXXXXXXXXXX0X1XXXXXXXXXXXXXXXXXXXXXXXXXXXXXX1XXX1XXXXXXXXXXXXXXX0XXXXXXXXXXXXXXXXXXXXXXX


Generation 46/50  F=U(0.5, 1.0)  N_hist=20160
------------------------------------------------------------------------------------------------------------------------
1XXXXXXXXXXXXXXXXXXXXXXXX1XXXXXXXXXXXXXXXXXXXXXXXXXXXXXXXXXXXXXXXXXXXXXXXXXXXXXXXXX1XXXXXXXXXXXXXXXXX1XXXXXXXXXXXXXXXXXX
XXXXXXXXXXXXXXXX1XXXXXXXXXXXXXXXXXXXXXXXXXXXXXXXXXXXXXXXXXXXXXXXXXXXXXXXXXXX0XXXXXXXXXXXXX


Generation 47/50  F=U(0.445, 1.0)  N_hist=20370
------------------------------------------------------------------------------------------------------------------------
X1XXXXXXXXXXXXXXXXXXXXXXXXXXXXXXXXXXXXXXXX1XXXXXXXXXXXXXXXXXXXXXXXXXXXXXXXXXXXXXXXXXXXXXXXXXXXXXXXXXXXXXXXXXXXXXXXXXXXXX
XXXXXXXXXXXX1XXXXXXXXXXXXXXXXXXXXXXXXXXXXXXXXXXXXXXXXXXXXXXXXXXXXXXXXXXXXXXXXXXXXXXXXXXXXX


Generation 48/50  F=U(0.39605, 1.0)  N_hist=20580
------------------------------------------------------------------------------------------------------------------------
X1XXXXXXXXXXXXXXXXXXXXXXXXXXXXXXXXXXXXXXXXXXXXXXXXXXXXXXXXXXXXX1XXXXXXXXXXXXXXXXXXXXXXXXXXXXXXXXXXXXXXX1XXXXXXX1XXXXXXXX
XXXXXXXXXXXXXXXXXXXXXXXXXXXXXXXXXXXXXXXXXXXXXXXXXXXXXXXXXXXX0XXXXXXXXX0XXXXXXXXXXXXXXXXXXX


Generation 49/50  F=U(0.438820402838, 1.0)  N_hist=20790
------------------------------------------------------------------------------------------------------------------------
1X1X10XXXXXXXXXXXXXXXXXXXX1XXXX1XXXXXXXXXXXXXXXXXXXXXXXXXXX0XXXXXXXXXXXXXXXXXXXXXXXXXXXXXXXXXXXXXXXXXXXXXXXXXXXXXXXXXXXX
XXXXXX0XXXXXXXXXXXXXXXXXXXXX1XXXXXXXXXXXXXXXXXXXXXXXXXXXXXXXXXXXXXXXXXXXXXXXXXXXXXXXXXXXXX


Generation 50/50  F=U(0.486209685511, 1.0)  N_hist=21000
------------------------------------------------------------------------------------------------------------------------
XXXXXXXXXXX0XXXXXXXXXXXXXXXXXXXXXXXXXXXXXXXXXXXXXXXX0XXXXXXXXXXXXXXXXXX1XXXXXXXXXXXXXXXXXXXXXXXXXXXXX1XXXXXXXXXXXXXXXXXX
XXXXXXXXXXXXXXXXXXXXXXXXXXXXXXXXXXXXXXXXXXXXXXXXXX1XXXXXXXXXXXXXXXXXXXXXXXXXXXXXXXXXXXXXXX

Maximum number of iterations reached.

Shutting down DE...
DE shutdown complete.

Final population:
Population: 210 individuals with SSE 10.256 to 12.562, avg eval time 0.0261 sec. Top 7:

        SSE |     10.256       10.273       10.283       10.292       10.302       10.331       10.347  
------------------------------------------------------------------------------------------------------------------------
          L | 1.8998e+08   2.5674e+08    1.406e+08   1.3853e+08   3.7956e+07   9.3451e+07   2.0214e+08  
          a |     292.01       282.18       298.96       200.81       248.96       227.45       343.92  
          b |  0.0044423*   0.0054432    0.0049891*    0.003886*   0.0053868    0.0035676*   0.0058108  
          n |   0.042588*     0.10258     0.048176*     0.19049      0.14447      0.12707     0.010249* 
          r |    0.17997       0.1745      0.17966      0.18661      0.17832      0.18425       0.1812  
         t0 |      355.3       334.12       330.34       156.91       441.71       546.33        134.3  
         ts |     51.069       51.279       51.982       50.646        51.58       51.127       52.477  
------------------------------------------------------------------------------------------------------------------------
Best individual:
<SSE=10.2562 L=1.89984e+08 a=292.008 b=0.00444229* n=0.0425884* r=0.179966 t0=355.3 ts=51.0691>


Elapsed time: 302.16 seconds

Saved final population of best parameter combinations to covid19.dat
Shutting down...
Task Queue is shut down
Goodbye
