Decompressing and parsing covid19.csv.bz2...
Cumulative and new cases reported thus far for Germany
------------------------------------------------------------------------------------------------------------------------
000	01/22	0	0
001	01/23	0	0
002	01/24	0	0
003	01/25	0	0
004	01/26	0	0
005	01/27	1	1
006	01/28	4	3
007	01/29	4	0
008	01/30	4	0
009	01/31	5	1
010	02/01	8	3
011	02/02	10	2
012	02/03	12	2
013	02/04	12	0
014	02/05	12	0
015	02/06	12	0
016	02/07	13	1
017	02/08	13	0
018	02/09	14	1
019	02/10	14	0
020	02/11	16	2
021	02/12	16	0
022	02/13	16	0
023	02/14	16	0
024	02/15	16	0
025	02/16	16	0
026	02/17	16	0
027	02/18	16	0
028	02/19	16	0
029	02/20	16	0
030	02/21	16	0
031	02/22	16	0
032	02/23	16	0
033	02/24	16	0
034	02/25	17	1
035	02/26	27	10
036	02/27	46	19
037	02/28	48	2
038	02/29	79	31
039	03/01	130	51
040	03/02	159	29
041	03/03	196	37
042	03/04	262	66
043	03/05	482	220
044	03/06	670	188
045	03/07	799	129
046	03/08	1040	241
047	03/09	1176	136
048	03/10	1457	281
049	03/11	1908	451
050	03/12	2078	170
051	03/13	3675	1597
052	03/14	4585	910
053	03/15	5795	1210
054	03/16	7272	1477
055	03/17	9257	1985
056	03/18	12327	3070
057	03/19	15320	2993
058	03/20	19848	4528
059	03/21	22213	2365
060	03/22	24873	2660
061	03/23	29056	4183
062	03/24	32986	3930
063	03/25	37323	4337
064	03/26	43938	6615
065	03/27	50871	6933
066	03/28	57695	6824
067	03/29	62095	4400
068	03/30	66885	4790
069	03/31	71808	4923
070	04/01	77872	6064
071	04/02	84794	6922
072	04/03	91159	6365
073	04/04	96092	4933
074	04/05	100123	4031
075	04/06	103374	3251
076	04/07	107663	4289

Initializing 240 population members having 6 parameters
------------------------------------------------------------------------------------------------------------------------

SSE=86.855 on eval 1: L=5.17731e+07 b=17.2622 r=0.298473 rf=0.884932* t0=64.9373** th=18.3429

*

SSE=18.317 on eval 2: L=4.70319e+07 b=89.9555 r=0.545369** rf=0.971215 t0=55.2639 th=15.0448

!2522733442234114439!92122144968144212242112

SSE=17.65 on eval 46: L=2.23028e+07 b=113.415 r=0.335598 rf=0.96527 t0=60.9773 th=14.998

!31794214111222

SSE=16.524 on eval 61: L=3.75149e+07 b=95.876 r=0.286585 rf=0.949701 t0=62.6136 th=11.7707

!262222!

SSE=15.927 on eval 69: L=3.18017e+07 b=1.21274* r=0.386798 rf=0.966438 t0=58.0165 th=16.1207

!544281112431195753132115543219723563223964913421499
297767311191996423211452129321721214887336322121151126543559128522031118527112311242743211392639519922322571291717353193


Population: 240 individuals with SSE 15.927 to 387.52, avg eval time 0.773 sec. Top 7:

        SSE |     15.927       15.944       16.322       16.524        17.14       17.444       17.609  
------------------------------------------------------------------------------------------------------------------------
          L | 3.1802e+07   3.9464e+07    3.886e+07   3.7515e+07   7.0192e+07   5.2536e+07   4.9252e+06  
          b |     1.2127*      85.726       22.014       95.876       19.607       128.65**     58.923  
          r |     0.3868      0.45004      0.46019      0.28658      0.23062*     0.49719      0.29785  
         rf |    0.96644      0.98686      0.97201       0.9497      0.95881      0.98244      0.98625  
         t0 |     58.016       56.365       55.466       62.614        64.27       56.077       60.331  
         th |     16.121       17.295       16.709       11.771       12.956       15.703       18.499  
------------------------------------------------------------------------------------------------------------------------
Best individual:
<SSE=15.9270 L=3.18017e+07 b=1.21274* r=0.386798 rf=0.966438 t0=58.0165 th=16.1207>


Population: 240 individuals with SSE 15.927 to 387.52, avg eval time 0.773 sec. Top 7:

        SSE |     15.927       15.944       16.322       16.524        17.14       17.444       17.609  
------------------------------------------------------------------------------------------------------------------------
          L | 3.1802e+07   3.9464e+07    3.886e+07   3.7515e+07   7.0192e+07   5.2536e+07   4.9252e+06  
          b |     1.2127*      85.726       22.014       95.876       19.607       128.65**     58.923  
          r |     0.3868      0.45004      0.46019      0.28658      0.23062*     0.49719      0.29785  
         rf |    0.96644      0.98686      0.97201       0.9497      0.95881      0.98244      0.98625  
         t0 |     58.016       56.365       55.466       62.614        64.27       56.077       60.331  
         th |     16.121       17.295       16.709       11.771       12.956       15.703       18.499  
------------------------------------------------------------------------------------------------------------------------
Best individual:
<SSE=15.9270 L=3.18017e+07 b=1.21274* r=0.386798 rf=0.966438 t0=58.0165 th=16.1207>

Performing DE with CR=0.7, F=U(0.5, 1.0), DE/rand-1.00/1/bin
------------------------------------------------------------------------------------------------------------------------
Press the 'Enter' key to abort.

Generation 1/75  F=U(0.5, 1.0)  N_hist=240
------------------------------------------------------------------------------------------------------------------------
0XX2XX2X31X38X42X2XX12293XX1XXXX31X211XX2XX133XX1X2XX2XX1XXX1XXX2X1XXXX4XX122XX2XX52029XXXXXXX3XXXX9XXXX226XX23XXXX15X13
1X212XX11X1XX53X3X5XX263XXX2XX313X1867X1331XXX3X18XX2121XX3XX2153XX1X6X4X45XXXXXX421XXX34X1XX33XX1X264XXXX15XX23X6X25XXX


Generation 2/75  F=U(0.5, 1.0)  N_hist=480
------------------------------------------------------------------------------------------------------------------------
XX1XXX1XX41X1XXX11X3XX1XX1XX123XX3X1XX3XXX2XXXX1XXX1XX1XX2XXXXXX11XXX1XX2X22X21XXX01X42XXX2XXX122XX23XXXX21XXX1XXXX212X4
X24XX2XX2XX120XXXXX2XXXXXXX1XXXX1X1211XX31XXXXXXXX21211X2XXX1XX1221X31113X11XX12XX221XX1XX21XX41XX1X3X2X2XX11X2XX2XX21XX


Generation 3/75  F=U(0.5, 1.0)  N_hist=720
------------------------------------------------------------------------------------------------------------------------
2XX1XX12XXXXXXX21311XX32X1XX1XXXX1XX1XXX11XX2+X1XXXXX31XXXXXXXXX1

SSE=15.6 on eval 784: L=4.63851e+06 b=20.053 r=0.306475 rf=0.985174 t0=61.3903 th=15.9519

+XXXXXX11XX1X32X3X12XX0XXXX2X111X01XXX32X21X0X1XX12X1XX
XXXX11X12XX1XX1XXXXXX110X1132X1XX2XXX21X1XXXX11XXXX3XXX1X1XXX2XXX1X12XXXXXXXX1XX41X11422XX1XXX2XXXXXXXX1111X2X1XXXX2XXXX
1X


Generation 4/75  F=U(0.5, 1.0)  N_hist=960
------------------------------------------------------------------------------------------------------------------------
XX21122XXX1XXXXXX1XXX11X21XXXXXX1111X11X1XXXXX2XX2X3XXXXXXXXXXX1XXXXXX1XXXXXX1XXXXXXXXXXXX1XXX3XXX2XXXXX11XXXXX1XXX1X1XX
11X1XXXX2XX2XXXXXXXXXXX0XX2XXXXX1XXXX0XXXX1X10XXX1XXX111XXXXXXXXXX1X1XX1XXXX1X21X1X01XX1X1XX1XX1XXXX2XXXXXXXXX210XXXXXXX


Generation 5/75  F=U(0.5, 1.0)  N_hist=1200
------------------------------------------------------------------------------------------------------------------------
1XXXXX121XXXXX10XXX1XXXXXXXXX1XXXXXXXXXXX1XXXXX2XXXX1XXXX1X1X1XXX0XX11X1XXXX11X1XXXX1X1X0XXX2XXXXX111XX1XXXXX21XXX1XXXXX
1XXX1XXXX0X2X1X1XX1X0X0XXXX2XXXXXXXXXXX1XXXXXX21XXXXXXXXX11X1XX1X1XXX1XXXX1XXXX1XXX1XXXX1X11XX1XX1XXXXXXXXXX11XX1XXXXX1X


Generation 6/75  F=U(0.5, 1.0)  N_hist=1440
------------------------------------------------------------------------------------------------------------------------
2XXXX11XXXXXXX01XXXX1XXX11XXXXX0X1XXX1XX1XXXXX11XXXX1X1XXXXX2X122X011X2XXXXX1X011XXXXXXX1X11XXX1XXXXX02X0XXXXXXXXXXXXXXX
X01X1XXXX2XXXXXXXXXXXXXXXXXXXXX1XXX1X11XX10X1XXXXXXX1XXXX1XXXXXXXXXXXXXXXXXX0XXX1XX1XXXXXXX111X121XX1XXX1XXXX11XXXXXXXXX


Generation 7/75  F=U(0.5, 1.0)  N_hist=1680
------------------------------------------------------------------------------------------------------------------------
11X12X101XXXXXXXXXX1XXXXXXXXXX12XXXXXXXXXXXXXX1XXXXX1X1XXXXXXXXXXXXXXX1X1XXXXXXXXXXXX11XXXXXXXXXXXXXXXXXX0XX1XXXXX1XXXXX
0XXX111XXXXXXX1XXXX2XX1XXXXX1X1XXX0XX1X1X111XX1XXXX2XXXXXXXXXXXXX111XX0XX1XXXXXXXXXXXXXXXXXXXX1XXXXXXXXXXX11XXXXXXXXXXXX


Generation 8/75  F=U(0.5, 1.0)  N_hist=1920
------------------------------------------------------------------------------------------------------------------------
1201X1X011XX1XX1XXXXXXX1XX11XXXXXX1XXXXXXXXXX1XXXXXXX1XXXXX1XXXXXXXXXXX1XXXXX0111XXXX1XXXXXXXXXXX1XXXXXXXXXX0XXXXXXXXX1X
11XXXXX0XXXXX1XXXXXXX11XXXXXXXXXXXXXXXXXXXXXXX1XX1X1XX0XX1XXXXXX1XXX1XXXXXXXXXXXX11XXXXX111X1X0XXXXXXX1XXXXXXXXXXXXXXXXX


Generation 9/75  F=U(0.5, 1.0)  N_hist=2160
------------------------------------------------------------------------------------------------------------------------
111X121X101X1XX10XXXXXXXXXXXXXXX1XXXXXXXXXXXXX111XXXXXXXXXXX1XXXXX1X1X0XXXXXXXXXXXXXXXXX1XXXXX11X1XXXXXXXXX1XXXXXXXXXXX1
XXXXX11XXXXXXXXXXXXX1XXXXXXXXXXXXX1011X01101XXXX1XXXXXXX1XX1XXXXXXXXXXXXXXXX111XXXXXXXXX1X1X1XXXXXXXXXXXXXXXXXXXX1XXXXXX


Generation 10/75  F=U(0.5, 1.0)  N_hist=2400
------------------------------------------------------------------------------------------------------------------------
11X0X000X1XX1XX1XXXX1XXX1+XXXXXXXXXXXXXXXXX1XXXXXXX1XX1X0XXXXXXXXXXX1X1XX11X11X01XXXXXXXXX1XXXXXXXXXX1XXXXXXXXXXXXXXXXXX
XXXXX0X1XXXXXXXXXXX0XXXX1X1XXX11XXXXXXXXXXXXXXXXXX111XXXX1XXXXXXXXXXXXXX1XXXXXXXXXXXXXXX1XXXXXXXXXXXX1XXXXXXXXXXX1XXXXXX
X


Generation 11/75  F=U(0.5, 1.0)  N_hist=2640
------------------------------------------------------------------------------------------------------------------------
1110X11XXX1XXXXXXXXXXX1XXX1XXXXXXXXXXXXXXXX1XXXXXXXXX11XX1XXXXXXXXXXXXX1XXXXXXXXXXXXXX1X10X1X0XXXXXXXXXXXXXXXXXXXXXXXXX1
1XXXXXXXXXXXXXX1X1X0XXX1X1XXXXXXXXXXXXXXXXX0XXXXXXXXXXXXXXX111X0XXXXXXXXXXXXXXXXXXX1XXXXXXXXXXXX1XXXX1011XXXXXXXXXX11XXX


Generation 12/75  F=U(0.5, 1.0)  N_hist=2880
------------------------------------------------------------------------------------------------------------------------
11X1X01001X1XXXXXXXXXXXXXXXXXX0XX11X1XX1XXXX1XX1XX1XXXX11XXXXXXXXXXXXXXXXXX11XXXXXXXXX11XX1XXXX1XX0XXXXX1XXXXXXXX0XXXXXX
XXXXXXXXXXXXX1X10X1XX00XXXXXXXXXXXXX1XX1011X1XXXXXXXXXXX1XXXXXXXXXXXXX0XXXXXXXXXXXXXXXXXXXXXXXXXXXXXXXXXX1XXXXXXXXXXXXXX


Generation 13/75  F=U(0.5, 1.0)  N_hist=3120
------------------------------------------------------------------------------------------------------------------------
0X1XX0XX1XXXXXXXXXXXXXXXXXXXXXXXXXXXXXXX1XXXXXXXXXXXXXXXXXXXXXXXXX1XX1XXXXXXXXXXXXXXX0XXXXXXX01XX0X1XXXXXXXXXXXXXXX1XX0X
XXXXXXXX1111XXXX11XXXXXXXXXXXXXXXXXXXXX1XXXXXXXXXXXXXXXXXXXXXX0XXXXX00XXXXXXXXXXX010XXXX1XXXXXXXXXXXXXXXXXXXXXXXXXXXXXXX


Generation 14/75  F=U(0.5, 1.0)  N_hist=3360
------------------------------------------------------------------------------------------------------------------------
11111X1X0XXXXXXXXXXXXXXXXXXXXX0XXXXXXXXXXXXXXXXXXXXXXXXXX1XXX1XXX11XXXXXXXXX0XXXXXXXX0XXXX11XXXXXXXXXXXX1XXXXXXXXXXXXXXX
XXXXXXXXXXXX1XXXXXXXXXXXXXXXXX1XXXXXXXXXXXX1XX1XXXXXXXXXXXX1XXXXXXXXXXXXXXXXXXXXXXX0X1X11X1XX1XXXXXXXXXXXXXXXXXXXXXXXXXX


Generation 15/75  F=U(0.5, 1.0)  N_hist=3600
------------------------------------------------------------------------------------------------------------------------
1XXX00XXXXXXXXXXXXXXX00XXXXXXXXXXXXXXXXXX1XXXXXXXXXXXXXXXXXXXXXXXXX1XXXXXXXXXXXXX10XXXXXXX1XXXXXXXXXXXX1X1XXXXX1X1XX1XXX
X0XXXXXXXXXXXX00XXXXXX1XXXXXXXXXXXXXXXXXXXXXXXXXXXXX101XXXXXXXX0XXXXXXX1XXX11XXXXXXXXXXXXXXXXXXXXXXXXXXXX11X0XXXXXXXXXXX


Generation 16/75  F=U(0.5, 1.0)  N_hist=3840
------------------------------------------------------------------------------------------------------------------------
1X1X0XX110X1111XXXXXXXXXXX1X1XXXXXXXXXXXXXXXXXXXXXXXXXXXXXXXXXXX0XXXXXXXXXXXX01XXXXXXX0XXXXXX1XXXXXXXXXX1XX1XXXXXXXXXX1X
XXXXXXXXX1XXXXX11XXX0XXXX1X1XXXXXXXXXXXXXXXXXXXXXX1XX1XXXXXXX0XXXXXXXXXXXXXXXXXXXXXXXXXXXXX101XXXXXXXXXXXXXXXXXXXXXXXXXX


Generation 17/75  F=U(0.5, 1.0)  N_hist=4080
------------------------------------------------------------------------------------------------------------------------
10XXX0X1X1XXXXXXXXXXXXXXXXX0XXXXXXXXXXXXXXXXX0XXXXXXXXXXXXX10XXXX1XXXXXXXXXX1XXXXXXXXXXXXXXXXXX1X1XXXXXXXXXXXXXXXXX1XXXX
XXXXXXXXXXXXXXXXXXXXXXXX1X1XXXXXX0XX1XXXXXXXXXXXXXXX01XX1XXXXXXXXXXXXXXXXXXXXXXXXXXXXXXXXX1XXXXXXXXXXXXXXXXXXXXXXXXXXXXX


Generation 18/75  F=U(0.5, 1.0)  N_hist=4320
------------------------------------------------------------------------------------------------------------------------
011X0XXXXXX01X0X1XXX1XXXXXXXXXXXXXXXXX10XXXXXXXXXXXXXX0XXXXX0XXXXXXXXXX1XXXX1XXXXXXXXXXXXXXXXXXXXX11XXXXXXXXXXXXXXXXXXXX
XXXXXXXXXX0XXXXXXX0X0X1XXXXXXXXXXXXXXXXXXX111XXXXXXXXXXXXXXXXXXXXXXXXXXXXXXX1XX0XXX1XXXXXXXXXXXXXXXXXXXXXXXXXXXXXXXXXXXX


Generation 19/75  F=U(0.5, 1.0)  N_hist=4560
------------------------------------------------------------------------------------------------------------------------
XXX101XXXXXXXXXXXXXXXXX1XXXXXXXXX1XX0XXXXXXXX0XX1XXXXXXXXXXXXXXXXXXXXXXX1XX1XXXXXXXXXXXX0X1XXXXXXXXXXXXXXXXXXXXXXX1XX0XX
XX1X1XXXXX0XXXXX0XXXXXXXXXXXXXXXXXXXXXXXX1XXXXX0XXX0XXXXXXX0XX10XXXXXXXXXXXXXXXXXXXXXXXXXXXXXXXXXXXXXXXXXXXX0XXXXXXXXXXX


Generation 20/75  F=U(0.5, 1.0)  N_hist=4800
------------------------------------------------------------------------------------------------------------------------
110X1X0XX01X0XXXXXXXXXXXXXXXXXXXXXXXXX1XXXXXXXXXXXXXXXXXXXXX0XXXXXXXXXXXXX1XX1XXXXXXXXX1XXXXXXXXXXXXXXXXXXXXXXXX0X0XXXXX
XXXXXXXXXXXXX11XXXX10X10XXXXXXXXXXXXXXXX1XXXXXXXXXXXXXXXXXXXXXX1XXX1XX0XXXXX1XXXXXXXXXXXXXXXXXXXXXXXXX1X1XXXXXXXXXXXXXXX


Generation 21/75  F=U(0.5, 1.0)  N_hist=5040
------------------------------------------------------------------------------------------------------------------------
0X0110XX110XXXXXXXX1XX1XX1XX1X1XXXXXXXXXXXXX1XXXXXXXXXX0XXXXXX0XXX1XXX1XXXXXXXXXXXXXXX0XXXXXXXXXXXXX1XXXXXXXXXXXXX0XXXXX
XX0X01XXXXXXXXXXXXXX1XXXXXXX1XXXXXXXX0XXXXXX0XX0XXXXXXXXXXXXXXXXX0X0XXXXXXXXX11XXXXXXXXXXXXXXXXXXXXXXXXXXX1XXXXXX1XXXXXX


Generation 22/75  F=U(0.5, 1.0)  N_hist=5279
------------------------------------------------------------------------------------------------------------------------
XXX0111XXXXXXXXXXX1XXXXXXXXXXXXXXXXXXXXXXXXXXXXXXXXXXXXXXXXXXXXXXXXXXXXX0XXXXXXXXX0XXXXXXXXXXX0XXX011XXXXXXXXXXXXXXXXXXX
XXXXXXXXX0XXXXXXXX1XXXXX1X1XXXXXX001XXXXXXXXXXXXXX1XXXXXXXXXXX1000XXXXXXXXXXXXXXXXXXXXXXXXXXXXXXXXXXXXXXXXXXXX0XXXXXXXXX


Generation 23/75  F=U(0.5, 1.0)  N_hist=5520
------------------------------------------------------------------------------------------------------------------------
1XX10XXXX0XXXXXXXXXXXXXXXXXXXXXXXX0XXXXXX0XXXXXXXXXXXXXXXX1XXXXXXXXXXXX10X1XXXXX1XXXXXXXXXXXXXX10XXXXXXX0XXXXXXXXXX11X0X
XXXXXXXXXX1XXXXX0XXXXXXXX00XXXXXX1X1XX1X00X1XXX0XXXXXXXXXXXXXXXXXXXXXX1XX10X0XXXXXXXXXXXXXXXXXXXXXXXXXXXXXXXXXXXXXXXXXXX


Generation 24/75  F=U(0.5, 1.0)  N_hist=5760
------------------------------------------------------------------------------------------------------------------------
11XX00XXXXXX00XXXXXXXXXXXXX1XXX1XXXXXXXXXXXXXXXXXXX0XXX0XXXXXXXXXXXXXXXXXXXXXXXXXXXXXXXXXXX1XXXXX0XXX1XXXXXXXXXXXXXXX0XX
XXX0XXXXXXXXXXXXXXXXXXXXXXXXXXXXXX1XXXXXXXXXXXX0XXXXXXXXX0XXXXXXXXXXX1XXXXXXXXXXXXXXXXXXXX110XXXXXXXXXXXXXXXXXXXXXXXXXXX


Generation 25/75  F=U(0.5, 1.0)  N_hist=6000
------------------------------------------------------------------------------------------------------------------------
01XXXXXXXX00XXXXXXXXXXXXXXXXXXX1XXXXXXXXXXXXXXXXXXXXXXXXXXXXXXXXXXXXXXXXXXXXXX0XXXXXXXXXX1X00XXXXXXXXXXXXXXXXXXXX0XX1XX0
XX1XXXXXXXXXXXXXXX1XXXXXXXXXXXX1XX0XXXXXXXXXXXXXXXXXXXXXXXXXXXXXXXXXXXXXXXXXXXXX1XXXXXXXX1XXXXXXXXXXXXXXXXXXXXXXXXXXXXXX


Generation 26/75  F=U(0.5, 1.0)  N_hist=6240
------------------------------------------------------------------------------------------------------------------------
110X1XX1XXXXX1XXXXXXX0XXXXXXXXXXXXXXXXXXXXXXX11XXXXXXXXXX0XXX1X1XXXXXXXXXXXXXXXXXX0XXXXXXXXXXXXXXXXXXXXXXXXXXXXXXXXXXXXX
XXXXX0XXXXXXXXXXXXXXXXXXXXXXXXXXXXXXXXXXXXXXX1XXX10XXXXXXX0XXXXXXXXX0XXXXXXXXXX0XXXXXXXXXXXXXXXXXXXXXXXXXXXXXXXXXX0XXXXX


Generation 27/75  F=U(0.5, 1.0)  N_hist=6480
------------------------------------------------------------------------------------------------------------------------
X0XXXXXXXXXXXXXXXXXXXXXXXXX0XXXXXXXXXXXXXXXXXXXX1XXXXXXXXXXXXXX0XXXXXXXX0XXXXXXXXXX0XXXXXXX10XXXX0XXXXXXXXXXXXXXXXXXXXXX
XXXXXXXXXXXXXXXXXX1XXXXXXXXXXX0XX1XXXXXXXXXXXXXXXXXXX1XXXXXXXXXXXXXXXXXXXXXXXXXXXXXXXXXXXX01XXXXXXXXXXXXXXXXXXXXXXXXXXXX


Generation 28/75  F=U(0.5, 1.0)  N_hist=6720
------------------------------------------------------------------------------------------------------------------------
XX01XXXXXXXXXXXXXXXXXXXXXXXXXXXXXXXXXXXXXXXXXXX0X1XXXXXXXXXXXXXXXXXXXXXXXXXXXXXXXX0XXXXXXXXXXXXXXX1XXXX0XXXXXXXX1XXXXXXX
XXX0XXXXXXXXXX0XXXXXXXXXXXXXX1+XX1XXX0XXXXXXXXXXXXXXX001X1+110XXXX0XXXXXXXXXXXXXXXXXXXX0X1XXXXXXXXXXXXXXXXXXXXXXXXXXX1X0
XX


Generation 29/75  F=U(0.5, 1.0)  N_hist=6959
------------------------------------------------------------------------------------------------------------------------
0X0XX000XXXXXXXXXXXXXXXXXXXXXXXXX0XX10XXXXXXXXXXXXXXXXXXXXXXXXXXXXX1XXXXXXXXXX0XXXXXXXXXXXXXXXXXX0XXXXXXXXXXXXXX0XXXXX10
XXXXXXXXXXXXXXXXXXX01XXXXXXXXXXXXXXXXXX1XXXXXX0X01XXX1XXXXXXXX1XXXXXXXXXXXXXXXXXXX0XXXXXXXXXXXXXXXXXXXXXXXXXXXXXXXXXXXXX


Generation 30/75  F=U(0.5, 1.0)  N_hist=7200
------------------------------------------------------------------------------------------------------------------------
000XX001X1X01XXXXXXX0XXXXXXXXX0XXXXXXXXXXXXXXXXXXXXXXXXXXXXXXXXXXXXXXXXXXXXXXXXXXXXXXXXXXXXXXXXXXXXXXXXXXXX0XXXXXX0XXXXX
XXXXXXXXXXXXXXX0X1+X1XXXXXXXXXXXXXXXXXXXXX1XXXXXXXXXXXXXXXXXXXXXXXXXXXXXXXXXXXXXX0XXXXXXXXX0XXXXXXXXXXXXXXXXX0XXXXX0XXXX
X


Generation 31/75  F=U(0.5, 1.0)  N_hist=7440
------------------------------------------------------------------------------------------------------------------------
11XX11X0XX1XXX1XXXXXXX1XXXXXXXXXXXXXXXXXXXX1XXXX0XXXX0XXXXX0XXXXXX0XXXXXXXXXXXXX00XXXXXXXXXX0XXXXXXXXXXXXXXXXXXXXXXXXXXX
XXXXXXXXXXXXXXXX0XXXXXXXXXXXXXXXXXXXXXX1XX1XX0XXXXX0X0XXXX00X0XXXXXXXXX0XXXXXX1XXXXX1XXXXX0XXXXX0XXXXXXXXXXXXXXXXXXXXXXX


Generation 32/75  F=U(0.5, 1.0)  N_hist=7680
------------------------------------------------------------------------------------------------------------------------
00X110X0XXXXXX1XXXXXXXXXXXXXXXXXXXXXXXXXXXXXXXXXXXXXXXXXXXXX1XXXXXXXXXXXXXXXXXXXXXXXXXXXXXX000X0XXX1XXXXXXXXXXXXXXXXXX1X
XXXXXX1XXX000XXXXXXXXXXXXXXXXXXXXX100XXXXXXXXXXXX0XXXXXXXXXXXXXXXXXXXXXXXXXXX0XXXXXX0XXXXXXXXXXXXXXXXXXXXXX1XXXXXXXXXXXX


Generation 33/75  F=U(0.5, 1.0)  N_hist=7920
------------------------------------------------------------------------------------------------------------------------
XX00XX1010XXXXX1XXXXX1XXX0XX0XXXXXXXXXXXXXXX0XXX0XXXXXXXXXXXXXXXXXXXXXXXXXXXXXXXXXXXXXXXXXXXXXXX0XXX0XXXXXXXXXXXXXXXXXXX
XXX0XX00X0XXXXXXXXXXXXXXXXX0XXXXXXXXXX0XXXXXXXXXXXXXXXXXXXXXXXXXXXX0XXX0XXXXXXXX0XXXXX0X01XXXXXXXXXXXXXXXXXXXXXXXXXXXXXX


Generation 34/75  F=U(0.5, 1.0)  N_hist=8160
------------------------------------------------------------------------------------------------------------------------
0X11XXXXXXXXXXXXXXXXXXXXXXXXXXXXXXXXXX0XXXXXX0XXXXXXXXXXXXXXXX0XXXXXXXXXXX0X1XXXX0X0XXXX0X0X0XXXXXXX0XXXXXXXXXX0XXXXXXXX
XXXX0XXXXXXXXXXXXXXXXXXXXXXX0X0XXXXXXXX0X0XXXXXXXXXXXXXXXXXXXXXXXXXXX1XXXXXXXXXXXXXXX00XXXXXXXXXXXXXXXX1X0XX0XXXXXXXXXXX


Generation 35/75  F=U(0.5, 1.0)  N_hist=8400
------------------------------------------------------------------------------------------------------------------------
110X0XXXXXXX0XXXXXXXXXXXXXXXXXXXXXXXXXXXXXXXXXXX0XX0XXXXXXXXXXXXX0XX0XXXXXXXXXXXXXXXXXXXXX00XXXXXXXXXXXXXX10XXXXXX01X0XX
XXXXXXXXXXXXXXXXXXXXXXXXXXXXXXXXXXXXXXXX0XXXXXXX0XX00XXXXXXXXXXXX1XXXXXXXX0XXXXXX0XXXXXXX0XXXXXXXXXX10X00XXXXXXXXXXXXXXX


Generation 36/75  F=U(0.5, 1.0)  N_hist=8640
------------------------------------------------------------------------------------------------------------------------
00X10X0X0XXX0XXXXXXXXXXXX0XXXXXXXXXXXXX0XXXXXXX0XXXXXXXXXXXXXXXXXXX01XX0XXXXXXXXXXX0XXXXXXXXXXXXXXXXXXXXXXXXXXXXXX1X0XXX
XXXXXXXXXXXXXXXXXXXXXXXXXXXX0XXX0XXXXXXXXXXXXXX01XX0XX000XXXXXXXXXX0XXXXXXXXXXXXXXXXXXXXXXXXXXXXXXXX0XXXXXXXXXXX0XXXXXXX


Generation 37/75  F=U(0.5, 1.0)  N_hist=8880
------------------------------------------------------------------------------------------------------------------------
XXX0XXXXX0XXXXXXXXXXXXXXXXXXX0XXXXXXXXXXXXXXXX0XXXXX0XXXXXXXXXXX0XXXXXXXXXXXXXXXXXXXXXXXXXXXXX0XX0XXXXXXXXXXXXXXXXXXXXXX
XXXXXXXXXXXXXXXX1XXXXXXXXXXXXX000XXXXXXXXXXX0XXXXXXX0XXXXXXXXXXXXXXX0X0XXXXXXXXXXXXXXXXXXXXXXX1X0XXXXXXXXXXX00XXXXXXX1XX


Generation 38/75  F=U(0.445, 1.0)  N_hist=9119
------------------------------------------------------------------------------------------------------------------------
XXXXX0XXX1XXXXXXXXX0XXXX1X0XXXXXXXXX0XXXXXXXXXXX0X0XXXXXXXXXXXXXXXXXXXXX0XXXX1XXXXXXXXXXXXXXXXXXXXXX0XX0XXX0XXXXXXXXXXXX
XXXXXXX0XXXXXXXXXXXXXXXXXXXXXX0XXXXXXXXXXXXXXXXXXXXXXXXXXXXXXXXXX0XXXXXXX10XXXXXXXXXXXXXXXXXXXXXXXXXXXXXXXXXXXXXXXXXXXXX


Generation 39/75  F=U(0.39605, 1.0)  N_hist=9360
------------------------------------------------------------------------------------------------------------------------
01X0X1XX001XXXXXXX0XXXX0XXXX0XXXX0XXXXXXXXXXX00XXXXXXXX0XXXX0XXXXX0XXXXXXXXXXX0XXXXXXXX0X0X0XXXXXXXXXXXXXX0XXXXXXXXXXXXX
XXXXXXXXXXXXXXXXXXXXXXX10XX001X0XX0XXXX0XXXXXXXXX0XXXXXXXXXXXX0XXXXXXXXXXXXXXXXXXXXXXXXXXXXXX0XXXXXX0X0XXX0XXXXXXXXXXXXX


Generation 40/75  F=U(0.438820402838, 1.0)  N_hist=9600
------------------------------------------------------------------------------------------------------------------------
0XXXX000XXXXX01XXXXXX0XXXXXX0XXXXXXXXXXXXXXXXXX0XXXXXXXXXXXXXXXXXXX0XXXXXXXXXXXXXXXXXXXXXXXXXXXX1XXXXXXXXXXXXXXXXXXXXXXX
XXXXXX1XXXXX0XXXXX00XX0XXXXXXXXXXXXXXXXXX1XXXXXXXXXXXXXXXXXXXXXXX0XXXXXXXXXXXXXXXXXXXXX0XXXXXX0XXXXXXXXXXXXXXXXXXXXXXXXX


Generation 41/75  F=U(0.390550158526, 1.0)  N_hist=9840
------------------------------------------------------------------------------------------------------------------------
0X1XXXXXX0XXXXXX1XXXXXXXXXXXX0XXXXXXXXXXXXXXXXX0XXX1XXXXXXXX00X00X0XXXXXXXXXXXXXXXXX0XXX00XXXXXXX0X0XXX0XXXXXXXXXXXXXXXX
00XXXXXXXX00XXXXXXXXXX0XXXXXXXXXXXXXXXXXXXXXXXXXXXXXXXXXXXXXXXX0XXXXXXXXXXXXXX0X10X0XXXXXXXXXXXXXXXXXXXXXXXXXXXXXXXXXXXX


Generation 42/75  F=U(0.432726620105, 1.0)  N_hist=10080
------------------------------------------------------------------------------------------------------------------------
00X0XX0XXXXXXXXX0X0XXXXXXXXXXXXXXXX0XXXXXXXXX0XXXX0XXXXXXXX0XXXXXXXXXXXXX0XXXXX0XXXXXXXXXXXXXXXXX00XXXXXXXXXXX0XXXXXXXX0
XXXXXXXXX1XXXXXXX0XXXXXX0X0XXXXXXXXXXXXXXXXXXXXXXXXXXX1XX0XXXXXXXXXXXXXXXXXXXXXXX0XXXXXXXXX00XXX0XXXXXX0XXXXXXXXXXXXXXXX


Generation 43/75  F=U(0.479457820359, 1.0)  N_hist=10320
------------------------------------------------------------------------------------------------------------------------
XX0XXXXXX0XXXXX0XXXXXXXXXXXXXXX0XX00XXXXXXXX0XXXXXXXXXXXXXXXXXXXXXXXXX0XXXXXXXXXXXXXXXXXXXXXXXXXXXXXXXXXXXXXXXXXXXX0XXXX
XXXXXX01XXX0XXX0XXX0XXXX0XXX0XXXXXXXXXXXXXXXXXXXX0XXXXXXXXXXXXXXXXX0XXXX0XX0XXXXXXXXXXXXXXXXXXXXXXXXXXXXXXXXXXXXXXXXXXXX


Generation 44/75  F=U(0.426717460119, 1.0)  N_hist=10560
------------------------------------------------------------------------------------------------------------------------
XX000XX0XX00XXXXXXXXXXXXXXXXXXX0XXXXXXX0XXXXXXXXXXXXXXXXXXXXXXXXXXXXXXXXXXXXXXXXXXXXXXXXXXXXXXXXXXX0XXXX0XX11XXXXXXXX0XX
0XXXXXX00XXXXXXXXXXXXXXXX0XXXXXXXXXXXXXXX0XXXX0XXXXXXXXXXXXXXXXXXXXXXXX00XX0XXXXXXX000XXXXXXXXXXXX00XXXXXXXXXXXXXXXXXXXX


Generation 45/75  F=U(0.379778539506, 1.0)  N_hist=10800
------------------------------------------------------------------------------------------------------------------------
X000XX0X00XXXXXXXXXXXXXXX0XXXXXXXXXXXXX0XXXXXXXXXXXXXXXXXXXXXXXXX0XXXXXXXXXXXXXXXXXXXXXXXXXX0XXXXX0XXXXXXXXXXXXXXXXXXXXX
X0XXXXXXXXXX0XX0XX0XX0XXXX0XXXXXXXXXX0XXXXXXXXXXXXXX1X0XXXXXXXXXXXXXXXXXXX0X00XXXXXXXXXXXXXXXXXXXXXXXXXXXXXXXXXXXXXXXXXX


Generation 46/75  F=U(0.420791747747, 1.0)  N_hist=11040
------------------------------------------------------------------------------------------------------------------------
00XX0X0XXX0XXXXXXXXXX0XXXXXXXXXXXXXXXXXXXX00XXXXXXXXXXXXX0X0XXXXXX0XXXX0XXXXXXXXX0XXXXXXXXXXXXXXXXXXX0XXXXXXX0XXXXXXXXX0
XXXXXXXXXXXXXXX0XXXXXXXXXXXX0XXXXXXXXXXXX0XX0XXX0XXXXXXXXXXXXXXXXXX0X0XXXXXXXXXXXXXXXXX0X1X00XXXXXXXXXXXXXXXXXXXXXXXXXXX


Generation 47/75  F=U(0.466234072105, 1.0)  N_hist=11280
------------------------------------------------------------------------------------------------------------------------
1XX0XXXX0XXXX0XXXXXXXXXXXXXXXXXXXXXXXXXXXXXXXXXXXXXX0XXX00XXXX0XXXXXXXXXXXXXXXXXX00XXXXX00X0XXXX0XXXXXXXXXXXXXXXXXXXXXXX
XXXXXXXXXXXXXXX0XXXXXXXXXXX0XXXXXXXXXXXXXXXX0XXXXXXXXXXXX000X00XXXXXXXXXXXXXXXXXXX0XXXXXXXXXXXXXXXXXXXXX0XXXXXXX0XXXXXXX


Generation 48/75  F=U(0.414948324173, 1.0)  N_hist=11520
------------------------------------------------------------------------------------------------------------------------
0000X00XX000XX0XXXXX1XXXXXXXXXXXXXXXXXXXXX0XXXXXXXXXXXXXXXXXXXXXXXXXXXX00XX0XX0XXXXXXXXXXXXXXXXXXXXXXXXXXX0X0XXXXXXXXXXX
XXXXXXXXXXXXXXXXXXXXX00XX0XXX0XXXXXXXXX00XXX0XXXXXXXXXXXXXXXX0XXXXXXXXXXXXXXXXXXXXXXXXXX0XXXXXXXXX0XXXXXXXXXXXXXXXXXXXXX


Generation 49/75  F=U(0.459759603006, 1.0)  N_hist=11760
------------------------------------------------------------------------------------------------------------------------
0X0XX0X0XXXXXXXXXXX0XXXXXXXXXXXXXXXXXXXXXXXX0XXXXXXXXXXXXXXXX0XXXXXXX0XXXX0XXXXXXXXXXXXXXXX0XX00XXX0XXXXXXXXXXXXXXXXXXXX
XXXXXXXXXXXXXXXXXXXXXXXXXXXXXXXXXX1XXXX0XXXXXXXXXXXXXXXXX00000+X0000XXX0XXXXXXXXXXXXXXXX0XXXXXXX0XXXXXXXXXXXXXXXXXXXXXX0
X


Generation 50/75  F=U(0.5, 1.0)  N_hist=11999
------------------------------------------------------------------------------------------------------------------------
0X0XX0X00XXXX0X0XXXXXXXXXXXXXXXXXXXXXXXXXXXXX0XXXXXXXXX0+00X0XXXXXXX0XXXXXXXXX0XXXXXXXXXXXXXXXXXXXXXXXXXXXXXXXXXXXXXXXXX
XXXXXXXXXX00X0XXX0000XXXXXXXXXXXXXXXXXXX0X0XXXXXXXXXXXXXXXXXXXX0XX00XXX0XXXXXXXX0X1XXXXXXXXXXXX0XXXXXXXXXXXXXXXXX0XXXXXX
X


Generation 51/75  F=U(0.5, 1.0)  N_hist=12240
------------------------------------------------------------------------------------------------------------------------
X000XX0XX00X00XXXXX00XX0XXXX0XXXXXXXXXXXXXXX0XXXXXXXXXXXXXXXXXXXXXXXXXXXXXXXXXXXXXXXX0XXXXXXXXXXXXXXXXXX0XXX00XX0XXXXXXX
XXXXXXXXXXXXX0XXXXXXXXXXXXXXXXXXXXX0XXXXXXXXXXXXXXXXXXX0XXXXXXXXXXXX0XXXXXXXXXX0XX0XX0XXXXXXXXXXXXXXXXXXXXXXXXXXXXXXXX0X


Generation 52/75  F=U(0.5, 1.0)  N_hist=12479
------------------------------------------------------------------------------------------------------------------------
X00XXX0XX0XXXXXXXX0XXXX0XXXXXXXXXX0XXXXXXXXXXX00XXXXXXXX0XX0XXXXXXXXXXXXXXXXXXXXXXXXXXXXXXXXXXXXXXXXXXXXXXXXXXXXXXXXXXXX
XXXXXXXXXXXXXXXXXXXXXXXXXXXXXXXXXXXXXXXXXXXXXXXXX0XXXXXX0XXXXXXXXX0X0XXXXX0XXXXXXXXXXXXXXXXXXXXXXXX00XXXXXXXXXXXXXXXXXXX


Generation 53/75  F=U(0.445, 1.0)  N_hist=12720
------------------------------------------------------------------------------------------------------------------------
XXX0XXXXXXXXX0+XXXXXXX0XX0XXX0XXXXXXXXXXX0XXXXXXXXXXXXXX0XXXXXXXXXXXXXXXXXXXXXXX0XXX0XX0XXXXXXXXXXXXXXXXXXXXX0X0XXXXXXXX
XXXXXX0XXXXXXXXXXX0XXXX0XXXX0XXX000XXXXXXXXXXXXXXXX0X0XXXXXXXXXXXXXXXXX0XXXXXXXXXXXXXXX0XXXXXXXXXX00XXXXXXXXXXXXXXXXXXXX
X


Generation 54/75  F=U(0.493056632402, 1.0)  N_hist=12960
------------------------------------------------------------------------------------------------------------------------
0X0XXX0XXXX0XXX0XXXXXXXXXXXXXXXXXXXXXXXXXXXXXXXX0XXXXXX0XX0XXXXXXXXXXXXXXXXXXXXXXXXXXX0XXXXXXXXXXXXXXXXX0XXXXXXXXXXXXXXX
0XXXXXX0XXXX0XXXXXXXX0XXXXXXXXXXXXXXXXXXXXXXXXXXXXXXXX0X0XXXXX00XXXXXXXXX0XXXXXXXXXXXX0XXXXXXXXXXXXXXX0XXXXX0XXXXXXXXXXX


Generation 55/75  F=U(0.5, 1.0)  N_hist=13200
------------------------------------------------------------------------------------------------------------------------
0X0XXX0XXXXXXXXXXXXXXXXXXXXX0XXXXXXXXX0XXX00XXXXXXX00XXXXXXXXXXXXXX0XXXXXXXXXXX0XXXXXXXXXXXXXXXXXXXXXXXXXXXXXXXXXX0X0X0X
XXXXX0XXXXXXXXXXXXXXX0XXX0XXXXXXXXXX00XXXXXXXXXXXXXXX0XXXXXX0XXXXXXXXXXX0XX0XXX0XXXXXXX0XXXXXXXXXXXXXXXXXXXXXXXXXXXXXX0X


Generation 56/75  F=U(0.5, 1.0)  N_hist=13439
------------------------------------------------------------------------------------------------------------------------
0XX0X0XX0XXXXXXXX0XXX1XXXXXX0XXX0XXXXXXXXXXXXX0XXXXXXXXXXXXXXXXXXXXXXXXXXXXXXXXXXXXXXX0XXXXXXXXXXXXXX0X0XXXX0XX0XXXXXXXX
XXXXXXXXX0XXXXXX0XXXX0XXXXXXXXX0XXXXXXXXXXXXXXX0XX0XXXX0XXXXXXXXXXXXXXXXXXXX0XXXXXXXXXXXXXXXXX0XX0XX0XXX00XXXXXXXXXXXXXX


Generation 57/75  F=U(0.445, 1.0)  N_hist=13680
------------------------------------------------------------------------------------------------------------------------
00XX0X0XXXX0XXXXXXXXXXXXX0XXXXXXXXXXXXXXXXXXXXXXXXXX0X0XXX0XXXXXXXX0XXXXXXXXXXXXXXXXXXXXXXXX0XXX0XXXXXXXXXXXXXX0X0XXXXXX
X0XXXXX0XX0XXXXXXXXXXXXXXXX0X0XX0XXXXX0XXXXXXXXXXXXXXXXXXXXXXXX0XXXX0XXX0XX0XX0XXXXXXXXXXXXXXXXXXXXXXXXXXXXXXXXXXXXXXXXX


Generation 58/75  F=U(0.493056632402, 1.0)  N_hist=13920
------------------------------------------------------------------------------------------------------------------------
0X00XXXXXXXXXXXXXXXXXXXXXXXXXXXXXXX0XX0XXXXXXXXXXX00X0XX00XXXXXXXXXXXXX0XX0XXXXXXXXXXXXXXXXXXXXXXXXXXXXXXXXXXXXX0XXXXXXX
XXXX0XXX0XXXXXXXXXXXXXXX0XXXXXXXX0XXXXXXXXXXXXXXX0XXXXX0XX0XXXXXXXXXXXXXXXXX0XXXXXXXXXXXXXXXXXXXXXXXXXXXXXXXXXXX00XX0XXX


Generation 59/75  F=U(0.5, 1.0)  N_hist=14160
------------------------------------------------------------------------------------------------------------------------
0XXX0XXXXXXXXXXXXXX0XXXXXXXX0XXXXXXXXXXXXXXXXXXX0XXXXXXXXXXXXXXXXXXXX0XXXXXXXX0XXXX0XXXXXXXXXXXXX0XXXXXXXXXXXXXXXXXXXX0X
XXX0XXX0XXXXXXXXXX0XXX0XXXXXXXXXXXXXXXXXXXXXX00XXXXXXXXXXXXXXXXXX0XX0XXXXXX0XXXXXXXXXXXXXXXXXXXXXXXXXXXX0XXXXXXXXXXX0XXX


Generation 60/75  F=U(0.445, 1.0)  N_hist=14400
------------------------------------------------------------------------------------------------------------------------
00000X0XX0X0XXXXXXXXXXXXX0X0XXX0XXX0XXXXXXXXXXXXXXX0XX1XXXXXXXXXXXXXXXXXXXXXXXX0XX0XXXXXXXXXXXXXX000XXX000XXXXXXXXXX00XX
XXXXXXXXXXXXXXXXXXXXXXXXXXXXXXXXXXXXXXXXXXXXX0X0XXXXXXXXXXXX0XXXX0XXXXXXXXXXXXXXXXXXX0XXXXXXXXXXXXXXXXXXXXXXXXXXXX0XXXXX


Generation 61/75  F=U(0.493056632402, 1.0)  N_hist=14640
------------------------------------------------------------------------------------------------------------------------
0XXX00X0XX00X0XX0XXXXXXXXXXXXXXX0X0XXXXXXXXXXXXXXXXXXXXXXX0XXXXXXXXXX0XXXXXXXX0XXX0XXXXXXXX00XXXXX0XXX0XXXXXX0XXXXXXXXXX
XXXXX0XXXXXXXXXXXXXXXX0XXXXXXXXXXX0XXXXXXXXX000XXXXXXXXX0XXXXXXXXXXXXXXX0XXXXXXXXXX0XXXXXXXXXXX0XXXXXXXXXXXXXXXXXXXXXXXX


Generation 62/75  F=U(0.5, 1.0)  N_hist=14880
------------------------------------------------------------------------------------------------------------------------
XX0X00XXXXX0XX0XXXXXXXXXXXX0XXXXXXXX000XXXXXXXXXXXXXXXXXXXXXXX00X00XXXXXXXXXX0XXX0XXXXXXXXX00XXXXXXXXXXXXXXXXXXXXXXXXXXX
XX00XXXXXXXXXXXXXXXXXXXXXXXXXXXXXXXXXX0XXXXXXXXXX00XX00XXXXXX0XXXXXXXXXX0XXXXXXXXXXXXXXXXXXXXXXXXXXXXXXXX0XXXXXXXXXXXXXX


Generation 63/75  F=U(0.445, 1.0)  N_hist=15119
------------------------------------------------------------------------------------------------------------------------
0X00XXXX0XXXXXXXXXXXXXXXXXX00XXXXXXXXXXXXXXXXXXXXXXXXXXXXXXXX0XX0X0XXXXXXXX0XXXXXXX0XXXXXXXXXXXXXXXXXXXX0XX0X0XXXXXXXXXX
XXXXX0XXXXXXXXXXXXXXXXXXXXXXXXXXXXX0XXXXXXXXX0XXXXXXXXXXXXXXXXXXXX00X00XX0XXXXXXXXXXXXX0XXXXXXXXXXXXXXXXX0XXXXXXXXXX0XXX


Generation 64/75  F=U(0.39605, 1.0)  N_hist=15360
------------------------------------------------------------------------------------------------------------------------
00XX00XX0XX0XXXXXXXXXXXXXXXXXXXXXXXXXXXXXXXXXXXXXXXX0XX0XXXXXXXXXXXX0XXXXXXXXXXXXXXXXX0XXXXXXX000XXXXXX00XXXXXXXXXXXXXXX
XXXXXXXXXXXXXXXXXX00XXX00XX0XXXXXXXXXXXXXXXXXXXX00+XXXX0X0XXXXXXXX0XXXXXXXXXXXXXXXXXXXXXXX0XXX0XX0XX00XXXXXXXXXXXXXXXXXX
X


Generation 65/75  F=U(0.438820402838, 1.0)  N_hist=15600
------------------------------------------------------------------------------------------------------------------------
000XXXXXX0XXX0XXXXXXX0XXXXXXXXX0XXXXXXXXXXXXXX0XXXXXXXXXXXXXXXXXXXXXXXXXXXXXXXXXXXX0XXXXXXXXXXXX0XXXXXXXXXXXXXX00XXXXXXX
XXXXXXXXXXXX0XXXXX0XXXXXXXXXXXXXX0XXXXXXXXX00XXXXXXXXXXXXXX0XXXXXXXXXXXXXXXXXXXXXXXXXXXXXXX0000X0XXXXXXXXXXXXXXXXXXXXXXX


Generation 66/75  F=U(0.390550158526, 1.0)  N_hist=15840
------------------------------------------------------------------------------------------------------------------------
0X0XXX00XXXXXXXXXXXXXX0XXXXXXXXXXXXXXXX0XXXXXXXX0XXXXXXXXXXXXXXXXXXXXXX0XXXXXXXX00XXXXXXXXXXX0XXXXXXXXXXXXXXXXXXXXXXXXXX
00XXXXXXXXXXXXX0XXXXXXXXXXXXXXXXXX0XXXXX0XXXXXXXX0XXXXXXX0XXX0XXXXXXXXXXXXX0XXX0XXXXXXXXXXXXXXXXXXXXXXXXXXX00X0XXXXXXXX0


Generation 67/75  F=U(0.432726620105, 1.0)  N_hist=16079
------------------------------------------------------------------------------------------------------------------------
000X00XX0XXXX0XXXXXXXXXXXXXXXXXXXXXXXXXXXXXXX00X0XXXXXXXXX0XX0XXXXXXXXXXXXXXXXXXXXXXXXXXXXX0XXXXXXXXXXXXXXXXXXXXXXXXXXXX
XXXXXXXXXXX0X0XXXXXXXXXXXXXXX0X0XXXXXXXXXX0XXXXXXXXXXXXXXXXX0XXXXX00XXXXXXXXXXXXXXXXX0XXXXXXXXXXXXXXXXXXXXXXXXXXX0X0XXXX


Generation 68/75  F=U(0.479457820359, 1.0)  N_hist=16319
------------------------------------------------------------------------------------------------------------------------
000X00X000XXXXXXXXXXXXXXXX0XXXXXXXXXXXXXXXXXXXXXXXXXXXXXXXXXXXXXXXXXXXXXXXXXXXXXXXX0XXXXXXXXXX0X000XXX00XXXXXXXXXXX0XXXX
X0XX0XXXXX00XXXXXXXXXXXXXXX00XXXXXXXXX0XX0XXXXXXXXXXXXXXXXXXXX0XXXXXXXXXXXXXXXXXXX00XXXXXXXXX0XXXXXXXXXXX0XXXXXXXXXXXXXX


Generation 69/75  F=U(0.426717460119, 1.0)  N_hist=16560
------------------------------------------------------------------------------------------------------------------------
0XXXXXXX0XXXX0X0XX0XXXXXXXXXXXXXXXXXXXXXXXXX0XXXX0X0XX00X0XXXXXXXXXXXXXXXXXXXXXXXXX00X0XXXXXXXXXXXXXXXXXXXXXXXXXXXXXXXXX
XXX0XXXXXXXXXXXXXXXXXX0XX0XX0XXXXXXXXXXXXXXXXXXXXXXXXXXXX0XXXXXX00XX0XXXXXXXXXXXXXXXXXXXXXXXXXXXXXXXXXXXXXXXXXXXXXXXXXXX


Generation 70/75  F=U(0.472799716569, 1.0)  N_hist=16800
------------------------------------------------------------------------------------------------------------------------
00X000XXX00XX0XXXXXXXXXXXXXXXXXXXXXXXXXXXXXXXXXXXXXXXX00X0XXXXXX0XXXXXXX0+0XXX0XXXXXXXXXXX0XXXXXXXXXXXXXXX0X0XXXXX0XXXXX
XXXXXXXXXXXX000XXXXXXXXXXXXXXXXXXXXXXXXXXXXXXXXX00XXXXX0X0XXXXXXXXXXXX0X0XXXXXXXXXXX0XXX0XXXXXXX0XXXXXXXXXXXXXXXXXXXXXXX
X


Generation 71/75  F=U(0.5, 1.0)  N_hist=17040
------------------------------------------------------------------------------------------------------------------------
0X0X000XX0XXXXXXXXX00XXXXXXXXXXXXXXXXXXXXXXXXXX0XXXXXXXXXX0XX0XXXX0XXXXX00XXXXXX0XX0XXXX0XXXXXXXXXXXXXXXXXX0XXX00XX0X0XX
XXXXX00XXXXXXXXXX00XXXXXX00XXXXXXX0X0XXXXXXX0XXXXXXX0XXXXXX00XXXXXXXXXXXXXXXX0XX0XXXXXXXXXXXXXXXXXXXXXXXXXXX00XXXXXXXXXX


Generation 72/75  F=U(0.5, 1.0)  N_hist=17280
------------------------------------------------------------------------------------------------------------------------
X0X0XX0XXX000X00XXXXXXXXXXXXXXXXXXXXXXXX0XXXXXXXXXXXX0XXXXXXXXXXXX0XXXXXXXXXXXXXXXX0XXXXXXXXXXXXXXXXX0XXXXXX00XXXXXXXXXX
X0XX0XXXX0XXXXXXXXXXXXXXXXXXXXXXXXXXXXXXXXX0XXXX0XXXX0XX0XXXXXXX0XXXXXXXXXXXXXXXXXXXXXXXXXXXXXXXXX0XX0XXXXXXXXXXXXXXXXXX


Generation 73/75  F=U(0.445, 1.0)  N_hist=17520
------------------------------------------------------------------------------------------------------------------------
0X0XX0X000XXXXXXXX0XXXXXXXXXXXXX0XXXXXXXXXXXXXXXXXXX0XXXXXXXXXXXXXXXXXXXX0XXXXXXX0XXXX000XX00XXXXXXXXXXXXX0XXXXXX0X0XXXX
XXXXXXXXXXXXXXXXXXXXXXXXXXXX00XXX0XXXXXXXXXXXXXXXX0XXXXXXXXXXXXXXXX0XX00XXXXXXXXXXXXXXXXXXXXXXXXXXXXXXXXXXXXX0XXXXXXXXXX


Generation 74/75  F=U(0.493056632402, 1.0)  N_hist=17760
------------------------------------------------------------------------------------------------------------------------
0X000XXX00XXX0X0XXXXX0XX0XXX0X0XXXXX0XXXXXXXXXXXXXXXXXXX00XXXXXXXXXXXXXXXX00XXXXXXXXXXXXXXXXXXX0XXXXXXXXXX00X00XXXXXXXXX
X000XXXXXXXXXXXXXX0X0XXXX0XXXXXXXX0XXX0XXXXXXXXX0XXXXXXXXXXXXX0XXXXXX00XXXXXXXXXXXXXXXXXXX0XX0XXXXXX0XXXXXXXXXXXX0XXXXXX


Generation 75/75  F=U(0.5, 1.0)  N_hist=17999
------------------------------------------------------------------------------------------------------------------------
00XXX00XXXXXXXXXXXXXXXXX0X0XXXXXXXXX0XXXXXXXXXXXXX00XXXXXXXXXX0XXXXXXXXXXX0XXXXXX0XXXXXXXXXXXXXXXXXXXXXXXXXX0XXXXXXX00XX
X00X0XXXXXXXXXXXXXXXXXXX0X0XXXXXXXXXXXXXXXXXXXXX0XX0XXXXXXXXXXXXXX0XXXXX0XXXXXXXXXXXXXXXXXXXXXXXXXXXXXXXXXXXXXXXXXXXXXXX


Maximum number of iterations reached.

SSE=15.375 on eval 18240: L=7.85577e+07 b=4.84926* r=0.345679 rf=0.999982** t0=60.1887 th=16.7185


Shutting down DE...
DE shutdown complete.

Final population:
Population: 240 individuals with SSE 15.375 to 15.486, avg eval time 0.0307 sec. Top 7:

        SSE |     15.375       15.377       15.378       15.378       15.379        15.38        15.38  
------------------------------------------------------------------------------------------------------------------------
          L | 7.8558e+07     3.36e+07    7.104e+06   7.8385e+07   5.3002e+07   7.1361e+07   5.8779e+07  
          b |     4.8493*      5.3808*       8.934       5.1114*      1.9242*      4.9498*      11.472  
          r |    0.34568      0.32983      0.32895      0.34475      0.33664      0.32077      0.33572  
         rf |    0.99998**    0.99969**    0.99938**    0.99885**     0.9987**    0.99932**    0.99961**
         t0 |     60.189        60.87       60.922       60.245       60.525        61.29       60.685  
         th |     16.718       16.183       16.338       16.473       16.518       16.041       16.225  
------------------------------------------------------------------------------------------------------------------------
Best individual:
<SSE=15.3754 L=7.85577e+07 b=4.84926* r=0.345679 rf=0.999982** t0=60.1887 th=16.7185>


Elapsed time: 219.41 seconds

Saved final population of best parameter combinations to covid19.dat
Shutting down...
Task Queue is shut down
Goodbye
