Decompressing and parsing covid19.csv.bz2...
Cumulative and new cases reported thus far for US
------------------------------------------------------------------------------------------------------------------------
000	01/22	1	0
001	01/23	1	0
002	01/24	2	1
003	01/25	2	0
004	01/26	5	3
005	01/27	5	0
006	01/28	5	0
007	01/29	5	0
008	01/30	5	0
009	01/31	7	2
010	02/01	8	1
011	02/02	8	0
012	02/03	11	3
013	02/04	11	0
014	02/05	11	0
015	02/06	11	0
016	02/07	11	0
017	02/08	11	0
018	02/09	11	0
019	02/10	11	0
020	02/11	12	1
021	02/12	12	0
022	02/13	13	1
023	02/14	13	0
024	02/15	13	0
025	02/16	13	0
026	02/17	13	0
027	02/18	13	0
028	02/19	13	0
029	02/20	13	0
030	02/21	15	2
031	02/22	15	0
032	02/23	15	0
033	02/24	51	36
034	02/25	51	0
035	02/26	57	6
036	02/27	58	1
037	02/28	60	2
038	02/29	68	8
039	03/01	74	6
040	03/02	98	24
041	03/03	118	20
042	03/04	149	31
043	03/05	217	68
044	03/06	262	45
045	03/07	402	140
046	03/08	518	116
047	03/09	583	65
048	03/10	959	376
049	03/11	1281	322
050	03/12	1663	382
051	03/13	2179	516
052	03/14	2727	548
053	03/15	3499	772
054	03/16	4632	1133
055	03/17	6421	1789
056	03/18	7783	1362
057	03/19	13747	5964
058	03/20	19273	5526
059	03/21	25600	6327
060	03/22	33276	7676
061	03/23	43847	10571
062	03/24	53740	9893
063	03/25	65778	12038
064	03/26	83836	18058
065	03/27	101657	17821
066	03/28	121465	19808
067	03/29	140909	19444
068	03/30	161831	20922
069	03/31	188172	26341
070	04/01	213372	25200
071	04/02	243762	30390
072	04/03	275586	31824
073	04/04	308853	33267
074	04/05	337072	28219
075	04/06	366667	29595
076	04/07	396223	29556
077	04/08	429052	32829
078	04/09	461437	32385
079	04/10	496535	35098
080	04/11	526396	29861
081	04/12	555313	28917
082	04/13	580619	25306
083	04/14	607670	27051
084	04/15	636350	28680

Initializing 240 population members having 6 parameters
------------------------------------------------------------------------------------------------------------------------

SSE=433.24 on eval 1: L=1.52393e+08 b=113.857 r=0.459426 rf=0.948293 t0=52.755 th=18.4213

*

SSE=143.32 on eval 2: L=2.44859e+08 b=81.0793 r=0.565208 rf=0.995097 t0=62.8735 th=20.26

!

SSE=78.745 on eval 3: L=9.00073e+07 b=111.844 r=0.73428 rf=0.936583 t0=53.1526 th=19.1744

!642949531429246

SSE=67.537 on eval 19: L=1.11027e+07* b=39.7913 r=0.51883 rf=0.982025 t0=60.9174 th=16.7809

!2494994

SSE=20.469 on eval 27: L=4.49028e+07 b=160.301 r=0.389994 rf=0.981665 t0=64.3417 th=18.4515

!132939995999929289991745813499939624938997999935291939949949292959995845829813991239994999992
394959647299359

SSE=19.771 on eval 136: L=7.03875e+07 b=132.653 r=0.38843 rf=0.951937 t0=64.795 th=15.7379

!96949399379929999299959839219994439792924999997393799999943114999992229739999999242232999599998999999669


Population: 240 individuals with SSE 19.771 to 1536.4, avg eval time 1.28 sec. Top 7:

        SSE |     19.771       20.469       22.717       23.346       23.359       23.392       23.899  
------------------------------------------------------------------------------------------------------------------------
          L | 7.0388e+07   4.4903e+07   1.2946e+08   1.9744e+08   1.4853e+08   3.9125e+07   1.7095e+08  
          b |     132.65        160.3       6.0089*      138.57       162.89       47.655       79.068  
          r |    0.38843      0.38999       0.5384      0.57055      0.76306      0.50136      0.36884* 
         rf |    0.95194      0.98166      0.93669      0.99724**    0.99629**    0.95346      0.98514  
         t0 |     64.795       64.342       60.247       56.881       52.952        61.44       65.671**
         th |     15.738       18.451        15.18*      22.849       22.984       17.029        17.22  
------------------------------------------------------------------------------------------------------------------------
Best individual:
<SSE=19.7715 L=7.03875e+07 b=132.653 r=0.38843 rf=0.951937 t0=64.795 th=15.7379>


Population: 240 individuals with SSE 19.771 to 1536.4, avg eval time 1.28 sec. Top 7:

        SSE |     19.771       20.469       22.717       23.346       23.359       23.392       23.899  
------------------------------------------------------------------------------------------------------------------------
          L | 7.0388e+07   4.4903e+07   1.2946e+08   1.9744e+08   1.4853e+08   3.9125e+07   1.7095e+08  
          b |     132.65        160.3       6.0089*      138.57       162.89       47.655       79.068  
          r |    0.38843      0.38999       0.5384      0.57055      0.76306      0.50136      0.36884* 
         rf |    0.95194      0.98166      0.93669      0.99724**    0.99629**    0.95346      0.98514  
         t0 |     64.795       64.342       60.247       56.881       52.952        61.44       65.671**
         th |     15.738       18.451        15.18*      22.849       22.984       17.029        17.22  
------------------------------------------------------------------------------------------------------------------------
Best individual:
<SSE=19.7715 L=7.03875e+07 b=132.653 r=0.38843 rf=0.951937 t0=64.795 th=15.7379>

Performing DE with CR=0.7, F=U(0.5, 1.0), DE/rand-1.00/1/bin
------------------------------------------------------------------------------------------------------------------------
Press the 'Enter' key to abort.

Generation 1/75  F=U(0.5, 1.0)  N_hist=240
------------------------------------------------------------------------------------------------------------------------
2213X1112XX3225X2XXX1199XX1XXX211X2192XX9X33XXX26XX9X4X9XX2XX55921X2XX3XXXXXX332XXXX16XX297X2XXXX3X2X1X19X19XX9619X4XXX1
2XX2X312592X5X2X2X0XX4X34XXX221XX5197XXX2XXX2X9XX1225X1876930297XX5XX4XXXXX2XXX12X2XX9991XX43315XXXXX599XXXX2X3999XX1X91


Generation 2/75  F=U(0.5, 1.0)  N_hist=480
------------------------------------------------------------------------------------------------------------------------
XXX3X9XX7XXXXX19+2XXX3XX0X23XXXX94X1XX3XXXXXX3XX12X3XXX1X2X3XXX2XXXX2762X16X2XXXXXX8XX8XXX4XXXXXXX21X2XXXXX0XX1X33223XX5
210X937X2X10XXX4XXXXX5X2XXXXXX821X62XXXX362XXXXX2XX1XXXXXX4XXX4X2XXX2X2X31X3X032XXXXXXXX1X2X3XXXXX9XX2X3XXXXX2X9XXX99XXX
X


Generation 3/75  F=U(0.5, 1.0)  N_hist=720
------------------------------------------------------------------------------------------------------------------------
XXX1X139XXX22XXX9X1X2XXXX6XXXXXX23XXXXXXXX2XXXXX2221XXX2XX2XXXX7XX2XXXX3X3XXXXXXXX2X63XXXX2X2XXXXXXXXX6X2X2XXX8XXXX1XXX6
XXXXXXXXXXX3XXXXX1XX25X5XX325XXXX31X71XXXX1XXX1XXX1X1XXXXXX363XXX9XXXXXX3X1X4X13X2X826X22292XXXXXX1XX1XXX18XXXXXXXXXXXXX


Generation 4/75  F=U(0.5, 1.0)  N_hist=960
------------------------------------------------------------------------------------------------------------------------
1X21XXX7XX112X15X21

SSE=18.859 on eval 979: L=4.38987e+07 b=21.9423 r=0.477047 rf=0.977499 t0=61.0867 th=19.2885

+XXXXXXXXXXXXXX1XXXXXXXXX9XXXX1XXXXXX32XXXXXX2XX121X11X2XXXX0X1XXXX1125X3XX5XXXX1XXXXXXXXXX11XXXXX1XX
XXXXXXXXXX2XXXXXXXXX1XXXX1XXX2XXXXX219XXXX3XX1XXX2XXXXXXX14XX12X21X2XXX2XX5XXXX12XXX1XX11XXXXXXXXXXX1X11XXX2XX1X3X1X2XX1
2


Generation 5/75  F=U(0.5, 1.0)  N_hist=1200
------------------------------------------------------------------------------------------------------------------------
XXXXX2XXX11X2X21XXXXX2X1XXX1XXXXX4X2XXX21XX1XXX1XXXXXXXX3XXXXX13XXX1X1XXXX2X1XXX3XXX3X21XXXX3XX2XXXXX1XX1X1XX5XXX2X1122X
XXX2X0XX12XXX21XXXXXXXXXXX0XXXXX2XXX17XXX2X1XXXX1XX152XX3XX1XXXX1XXXXXXXXXXX2XXX1XXXXXXXX2XXX2XX2X4XX21+X1XXXXXXXXX2X2X1
X


Generation 6/75  F=U(0.5, 1.0)  N_hist=1440
------------------------------------------------------------------------------------------------------------------------
23X5XXXX12210XX41XXXX14XX11142X2XX1XXXXXXXXX4XXXXX2XXXXXXXXX2301X1XXXX4X1XXXXXXXXXXXX1XXXXXXXX5XXXX4XXXXXXXXX1XX1XX22XX2
XXXXXX2XXXXXXX2XXXXXXXX1XXXXXXXXX3XX2XXXXXXXXXXXXXX20X3XX2XXXX1X1X1XXXX2XXXXXXXXX1XX2115XXXXXXXXXXXXXXXXXXXXXXXXXXXXXXXX


Generation 7/75  F=U(0.5, 1.0)  N_hist=1680
------------------------------------------------------------------------------------------------------------------------
233X111X2XX2XXXX12XXXX12XXXXX1XXXXXXXXXXXXXXXXX3XXXXXXXX1X1XXXXXXXXXXXXXXXXXX4XXX1XXXX1XXXXX1XXXX1X4XXXXXXXXXX232XX22X2X
XXXX1XXXXXXX1X1XXXXXXXX2XXXXXXXXX1XXXXXXXX21XXXXXXX1X22XXXXXXXXXXXXXXXXXXXXXXX1XXXXXXXXXXX2X32X1XXXXXXXXXXXXXXXXXXX2XXXX


Generation 8/75  F=U(0.5, 1.0)  N_hist=1920
------------------------------------------------------------------------------------------------------------------------
3X111XX11XX2X1XXXXXXXX1XXXX1XXXXXXXXXXXXXXXXXXXXXXXX1X2XXXXXXXXX211X2XXXXXXXXXXXXX3XX11XX1XXXXX00X2XXXXXXXXXXXXX2X1XXXXX
XXXXXXXXXXXXXXX2X1XXXXXXX11XXXXXXXXXXXXXXXXXXXXXXX1X2XXXXX1XXXXXXXXXXXXXXXXXXXX3XXX233XX2X1XXXXX1XXXXXXXX1XXXXXXXXXXXXXX


Generation 9/75  F=U(0.5, 1.0)  N_hist=2160
------------------------------------------------------------------------------------------------------------------------
1411X2X12X10X2XXXXX2XXXXXXXXXXX2X1XXXXXXXXXXXXXXXXXXXXXXXX1XX122X11X21XX21XXXXXXXXXXXXXXXXXXXX1XXXX1XXXXXXX1XXXXXXX11X11
1XX1XXXXXXXXXXXXXXXXXXXXX1XXX1XXXXXXX0XXXX1XXXXXXXXXXX11XXXXXXXXXXX1XXXXXXXXXXXXXXXXXXXXXXXXX12XXXXXXXXXXXXXXXXXXXXXXXXX


Generation 10/75  F=U(0.5, 1.0)  N_hist=2400
------------------------------------------------------------------------------------------------------------------------
1X3X12X11XX1XXXXX2XXXXX2XXXXXX2X1X0XX11X0XXXXXXX2XXXXXX1XXXXXXXXXXXXXXXX1XXXXXXXXXXX22XXXXXXXXX2XXXXXXXXXXXXXXXXXXXXXXX1
X12X121XXXXXXXXXXX31X12X1X0X22X1XXXX1XXX21XXXXXXXXX212XXXXX111XXXXXXXXXXXXXXXXXXXXXXXXXXXXXXX2X1XXXXXXXXXXXXXXXXXXXXXXXX


Generation 11/75  F=U(0.5, 1.0)  N_hist=2640
------------------------------------------------------------------------------------------------------------------------
X1XX2XX1XXXXXXXXXXXXXXXXXXXXXXXXXXXXXXXX1XXXXXX2XXXXXXXXXXXXX1XXXXXXXXXXX1XXXXX22XXXXXXXXXXX1XXXXXX11XXX1XXX3X0XX1311XXX
XXX1XXXXXXXXXXX1XXXXXXXXXXXXXX2XXXXXX2XXXXX11XXXXXXXXXXXXXXXXXXXXXXXXXXXXXXXXXXXX21XXXXXXX1XXXXXXXXXXXXXXXXXXXXXXXXXXXXX


Generation 12/75  F=U(0.5, 1.0)  N_hist=2880
------------------------------------------------------------------------------------------------------------------------
1XX11X11XX1XXXXXXXXXXXX11X11XX11XXXXXXXX0XXXXXXXXXXXXXXXXXXXXXX1XXXXX2XX3XX1XXXXXXX1XX0XXXXXXX0XXXXXXXXXXXXXXXXXXXXXXXXX
XXXXXXX1XXXXXXXXXXXXXXXXXXX1X1X1X11XXXXXXXXXXXXX1XXXXXXXXXX1XXXXX1X0XXXXXXX1XXXXXXXXXX2XXXXXXXXXXXXXXXXXXXXXX20XXXXXXXXX


Generation 13/75  F=U(0.5, 1.0)  N_hist=3119
------------------------------------------------------------------------------------------------------------------------
11X1X3XX11X1XXXXXXXXXXXXXXXXXXXXXXX1XX2XXXXXXXXXXXXXXXXXXXXXXXX1XXXX1XX1XXXXXXXXXXXXXXXXXXXXX21X31XXXXXXXXXXXX120XXXXXXX
XXXXXXXXXXXX1XXXXXXXXXXX1X1XXXXXXXXXXXXXXXXXXXXXXXXXXX121X10X1XXX13XXXXXXXXXXXXXXXX1XXXXXXXXXX0XX1XXXXXXXXXXXXXXXXXXXXXX


Generation 14/75  F=U(0.5, 1.0)  N_hist=3360
------------------------------------------------------------------------------------------------------------------------
20XX2X1XX22X1XXXXXXXXXXXXXXXXX1XX0XX1XXXXXXX1XXX1XXX1X1X0XXXXXXX1X2X21XXXXXXXXXXX1XXXXXXX0XXXXXXXXXXXXX12XXXXXXXXXXXXX1X
XXXXXXXXXXXXXXXXX11X1XXXXXXXXXXXXXXXXXXXXXXXXXXXXXX2XXXXXXXXXXXX1XXXXXXXXXXXXXXXXXXXXXXXXXXXXXXXXXXXXXXXXXXXXXXXXXXXX1XX


Generation 15/75  F=U(0.5, 1.0)  N_hist=3599
------------------------------------------------------------------------------------------------------------------------
1X1X1X1XXXXXXXXXXXXXXXXXXXXXXXXXX1XXXXXXXXXXXXXXXXXXXXXX1XX2XXX0XXXXX1XXXXXXXXX1XXXXXXXXXXXXXXXX1XXXXXXXXX1XXXXXXXXX1XXX
XXXXXXXXXXXXXXX0XXXXXXXXX1XXXXXXXXXXXXXXXXXX1XXXXXX12X1XXX1XXX1XXXXXXXXXXXXXXXXXXXXXXXXXXXXXXXX1XXXXXXXXX1XXXXXXXXXXXXXX


Generation 16/75  F=U(0.5, 1.0)  N_hist=3840
------------------------------------------------------------------------------------------------------------------------
XX1X1XX1XXXXX1XXXXXXXXXXXXXXXXXXXXXXXXXXXXXXXX2XXXXXXXXXX1XXXXXXXXXXXXXXXXXXXXXXXXXX1XX1XXXXXXXXXXXXXXXX1XXXXXXX1XXXXXXX
XXXXXXXX1X1X11XXXXXXXXXXXX0XXXXXXXXXXXX1XXXXXXXXX1XXXXXXXXX211XXXXXX1XXXXX1X2XXXXXXXXXXXXXXXXX1XXXXXX1XXXXXXXXXX0XX0XXXX


Generation 17/75  F=U(0.5, 1.0)  N_hist=4078
------------------------------------------------------------------------------------------------------------------------
1XX1XXXXX1XXXXXX1XXXXXXXXXXXXXXXXXXXXXXXXX11XXXXXX0XXXX11XXXXXXXXXXXXXXXX111XXXXXXXXXXX1XXXXXXXXXXXXXXXXX2XXXXXXXXXXXX1X
XXXXXXXXXX11XXXXXXXXXX1X1XXXXXXXXX1X0XX11X1X1X0XXXXXXXXXXXXXXXXXXXXXXXXXXXXXXX1XXXXXX1XX1XXXXX2XX1XXXXXXXXXXXXXXXXXXXXXX


Generation 18/75  F=U(0.5, 1.0)  N_hist=4320
------------------------------------------------------------------------------------------------------------------------
1211X1X101XX1X1XXX1XXXX1X1XXXXXXXXX1XXXXXXXXXXXXXXX2XX1XXXXXXXXX1X1XXXXXXXXXXXXXXXXXXXX0XXXXXX1XXXX1XXXXXXXXX1XXXXXXXXXX
XXXXXXXX1XXXXXXXXXXXXX1XX21XXXXXXXXXX1XXXXXXXXXXXXXXXXXXXXXXXXX1XXXXXXXXXXXXXX1XXXXXXXXXXXXXXXXXXX1XXXXXXXXXXXXXXXXXXXXX


Generation 19/75  F=U(0.5, 1.0)  N_hist=4560
------------------------------------------------------------------------------------------------------------------------
1X11XX1X1XXXX1XXXXXXXXXXXXXXXXXX1XXXXXXXXXXX1XXXXXXXXXXXXXXXXXXXXX1XX1XX1XXXXXXXXXXXXXXXXXXXX1XXXXXXXXXXXXXXXXXXXXXXXXXX
XXXXXXXXXXXXXXXXXXXXXX1XXXXXXXXXXXXXX2X11XX0XXXXX0XXXXXXX1XXXXXXXXXX1XXXXXXXXXXX1XXXX1XXXXXXXXXXXXXXXXXXXXXXXXXXXXXXXXXX


Generation 20/75  F=U(0.5, 1.0)  N_hist=4800
------------------------------------------------------------------------------------------------------------------------
11XXXXXXXXXXXXXXXXXXXXXXXX1XXXXXXXXXXXXXX1XXXXXXXXXXXXXXXX1XXXXXXXXXXXXXXXXXXXXXX1XXXXXXXXXXXXXXXXXXXXXXXXXXXXXXXXXXXXXX
XXXXX1X11XXX1XXXXX1XXXX1XX1X1XXX1XXXXXX1XXXXXXXXXXXXXXX1XX1XXXXXXXX1XXXX1XXXXXXXXXXXXXXXXXXXXXXXXX1XXXXXX1XXXXXXXXXXXXXX


Generation 21/75  F=U(0.5, 1.0)  N_hist=5040
------------------------------------------------------------------------------------------------------------------------
X0X1X011XXXXXXXXXXX1XXXXXXXXXXXXXXXXXXXX1XXXXXXXXXXXXXXXXXXX1111XXX11X1XXXXXX1XXXXX1XXXX1XXXXX1XXXXX1XXXXXXXXXX1XX1X0XXX
XXXXXXXXXXXXXXXXXXXXXXXXXXX1XXXXXXXXXXXXXXXXXX1XXXX1XXXXXXXXXXXXXXXXXXXXXXXXXX1XX1XXXXXXXXXXXXXXXXXXXXXXXXXXXXXX1XXXXXXX


Generation 22/75  F=U(0.5, 1.0)  N_hist=5280
------------------------------------------------------------------------------------------------------------------------
X0XXXXXXXXXX1XXXXXXXXXXXXXXXXXXXXXXXXXXXXXXXXXXXXXXXXXXXXXXXXXXX1XXXXXXXXXXXXXXXXXXXXXXXX1XXXXXX1XXXX1XXXXXXXXXXXXXXXXXX
XXXXXXXXXXXXXXXXXXXXXXXXXXXXXXXXXXXXXXXXXXXXXXXXXXXXXXXXX1XXXXXXXXX0X111XX1XXXXXXXXXXXXXXXXXXXXXXXXXXXXXXXXXXXXXXXXXXXXX


Generation 23/75  F=U(0.5, 1.0)  N_hist=5520
------------------------------------------------------------------------------------------------------------------------
1XXX110XXXXXXXXXXXXXXXX1XXXXXXXXXXXXXXXXXXXXXX1XXXX1XXXXXX1XXXXXXXXXXX11XXXXXXXXXXXXXXXXXXXXXXXXXXX1X1X1XXXXXXXXXXXXXXX0
XXXXXXXXX2XX1XXXX1XXXX1XXXXXXXXXXXXXXXXXXX0XXXXXXX01XXXXX1XXX1XXXXXXXXXXXXXXXXXXXXXXXX1XXXXXXXXXXXXXXXXXXXXXX1XXXXXXXXXX


Generation 24/75  F=U(0.5, 1.0)  N_hist=5760
------------------------------------------------------------------------------------------------------------------------
1X1XX01X1XXXXXXXXXX1XXXXXX1XXXXXXXXXXXXXXXX1XX1XXXXXXXXXXXXXXXXX1XXXXXXXXXXX1XXXX1XXXXXXXXXXXXXXXXXXXXXXXXXXXXXXXXXXXXXX
X11XXXXX1XXXXXXXXXXXXXXXXXXXXXXXXXXXXXXX1XXXXXXXXX1XXXXXXXXXXXXXXXXXXXXXXXXXXXXXXXXXXXXXXXXXXXXXXX1XXXXXXXXXXXXXXXXXXXXX


Generation 25/75  F=U(0.5, 1.0)  N_hist=6000
------------------------------------------------------------------------------------------------------------------------
0X1XX101X1XXXXX0XXXXXX1XXXXXXXXXXXXXXXXXXX1XXXXX1XXX1XXXX1XXXXXXXXXX0XXXXXXXXXXXXX1XXX1XXXXXXXXXXXXXXXXXXXXXXXXX11XXXXXX
XXXXXXXXXXX1XXXXXXXXX1XXXXX1XXXXXXXXXXXXXXXXXXXXXXXXXXXXXXXXXXXXXX0XXXXXXXXXX1X1XXXXXXXXXXXXXXX1XXXX1XXXXXXXXXXXXXXXXXXX


Generation 26/75  F=U(0.5, 1.0)  N_hist=6240
------------------------------------------------------------------------------------------------------------------------
1X1X1XXXXXXXXXXXX0XXXXXXXXXXXX0XXXXXXXXXXXXXXXXXXXXXXXXXXXXXXXXXXXXX11XXXXXXXXXXXXXXXXXXXXXXX0XXXXXXX1XXXXXXXXXXXXXXXXXX
XXXXXXXX1XXXXXXXXXXXXX1XXX1XXXXXXXXX1XXXXXXXXXXXX01X1XXXXXXXXXX0XXXXXXXXXXXXXXXXXXXXXXXXXXXXXXXXXXXXXXXXXXXXXXXXXXXXXXXX


Generation 27/75  F=U(0.5, 1.0)  N_hist=6480
------------------------------------------------------------------------------------------------------------------------
1X1X1X0XXXXXX1XXXXXXXXXXXXXXXXXXXXXXXXXXXXXX1XXXXXXXXXXXXXXXXXXXXXXX1X1XXX1XXXXXXXXXXXXXXXXXXXX01XXXXXXXX1X1XXXXXXXXXXXX
XXXXXXXXX0XX1XXXXXX1XXXXXXXXXXXX0XXXXXXXXXX1XXXXXXXXXXXXXXXXXXXXXXXXXXXXXXXXXX0XXX1XXXXXXXXXXXXXXXXXXXXXXXXXXXXXXXXXXXX1


Generation 28/75  F=U(0.5, 1.0)  N_hist=6719
------------------------------------------------------------------------------------------------------------------------
101XXXXXXX11XXX1XXXXXXXXXXXXXXXXXXXXXXXXXXXXXXXXXXXXXXXXXXXXXXXX0XXXXXXXXXXXXXXX1XXXXXXXXXXXXXXXXXXXXXXXXXXXXXXXXXXXXXXX
XXXXXXXXXXXXX1XXXXXXX1XXXXXXXXXXXXXXXXXXXXXXXXXX1XXXXXXXXXXXXXXXXXXXXXXXXXXXXXXXXXXXXXXXXXXXXXXXXXXXXXXXXXXXXXXXXXXXXXXX


Generation 29/75  F=U(0.5, 1.0)  N_hist=6960
------------------------------------------------------------------------------------------------------------------------
X1XXXXXXXXXXXXXXXXXXXXXXXXXXXXXX1XXXXXXXX0XXXXXXXXXXXXXXXXXXXX1XXXXXXX1X1X1XXXXXXXXXXXXXXXXXXX01XXXXXXXXXXXX0XXXXXXXXXXX
XXXXXXXXXXXX1XXXXXXXXXXXXXXXXXXXXXXXXXXXX1XXXXXXXXXXXXXX11XXX11XXXXXXXXXXXXXXXXXXXXXXXXXXXXXXXXXXXXXXXXXXXXXXXXXXXXXXXXX


Generation 30/75  F=U(0.5, 1.0)  N_hist=7200
------------------------------------------------------------------------------------------------------------------------
XXXX0XXXXXXXXX1XX1XXXXXXXXXXXXXXXXXXXXXX0XXXXXXXXX1XXXXXXXXXXXXX1XXXXXXXXXXXXXXXXXXXXXXXXXXXXXXXXXXXXXXXXXXXXXXXXXXXXXXX
XXXXXXX0XXXXXXXXXX0XXXXXXXX1XXXXXXXXXXXXXXXXXXX1XXXX1XXXXXXXXXXXXXXXXXXXX0XX11X1XXXXXXXXXXXXXXXXXXXXXXXXXXXXXXXXXXXXXXXX


Generation 31/75  F=U(0.5, 1.0)  N_hist=7440
------------------------------------------------------------------------------------------------------------------------
XXX1XX1XXXXXXX1XXXXXXXXXXX1XXXXXXXXXXXXXXXXXXXXXXXXX0XXXXXXXXXXXXXXXXXXXXXXXXX1XXXXXXXXXXXXXXXXXXXXXXXXXXXXXXXXXXXXXXXXX
XXXXXXXXXXXXXXXXXXXXXXXXXXXXXXXXXXXXXXXXXXXXXXXXX1XXXXXX1XXXXXXXXXXXXXX1XXXXXXX1XXXXXXXXXXXXXXXXXXXXXXXXXXXXXXXXXXXXXXXX


Generation 32/75  F=U(0.5, 1.0)  N_hist=7680
------------------------------------------------------------------------------------------------------------------------
X1XX0XXXXXXXXXXXXXXXXXXX1XXXXXXXXXXXXXXXX1XXXXXXXXXXXX0XXXXXXXXXXXXXXXXXXX1XXXXXXX1XXXXXXXXXXXXXXXXXXXXXXXXXXXXXXXXXXXXX
XXXXX1XXXXXXXXXXXX1XXXXXXXXX1XXXXXXXXXXXXXXXXXXXXXXXXXX1

SSE=18.455 on eval 7893: L=2.57921e+08 b=0.870804* r=0.580103 rf=0.980344 t0=57.9721 th=20.3348

+XXXXXXXXXXXXXXXXXXXXXXXXXXXXXXXXXXXXXXXXXXXXXXXXXXXXXXXXXXXXXXX
X


Generation 33/75  F=U(0.5, 1.0)  N_hist=7920
------------------------------------------------------------------------------------------------------------------------
1XXXXXXXXXXXXXXX0XXXXXXXXXXX0+1XXXXXXXXXXXXXXXXXXXXXXX0XXXXXXXXXXXXXX1X1XXXXXXXXXXXXXXXXXX1XX1XXXXXXXXXXXXXXXXXXXX0XXXXX
XXXXXXXXXXXXXXXXXXXXXXXXXXXXX0XXXXX1XXXXXXXXXXXXXXX1XXXXXXX1XXXXXXXXXXXXXXXXXXXXXXXXXXXXXXXX1XXXXXXXXXXXXXXXXXXXXXXXXXXX
X


Generation 34/75  F=U(0.5, 1.0)  N_hist=8160
------------------------------------------------------------------------------------------------------------------------
0XXXX0XXXXXXXXXXXXXXXXXXXX1XXXXXXXXXXX0XXXXXXXXXXXXXX1XXXXXXXXXXXXXXXXXXXXXXXXXXXXXXXXXXXXXXXXXXXXXXXXXXXXXXXXXXXXXX1XXX
XXXXXXXXXXX11XXXXXXXXXXXXXXXXXXX0XXX0XXXXXXXXXXXXXXX0XXXXX1XXXXXXXXXXXXXXXXXXXXXXXXXXXXXXXXXXXXXXXXXXXXXXXXXXXXXXXXXXX1X


Generation 35/75  F=U(0.5, 1.0)  N_hist=8400
------------------------------------------------------------------------------------------------------------------------
10X0X1XXXXXXXXX1XX0XXXXXX1XXXXXXXXXXXXXXXXXXXXX0XXXXXXXXXXXXXXXXXXXXXXXX1XX0X01XXXXXXXXXXXXXXXXXXXXXXX1XXX1X1X0XXXXXXXXX
XXXXXXXXXXXXXXXX1XXXX1XXXXXXXXXXXXXX1X1XXXXX1XXXXXXXXXXXXXXXXXXXXXXX1XXXXXXXXXXXXXXXXXXXXX1XXXXXXXXXXXXXXXXXXXXXXXXXXXXX


Generation 36/75  F=U(0.5, 1.0)  N_hist=8640
------------------------------------------------------------------------------------------------------------------------
0XXXXXXXXXXXXXXXXXXXXXXXXXXXXXXXXXXXXXX1XXXXXXXXXXXXXXXXXXXXXXXXXXXXXXXXXXXXXXXXXXXXXXXXXXXXXXXXXXXXX0XX1XXXXXXXXXXXXXXX
XXXXXXXXXXXXXXXXXXXXXXX0XXXX0XXXXXXXXXXXXXX1X111XXXXXXXXXXXXXXXXXXXXXXXXXXX1XXXXXX1XXXXXXXXXXXXXXXXXXXX0XXXXXXXXXXXXXXXX


Generation 37/75  F=U(0.5, 1.0)  N_hist=8880
------------------------------------------------------------------------------------------------------------------------
XXXXXXXXXXXXXXXXXXXXXXX1XXXXXXXXXXXXXX10XXXXXXXXXXXXXXXXXXXXXXXXXXXXXX11XXXXX1XXXXXX010XXXXXXXXXXXXXXXXXXXXXXX1XXXX0XXX1
XXXXXXXXXXXXXXXXXXXXXXXXXXXXXXXXXXXXXXXXXXXXXXXXXXX1XXXXXXXXXXXXXX1XXXXXXXXXXXXXXXXXXXXXXXXXXXXXXXXXX0XXXXXXXXXXXXXXXXXX


Generation 38/75  F=U(0.5, 1.0)  N_hist=9120
------------------------------------------------------------------------------------------------------------------------
1XXXXXXXXXXXXXXXXXXXXXXXXXXX1XXXXXXXXXXXXXXXXXXXXXXXXXXX11XXXXXXXXXXXXXXXXXXXXXXXXXXXXXXXXXXXXXXXXX0XXXXXXXXXXXXXXXXXXXX
XXXXXXXXXXXXXXXXXXXXXXXXXXXXXXXXXXXXXXXXX01XXXXXXXXXXXXXXXXXXXXXXXXXXXXXXXXXXXXXX1XXXXXXXXXXXXXXXXXXXXXXXXXXXXXXXXXXXXXX


Generation 39/75  F=U(0.445, 1.0)  N_hist=9360
------------------------------------------------------------------------------------------------------------------------
XXXXX1XX1XXXXXXXXXXXX0XX1XXX11XXXXXXXXXXXXXXXXXXXXXXXXXXXXXXXXXX1XXXXXXXX0XXXXX0XXXXX1XXXXXXXXXXX11XXXX0XXXXXXX0XXXXXXXX
XXXXXXX1XXXXXXXXXXXXXXXXXXXXXXXXXXXXXX0XXXXXXXXXXXXXXXXXXXX1XXXX1XXXXXXXXXXXXXXXXXXXXXXXXX1X1XXXXXXXX1XXXXXXXXXXXXXXXXXX


Generation 40/75  F=U(0.493056632402, 1.0)  N_hist=9600
------------------------------------------------------------------------------------------------------------------------
1X11XX111XXXXXXXXX1XXXXXXXXXXXXXXXXXXXXXXXX0XXXXXXXXXXXXXXXXXXXXXXXXXXXXXXXXXXXXXXXXXXX1XXXXXXXXXXXXXXXXXX1XXXXXXXXXXXXX
XXXXXXXXXXXXXXXXXX0XXXXXXXXXXXX1XXXXXXXXXXXXX1XXXXX1XXX1XXXXXXXXXXXXXXXXXXXXXXXXXX1XXXXX1XXXXXXXXXXXXXXXXXXXXXXXXXXXXXXX


Generation 41/75  F=U(0.5, 1.0)  N_hist=9840
------------------------------------------------------------------------------------------------------------------------
XXXXXX0XXXXXXXXXXXXXXXXXXXXXXXXXXXXXXXXXXXXXXXXXXXXXXXXXXXXXXXXX0XXXX0XXXXXXXXXXXXXXXXXXXXXXXXXXXXX0XXXXXXXXXXXXXXXXXXXX
XXXXXX1XXXXXXXXXXX0XXXXXXXXXXXXXXXXXXXXXXXXXXXXXXXXXXXXXXXXXXXXXXXXXXXXXXXXXXXXXXXXXXXXXXXXXXXX0XXXXXXXXXXXXXXXXX1XXXXXX


Generation 42/75  F=U(0.5, 1.0)  N_hist=10080
------------------------------------------------------------------------------------------------------------------------
XXXXXXXXXXXXXXXXX0XXXXXXXXXXX1XXXXXXXXXXXXXXXXXXXXXXXXXXXX0XXXXXXXXXXXXXXXXXXXXXX0XXX1+0XXXXXXX1XXXXX0XXXXXXXXXX1XXXXXXX
XXXXXXXXXXXXXXXXXXXXX0XX1XXXXXXX1XXXXXXXXXXXXXXXXXX1XXXXXXXXXXXXX1XXXXXXXXXXXXXXXXXXXXXXXXXXXXXXXXX1XXXXXXXXXXXXXXXXXXXX
X


Generation 43/75  F=U(0.5, 1.0)  N_hist=10320
------------------------------------------------------------------------------------------------------------------------
1X1XX011X01XXX0X0XXXXXXXXXXXXXXXXXXXXXXXXXXXXXXXXXXXXXX1XXXXXXXXXX1XXXXXXXXXXXXXXXXXXX01XX0XXXXXXXX1XXXXXXXXXX1X1XX1XX0X
XXXXXXXXXXXXXXXXXXXXXXXXXXXXXXX0XXXXXXXXXXXXXXXXXXXXXXXXXXXXXX1XXXXXXXXX1XXXXXXXX1XXXX1XXXXXXX0XXXXXXXXXXXXXXXXXXXXXXXXX


Generation 44/75  F=U(0.5, 1.0)  N_hist=10560
------------------------------------------------------------------------------------------------------------------------
XXX1XX1XXXXXXXXXXXXXXXXXXXXXXXXXXXXXXXXXXXXXXXXXXXXXXXXXXXXXXXXXXXXX0XXXXXXXXXXXXXXXXXXXXXXXXXXXXXXXXXXXXXXXXXXXXXXXXXXX
XXXXXXXXXXXXXXX1XXXXXXXXXXX0XXXXX0XXXXXXXXXXXXXXXXXXXXXXX1XXXXXXXXXX1XXXXXXXXXXXXXXXXXXXXXXXXXXXXXXXXXXXXXXXXXXXXXXXXXXX


Generation 45/75  F=U(0.5, 1.0)  N_hist=10800
------------------------------------------------------------------------------------------------------------------------
X1XXXXXXXXXXXXXXXXXXXXXXXXXXXXXXXX1XXXXXXXXXX1XX1XXXXXXXXXXXXXXXXXXXXXXXXX1XXXX1XXXXXXX1XXXXXX0XX1XXXXXXXXXXX0XX0XXXXXXX
XXXXXXXXXXXXXXXXXXXXXXXXXXXXXXXXXXXX1XXXXXXXXXXXXXXXXXXX0XXXXXXXXXXXXXXXXXXXXXXXXXX1XXXXXXXXXXXXXXX1XXXXXXXXXXXXXXXXXXXX


Generation 46/75  F=U(0.5, 1.0)  N_hist=11040
------------------------------------------------------------------------------------------------------------------------
XX0XXXXXXXXXX0XXXXXXXXXXXXXX1XXXXXXXXXXXXXXXXXXXXXXXX0XXXXXXXXXXXXXXX1XXXXXXXXXXXXXXXXXXXXXXXXXXXXXXXXXXXXXXXX1XXXXXXXXX
XXXXXXXXXXXXXXXXXXXXXXXXXXX10XXXXXXXXXXXXXX1XXXXXXXXXXXXXXXXXXXXXXXX0XXXXXXXXXXXXXXXXXXXX1XXXXXXXXXXXXXXXXXXXXXXXXXXXXXX


Generation 47/75  F=U(0.5, 1.0)  N_hist=11280
------------------------------------------------------------------------------------------------------------------------
0X1XXXXXXXXXXXXXXXXXXXXXX0XXXXXXXXXXXXXX1XXX1XXXXXXXXXXXXXXXXXXXXXXXXXXXXXXXXXXXXXXXXXXX0XXXXXXXXXXXXXXXXXXXXXXXXXXXXXXX
XXXXXXXXXXXXXXXXXXXXXXXXXXXXXXXXX1XXXXXXXXXXXXXXXXXXXXXXXXXXXX1XXXXXXXXXXXXXXXXXXXXXXXXXXXXXXXXXXXXX0XXXXXXXXXXXXXXXXXXX


Generation 48/75  F=U(0.445, 1.0)  N_hist=11520
------------------------------------------------------------------------------------------------------------------------
XXXXX0XXXX110XXXXXXXXXXXXXXXX0XXXXX0XXXXXXXXXXXXXXXXXXXXXXXXXXXXX0X1XXXXXXXXXXXXXXXXXXXXXXXXXXXXXXXXXXXXXXXXXXX0XXXXXXXX
XXXXXXXXXXXXXXXXXXXXXXXXXXXXXXXXXXXXXXXXXXXXXXXXXXXX1XXXXXXXXXXXXXXXXXXXXXX0XXXXXXXXXXXXXXXXXXXXXXX1XXXXXXXXXXXXXXXXXXXX


Generation 49/75  F=U(0.493056632402, 1.0)  N_hist=11760
------------------------------------------------------------------------------------------------------------------------
X1XXX0XXXXXXXXXXXXXXXXXXXXXXXXXXXXXXXXXXXXXXXXXXXXX1XXX0XXX1XX0XXXXX1X0XXXXXXXXXXXXXXX1XXXXXXXXXXXXXXXXXXXXXXXXXX01XXX0X
XXXXXX1XXXXXXXXXXXXXXXXXXXXXXXXXXXXXXXXXXXXXXXXXXXXXXXXXXXXXXXXX010XXXXX0X1X1XXXXXXXXXX0XXXXXXXXXXXXXXXXXXXXXXXXXXXXXXXX


Generation 50/75  F=U(0.5, 1.0)  N_hist=12000
------------------------------------------------------------------------------------------------------------------------
XX0XX0XXXXXXXXXXXXXXXXXXXXXXXXXXXXXXXXXXXXXXXXXXXXXXXXXXXX0XX0X0XXXXXXXXXXX0XXXXXXXXXXXXXXXXXX1XXXXXXXXXXXXXXXXXXXXXXXXX
XXXXXXXXXXXXXXXXXXXXXXXXXXXXXXXXXXXXXXXXXXXX0XXXXXXXXXXXXXXXXXXXXXXXXXXXXXXXXXXXXXXXXXXXXXXXXXXXXXXXXXXXXXXXXXXXXXXXXXXX


Generation 51/75  F=U(0.445, 1.0)  N_hist=12240
------------------------------------------------------------------------------------------------------------------------
0XXXXXXXXXXXXXX0XXXXXXXXX0XXXXXXXXXXXXXXXXXXX1XXXXXXXXXXXXXXXXXXXXXXXXXXXXX0XXXXXXXXXXXXXXXXXXXXXXX10XXXX1XXX1XXXXXXXXXX
XXXXX1XXXXXXX0XXXXXXXXXXXXXXXXXXXXXXXXXXXXXXXXXXXXXXXXX0XXXXXXXXXXXXXXXXXXXXXXXXXXXXXXXXXXXXXXXXXX0XXXXXXXXXXXXXXXXXXXXX


Generation 52/75  F=U(0.493056632402, 1.0)  N_hist=12480
------------------------------------------------------------------------------------------------------------------------
0XXXXXXXX0XXXXXXXXXXXXXXXXXXXX0XXXXXXXXXXXXXXXXXXXXXXXXXX0XXXXXXXXXX0XXXXXXXXXXXX1X0XX1XXXXXXXXXXXXXXXXXXXXXXXXXXXXXXXXX
XXXXXXXXXXXXXXXX001XXXXXXXXXX0XXXXXXXXXXXXXXXXXXXXXXXXXXXXXXXXXXXXXXXXXX0XX0XX1XXXXXXXXXXXXXXXXXXXXXXXXXXXX1XXXXXXXXXXXX


Generation 53/75  F=U(0.5, 1.0)  N_hist=12720
------------------------------------------------------------------------------------------------------------------------
0X10X1XXXX0XXXXXXXXXXXXXXXXXXXXXXXXXXXXXXXXXXXXXXXXXXXXXXXXXXXXXXXXXXXXXX1XXXXXXXX0XXXXXX0XXXXXXXXXXXXXX1XXXXXXXXXXXXXXX
XXXXXXXXXXXXX0XXXXXXXXXXX0XXXXXXXXXXXXXXXXXXXXXXXXXXXXXXXXXXX0XXXXXXXX00XXXX0XXXXXXXXX1XXXXXXXXXXXXXXXXXXXXXXXXXXXXXXXXX


Generation 54/75  F=U(0.5, 1.0)  N_hist=12960
------------------------------------------------------------------------------------------------------------------------
110X0X1XXXXXXXXXXXX0XXXXXXXXXXXXXXXXXXXXXXXXXXXXXXXXXXXXXXXXXXXXXXXXXXXXXX0XX1XXX0XXXXXXXXXXXXXXXXXXXXXXXXXXXXXXXXXXXXXX
XXXXXXXXXXXXXXXXXXXXXXXXXXXXXXX0X1XXXXXXXXXXX0XXXXXXXXXXXXXXXXXXXXXXXXXXXXXXXXXXXXXXXXXXXXXXX1XXXXXXXXXXXXXXXXXXXXXXXXXX


Generation 55/75  F=U(0.5, 1.0)  N_hist=13200
------------------------------------------------------------------------------------------------------------------------
0XXX0XXXXXXXXXXXXXXXXXX0XXXXXXX0XXXXXXXXXXXXXX0XXXXXXXXXXXXXXXXXXX0XXXXXXXXXX0XXXXXXXXXXXXXXXXXXXXXXXXXXXXXXXXXXXXXXXXXX
XXXXXXXXX1XXXXXXXXXXXXXXXXXXXXX1XXXXXXXXXX0XXXXXXXXXXXXXXXXXXXXXXXXXXXXXXXXXXXXXXXXXXXXXXXXXXXXXXXXXXXXXXXXXXXXXXXXXXXXX


Generation 56/75  F=U(0.445, 1.0)  N_hist=13440
------------------------------------------------------------------------------------------------------------------------
1X0X0XXXXXXXXXXXXXXXXXXXXXXXXXXXXXXXXXXXXXXXXXXXXXXXXXXXXXXXXXXX1XXXXX0000XXXXXXXXXXXXXX0XXXXXXXXXXXXXXXXXXXXX11XXXXXXXX
XXXXXXXXXXXXXXXXXXXXXXXXXXXXXXXXXXXXXXXXXXXXXXXXXXXXXXXXXXXXXXXXXXXXXXXX0XXXXXXXXXXXXXXX1XXXXXX0X0XXXXXXXXXXXXXXXXXXXXXX


Generation 57/75  F=U(0.493056632402, 1.0)  N_hist=13680
------------------------------------------------------------------------------------------------------------------------
X0XXXX0XXXXXXXXXXXXXXXXXXXXXXXXXXXXXXXXXXXXXXXXX0X0XXXXXXX00XXXXXXXXXXXXXXXXXXXXXX1XXXXXXXX10XXXXXXXXXXX000XXXXXXXXXXXXX
XXXXX1XX1XXXXXXXXXXXXXXXXXXXXXXX1XXXXXXXXXXXXXXXXXXXXXXXXXXXXXXX0XXXXXXXXXXXXXXXXXXXXXXXX0XXXXXXXXXXXXX0XXXXXXXXXXXXXXXX


Generation 58/75  F=U(0.5, 1.0)  N_hist=13920
------------------------------------------------------------------------------------------------------------------------
1X11XXXX0XXXXXXXXXXXXXXXXXXXXXX1XXXXXXXXXXXXXXX0XXXXXXXXXXXXXXXXXXXXXXXXXXXXXXXXXXXXXXXXXXXXXXX0000XXX10XXXXXXXXXXXXXXXX
XXX0XXXXXXXXXXXXXXXXXXXXXXXXXXXXXXXXXXXXXXXXXXX0X10XXXXXXXXXXXXXXXXXXXXXX0XXXXXXXXXXXX0XXXXXXXXXXXXXXXXXXXXXXXXXXXXXXXXX


Generation 59/75  F=U(0.5, 1.0)  N_hist=14160
------------------------------------------------------------------------------------------------------------------------
XXXX10XXXXXX0XXXXXXXXXXXXXXXXXXXXXXXXXXXXXXXXXXXXXXXXX00XXXXXXXXX0XXXXX0XXXXXXXXXXXXXXXXXXXXXXXXXXX1XX0XXXXXXXXXXXXXXX0X
1XX1+XXXXXXXXXXXXXXXXXXXXXXXXXXXXXXX0XXXXXXXXXXXXXXXXXXXXXXX0XXXXXXXXXXXXXXXXXXXXXXXXXXXXXXXXXX0XXXXXXXXXXXXXXXXXXXXXX0X
X


Generation 60/75  F=U(0.5, 1.0)  N_hist=14400
------------------------------------------------------------------------------------------------------------------------
XXXXX0XXXXXXXXXXXXXXXXXXXXXXXXXXXXXXXXX1XXXXXXXXXXXXXXXXXXXXXXXXXXXXXXXXX0XX0XXXXXXXXXXXXX0XXXXXXXXXXXXXXXXXXXXXXXXXXXXX
XXXXXXX00XXXXXXXXX0XXXXXXXXXXXX0XXXXXXXX1XXXXXXXXXXXXXXXXXXXXXXXXXX1XXXXXXXXXXXXXXXXXXXXXXXXXXXXXXXXXXXXXXXXXXXXXXXXXXXX


Generation 61/75  F=U(0.445, 1.0)  N_hist=14640
------------------------------------------------------------------------------------------------------------------------
X0XX1XX0XXXXXXXXXXXXXXX0XXXXXXXXXXXXXXXXXXXXXXXXXXXXXXXXXXXXXXXXXXXXXXXXXXXXXXXXXXXXX1XXXXXXXXXXXXXXXXXXXXXXXXXXXXXXXXX0
XXXXXXXXXX0XXXXXX1XXXXXXXXXXXX1XXXXXXXXXXXXXXXXXXXXXXXXX0XXXXXXX0XXXXXXXXXXXXXXXXXX0XXXXXXXXXXXXXXXXXXXXXXXXXXXXXXXXXXXX


Generation 62/75  F=U(0.493056632402, 1.0)  N_hist=14880
------------------------------------------------------------------------------------------------------------------------
1XXXXXXXXXXXXXXXXXXXXXXX0XXXXXXXXXXXX0XXXXXXXXXXXXXXXXXXXXXXXXXXXXXXXXXXXXXXXXXX0XXXXXXXXXXXXXX0XX0XXXXXX1XXXXXX0XXXXXXX
XXXXXXXXXXXXXXXXXXXXX0XXXXXXXXXXXXXXXXXXXXXXXX0XXXXXXXXXXXXXXXXXXXXXXXXXXXXXXXXXXXXXX0XXXXXXXXX00XXXXXXXXXXXXXXXXXXXXXXX


Generation 63/75  F=U(0.5, 1.0)  N_hist=15120
------------------------------------------------------------------------------------------------------------------------
XXX00XXXXXXXXXXXXXX0XXXXXXXXXXXXXXXXXXXXXXXXXX0XXXXXXX1XXXXXXXXXXXXXXXXXXXXXXXXXXXXXXXXXXXXX0XXXX0XXXXXXXXXXXXXXXXXXXXXX
XXXXXXXXXXX0XXXXXXXXXXXXXX0X0+X0XXX0XXXXXXXXXXX0XXXXXXXXXXXX0XXXXXXXXXXXXXXXXXXXXXXX0XXXXXXXXXXXXXXXXXXXXXXXXXXXXXXXXXXX
X


Generation 64/75  F=U(0.5, 1.0)  N_hist=15360
------------------------------------------------------------------------------------------------------------------------
X0XX0XXXXXXXXXX0XXXXXXXXXXXXXXXXXXXXXXXXXXX0XXXXXX0XXXXXXXXXXXXXXXX0XXXXXXXXXXXXXXXX1XXXXXXXXXXXXXX0XXXXXXX1XXXXXXXXXXXX
XXXXXXXXXXXXXXXXXXXXXXXX1XXXXXXXXXXXXXXXXXXX1XX00X00XXXX0XXXXXX0XXXXXXXXXXXXX0XXXXXXXXXXXXXXXXXXXXXXXXXXXXXXXXXXXXXXXXXX


Generation 65/75  F=U(0.5, 1.0)  N_hist=15600
------------------------------------------------------------------------------------------------------------------------
XXXXXXXXXXXXXXXXXXXXXXXXXXXXXXXXXXXXXXXXXXXXXXXXXXXXXXXXX1XXXXXXXXXXXXXXXXXXXXXXXXXXXXXXXXX0XXXXXX0XXXXXXXXXXXXXXXXXXXXX
XXX0XX101XX0XXXXXXXXXXXXXXXXXXXXXX0X0XXXXXXXXX0XXXXXXXXXXXXXXXXXXXXXXXXXXXXXXXXXXXXXXXXXXXXXXXXXXXXXXXX0XXXXXXXXXXXXXXXX


Generation 66/75  F=U(0.5, 1.0)  N_hist=15840
------------------------------------------------------------------------------------------------------------------------
0XXXX0XXXXXXXXXXXXXXXXXXXXXXXXXXXXXXXXXXX10XXX0XXX0XXXXXXXXXXXXX1XXXX1XX1XXXXXXXXXXXXXXXXXX0XXXXXXXXXXXXXXXXX0XXXXXXXXXX
XXXXXXXXXXXX0XXXXXXXXXXXXXXXXXXXXXXXXXXXXXXXXXXXXXXXXXXXXXXXXXX1XXXXXXXXXXXXXXXXXXXXX00XXXXXXXXXXXXXX0XXXXXXXXXXXXXXXXXX


Generation 67/75  F=U(0.445, 1.0)  N_hist=16080
------------------------------------------------------------------------------------------------------------------------
0X1X0XXXXXXXXXXXXX0+XXXXXXXXXXXXXXXXXXXXX0XXXXXXXXXXXXXXXX10X0XXX0XXXXXXXXXXXXXXX0XXXXXXXXX0XXXXXXXXXXXXXXXXXXXXXXXXXXXX
XXXXXXXXXXX0XX1XXXXXXXXXXXXXXXXXXXXXXXXXXXXX0XXXXXXXXXX0XXXXXX0XX0XXXXXXXXXXXXXXXXXXXXXXXXXXXXXXXXXXXXXXXXXXXXXX0XXXXXXX
X


Generation 68/75  F=U(0.39605, 1.0)  N_hist=16320
------------------------------------------------------------------------------------------------------------------------
0XX0XX0XXXXXXX1XXXXXXXXXXXXXXXXXXXXXXXXXXXXXXXXXXXXXXXX0XXXXXX00XXXXXXXXXXXXXXXX0XXXXX0XXXXXXX0X00XXXXXXXXXXXXXXXXXXXXXX
XXXXXXXXXXXXXXXXXXXXXXXXXXXXXX1X0XXXXXXX0XXXXXXXXXXXXXXXXXXXXXXXXXXXXX1XXXXXXXXXXXXXX0XXXXXXXXXXXXXXXX0XXX0XXXXXXXXXXXXX


Generation 69/75  F=U(0.438820402838, 1.0)  N_hist=16560
------------------------------------------------------------------------------------------------------------------------
XXXXXXXXXXXXX000XXXXXXXXXXXXXXXXXXX00XXXXX0X0X0XXXXXXXXXXXXXXXXXXXXXXXXX10XXXXXXXXXXXXXXXXXXXXXXXXXXXXXXXXXXXXXXXXXXXXXX
0XXXX0XXXXXXXXXXXXXXXXXXXXXX0XXXXXXXXX0XXXXXXXXXXXXXXX0XXXXXXXXXXXX0XX1XXXXXXX0XXXXXXXXXXXXXXXXXXXXXXXXXXXXXXXXX0XXXXXXX


Generation 70/75  F=U(0.486209685511, 1.0)  N_hist=16800
------------------------------------------------------------------------------------------------------------------------
XXXX0XXX0XXX0X0XXXXXXXXXXXXXXXXXXX0XXXXXXXXXXXXXXXXXXXX0XXXXXXXXXXXX0XXXXXXXXXXXXXXXXXXXXXXXXXXXXXXXXX0XXXXX0XXXXXXXXXXX
XX0XXXXXXXXXXXXXXXXXXXXXXXXXXXXXXXXX0X0XXXXXXXXXXXXXXXX0XXXXXXXXX0XXX0XXXXX0XXXXXXXXXXXXXXXXXXXXXXXXXXXXXXXXXX0XX0XXXXXX


Generation 71/75  F=U(0.432726620105, 1.0)  N_hist=17040
------------------------------------------------------------------------------------------------------------------------
0XXX0X0XXXXXXXX0XXXXXXXXXXXXX0XXXXXXXXX00XXXXXXXXXXXXXXXXXXXXXXXXXXXXXXXXXXXXX00XXXXXXXX0XXXXXXXXXXXXXXXXXXXXX0XXXXXXXXX
XXXXXXXX0XX0XXXXXXXXXXXXXXX0XXXXXXXXXXXXX0XXXXXXXXXXXXXXXXXXXXXXXXXXXXXXXXX0XXXXXX0XXXXXXXXXXXXXXXXXXXXXXXXXXXXXX0XXXXXX


Generation 72/75  F=U(0.479457820359, 1.0)  N_hist=17280
------------------------------------------------------------------------------------------------------------------------
XXX0XXXXXXXXXXXXXX0XXXXXXXXXXXXXXXXXXXXXXXXXXXX1XXXXXXXXXXXXXXXXX0XXXXXXXXXXXXXXXX1XXXXX0XXXXXXXXXXXXXXXX000XX0XXXXXXXXX
XXXXXXXXXXX0XXXXXXXXXXXXXXXXXXXXXXXXXXXXXXXXXXXXXXX0X1XXXXXXXXXXXXXXXXXXXXXXXXXXXX0XXXXXXX0XXXXXXXXXXXXXXXXXXXXXXXXXXXXX


Generation 73/75  F=U(0.5, 1.0)  N_hist=17520
------------------------------------------------------------------------------------------------------------------------
X0XXXX0XXXXXXXXXXXXXXXX0XXXXX0XXXXXXXXXXX0XXXX0XXX0XXXXXXXXXXXXXXXXXXXXXXXXXXXXXXXXXXXXXXXXXXXXXXXXXXXXXXXX0XXXXXXXXXXXX
XXXXXXXXXXXXXXXXXXXXXX00XXXXXXXXXXXXXXXXXXXXXXXXXXXXXXXXXXXX0X00XXX0XXXXXXXXXXXXXXXXXXXXXXXXXXXXXXXXXXXXXXXXXXXXXXXXXXXX


Generation 74/75  F=U(0.5, 1.0)  N_hist=17760
------------------------------------------------------------------------------------------------------------------------
0XX0XX0X0XXXXXXXXXXXXXXXXXXXXXXXXXXX0XXXXX0XXXXXXXXXXX0XXXXXXXXXXXXXXXXXXXXXXXXXXXXXXXXXX0XXXXXXXXXXX0XXXXXXXXXX0XX1XXXX
XXXXXXXXXXXXXXX0X0XXXXXXXXXXXXXXXXXXXXXXXXXXXXXXX00XXXXX0XXX0XX0XXXXXXXXXXXXXXXXXXXXXXXXXXXXXXXXXXXXXXXXXXXXXXXX0XXXXXXX


Generation 75/75  F=U(0.445, 1.0)  N_hist=18000
------------------------------------------------------------------------------------------------------------------------
0XXXX0XXX0XXXXXXXX0XXXXXXXXXXXXXXXXXXXXXXXXXXXXXXXXXXXXXXXXXXXXXXXXXXXXXXXXXXXXXXXXXXXXXXXXX0XXXXXXXXXXX0XXX010XXXXXXXXX
XXXXXXX0XXXXX0XXXXXXXXXXXXXXXXX0XXXXXXXXXXXXXXXXXXX0XXXXXXXXXXXXXXXXX0XXXXXXXXX0XXXXXXXXXX0XXXXX0X0XXXXXXXXX0XXXXXXXXXXX


Maximum number of iterations reached.

SSE=18.352 on eval 18240: L=2.48742e+08 b=7.11883* r=0.564751 rf=0.982558 t0=58.6316 th=20.2545


Shutting down DE...
DE shutdown complete.

Final population:
Population: 240 individuals with SSE 18.352 to 19.848, avg eval time 0.0381 sec. Top 7:

        SSE |     18.352       18.372       18.385       18.389       18.393       18.395       18.398  
------------------------------------------------------------------------------------------------------------------------
          L | 2.4874e+08   6.2951e+07   2.9293e+08   2.0528e+08   3.2837e+08** 3.0548e+07   2.8265e+08  
          b |     7.1188*      5.8917*      15.996       20.007       46.159       35.852       37.685  
          r |    0.56475      0.54505      0.60469      0.60055      0.54427      0.58153      0.59293  
         rf |    0.98256      0.97866      0.98069      0.98362      0.97893      0.98157       0.9831  
         t0 |     58.632        59.28       57.602       57.598       59.164       58.159       57.903  
         th |     20.255       19.681       20.225       20.706         19.8       20.461       20.456  
------------------------------------------------------------------------------------------------------------------------
Best individual:
<SSE=18.3519 L=2.48742e+08 b=7.11883* r=0.564751 rf=0.982558 t0=58.6316 th=20.2545>


Elapsed time: 251.02 seconds

Saved final population of best parameter combinations to covid19.dat
Shutting down...
Task Queue is shut down
Goodbye
