Decompressing and parsing covid19.csv.bz2...
Cumulative and new cases reported thus far for US
------------------------------------------------------------------------------------------------------------------------
000	01/22	1	0
001	01/23	1	0
002	01/24	2	1
003	01/25	2	0
004	01/26	5	3
005	01/27	5	0
006	01/28	5	0
007	01/29	5	0
008	01/30	5	0
009	01/31	7	2
010	02/01	8	1
011	02/02	8	0
012	02/03	11	3
013	02/04	11	0
014	02/05	11	0
015	02/06	11	0
016	02/07	11	0
017	02/08	11	0
018	02/09	11	0
019	02/10	11	0
020	02/11	12	1
021	02/12	12	0
022	02/13	13	1
023	02/14	13	0
024	02/15	13	0
025	02/16	13	0
026	02/17	13	0
027	02/18	13	0
028	02/19	13	0
029	02/20	13	0
030	02/21	15	2
031	02/22	15	0
032	02/23	15	0
033	02/24	51	36
034	02/25	51	0
035	02/26	57	6
036	02/27	58	1
037	02/28	60	2
038	02/29	68	8
039	03/01	74	6
040	03/02	98	24
041	03/03	118	20
042	03/04	149	31
043	03/05	217	68
044	03/06	262	45
045	03/07	402	140
046	03/08	518	116
047	03/09	583	65
048	03/10	959	376
049	03/11	1281	322
050	03/12	1663	382
051	03/13	2179	516
052	03/14	2727	548
053	03/15	3499	772
054	03/16	4632	1133
055	03/17	6421	1789
056	03/18	7783	1362
057	03/19	13677	5894
058	03/20	19100	5423
059	03/21	25489	6389
060	03/22	33276	7787
061	03/23	43847	10571
062	03/24	53740	9893
063	03/25	65778	12038
064	03/26	83836	18058
065	03/27	101657	17821
066	03/28	121478	19821
067	03/29	140886	19408
068	03/30	161807	20921
069	03/31	188172	26365
070	04/01	213372	25200
071	04/02	243453	30081
072	04/03	275586	32133
073	04/04	308850	33264
074	04/05	337072	28222

Initializing 240 population members having 6 parameters
------------------------------------------------------------------------------------------------------------------------

SSE=644.59 on eval 1: L=2.58318e+08 b=39.519 r=0.353719 rf=0.956105 t0=60.4741 th=8.30529*

*

SSE=76.783 on eval 2: L=2.15821e+08 b=39.8816 r=0.360626 rf=0.750143* t0=62.7805 th=19.0899

!3!11

SSE=42.87 on eval 7: L=5.523e+06* b=58.0232** r=0.530557 rf=0.808153 t0=59.2917 th=13.1354

!4

SSE=19.271 on eval 9: L=1.86828e+08 b=18.4427 r=0.369435 rf=0.930905 t0=63.741 th=16.5327

!92311311

SSE=17.698 on eval 18: L=5.47636e+07 b=40.3208 r=0.408468 rf=0.793639 t0=61.3507 th=11.2682

!96976623112912969309479911246833969146!6227677824629901287496

SSE=16.747 on eval 80: L=2.71795e+08 b=28.3306 r=0.428018 rf=0.893546 t0=61.5903 th=14.4424

!9327463847332971339236526938569822195491
4269392298489942942821279444244241949639252973210195729122299299292

SSE=15.978 on eval 188: L=2.05318e+08 b=26.6307 r=0.535956 rf=0.957501 t0=59.5006 th=17.6163

!3139292829623122594224409969991499189433932990235629


Population: 240 individuals with SSE 15.978 to 948.99, avg eval time 1.05 sec. Top 7:

        SSE |     15.978       16.033       16.262       16.747       16.747       17.581       17.665  
------------------------------------------------------------------------------------------------------------------------
          L | 2.0532e+08   5.8566e+07   2.6857e+08   2.7179e+08   2.1352e+08   2.2308e+08   6.1962e+07  
          b |     26.631       57.811**     49.349       28.331      0.98814*      12.923       36.466  
          r |    0.53596      0.46288       0.5531**    0.42802      0.55463**    0.34105*     0.39471  
         rf |     0.9575      0.96947      0.91478      0.89355      0.88395      0.88145      0.88637  
         t0 |     59.501       62.147        59.07        61.59       58.919       64.877       63.438  
         th |     17.616       17.557       15.128       14.442       12.876       13.466       14.695  
------------------------------------------------------------------------------------------------------------------------
Best individual:
<SSE=15.9776 L=2.05318e+08 b=26.6307 r=0.535956 rf=0.957501 t0=59.5006 th=17.6163>


Population: 240 individuals with SSE 15.978 to 948.99, avg eval time 1.05 sec. Top 7:

        SSE |     15.978       16.033       16.262       16.747       16.747       17.581       17.665  
------------------------------------------------------------------------------------------------------------------------
          L | 2.0532e+08   5.8566e+07   2.6857e+08   2.7179e+08   2.1352e+08   2.2308e+08   6.1962e+07  
          b |     26.631       57.811**     49.349       28.331      0.98814*      12.923       36.466  
          r |    0.53596      0.46288       0.5531**    0.42802      0.55463**    0.34105*     0.39471  
         rf |     0.9575      0.96947      0.91478      0.89355      0.88395      0.88145      0.88637  
         t0 |     59.501       62.147        59.07        61.59       58.919       64.877       63.438  
         th |     17.616       17.557       15.128       14.442       12.876       13.466       14.695  
------------------------------------------------------------------------------------------------------------------------
Best individual:
<SSE=15.9776 L=2.05318e+08 b=26.6307 r=0.535956 rf=0.957501 t0=59.5006 th=17.6163>

Performing DE with CR=0.7, F=U(0.5, 1.0), DE/rand-1.00/1/bin
------------------------------------------------------------------------------------------------------------------------
Press the 'Enter' key to abort.

Generation 1/75  F=U(0.5, 1.0)  N_hist=240
------------------------------------------------------------------------------------------------------------------------
21X323XXX1XXX0917X2XXX1XXXX239223XX12552XX1X31XXXXXXXXXX5X14X9XXX014XXXXX332XX91XX3X212XXX31XX2XX1724X49X93X4X66X223X139
X41X6X121XX9XX2XX32X363XX115XXXX1X1X2X972XXX34X214XX2892XX2X4X91X31XX2X641X1229XXXXXX9X23X43X93XXX412912XX39X2XX1X11X3XX


Generation 2/75  F=U(0.5, 1.0)  N_hist=480
------------------------------------------------------------------------------------------------------------------------
926X21XXX42X1XX1XXXX2X1X9222XXXX16XX24X41XXXXXXXX6X3X2XXX2X62XXXXXXX1X1X32XXXX2XXXX2X382X0X4XX31XXXXXX13XXX2XXX221X1XX2X
1XXX22X2XX11XXXX51XX2X581X23X21XXX2X1XXXXX2XXXXXX2XXX1XXX5XXXXX1X1XX23XXXX1X21X421XXX1XX1X32XXX1252252X3XXX1XXXXX4XX21XX


Generation 3/75  F=U(0.5, 1.0)  N_hist=720
------------------------------------------------------------------------------------------------------------------------
X2XXXXXXXX2XXXX1XX22X1XX01XX2X1XX2XXXXXXXX55X3XXXXX1X0X22X1X1XXXXX1XX1X3XXXX1XXX2X2XXXX53XXX3X1XXXXXXXXXXXXX1X2XXXXXX9XX
XXX14XXXX110XXX11XXX3X22XX211X111XX14131XXXXXX22XXXXX011XXXX22X1XX21XXXXXXXXXXX13X2XXXXXXX2XX1XXXXXX1XXXXXXXX1122122X3XX


Generation 4/75  F=U(0.5, 1.0)  N_hist=960
------------------------------------------------------------------------------------------------------------------------
XX12X1XXX2XXXXXXXXX1XXXX22+1X1X12XXXXXXXXXXXX1X4XXXXXXXXXX2XXXXXXXXXX12X2X1XX1XXX12XX1X4X1X1XX1XXXX1XXXXX1XXX211XXX2XX11
XXXX1X13XXXXX1X2121X111XX4XXXXXXXXXX1XXXX4X1XXX1X1X1XX1XXXXX1XXXXXXX1XXXX2XXXXX21XX2XXXXXXXXXXXXX1XXXXXXXX1XXXX3XX1XX2XX
2


Generation 5/75  F=U(0.5, 1.0)  N_hist=1200
------------------------------------------------------------------------------------------------------------------------
XX1X2XXXXXXXXXXXXXX1XX2XXXX1XXXXXX2X1XX2X2XXXXX2XXXXXX1XXXX2XXXXXXXXX1XX2XXXXX0X2X1XXX1XXXX6XXXX1XX1XXX11XXXX12X3XXX1XXX
XXXX1X2X1XXXXXXX1XXX1XX1XXX110XXXXXX1X1XXXX21211XXXX1XX0XX1XXX3X1XX1XXX3XXXX220XX2XXXXXXXXXX1XX2XX1XXXX2XXXXXXXXXX2XXXXX


Generation 6/75  F=U(0.5, 1.0)  N_hist=1440
------------------------------------------------------------------------------------------------------------------------
X1X12XXXXXX2XXX3XXX1XXX1XXX2X2XXXX1XXXX1X0XX1XXXXXX2XXXX1XXX11X111XX1111X2XX0XX1XXXXXXXXXXX2XX1XXX1X1XX1XXXXXXXXXXX0XXXX
XXXXXXXXXXXXXXXXX1XX11XXX1XXXXXXX101XX21X1XXX1XXXXXXXXXXXX2XXXXXXXXX1XXXXXXXXXX1X1XXXXXX1XXXXXXXXXXXXXXXXXXXXXXXX1XXXXXX


Generation 7/75  F=U(0.5, 1.0)  N_hist=1680
------------------------------------------------------------------------------------------------------------------------
101111X2X11X1XXXXX11XXXXX1X1XXXXXX1XXXXXXXXXXXX10XXX1+1XXXXXXXXXXX1XX2XXXXXX1X1XXX12XXXXXXXXXXXXXXXXX1XX031XXXXXXXXXXXX1
XX1XX1X12X11XXXXXX1XXXXXXXXXXXXXXXXXXXXXXXXXX311+XXXXXXXXXXXXXXXXXXXXXX111X1X1XXX11XXXXXXXXXXXXXXXXXXXXXX1XXX4XX21XX2XXX
XX


Generation 8/75  F=U(0.5, 1.0)  N_hist=1920
------------------------------------------------------------------------------------------------------------------------
11XX1X11XX1111XXXXXX1XXXXXXXXXX1XXXXXXXX1XXXXXXX0XXXXXX1XXX1XXXXXXXXXX1XXXXXXXX1XXXXXXXXXX11XXXXX0X1XXXX1XXXXXX1XX111XXX
1XXXXXXXXXXX1X1XXXXXXXXXXXXXXXXXXXXXXX11X21X1X1XX0XX1XXXXXXXXXXXXX1XXX1XXXXXXXXXXX111XXX11X1XXXXXXXXXX1XXXXXXXXXXXXXXXXX


Generation 9/75  F=U(0.5, 1.0)  N_hist=2160
------------------------------------------------------------------------------------------------------------------------
X1XX1XXX1XXX1XXXXXXX1XXXXXXXXXXXXXX1XXXXXXXXXXXX2X1XXXXXXXXXXXX10XXXXXXXXXXXX11X1X1XXX1XXXX10XXXXXXXXXXXXXXXXX1XXXXXXXXX
XXXXXXXXXXXXXX0XX2X1XXXXXXXXXXXXXXXX1X2XXXXXX1XXXXXXXXXXXXXXXXX1X1XXXXXXXXXXXXXXXXXXXXXXXXXXXXXXXXXXXXXXXXXXXXXXXX1XXXXX


Generation 10/75  F=U(0.5, 1.0)  N_hist=2400
------------------------------------------------------------------------------------------------------------------------
101XX111XXXXXXXXXXXXXXXXXXXXXXXXXXX11XXXXXXXXXXXXXXXXX1112+XX1X111XXXX11XXX1XX1XXXXXXXXXXXX11110XX1XXXXXXXXXXXXXXXX11XXX
XXXXXXXXXXXXXX1XXXXXXXX1XXXXXXXXXXXXXXX1XX021X111XX121XXXXXXXX0XXXXXX0XXXXX1XXXXXXXXXXXXXXXX1XX11XXXXXXXXXXXXXXXXX1XXXXX
X


Generation 11/75  F=U(0.5, 1.0)  N_hist=2640
------------------------------------------------------------------------------------------------------------------------
X0110XXXXXXXXX1XXXX1XXXXXXX0X1X1X1XXXXXX2XX1XX11XXXXX1XX1X1XXXXX1XXXXXXXXXXXXXXXXXXXXXXXX021XXXXXXXXXX11X0XXXXXXXXXXXXXX
XXXXXXXXXXXXXXXXXXXXXXXX11XX11X11XXXXX11X0XXXXXXXX11XXXXX1X1+1XXXXXX0XXX1XXXXXX0XXXXXXXXXX1XXXXXXX1XXXXXXXXXXXXXXXXXXXXX
X


Generation 12/75  F=U(0.5, 1.0)  N_hist=2880
------------------------------------------------------------------------------------------------------------------------
1111XXX1X1XXXXX1XXXX0XXXXXXXXXXXXXXXXXXXXXXXXXXXXXXXXXXXX11XXXX1XXXXXXXXXXXXXXXXXXXXXXXX01XXX1XXXXXXXX1XXXXXXX11XXXXXXXX
X1XXX0XXXXXXXXXXXXXXXXXXXXX1XXXXXXX101XXXXXX0XXXXXXXXXXX0XXXXXXXXXXXXXXXXXXXXXXXXXXX1XX1X1111XXXXXXXXXXXXXXX11XXXXXX0XXX


Generation 13/75  F=U(0.5, 1.0)  N_hist=3119
------------------------------------------------------------------------------------------------------------------------
0110XX10XXXX0XX0X1111XX1XXXXXXXXXXXXX1XX1XXXXXXXXXXXXXXXXXXXXX0XXXXXXXXXXXXXXXXXX1XXXXX1XXXXXX1XX110X01XXXXXXXXXXXXXXXXX
XXXXXXXXXXXXXXXXXXXXXXXXX1X1XXXXXXXX1X1XXXXXXXXXXXXXXXX11XXXXXXXXXXXXXXXXXXXXXXXXXXX1X1XXXXXXXXXXXXXXXXXXXXXXXXXXXXXXXXX


Generation 14/75  F=U(0.5, 1.0)  N_hist=3360
------------------------------------------------------------------------------------------------------------------------
10XX01XX1XXXXXXXXXX1XXXXXXXXXX1XXXXXXXXXXXXXXXXXXXXXXXXXXXXXXXXXXXXXXXXX1XXXXXXXXX0XXXXXXXXXXXXXXXXX1XX1XXXXX1XXXXXX1XXX
XXXXXXXXXXXXXXXX0X1XX1XXXX1XXXXX1X1X1XXXXX0XXXXXXXXXXXXXXXXXXXXXXXXXXXX11XXXXXXXXXXXXXXXXXXXXXXXX11XXXXXXXXXXXXXXXXXXXXX


Generation 15/75  F=U(0.5, 1.0)  N_hist=3600
------------------------------------------------------------------------------------------------------------------------
X1XX0X0X1XXXXXXXXXX01XXXXXXXXXXXXXXXXXXXXXXXXXXXXXXXXXXXXX1X1XXXXXXXXXXXXXXXXXXXXXXXXXXXXXXXXX1XXXXXXX0X1XXXXXXXXXX1XXXX
XXXXXXX1XXXXX0XXXXXXXXXXXXXXXXXXXXXXX1XXXXXXXX1XXXXXXXXXX11XXX1XXXXXXX1XXXXXXXXXXXXXXXXXXXXXXXXXXXXXXXXXXXXXXXX1XXXXXXXX


Generation 16/75  F=U(0.5, 1.0)  N_hist=3840
------------------------------------------------------------------------------------------------------------------------
01X11XX1X0XXXXXXXXXXXXXXXXXXXXXX1XXXXXX101X1XXXXXXXXXXXX1XXXX0XXXXXXX1XXXXXXXXXXXXXXXXXXXXXX1XXXXXXXXX10XX0XXXXXXXXXXXXX
XXXXX0XXXXXXXXXXXXXXXXXXXXXXXXXXXXXXX1XXXXXXX1XXXXXXXXXXX1XXXXXXXXXXX1XXX00XXXXXX1XXX0XXXXXXXXXXXXXXXXXXXXXXXXXXXXXXXXXX


Generation 17/75  F=U(0.5, 1.0)  N_hist=4080
------------------------------------------------------------------------------------------------------------------------
1XXX1+XXXXXXXXXXXXXXXXX1XXXXXXXXXXXXXXXXXXXXXXXX0X1X0XXXXXXX1X0XXXXXXXXXX11XXXXX101XX0XX1XXXXXXXXXXXXXXXXXX0XXXXXXXXXXXX
XXXXXXXXXXXXXXXXXXXXXX0XXXXXXXXXXXXXXXXXXXXXXXXXXXXXXX1X10XXXXXXXXXXXXXXXXXXX11XXXXXXXXXXXXXXXXXXXXXXX1XX1XXXX1XX1XXXXXX
X


Generation 18/75  F=U(0.5, 1.0)  N_hist=4320
------------------------------------------------------------------------------------------------------------------------
011X11XX10XXXXXXXXX110XX1XX1XXXXXX1XXXXXXXXXXXXXXXXXXXXXXXXXXXXXXXXXXXXXXX1XXXXXXXXXXX1XXXXXXXXXXXXXXXXXXXX1X1X1XX00XXX1
XXXX1XXXXXXXXXXXXXXXXX0XXXXXXXXXXXXXXXX1XXXXXXX10XXXX000XXXX11XXX1XXXXXXXXXXXXX1XXXXXXXXXXXXXXX1XXXXXXX1XXXXXXXXXXXXX1XX


Generation 19/75  F=U(0.5, 1.0)  N_hist=4560
------------------------------------------------------------------------------------------------------------------------
1XX0X1XXXXXXXXXXXXXXXXXXXXXXXXXX0XXXXXXXXXXX1XXXX10XXXXXXXXXXXXXXXXXXXXXX0XXXXX1XXXXXXXXXXXXXXXXXXX1XX0XXXX0XXXXXXXXXXXX
XXXXXXXXX1XXXXXXXXXXXXXXXXXXXXXXX1XX1X1XXXXXXXXXXX1XXXXXXXXXXX0XXX11XXXXXXXXXXXXXXXXXXXXXXXXXXXXXXXXXXXXXXXXXXXXXXXXXXXX


Generation 20/75  F=U(0.5, 1.0)  N_hist=4800
------------------------------------------------------------------------------------------------------------------------
XX1XXX0X0XXXXX1XXXXXXXXXXXXXXXX1111XXXX1XXXXXXXX1XXXXXXXXXXXXXXXX0XXXXXXXXXXX0XXXXXXXX1XXXXXX0XXXXXXXXXXXXXXXXXXXXXXXXX1
XXXXXX1XX0XXXXXXXXXXXXX00XXXXXXXXX1XXXXXXXXXXXXXXXXXXXXXXXXXXXXX1XXXXXX1XXXXXXXXXXXXX11X0X01XXXXXXX0XXXXXXXXXXXXXXXXXXXX


Generation 21/75  F=U(0.5, 1.0)  N_hist=5040
------------------------------------------------------------------------------------------------------------------------
11X0XXX001XXXXX100XXXXX1XXXXXXXXX0XXXXXXXXXXXXXXXXXX0XXXXXXXXXXXXXXXXXXXXX1XXX0XXX0XXXXXX1XX1XXXXXXXXXXXXXX1XXX0XX00XXXX
XXXXXXXXXXXXXXXXXX0X1XXXXXXXXXXXXXXXXXXXXXXXX01X1XXX01XXXXXXXXX0XXXXXXXXXXXXXXXXXXXXXXXXXXXXX0XXXXXXXXXXXXXXXXXXXXXXXXXX


Generation 22/75  F=U(0.5, 1.0)  N_hist=5280
------------------------------------------------------------------------------------------------------------------------
X111XXX1X1XXXXXXXXXXXXXXXXXXXXXX1XXXXXXXXX11XXXXXXX1XXXXX01XX0XXXXXXXXXX0X1XXXXXXXXXXXXXXXXXXXXXXXXXXXXXXXXXXXXXXXXXXXXX
XXXXXXXXXXXXXXXXXX110XXXXXXXXXXXXXXXXXX0XXXXXXXXXXXXXXXXXXXXX10XXX0XXXXXXXXXXXXXXXXXXXXXXXXXXXXXX0XXXXXXXXXXXXXXXXXXXXXX


Generation 23/75  F=U(0.5, 1.0)  N_hist=5520
------------------------------------------------------------------------------------------------------------------------
111XX110XXXXXX1XXXXXXXXXXXXX1XXXXXXXXXXXXXXXXXXXX1XX1XXXXXXX0XXXXXXXXXXXXXXX1XXXXXXXXXXX00XXXXXXXXXXXX0XXXXX000XXX0XXXXX
X0XXXXXXXXXXXXXXXXXXXXXXXXXXXXXXX010XXXXXXXXXXXXXXXX1XXX10XXXXX0XXXXXXX0XXXXXXXXXXXXXXXXXXXXXXXXXXXXXXXXXXXXXXXXXXXXXXXX


Generation 24/75  F=U(0.5, 1.0)  N_hist=5760
------------------------------------------------------------------------------------------------------------------------
XX1XXXXXXXXXXXXXX1XXXXXXXXX0X1XXXXXXXXXXXXXX1X0XXXXXXXXXXXXXXXXXXXXXX0XXXX1+XX0XXXXXXXXXXXXXXXX1XXXXX1XXXX1X1XXXXXXXXXXX
XXXXXXXXXXXX11XXXXXXXXXXXXX1XXXXXXXXXXXXXXXXXXXXXX1XXXXXX0X0XXX1X0XXXXX1XXXXXXX1XXXXXXXXXXXXXXXXXXXX0XXX1XXXXXXXXXXXX1XX
X


Generation 25/75  F=U(0.5, 1.0)  N_hist=6000
------------------------------------------------------------------------------------------------------------------------
0X1X0XXXXXXXXXXXXXXXXXXXXX1XXXXXXXXXXXXXXXXXXXXXXX11XXXXX0XXXXXXXXXXXXXXXXXXXXXXXXXXXXXXXXXXXXXXXXXXXXXXXXXXXXXX0XXXXXXX
1XXXXX0XXXXXXXXXXXXXXXXXXXXXXXXXXXXXXXXXXXXX1XXXX0X0XXXXXXXXXXXXXXXXXXXXX0XXXXX1XX1XX0XXXXXXXXXXXXXXXXXXXXXXXXXXXXXXXXXX


Generation 26/75  F=U(0.5, 1.0)  N_hist=6240
------------------------------------------------------------------------------------------------------------------------
X1X10XXXXX0XXXXXXXXXXXXXXXXXXXXXXXXXXXXXXXXXXXXXXX01XXXXXXX1XXXXXXXXXXXXXXXXXXX10XXXXXXXXXX0XXXXXXXXXXXXXXXX1XXXXX1XXXXX
XXXXXXXXXXXXXXXX0XXXXXXXXX0XXXXXXXXXXXXXXXXX0XXXXXXXXXXX1XX01XX0XXXXXXXXXXXXXXXXXXXXXXXXXXXXXXXXXXXX1XXXXXXXXXXXXXXXXXXX


Generation 27/75  F=U(0.5, 1.0)  N_hist=6480
------------------------------------------------------------------------------------------------------------------------
X01XXXXXXXXXX0XXXXX0XXXXXX0XXXX0XXXXX1XXXXXXXXXXXXXXXXXXXXXXXXXX0XXXXXXXXXX111XXX0X01XXX0XXXXXXX0XXXXXXXXX1XXXXXXXXX1XXX
XXXXX0XXXXXXXXXXXXXXXXXXXXXX0XXXXXXX00XXXXXXXXXXXXXXXXX0XXXXXXXXXXXXXXXXXX1XXXXXXXXXXXXXXXXXXXXXXXXXXXXXXX0XXXXXXXXXXXXX


Generation 28/75  F=U(0.5, 1.0)  N_hist=6720
------------------------------------------------------------------------------------------------------------------------
0XXXX10XXXXX0XXXXXXXXXXXXXXXXXXXXXXXXXXXXXXXX0XXXXXXXXXXXXXXXXX0XX000XXXXXXXXXXXXXXXXXXXXXXXXXXXXXXXXXXXXXXXXXXXXXXXXXXX
XXX0XXXXXXXXXXXXXXXXXXXXXXXXXXXXXXXXXXXXXXXXXXXXXXXXXXXXXXXXXXX1XXXX1X0XXXXXXXXXXXX1XXXXXXXXXXXXXXXXXX1XXXXXXXXXXXXXXXXX


Generation 29/75  F=U(0.5, 1.0)  N_hist=6960
------------------------------------------------------------------------------------------------------------------------
001XX001XX10XXXXX1XXXXX0XXXXXXXXX00XXXXXXXXXXXXXXXXXXXXXXXXX0XXX0X10X0XXXX0X1X0XXXXXXXXXXXXXXXXXXXXXXXXXXXXXX0XXXXXXXX0X
0XXXX00X1XXX0XXXXXXXXXX1XXXXXXXXXX1XXXXXX1XXXXXXXXXXXXXXXXXXXXXXXXXXXXXXXXXXXXXXXXXXX0XXXXXXXXXX0XXXXXXXXXXXXXX0XXXXXXXX


Generation 30/75  F=U(0.5, 1.0)  N_hist=7200
------------------------------------------------------------------------------------------------------------------------
0X11X0X0X10XXXX00XXXXXXXXXXXXXXXXXXXXXXXXXXXXXXXXXXXXXXXXXXXXXXXXXXXXXXXXXXXXXXXXXXXXXXXXXXXX0XX1XXXXXXXXXXXXX0XXXXXX0XX
XX00XX000XXXXXX0XXXXXXXXXX1XXXXXXXXXXXXXX1XX0XXXXXXXXXXX0XXXXXXXXXXXXXXXXXXXX0XXX0XXXXXXXXXXXXXXXXXX1XXXXXXXXXXXXXXXXXXX


Generation 31/75  F=U(0.5, 1.0)  N_hist=7440
------------------------------------------------------------------------------------------------------------------------
000001XXXXXXX1X1XXXXXXXXX0XXXXXXXXXXXXXXXXXXXXXX0XXXXXXXXXXXXXXXXXXX0XXX1XXXXXXX0XXXXXXXXXXXXXXXXXXXXXXXXXXXXXXXXXXXXXXX
XXX0X1X0XXXXXXXXXXXXXXX0XXX0XX0XXXXXXXXXXXXXXXXXXXXXXXXXXXX0XXXXXXXX0XXXXXXXXXXXXXXXXXXXXXXXXXXXXXXXXXXX0XXXXXXXXXXXXXXX


Generation 32/75  F=U(0.5, 1.0)  N_hist=7680
------------------------------------------------------------------------------------------------------------------------
1XXX1XX01XXXXXXXXX0XXXXXXXXX0X0XXXXXXXXXXXXXXXXXXXX1XXXXXXXXXXXXXXXXXXX1XX0XXXXXXXXXXXXXXXXXXX1XXXXXXXXXXXXXXXXXXXXXXXXX
XXX01XXXXXXXXXXX1XX0XX0XXXXXXXXX10XXXXXXXXXXXXXXXXXXXXXXXXXXXXXX0XXXXXXXX0XXXXXXXXXXXXXXXXXXXXXXXXXXXXXXXXXXXXXXXX0XXXXX


Generation 33/75  F=U(0.5, 1.0)  N_hist=7920
------------------------------------------------------------------------------------------------------------------------
01XX00X00XXX1X0XXXXX0XXX0XXXX0XXXXXXXXXXXXXXXXXX1XXXXXXXXXXXXXXXXXX1X0XXXXXXXXXXXXXXXXXXXXXX1100XXXXXXXXXXXXXXXXXXXXXX0X
XX0XXXXXXXXXXXXXXXXXXXXXXXXXXXXXXX0XXXXX0XXXXXXXXXXXXXXXXXXXXXXXXXXXXXXXXXXXXXXXXXXXXXXXXXXXXXXXXXXXXXXXXXXXX0XXXXXXXXXX


Generation 34/75  F=U(0.5, 1.0)  N_hist=8160
------------------------------------------------------------------------------------------------------------------------
XX01XXX0XXXXXXXXXXXXXXXXXXXXXXXXXXXXXXX0XXXXXX000XXXXXXXXXXXXXXXXXX0XXXXXXXXXXXXXXXXXXXXXXXXXXXXXXXXXXXXXXXXX0XXXXXXXXXX
XXXXXXXXXXXXXXXXXXXX0X0XXXXXXXXXXXXXXXXXXXXXXXXXXXXXXXXXXXXXXXXXXXXXXXXXXXX0XXXXXXXXXXX1XXXXXXXXXXXXXXXXXXXXXXXXXXXXXXXX


Generation 35/75  F=U(0.445, 1.0)  N_hist=8400
------------------------------------------------------------------------------------------------------------------------
00X0XXX0+0XXXXXXX0XXX00XXXX0XXXXXXXXXXXXXXXXXXXXXXXXXXXXXXXXXXXXXXXXXXXXXXXXXXXXXXX0XXXXXXXXXXXXXXXXXXXXXXXXXXX0XXXXXXXX
XXX1XXXX01XXX0XXXXXXXXXXXXXXXXXXXXXXXX0XXXX0XXXXXXXXXXXX0XXXXXXXXXXXXX00XXXXXXXXXXXXXXXXXXXXXXXXXXXXXXXXXXXXXXXXXXXXXXXX
X


Generation 36/75  F=U(0.493056632402, 1.0)  N_hist=8640
------------------------------------------------------------------------------------------------------------------------
0XXXX0X0XXXXXXXXXXXXX0XXXXXX0XXXXXXXXXXXXXXXX0XXXXXXXXXXXXXXXXXXX0XXXXXXXXXXXXXXXXXXXXX0XXXXX0XXXXXXXXXXXXXXXX0XXXXXXXXX
XXXXXXXXX0XXX0XXXXX0XXXXXX0XXXXXXXXXXXX00XXX0XXXX0XX00XXXXXXXXXXXXXX0XXXXXXXXXXXXXX00XXXXXXXXXXXXX0XXXXXXXXXXXXXXXXXXXXX


Generation 37/75  F=U(0.5, 1.0)  N_hist=8880
------------------------------------------------------------------------------------------------------------------------
0XXXXXX0XXXXXXXXXXXXXXXXXXXXXXXXXXXXXXXXXX0XXXXXX0XXXXXXXXXXXXXXXXXXXXXXXXXXXX0XXXXXX0XXXXXXXXXXX0XXXXXXXX0XXXXXXXXXXXXX
XX0XXXXXXXXXXXXXXXXXXXXXXXXXXXXXXXXXXXXXXXXXXX0XXXXXXXXXXXXXXXXXXXXXXXXXXXXXXXXXXXXXXXXXXXXXXXXXXXXXXXXXXXXXXXXXX0XXXXXX


Generation 38/75  F=U(0.445, 1.0)  N_hist=9120
------------------------------------------------------------------------------------------------------------------------
0100XXXX0XXXXXXXXXXXXXXXXXXXXXXXXXXXXXXXX1XXXXXXXXXXXXXXXXXX0XXXXXXXXX0XXXXXXXXXX00XXXXX00XXXXXX0XX0XXXXXX0XXXXXX0XXXXXX
XXXXXXXXXXXXXXXXXXXXXXXXXXX0XXXXXX0XXXXXXXX0X0XXXXXXXXXXXX0XXXXXXXXXXXXXXXXXXXXXXXXXXXXXXXXXX0XXXXXXXXXXXXXXXXXXXXXXXXXX


Generation 39/75  F=U(0.39605, 1.0)  N_hist=9360
------------------------------------------------------------------------------------------------------------------------
0XXX00XXXXXXXXXXXXXXXXXXXXXXX0XXXXX0XXXXXXXXXXXXXXXXXXXXXXXXXXX1XXXXXXXXX0XX0XX1XX0XXXXXXXXXXXXXXXXXXXXXXXXXXXXXXXXXXXXX
XXXXXXXXXXX0XXXXXXXXXXXXXXXXXXXXXXX1XXXXXXXXXXXXX0XXX0XXXXXXX0XXXXXXX0XXXXXXXXX0XXXXXXXXXXXXXXXXXXXXXXXXXXXXXXXXXXXXXXXX


Generation 40/75  F=U(0.3524845, 1.0)  N_hist=9600
------------------------------------------------------------------------------------------------------------------------
00XXX000XX00XXXXXXXXXXXXXXXXXXXXXXXXXXXXXXXXXXXXXXXX0XX0XXXXXXXXXXXXX0XXXXXXXXXXXXXXXXXXXXXXXX00XXXXXXXXX0XXXXXXX0XXXXXX
XXXXXXXXXXX0XXXXXXXXXX0XXXXX1XX0XX0XXXXXXXXXXXXXXXXXX1XXXXXXXXX0XXXXXXXX0XXXXXXXX0XXXXXXXXXXXXXXXXXXXX1XXXXXXXXXXXXXXXXX


Generation 41/75  F=U(0.390550158526, 1.0)  N_hist=9840
------------------------------------------------------------------------------------------------------------------------
0X0XX0X01XXXXXXXXXXXXXXXXXXXXXXXXX00XX0XXXXXXXXXXXXXXXXXXXXXXXX0XX0XXXXXX0XXXX0XXXXXXXXXXXXXXXXXXXXXXXX00XXXXXXXXXXXXXX0
XXXXXXXX0XXXXXXXXXXXXXXXXXXXXX0XXX0XXXXXXXXXXXXX0XXXXX0XXXXXXXXXX0X0XXXXXXXX00X0XXXXXXXXXXXXXXXXXXXXXXXXXXXXXXXXXXXXXXXX


Generation 42/75  F=U(0.347589641088, 1.0)  N_hist=10080
------------------------------------------------------------------------------------------------------------------------
0000XX0XXXXXXXXXXXX0XXXXXXXXXXXXXXXXXXXXXXXXXXXXXXXXXXXXXXXXXXXXXXX0XXXXXXXXXXXXXXXXXXXXXXXXXXXX0XXXXXXXXXXXXXXXXXXXXXXX
0XXXX0XXXXXXXXXXXXXXXXXXXXXXXXXX0X0X0XXXXXXXXXXXXXXXXX0X0XXXXXXXXXXXX1X01X0XXXXXXXXXXXXXXXXXXXXXXXXXXXXXXXXXXXXXXXXXXXXX


Generation 43/75  F=U(0.309354780568, 1.0)  N_hist=10320
------------------------------------------------------------------------------------------------------------------------
0XXXXXX0XXXXXXXX0XXXXXXXXXXXXXXXXXXX0XXXXXXXXXXXXXXXXXXXX0XXXXXXXX0X0XXXXXXXX0XXXXXXXXXXXXXXXX00XXXXXX0XXXXXXXXXXX0XX0XX
XXXXX0XX0XXXXXXXXXXXXXXXXXXXXXXXX0XXXX0XXXXXXXXXXXXXXXXXXXXXXXXXXXXXXXXXXXXXXXXXXXX0XXX0XX0XXXXXXXXXXXXXXXXXXXXXXXXXXXXX


Generation 44/75  F=U(0.275325754706, 1.0)  N_hist=10560
------------------------------------------------------------------------------------------------------------------------
0X0X00XXXX0XXXXXXXXXXXXXXXXXXXXXXXXXXX0XXXXXXXXXXXXXXXXXXXXXXXXX0XXXX0XXXXXXXXXXXX0XX00XXXXX0XXXXXX00XXXXXXXXXXXXXXXX000
X0XXXXXXXXXXXXXXXXXXXXXXXXXX0XXXXXXX0XXXXXXXXX0XXXXX0XXXXXXXXXXXXXXXXXXXXXXXX0XXXXXX0X00XXXXXX0XXXXXXXXXXX00XXXXXXXXXXXX


Generation 45/75  F=U(0.245039921688, 1.0)  N_hist=10800
------------------------------------------------------------------------------------------------------------------------
X0XX0XXXXXXXXX0XXXXXX0XXXXXX0XXXXXXXXXXXXXXXXXXX0XXXXXXXXXXXXXXXXXXXXXXXXXXXXXXX0XXXXXXXXXXXXXXXXXXXXXXXXXXXXXXXX0XXXXXX
XX0XXXXXXXXXXXXXX00X10XXX0XXXXX0XXX0XXXXXXXXXXXXXXXX0XXXXXXXXXXXXXXXXXX0XXXXXXXXXXXXXXXXXXXXXXXXXXXXXXXXXX0XXXXXXXXXXX0X


Generation 46/75  F=U(0.218085530302, 1.0)  N_hist=11040
------------------------------------------------------------------------------------------------------------------------
X0XX00XX0XX0XXXXXXXXXXXXXXXXXXXXXXXXXXXXXXXX0XXXXXXXXXXXXXXXXXXXXXX0XXXXXXX0XXXXXXXXXXXXXXXXXXXXXXXXX0XXXXXXXXXXXX00XX0X
X00XXXXXXXXXXXX0XXXXXXXXXXXXXXXXXXXXXXXXXXXXXXXXXXXXXXXXXXXXXXXXXXXX0XXXXXXXX00XXXXXXXXXXXXXXXXX0XXXXXXXXXXXXXXXXXXXXXXX


Generation 47/75  F=U(0.194096121969, 1.0)  N_hist=11280
------------------------------------------------------------------------------------------------------------------------
0X0XXX000XXXXXX0XXXXXXXXXXXXXXXXXXXXXXXXXXXXXXXXX0XXXXXXXXXX0XXXXX0XXXXXXXXXXXXXXX0XXXXXXXXXXXXXXXXXXXX00XXXXXXXXXXX0XXX
XXXXXXXXXXXXXX0XXXXXXXXXXXXXXXXXXXXXX0XXXXXXXXXXX0XXXXXXXXXXXXX0X0XXXXXXXXXXXXXXXXXXXX0XXXXXXXXXXXXXXXXXXXX0X0XXXXXXXXXX


Generation 48/75  F=U(0.172745548552, 1.0)  N_hist=11520
------------------------------------------------------------------------------------------------------------------------
X0XXXXXXX0XXXXXXX0XXXXXXXXXXXXXXXXXXXXXXXXXXXXXXXXXXXXXXXXXXX0XXXXXXXXXXXXXXXXXXXXXXXXXXXXX0XXXXXXXXXXXXXXXXXXXXXXXXXXXX
XX0XX0XXXXXXX1XXXXX0X0XXXXXXXXXXXXXXXXXXXXXXXXX0XXXXXXXXX0XXX0XXXXXX0XXXXXXXXXXXXXXXXXXXXX0XXXXXXXXXXXXXXXXXXXXXXXXXXXXX


Generation 49/75  F=U(0.191400760521, 1.0)  N_hist=11760
------------------------------------------------------------------------------------------------------------------------
0XXXX0XXXXXXXXXXXXXXXXXXXXXXXXXXXXXXXXXXXX0XXXXXXXXXXXXXXXXXXXXXXXXXX0XX000XX0XXXX0XXXXXXXX0XXXXXXXXXXXXXXXXXXXXXXX00XXX
XXXXXXXXXXXXXXXXXXXXXX0XXXXXXXXXXX0XXXXXXXXXX0XXXXXXXXXXXXXXXXXXXXXXXXXXXXXXX00X0XXXXXX00XXX0XXXXXXXXXXXXXXXXXXXXXXXXXXX


Generation 50/75  F=U(0.212070594206, 1.0)  N_hist=12000
------------------------------------------------------------------------------------------------------------------------
0000XX00X0XX0XXXXXX0XXXXXXXX0XXXXXXXXXXX0XXXXXXXXXXXXXX0XXXXXXXXXXX0XX0XXXXXXXXXXXXX0XXXXXXXXXXX0XX0XXXXXXXXXXXXXXXXXXXX
XXX0XXXXXXXXXXXX0XXXXXXXXXXXXXXXXXXXX0X0XXXXXXXX000XXX0XXXXXX0XXXXXXXXXXX000XXXXX00XXX0XXXX0XXXX0XXXXXXXXXXXXX0XXXXXXXXX


Generation 51/75  F=U(0.234972613507, 1.0)  N_hist=12240
------------------------------------------------------------------------------------------------------------------------
0XX0X0XXXXXX0XXXXXXXXXXXXXXXXXXXXXXXXXXXX0XX0XXXXXXXXXXX0XXXXXXXXXXXXXXXXXXXXX00XXXXXXXXX0XXXXXXXXXXXXX0XXXXXXXXXXXXXXXX
XXXXXXXXXXXXXXXXXXXXXXXXXXX0XXXX0XXXXXXXXX0XXXXXXXXXXXXXXXXX0X0XXXXXXXXXXXXXX0XXXXXXXXXXXX0XXXXXXXXXXXXXXXXXXXXXXXXXXXXX


Generation 52/75  F=U(0.209125626021, 1.0)  N_hist=12480
------------------------------------------------------------------------------------------------------------------------
0X00XX0XX00XXXXXX0XXXXXXXXXXXXXXXXXXXXX0XXXXXXXXXXXXX0XXXX0XXXXXXXXXXXXXX0XX0XXXXXXXXXXXX0XXX0XXXX0XXXXXXXXXXXX0XXXXXXXX
XXXX0XX0XXXXXXXXXXXXX00XXXXXXXXXXXX0XXXXX0XXXXX0XXXXXXXXX0XX0XXXXXXXXXXXX0X0XXXXXXXXXXXXXXXXXXX00XXXXXXXXXXXXXXXXXXXXXXX


Generation 53/75  F=U(0.186121807159, 1.0)  N_hist=12720
------------------------------------------------------------------------------------------------------------------------
0X000XX00XXX0XXXXXXXXXXXXXXXXXXXXXXXXXXXXXXXXXXXXXXXXX0XXXXXXXXXXXXXX0XXX0XXXXXXXXXXXXXXXXX0XXXXXXXXXXXXX0XXXXXX0XXXXXXX
XXX0XXXXXXXXXXXX0XXXXXXXXXXXXXXXXXXXXXXXXXXXXXXXXXXXXXXXXXXXXXXX0X0XXXXXXXXXXXXXXXX0XXXXXXXX0XXXX0XXXXXXX0XXXXXXX0XXXXXX


Generation 54/75  F=U(0.165648408371, 1.0)  N_hist=12960
------------------------------------------------------------------------------------------------------------------------
X00X0XXXXXXXXXXXXXXXXXXXXXXXXXXXXXXXXXXXXXXXXXXXXXXXX0XX0X0XXXXX0XXXX00XXXXXXXXXXXXX0XX0XXXXXXXXXXXXXXXXXXXXXXXXXXXXX0XX
XXXXXXXXXXXXX0XXXX0XXXXXX0XXX0XXXXXXXXXXXXXXX0XXXXXXXXXXXXXXX0XXXXXXXXXXXXXX0XXXXXXXXXXXXXX0XXXXXXXXXXXXXXXXXXXXXXXXXXXX


Generation 55/75  F=U(0.14742708345, 1.0)  N_hist=13200
------------------------------------------------------------------------------------------------------------------------
XXXX0X0X0XXXXXXXXXXXXXXXXXXXXXXXXXXXXXXXXXXXXXXXXXXXXXXXXXXXXXXXXXXXXX0XXXXXXXXXXXXXXXXXXXXXXXXXXXXXXXXXXXXXXXXXXXXXXXXX
XX0XXXXXXXXXXXXXXXXXX0XXXXX0XXXXXXXXXXXXXXXXXXX0XXXXXXXXXXX00X0XXXXXXXXXXXXXXXXXXXXX0XXXXXXXXXXXXXXXXXXXXXXXXXXXXXXXXXXX


Generation 56/75  F=U(0.131210104271, 1.0)  N_hist=13440
------------------------------------------------------------------------------------------------------------------------
0XXX00X00XX0XXXXXXXXXXXXX0XXXXXXXXXXXXXXXXXXX0X0XXXX0X0XXXXXXXX0XXX0XXXXXXXX000X00X0XXXXXXXXXXXXXXXXXX0XXXXXXXXXXXXXXXXX
0XX0XXXXXXXXXXXXXXXXXX0XXXXXX0XXXXXX0XXXXXXXXXXX0XXXXXXXXXXXXXXX00XXXXXXX0XXXXXXXXXXXXXXXXXXXXXXXXXXXXXXXXXXXXXXXXXXXXXX


Generation 57/75  F=U(0.145379802582, 1.0)  N_hist=13680
------------------------------------------------------------------------------------------------------------------------
X00XX0XXXXXXXX00XXXXXXXXXXXXX0X0XXXXXXXXXXXXXXXXXXXXXXXXXXXXXXXX0XXXXXX00XXX000XXXXXXXXXXXXXXXXXXX0XXX0XXXXX0XXXXXXXXXXX
XX0XX0X00XXXXX0XXXXXXXXXXXXXX0XXXXXXXXXX0XXXXX00X0XX0XX0XXXXXXXXXXXXXX0XX00XXXXXXXXXX0XXXXXXXXXXXXX0XXXXXXXXXXXXXXXXXXXX


Generation 58/75  F=U(0.129388024298, 1.0)  N_hist=13920
------------------------------------------------------------------------------------------------------------------------
0XXXXXX0XX0XXXXXXXXXXXXXXXXXXXXX0XXXXXXXXXXXXXX0XXXXXXXXXXXXXXXXXXXXXXX0XXXXXXXXXXXXXX0XXXXX0XXXXXXXXXXXXXXX0XXXXXXXXXXX
XXXXX0XXXXXXXXXXXXXXXXXXXXX0XXXXXXXXXXXXXXXXXXXXXXXXXXX00XXXXXXXXXXXXXXXXXXXXXXXXXXXXXXXXXXXXXXXXXXX00XXXXXXXXXXXXXXXXXX


Generation 59/75  F=U(0.14336095176, 1.0)  N_hist=14160
------------------------------------------------------------------------------------------------------------------------
000X000XXX0XX0XX00XXXXXXXX0XXXX0X00XXXXXXXXXXXXXXXXXXXXXXXXXXXXXXXXXX00XXXXXXXXXXXXXXXXXXXXXXXXXXXXXXXXXXXXXXXXXXXXXXX0X
XXXXXXXX0XXXXXXXX0XXXXXXXXXXXX0X0XX0X0XX0XXXXXXXXXXXXXXXXXXXXXXXXXXXXXXXXX0XXXXXXXXXXXX0XXXXXXXXXXXXXXXXXXXXXXXXXXXXXXXX


Generation 60/75  F=U(0.127591247067, 1.0)  N_hist=14400
------------------------------------------------------------------------------------------------------------------------
00X0XX00XXXXX00XXXXXXXXXXXXX0XXXXXXXXX0X0XXXXXXXXXXXXXXXX0X00XXXXXXXXXXXX0X0XXXXX000XXXXXXXXXX00XXXXXXXXXXXXXXXXX000XX0X
XXXXXXXX0XXXXXXXXXXXXXXXXXX0XXXX0XXXXXX0XXXXXXXXXXXXXXXXXXXXXXXXXX0XXXXXXXXXXXXXXXX0XXXXXXXXXX0XXX0XXXXXXXXXXXXXXXXXXXXX


Generation 61/75  F=U(0.141370136186, 1.0)  N_hist=14640
------------------------------------------------------------------------------------------------------------------------
X0XX0XXX0XXX0XXXXXXXXXXXXXXXXXXXXXXXXXXXXXXXX0XXXXXXXXXXXXX0XXXXXXXXXXXXXXXXXXXXXXXXXX0XXX0XXXXXXXXX00XXXXXXXXXXXXXXXXXX
XXXXXXXXXX0XXXXXXX0X00XXXXXXXXXXXXX0XXXXXXXX0XXXXXXX0XXXXXXXXXXXXXX0XXXXXXXXXXXXXXXXXXXXX00XXXXXXXXXXXXXXXXXXXXXXX0XXXXX


Generation 62/75  F=U(0.125819421205, 1.0)  N_hist=14880
------------------------------------------------------------------------------------------------------------------------
0X0XXXXXXXXXXXXXXXXXXX0XXXXXXXXX0XXXXXXXXXXXX0XXXX0X0X0XXXXXXXXXXX0X0XXXXX0X000XXXXXXXXXXXXXXXXXXXXXXX0XXXXXXXXXXXXXXXXX
XXXXXXXXXXXXXXXXXXXX0XXXXXXXXXXXXXXXXXXXXXXXXXXXXXXXXXXXXXX0XX0XXXXXXXXX00XXXXXXXXXXXXX00XXXXXXXX0XXXXXXX0XX0XXXXXXXXXXX


Generation 63/75  F=U(0.13940696654, 1.0)  N_hist=15120
------------------------------------------------------------------------------------------------------------------------
000XXXXXX0XXXXXXXXXXXXXXXXXXXXXXXXXXXX0XXX0XXXXXXXXXXXXXX0XXX0X0XXX0XXXXXXXXXXX000XXXX0XXXXXXXXXXX0XXXXXXXXXXXXXXXXXXXXX
XXXXX00XXXXXXXXXXXXXXXXXX0XXXX0XXX00XXXXX0XXXXXXXXXXXXXXXXXXXXXX0X00XXXXXXXXXXXXXXXXXXXXXXXXXXXXXX0X0XX0XXXXXXXXXXXXXXXX


Generation 64/75  F=U(0.154461863945, 1.0)  N_hist=15360
------------------------------------------------------------------------------------------------------------------------
000X00X00XXXXXXXXXXXXXXX0XXXXXXXXXXXXXXXXXXXXXXXXX0XXXXXXXXXXXXXXXXXXXXXXXXXXXXXXXXX0XXXXXXXXXXXXXX0X0X0X0XXX0XXXXXX0XXX
0X0XXXXXXX0XXXXXXXXXXXXXXXXXXXXXXXXXXXXXXX0XXXXXXXXXXXXXXXXXXXXXXXXXXXX0XXXXXXXXX0XXX0XXXXXXX0XXXXXXXXXXXXXXXXXXXXXXXXXX


Generation 65/75  F=U(0.137471058911, 1.0)  N_hist=15600
------------------------------------------------------------------------------------------------------------------------
00X0X0000X0XXX0XXXXXXXXXXXXX0XXXXXXX0X0XXXXXXXXXX00XXXXXXXX0XX0X0XXXXXXXXXXXXXXXXXXXXXXX0XXX0XXXXXXX0XXXXXXXXXXXXXXXXXXX
XXXXXXXXXXXXXX0XXXXXXXX0XX0XXXXXXXXXXXXXXXXXX0XXXXXXXXXXXXXXXXXXXXXXXXXXXXXXXXXX0XXXXXXXXXXXXXXXXXXXXXXXXXXXXXXXXXXXXXXX


Generation 66/75  F=U(0.122349242431, 1.0)  N_hist=15840
------------------------------------------------------------------------------------------------------------------------
00X00XX0XXXXXXXXXXXXXXXXXXXXXXXX0XXXXXXXXXXXXXXXX0XX0XXXXXXXXXXX0XXX00XXXXX0+XXXX0XXXXXXX00XXXXXXXXXX0XXXXXX0X0XXXXXXXXX
XXXXXXXX0XX0XX0XX00XXXX0XXXXXXXX0XXXXXXX0XXXXXXX0XX0XXXX00XXXXXXXXXXXXX0XXXXXXXXXXXXXX000XXX0XXXXXXXXXXXXXXXXXXX0XXX0XXX
X


Generation 67/75  F=U(0.135562034719, 1.0)  N_hist=16080
------------------------------------------------------------------------------------------------------------------------
0XXXXXXXXXXXXXXXXXX0XXX0X0XXXXXXXXXXXXXXXXXXXXXXXXXXXXXXXXXX0XXX0XX0XXXXXXX0XXXX0XXXXXXXXXXXXXXXXXXXXXXXXXXXXXXXXXXXX0XX
XXXXXXX0XXXXXXX0X0X00XXXXXX0XXXXXXXXXX0XXXXXXXX00XX0X00XXXX0XXXXXXXXX0XXX00XXXXXXXXXXXXXXX0XXXXXXXXXXXXXXXXXXXXXXXXXXXXX


Generation 68/75  F=U(0.1206502109, 1.0)  N_hist=16320
------------------------------------------------------------------------------------------------------------------------
X00XX0XXX0X0XXXXXXXXXXXXXXXXXXXXXXXXXXXXXXXXXXXXXXXXXXXXXXXXX0XX0XX0XXXXXXXXXXXXXXXXXXXX0X0XX0XXXXXX0X00XXXXXXXXXXXXXXXX
XXXX0XXXXX0XXXX0XX0XXXXXXX0XX0XXXXXX0XXXX0XXX00XXXXXXXXXX0XX00XXXXXXXXXXXXXXXXXXXXXXXXXXXXXXXXXXXXXXXXXXXXXXXXXXXXXXXX0X


Generation 69/75  F=U(0.107378687701, 1.0)  N_hist=16559
------------------------------------------------------------------------------------------------------------------------
X0XXX000XXX0X00X0XXXXXX0XXXXXXXX00XXXXXXXXXXXXXXXXXX000XXXXXXXXXXXXXXXXX0X0XXXXXXXXXXXXX0XXXXXXXXXXXXXXXXX0XXXXXXXXXXXXX
0XXXXXXXXXXXX0XXXXXXXXXXXXX0XX0XX0XXX0XXXXXXXXXXXXXXXXXXXXXXXXXXXXXXXXXXX0XXXXXXXXXXX0XXXXXXXXXXXXXXXXXXXXXXXXXXXXXXXX0X


Generation 70/75  F=U(0.11897477337, 1.0)  N_hist=16799
------------------------------------------------------------------------------------------------------------------------
00X0X0X0XXXXXXXX0X0XXXXXXXXXXXXXXXX0XXX0XXXXXXXXXXXXXXXXXX0XX0XXXXXXXXXXXXXX0XXXXXXXX0XXXXXXX0X00XXXXX0XXXXXX0XX0XXXXXXX
X00XXXXXXXXXXXXXXXXXXXXXX0XXXXXXXXXXXXXXXXXX00XXXX0XXXXXXXXXXXXXX0X0XXXXXXXXXX00XXXX0XXXXXXXXXXXXX0XXXXXXXX0XX0XXXXXX00X


Generation 71/75  F=U(0.131823148536, 1.0)  N_hist=17039
------------------------------------------------------------------------------------------------------------------------
00X0XX0000X0X0XXXXXXXXXXXXXXXXXXXXXXXXXXXXXXXXXXXXXXXXXXXXXX0XXXXXXXXXXXXXXXXXXXXXXX0XX00+XXXXXXXXXXXXXXXXXXXXXX0XXXXXXX
XXXXXXXXXXXXXXXXXXXX00X0X0XXXXXXXX0XXXXXXX0XX0XXXXXXXXXXXXXXXXXX0XXXXXXXXXXXXXXXX0XX0XXXXXXXXXXXXXXXXXXX0XXXXX0XXXXXXXXX
0


Generation 72/75  F=U(0.146059050988, 1.0)  N_hist=17279
------------------------------------------------------------------------------------------------------------------------
XXX0XXX0X0XXXXXXXXXX0XXXXXXXXXXXX0XXXX0XXX0XXX0XXXXXXXXXXXXX0XXXX00X0XXXXXXXXXXXXXXXX0XXXXXXXXXX0XXXXXXXXXXXXXXXXXXXXX0X
XXX00X0XXXX0XXXXXXXXXX0XXXXXXXXXXXXXXXX0XXXX0XXXXX0XX0XXXXXXXXXXXXXXXXXXXXXXXXXX0XXXXXXXXXXXXXX0XXXXXXXXXXXXXXXXXXXXXXXX


Generation 73/75  F=U(0.161832323173, 1.0)  N_hist=17520
------------------------------------------------------------------------------------------------------------------------
00X00XX00XXXXXXXXX0XXXXXX0XXXXXXXXX0XXX0XX0XXXXXXXXXX0XXXXXXXXXXXXXXXXXXXX00XXXXX00XXXXXXXXXXXXXXXXXXXXXXXXXXXXXX00XXXXX
XXXXXXXXXX0XXXXXXXXXXXXXXXXXXXXXXX0XX0XXX0XXXXXXXXXXXXXXX0XXXXXXXXXXXXXXXXXXXXXXX0XXX0X0XXXXXXXXXXXXXXXXXXXXXXXXXXXXXXXX


Generation 74/75  F=U(0.179308989388, 1.0)  N_hist=17760
------------------------------------------------------------------------------------------------------------------------
000X0XXXX000XXXXXXXXXXXXXXX0XXXXXXXX0XXXXXXXXXXXXXXXXXX0+XXXXXXX0X0XXXXXXXXX0XX0XXXXXXXXXXX0XXX0XXXXXXX0X000XXXXXXXXXXXX
XXXXXXXXXX0XXXXX0XXXX000XXXXXXXXX0XXX0XXX0XXXXX0XX0XX0XXXXXX0X0X0XXXXXXXXXXXXXXXXXXXXXXXXX0XXXXXXXXXXXXXXXXXXXXXXXXXXXXX
X


Generation 75/75  F=U(0.198673003296, 1.0)  N_hist=18000
------------------------------------------------------------------------------------------------------------------------
00X0X0XXXXXX0X0XXXXXXXXXXXX0XXXXXXXXXX0XXXXXXXXXXXXX00X00XXXXXXXXX00XXXXXXXXXXXXX0XXXXXXXXXXX0XXXXXX0XXXXXXXXXXXXX00X0XX
0XXXXX000XXXXXXXXXXXX0XX0XXXXXXXXXXXXXXXXXXXXXXXXXXX0XXXXXXX0XXXXXXX0XXXXXXXXXXXXXXX0XXXXXXXXXXXXXXXXX0XXXXXXXXXXXXXXXXX


Maximum number of iterations reached.

SSE=15.742 on eval 18240: L=2.65598e+08 b=0.324027* r=0.443122 rf=0.898563 t0=61.8152 th=14.2657


Shutting down DE...
DE shutdown complete.

Final population:
Population: 240 individuals with SSE 15.742 to 15.81, avg eval time 0.0359 sec. Top 7:

        SSE |     15.742       15.743       15.743       15.743       15.744       15.744       15.744  
------------------------------------------------------------------------------------------------------------------------
          L |  2.656e+08   1.6326e+08   2.8726e+08   2.7378e+08   3.2234e+08** 1.5146e+08   2.0306e+08  
          b |    0.32403*     0.68724*       1.344*      1.4414*      3.6167      0.71981*      3.2242  
          r |    0.44312      0.43742      0.44619      0.45476      0.43902      0.46174      0.43926  
         rf |    0.89856      0.88366      0.89892      0.90086      0.89203      0.90729      0.89035  
         t0 |     61.815        61.82        61.72       61.455       61.883        61.26       61.817  
         th |     14.266       13.659       14.274       14.455       13.957       14.881       13.975  
------------------------------------------------------------------------------------------------------------------------
Best individual:
<SSE=15.7421 L=2.65598e+08 b=0.324027* r=0.443122 rf=0.898563 t0=61.8152 th=14.2657>


Elapsed time: 234.64 seconds

Saved final population of best parameter combinations to covid19.dat
Shutting down...
Task Queue is shut down
Goodbye
