Decompressing and parsing covid19.csv.bz2...
Cumulative and new cases reported thus far for US
------------------------------------------------------------------------------------------------------------------------
000	01/22	1	0
001	01/23	1	0
002	01/24	2	1
003	01/25	2	0
004	01/26	5	3
005	01/27	5	0
006	01/28	5	0
007	01/29	5	0
008	01/30	5	0
009	01/31	7	2
010	02/01	8	1
011	02/02	8	0
012	02/03	11	3
013	02/04	11	0
014	02/05	11	0
015	02/06	11	0
016	02/07	11	0
017	02/08	11	0
018	02/09	11	0
019	02/10	11	0
020	02/11	12	1
021	02/12	12	0
022	02/13	13	1
023	02/14	13	0
024	02/15	13	0
025	02/16	13	0
026	02/17	13	0
027	02/18	13	0
028	02/19	13	0
029	02/20	13	0
030	02/21	15	2
031	02/22	15	0
032	02/23	15	0
033	02/24	51	36
034	02/25	51	0
035	02/26	57	6
036	02/27	58	1
037	02/28	60	2
038	02/29	68	8
039	03/01	74	6
040	03/02	98	24
041	03/03	118	20
042	03/04	149	31
043	03/05	217	68
044	03/06	262	45
045	03/07	402	140
046	03/08	518	116
047	03/09	583	65
048	03/10	959	376
049	03/11	1281	322
050	03/12	1663	382
051	03/13	2179	516
052	03/14	2727	548
053	03/15	3499	772
054	03/16	4632	1133
055	03/17	6421	1789
056	03/18	7783	1362
057	03/19	13677	5894
058	03/20	19100	5423
059	03/21	25489	6389
060	03/22	33276	7787
061	03/23	43847	10571
062	03/24	53740	9893
063	03/25	65778	12038
064	03/26	83836	18058
065	03/27	101657	17821
066	03/28	121478	19821
067	03/29	140886	19408
068	03/30	161807	20921
069	03/31	188172	26365
070	04/01	213372	25200
071	04/02	243453	30081

Initializing 180 population members having 6 parameters
------------------------------------------------------------------------------------------------------------------------

SSE=25.451 on eval 1: L=1.22495e+07* b=2.90802 r=0.352494 rf=0.779391 t0=62.3931 th=8.52837

*3

SSE=22.706 on eval 3: L=6.42001e+06* b=3.77498 r=0.397921 rf=0.788838 t0=62.3506 th=7.31982

!33

SSE=20.951 on eval 6: L=7.79012e+07 b=0.355002* r=0.347631 rf=0.761817 t0=62.5725 th=8.16378

!2

SSE=13.444 on eval 8: L=1.39846e+08 b=1.48101 r=0.358915 rf=0.654319 t0=62.3584 th=5.21763

!311511301335151!01232112212624113423211221122213322123111117122241311133021311312111!2124413313123223

SSE=13.157 on eval 110: L=1.04466e+08 b=8.87501 r=0.37356 rf=0.742611 t0=62.6075 th=8.65945

!2111133322
826331141121221112121232123112211345322212323215352223323211

Population: 180 individuals with SSE 13.157 to 108.1, avg eval time 0.765 sec. Top 7:

        SSE |     13.157       13.229       13.245       13.335       13.376       13.444       13.482  
------------------------------------------------------------------------------------------------------------------------
          L | 1.0447e+08   1.5146e+08   2.0933e+08   2.1831e+08   2.2984e+08   1.3985e+08   1.2615e+08  
          b |      8.875       4.5087       7.7819       5.5521       5.3264        1.481       6.4931  
          r |    0.37356      0.33288      0.36488      0.33616      0.36518      0.35892       0.3643  
         rf |    0.74261      0.68078      0.69276      0.70456      0.69064      0.65432      0.71722  
         t0 |     62.608       63.854       62.297       63.649       62.858       62.358       63.146  
         th |     8.6594       6.1764       7.5525       7.7794       6.6772       5.2176        6.618  
------------------------------------------------------------------------------------------------------------------------
Best individual:
<SSE=13.1568 L=1.04466e+08 b=8.87501 r=0.37356 rf=0.742611 t0=62.6075 th=8.65945>


Population: 180 individuals with SSE 13.157 to 108.1, avg eval time 0.765 sec. Top 7:

        SSE |     13.157       13.229       13.245       13.335       13.376       13.444       13.482  
------------------------------------------------------------------------------------------------------------------------
          L | 1.0447e+08   1.5146e+08   2.0933e+08   2.1831e+08   2.2984e+08   1.3985e+08   1.2615e+08  
          b |      8.875       4.5087       7.7819       5.5521       5.3264        1.481       6.4931  
          r |    0.37356      0.33288      0.36488      0.33616      0.36518      0.35892       0.3643  
         rf |    0.74261      0.68078      0.69276      0.70456      0.69064      0.65432      0.71722  
         t0 |     62.608       63.854       62.297       63.649       62.858       62.358       63.146  
         th |     8.6594       6.1764       7.5525       7.7794       6.6772       5.2176        6.618  
------------------------------------------------------------------------------------------------------------------------
Best individual:
<SSE=13.1568 L=1.04466e+08 b=8.87501 r=0.37356 rf=0.742611 t0=62.6075 th=8.65945>

Performing DE with CR=0.8, F=U(0.5, 1.0), DE/rand-1.00/1/bin
------------------------------------------------------------------------------------------------------------------------
Press the 'Enter' key to abort.



Generation 1/100  F=U(0.5, 1.0)  N_hist=180
------------------------------------------------------------------------------------------------------------------------
12X211X2XX3XXXXX3XXXXXX1122XXXXXXXXXX24213X11X22X2X222X2111123X1X1023XX0X11X3X1X213XXXXX1XX2XX2X12X2227+X1XXXX1X1X11X1XX
1XX3X215XXXX2122X23X22XX21XX1X211X1XX211XX42X2X1XX13124242XXX


Generation 2/100  F=U(0.5, 1.0)  N_hist=360
------------------------------------------------------------------------------------------------------------------------
X12X32X0XX12X24XXXXX221XXXXX1XXX21XX1X2XXXXXXX41XXXXXXXX2XXXXX1XXXX11XXXX11X22021XX2XX1X1XX2X12X111X1111XXXXXXX210XX3121
220XX1X1X111X1XXX1011XX112XX221X1XXXXXXXXXX2X11X1XXX2XXXXXX1


Generation 3/100  F=U(0.5, 1.0)  N_hist=540
------------------------------------------------------------------------------------------------------------------------
12XX1XXX11XX11XX11XXXXX1111X11XXX11XX1XXXXX1XX111XX2XX11X1XXXXXXXXXXXX2XX1X1XX22XXXXXXXXX0XXX1111X2X0XX1011X11XXXXXXXX1X
X2X1X1XX11+XXXX1XX1XX11X1XXXXXX1XXXXXXX2XXX211XX1X11X1X1XX1XX


Generation 4/100  F=U(0.5, 1.0)  N_hist=720
------------------------------------------------------------------------------------------------------------------------
XXXXXXX111+XXXX1X1X1XXX0XXXXXXX1XXX10XXX11XXX1X111XXXXXXX1XX1XXXX0XXX01X11XXXXX1XXXXX1X11XX1XXX1XX1XXXXXXXXXXXX1XX1X1X10
X1X1XXXXXX2XX1X11XXX1X2XX1XXXXX1XXX11X111XX11XXX2X2XXX11X11XX


Generation 5/100  F=U(0.5, 1.0)  N_hist=900
------------------------------------------------------------------------------------------------------------------------
1XX11X1XXXXXXXXXXXX0XX11X1XXXX1XXX1XX1XXXXXX1XXX1XXX1X1X11XXXXXXX1XXXX01XXXX1XXX1XXX1XX01XXXXX1X1XX1XX11X1XXXXXXXXX1XXXX
01101XXX1XX1XXXXXXXX1XXX1XX1XXXX1X01X1XXXXXX11X11XX1XXX1XXX1


Generation 6/100  F=U(0.5, 1.0)  N_hist=1080
------------------------------------------------------------------------------------------------------------------------
X0XXXXXXXXXXXX1XXXXXXXXX1XX1X0X1X1XX10XXXXX11XXXX1XXX0X1+XXXX1XXXXXX1XXXXXXXX1X1XX0XXXX1XXX0XXXX1XXXXXXXXXXXX1X0XX10XXXX
1XXX1XXX1XXXXX11X1XXXXXX10XXXX111XX0XXXXX11XX0XXXX1X1XXXXXXXX


Generation 7/100  F=U(0.5, 1.0)  N_hist=1260
------------------------------------------------------------------------------------------------------------------------
XXXX1X10XXXXXXXXXXXXXXXX1XX1X1XXXXXXXXXX0XXXXXXXX11XX101XXXXX00XX1XXXXXXXXXXXXXXXXXXXXXXXXX1XX1XXX1XX1XXXXXX01XX0XXX1XXX
X100X0XX0XXXXXXXXXXXXXXXXXX1XXXXXXXXX1XX1XXX1XX01XXXXXXX1+XX1


Generation 8/100  F=U(0.5, 1.0)  N_hist=1440
------------------------------------------------------------------------------------------------------------------------
XX1XXXXXXXXXXXX1XXXXXXXXXXX0X0XX1XXXX1XX10XXX01XX1XXX1XX11XX111X00XX11XX11XXXXXXXXXXXXXXXXXXX1

SSE=12.881 on eval 1545: L=2.59207e+08 b=1.24241 r=0.36205 rf=0.700912 t0=62.5981 th=7.08805

+1110XX0X0XXXXXXXX11XX1X1X
1001X0XXX1XXXX1XXXXXXXXXX0XX01XXXXXXXXXXXXX1XXXXXX1XXXXXXXXX1


Generation 9/100  F=U(0.5, 1.0)  N_hist=1619
------------------------------------------------------------------------------------------------------------------------
01X0XX0XXX1X1X1XXXXXXXX0XXXXXXXXXXXX1XXXXXXXXXXXXXXX1X101XXXXXXXXXXXXXXXXXXXXXXXXXXXXXXXXX1X0X1XXXXXXX010XXXXX0XX1XXXXXX
XXXXXXXXX1XXXXX0X0X1XXXXXXXX0X1XXXXXXXXXXXXXXXXXXXXXXXXXXXXX


Generation 10/100  F=U(0.5, 1.0)  N_hist=1800
------------------------------------------------------------------------------------------------------------------------
000010X1X1X1XXXXXXXXXXXXXXXXXXXXX01XXXXXXXXX1X1XXX01XXX0XX1XXXXXXX1XXXXXXXXXX0XXXXXX0XX1X0X0110X0X1XX1XX1XX1XXXXXXXXXXXX
XXXX11XXXXXXXX11XXXXXXXXXXXXX01X01X0XXXXXX1XX0XXXXXXXXX0XXXX


Generation 11/100  F=U(0.5, 1.0)  N_hist=1980
------------------------------------------------------------------------------------------------------------------------
0X0100XXXXXXX01XX0X1XX0X0XXXXXXXXXXXXXXXXX0XXX000XXXXX1XXXXXXXX0XXXX0XXXXXXXXXXXX10X00XX00XXXXX00XXXXXXX0XXX0XXX0XXXXXXX
XX0XXXXXXXX0XXXXXXXXXXXXXXX0XXXXXXXXXXXXXXXXXX1XXXXXXXXXXXXX


Generation 12/100  F=U(0.5, 1.0)  N_hist=2160
------------------------------------------------------------------------------------------------------------------------
01X1+XXXXXXXXXXXXXXXXXXXXXX00XXXXXX0XXXXXX1X011XXXXXXXXXXXXXXXXXXX1XXX1000XXXXXXXX0XXXXXXXXXXXX1XXXXXX1XXXXXXXXXXXXXXXXX
0X1X1XXXXX1XXXXXXXXXXXXXXXXX1XXXXXXXXXXXXX0XXXXXXXXXXX1XXXXXX


Generation 13/100  F=U(0.5, 1.0)  N_hist=2340
------------------------------------------------------------------------------------------------------------------------
110X00010XXX0XXXXXXXXXXXXXXXXXXX1XXXXXXXXXXXXXXXXXXXXXXXX0X0XXX0X01XXXXXXXXX1XXXXXXXXXXXXXX0XXX0XXXXXXXXXX1XXXX00XXXXXXX
XXX0XXXXXXXXXXXXX0XXXXXXXXXXXXXXXXXXXXXXXXX0XXXX0XXXXXXXXX0X


Generation 14/100  F=U(0.5, 1.0)  N_hist=2520
------------------------------------------------------------------------------------------------------------------------
X1XXXX01XXXXXX0X0XXXXX0XX0XXXX1XXXX1XXXXXXXXX1XX0XXXXXXXX0XXXXXX01XXXXXXXX0XX0XX0XXXX0XXXXX001X00XXXXXXX0XXXXXXXX1XX1XX0
X0XXXXXXXXXXX0X0XXXX0XXXXXXXXXXXX01XXXXX0XXXXXXXXXXXXXXXXXXX


Generation 15/100  F=U(0.5, 1.0)  N_hist=2700
------------------------------------------------------------------------------------------------------------------------
XXX00XXXXX00XXXXXXXXXXXXXX0XX0XXXXXXXXXXXXXXXX0XXXXXXXXXXXXXXXXXXXXXXXXXXX0XXXXXX0X1XXXX0XXXXXXXXXXX1XXXXXXXXXX1X0XXXXXX
0XXXXXXX0XXXXXXXXXXXXXXXXXXXXXXXX0X0XXXXXXXXXXXXXXXXX1XXXXXX


Generation 16/100  F=U(0.5, 1.0)  N_hist=2880
------------------------------------------------------------------------------------------------------------------------
00X1000XXXXXXX0X00XXXXX0XXXXXXXXXXXXXX0XXXXXXXXXXXXX000X1XXXXX01X01X1XXXXXXXXXXX00XXXXXXXXXXXXXXXXXXX0XXXXXXXXXXXXXXXXXX
XXXXX00X00XX00XXXXXXXXXXXX00XX10X0XXXXX0XXXX00XXXXXXXXXXXXXX


Generation 17/100  F=U(0.5, 1.0)  N_hist=3060
------------------------------------------------------------------------------------------------------------------------
0X0X10XXXXX0XXXXXXXXXXXXXXXXXXXXXXXX0X010X01XXXX0XXXXXXXX000XXXXXXXXXXXXXXX0XX1+0X0XXXXXXX0XXXX0XXXXX1X0XXXXXXXXXXXXXXXX
XX00XXXXXXXX00X0XXXXX0XXXXXXXXXXXXXXXX0XXXXXXXXXXXXXXXXXXXXXX


Generation 18/100  F=U(0.5, 1.0)  N_hist=3240
------------------------------------------------------------------------------------------------------------------------
00X000X0X0XX0X001XXX0+X1XXXXXXXX0XXX0XXXXXXXXXXXXXXX0X000XXXX0XXXXXXXXXXXXXXXXXXX0XXX0X0XXX0XXXXXXXXX1XXXXXXXXXXXXXXXXX0
XX0XXXX0XXXXXXXX0XXXXXXXXXXXX0XXX0XX00XXXXXXXXXXX0000XXXXXXXX


Generation 19/100  F=U(0.5, 1.0)  N_hist=3420
------------------------------------------------------------------------------------------------------------------------
00X00XX100XXXXXXXX0XX0XX00XXXXX0XXXXXXXXXXXXXXX0XXXXXX0XX00XXXXXXXXXXXXXXXXX0001XXX0XXXXXXXXXXXXXXXXXXXXXX0XX0XXXXXXX0XX
XXX0XXXXXX0X0XXXXXXXXXX0X00XXXXXXXXXXXXXXXXXXXXXXXXXXXXXXXXX


Generation 20/100  F=U(0.5, 1.0)  N_hist=3600
------------------------------------------------------------------------------------------------------------------------
000X0XX00+0XXXX0XXXXXXXXXXXXXXXXXXXXXX00XXXXX00XXXXXXXXXXXXXXXXXXXXXX0XXXXXX1X0X00X00XXXXXXXXX0XXXXXX00XXXXXXXXXXXXXXXXX
0XXXXXXXXX0XXXXXXXX0XXXXXXXX0XXXXXXXXXXXX00XXXXXXXXXX0XX0XXXX


Generation 21/100  F=U(0.5, 1.0)  N_hist=3780
------------------------------------------------------------------------------------------------------------------------
00XX00X00X100XXXX0XXXXXXXXXXXXXXXXX0XXXXX0X0XXXXXXXXXXXXXXX0XXX0XXXXXXXXXXXXXXXXXXXXXXXX0XXX1XXXXXXXXXXXXXXXXXX00X00XXXX
XXXXXXX0XXXXXXX0X00XXXXXXXXX0XX0XXXXXXXXXXXXXX0XXXXXXXXXXXXX


Generation 22/100  F=U(0.5, 1.0)  N_hist=3960
------------------------------------------------------------------------------------------------------------------------
01X0XX000X00XXXXXXXXXXXX0XXXXXXX0XXXXXXXXXXXXXXXXXXXXXXXXXXXXXXXXXXXXXXXX0X00XX0XXXXXXX0XXXXXXX0XXXXXXXXXXX0XXXXXXXXXX0X
XXXX0XXX0XXXXXXXXXXXXXXX000XXX0XXXXXXX0X0+X0XXXXXXXXXXXXXXXXX


Generation 23/100  F=U(0.5, 1.0)  N_hist=4140
------------------------------------------------------------------------------------------------------------------------
XX00X0XXXXXXXXXXXX0XXXXXXXX0XXXXXXXXXXXX0X0XXXXXXXXXXX0XXX0XXXXXXXXXXXXXXX0X0X00XXXXXXXXX0XXXXXXXXXXXX000XXXXXXXXXXXX0XX
XXXXXXXXXXXXXXXXXXX00XXXX00XXX0XXXXXXXXXX0XXXXXXXX0XXXXXXXXX


Generation 24/100  F=U(0.5, 1.0)  N_hist=4319
------------------------------------------------------------------------------------------------------------------------
000X00X0XX0XXXXXXXXXX0XX0XXXXXXXX100XXXX0XXXXXXXXX0X0XXXX0X00XXXX0XXXXX0XX0X0XXXXXXXXXXXXXXX00XXXXXXX0XXXXXXX0XXXXX0XXXX
XXX0XXXXXX0XXXXXXXXX0XXX0XXXXXXX0XXXXXXX0XXXXX0XXXXXXXXXXXXX


Generation 25/100  F=U(0.5, 1.0)  N_hist=4500
------------------------------------------------------------------------------------------------------------------------
0X0XXXXXXXXX000XX0XXXXXXX00+XXXXXXXXXXXXXXXX0XX0+XX0XXXXX0X0X00XXXXXXXXXXXXXXXXXXXXXXX0XXXXXXXX0XXXXXXXX0XXX0XXXXXXXXXXX
X0XXX0XXXXXXXXXXXXXXXXXXXXXXXXXXXXXXXXXXXXXXXXXXXXXXXXXXXXXXXX


Generation 26/100  F=U(0.5, 1.0)  N_hist=4680
------------------------------------------------------------------------------------------------------------------------
0X00X00X0X0XXXXXXXXXXXXXXXX0XX000XXXXXXXXXXXX0X0XXXXXXXXXXXXX0XXXXXXXXXXXXXXXX000XXXX0XXXX000XXXXXXXXX0XXXX0XXXXX0XXXXXX
XXX000XXXXXXXXXXXXXXX0XX0XXXXXXXXXXX0XXXX0X0XXXXXX0XXXXXX0XX


Generation 27/100  F=U(0.5, 1.0)  N_hist=4859
------------------------------------------------------------------------------------------------------------------------
X0XXXXXXXXXXXXXXXXXXXXXXXXXXXX0XXXXX000XXX0XXXXXXXXXXXXXXXXXX0XXXXXXXXXXXXXX0XXXXXXXXX0XXXXXXX0XXXXXXXXXXXXXXXXXX0XXXXXX
XXXXXXXXXXX0XXXXXXX00X0XXXXXXX00XXX0XXXXXXXXXXXXXXXXXXXXXXXX


Generation 28/100  F=U(0.5, 1.0)  N_hist=5040
------------------------------------------------------------------------------------------------------------------------
00X00X0XX0XX00XXXXXXXXX0XXXXXXXXXXXXX0XXXXXXX000XXXXXXXXXXXXXXXXXXXXXXXXXXXXXXXXXXXXXXXXXXX0X00XX00XXXXXX0XXXXXX0X0XXXXX
XXXXXXXXXXXXXXXXXXXXXXXXXXXXXXXXXXXXXXXXXXXXX0XXXXXXXXXXXXXX


Generation 29/100  F=U(0.5, 1.0)  N_hist=5220
------------------------------------------------------------------------------------------------------------------------
0+XXXXXX0X0XXX0XXXXXXXXXX0XXXXXXXXXXXXXXXXXXXX0XXXXX0XX0XXX0XX000XXXXX000XXX0XXXXX0XXX0XXXXXXXXXXXXXXXXX0XXXXXXX00X0XXXX
XXXXXXXXXXXXXXX0XXX0XXXXXXXXXXXXXXXXX0XXXXXXXXXX0XXX0X000XXXX


Generation 30/100  F=U(0.5, 1.0)  N_hist=5399
------------------------------------------------------------------------------------------------------------------------
00XX000XX00XXXXX0X00XXXXXXXXXXXX0XXXXXXX0XXXXXXXXXXXXXXXXXXX0XXXXXXXX0XXXXXXX0X0XXXXXXXXXXXXXXXXXXXX00XXXXXXXXXXXXXXXXXX
XXXXX00XXXXXXXXXXXXX0XX0XXX0X0XXXXXXXXXXXXXXXXXXXXXX0XXXX0X0


Generation 31/100  F=U(0.445, 1.0)  N_hist=5578
------------------------------------------------------------------------------------------------------------------------
00XXX0XXXXXXXXXXXXXXXXXXXXXXXXXXXXXXXXXXXXXXXXXXXXXXXXXXXXX00XXXXXXXXXXXXXXXX0XXXXXXXXX0XXXX0XXXXXXX0XXX000XX0X00XXXXXXX
0XXXXXXXXXXXXXXXXXXXXXXXXXXXXXXX0XX0XXXXXXX00XXXXXXXXXXXXX0X


Generation 32/100  F=U(0.493056632402, 1.0)  N_hist=5760
------------------------------------------------------------------------------------------------------------------------
00XXXXXXXXXXXXXXXX0XXXXXXXXXXXXXXXXXXXXXXX0XXXXXX0XXXXXXXXX0XXXXXXXXXXXXXXXXXXXXXXXXXXX0X0XXX0XXXXX0XXXX0XXXXXXXXXXX0X00
XXXXXXXX0XXXXXXXXXXXX0XX00XXXXXXXXX0XXXXXXXXXXXXXXXXXXXXX0XX


Generation 33/100  F=U(0.438820402838, 1.0)  N_hist=5939
------------------------------------------------------------------------------------------------------------------------
XXX000XXXXXX000X0XX0XXXX0XXXX0XXXXXXXX0XX00XXXXX0XXX0XXXXXXXXXXXXXXXX0XXX0XXXXXXXXXXXXXXXXXXXXXXXXXXXXXXXXXXXXXXXXXXXXXX
XX00XXXXXX00XX0XX00XXXXXXX0XXXXXXXXXXXXXXXXXXXXXXXXXXXXXXXXX


Generation 34/100  F=U(0.390550158526, 1.0)  N_hist=6120
------------------------------------------------------------------------------------------------------------------------
0XXXX00XX000X0XXXXX00XXXXXXXXXXXXX00XXXXXXXXXXXX0XXX0XX0XXXXXXXXXXXXXXXXXXXX0XXXXXXXXX0XX0XXX0XXXXXXXXXXXXX00XXX0XXXXXX0
XXXXXXXXXXXXXXXXX00X00X00XXXXXXXXXXXXXXXXX0XXX0X0XXXXXXXXXXX


Generation 35/100  F=U(0.432726620105, 1.0)  N_hist=6300
------------------------------------------------------------------------------------------------------------------------
0X0XXXXX0XXXXXXXXXXXXX0X0XX0XXXXXXXXX0XXX0XXXXXXX0XX0XXXXXXXXXXX000XXXXXXXXXXXXXXXXXXXXX0XXXXXXXXXXXX0XXXXXXX0XXXXXX00XX
XXXXXXXXXXXXX0XX00XXXXXXXXXXXXXXXX0XXXXXXXXXXXXXXX0XXXXXXXXX


Generation 36/100  F=U(0.385126691893, 1.0)  N_hist=6480
------------------------------------------------------------------------------------------------------------------------
X00XXXXXXXXXXX0XX0XXXXX0XXXXXXXXXXXXXX0XXXXXX0XXXXXXXXXXXXXXXXXXX000X0XXX0XXXXXXXXXXXXXXXX00X0XXXXXXXXX00XXXXXXXX0XX0XXX
XXXXX0X0XXXXXXXXXXX00X0XXXXXXXX0XXXXXXX00XXXXXXXX0XXXXXXXXXX


Generation 37/100  F=U(0.426717460119, 1.0)  N_hist=6660
------------------------------------------------------------------------------------------------------------------------
000X00X0XX00XXX0XXXXX0XXXXXXXXX0XXXXXXXXXXX00XXX0XXXXXXXXXXXXXXX00XXXXXXXXXXXXXXXXX00XXXXXXXXXXXXXXX00X0XXXXXXXXXX0XXXXX
XXXXXXXXXXXXXXXXXX0XXXXXXXXX0XXXXXX0XXXXXX000XXXXXXXXXXXX0XX


Generation 38/100  F=U(0.472799716569, 1.0)  N_hist=6840
------------------------------------------------------------------------------------------------------------------------
X00XXX0XXX0XX0XXXXXXX0XXXXXXXXXXXXXX0XXXXXX00XXXX0XXXXXXXXXXXXX0XXXXXXXXXX0XXXXXX0XXXX0XXXXXXXXXXXX00XXXXXXXXXXXXXXXXXXX
XXXXXXXXXXXXXXXXX000XXXXX00XXXXXXXXX0XXXXXXXXXXXX0XXXXXX0XXX


Generation 39/100  F=U(0.5, 1.0)  N_hist=7019
------------------------------------------------------------------------------------------------------------------------
X0XX0XXX0XXXXX0XXXXXXXXXXXXXXXXXXXXXXXXXXXXXXXXXXXXXX00X0X0XX0XXXXXXXXXXXXXXXXXX0XXXXXXXXXXX0XXXXXXXXXXXXXXXX0XXXXXXXXXX
XXX0XXXXXXXX0X0XX0XXXXXXXXXXXXXXXXXXXXXXXX0XXXXXXXXXXXXXX0X0


Generation 40/100  F=U(0.5, 1.0)  N_hist=7198
------------------------------------------------------------------------------------------------------------------------
00XX0000XXXXXXXXXXXXX0XXXXX0XX0XXXXXXXXXXXXX0XXXXXXXXXXXXXXXXXXXXXX0XXX00XXXXXX0XX00XXXXXXXXXXXX0XXXXXXXXXXXXXXXXXXXX00X
0XXXXXXXXXXX0XXXXXXXXXXXXX0XXX0XXXXX0XXXXXXXXXXXXXXXXXXXXXXX


Generation 41/100  F=U(0.5, 1.0)  N_hist=7380
------------------------------------------------------------------------------------------------------------------------
000XXXXXXXXXXXXXXXXXXXXXXXXXXXXXXX00XXX0XXX0X0XXXX0XXXXXXXX00X0XXXXX0000XX000X0XX00XXXXXX0XXXXXXXXXXXXXXX0XXXXXXXXXXXXXX
XXXXXXXXXXX0XXXXXXXXXXXXXXXXXXXXXXX0XXXXX0X0XXXXXXXXXXXXXX0X


Generation 42/100  F=U(0.5, 1.0)  N_hist=7560
------------------------------------------------------------------------------------------------------------------------
XX0XXXXXXXXX0X0XXXXXXXXXXXXXX0X0XXXXXX0XXXXXX0X0XXXXXXXXXX0XXXXXXXXXXXX0X0XXX0XXXXXXXXXXXXXXXXXXXXXXXXXXXXXXX0X0XXX0XXXX
XXXXXXXXXXXXXX0XXXXXXXX0X0XXXXXXXXXXXXXXXXXX0XXXXXXXXXXXXXXX


Generation 43/100  F=U(0.445, 1.0)  N_hist=7740
------------------------------------------------------------------------------------------------------------------------
0000XXX00XXXX00XXXXXXXX0XX00XXXXXXXXXXXXX0XXXXXXXXX0XXXXXXXXXXXX0XXXXXXXXXXX00+0XXX00XXXXXXXXXXXXXXXX0XXX0XXXXXXXXXXXXXX
XXXXXXX0XXXXXXXXXXXXXXXXXXXXXXXXXXXXXXX00XXXXXXXXXXXXXXXXXXXX


Generation 44/100  F=U(0.493056632402, 1.0)  N_hist=7920
------------------------------------------------------------------------------------------------------------------------
0XXX0XXXXXXXX0X0XXXXXXXXXXX0XXXXXXXXXXXXXXXXX0XXXX00XXXXXXXXXXXXXXXXXXXXXXXXXXXXXXXXXXX0XXXXXXXX0X0XXXXXXXXXXXXXXXXXXXXX
XXX0XXXXXXXXXXXXXXXXXXXXXXXXXXXXXXXXX0XXXXXXXXXXXXXXXXXXXXXX


Generation 45/100  F=U(0.438820402838, 1.0)  N_hist=8100
------------------------------------------------------------------------------------------------------------------------
0X0X0XXXXXXX0X0XXXX00XXXX0XXXXXXXXXXXX0X0X0XX0000XX0XXXXXXXX0XXXXXXXXXXXX0XXXX0XXXXXXXXXXXXXXXXX0XX0XXXXXXXXXX00X0XXXXXX
XX00XXXXXXXXXXXXXXXXXXX0X0XXXXX00XXXXXXXXXX0XXX0X0XXXXXXXXXX


Generation 46/100  F=U(0.486209685511, 1.0)  N_hist=8280
------------------------------------------------------------------------------------------------------------------------
00XXXXXXXX0XXXXXXXXXXXXXXXXXX000XXXXXX0XXX0XXXXXXXXXX0XXXXXX0XXXXXXXXXX0XXXXX0XXXXXXXXX0X0XXXXX0XXXXXXXXXXXXX000XX0XXXXX
XXXXXXXXX0XXXXXXXXXXX0XXXXXXXXXXXXXXXXXXXX0000XXXXXXXXXXX0XX


Generation 47/100  F=U(0.5, 1.0)  N_hist=8459
------------------------------------------------------------------------------------------------------------------------
00XX0XXXXXXXXXXXXXXXXX0XXXXXXXXXXXXXXXX0XXXXXX000XXXXXX000XXXXXXXXXXXXXXX0XXXXXXXXXXXXXXXXXXXXXXXXXXXXXX00XXXXXXXXXXXXXX
XX00XXXXX0XXXXXXX0XXXXXXXXXXXXXXX00XX0X0XXXXXXXXXXXXXXXXXXXX


Generation 48/100  F=U(0.445, 1.0)  N_hist=8640
------------------------------------------------------------------------------------------------------------------------
0X0XXXXX0XXX0XXXXXXXXXXX0XXXXXXXXXXXXXXXX0X00XXXXXXXXXXXXXXXXXXX0XXXXXX0X0XXXXXXX00XXXX0XXXXX0XXXXXXXXXX0X0XX0XXXX0XXX0X
0XXXXXXX0XXXXXXXXXXXXXXXXXXXXXXXXX0X0XX0XX0XXXXXXXXXXXXXXXX0


Generation 49/100  F=U(0.493056632402, 1.0)  N_hist=8819
------------------------------------------------------------------------------------------------------------------------
00XXXXXXX0XXXXXXXXXXXXXXXXXXXXX0XXXXX000XXX0XXXXXXXXXXXXXXXXX0XXX00X000XXX0XXX0XXX0XXXXXXXXXXXXXXXXXX0000XXXXXXXXXXX0XXX
XX000X0XXXXXXXXXXXXXX0XXX0+XXXX0XXXXX0XXXXXXXXXXXXXXXXXXXXXXX


Generation 50/100  F=U(0.5, 1.0)  N_hist=9000
------------------------------------------------------------------------------------------------------------------------
0XXXXXXXXXXXXXX0XXXXXXX0XXXXXXXX0XXXXXXXXXXXX0XXXXXX0XXXXXX0XX0XXXXXXXXXXXXXXX0XXXXXXXXXXXX0XXXXXXXXXXXXXXXXXXXX0XXXXXXX
X0XXXXX00XX0XXXXX0XXX0XXXXXXXXXX0XXXXXXXXXXXXXX0XXXXXXXXXXXX


Generation 51/100  F=U(0.5, 1.0)  N_hist=9180
------------------------------------------------------------------------------------------------------------------------
00000XX00X0XXXXXXXXXXXXXXXXX0XXXXXXXXXXX0XXXXXXXXXXXX0XXXXX0X0XXXXXXXXXXXXXXXXXXXXXXXXXXX0XXXXXXXXXXXX0X00XXXXXXXXXXX00X
XXXXX0XXXXXXXXXXXXXXXXXXXXXXXXXXXXXXXXXXXXXXXXXXXXXXXXXXXXXX


Generation 52/100  F=U(0.5, 1.0)  N_hist=9360
------------------------------------------------------------------------------------------------------------------------
00X0XXXXXXXXXXXXXXXXXXXX0XXXX000XXX0XXXX0XXXXXXXXXXXXXX00XX0XXXXXXXXXXXXXXXX00XXX0000XXXXXXXXXXXX0X0X00XXXXXXXXXXX0X0X0X
XXXXXXXXXXXXXXXXXXXXXX00XX0XXXXXX0XXXXXXXX0XXXXXXXXXXXXXXXXX


Generation 53/100  F=U(0.5, 1.0)  N_hist=9540
------------------------------------------------------------------------------------------------------------------------
00X00XX00XXXXX0XXX00XXXXXXXXX0X0XXXXXXXXXXXXXXXXXXXX0XXXXXXXXXXXXXXXXXXXXX0XXX0X0X0XX0XXXX0XXXXXXXXXXXXXXX0XXXXXX0XXXXXX
X0XXXXXXXXXXXXXXXXXXX0XXXXXXXXXXXXXXX0XXXXXXXXXXXXXXXXXXXXXX


Generation 54/100  F=U(0.5, 1.0)  N_hist=9720
------------------------------------------------------------------------------------------------------------------------
0X0XX0XXX00XXXXXXXXXXXXXXXXXXXXXXXXXXX0XXXXXXXXXXXXXX0X0X0XXXXXXXX0XXXXXXXXX0XXXXXXXXXXXXXXXXXXXXXXXXXXXXXXX0XXXX0XXXXX0
XX0XXXXXXXX000XXXXXXX0X0X00XXXXXXXXXXXXXXXXX0XXXXXXXXXXXXXX0


Generation 55/100  F=U(0.5, 1.0)  N_hist=9899
------------------------------------------------------------------------------------------------------------------------
00X0XXXXXXXXX000XXXXXXXXXXXXXXXX0XXXXXX0XXXXXXX000XXXXXXXXXXXX0XXXXXXX0XXXXX0XXXXXXXXXXXXXXXXX0XXXX0XXXXXXXXXXX0XXXX00XX
0XXXXX0XXXXXX0XXXX00X000XXXXXXXXXXXXXXXXXX00XXXX0XXXXXXXXXXX


Generation 56/100  F=U(0.5, 1.0)  N_hist=10080
------------------------------------------------------------------------------------------------------------------------
00X0XXXX0XXXXXXXXXXX0XXXXXXXXXXX0XXXXXXX000XXXXXXXXXX00XXXXXXXXXXXXXX0XXXX0XXXXXXXXXXXXXXXXXXXXXX00XXXXXXXXXXXXXXXXXX00X
XXXXX0XX000XXXX00XXXXXX0XXXXXXXXX0XXXXXX0XXXXXXXXXXXXXXXXXXX


Generation 57/100  F=U(0.5, 1.0)  N_hist=10260
------------------------------------------------------------------------------------------------------------------------
00XX0000XXXXXXXXX0X0XXXXXXXXXXXXX0XXXXXXXXXX0XXXXX0XXXXXXXXXXXXXXXXXXXXXXXXXXXXXXXXXXXXXXXXXXXXX00X0XXXXXXX0XXXXXXX0XXX0
XXX0XXXXXX0XXXXXXXXXXXXXXXXXXXXXXXXXXXXXXXXXXXX0XXX0XXXXXXXX


Generation 58/100  F=U(0.5, 1.0)  N_hist=10440
------------------------------------------------------------------------------------------------------------------------
00XXX0XXXXXXX0XXXX0XXXXXXX0XX0XXXXXXXXXXXX0XXX0X0XXXXXXXXXX0XXXXXXXXXXXXXXXXXXXXXXXX0XXXXXXXXXXXXXXXXXXXXXXXXXXXX000XX0X
XXXXXXXXX0X0XX0XXXXXXXXXXXXXX00XXXXXXXXXXXXXXXXX0XXXXXXX0X0X


Generation 59/100  F=U(0.5, 1.0)  N_hist=10620
------------------------------------------------------------------------------------------------------------------------
000XX00X0XXXXXXXXXXX0XX0X0XXXXXXXX0XXXXXXXXXXXXXXXXX0XXXXXX000XX0000XX00XXXXXXXXXXXXXX0XXXXXXXXXXXXXXXXXXXXXXXXXX0XXXXX0
00XXXXX0XXXXXXXXXXXX0XXXXXXXXXXXXXX0XXXXXXXXXXXXXXXXXX0XXXXX


Generation 60/100  F=U(0.5, 1.0)  N_hist=10799
------------------------------------------------------------------------------------------------------------------------
0XXXX0XXXXXXXXXXXX0XXXXXX0XX0XXXXXXXXXX0XXXX0XXXXXXXXXXXXXX0XXXX00XX00XX0XXXXXXXXX0XXXXXXXXXXXXXXXXXXXXXXXXXXXXXXXXXXXXX
XXXXXXXXXXXXXXXXX000X0XXXXX0XXXXXXXXXX0X0XXXXXXXX0XXX0XXXXXX


Generation 61/100  F=U(0.445, 1.0)  N_hist=10979
------------------------------------------------------------------------------------------------------------------------
00000X00X00XXXXXXXXXXXXXXXXXXXXX00XXXXXX0XXXXXXX0XXXXXXXXXXXXXXXXXX0XXXXXXXXXXXXXX0X0XXXX0XXX0XXXXXX0X0XXXXX00X0XXXXX0X0
XX0XXXXXXXX0X00000XX0XXXXXXXXXXXXX0XXXXXXXXXXXXXXXX0XXXXXXXX


Generation 62/100  F=U(0.493056632402, 1.0)  N_hist=11160
------------------------------------------------------------------------------------------------------------------------
0XXX00XX00X0XXXX0XXXXXXXXXXXXXXXXXXX0XXXXXXX0XXXXXXXXX0XX0000XXXXXXXXXXXXX0XXXXXX0XXXXXXXXXXXXXXX0XXXXXXXXXXXXXXXXXX0XXX
X0XXXXXXXXXXXXXXX00XXXXXXXXXXXXXXX00XXXXXXXXXXXXXXXXXXXX0XXX


Generation 63/100  F=U(0.5, 1.0)  N_hist=11340
------------------------------------------------------------------------------------------------------------------------
0X0000XX0XXXXX0XXXXX00X0XXXX0XXXX00XXXXXXXXXXXXXXXXXX0XXX0XXXXXXXXXXXXXXXXXXXXXXXXXXXXXXXXXXXXXX00000XXXXX0XXXXXXXXXXXXX
XXX0XXXXXXXX0XXXXX0XXXXXXXXXXXX00XXX0XXXXXXXXXXXXXXXXXXX0XXX


Generation 64/100  F=U(0.5, 1.0)  N_hist=11520
------------------------------------------------------------------------------------------------------------------------
000X000XXX0XXXX00XXXXXXXXXXXXXXXXXXXXXXXXXXXXXXXXXXXXXXXXXX0XXXXXXXX0000XXXXXXXXXX0XXX0XXXXXXXXXXXXXXXXXXXXXXXXX0XX00X00
XXXXXXXXXXXXXXXXXXXXXXXXXXXXXXXXXXXXXXXXXXXXXXXXXXXXXXXXXXXX


Generation 65/100  F=U(0.445, 1.0)  N_hist=11700
------------------------------------------------------------------------------------------------------------------------
0X000XX00XXXXXX0XXXXX0XXXXXXX0XXXXXXXXXXXXXXXXXXXXXXXXXXXXXXX0XXX0XXX0X0XX00XXXXXXXXX0XXX0XXXXXXXXXXXXXXXXXXX000XXXXXXXX
00XXXXXXXXXXX0XX0XXXXXXX0XXXXXXXXXXXXXXXXXXXXXXXXXXXX00+XXXXX


Generation 66/100  F=U(0.493056632402, 1.0)  N_hist=11879
------------------------------------------------------------------------------------------------------------------------
0XX000XX00XX0XXXXXXXXXXXXXXXXXXXXXXXXXXX0XXXXXXXXXXX00XXXXXXXXXXXXX00XX0XXX0XXXXXXXXXXXXXX0XXXXXXX0XXXXXXXXXXXXXXXXXXXXX
XXXXXXXXXXXXXXXXXXXXXXXXXXXXXXX00XXXXXXXXXXXXX0X0XXXXXXXXXXX


Generation 67/100  F=U(0.5, 1.0)  N_hist=12060
------------------------------------------------------------------------------------------------------------------------
0000X00X0XXXXXXXXX000XXXXXXXXXXXXXXX0XXX00XXXXXXXXXXXXXXXXXXXXXXXX0XXXXXXXX0XXXXXXXXXXXXXXX0XXXXXX0XXXX0XXXXXXXXXXXXXXXX
XXXXXXXXXXXXXXXXXXXXXXXXXXXXXXXXXXXXXXXXXX0XXXXXXXXXXXXXXXXX


Generation 68/100  F=U(0.445, 1.0)  N_hist=12240
------------------------------------------------------------------------------------------------------------------------
000+XXXX0XXXXXX0XXX0XXX0X0XXXXXXXXXXXXXXXXXXXXXX0XXXX0XXXX0XX0XXXXXXX0XX0XXXX0X00X0XXXXXXXXXXX0X0XXXXXXX0XXXXXXXXX0X0XXX
XXXXXXX0X0000XX0XXXXXXXXXXXX0X0XXXXXXXXXXX0XX0XXXXX0XXXXXXXXX


Generation 69/100  F=U(0.493056632402, 1.0)  N_hist=12420
------------------------------------------------------------------------------------------------------------------------
00XX00XXXXXXXX0XXXXXXXXX0XXXXXXXXXXXXXXX0XX0XXXXXXXXXXXX0XXXXXXXX0X0XX0XXX0XXXXXXXXXXXXXX0XXXXXXXXXXXXXXXXXXXXXXXXXX00XX
XXXXXXXXXXXX0XXXXXXXXXXXXXXXXXXXXXXXXXX00X0XXXXXXXXXXXXXXXXX


Generation 70/100  F=U(0.438820402838, 1.0)  N_hist=12600
------------------------------------------------------------------------------------------------------------------------
000X0XXX0XXXXXXXXXXXXX0XXXXXXXXXXXXXXXX0XXXXXXX0XXXXXXXXXX00XXXXX0XXXXXXX0XXXXXXXXXXXXXX0XXXXXXXXXX000XXX0+XX0XXXXX0XXXX
XX00X00XXXXXXXXXXXXXXXXXX00XX0XXX0XXXXXXXXXXXXXXXXXXXXXXXXXXX


Generation 71/100  F=U(0.486209685511, 1.0)  N_hist=12780
------------------------------------------------------------------------------------------------------------------------
0X0000XXXXXX0XXXXXXXXXXXXXXXXX0X0XXXXXXXXXXXXXXXXXXXXX0XXXXXX0XXXXXXXXX0XXXX0XXXXXXXXXXXXXXXXXXXXX0XXXXXXXX0XX0XXXXXXXXX
0XXXXXXXXXXXXXXXXXX0XXXXXXXXXXXXXXXXXXX00XXX0XXXXXXXXXXXXXXX


Generation 72/100  F=U(0.432726620105, 1.0)  N_hist=12960
------------------------------------------------------------------------------------------------------------------------
00X0+XX0XXXX0XXXXXXXXXXXXXXXXX0XXXXXXXXXXXXXXXXXXXXXXXXXXXXXXXXXXXXXXX0XXXX0XXXXX0XXX000XXXXXXXXXXX00XXXXXXXXXXXXX0XXXXX
XXX0XXXXXXX0XXXXXXXXXXXXXXXXXXXXXXXXXX0X0XXXXXXXXXXX0XXXXXXXX


Generation 73/100  F=U(0.479457820359, 1.0)  N_hist=13139
------------------------------------------------------------------------------------------------------------------------
0XXXX0XXX0XXXXXXXX0XXXXXXXXXXXXXXXXX0X0XXXXX0XXXXX000XXXXXXXX0XXXXXXXXXXXXX0XXXXX0XXXXXXX0XXX0X0XXXX0XXXXXXXXXXXXXXXXXXX
XX0000XXXXXXXX00X00XXXXXXXX00XXXXXXXXXXXXXXXXXXXXX0XXXXXXXXX


Generation 74/100  F=U(0.5, 1.0)  N_hist=13320
------------------------------------------------------------------------------------------------------------------------
XXXX000X00XXX00XXXX0XXXXXX0XXXXXXXXXXXXXXXXXXXXXXXXXXXXXX0XXXX000XXXXXXX00XXXXXXXX0XXX0X0000X0XXXXXXXXXXX0XX0XXX000XXXXX
XXXXXX0XXXXX0XXXXXXXXXXX0XX0XXXXXXXXXXX0XXXXXXXXXXXXXXXXXXXX


Generation 75/100  F=U(0.5, 1.0)  N_hist=13500
------------------------------------------------------------------------------------------------------------------------
00XXXXXXX0XXXXXXXXX00XXXXXXXXXXXXXXXXXXXXXXXX0XXXXXX0X0XXXXXXXXX0XXXXXXXXX0XX0XXX0XXXXXXXXXXXXXXXXXXXXX0XXXXXXXXXXXXX0XX
00X0X0XXXXXXXXXXXXXXX0XXXXXXXXXXX0XXX0X0XX0+XXXXXXXXXXXXXXXXX


Generation 76/100  F=U(0.445, 1.0)  N_hist=13680
------------------------------------------------------------------------------------------------------------------------
000000XXXXXXX0X0XXXXXX00XXXXXX00XXXXX0XXXXXXXXXXXXX0X0X0XXXXXXXXXXXX0XXXXXXXX0X00XXXXXXXXXXXXXX0X00XXXXXXXXXXXXXXXXXXXX0
XX0XXXXXXXX0XXXXXXXXXXXXX0XXXXXXX0XXXXXXXXXXXXXXX0XX0XXXXXXX


Generation 77/100  F=U(0.493056632402, 1.0)  N_hist=13860
------------------------------------------------------------------------------------------------------------------------
0X0000XXXXXXXX0XXXXXXXXXXXXXXXXXXXXXXXXXXXXXXXXXXX0XXX0XXXXXXXXXXX0XXXXXXXXXX0XXXXXXXXXXXXXXXXXXX0XXXXXXXXXXXXXXX0XXXXXX
XXXXX0XXXXXXXXXXXXXXXXXXXXXXXXXX0XXXXXXXXX0XX00XXXXXXXXXXX0X


Generation 78/100  F=U(0.5, 1.0)  N_hist=14039
------------------------------------------------------------------------------------------------------------------------
0X000X0XXXXXXXXXXXXXXXXXXXXXXXX0XXXXXXXXXXXXX0X0XXXXXX0XXXXXXX0X0XXXXXXXXX0X0XXXXXXXXXX0XXXXXXX0XXXXXXXXXXXXXXX0XX0XXXXX
XXXXXXXXXX0XXXXXXXXXXXXXXX0XXXXXXXXXXXXXXXXXXXXXXXXXXXXXXXXX


Generation 79/100  F=U(0.445, 1.0)  N_hist=14220
------------------------------------------------------------------------------------------------------------------------
00XXXX0XXXXXXXXXXXXXXXXXXXXXX0XXXXXXXXXXXXXX0XXXXXX0XXXXXXXXXXXXXXXXXXXXXX00XXXXXXXXXXXXXXXX0X0XXXXXXXXXXXXXX0XXXX0XX0XX
0XXXXXXXXXXXXXXXXXXXXXXXXXXXXXXXXXXXXXXXXXXXXXXXXXXXXXXXXXXX


Generation 80/100  F=U(0.39605, 1.0)  N_hist=14400
------------------------------------------------------------------------------------------------------------------------
00X00X0XXX0XXXX0XXXXXXXXXXXXX0XXXXXXXXX0XX0XXXXXXXX0XXXXXXXXXX0XXXXX0XXXXXXXXX0X0X0XXXXXXXXXXXXX0XXXXXXX0XXXXXX0XXXXX0XX
XXXXXXXXXXXXXXXXXXXXXXXXXXXXX0XX0XXXXX0XX0X00XXXXXXXXXXX00XX


Generation 81/100  F=U(0.3524845, 1.0)  N_hist=14578
------------------------------------------------------------------------------------------------------------------------
XX00XXXX0X0XXXX0X0XXXX0XXXXXXXXXXXXXXXX0XXXXXXXXXXXXXXXXXX0XXX0XXXXXXXXXXXXXXX0XXXXXXX0XXXXXXXXX0XXXXXXXXXXXXXXXXXXXXXXX
XXXXXX0XXXXXXXXXXXXXXX00XXXXXXXXXXX0XXXXXXXXXXXXXXXXXXXXXXXX


Generation 82/100  F=U(0.313711205, 1.0)  N_hist=14760
------------------------------------------------------------------------------------------------------------------------
0000X0XXXXXXXXX0XXXXXXXXX0XXXXXXXX0X0XXXXXXXXXXXXXXXXXXXXXXXXXX0000X0XX00XXXXXXXXXXXXXXXXXX0X0+X0XXXXXXXXXXXXXXXXX0XXXXX
XXXXXXXXXXXXX0XXX00X00X0XXX0X0XXXXX00XXXXXXXXXXXXXXXXXXXXXXXX


Generation 83/100  F=U(0.347589641088, 1.0)  N_hist=14940
------------------------------------------------------------------------------------------------------------------------
0XX00XXX00X00XXXXXXXXXXXXX0XXX0XXXXXXXXXXXXXXXXXX0XX00XXXXXX0XXXXXXXXXXXX0XXXXXXXXXXXXXXXXXXXXXXXXXXXX0XX0XXXXXXXX0XXXXX
0XXXXXXXXXX0XX0XXXXXXXXXX0XX0XXXXXXX0XXXXXXXXXXXXXXXXXXXXXX0


Generation 84/100  F=U(0.385126691893, 1.0)  N_hist=15119
------------------------------------------------------------------------------------------------------------------------
0XX000XXXXXXXXXXXXXXXXXXXXXXX0X0X0XXXXXXXXX0XX0XXXX00XXXXXXXX0XXX00XX00X0XXXXXXXXXXXXXXXXXXXXXXXXXXXXXXXXX0XXXXXXXX000XX
XXXXX0XXXXXXXXX0XXXXXXXXXXXXXXXXXXXXXX0XXXXXXXXXXXXXXXXXXXXX


Generation 85/100  F=U(0.426717460119, 1.0)  N_hist=15300
------------------------------------------------------------------------------------------------------------------------
X000XXXXXXX0X000XXXXXX0XXXXXXXXXXX0XXXXXX0XXXXXXXXXXXXXXXXXXXXXXXXXXXX0XXXXX000000XXXX0XXXX0XXX0XXXXXXXXX0XX0XXXXXX0XXXX
XXXXXX0XX0X000XXXXXXXXXXXXXXXXXXXXXXXX00XXXXXXXXXXXXXXXXXXXX


Generation 86/100  F=U(0.472799716569, 1.0)  N_hist=15480
------------------------------------------------------------------------------------------------------------------------
X0XXXX0XXXXX0XXXXXX0XXXXXXXXXX0XXXXX0XXX0X0XXXXXXXXX00XXX0XXXX0XXXXXXXXXXXXXXXX0X00X0XXXXXXXXX0XXXX0XXXXXXXX0X0XXXXXXXXX
XXXX0XXXX00XXXXXXXXXXXXX0+XX0X0XXXXXXXXXXXXXXX0XXXXXXXXXXXXXX


Generation 87/100  F=U(0.5, 1.0)  N_hist=15660
------------------------------------------------------------------------------------------------------------------------
0X0XXXXXXXXXXXXX0XX0XXXXXX0XXXXXXXXX0XXX0XXXXXXXXXXXXXXXX0XXXXX0XXXXX0XXXXXX00XXXXXXXXXXXXXXXX0XX00XXXXXXXXXX0XXX0XXXX0X
XX0XXXXXXXXXXXXXXXXXXXXXXXXXX0XXX0X0XXXXXXXXXXXXXXXXXXXXXXXX


Generation 88/100  F=U(0.5, 1.0)  N_hist=15840
------------------------------------------------------------------------------------------------------------------------
00XX00XXXXXXXXXXXXXXXXXXXXXXXXXXXXXXXXX0XXXXXXXXXXXXXX0XXX000XX0XXXXXXXX0XXXX0XXX0XXXXXXXXXXX0XXXXXXXXXXXXXXXXXXXXX0X0XX
X0XXXXXXXXXX0XXXXXXXX0XXXX0XXXXXXXXXX0XXXXXXXXXX0+0XXXXXXXXXX


Generation 89/100  F=U(0.445, 1.0)  N_hist=16020
------------------------------------------------------------------------------------------------------------------------
000X000XXX0X0XXXXXX0XX0XXXXXXXXXXX0XXXXXXXXXXXXXXXXXXXXXXXXXXXXXXXXXXXXXXXXXXXXXXXXXXX0+XX0XX0XX0000XXXXXXX0XXXXXX0XXXXX
XX0XXXXXXX00X0XXXXXXXXXXXXX00XXX00XXXXXXX0XXX0XXXXXXXXXXXXXXX


Generation 90/100  F=U(0.493056632402, 1.0)  N_hist=16200
------------------------------------------------------------------------------------------------------------------------
0X00XXXXXXXXXXXX0XXXXXXXXXXXXXXXXXXXXXX0XXXXXXX0XXXXXXXXX0XXXXXXXXXX0XXXXXXXXXXXXXXXXXXXXXXXXXX00X0XXXXXXXXXXXXXX0XX0XXX
XXXXXXXXXX0XX0XXXXXXXXXXXXXXXXX0XXXXXXXXXXXXXX0XXXXXXX0XXXXX


Generation 91/100  F=U(0.438820402838, 1.0)  N_hist=16380
------------------------------------------------------------------------------------------------------------------------
X0XXXXXXXXXXXXXX0X0XXX0XXXXXXXX0XXXX0XXXX0XXXXXXXXXX0XXXXXXXXXXXXXX0XXXXXXXXXX00XXXXX0X0XXXXXXXXXXXXXXXXXXXXXXXXXXX00X0X
0XX0XXXXXXX0XXXXXXXXXXXXX0X0XXXXXXXXXXXXXXXXXXXXXXXXXXXXXXXX


Generation 92/100  F=U(0.486209685511, 1.0)  N_hist=16560
------------------------------------------------------------------------------------------------------------------------
X00XXXX0X0XXXXXXXXXXXXX0XXXXXXXXXXXX0XXXXXXXX0XXX0XXXXXXXXXXXX0XXXXXXXXXXXXXXX0XXXXXXXXXXX0XXXXXXX0XXXXXXXXXXXXXXXXXXXXX
XXXXXXXXXXXXXXXXXXXXXXXXXX0X0XX0XXXXXX0XXXXXXXXXXXXXXXXXXXXX


Generation 93/100  F=U(0.5, 1.0)  N_hist=16740
------------------------------------------------------------------------------------------------------------------------
0X0X0X000X0XX0XX0XXXXXXXXXXXXXXXXXXXXXXXX0XXXXXXX0XXXXXXXXXXXXXXXXXXXXXX0XXXX00XXXXXXXXXXXXXXXX0X0XXXXXXX0XXXXXX0X00XXXX
XXXXXXXXXXXX0XXXXX0X0XXXX0XXXXXX0XX0XXX0XXXXXX0XXXXXXXXXXXXX


Generation 94/100  F=U(0.5, 1.0)  N_hist=16920
------------------------------------------------------------------------------------------------------------------------
00XXXXXXXXX0XXXXXXXXXXXXXXXXXXXXXXXXXXXXXXXXX0XXXXXXXX0XXXXX0XXXX0XXXXXXXXXXXXX0XXX00XX0X00XX0XXXXXXXXXXXXXXXXXXXXX0XXXX
XXXXXXXXXXXXXXXXXXXX0XX0XXXXXX0XXXXXX0XXXXXXXXXXXXXXX0XXXXXX


Generation 95/100  F=U(0.445, 1.0)  N_hist=17100
------------------------------------------------------------------------------------------------------------------------
0XXXXXX0XX0XXXXXXX0XXXXXXXXXXXXXXXXX0X0XXX0XXXXXXXXXXXXXXXXX0X0XXX0XX00XXX00XXXXXXXXXXX0XXXX00XXXXXXX0XXXXXXXXXXXXXXXXX0
XXXXXXXXXX0XX0X0XXXXXXXXXXXXXXX0XXX0XXXXX0X0XXXXXXXXXX00XXXX


Generation 96/100  F=U(0.493056632402, 1.0)  N_hist=17280
------------------------------------------------------------------------------------------------------------------------
000X00X0XXXXXXXXXXX0XX00XXXXXXXXXXXXXXXXXXXX00XX00XXXXXXXXXXXXXXXXXXXXXXX00XXXXXXXXXXXXXXXXXXXXXXXXXXXXXXXXXXXXXXX0XXXXX
XXXX0X0XXXXXXXXXXX0XXXXXXXXXXXXXXXXXX00000XXXXXXXXXXXXXXXXXX


Generation 97/100  F=U(0.5, 1.0)  N_hist=17460
------------------------------------------------------------------------------------------------------------------------
00X00X0XXXXX0XXX00XXXXXX00XXXXXXX0XXXXXXXXXXXXXXXXXXXXXX0XXXX0XXXXXXXXXXXXXXXXXXXXXX0XX0XX0XXXXXXXXXXXXXXXXXXXXXXXXXXXXX
XXXXXXXXX0X00XXXXXXXXXXXXXXXXXX0XX0XX0XXXXXX0XX00XXXXX0XXXXX


Generation 98/100  F=U(0.5, 1.0)  N_hist=17640
------------------------------------------------------------------------------------------------------------------------
X0XX0XXXXXXXX0XXXXXXXXXXXXXXXXXXXXXXXXXX0X000XXXXXXX00XXXXXXXXXXXXXXXXXXXXXXXXXXXXXXXXXX0XXXXXXX00XXXXXX0XXXXXXXXXXXXXX0
X0XXXXXXXXXXXXXXX0XXXXX00XXXX0XXXXXXXXXX00000X0XXXXXXXXXXXXX


Generation 99/100  F=U(0.5, 1.0)  N_hist=17820
------------------------------------------------------------------------------------------------------------------------
0X000XXXXXXXXXX0XXXXXX0XXXXXXXXXXXXX0XXXX0XXXXXXXXX0XXXXXXXXXX00XXXXXXXXXXXXXXXXXX0XXXXXXXXXXXXX00X0X0X0XXXXXXXXXXXXXXXX
XXXXXX0XXXXXXXXX0XXXXXXXXXXXXXXXXXXXXXXXXXXXXXXX0XXXXXXXXXXX


Generation 100/100  F=U(0.445, 1.0)  N_hist=18000
------------------------------------------------------------------------------------------------------------------------
00X0X00XXXXXXX00XXXXXXXXXXXXXXXXXXXXXXXXXXXXXXXXXXXXXXX0XXXXXXXXXXXXXXXXXXXXXX0XXXXXXXX0XX00XX0XXXXXX0XXXXXXXXXXXX0XXXXX
XXXXXXXXX0XXX0XXXXXXXXXXXXXXXXXXXXXXXXXXXXXXXXXXXXXXXXXXXXXX

Maximum number of iterations reached.

SSE=12.845 on eval 18180: L=2.6618e+08 b=0.166185* r=0.346773 rf=0.672767 t0=62.9339 th=6.33848


Shutting down DE...
DE shutdown complete.

Final population:
Population: 180 individuals with SSE 12.845 to 12.846, avg eval time 0.0286 sec. Top 7:

        SSE |     12.845       12.845       12.845       12.845       12.845       12.845       12.845  
------------------------------------------------------------------------------------------------------------------------
          L | 2.6618e+08   3.0482e+08    2.677e+08    1.977e+08   3.2415e+08** 3.2965e+08** 3.2524e+08**
          b |    0.16618*    0.043195*    0.052189*    0.059362*    0.027897*    0.050629*    0.051524* 
          r |    0.34677      0.34626      0.34764      0.34644       0.3474      0.34747      0.34794  
         rf |    0.67277      0.67196       0.6743      0.67193      0.67422      0.67325      0.67459  
         t0 |     62.934       62.943        62.91       62.943       62.919       62.919       62.907  
         th |     6.3385       6.3287       6.3852       6.3195       6.3842       6.3339        6.377  
------------------------------------------------------------------------------------------------------------------------
Best individual:
<SSE=12.8446 L=2.6618e+08 b=0.166185* r=0.346773 rf=0.672767 t0=62.9339 th=6.33848>


Elapsed time: 230.60 seconds

Saved final population of best parameter combinations to covid19.dat
Shutting down...
Task Queue is shut down
Goodbye
