Decompressing and parsing covid19.csv.bz2...
Cumulative and new cases reported thus far for Germany
------------------------------------------------------------------------------------------------------------------------
000	01/22	0	0
001	01/23	0	0
002	01/24	0	0
003	01/25	0	0
004	01/26	0	0
005	01/27	1	1
006	01/28	4	3
007	01/29	4	0
008	01/30	4	0
009	01/31	5	1
010	02/01	8	3
011	02/02	10	2
012	02/03	12	2
013	02/04	12	0
014	02/05	12	0
015	02/06	12	0
016	02/07	13	1
017	02/08	13	0
018	02/09	14	1
019	02/10	14	0
020	02/11	16	2
021	02/12	16	0
022	02/13	16	0
023	02/14	16	0
024	02/15	16	0
025	02/16	16	0
026	02/17	16	0
027	02/18	16	0
028	02/19	16	0
029	02/20	16	0
030	02/21	16	0
031	02/22	16	0
032	02/23	16	0
033	02/24	16	0
034	02/25	17	1
035	02/26	27	10
036	02/27	46	19
037	02/28	48	2
038	02/29	79	31
039	03/01	130	51
040	03/02	159	29
041	03/03	196	37
042	03/04	262	66
043	03/05	482	220
044	03/06	670	188
045	03/07	799	129
046	03/08	1040	241
047	03/09	1176	136
048	03/10	1457	281
049	03/11	1908	451
050	03/12	2078	170
051	03/13	3675	1597
052	03/14	4585	910
053	03/15	5795	1210
054	03/16	7272	1477
055	03/17	9257	1985
056	03/18	12327	3070
057	03/19	15320	2993
058	03/20	19848	4528
059	03/21	22213	2365
060	03/22	24873	2660
061	03/23	29056	4183
062	03/24	32986	3930
063	03/25	37323	4337
064	03/26	43938	6615
065	03/27	50871	6933
066	03/28	57695	6824
067	03/29	62095	4400
068	03/30	66885	4790
069	03/31	71808	4923
070	04/01	77872	6064
071	04/02	84794	6922
072	04/03	91159	6365
073	04/04	96092	4933

Initializing 180 population members having 6 parameters
------------------------------------------------------------------------------------------------------------------------

SSE=92.809 on eval 1: L=1.0512e+07 b=89.0642 r=0.201842 rf=0.842692 t0=50.514* th=19.1544

*

SSE=82.685 on eval 2: L=5.09768e+07 b=139.744 r=0.205055 rf=0.917899 t0=54.6808 th=19.7808

!232

SSE=37.737 on eval 6: L=5.9207e+07 b=132.099 r=0.255654 rf=0.623346 t0=57.064 th=13.7711

!4211

SSE=23.318 on eval 11: L=6.4642e+07 b=80.4679 r=0.357769 rf=0.83897 t0=58.5126 th=6.40189*

!3359291!732715

SSE=15.125 on eval 26: L=7.04059e+07 b=134.349 r=0.349378 rf=0.979785 t0=58.9132 th=19.6108

!3991233398493924194999419323429999912912985699192949699949282886797949331545329933911962539999
326399691999531125639779491826326999923331529992824958246937

Population: 180 individuals with SSE 15.125 to 558.18, avg eval time 0.792 sec. Top 7:

        SSE |     15.125       16.007       16.182       17.814       18.689       18.942       19.364  
------------------------------------------------------------------------------------------------------------------------
          L | 7.0406e+07    8.027e+07** 6.0844e+07   1.5629e+06*  3.5874e+07   2.5216e+05*  7.5055e+07  
          b |     134.35       7.4613*      29.758       73.215       41.772       48.533       26.168  
          r |    0.34938      0.42416      0.36572      0.43156      0.31879      0.31662      0.24535  
         rf |    0.97978      0.92758      0.96526      0.88406      0.79671      0.67628      0.96091  
         t0 |     58.913       53.743       59.253       52.296       55.463       52.934       61.549  
         th |     19.611       19.984       13.995       15.286       11.723       13.309        19.35  
------------------------------------------------------------------------------------------------------------------------
Best individual:
<SSE=15.1253 L=7.04059e+07 b=134.349 r=0.349378 rf=0.979785 t0=58.9132 th=19.6108>


Population: 180 individuals with SSE 15.125 to 558.18, avg eval time 0.792 sec. Top 7:

        SSE |     15.125       16.007       16.182       17.814       18.689       18.942       19.364  
------------------------------------------------------------------------------------------------------------------------
          L | 7.0406e+07    8.027e+07** 6.0844e+07   1.5629e+06*  3.5874e+07   2.5216e+05*  7.5055e+07  
          b |     134.35       7.4613*      29.758       73.215       41.772       48.533       26.168  
          r |    0.34938      0.42416      0.36572      0.43156      0.31879      0.31662      0.24535  
         rf |    0.97978      0.92758      0.96526      0.88406      0.79671      0.67628      0.96091  
         t0 |     58.913       53.743       59.253       52.296       55.463       52.934       61.549  
         th |     19.611       19.984       13.995       15.286       11.723       13.309        19.35  
------------------------------------------------------------------------------------------------------------------------
Best individual:
<SSE=15.1253 L=7.04059e+07 b=134.349 r=0.349378 rf=0.979785 t0=58.9132 th=19.6108>

Performing DE with CR=0.8, F=U(0.5, 1.0), DE/rand-1.00/1/bin
------------------------------------------------------------------------------------------------------------------------
Press the 'Enter' key to abort.



Generation 1/50  F=U(0.5, 1.0)  N_hist=180
------------------------------------------------------------------------------------------------------------------------
12XX2X21XXX31X21XXXX1X129X522XX4X1311X4XXX2X272X53XX1X221XXX9X0222X91393X6XXX4591X1XX5313X12X91XX5X1525XXX3X94194X2X2X1X
1XXX3X1415X313X431XX53912929XX2XX159+1X3X4X1119X1XX3X41662XXX


Generation 2/50  F=U(0.5, 1.0)  N_hist=360
------------------------------------------------------------------------------------------------------------------------
XX3X91XXXXXX2XXXX4X192X2X2X11XX2XXXXXXXX4X1XX23XX24X2XXXXX2XXXX1XXX3X19XX1XXXX2X06221X3XXXX13XXXXX21XXX31XX2XX1722X6X223
X92XXXXXXXXXXX113X2X22344XXXX2XX1XX2XXXX4X17XXXXX2XX182X41X2


Generation 3/50  F=U(0.5, 1.0)  N_hist=540
------------------------------------------------------------------------------------------------------------------------
422XXX3XXXX222X1XX2XXX1X2X6X2XX2X11XX2X2X2122X4XXXXXXX3212XXXX0X121XXXXXX1XXX9XX13

SSE=14.809 on eval 622: L=8.19446e+07** b=62.3856 r=0.404884 rf=0.911729 t0=56.5279 th=15.3974

+53XX3XXXX1XX2XX1X1XXXXXXXXXXXXXX1XXXX
XX1XXXX1XXX1XXXXXXXXXX5

SSE=14.343 on eval 682: L=6.50591e+07 b=43.6788 r=0.562538 rf=0.969846 t0=50.3355* th=20.9701**

+52XX3X2XXXXXXX1XXXX2XXX1XXXXXXXX1XXXXX


Generation 4/50  F=U(0.5, 1.0)  N_hist=720
------------------------------------------------------------------------------------------------------------------------
XXX11XXXXXX1X1XX21XXXX2XXXX1X21X1X12XX3X3XX31XXXXXXXX11X12XXXXXX0XXX1+XX4X2X12XXX1X11121XXX1XX1X1XXXXXXXXX2X11XX2XXXX14X
X4XXXX1XXXX12X0X2X2XXX1XXXXXX2XXX1XX2XXXXXX2X1XXX1X312X15XXXX


Generation 5/50  F=U(0.5, 1.0)  N_hist=900
------------------------------------------------------------------------------------------------------------------------
X1X2X1X1X1XXXXXXXXXX112X1XXXXXXXXXXXX1XXXXX1XXX1XXXXXXXXXXXXXXXX1XXXXXXXXXXXXXXXXX2XX422XXXX41XX11X1XX2X12XXXXX22X1X21XX
XXXXX1X1XXXXXXXXXX02XX3XXXXXXXXXXXXXXX1XXX2X1X2XX1XXXXXXXXXX


Generation 6/50  F=U(0.5, 1.0)  N_hist=1080
------------------------------------------------------------------------------------------------------------------------
XX1XXXXXX012XXX1XXXXXXXXX2XXXXX1XXXXXXX1XXX1X1XXXXX2X1XX2XXXXXXXXXX1XXX1XXXXXXX1XXXXXXXXXX1XXX1XXXXX1X2XXXXXXXX3XXX11XXX
XX1XX2XXXXXX1XX1X1XXXXXX1XXXXXX1X1XXX1XXXXXXXXXXXXXXXX2X1XX1


Generation 7/50  F=U(0.5, 1.0)  N_hist=1260
------------------------------------------------------------------------------------------------------------------------
XXXXXXXXX12XXXX1X1XXXX12XXX2XXXXXXXXXXXXXXXXXXXXXXXXX1XXXX10+XXXXXXX2X2XXXX1XXXXX1X2XXXXXXX1X1XX1X2XXXXXXXX11XXX2XXXX1XX
XX11XXXXXXXXX0XX1X0XXXXXXXXXXXXXXXXX1XXXXXXXX1XXXXXX11XXXXXXX


Generation 8/50  F=U(0.5, 1.0)  N_hist=1440
------------------------------------------------------------------------------------------------------------------------
XXX1X1X31XXXXXXXXXXXX1XXXXX1XXXX1XXX2XXXX1XXXX1XXXXXXXXXX1X111+10X1XXXXXXXX2XX1XXXX1XXXXXXXXXXX2X111XXXX11XXXXXXXX1XXXXX
XXXXXX1XXXXXXXXXXXXX31X11XXXXXXXXXXX1XXXXXXXXXX1XXXXXXXXXXXXX


Generation 9/50  F=U(0.5, 1.0)  N_hist=1620
------------------------------------------------------------------------------------------------------------------------
110X211X1XXX2X0XXXXXXXXXXXXXXXXXXXXXXXXX0X1X1XXXXXXXX1XXX1XX11XXXXX1X11XXXXXX1XXXXXXXXXXXXX21X1111101XXXXXXXXXXX0XXXXXXX
XXXX11XXXXXXXXXXXX1XX1XXXXXXXXXXXXXXXX0XXXXXXXXXXXXXXXXX1XXX


Generation 10/50  F=U(0.5, 1.0)  N_hist=1800
------------------------------------------------------------------------------------------------------------------------
1011X1X1XXX0XXXXXXXX1XXXXXXXXXXXXXXXXXXXXXXX1XXX1XX11XXXXXX1XXXXXXXXXXXXXXXXXXXXXXXXXXXXX0XXXXX1XX2XXXXX1X11XXXXXX1XX1XX
1XXX1XXXXXXXXXXXXXX11X11XXXXXXXX1XX1XXXX1XXXXXXXXXXXXXXX1X1X


Generation 11/50  F=U(0.5, 1.0)  N_hist=1979
------------------------------------------------------------------------------------------------------------------------
1X11XX111XXXXXXXXXX1X1XXX1XXXXXXXXXXXXXXXX1XX1XXXXXXXXX0XXXXXXXXX11XXXXXX1X1XX110XXXXXX1XXXXXXXXXXXXXXX11XXXXXXXXXXXXXX2
1XXXXXXXXX1XXXXXXX1X1XXX0XXXX1XXX0XX1XXXX1XXXXXXXXXXXXXXXXX1


Generation 12/50  F=U(0.5, 1.0)  N_hist=2159
------------------------------------------------------------------------------------------------------------------------
1X111X1X11XXXXXXXXXXXX11XXXXXXXXXXXXXXX0XXX1XXXXX1XXXXXXX0XXXXXXXXXXXXXX1X211X21XXXXXXXXXXXXXXXXXX1XXXXX0XXXXXXXX1X10XXX
XXXXXXXXXXXXXXXXXXXXXXXXXXXX1XXX11XXXXXXXXXXXXXXXXXXXXXXXXXX


Generation 13/50  F=U(0.5, 1.0)  N_hist=2340
------------------------------------------------------------------------------------------------------------------------
11XXXXXXXXX111XX1X11XXXXXXXXXXXXXXXX11X1X1X1XXXXXXXXXX1X1XXXXXXXXXXXXXX1XXXXX1XXXX0XXXXXXXXXXXXXXXXX1X0X11111X1XXX1XXXXX
XX0XXXXXXXXXXX1XXXXXXXXXXXXXXXX1XXXX0XXXXXXXXXXXXXXXXXXXXXXX


Generation 14/50  F=U(0.5, 1.0)  N_hist=2520
------------------------------------------------------------------------------------------------------------------------
11X001XXX11XX1XXXXX1XXXXXXXX1XXXX1XXX1XXXXX10X2XX1XX1XXXXXX1XXXXXXXXXX1XXXXXXXXXXXXXXXXXXXXXXXXXXXXXX1XXXXXXXXXXX0XXXXXX
XXXXXXX110XXXXXXXXXXXXXXXXXXXXXXXXXX1XXXXXXXXX1X1XXXX0XXXXXX


Generation 15/50  F=U(0.5, 1.0)  N_hist=2700
------------------------------------------------------------------------------------------------------------------------
1101X1XXXXXXXXXXXXX1XXXX1XXXXXXX11X11X1XXXXXXX11XXXXXXXXXXXXXX1XXX11X11XXXX1X1X1XX11XXXXXXXXXXXXX0XXXX11XXXXXXXXXXXXX1XX
XXXX0XXXXXXXXXXXXX1X1XXXXXXXX11XX1XXXXXXXXXX1XXXXXXXXXXXXXXX


Generation 16/50  F=U(0.5, 1.0)  N_hist=2880
------------------------------------------------------------------------------------------------------------------------
1X11XX101X1X1XXXXXXXXXXXXX11XXXXXXXXXX1XXXXX1XXXXXX1XX1XXXXXX1XXXXXXXXXXXXXXXXXXXX1XXXXXXXXXXXXXXXXXXXXXXXXXX111XXXXXXXX
XXXXXXXXXXXX11XXXXXXXXXXXXXXXXXX111XXXX1XXXXXXXXXXXXX1XX1XXX


Generation 17/50  F=U(0.5, 1.0)  N_hist=3060
------------------------------------------------------------------------------------------------------------------------
110X1X1XXXXXXXXXXXXXXXXXXXXXXXXXXXXXXXXX0XXXXXXXXXXXXXXXXXXXX1X1XXXX0XXX1XX1X1XXXXXXXXX1XXXXXXX0XXXXXXXXXXXXXXXXX0XXXXXX
XXXXX01X1XX1XXXXX01XXXXXXXXXXXXXXXXX10X0XXXXXXX0XXXXXXXXXXXX


Generation 18/50  F=U(0.5, 1.0)  N_hist=3240
------------------------------------------------------------------------------------------------------------------------
011XX1XXXXXXXXXXXXXXXXXXXXXXXXXXXX1XX1XXXXXXXXXXXXX1X1XXXXXXXXXX11X1XXXXXXX101XX0XXXXX1XXX0XXXXXXX10XXXXXXXXXXXXXXXXXXXX
XXXXXXXXXXXXXXXXXXXXXXXXXXXX1XX1XXXXX1XXXXXXXXXXXXXXXXXXXXXX


Generation 19/50  F=U(0.5, 1.0)  N_hist=3420
------------------------------------------------------------------------------------------------------------------------
1X1XXXXXXX10XXXXXX1XXXXXXXXXXXXXXXXXXXXXXXXX1XX1X1XXXXX0XXXXXXXX1X1XXX1X1X0XXXXXXX10XXXXXXXXXXXXXXXXXXXXXXXXXXXXX00XXXXX
XXXXXXXXXXXXX1XXXXX10X1XXXXXXXX0XXXXXX1XXXXXXXXXXXXXXXXXXXXX


Generation 20/50  F=U(0.5, 1.0)  N_hist=3600
------------------------------------------------------------------------------------------------------------------------
1X0X1111

SSE=14.022 on eval 3628: L=6.34341e+07 b=1.65423* r=0.439672 rf=0.963101 t0=55.2993 th=18.5243

+X11XXXXXX1XXXXXXXXXXXX1XXXXXXXX10XX0X1XXXXXX1XXXXXXXXXXXXXXXXXXX1XXXX1XX1XXXXXX11XXX1XXXXXXXXX0XXXXX11XX1XXXXX1
1XXXXX1XXXXXXXXXXXXXXXXXX0XXX0XXXXXXXXXX1XX1XXXXXXXXXXXXXXXXX


Generation 21/50  F=U(0.5, 1.0)  N_hist=3780
------------------------------------------------------------------------------------------------------------------------
110000X1111XXXXXXXXXXXXXX1XXXXX1X0XXXXXXXXXXXXX0XX10X0XXXXXXXX0XXXXXXXXXX1XXXXXXXXXXX1XXX0XXX1XXXXXXXX0XXXXXXXXXXXXXX1XX
XXXXXXXXXXXXXXXXXXX0XXXXXXXX110XXXXXXXXXXXXXXXXXXXXXXXXXXXXX


Generation 22/50  F=U(0.5, 1.0)  N_hist=3960
------------------------------------------------------------------------------------------------------------------------
11X10XXXXXXXXXXXXXX1X1X0XXXXXXXXXXXXXXXXXXXXXXXXXXXXXXXXXXXXXXXXXXXXXXXX0XXXX1X0XXXX1XXXXX1XXXXXXXXXXX1XX110XXXXXXXXXXX0
XX1XXXXXX1XXXXXXXX10XXXXX1XXXXXXXXXXXXXXXXXXXXXXXXXXXXXXXXXX


Generation 23/50  F=U(0.5, 1.0)  N_hist=4140
------------------------------------------------------------------------------------------------------------------------
1X1XXXXXXXXXXXXXX1X0X11XXXXXXXXXXXXXXXXXXXXXXXXXXXXX011XXXXXXXXXXXXX0XXXXXXXXXXXXXXXXXXXXXXXXXXXXXXXXXX10XXXXXXXXXXXXX1X
XXXXXXXXXX0XX1XXXXXXXXXXXXXXXXXXX0XXXXX10XXX0X0XXXXXXXXXX1XX


Generation 24/50  F=U(0.5, 1.0)  N_hist=4320
------------------------------------------------------------------------------------------------------------------------
11XX1XXXX1XXXXX01XXX1XX1XXXXXXXXXXXXXXX0XXXXXXXXXXXXXXXXXXXXX10XXXXXXXX0XXXXXXXXXXXXXX0X0XXXXXX1X10XXXXX0XXXXXXXXXXXXXX1
XXXXXXXXXXXXXXXXXX0XXXX1XXXXXXXXXXXX0XX0XXXXXXXXXXXXXXXXXXXX


Generation 25/50  F=U(0.5, 1.0)  N_hist=4500
------------------------------------------------------------------------------------------------------------------------
10X101XXX00XXXX0XXXXXXXXXX1XXXXXXXXXX01XXXXXXXXX1XXXXX1XXX0XXXXXXXXXXXXXXXXXXX1XXXXXXXXXXXXXXXXXXXXXXXX0XXXXXXXXXX0XXXX1
XXXXXXXXXXXXXXXXXXXXXXXXXXXXXXX100XXXXXXXXXX1XX1X1XXXXXXXXXX


Generation 26/50  F=U(0.5, 1.0)  N_hist=4680
------------------------------------------------------------------------------------------------------------------------
XXX10X0XXXXXX1XXXXXXXXXXXXXXXX1XXXXXXX1XXXXXXXXXXXX10XXXXXXXXXXXXXXXXXXXXX0X01XXXXXXXXXXXXXX0XXXXXXXXXXXXXXX0XXXX1XXX0X1
1XXXXXXXXXXXXXX11XXXXXXXXX0XXXXXXXXXXXXXXXXXXXXXXXXXXXXXXXXX


Generation 27/50  F=U(0.5, 1.0)  N_hist=4860
------------------------------------------------------------------------------------------------------------------------
01+X01X1XXXXXXXXXX00XXXXXX0XX0XXXXXXXXXXXXXXXXXX1XXXXXXXXXXXX1X0X1100+X0XX11XXXXXXXXXXXXXXXXXXX0XXX1XX0X1XXX0XXXXXXX11XX
XXXXXXXXXXX000XXXXXXXXXXXXX0101XX1X0XXXXXXXXXXXX00XXXXXXXX1XXX


Generation 28/50  F=U(0.5, 1.0)  N_hist=5039
------------------------------------------------------------------------------------------------------------------------
1X0X1XXX0XXXXXXX1XX0XXXXXXXXXXXXXXXXXXXXXXXXXXXXX0XXXXXXXXX1X00X11XXXXXXXXXXX0XXXXXX1XXXXX0XXXXXX0XXXXXX1XXXXXXXXXXX00XX
XXXXXX0XXXXXXXX00XXXXXXXXX010XXXXXXXXXXX1XXXXXXXXXXXXXXXXX1X


Generation 29/50  F=U(0.5, 1.0)  N_hist=5219
------------------------------------------------------------------------------------------------------------------------
001001XX00XXXXXXXXXXXXXX0XXXXX0XXXXXXXXX0XXXXXXXXXXX0XX0XXXXXXXXXXXXXXXXXXXXX0XXXXX0XX0XXXXXXX100XXXXXXXXXXXX1X1XXXXXXXX
X1XXXXXXXXXXXXXXXXXXXX1XXXXXXXXXXXXXXXXXX10XXXXXXXX1XXXXXXXX


Generation 30/50  F=U(0.5, 1.0)  N_hist=5400
------------------------------------------------------------------------------------------------------------------------
XX1XX110XXXXXXXXXXXXXXXXXXXXXXX0X0XXXXXXXXXXXXXXXXXXXXXXXXXXXXXXX01XX0XXXX0XXXXX0XX0XXXXXXXXX0X0XXXX0XXXXXXXXXXXXXXXX0XX
0XXXXXXXXXXX0XXXXXXXXXXXXXXXXXXXXXXXXXXXX1XXXX0XXX0XXXXXX1XX


Generation 31/50  F=U(0.5, 1.0)  N_hist=5579
------------------------------------------------------------------------------------------------------------------------
X0XXXXX0X0XXXXXXXXXXXXXXXXXXXXXXXXXXXXXXXXXX0X0X0X0XXXXXXXXXXXXXXXXXX0XXX0XXXXXXXXXXXXXXX0XXXXXXXXX1XXXXXXXXXXXXXXXXXXXX
XXXXXX1X1XXXXXXXXXXXXXXXXXXXXX0XX0XXX0XXXXXXXXX0XXX0XXXXXXXX


Generation 32/50  F=U(0.5, 1.0)  N_hist=5759
------------------------------------------------------------------------------------------------------------------------
XX00000X0XX1XXXXXXXXXXXXXXXXXXXXXXXXX0XXXXXXXXXXXXXXXXXXX0XXXXXXXX0X01XX0XXXXXXXXXXXXXX01X0XXX0XXX0XX1X0XX00XXXXXXXXXXX0
X0XXXXXXX0XX1XXXX0XXXXXXXX0XXXXXXXXXXXXXXXXXXXXXXXXXXXXXXXXX


Generation 33/50  F=U(0.5, 1.0)  N_hist=5940
------------------------------------------------------------------------------------------------------------------------
0XXXXXXXXXXX0XXXXXXXXXXX0XXXXXXX0XXXXXX00+XXXXXXXXXX0XXXXXXXXXXXXXXXX0XXXXXXXXXXXXXXXXXXXXXXXXXX0X0+XXX0XXXX0XXXX00X0XXX
XX00XXXXX0XXXXXX0X1XXXXXXXXXXXXXXXXXXXXXXXXXXXXXXXXX0X0XXXXXXX


Generation 34/50  F=U(0.5, 1.0)  N_hist=6120
------------------------------------------------------------------------------------------------------------------------
XX0XXXXX1XXXXXXXXXXXXX01XXX0XXXXXXXXXX0XXXXXXXXXXXX0XX01XXXXXXXXXXXXXXXX1XXXXXXXXXXXX0X00X0XXX0XXXXX0XXXXXXXXXXXX00XXXXX
XXXX0XX0XXXXXXX0XXXXX00XXXXX0XXXXX0XXXXXXXXX00+XXXXXXXXXXXXXX


Generation 35/50  F=U(0.5, 1.0)  N_hist=6300
------------------------------------------------------------------------------------------------------------------------
X000XX00XXXXXXXXXXXX0XXXXXXXXXXXXXXXXXXXXXXXXXXXXX0XXXXXXXXXXXXXXXXXXXXXXXXXX0XXX1XXXXX0XXXXXXX0XXXXXXXXX1XX01XXXXXXXXXX
X0X000XXX0XXX0XX0XXXXXXXXXXXXXXXXXXX0XXXXXXXXXXXXXXXXXXXXXXX


Generation 36/50  F=U(0.5, 1.0)  N_hist=6480
------------------------------------------------------------------------------------------------------------------------
0X00XXXXXXX0+XXXXXXXXXXXXX0XX01XXXXXXXXXXXX0X01XXXXXXXXXXXXXXXXXXX0XXXXXXXXXXXXXX1X0X0XXXXXXXXXXXXXXXXXXXXXXXXXXXX0XXXXX
X0XXXXXXXXXXXX01XXXXXX0XX0XXXXXX0XXXXXX0XXXXXXXXXXXXXXXXXXXXX


Generation 37/50  F=U(0.5, 1.0)  N_hist=6660
------------------------------------------------------------------------------------------------------------------------
00XXXXXX0X0XX0X0XXXXXXXXXXXXXXXXXXXXXXXXXXX0XXXXXXXXXXXXX0XXXXXXXX00XXXXXXXXXXXXXXXXX0XXXXXXXXXXXXXXXXXXX0XXXXXXXXXXXXXX
XXXXXXX0X000XXXXXXXXXXXXXXXXXXXXXXXXXXXXXXXX1XXXXXXXXXXXXXXX


Generation 38/50  F=U(0.5, 1.0)  N_hist=6840
------------------------------------------------------------------------------------------------------------------------
0XXX00XXXX0XXXXX00XXXXXXXXXXXXXXXXXX0XXXXXXXXXXX0XXX000XXXXXXXXXXXXXXXXXX0XXXXX0XXXXXXXXXXXXXX0XXX00X00X10XX0XXXXX0XXXXX
XXXXXXXXXXX0XX0XXXXXXXXXXXXXX0XXXXXXXXXXXXXXXXXXXXXXXXXXXXXX


Generation 39/50  F=U(0.5, 1.0)  N_hist=7020
------------------------------------------------------------------------------------------------------------------------
000X00X0XXXXXXXXXXXXX000XXX0XXXXXXXXXXXXXXXXXXXXXXXXXXXXXXXXXXXX00XX0XXXXXXXXXXXXXXXXX0XXXXX00XXXXXXXX00XXXXXXXXXXXXX0XX
X0XXXXXXXXXX000XXXXXXXX0X0XX0XXXXXXXXXXXXXXXXXXX0XXXXXXXXXXX


Generation 40/50  F=U(0.5, 1.0)  N_hist=7200
------------------------------------------------------------------------------------------------------------------------
0000XXXXXXXXXXXXXXX0XXX0XXXXXXXXXXXXXXXXXXXXXXXXXXXX1XXX0XXXXXXXXXXXXXXX0XXX0XXXXXXXXXXXXXXXXXXXXXXXXXX0XX0XXXX0XXXXXXXX
XXXXXXXXXX0XXXXXXXXXXXXXXXXXXXXXX00X1XXXXXXXXXXXXXXXXXXXXXXX


Generation 41/50  F=U(0.5, 1.0)  N_hist=7380
------------------------------------------------------------------------------------------------------------------------
0XXXXXXXXXX0XXXXXXXX0XXXXXXXXXX0XXXXXXXXXXXXXXXXXXXXXXXXXXXXXXXXXXXXXXXXXXXXXX0XXXXXXXXXXXXXX00XXXXXX000XX0XXXXXXXXXXXXX
XXXXXXXXXXXXXXXXXXXXXXXXX0XXXXXXXXXXXXXXXXXXX1X0XXXXXXXXXXXX


Generation 42/50  F=U(0.445, 1.0)  N_hist=7560
------------------------------------------------------------------------------------------------------------------------
0XX0XX00XXXXXXXXXXXXXXXXXXXX0XX0XXXXXXXXXXXXXXXXXXXXXXXXX00X0XXXXXXXXXXXXX0XXX00XXXXXXXXXX0XXXXXXXXXXXXXXXXXXX0X0XXX0XXX
XXXXX0XXXXXXXXXXXXXXXXXXXXXXXXXXXXXXXXXX0XXXX0XX0XXXXXXXXXXX


Generation 43/50  F=U(0.39605, 1.0)  N_hist=7740
------------------------------------------------------------------------------------------------------------------------
0X0XXXXXXXXX0XXX0XXXXX0+0XXXXXXXXX0XXXXXXX00X0XXXXXXXXXXXXXXXXX0XXXXXXXXXXXXXXXXXXXXXXXX0XXXXX0XXXXXXXXXXXXXXXXXXXXXX0X0
XXXXXXXXXXXX0XXXXXXXXXXXXXXXXXXXX0XXXXXXX0X00XX00XXXXXXXXX0XX


Generation 44/50  F=U(0.438820402838, 1.0)  N_hist=7919
------------------------------------------------------------------------------------------------------------------------
0000XXXXXXX0XX0XXXXXXXXXXXXXXXXXXXXXXXXXXXXXXXXXXX00XXXXXXXXXXXXXXXXXXXX0XXXXXXXXXXX0XX0X0XXX0XXX0XXXXXXXXX00XXX0XXXXXXX
XXXXXXXX0XXXXXXXXXXXX0XXXXXXXXXXXX0XXXXXX0XXXXXXX0XXXXXXXXXX


Generation 45/50  F=U(0.390550158526, 1.0)  N_hist=8100
------------------------------------------------------------------------------------------------------------------------
000X00X00XXXXXXXXXXXXXXXXXXXXXXXXXXXXXXXXXXX0XXXX00XXX00XXXXXXXXXXXXXXXXXXXXXXX0XXXXXXXXXX0XX0XXXXXXXXXX0XX0XXXXXXXXXXXX
XXXXXXXXXXXXXX0XXXX00XXXXXXXXXXXXXXXXX0XXXXXXXX0XXXXXXXXXXXX


Generation 46/50  F=U(0.432726620105, 1.0)  N_hist=8280
------------------------------------------------------------------------------------------------------------------------
0XX0XXXXXXXXXXXXXXXXX0XXXXXXXXXXXXXXXXXX0XXXXXXX0X0XXXXXXXXXX0XXXXXXXXXXXXXXXXXXXXX0XXXXXX00XXXXXXXXXXXXXXXXX0XXXXX0XXXX
X0XXXXXXXXXXXXXX0XXXX0XXXXXXX00X0XXXXXXXXXXXXXXXXXXXXXXXXX0X


Generation 47/50  F=U(0.479457820359, 1.0)  N_hist=8460
------------------------------------------------------------------------------------------------------------------------
0X0XXXXXXXXXXX0XXXXXXXXXXXXXX0XXXXXXXXXXX00XXX00XXXXXXXXXXXXXXXXXXXXXXXXXXXXXXXXXXXXXXXX0XXXXXXXXXXXXXX0XX0XXXXXXXXXX0XX
XXXXXXXXXXXXXXXXX0XX0XX0XXXXXXXXXXXXXXXXXXXXX0XXXXXXXXXXXX0X


Generation 48/50  F=U(0.5, 1.0)  N_hist=8640
------------------------------------------------------------------------------------------------------------------------
XX000XXXXXXXXXXXXXXXXXXXX0XXXXXXXXXXXXXXXXXXXXXXXXXXXXX00XXXXXXXXXXXXXXXXXXXXX00XXXXXXXXXX0X0XXXXXXXXXXXXXXXXXXXXXXXX0XX
XXXXXXXXXXXXXXXX00XXXXXXXXXXXXXXXXXX00XXXXXXXXXXXXXXXXXXXXXX


Generation 49/50  F=U(0.445, 1.0)  N_hist=8820
------------------------------------------------------------------------------------------------------------------------
X0XXXXXX0XX0XXXXXXXXXXXXXXXXXXXXXXXXXXXXXX0XXXXXXXXXXXXXX0X0XX00X0XXXX0XXXXXXXXXXXXXXXXX0XXXX0XXXXXXXXXXX0XXXXXXXXXXXXXX
XXXXXX0XXXXXXXXXXX0X0XXXXX0XXXXXXXXXX0XXXXXXXX0XXXXXXXXXXXXX


Generation 50/50  F=U(0.493056632402, 1.0)  N_hist=9000
------------------------------------------------------------------------------------------------------------------------
0X0XXXXXXXXXXXXXXXX0XXXXXXX00XXXXXXXXXXXXXXXXXXXXXXXXXXXXXX0XXXXXXXXXXXXXX0XXXX0XXXXXXXXXX0XXXXXXXXXXXXXXXXXXXXXXXXXXXXX
XXXX0+XXXXXX0XXXXXXX0XXXX0XXXXX0XXXXXXXXXXX0XXX0XXXXXXXXXXXXX

Maximum number of iterations reached.

SSE=13.98 on eval 9180: L=6.0587e+07 b=6.05095* r=0.398441 rf=0.951036 t0=56.8989 th=16.8897


Shutting down DE...
DE shutdown complete.

Final population:
Population: 180 individuals with SSE 13.98 to 14.197, avg eval time 0.027 sec. Top 7:

        SSE |      13.98       13.984       13.984       13.985       13.985       13.987       13.988  
------------------------------------------------------------------------------------------------------------------------
          L | 6.0587e+07   6.0597e+07   3.7178e+07   3.4751e+07   3.0163e+07   4.8138e+07   4.8191e+07  
          b |      6.051*      2.9256*      10.196       3.9338*      6.3315*      5.6985*      6.9809* 
          r |    0.39844      0.40268      0.37631      0.42294      0.41962      0.39312      0.35905  
         rf |    0.95104      0.94887      0.93641      0.95405      0.96324      0.95992      0.91407  
         t0 |     56.899       56.819       57.756       56.088       56.253       57.324       58.074  
         th |      16.89       16.549       15.577       17.167       17.752       17.137       14.533  
------------------------------------------------------------------------------------------------------------------------
Best individual:
<SSE=13.9795 L=6.0587e+07 b=6.05095* r=0.398441 rf=0.951036 t0=56.8989 th=16.8897>


Elapsed time: 134.11 seconds

Saved final population of best parameter combinations to covid19.dat
Shutting down...
Task Queue is shut down
Goodbye
