Decompressing and parsing covid19.csv.bz2...
Cumulative and new cases reported thus far for US
------------------------------------------------------------------------------------------------------------------------
000	01/22	1	0
001	01/23	1	0
002	01/24	2	1
003	01/25	2	0
004	01/26	5	3
005	01/27	5	0
006	01/28	5	0
007	01/29	5	0
008	01/30	5	0
009	01/31	7	2
010	02/01	8	1
011	02/02	8	0
012	02/03	11	3
013	02/04	11	0
014	02/05	11	0
015	02/06	11	0
016	02/07	11	0
017	02/08	11	0
018	02/09	11	0
019	02/10	11	0
020	02/11	12	1
021	02/12	12	0
022	02/13	13	1
023	02/14	13	0
024	02/15	13	0
025	02/16	13	0
026	02/17	13	0
027	02/18	13	0
028	02/19	13	0
029	02/20	13	0
030	02/21	15	2
031	02/22	15	0
032	02/23	15	0
033	02/24	51	36
034	02/25	51	0
035	02/26	57	6
036	02/27	58	1
037	02/28	60	2
038	02/29	68	8
039	03/01	74	6
040	03/02	98	24
041	03/03	118	20
042	03/04	149	31
043	03/05	217	68
044	03/06	262	45
045	03/07	402	140
046	03/08	518	116
047	03/09	583	65
048	03/10	959	376
049	03/11	1281	322
050	03/12	1663	382
051	03/13	2179	516
052	03/14	2727	548
053	03/15	3499	772
054	03/16	4632	1133
055	03/17	6421	1789
056	03/18	7783	1362
057	03/19	13747	5964
058	03/20	19273	5526
059	03/21	25600	6327
060	03/22	33276	7676
061	03/23	43847	10571
062	03/24	53740	9893
063	03/25	65778	12038
064	03/26	83836	18058
065	03/27	101657	17821
066	03/28	121478	19821
067	03/29	140909	19431
068	03/30	161837	20928
069	03/31	188172	26335
070	04/01	213372	25200
071	04/02	243616	30244
072	04/03	275586	31970
073	04/04	308850	33264
074	04/05	337072	28222
075	04/06	366667	29595
076	04/07	396223	29556

Initializing 240 population members having 6 parameters
------------------------------------------------------------------------------------------------------------------------

SSE=145.78 on eval 1: L=2.17843e+08 b=21.8013 r=0.641894** rf=0.94165 t0=58.8028 th=21.9689

*

SSE=32.94 on eval 2: L=2.43794e+08 b=26.1264 r=0.591694 rf=0.878329 t0=57.4314 th=14.818

!9

SSE=22.356 on eval 4: L=1.79494e+08 b=59.1023 r=0.52821 rf=0.887157 t0=59.1118 th=14.7084

!6193

SSE=21.19 on eval 9: L=2.7979e+07 b=1.30765* r=0.402176 rf=0.892596 t0=61.4206 th=15.9878

!999929869939

SSE=18.755 on eval 22: L=1.21014e+08 b=10.3528 r=0.433291 rf=0.906473 t0=63.4914 th=12.0121*

!529692529998922228229228111435693293832183199991352222093226918979992229423271899254267929959593

SSE=18.296 on eval 119: L=7.97e+07 b=61.5621 r=0.395957 rf=0.999962** t0=64.176 th=19.682

!

SSE=17.786 on eval 120: L=1.3828e+08 b=54.1107 r=0.630879 rf=0.942536 t0=56.2777* th=18.2736

!
993789231132299391295329399389489471921649539656257827834

SSE=17.01 on eval 178: L=1.13813e+08 b=39.5998 r=0.363775* rf=0.910744 t0=65.2286 th=12.456*

!29294939921120961399299739936931869409932979894283332649239299


Population: 240 individuals with SSE 17.01 to 798.67, avg eval time 1.4 sec. Top 7:

        SSE |      17.01        17.11        17.32       17.786       18.114       18.296       18.381  
------------------------------------------------------------------------------------------------------------------------
          L | 1.1381e+08   2.8594e+08   8.2996e+06*  1.3828e+08   4.1452e+07     7.97e+07   2.8042e+08  
          b |       39.6       27.954       67.522**     54.111       46.626       61.562        61.15  
          r |    0.36378*     0.57518      0.63144      0.63088      0.46402      0.39596      0.49609  
         rf |    0.91074      0.99065      0.93928      0.94254      0.97586      0.99996**     0.9048  
         t0 |     65.229       58.515       57.022       56.278*      62.739       64.176       61.343  
         th |     12.456*      19.589       16.891       18.274       17.624       19.682        13.42  
------------------------------------------------------------------------------------------------------------------------
Best individual:
<SSE=17.0099 L=1.13813e+08 b=39.5998 r=0.363775* rf=0.910744 t0=65.2286 th=12.456*>


Population: 240 individuals with SSE 17.01 to 798.67, avg eval time 1.4 sec. Top 7:

        SSE |      17.01        17.11        17.32       17.786       18.114       18.296       18.381  
------------------------------------------------------------------------------------------------------------------------
          L | 1.1381e+08   2.8594e+08   8.2996e+06*  1.3828e+08   4.1452e+07     7.97e+07   2.8042e+08  
          b |       39.6       27.954       67.522**     54.111       46.626       61.562        61.15  
          r |    0.36378*     0.57518      0.63144      0.63088      0.46402      0.39596      0.49609  
         rf |    0.91074      0.99065      0.93928      0.94254      0.97586      0.99996**     0.9048  
         t0 |     65.229       58.515       57.022       56.278*      62.739       64.176       61.343  
         th |     12.456*      19.589       16.891       18.274       17.624       19.682        13.42  
------------------------------------------------------------------------------------------------------------------------
Best individual:
<SSE=17.0099 L=1.13813e+08 b=39.5998 r=0.363775* rf=0.910744 t0=65.2286 th=12.456*>

Performing DE with CR=0.7, F=U(0.5, 1.0), DE/rand-1.00/1/bin
------------------------------------------------------------------------------------------------------------------------
Press the 'Enter' key to abort.

Generation 1/75  F=U(0.5, 1.0)  N_hist=240
------------------------------------------------------------------------------------------------------------------------
4X2X4XX213XX4X1984X2X2X2517XXX2X2XX26X4X19X3522XX1X12+212XX3X7X6XXX551X12X42221XX52X3XX1XXXXXXXXXX2X222X36X13X2X42927XXX
942312X2X273XX41X4X41433X2X2X5XX72X117XX1XXXX8X2X96XX3XXX2XXXXX2X933XXX136X2322926X4X8X5322XXX5XX3XX14X1XX25X2111XXXXX9X
2


Generation 2/75  F=U(0.5, 1.0)  N_hist=480
------------------------------------------------------------------------------------------------------------------------
XXXX02X2XX94X2X23X22X22221X4X9XX3XXX291X1511XXXXX6XX2XXXX72XXX2X1XXXXX2XXXX1XX6XXX282X3212XXX3XXXXXXXXX12XXXXX6XXX5X1XXX
2XXX2X2X2X242XXXX115XXX132XXX9XX1X11X3XXXXXX32X23XXXXXXXXXX3XXXX13X41XXXXX2XX801X5X2X77X468X1XXXX631X02X2X1X1XXX2X222X18
+


Generation 3/75  F=U(0.5, 1.0)  N_hist=720
------------------------------------------------------------------------------------------------------------------------
XXXXXX1XX2XXXXXXXXXXX1XX1XXXXXX2XXXXXXX2X2XXXXXXXX3XXX3XXXXXX2XXX1XX1X4XXXXXX0XXXXX2XXX21X1XXX1XXX11XXXX3XXXX1XXXX123XXX
9

SSE=16.557 on eval 841: L=1.10348e+08 b=57.9486 r=0.477016 rf=0.949002 t0=61.4587 th=15.7502

+X1XXX2X2XXX3XXX3XX1XXXX2XXXX1X6XX161XXX1XXXXXX11XXX1X0XXXXX1XXXX3X2XXXX11XXXXXXX2XXXX22X1221X1XXX2X2XX1XXXXXXXXX2XX1X3
X


Generation 4/75  F=U(0.5, 1.0)  N_hist=960
------------------------------------------------------------------------------------------------------------------------
XX3X2X1XX2X2X1XX22XXXXXXXXXXX2XX1+1XXXXXXXX2112XXXXXX2XXXXXXXXX113X2X0XXXXXXX1XXXX2XXXXXXXX2XX1XXX11X1XXX10XXX111XXXXXXX
XXX1XX1XXXXX11X1X2XXXXXXXXXXXX1XX0XX1XX1XXXXXXXXXXX11

SSE=16.122 on eval 1132: L=2.80417e+08 b=2.33021* r=0.380397 rf=0.904796 t0=64.2145 th=13.4201

+XXXXX1XXXXX2XXX1XXX22X3XXXXX10XXXX3X1X1XX1XXXXX1X1X1X1X1XX2XXXXXXX
22


Generation 5/75  F=U(0.5, 1.0)  N_hist=1200
------------------------------------------------------------------------------------------------------------------------
2X2X0XXXXXXXXX2XXXX1XXXXXX1X11XXXX222X123XXX1XXXXX2XXXXXXXXXXXXXXXXXXX1XX22X2XXXXXXXXXXXXXXXXX0XXX22XX1X2XXX11XXXXXXXXXX
X1XXXXXXXXXXXX21XX1XXXX121XX2XXXX1X1XXX1XXX1XXXXXXXX1XXXX1X2XX4XX4XXXXXXX2XXXXX1XXXXXXXXXX1XXXXXXXXXXXXXXX1X0XXXXXXXXXXX


Generation 6/75  F=U(0.5, 1.0)  N_hist=1440
------------------------------------------------------------------------------------------------------------------------
XXX1XXX1XXXXXX12XXX1XX1XXXXXXXXXXXXXXXX2XXXXXXXXX1XXXXXXXXX1412X21X221X1X11XXXXX2X1XX0XXXXXXXXX1XXX2X2XXXXXX2XXXXXX21XXX
XXX2XXXXXXXXXXXXXXX1XX2X1XX0XX21XXXXXXXXXXXX1XXXXXXX1XXXXXX2XXXXXXXXXXXXXXXXXXXXXXXXX13XXXXXXXXXXXXXXXXXXXX1XXXXXXXXXXXX


Generation 7/75  F=U(0.5, 1.0)  N_hist=1680
------------------------------------------------------------------------------------------------------------------------
11X1X11XXX2XXXXXXXXXXXXXXXXXXXXX2XXXXX301XXXXXXX2XXXXXXXXXXXX11XXXXXXX1XX2XXXXXXXXXXXXXXXX21XX1XXXXXXXXXXXXXXXXX1121X11X
161XX2XXX11XXX1XXXXX1X10XXXXXXXXXXX1+XXXXXXX1XX11XXXX20XXXXXXXXXXXXXXXX2XXX02XXX1XXXXXXXXXXXX2211X2XX2XXXXXXX0XXXX1XXXXX
X


Generation 8/75  F=U(0.5, 1.0)  N_hist=1918
------------------------------------------------------------------------------------------------------------------------
111X11XXX2XX3XXXXX1XXXXXXXXXX2XXXXXXXXXXXXX2XXXXXX1XXXX21X2XXXXX1XX1XXXXXXXXXXXXXXXXXXXXX1X1XXX1XX3XXXXX2XXXXXXXXX1XXXXX
XXXXXXXXX1X1XXX1+XXXXXXXX21X1XX0XXXX00XX11XXXXXXXX1XXXXXXXXXXXXXXXXXXXX12XX2XX1XXXXXXX11XXXXXXXXXXXXXXXX1XXXXXXXXXXXXXXX
X


Generation 9/75  F=U(0.5, 1.0)  N_hist=2160
------------------------------------------------------------------------------------------------------------------------
1111212X0XXX2XXXXXXXX1XX2XXXXXXXXXXXXXXXXXXXXX1XXXXX1XX111XX1XXX01XXXXXXXX2XXXXXXXX101XXX1121X1XX2XX1X11X1XXXXXXXXXXXX1X
XXXXXXXXXXXXX1X111XX1XX11XXX1XXXXXXXXXXXXX1XXXX21XXXXXXX11XXXXXXXXXXXXXXXXXXXX1XXXXXXX2XXXXXXX1XXXXXXXXXXXXX1XXXXX1XXXXX


Generation 10/75  F=U(0.5, 1.0)  N_hist=2400
------------------------------------------------------------------------------------------------------------------------
111X1X111X1X1XXX1XXXX1XXXXXXXXXXXX2XXXXXXXXXXXXXXXXXXX2XXXXXXXXX1XXXXXXXXXXXXXXXX1XXXXXXX2XXXXXXXX1X1XXX0XXXX1X2XXXXXXXX
XXXXXXXXXXXXXX11XXXXXXXXXXXXX0XXXXXXXXXX1XXXXXXXXXXXX1XXXXXXXXXX1XX10XXXXX00XX11XXXXXXXXXXXXXXXXXXXXXX2XXXXXXXXXXXXX1XXX


Generation 11/75  F=U(0.5, 1.0)  N_hist=2640
------------------------------------------------------------------------------------------------------------------------
11X1111X1XX1+1X2X1XX1XXXXXXXXXXXXXXXXXXXXX1XXXXXX2XXXXXXXXXXXXX20XXXXXXXXXXX211XX11XX1X21XXXXXXXXX1XX1XXXXXX11XXXXXXXXXX
1XX1XXXXXXXXXXXXXXXXXXXXXXXXXX11XX11XXX1XXX1XXXXXXXXXXXXXX1XXXXXXXXXXX2XXX1XXXXXXXXXX201XXXXXXXXXXXX111XXXXXXXXXXXX1XXXX
X


Generation 12/75  F=U(0.5, 1.0)  N_hist=2879
------------------------------------------------------------------------------------------------------------------------
1X11X1XX2XXXXX0XX2XXXXXXX1XXXXXXXXXXXXXXXXXXXXXXXXXX0XX11XXXXXXXXXXXXXXXX1X0XX1X1XXXXXXXXXXXXXXXXXXX1XXXXX1X1XXXXXXXXXXX
XXXXXXXXXX11XXXXXXXXXXXXXXXXXXXXXXXXXXX0XXXXXXXXXXXXXXX1XXXXXXXXXXXX1X1X1XXXXXXXXXXXXXXXXXXXXXXXXXX101XX1X1XXXXXXX1XXXXX


Generation 13/75  F=U(0.5, 1.0)  N_hist=3119
------------------------------------------------------------------------------------------------------------------------
111XX1XXXXXXXXXXXXXXXXXXXXXXXXXXXXXXXXXXX01XXXXX1XXXXXXXXXXXX0XXXXXXXX1X01XXX1XXXX1XXXXXXXXXXXXXXXXXXXX1XXXXXXXXXX0X11XX
X1X0XXXX1XX1XXXXXXXXXXXX1X1XXX1XXXXXXX0XXXX1XXXXXXXX1XXXXXXX1XXXXXXXXXXXXXXXXXX1X0XXXXXXXXXXXXXXXXXXXX1XXXXXXX1XX1XXXXXX


Generation 14/75  F=U(0.5, 1.0)  N_hist=3360
------------------------------------------------------------------------------------------------------------------------
1X111X11X1X11+XXXXXXXXXX1X0XXXXXXXXXXXX1XXXXXXXXXXXXXX1XXXXXXXXXXXXX2XXXXXXXXXXXXXXX1XXXXXXXXXXXXXXXXXXX1XXXXXXXXXXXX1XX
XXXXXXXXXXXXXXXXX1XXXXXXXXX11XXXXXX0XXXXXX11XXXXXXXXXXXX1XXXXXXX1XX11XXXXXXXXXXXXX1XXXXXXX1XX0XXXXXXXXXXXXXX1XXXXXXXXXXX
X


Generation 15/75  F=U(0.5, 1.0)  N_hist=3600
------------------------------------------------------------------------------------------------------------------------
XXX1XXXXXXXXXXXXXXXXXXXXXXXXX1XXXXXXXXXXXXXXX1XXX1XXXXXXXXX0XXXXXXXXXXXXXXXXXXXXXXXXXXX1XXXXXXXXX1XX1XXXXXX1XXXXXXXXXXXX
XXXXXXXXX11X1XXXXXXXXXXXXXXXXXX1XXXXXXXXX0XXXXXX1XXXXX11X1XXXXXXX1XXXXXXXXXXXXXXXXXXXXXXXXXXXXXXXXXXXX0XX1XXXXXXXXXXXXXX


Generation 16/75  F=U(0.5, 1.0)  N_hist=3840
------------------------------------------------------------------------------------------------------------------------
0X111XXXXXXXXX0XXXXX1XXXXXXXXXXXXX01XXXXXXXX11XXXXXXXXXXXXXXXXXX1XXXXX21XXXXXXXXXX1XXXXXXXXXXXXXXXXXXXXXXX1XXXXXXXXXXXXX
XX0XXXXXXXXXXXXXXXX0XXXXXXXXXXXXXXXX1XX0XXXXXXXXXXXXXXXXXXXXXXXXXXXXXXXXXXXXXXXXXXXX1XXXXXXXXXXXXXXXXXXXXXXX0XXXXXXXXXXX


Generation 17/75  F=U(0.5, 1.0)  N_hist=4080
------------------------------------------------------------------------------------------------------------------------
X11

SSE=15.786 on eval 4094: L=8.40617e+07 b=24.1574 r=0.586902 rf=0.997242** t0=58.4959 th=20.6406

+1X1XXXXXXXXX0XXX1XXX1XXXXXX1XXXXXXXXXXXXXXXXXX2XXXXXX0XX1XXXXXXX1XXXXXXXXXXXXXX1XXXXXXXXXXXXXXXXXXXXX11XXXXXXXXXXX1X
XXXXXXX1XXXXXXXX1XXXXXXXXXX1XXX1XXXXXXXXXXXXX1XXXXXXXXXXXXXXXXXXXXXXXXXXXXXXX1XX1XXXXXXXXXXXXXXXXX1X1XXXXXXXXXXXX1XXXX1X
X


Generation 18/75  F=U(0.5, 1.0)  N_hist=4320
------------------------------------------------------------------------------------------------------------------------
11X11XXXXXXXX1XXXXXXXXXXXXXXXXX1X1XXXXXXXXXXXXXXXXXX0XXXXXXXXXXXXXXXXXXXXXXXXXXXXXXXXXX1XXXXXXXXXX1XXXXX1XXXXXXXXXXXXXXX
XXXX1XXX1XXXXXX1XXXXXXXXXX1XXXXXXXXXXXXXXX11XX11XXX1XXXXXXXXX1XXXXXXXXXXXXXXXXXXXXXXXXXXXXXX1XXXXXXXXXXXXXXXXXXXXXXXXXXX


Generation 19/75  F=U(0.5, 1.0)  N_hist=4560
------------------------------------------------------------------------------------------------------------------------
111X1X001XXXXXXXXXXXXXXXXXXXXXXXXXX1XXXX0XXXXXX1XXX1XX1X1XXXXXXXXXXXXXXXXXXX1XXXXXXXXXXXXXXXXXXXXXXXXXXXXXXXXXXXXXX0XXXX
XXXXXXXX11XX00XXXXXXXXXXXXXXXXXXXXXXXXX1XXXXXX02X1XXXXXXXXXXXXXXXXXXXXXXXXXXXXXXXXXXXXXXXXXXXXXXXXXX1XXXXXXXXXXXXXXXXXXX


Generation 20/75  F=U(0.5, 1.0)  N_hist=4800
------------------------------------------------------------------------------------------------------------------------
110X011XX11XXXXXXXXX1XX1XX1XXXXXXXXXXXXXXXXXX0XXXXXXXXXX1XX0XXXXXXXXXXXX0XX1X1XXX1X1XXXXXXXXXXX11XX1XXXXXXXXXXXXXXXXXXX1
XX11XXXXXXXXXXXXXXXXXXXXXXXXXXXXX0XXXXXXXXXXXXXXXXXXXXX1XXX10XXXXXXXXXXXXXXXXXXXXXXX0XXXXXXXXXXXXX0110X1XXXXXXXXXXXXXXXX


Generation 21/75  F=U(0.5, 1.0)  N_hist=5040
------------------------------------------------------------------------------------------------------------------------
1X0XX1XXXXXXXXXXXXXXXXXXXXXXXX0XXX1XXXXXXXXXXXXXXXX01XXXXXXXXXXXXXXXXXXXXXXXXXXXXXXXX1XXXXXXXXXXXXX10XXXXXXXX1XXXXXXXXXX
XXX1X1XXXXXXXX11X10XXXXXXXXXXXX0XX1XXXXXXX1XXXXX0XXXXXXXXXXXXXXXXXXXXXXX0XXXXXXX1X0XXXXXXXXXXXXXXXXXXXXXXXXXXXXXXXXXXXXX


Generation 22/75  F=U(0.5, 1.0)  N_hist=5280
------------------------------------------------------------------------------------------------------------------------
1X1XXX0XXXXXXX1XXXXXXXXXXXX1XXXXXXX0XXXXXXXX1XXXXXXXXXXXXXXXXXXXXXXXX11XXXX1X0XXXXXXXXXXX0XXXXXXXXXXXXXXXXXXXXXXXXXXXXXX
XXXXXXXXXX0XX0XXXXXXXXXXXXXXXXXXXXXXXXXXXXXXXXXXXXXXXXXX0XXXXX0XXXXXXXXXXXXXXXXXXXXX1+XXXXXXXXXXXXXXXXXXXXXX1XXXXXXXXXXX
X


Generation 23/75  F=U(0.5, 1.0)  N_hist=5519
------------------------------------------------------------------------------------------------------------------------
X0XXXXXXX0XXXX1XXXXXX1XXXXXXXXXXXXXXXXXXXXXXXXXXXXXXXXXXXXXXXXX1XXXXXXXXX1XXXXXXXXXXXXXXXXXXXXXXXXX1XXXXXXXXXXXXX01XX1XX
XXXXXXXXXXX00+XX1XXXXXXXXXXXXXXXXX0XXX1XXXXXX1XX1XXXXXXXXXXXXXXXXXXXXXXXXXXX1XXXXXXXXXXXXX0XXXXXXXXXXXXXXXXXXXX1XXX0XXXX
X


Generation 24/75  F=U(0.5, 1.0)  N_hist=5760
------------------------------------------------------------------------------------------------------------------------
01XX0XXXXXXXX1XXX11X01XXXXXXXXXXXXXXXXXX1XXXXXXXXXXXXXXX01XXXXXXXXXXXXXXXXXXXXXXXXXXXXXXX11XXXXXXXXXXXXXXXXXXXXXXXXXXX0X
XXXX1XXXXX1XXX1XXX1XXXX1XX0XXXXXXXXXXXXXXXXXXXXXXXXXXXXXX0XXXXXXXXXXXXXXXXXXXXXXXXXXXXXXXXXXXXXXXXX1XXXXXXXXXXXXXXXXXXXX


Generation 25/75  F=U(0.5, 1.0)  N_hist=6000
------------------------------------------------------------------------------------------------------------------------
100XX10XXXXXXXXXX1XXXXXXX1XXX1XXXXXXXXXXXXXXXXXXXXXXXXXXX1XXXXXXXXXXXXXXXXXXXXXXX1X1X11XXXX0XXXXXXXXXXXXXXXX0XX1XXXXXXXX
XXXXXXXX0XXXXXXXXXXXXXXXXXXXXXXXXXXXXXXXXXXXX0XXX1XXXXXXXXXXXXXXXXXXXXXXXXXXXXXXXXXXXXXXXXXXXXXXXXXXXXXXX0XXXXXXXXXXXXXX


Generation 26/75  F=U(0.5, 1.0)  N_hist=6240
------------------------------------------------------------------------------------------------------------------------
1X0X1X0XXXXXX1XXXXXXXX1XXXXXXXXXXXXXXXX00XXXXXX1XXXXXXXXXXXXXXXXXXXXXXXXXXXXXXXX0XXXXXXXXXXXXXXXXXXXXXXXXXXXXXX0XXXXX1XX
XXX1XXXXXXX1XXX0XXXXXXXXXXXXXXXXXX0XXXXXXXXXXX1XXXXXXXXXXXXXXXXXXXXXXXXXXXXXXXXXXXXXXXXXXXXXXXXXXXXX1XXXXXXXXXXXXXXXXXX0


Generation 27/75  F=U(0.5, 1.0)  N_hist=6479
------------------------------------------------------------------------------------------------------------------------
X011XXXXX1X1010XXXXX1XXXXX1XXXXXXXXXXXXXXXXXXXX10X0XXXXXXXXXXXXXXXXXXXXXXXXXXXXXXXXXXX0XXXXXXXXXXX1XXXX1XXXXXXXXXX1XXXXX
110XXXXXXXXXXXXXXXXX0XXXXXXXXXXXXXXXXXXXXXXXXX1XXXXXXXXXXXXXXXXXXXX0XXXXXXXX0X1XXXXXXXXXXXXXXXXXXXXXXXXX0XXXXXXXXXXXXXXX


Generation 28/75  F=U(0.5, 1.0)  N_hist=6720
------------------------------------------------------------------------------------------------------------------------
XXXXXX1XXXXXXXXXXXXXXXXXXXXXXXXXXXXXXXXXXXXXXXXXXXXXXXXXXXXXX0XXXXXXXXXXXXXXXXXXX1X0XXXXXXXXXXXXXXXXXXXXXXXXXXXXX11XX10X
XXXXXXXXXXXXXXXXXXXXXXX0XXXXXXXXXXXXXXXXXXXXXXXXXXXXXXXXXX0X1XXXX0XXXXXXXXXXXXXXXXXXXXXXXXXXXXXXXXXXXXXXXX0XXXXX10XXXXXX


Generation 29/75  F=U(0.5, 1.0)  N_hist=6958
------------------------------------------------------------------------------------------------------------------------
010XXXXXXXXXXXXXXXXXXXXXXXXXXXXXXXXXXXXXXXXXXXXXXXXXXXXXXXXXXXXXXXXXXX0XXXXXXXXXXXXXXXXXXXXXXXX1XXXX1XXXXXXX1XXXXXXXXXXX
XXXXXXX1XX1X1XXXXXXXXXXX1XXX1X1X0XXXXXXXXXXXXXXXXXXXXXXXXXXXXX1XXXXX1XXXXXXXXXXXXXXXXXXXXXXXXXXXXXXXXXXXXXXXXXXXXXXXXXXX


Generation 30/75  F=U(0.5, 1.0)  N_hist=7200
------------------------------------------------------------------------------------------------------------------------
00XX10XXXXXX0XXXXXXXXXXXXXXXXXXX1XXXXXXXXXXXXXXXXXXXXXXXXXXXXXXXXXXXXXXXXXX0XXXXXXXXXX00XXXXXXXXXXXXXXXXXX1X0XXX0XXXXXXX
XXXXX10XXXX1XXXXXXXXXXXXXXXXXXXXXXXXXXXXXXXXXXXXXXXXXXXXXXXXXXXXXX1XXXXXXXXXXXXXXXXXXXXXX1XXXXXXXXXXX0XX1XXXXXXXXXXXXXXX


Generation 31/75  F=U(0.5, 1.0)  N_hist=7440
------------------------------------------------------------------------------------------------------------------------
X00XXXXXXXXXXXXXXXXXXXXXXXXX0XXXXXXXXXXXX0XXXXXXXXXXXXXXXXXXXXXXXXXXXXX1XXXXXXXXXXXXXXXXXXXXXXX1XXXXXX0XXXXX1XXXXXXXXXXX
XXXXXXXXXX10XXXXXXXXXX0XXXXXXXXXX0XXXXXXXXXXXXXX001XXXXXXXX0XX111XX0X1XXXXXXXXXXXXXXXXXXXXXXXXXXXXXXXXXXXXXXXXXXXXXXXXXX


Generation 32/75  F=U(0.5, 1.0)  N_hist=7680
------------------------------------------------------------------------------------------------------------------------
0X1X1XXXXXXXXXXXXXXXXXXXXXXXXXXXXXXXXXXXXXXXXXX1XXXXXXXXXXXXXXX1X0X1XXXXXXXXXXXXXXXXXXXXX0XXXXXXX0XXXXXXXXXXXXXXXXXX1XXX
XXXXXXXXXXXXXXXXXX1XXX01XXXXXXXXXXXXXXXXXXXXXXXXXXXXX0XXXXXXXXXXXXXXXXXXXXXXXX0XXXXXX10XXXXXXXXXXXXXXXXXXXXXXXXXXXXXXXXX


Generation 33/75  F=U(0.5, 1.0)  N_hist=7920
------------------------------------------------------------------------------------------------------------------------
X1XXXXXXXX10X1XXX0XXXXXXXXXXXXXXXXXXXXXXXXXXXXXXXXXXXXXXXXX1XXXXXXXXXXXXXXXXXXXXXXXXX11XXXX0XXXXXXXXXXXXXXX1XXXX1XXXXXXX
XXXXXXXXXX1X0X0XXXXXXXXXXXXX0XXXXXXXXXXXXX0XXXXXXXXXXXXXXX01X0XXXXXXXXXXX00XXXX1XXXXXXXXXXXXXXXXXXXXXXXXXXXXXXXXXXXXXXXX


Generation 34/75  F=U(0.5, 1.0)  N_hist=8160
------------------------------------------------------------------------------------------------------------------------
XXXXXXX0XXXXXXXXXXXXXXX0XXXXXXXXXXXXXXXXXXXXXXXXXXXXX1XX101XXXXXXXXXXXXXXXXXXXXXXXXXXXXXXXXXXXXXXXXXXX0XXXX1X0XXXXXXXXXX
XXXXXXXXXXX0XX0XXXXXXXXXXXXXXXX0XXXXXXXXX0XXXXXXXX1XXX00XXXXXX0XXXXXXX1XXXXXXXXXXXXX0XXXXXXXXXXXXXXXXXXXXXXXXXXXXXXXXXXX


Generation 35/75  F=U(0.5, 1.0)  N_hist=8400
------------------------------------------------------------------------------------------------------------------------
00X10X1X1X100X0XXXXXX0XXXXXXXXXXXXXXXXXXXXX1XXXX11XXXXXXXXXX0XXXXXXX1XXXXXXXXXXXXXXXXXX0XXXXXXXXXXXXXXXXXXXXXXXXXXXXX0XX
0XX1X0XXXXXXXXXXXXXXXX0XXXXXXXXXXXXXXXXXXX1XXXXXXXXXXXXXXXX0XX0XXXXX0X0XXXXXXXXXXXXXXXXXXXXXXXXXXXXXXXXXXXXXXXXXXXXXXXXX


Generation 36/75  F=U(0.5, 1.0)  N_hist=8640
------------------------------------------------------------------------------------------------------------------------
1X0XXXX1XXXXXXXXXXXXXXXXXXXXXXXXXXXXX0X0XXXXXXXXXXXXXXXXX10XXXXXXXXXXX0XXXXXXXXXXXXXXX0XXXXXXXXX00X1XXXXXXXXXXXXXXXXXXXX
XXXX0XXXXXXXXX1XX1XX0XXXXXXXXXXXXXXX01XXXXXXXXXXXXXXXXXXXXXXXXXXXXXXXXXXXXXXXXXXXXXXXXX10XXXXXXXXXXXXXXXXXXXXXXXXXXXXXXX


Generation 37/75  F=U(0.5, 1.0)  N_hist=8880
------------------------------------------------------------------------------------------------------------------------
00XXX1XXXXXXXXX1XXX0XXXXXXXXXXXXXXXXXXXXXXXXXXXXXXXXX0XXXXXXX1XXXXXXXXXXXXXXXXXXXXXXXXXXXXX0+X0XXXXXXXXX1X1XXX0XXXXXXXXX
XXXXXXXXXXXXXXX0XXXXXXXXXXXXXXXXXXXX00XXXXXXXXXXXXXXXXXXXXXXXXXXXXXX0X0XXXXXXXXXXXXXXXXXXXXXXXXXXXXXXXXXXXXXXXXXXXXXXXXX
X


Generation 38/75  F=U(0.5, 1.0)  N_hist=9120
------------------------------------------------------------------------------------------------------------------------
XX1XXXXXXXXXXXXXXXXXXXXXXX0XXXX1XXXXXXXXXXXXXXXXXXXXXXXXXXXXXXXXXXXXXXXXXXXXX0XXXXXXXXXXXXXXXXXXXXXXXXXXXXXXXXXXXXXXXXXX
XXXXXXXXXXXXXXX1XX0XXXXXXXXX1XXXXXXXXXXXX0XXXXXXXXXXXXXXXX0XXXXXXXXXXXXXXXXXXXXXXXXXXXXXXXXXX1XXXXXXXXXXXXXXXXXXXXXXXXXX


Generation 39/75  F=U(0.5, 1.0)  N_hist=9360
------------------------------------------------------------------------------------------------------------------------
X1XXXXXXXXXXXXXXXXXXXXXXXXXXXXXXXXXXXXXXXXXXXX1X01XXXX1XXXXXXXXXXXXXXXXXXXXXXXXXXXXXXXXXXXXXXXXX0XXXXXXXXXXXXXXXXXXXXXXX
XXXXXXXXXXXX1XXXXXXXXXXXXXXXXX1XXXXXXXXXXXXXXXXXXXXXXX1XXXXXXXXXXXXXXXXXXXXXXXXXXXXXXXXXXXXXXXX0XXXXXXXXXXXXXXXXXXXXXXXX


Generation 40/75  F=U(0.5, 1.0)  N_hist=9600
------------------------------------------------------------------------------------------------------------------------
1XXXXXXXX0XXXXXXXXXXXXXXXXXXXXXXXXXXXXXXXXXXXXXXXXXXXXXXXXXX0X0XXX0XX1X0XXXXXXXXXXXXXXXXXXXXXXXXXXX0XXXXXXXXX0XXXX1XXXXX
XXXXXXXXXXXXXXXXX0XXXXXXXXXXXX1XXXXXXXXXXXX00XXXXXXXXX1XX0XXXXXXX10XXXXXXXXXXXXXXXXXXXXXXXXXXXXXXXXXXXXXXXXXXXXXXXXXXXXX


Generation 41/75  F=U(0.5, 1.0)  N_hist=9840
------------------------------------------------------------------------------------------------------------------------
0XX11X1XXXXXXXXXXXXXXXXXXXXXXXXXXX0X1XXXXXXXX0XXX0XXXXXXXXXXXXXXXXXXXXXXXXXXXXXXXXXXXXXXXXXXXXXXXXXXXXXXX0XXXXXXXXXXXXXX
XXXXXXXXXXXXXXXX00XXX1XXXXXXXXXXXX1XXXXXXXXXXXXXXXXXXXXXX0XXXXXXXXXXXXXXXXXXXXXXXXXXXXXXXXXXXXXXXXXXXXXXXXXXXXXXXXXXXXXX


Generation 42/75  F=U(0.5, 1.0)  N_hist=10080
------------------------------------------------------------------------------------------------------------------------
1XXXXXXXX1XXXXXXXXXXXXXX0XXXXXXXXXXXXXXXXXXXXXXXXXXXXXXXXXXXXXXXXXXXXXXXXXXXXXXX0XXXXXXXXXXXXXXXXXXXXXXXXXXXXXXXXXXXXXXX
XXXXXXXXXXXXXXXX1XXXXXXXXXXXXXXXXXXXXXXXXXXXXXXXXXXX0XXX00XXX0XXXXXXXXXXXXXXXXXXXXXXX0XXXXXXXXXXXXXXXXXXXXXXXXXXXXXXXXXX


Generation 43/75  F=U(0.445, 1.0)  N_hist=10320
------------------------------------------------------------------------------------------------------------------------
0XXXXXXXXXXXXXXXXXXXXXXXXXXXXXX0XXXXXXXXXXXXXXXXXXXXXXXXXXXXXXXXXXXXXXXXXX0X0XXX0X0XXXXXXX0XXXXXXXXXXXXXX0XXXXXXX100XXXX
XX1XXXXXXXXXXXXXXXXXX1XXXXXXXXXXXXXXXXXXXXXXXXXX0XXXXXXXXXXXXXXXXXXXXXXXXXXXXXX0X0XX0XXX1XXXXXXXXXXXXXXXXXXX0XXXXXXXXXXX


Generation 44/75  F=U(0.493056632402, 1.0)  N_hist=10560
------------------------------------------------------------------------------------------------------------------------
0000X0XXXXXXXXXXXXXXXXXXXXXXXXXXXXXXXX1XXXXXXXX0XXXX1XXX1XXXXXX0XXXXXXXXXXXXXXXXXXXXXXXXXXXXXXXXXXXXXXXXXXXXXX0XXXX0X0XX
XXXXXXXXXXXXXXXXXXXXXXXXXXXXXXXXXXXXXXXXXXXXXX1XXXXXXXXXXXXX0XXXXXXXXXXXXXXXXXXXX00XXXXXX0XXXXXXX1X01XXXXXXXX1XXXXXXXXXX


Generation 45/75  F=U(0.5, 1.0)  N_hist=10800
------------------------------------------------------------------------------------------------------------------------
X0X0XX1X0XXXXXXXX0XXXXXXXXXXXXXXXXXXXXXXXXXXXXXXXXXXXXXXXXXXXXXXX10XX0XXXXXXXX0XXXXXXXXXXXXXXXXXX00XXXXXXXXXXXXXXXXXXXXX
XXXXXXXXXXXXXXXX0XXXXXXXXXXXXXXXXX0XXXXXXXXXXXXXXX01XXXXXXXXXXXXXXXXXXXXXXXX0XXXXXXXXXXXXXXXXXXXXXXXXXXXXXXXXXXXXXXXXXXX


Generation 46/75  F=U(0.445, 1.0)  N_hist=11040
------------------------------------------------------------------------------------------------------------------------
X1XXXXX0XX0XXXXXXXXXXXXXX0XXXX0X01XXXXXXXXXXXXXXXXXXXXXX0XXXXXXXXXXXXXXXXX0XXXXXXXX1XXXXXXXXXXXXXXXXXXXXXXXXX0XXXXXXXXXX
XXXXXXXXXXX0XXXXXXXXXXXXXXXXXX1XXXXXXXXXXX0XXXXXXXX0XXXXX0XXXX0XXXX1XXXXXXXXXXXXXXXXXXXXXXXXXXXXXXXXXX0XXX01XXXXXXX1XXXX


Generation 47/75  F=U(0.493056632402, 1.0)  N_hist=11279
------------------------------------------------------------------------------------------------------------------------
XXXXXXXX0XXXXXXXXX0XXXXXXXXXXXXXXXXXXXXXXXXXXXXX0XXXXXXXXXXXXXXXX10XXX0XXXXXXXXXXXXXXXXXXXXXX0XXXXXX0XXXXXXXXX0XXXXXXXXX
XXXXXXXX00XXXXXXXXXXXXXXXXXXXXXXXXXXXXXXX00XXXXXXXXXXXXX0XXXXXXXXXXX0X1X0XXXX0XXXXXXXXXXXXXXXXX0XXXXXXXXX1XXXXXXXXXXXXXX


Generation 48/75  F=U(0.5, 1.0)  N_hist=11520
------------------------------------------------------------------------------------------------------------------------
000XX0XXXXXXXXXXXXXXXXXXXXXXXXXXXXXXXXXXXXXXXXX0XXXXX0XXXXXXXXX1XXXXXXXXXXXX0XXXXXXXXXXXXXXXXXXXXXXXX1XXXXXXXXXXXXXXXXXX
XXXXXXXXXXXXXXXXXXXXXXXXXXX0XXXXXXXXXXXXXXXXX0XX0XXXXX0XXXXXXXXXXXXXXXXXXXXXXX0XXXXXXXXXXXXXXXXXXXXXXXXXXXXXXXXXXXXXXXXX


Generation 49/75  F=U(0.5, 1.0)  N_hist=11760
------------------------------------------------------------------------------------------------------------------------
XX0XXX0XXXXXXXXXXXXXXXXXXXXXXXXXXXXXXXXXXXXXXXXXXXX00XX10XXXXXXXXXXXXXXXXXXX0XXXXXXXXXXXXXXX0XXXXXXXXXXXXX0X1X0X0XXXXXXX
XXXXXXXXXXXXXXXXXXXXXXXXXXXXXXXXXXX0XXXXX000XXX1XXXXXXXXXXXXXXXXXXXXX0XXXX0XXXXXXXXXXXXXXXXXXXXX1XXX0XXXXXXXXXXXXXXXXXXX


Generation 50/75  F=U(0.5, 1.0)  N_hist=12000
------------------------------------------------------------------------------------------------------------------------
XXX0XXXXXXXXXX0XXXXXXXXXXXXXXXXXXXXXXXXXXXXXXXXXXXX0XXXXXXX0XXXXXXXXXXXXXXXXXXXXXXXXXXXXX0XXXXXXXXXX1XXXXXXXX0XXXXXXXXXX
XXXXXXX0X0XXXXXXXXXXXXXXXXX10XXXXXXXXXXXXXXXXXXXXXX0XXXXXXXXXXXXXXXXXXXXXXXXXXXXXXXXXXXXXXXXXXXXXXXXXXXXXXXXXXXXXXXXXXXX


Generation 51/75  F=U(0.445, 1.0)  N_hist=12240
------------------------------------------------------------------------------------------------------------------------
0XX0XXXXXXXXXXXX0XXXXXXXXXXXXXXXXXXXXXXXXXXXXXXXXXXXXXXXXXXXXXXXXXXXXXXXXXXXXXXXXXXXXXXXXXXXXX10XXX0XXXXXXXXXXXXXXX00X0X
XXXXXXXXXXXXXXXXXXXX00XXXXXXXXX0XXXXXXXXXXXX1XXX0XXXXXXXXXXXXXXXXXXXXX0XXXXXXXXXXXXXXXXXXX0XXXXXXXXXXXXX0XXXXXXXXXXX0XXX


Generation 52/75  F=U(0.493056632402, 1.0)  N_hist=12480
------------------------------------------------------------------------------------------------------------------------
XXX1X0XXXXXXXXXXXXXXXXXX0XXXXXXXXXXXXXXXXXXXXX1XXXX0XXXXXXXX0XXXXXXXXX0XXXXXXXXXXXXXXXXXXXXXXXXX0XXXXXXXX0XXXXXXXXXXXXXX
00XXXX0XXXXXXXXXXXXXXXXXXXXXX0XXXXXXXXXXXXXXXXXXXXXXXXXXXXXXXXXXXX0XXXXXXXXXXXXXXXXXXXXXXXXXXXXXXXXXXXXXXXXXXXXXXXXX0XXX


Generation 53/75  F=U(0.5, 1.0)  N_hist=12720
------------------------------------------------------------------------------------------------------------------------
0X00XXXXX0XXXXXXXXXXXXXXXXXXXXXXXXXXXXXXXXXXXXXXXXX0XXXXXX0XXXX0XXXXXXXXXXXXXXXXXXXXXXXXXXXXXXX1XXXXXXX0XXXXXXXXXXXXXXXX
XXXXXXXXXXXXXXXXXXXXXXXXXXX0XXXXXXXXX0XXXXXXXXXXXXXXXXXXXXXXXXXXXXXXXXXX0XXXXXXXXXXXXXXXXXXX0XXXXXXXXXXXXXXXXXXXXXXXXXXX


Generation 54/75  F=U(0.445, 1.0)  N_hist=12960
------------------------------------------------------------------------------------------------------------------------
0X0XX0XXXXXXXXXXXX0XXXXXXXXXXXXX0XXXXXX0XXXXXX0XXXXXXX1XX000XXXXXXXXXXXXXXXXXX1XXXXXXXX0XXXXXXXXXXXXXXXXXXXXXXX0X0X0XXXX
XXXX0XXXX0XXXXXXXXXXXXXXXX0XXX0XXXX0XXXXXXXXXXXXXXXX00XXXXXXXXXXXXXXXXXXXXXXXXXXXXXX0XXXXXXXXXXXXXXXXXXX0XXXXXXXXXXXXXXX


Generation 55/75  F=U(0.493056632402, 1.0)  N_hist=13200
------------------------------------------------------------------------------------------------------------------------
0XXXXXXXXXXXXXXXXXXX1XXXXXX0XXXXXXXXXXXXXXXXXXXXXXXXXXXXXXXXXXXXXX0XXXXXXXXXXXXXXXXXXXXXXXXXXXXXXXXXXXXXXXXXXXXXXXXXXXXX
XXXXXXXXXXXXXXXXXXXXXXXXXXXXXXXXXXXXXXXXXXXXXXXXXXXXX0XXXXXXXXX0XXXXXXXXXX0XXXXXXXXXXXXXXXXXXXXXXXXXXXXXXXXXXXXXXXXXXXXX


Generation 56/75  F=U(0.438820402838, 1.0)  N_hist=13440
------------------------------------------------------------------------------------------------------------------------
XXXX0XXXXXXX0XXX0XXXXXXXXXXXXXXXXXXXXXXXXXXXXXXXXXXXXXXX0XXXXXXXX00XXXXXXXXXXXXXXXXXXXXXXXXXXXXXXXXXXXXXXXXXXXX0XXXXXX0X
X0XXXXXXXXXXXXXXXXXXXXXXXXXXXXXX0XXX0XXX1XXXXXXXXXXXXXXXXXXXXXXXXXXXXXXXXXXXXX0XXXXXXXXXXXXXXXXXXXXXXXXXXXXXXXXXXXXXXX0X


Generation 57/75  F=U(0.390550158526, 1.0)  N_hist=13680
------------------------------------------------------------------------------------------------------------------------
00000X00XXX0XXXXXXXXXXXXXXXXXXXXXXXXXXXXXXXXXXXX0X0XXXX0XXXXXXXXXXX0XXXXXX0XXX0XXXXXXXXXX0XXXXXXXXXXX0X0XXXXXXX0XXXXX0XX
XXXXXXXXXXX0XXXX0XXX0XXX0XXXXXX0XXXXXXXXXXXXXXXXXXXXXXXX0XX0XXXXXXXXXX0XXXXXX0XXXXXXXXXXXXXXXXXXXXXXXXXXXXXXXXXXXXX0XXXX


Generation 58/75  F=U(0.432726620105, 1.0)  N_hist=13919
------------------------------------------------------------------------------------------------------------------------
0000X0XX0XXXXXXXXXXXXXXXX0XXXXXXXXXXXXXXXXXXXXXXXX0XXXXX00XXXXXXXXX0XXXXXXXXXXXXXXXXXXXX0XXXXXXXXXXXXXXXXXXXXXXXXXX0XXXX
XXXXXXXXXX0XX0XXXXXXXXXXXXXXXXXXXX00XXXXXXXXX0X0XXXXXXXXXXXXXXXXXXXXXXXXXXXXXXXX0XXX0XXXXXXXXXXXXXXXXXXXXXXXXXXXXXXXXXXX


Generation 59/75  F=U(0.479457820359, 1.0)  N_hist=14160
------------------------------------------------------------------------------------------------------------------------
X0XXXXXXXXXXXXXXXXXXX0XXX0XXXXXXXXXXXXXXXXXXXXXXXXXXXXXX0XXX0XXXX0XXXXXXXXXXXXX0XXX0XXXX0XXXXXXXXXXXXXXXXXXXXXXXXXXXXXXX
XXXXXXXXXXXXXXXXXXXXXX0XXXXXXXXXXXXXXXXXXXXX0XX0XXX0XX0XXXXXXXXX0XXXXXXXXXXXXXXXXXXXXXXX0XXX0XXXXXXXXXXXXXXXXXXXXXXXXXXX


Generation 60/75  F=U(0.5, 1.0)  N_hist=14400
------------------------------------------------------------------------------------------------------------------------
000XXXXXXXXXXXXXXXXXXXXXXXXXXXXXXXX0X00XXX00XXXXXXXXXXXXXXX0XXXXXXXXXXXXXXXXXXX0XXXXXXXXXXXXXXXX0XXXXXXXXXXXXXXXXXXXXXXX
XXXXXXXXXXXXXXXXXXXXXXX00XXXXXXX0XXXXXXXXXXXXXXXXXXXXXXXXXXXXXXXXX0XXXXXXXXXXXXX0XXXXXXXXXXXX0XXXXXXXXXXXXXXXXXXXXXXXXXX


Generation 61/75  F=U(0.445, 1.0)  N_hist=14640
------------------------------------------------------------------------------------------------------------------------
X000XXXXXXXXXXXXXXX0XXX0XXXXXXXXXXXXXXXXXXXXXXXX0XXXXXX0XXXXXXXXXXXXX0XXXXX0XXXXXXXXXXX0XXXXXXXX0X0XXX0XXXXXXXXXXX1XXXXX
XXXXXXXXXXXXXXXXXXXXXXXXXXXXXXXXXXXXXX0XXXXXXXXXXXXXXXXXXXXXXXXXXXXXXXXXXXXXX0XX0XXXXXXXXXXXXXXXXXXXXXXXXXXXXXXXXXXXXXXX


Generation 62/75  F=U(0.493056632402, 1.0)  N_hist=14880
------------------------------------------------------------------------------------------------------------------------
X00XX00XX0XXXXX0XXXXX0XXX0XXXXXXXXXXXXXXXXXXXXXXXXXXXXXXXXXXXXXXXXX0X0XXXXXX0XXXXXXXXXXXXX0XXXXXXXXXXX0XXXXXXXXXXXXXXXXX
XXXXXXXXXXXXXXXXXXXXXX0XXXXXXXXXXXXXXXXXXXXXXXXX00XXXXXXXXXXXXXXXXXXXXXXXXXXXXXXXXXXXXX1X0XXX0XXXXXXXXXXXXXXXXXXXXXXXXX0


Generation 63/75  F=U(0.438820402838, 1.0)  N_hist=15119
------------------------------------------------------------------------------------------------------------------------
0XXXXXXXXXXXXXXXXXXXXXXXXXXXXX0XXXXXX0XXXXXXXXXXX0XXXXXXXXXXX0XXXXXXXXXXXXXXXXXXXXXXXXXXXXXXXXXX1XXXXXX0XXXXXXXXXXXXXXXX
XXXXXX0XXXXXXXXXXXXXXXXXXXXXXXXXXXXXXXX0XXXXXXXX010XXXXXXXXXXXXXX0XX0XXXXXXXXXX0XXXXXX0XXXXXX0XXXXXXXXXXXXXXXXXXXXXXXXXX


Generation 64/75  F=U(0.390550158526, 1.0)  N_hist=15360
------------------------------------------------------------------------------------------------------------------------
XXX00XXXXXXX0XXXXXXXXXXXXXXXXXXXXXXXXXXXXXXXXXXXXXXXXXXXXXXXXXX0XXXXXXXXXXXXXXXXXXXXXXXXXXXXXXXXXXXXXXXXXXXXXXXXXXXXXXX0
XXXXXXXXXXXXXXXXXXXX0XXXXXXX0XXXXXXXXXXXXXXXXX0XXXXXXXXXXXXXXXXXXXXXX0XXXXXXXXXXXXXXXX0XXXXXXXXXXXXXXXXXXXXXXXXXXXXXXXXX


Generation 65/75  F=U(0.347589641088, 1.0)  N_hist=15600
------------------------------------------------------------------------------------------------------------------------
XXX00X00X0XX1XXXXXXX0XXXXXXXXXXXXXXXXXXXXXXXXX0XXXXX00XXXXXXXXXXXXXXXXXXXXXXX00XXXXXXXXXXXXXXXX0XXXXXXXXXXXXXXXXXXXXXXXX
XX0XXXXX0XXXXXXXXXXXXXXXXXXXXXXX0XX0X0XXXXXXXXXXXXXXXXXXXXXXX0XX0XXXXXXX0XX0XXXXXXXXXXXXX0XXXXXXXXXXXXXXXXXX0XXXXXXXXXXX


Generation 66/75  F=U(0.309354780568, 1.0)  N_hist=15840
------------------------------------------------------------------------------------------------------------------------
00XX0XX0X0X0X0XXXXXXXXXXXX0XXXXXXXXXXXXXXXXXXXXXXXXX0XXX0XXXXXXXXXXXXXXXXXXXXXXXXXXXXXXXXXXX0XXXXX0XXXXXXXXXXXXXXX0+0XXX
XXXXXXX0XXXX0XXX0XXXXXXXXXXXXXXXXXXX0XXXXXXX0XXX0XXXXXXXX0XXX000XXXXXXXXXXXXXXXXXX0X0XXXXXXXXXXXXXXXXX0XXXXXXXXXXXXXXXXX
X


Generation 67/75  F=U(0.342762755785, 1.0)  N_hist=16080
------------------------------------------------------------------------------------------------------------------------
X0XXXXXXXXXXXXXXXXXXXXXXXXXXXXX000XXXXXXXXXXX00XXX0XXXXXXXXXXXXXXXXXXXXXXX0XXXXXXXXXXX00XXXXXXXXXXXXXXXXXXXXXXXXXXXXXXX0
1XXXXXXXXXXXXXXXXXXXXXXXXXXXXXXXXXXX0XXXXXXXXXXX0XXXXXXXXXXXXXXXXXXXXXXXXXXXXXXXXXXXXXXXX0XXXXXXXXXXXXXXXXXXXXXXXXXXXXXX


Generation 68/75  F=U(0.305058852649, 1.0)  N_hist=16320
------------------------------------------------------------------------------------------------------------------------
XXXXXXXXXXXX0XX0XXXXXXX0X0XXX0XXXXX0XXXXXXXXXXXXXXXXXXXXXXXXXXXXXXXXXXXXXXXXXXXXXXXXXXXXXXXXXXXXXXXXXXXXXXXXX0XXXXXX0XXX
XXXXXXXXXXXXXXXXXX0X0XXXXXXX0XXXXXXXXXXXXXXXXXXXXXXXX0XXXXXXXXXX0XXXX0XXXXXXXXX0XXXXXXXXXXXX0XXXXXXXX0XXXXXX0XXXXXXXXXXX


Generation 69/75  F=U(0.271502378857, 1.0)  N_hist=16560
------------------------------------------------------------------------------------------------------------------------
0XXXXX0XXXXXXXXXXXXXXXXXXXX0XXX0XXX00XXXXX0XXXXXXXXXXXXX0XXXXXXX00XXX0X0XXXXXXXXXXX0XXXXXXXXXXXXX0XXXXXXXXXXXXXXXXXXXXXX
X0XXXXX0XXXXXXXXXXXXXXX0XXXXXXXXXXXXXXXXXXXXXXXXXXXXXXXXXXXXXXXXXXXX0XXXXXXXXXXX0XXXXXX0XXX0XXX0XXXXXXXXXXXXXXXXXXXXXXXX


Generation 70/75  F=U(0.241637117183, 1.0)  N_hist=16800
------------------------------------------------------------------------------------------------------------------------
0X0XXX0X00X00X0X00XX0XXXXXXXX0XXXXXXXXXXXXXXXXXXXXXXXXXXXXXXXXXXXXXXXXXXXXXXXXXXX0XX0X00X0XXXXXXXXX0XXX0XXXXXXXXXXXXXXXX
XXXXXXXX0XXXXX0XX0XXXXXXXXXX0XX0XXXXX0XXXXXXXXX0XXXXXXX0XXXXXXXX00XXXXXXXXXX00XXXXXXXXXXXXX0XXX0XXXXXXXXXX0XXXX0XXXXXXXX


Generation 71/75  F=U(0.267732097217, 1.0)  N_hist=17040
------------------------------------------------------------------------------------------------------------------------
0X00X00XX0XXXXXXXXXXXXXXXXXXXX0XXX0XXXXXXXXXXXXX0XXXXXXXXXXXXXXXXXXXXXXXXXXXXXXXXXXXXXXXXXXXXXXXXXXXXXXXXXXXXXXXXXXXXXX0
XXXXX0XX0XX0XXXXXXXXXX0XXXXXXXXXXXXXXX00XXXXXX0XXX00XXXXXXXX0XXXXXXXX0XXX0XXXXXXXXXXXX0XXXXXXXXXXXXXXXXX0XXXXXXXXXXXXXXX


Generation 72/75  F=U(0.238281566523, 1.0)  N_hist=17280
------------------------------------------------------------------------------------------------------------------------
XXXX00XXXXXXXXXXXXXXXXXXXXXXXXXX0XXXXXXXXXXXXXXXXX0XXXXXXXXXX0XXXXXX0XXXXXXX0XXXXXXXXXXXXXXXXXXXXXX0XX0XX000XXXXXX00XXXX
XXXXXXXXXXX0XXX00XX0XXXXXXXXXX0XXXXXXXXXXXXX0XXXXXXX0XXXXXXXXXXXXX0XXXXXXX0XXXXXXXXXXXXXXXXXXXXXX0XXXXXXXXXXXXXXXXXXXXXX


Generation 73/75  F=U(0.212070594206, 1.0)  N_hist=17520
------------------------------------------------------------------------------------------------------------------------
0X0XX0XXXXXXXXXXXXXXXXXX0XXXXXXXXXXXXXXXXX00XX0XXXX0XXXXXXXX0XXXXXXXXXXXXXXXXXXXX0XXXXXXXXXXXXXXXX00XXXXXXXXXXXXXXXXX0X0
XXXXX0XXXXXXX0XX00X0X0X0XX0XXXXXXXXX0XXXXXXXXXXXXXXXXXXXXXXXXXXXXXXXX0XXXXXXXX0XXXXXXXXXXXXXX0XXXXXXXXX0X0XXXXXXXXXXXXXX


Generation 74/75  F=U(0.188742828843, 1.0)  N_hist=17760
------------------------------------------------------------------------------------------------------------------------
0X0XXXX0XXXXXXXXXXXXXXXXXX0XXXXXXXXXX0XXX0XXXXXXXXXXXX0XXXXXX0XXXXXX00XXX00XX00XXXXXXXXXXXXX00XXXXXX0XXXXXXXXXXXXXX00X00
XXX0X0XX0XXXXXXXXXXXX0XXX0XXXXX0XXXX00000XXXXXXXXXX0XXXXXXXXXXX0XXXXXXXXXXXXXXXXXXXXXXX000XXXX0XXXXXXXXXXXXXXXXXXXXXXXXX


Generation 75/75  F=U(0.209125626021, 1.0)  N_hist=18000
------------------------------------------------------------------------------------------------------------------------
0X00XXX0XX00X0XXXXXXXXXXXXXXXXXXXXXXXXXXXXXXXXXXXXXXXXXXXXXXXXXXXXXXXXXXXXX0X0X000XXXXXXXXXXXXXXXX0XXXXXXXX0XXXXX0XXXXXX
XXXXX0XXXXXXXXXXXXXXXXXXXXXXXXXXXXXXXXXXXXXXXXXXX000XX00XX000XXX0XXXXXXXXXXXXXXXXXXX00XXXXXXXXXXXXXXXXX0XXXXXXXXXXXXXXXX


Maximum number of iterations reached.

SSE=15.66 on eval 18240: L=3.28899e+08** b=0.684326* r=0.510527 rf=0.997002** t0=60.8576 th=19.3445


Shutting down DE...
DE shutdown complete.

Final population:
Population: 240 individuals with SSE 15.66 to 15.913, avg eval time 0.0381 sec. Top 7:

        SSE |      15.66       15.663       15.665       15.669       15.671       15.671       15.674  
------------------------------------------------------------------------------------------------------------------------
          L |  3.289e+08** 1.8768e+08   2.8378e+08   2.5296e+08   2.4977e+08   3.0344e+08   7.9435e+07  
          b |    0.68433*      4.2984        5.207       9.1903       9.6501      0.21076*      4.1852  
          r |    0.51053      0.51747      0.50725      0.51177      0.52722      0.48868      0.50932  
         rf |      0.997**    0.99844**    0.99818**    0.99584**     0.9993**    0.99194       0.9899  
         t0 |     60.858       60.649       60.919       60.817       60.409       61.527       60.794  
         th |     19.345       19.453       19.426       19.225       19.572       18.667       18.961  
------------------------------------------------------------------------------------------------------------------------
Best individual:
<SSE=15.6600 L=3.28899e+08** b=0.684326* r=0.510527 rf=0.997002** t0=60.8576 th=19.3445>


Elapsed time: 258.85 seconds

Saved final population of best parameter combinations to covid19.dat
Shutting down...
Task Queue is shut down
Goodbye
