Decompressing and parsing covid19.csv.bz2...
Cumulative and new cases reported thus far for US
------------------------------------------------------------------------------------------------------------------------
000	01/22	1	0
001	01/23	1	0
002	01/24	2	1
003	01/25	2	0
004	01/26	5	3
005	01/27	5	0
006	01/28	5	0
007	01/29	5	0
008	01/30	5	0
009	01/31	7	2
010	02/01	8	1
011	02/02	8	0
012	02/03	11	3
013	02/04	11	0
014	02/05	11	0
015	02/06	11	0
016	02/07	11	0
017	02/08	11	0
018	02/09	11	0
019	02/10	11	0
020	02/11	12	1
021	02/12	12	0
022	02/13	13	1
023	02/14	13	0
024	02/15	13	0
025	02/16	13	0
026	02/17	13	0
027	02/18	13	0
028	02/19	13	0
029	02/20	13	0
030	02/21	15	2
031	02/22	15	0
032	02/23	15	0
033	02/24	51	36
034	02/25	51	0
035	02/26	57	6
036	02/27	58	1
037	02/28	60	2
038	02/29	68	8
039	03/01	74	6
040	03/02	98	24
041	03/03	118	20
042	03/04	149	31
043	03/05	217	68
044	03/06	262	45
045	03/07	402	140
046	03/08	518	116
047	03/09	583	65
048	03/10	959	376
049	03/11	1281	322
050	03/12	1663	382
051	03/13	2179	516
052	03/14	2727	548
053	03/15	3499	772
054	03/16	4632	1133
055	03/17	6421	1789
056	03/18	7783	1362
057	03/19	13677	5894
058	03/20	19100	5423
059	03/21	25489	6389
060	03/22	33276	7787
061	03/23	43847	10571
062	03/24	53740	9893
063	03/25	65778	12038

Initializing 210 population members having 7 parameters
------------------------------------------------------------------------------------------------------------------------
*996999!92999999479992999992!19399939992999929999999929993999999299489999!3999999929999999797992299939229299999969899599
299499!99999993999994999996379932974999599999939969599999949991999899999999992929989999999

Population: 210 individuals with SSE 11.418 to 10344, avg eval time 0.0161 sec. Top 7:

        SSE |     11.418       12.598       13.429       14.348       16.258       17.894       19.988  
------------------------------------------------------------------------------------------------------------------------
          L | 9.8333e+07   3.1449e+08** 2.3465e+08   3.0223e+08    2.617e+07   3.2861e+08** 2.5219e+08  
          a |     215.09        436.7       127.48       301.32       403.98       238.24       261.52  
          b |  0.0043391    0.0044611    0.0017159    0.0023023     0.024613     0.013088     0.022355  
          n |   0.044598*    0.027521*     0.37198     0.089553       0.1245      0.41933      0.57004  
          r |     0.1802      0.18219      0.18902      0.18986      0.14001      0.17797      0.12889  
         t0 |     263.43       170.93       244.38        213.8       427.97       371.81        75.57  
         ts |     49.547        53.13       50.128       49.724       52.309       54.043       52.269  
------------------------------------------------------------------------------------------------------------------------
Best individual:
<SSE=11.4180 L=9.83331e+07 a=215.091 b=0.00433915 n=0.0445983* r=0.180198 t0=263.425 ts=49.5472>

Performing DE with CR=0.8, F=U(0.5, 1.0), DE/rand-1.00/1/bin
------------------------------------------------------------------------------------------------------------------------
Press the 'Enter' key to abort.



Generation 1/200  F=U(0.5, 1.0)  N_hist=210
------------------------------------------------------------------------------------------------------------------------
XX992XX119989XXX692X41X9X94552X32X1XXXX2X99X6XXX9X3XXX3933X1XX9X999X233XXXX9X9X429XX9X899X3993X993951XX8X22929X0X7X99X7X
XXXXXX82XXX29XX4X4X2XXXX1X5379X64X2X9X9X4XX3XXXXXXXXXXXXX12XX918XX55293X5X27X9X9X9XXX52XX1


Generation 2/200  F=U(0.5, 1.0)  N_hist=420
------------------------------------------------------------------------------------------------------------------------
X9XX3X2X9X9X93XX9XX22249XXXX2X24X261X9+X9

SSE=11.123 on eval 460: L=1.91856e+08 a=130.513 b=0.00748092 n=0.396397 r=0.176274 t0=489.918** ts=50.0878

+X22XX8XXXXXX24528X1XX9XXXXX7X942XX1X95X99X3XXXX5XX9999X7XX4XXXX9X99XX12XX1X2X1
2X292XX72X1XX259XXX5XXX6X13XXXXXXXXXX1XXXXXXXX21X9XXXXX5X612XXX92XXXX99X1X91495X26XXX9932XXX


Generation 3/200  F=U(0.5, 1.0)  N_hist=630
------------------------------------------------------------------------------------------------------------------------
XXXXX9XXXXXX4XXXXX1XX2X4X31XXX9XX3XX5XXX9XX931XXXX2XXX2XXX8XX3XXX9XXXXXXXX133XXXX2XXX4X3X5921X0XX2X2X57XXX11XX6XXXXXX5X6
2XXX9XXXX2219XXXXXXXXX2XXX7XX12221461XXX6X1XXXX1X39XXXX911XXXX72XX1XXXXXX132XXX1XXXXX1X316


Generation 4/200  F=U(0.5, 1.0)  N_hist=840
------------------------------------------------------------------------------------------------------------------------
XXXX2XXXXXX2X4X2XX5X2XX2XX1XXXXX2XXXX8XXX9X3XXX41XXXXX22X332X2XX21XXX5XXXXX1XXXXXXXXXXXXXXXXXXXX6XX113X394323X3X1XX1XXXX
XX4X2XX9X21XXXXXXXXXXX1X22X1X4XX2XX6XXXXX0XXXX1X22X2X2X11XXXXXXX93XXX41XXX61XXXX5XXX5XX2X2


Generation 5/200  F=U(0.5, 1.0)  N_hist=1050
------------------------------------------------------------------------------------------------------------------------
XXX114XX1XXXXXXX1XX3XX2XXXX1XXXXXXX21X1XXXXXX11XXX1XX1+XX11X2X1XXX4XXXXXXXX2XXXXXXXXXXXXXXX214XX1XXXXXXXXXX1XX4XXX1X1XXX
2XXXX9325XX1XX2XXXXXX2XXXXXX0XX0X23XXX1X4XXXXXXXXX23X9X18XXXXXX3XXXXX1X1XXXXXXXXXXXXXXXXX93


Generation 6/200  F=U(0.5, 1.0)  N_hist=1260
------------------------------------------------------------------------------------------------------------------------
6522XX2X1XXXXXXXXXXXXXXX1XXXXXXXXXXX8X1XXXXXXXXXXX2XXXX1XXXXX3XXXX4XXX2XXXXXXXX2XXXXXXX1X71X1XXXXX3XXXXXXXXXX2XXX11X5XXX
X7XXXXXX31XX61XXXXX22XXXXXXX2XX2XXX1XX2XXXXXXXX1XX5X2X1XX37XXXXXXX4XXX5XXX2X12XXXXXXXXXXXX


Generation 7/200  F=U(0.5, 1.0)  N_hist=1470
------------------------------------------------------------------------------------------------------------------------
XXX1XXXXXX1XXXXX2XXXXXXX2XX2X51X12X22XXXX1XXXX114X2XXXXXXXXXXXX1XXXXXX2XXXXXX111XXXXXXXXXXXXXXXXXXX5X2XXXXXX1XXXX12XXXXX
XXXXXXXXX1X0X1XXX6XXXXXX3XXXXX12XXXXXXXXXX1112XX21XXXXXXXX1X4XXXXXXXXXXXXXXX0XXXXXXXXX2XXX


Generation 8/200  F=U(0.5, 1.0)  N_hist=1679
------------------------------------------------------------------------------------------------------------------------
112221X21X21X111XX2XXX2XXXXXXXX2XXXXXXXXX522XX3XXXXX1XXXXXXXX3

SSE=10.57 on eval 1759: L=1.01248e+08 a=28.9676* b=0.0159837 n=1.2302 r=0.142842 t0=421.204 ts=47.5753

+XXXXXXXXXXXXXXX1XX211XXXXXXXX2XXXXXXXXXXXXX15X2XXXXXX5XXX
XXXXXXXXXX11XXXXXXXXXXXX51XXXXXXXXXXXXXX2X1XXXXXXXXX1XXXXX2XXXXXXX2XX4XX2XXXX1XXXXXXXXXXX2X


Generation 9/200  F=U(0.5, 1.0)  N_hist=1889
------------------------------------------------------------------------------------------------------------------------
2X1X5434XXXXXXXXXXXXX1XXXX21X2XXXXXXXXXXXXXXXXXXXXXXXXXXXXXXXX1XXXXXXXXXXX2X111XXXXXXXXXXX21X1XXXXXXXXXXXXXXX112XXXXXXXX
XXXXXXXXXXXXXXXXXXXXXXXXXXXXXXXXXXXXXX1XX1XXXXXXXXXXXXXX2XXXXXXXXXXXXXXXXXXXXXXXXX2XXX2XXX


Generation 10/200  F=U(0.5, 1.0)  N_hist=2099
------------------------------------------------------------------------------------------------------------------------
41XXX12XXXXXXXXXXX1XXXXXXXXXXXXXXXXXXXXXXXXXXXXXXXXXX1XXXXX1XXXXXXXX11XXXXXXXXXXXXXXXXXXXXXXXXXXX1XXXXXXXXXXXXX0X8XXX2XX
XXXXXXXXX0XXXX1XXXXX2XXX1XXXXXX2XXXXXXXXX11XXXXXXXXX1XXXXXXXXXX11XXXXXXXXXXXXXXXXXXXXXXXXX


Generation 11/200  F=U(0.5, 1.0)  N_hist=2310
------------------------------------------------------------------------------------------------------------------------
11112X12X1XXXXXXXXXXXXXXXXXXXXXXXXXXXXXXXX10XXXXXXXXXX11XX1XX4X2XXXXX20XXXXXXXXXXXXXXXXXXXXXXXXXXXXXXXXXXXXXX2XXXXXXXX2X
X12XXXXXXXXXXXX1XXXXXXXXXXXXXXXXXXXXXXXXXXX2XX1XXXXXXXXXXXX1XXXXXXXXXXXXX2XXXXXXXXXXXXXXXX


Generation 12/200  F=U(0.5, 1.0)  N_hist=2520
------------------------------------------------------------------------------------------------------------------------
11XXX11XXXXXX11XXXXXXXXXXXXXXXXXXXXX1XXXX2XX1XXXXXXXXXXXX1XXXXXXXXX1

SSE=9.9682 on eval 2603: L=1.41868e+08 a=486.148 b=0.00898598 n=0.0596063* r=0.164917 t0=12.1315* ts=52.9829

+XXXXXXXXXXXXXXXXXXXXXXXXX0XXXXXXXXXXXXX2XXXXXXXXXXX
2XXXXXXXXXXXXXXX1XXXXXXXXXXXX1XXXXXXXXXX1XXX1XXXXXXX11XXXXXXXXX2XXXXXXXXXXXXXXXXXXXXXXXXXXX


Generation 13/200  F=U(0.5, 1.0)  N_hist=2730
------------------------------------------------------------------------------------------------------------------------
X1X0XXXXXXXXXXXXXXXX0X1XXXXXXXXXXXXX2XXXXXXXXXX1XXXXXXXXXXXXX1XXXXXXXXXXXXXXXXXXXXXXXX1XXXX11XXXXXXXXXXXXXXXXXXXXXXXX1XX
1XXXXX20XXXXXXXXXXXXXXXXXXXXXXXXXXXXX2XXXXXXXXXXXXX1XXX1XXX1XXXXX2XXXXXXXXXXXXXXXXXXXXXXXX


Generation 14/200  F=U(0.5, 1.0)  N_hist=2940
------------------------------------------------------------------------------------------------------------------------
12XX2XXXXXXXXXXXXXXXXXXXXXXXXXXXXXXXX2XXXXXXXXXXX1XXXX1XXXXXXXXXXXX2XXXXXXX1XXXXXXXX11XXXXXXXXXXXXXXXXXXXXXXX2X2XXXXXXXX
XXXXX1XX11XX2XX11XX1XXXXXXXXXXXXXX311XXXXXXXXXXXX1XXXXXXXXXXXXXXXXXX2XXXXXXXX1XXXXXXXXXXXX


Generation 15/200  F=U(0.5, 1.0)  N_hist=3150
------------------------------------------------------------------------------------------------------------------------
1XX10XX1XXXXXXXXXXXXXXX1XXXXXXXXXXXXXX1XXXXXXXXXXXXXXXXXXXXXXXXXXX1XXXXXXXXXXXXXXXXXXXXXX2XXXXXXXXXXXXXXXXXXXX12X1XXXXXX
XXXXXXXXXXX1XXXXXX11XX11X1XXXXXX1XXXXXX2XX1X1XXXXXXXXXXXXXXXX21XXXXXXXXX2X1XXXXXXXXXXXXXXX


Generation 16/200  F=U(0.5, 1.0)  N_hist=3360
------------------------------------------------------------------------------------------------------------------------
X11X1XXXXXXXXXXXXXXXXXX2XXXXXXXXXXX1XXXXX11X2XXXXXXXXXXXXXXXXXXXXXX1XX2XXXXXXXXXXXXXXXXXXXXXXXXXXXXXXXXXXXXX11XXXXXXXXXX
XXXXXX2XXX1XXXXXXXXXXXXXXX1XXXXXXXXXX1XXX2XXXXXXXXXXXXXXXXXXXXXX2XXXXXXXXXXXXXXXXXXXXXXXXX


Generation 17/200  F=U(0.5, 1.0)  N_hist=3570
------------------------------------------------------------------------------------------------------------------------
1XXXX1XXXXXXXXXXXXX11XXXXXXXXXXXXXXXXXXXX1XX11X2XXXXXXXXXXX10XXXXXXXXXXXXXXXXXXXXXXXXXXXX1XXXXX10XXXXXXXXXXXXXXX1XXXXXXX
XXXXXXXXX1X1XXX1XXXXXXXXXXXXXXX1XXX1XX1XXXXXXXXXXXXX1XXXXXXXXXXXXXXXXXXXX1X1XXXXXXXXXXXXXX


Generation 18/200  F=U(0.5, 1.0)  N_hist=3780
------------------------------------------------------------------------------------------------------------------------
1X2XXXXXXXXXXXXXXXXXXXXXXXXXXX1XXX1XXXXXXXXXXXXXX1XXXXXXXXXXXXX1XX2XXXXXXXXXXXXXXXXXXXXXXXXXXXXXXXX2XX1231X2XXXXXXXXXXXX
XXXX1XX1XXXXXXXXXXXXXXXXX2XXXXXXXXXXXXXXXXXXXXXXXXXXXXXXXXX1XX1XXXXXXXXXXXXXXX1XXXXXX1XXXX


Generation 19/200  F=U(0.5, 1.0)  N_hist=3990
------------------------------------------------------------------------------------------------------------------------
2X1XXX11XXXXXXXXXXXXXXX21XX1XX1XXXXXXXXXXXXX1XX1X1XXXXXXXXXXXXXXXXXXXXXXXXXXXXXXXXXXXXXXXXXXXXXXXXX1XXXXXXXXX1XXXXXXXXXX
XXXX0XX21XXXXXXXXXXXXXXXXXXXXXXXXXXXXXXXXXXXXXXXXXXXXXXX0XXXXXXXXXXX11X1XXXXXXXXXXXXXXXXX1


Generation 20/200  F=U(0.5, 1.0)  N_hist=4196
------------------------------------------------------------------------------------------------------------------------
2XXXXXXXXXXXXXXXXXXXXXXXXXXXXXXXXXXXXXXXXXXXXXXXXXXXXX1XXXXXXX1XXX1XXXXXXXX1XXXXXXXXXXXXXXXXXXXXXXXXXXXXXXXX1XX1XXXXXXX1
XXXXXX1XXXXXXXXXXXXXXXXXXXXXXXXXXXXXXXXXXXXXXXXXXXXXXXXX1XXXX1XXXXXXXXXXXXXXXXX0XXXXXXXXXX


Generation 21/200  F=U(0.5, 1.0)  N_hist=4410
------------------------------------------------------------------------------------------------------------------------
X10XXXXXXXXXXX11XXXXXXXXXXXXXXXXXXXXXXXXXXXXXXXXXXX1XXXXXXXXXXXXXXXXXXXXXXX1XX1XXXXXXXXXX0XXXXX1XXXXXXXXXXXX1XXXXXXXXXXX
XXXXXXXXXXXXXXXXXXXXXXXXXXXXXXXXXXXX1XX1X1XXXXXXXXXXXX10XXXXXXXXXXXXXXXXXXXXXXXXXXXXXX1XXX


Generation 22/200  F=U(0.5, 1.0)  N_hist=4620
------------------------------------------------------------------------------------------------------------------------
X01X1XXXXX1XXXXXXXX1XXXXXXXXXXXXXXXXXXXXXXXXXXXXXXXXXXXXXXXXXX1XXXXXXXXXXXXXXXX1XXXXXXXXXXXXXXXX1XXXXXXXXXXX1XXXXXXXXXXX
XXXXXXXXXXXXXXXXXXXXXXX1X1XXXXXXXXXXX11XXXXXXXXXXXXX1XXXXXXXXXXXXXXXXXXXXXXXXXXXXXXXXX0XXX


Generation 23/200  F=U(0.5, 1.0)  N_hist=4830
------------------------------------------------------------------------------------------------------------------------
1XX1XXXXXXXXXXXXXXXXXXXXXXXXXXXXXXXXXXXXXXXXXXXXXXXXXXXXXXXXXXXXXXXXXXXXXXXXXX1XXXXXXXX11XXXXXXXXXXXXXXXXXXXXXXXXXXXXXXX
XXXXX1XXXXXXXXXX10XX1XXX1XXXXXXXXXX2XXXXXXXXXXXXXXXXXXXXXXXXXXXXXXXXXXXXXXXXXXX1XXXXXXXXXX


Generation 24/200  F=U(0.5, 1.0)  N_hist=5040
------------------------------------------------------------------------------------------------------------------------
1X0X11XXXXXXXXXXXXXXXXXXXXXXXXXXX1XXXXXXXXXXXXX1XXXXXXXXXXXXXXXX1XXXXX0XXXX0XXXXXXXXXX1XXXXXXXXX1XXXXXXXXXXXXXXXXXXXXXXX
XX1XX1XXXXXXXXXXXXXXXXXXXXXXXXXXXXXXXXXXX1XXXXXXX1XXXXXXXXXX11XXXXXXXXXXXXXXXXX1XXXXXXXXXX


Generation 25/200  F=U(0.5, 1.0)  N_hist=5250
------------------------------------------------------------------------------------------------------------------------
1X1XX1X1XXXXX1XXXXXXXXXXXXX1XXXXXXXXXXXXXXXXXXXXXXXXX11XXXXXXXXXXXXXXXXXXXXXXXXXXXXXXXXXXXXXXXXX1X11XXXXXXXXXXXXXX1XXX1X
XXXXXXXXX1XXXXXXXXXXXXXXXXXXXXXXXX1XXXXXXXXXXXXXXXXXXXXXXXXXXXXXXXXXXXXXXXXXXXXXXXXXXXXXXX


Generation 26/200  F=U(0.5, 1.0)  N_hist=5460
------------------------------------------------------------------------------------------------------------------------
11X1X1XXXXXXXX1XXXXXXXXXXXXXXXXXXXXXXXXXXXXXXXXXX1XXXXXXXXXXXXXXXXXX1XX1XXX1XXXXXXXXXXXX1XXXXXXXXXXXXXXX1XXX1XXXXX1XXXXX
XXXXXXXXXXXXXX1XXXXXXXXXXXXXXXXX1XXXXXXXXXXX1X1XXXXXXXXXXXXXXX1XXXXXXXXXXXXXXXXXXXXXXXXXXX


Generation 27/200  F=U(0.5, 1.0)  N_hist=5670
------------------------------------------------------------------------------------------------------------------------
X1X1XXXXXXXXXXXXXXXXXXX1XXXXXXXXXXXXXXXXXXXXXXXXXXXXXXXXXXXXXXXXXXXXXXXXXXXXXXXXXXXXXXXXXXXXXXXXXXXXXXXXXXXXXXXX1XXXXXXX
1XXXXXXXXXXXXXXXXXXXXXXXXXXXXXXXXX1XXXXXXXXXXXXXXXXXXXXXXXXX1XXXXXXXXXXXXXXXXXXXXXXXXXXXXX


Generation 28/200  F=U(0.5, 1.0)  N_hist=5880
------------------------------------------------------------------------------------------------------------------------
XXXXXXXXX1XXXXXXXXXXX11XXXXXXXXXXXXXXXXXXXXXX1XXXXXXXXXXXXXXXXXXXXXXXXXXXXXXXXXXXXXXXXXXXXXXXXXX1XXX1111XXXXXXXXXXXXXXXX
XXXXXXX1XXXXXXXXXXXXXXXXXXXXXXXXXXXXXXXXXXXXXXXXX11XXXXXXXXXXXXXXXX1XXXXXXXXXXXX0X1XXXXXXX


Generation 29/200  F=U(0.5, 1.0)  N_hist=6088
------------------------------------------------------------------------------------------------------------------------
1XX1XXXXXXXXXXXXXXXXXXXXXXXXXXXXXXXXXXXXXXXXXXXXXXXXXXXXXXXXXXXXX1XXX1XXXXXXXXXXXXXX1XXX1XXXX1XXXXXXXXXXXXXXXXXXXXXXXXXX
XXXXXX111XXXX1XXXXXXXXXXXXXXXXXXXXXXXXXXXXXXX0XXX11XXX0XXXXXXXXXXXXXXXXXXXXXXXXXXXXXXXXXXX


Generation 30/200  F=U(0.5, 1.0)  N_hist=6300
------------------------------------------------------------------------------------------------------------------------
XX1X11XXXXXXXXXXXXXXX0XXXX1XXXXXXXXXXXXXXXXXXX1XX1XXX1XXXXXXXXXXXXXXXXXXXXXX1XXXXXXXXXXXXXXXXX1XXXXXXXXXXXX1XXXXXXXXXXXX
XXXXXXXXXXXXXXXXXXXX1XXXXXXXXXXXXX1XXXXXXXXXXXXXXXXXXXXXXXXX1XXXXXXXXXXXXXXXXXXXXXXXXXXXXX


Generation 31/200  F=U(0.5, 1.0)  N_hist=6510
------------------------------------------------------------------------------------------------------------------------
1111XXXXXXXXXX1XXXXXXXXXXXXXXXXXXXXXXXXXXXXXXXXXXXXXXXXXXXXXXXXXXXXXXXXXXXXXXXXX2XXXXXXXXXXXXXXXXXXXXXX1XXXXXXXXXXXXXXXX
XXXXXXXXXXXXXXXXXXXXXXXXXXXXXXXXXXXXXXXXXXXX1X11XXXXXX0XXX0XXXXXXXXXXXXXXXXXXXXXXXXXXXXXXX


Generation 32/200  F=U(0.5, 1.0)  N_hist=6720
------------------------------------------------------------------------------------------------------------------------
X1XXXXXXXXXXXXXXXXXXXXXXXXXXXXXXXX0XXXXXXXXXXXXXXXX1XX1XXXXXXXXXXXXXXXXXXX1XXXXXX1XXXXXXXXXX1XXXXX1XXXXXXXXXX1XXX1XXXXXX
XXXXXXXXXX1XXXXXXXXXXXXXXXXXXXXXXXX1XXXXXXXXXX0XXXXXXXXXXXXX1XXXXXXXXXXXXXXXXXXXXXXXXXXXXX


Generation 33/200  F=U(0.5, 1.0)  N_hist=6930
------------------------------------------------------------------------------------------------------------------------
111XXXXXXXXXXXXXXXXXXXXXXXXXXX1XXXXXXXXXXXXXXXXXXXXXXXXXXXXXXX1XXXXXXXXX11XXXXXXXXXXXXXXXXXXXXXXXXX0XXXXXXXXXXXXXXXXXXXX
XXXXXXX1XXXXX0XXXXXXXXXXXXXXXXXXXX1XXXXXXXXXXXXXXXXXXXX1XXXXXXXXXXXXXXXXXXXXXXXXXXXXXXXX1X


Generation 34/200  F=U(0.5, 1.0)  N_hist=7139
------------------------------------------------------------------------------------------------------------------------
X1X0XXXXXXXXXXXXXXXXX11X0XXXXXXXXXXXXXXXX1XXX1XXXXXXXXXXXXXX1XXXXX0XX1XXXXXXXX1XX0XXXXXXXXXXXXXXXXXXXXXXXXX0XXXXXXXXXXXX
XXXXXXXXXX1XXXXXXXXXXXXXXXXXXXXXXXXXXXXXXXXXXXXXXXXXXXXXXX1XXXXXXXXXXXXX1XXXXXXXXXXXXXXXXX


Generation 35/200  F=U(0.5, 1.0)  N_hist=7350
------------------------------------------------------------------------------------------------------------------------
0X21X0XX1XXXX1XXXXXXXXXXXXXXXXXXXXXXXXXXXXXXXXXXXXXX1X1XXXXXXXXXXXXXXXXXXXXXXXXXXXXXXXXXXXXXXX111XXXXXXXXXXXXXXXXXXXXXXX
XXXXXXXXXXXXXXXXXXXXXXXXXXXXXXXXXXX1XXXXXXXXXXXXXXXXXXXXXXXXXXXXXXXXXXXXXXXXXXXXXXXXXXXXXX


Generation 36/200  F=U(0.5, 1.0)  N_hist=7560
------------------------------------------------------------------------------------------------------------------------
XXX0XXXXXXXXXXXXXXXXXXXXXXXX1XXX0XXXXXXXXXX1XX1XXX2XXXXXXXX111XXXXX1XXXXX1XXXXXXXXXXXXXXXXXXXXXXXXXX0XXXXXXXXX0XXXXXXXXX
XXXXXXXXXXXXXXXX0XXXXXXXXXXXXXXXXXXXXXXXXXXXXXXX0XXXXXXXXXXX1X1XXXXXXXXXXXXXXXXXXXXXXXXXXX


Generation 37/200  F=U(0.5, 1.0)  N_hist=7770
------------------------------------------------------------------------------------------------------------------------
1XX111XXXXXXXXXXXXXXXXXXXXXXXXXXXXXXXXXXX1XXXXXXXXXXXXXXXXXXXXXXXXXXXXXXXXX1XXXXXXXXXXXXXXXXXXXXXXXXXXXXXXXXXXXXXXXXXXXX
XXXXXXXXXXX1XXXXXXXXXXXXXX1XXXXXXXXXXX1XXXXXXXXXXXXXXX1XXXXXXXXXXXXXXXXXXXXXXXXX0XXXXXXXXX


Generation 38/200  F=U(0.5, 1.0)  N_hist=7980
------------------------------------------------------------------------------------------------------------------------
1XX0XX1XXXXXXXXXXXXXXXXXXXXXXXXXXXXXXXXXXXXXX1XXXXXXXXX0XXXXXXXXXXXXXXXXXXXXXXXXXXXXXX2XXXXXXXXXXXXXXXXXXXXXXXXXXXXXXX1X
XXXXXXXXXXXXXX0XXXXXXXXXXXXXXXXXXXXXXXXXXXXXXXXXXXXXXXXXXXXXXXXX1XXXXXXXXXXXXXXXXXX1XXXXXX


Generation 39/200  F=U(0.5, 1.0)  N_hist=8190
------------------------------------------------------------------------------------------------------------------------
XXXXXXXXXXXXXXXXXXXXXXXXXXX1XXXXXXXXXXXXXXXXX1XXXXXXXXXXXXXXXXXXXXXXXXXXXXXXXXXXXXXXXXXXXXXXXXXXXX11XXXXXXXXXXXXXXX1XXXX
XXXX1XXXXXX11XXXXXXXXXXXXXXXXXXX1XXXXXXXXXXXXXXXXXXXXXXXXXXXXXXXXXXXXXXXXXXXXXXXXXXXXXX1XX


Generation 40/200  F=U(0.5, 1.0)  N_hist=8399
------------------------------------------------------------------------------------------------------------------------
XXXX1XXXXXXXXXXXXXXXXXXX1XXX1XXXXXXXXXXXXXXXXXXXXXXXXXXXXXXXXXXXXXXXXXX1XXXXXXXXXX11XXX1XXXXXXXXXXXXXXXXXXXXXXXXXXXXXXXX
XXXXXXXXXXXXXXXXXXXXXXXX0XXXXXXXXXX1XXXXXXXXXXXXXXXX1XXXXXXXXXXXXXXXXXXXXXXXXXXXXXXXXXXXXX


Generation 41/200  F=U(0.5, 1.0)  N_hist=8610
------------------------------------------------------------------------------------------------------------------------
11X1XXXXXXXXXXXXX1XXXXXXXXX1X1XXXXXXXXXXXXXXXXXXXXXXXXXXXXXXXXXX11XXXXXXXXXXXXXXXXXXXXXXXXXXX1XXXXXXXXXXXXXXXXXXXXXXXXXX
XXXXXXX1XXXXXXXXXXXXXXXXXXXXXXXXXXXXX1XXX0XXXXXXXXXXXXXXXXXXX1XXXXXXXXXXXXXXXXXXXXXXXXXXXX


Generation 42/200  F=U(0.5, 1.0)  N_hist=8820
------------------------------------------------------------------------------------------------------------------------
X1XXXXXXXXXXXXXXXXXXXXXXXXXXXXXXXXXXXXXXXXXXXXXXXXXXXXXXXXX1XXXX0XXXXXXXXXXXXXXXXXXXXXXXXXXXXX1XXXXXXXXXXXXXXXXX1XXXXXXX
XXXX0XXXXXXX01XXXXXXXXXXXXXXXX1XXXXXXXXXXXXXXXX1XXXXXXXXXXXXXXXXXXXXXXXXXXXXXXXXXXXXXXXXXX


Generation 43/200  F=U(0.5, 1.0)  N_hist=9030
------------------------------------------------------------------------------------------------------------------------
1XXXXXXXXXXXXXXXXXXXXXXXXXXXXXXXXXXXXXXXXXXX1XXXXXXXXXXX1XXXXXXXXXXXXXXXXXXXXXXXXXXXXXXXX1XXX1XXXXXXXXXXXXXXXXXXXXXXXXXX
0XXXXXXXXXXXXXXXXXXXXXXXXXXXXXX1XXXXXXXXXXXXXXXXXXXXXXXXXXXXXXXXXXXXXXXXXXXXXXXXXXXXXXXXXX


Generation 44/200  F=U(0.5, 1.0)  N_hist=9240
------------------------------------------------------------------------------------------------------------------------
XX0XXXXXXXXXXXXXXXXXXXXXXXXXXXXXXXXXXXXXXXXXXXXXXXXXXXXXXXXXXXXXXXXXXXXX1XXXXX0XX0XXXXXXXXXXXXXXXXXXXXXXXXXXXXXXXXXXX1X1
X0XXXXXXXXXXXXXXXXXXXXXXXXXXXXX1XXXX1XXXXXXXXXXXX1XXXXXXXXXXXXXXXXXXXXXXXXXX1XXXXXXXXXXXXX


Generation 45/200  F=U(0.5, 1.0)  N_hist=9450
------------------------------------------------------------------------------------------------------------------------
11X0XX01XXXXXXXXXXXXXXXXXXXXXXXXXXXXXXXXXXXXXXXXXXXXXXXXXXXXXXXXXXXXXXXXXXXXXXXXXXXXXXXXXXXXXXXXXXXXXXXXXXXXXXXXXXXXXXXX
XXXXXXXXXXXXXXXXXXXXXXXXXXXXXXXXXXXXXXXXXXXXXXX1X10XXXXXXXXXXXXX1XXXXXXXXXXXXXXXX0XXXXXXXX


Generation 46/200  F=U(0.5, 1.0)  N_hist=9660
------------------------------------------------------------------------------------------------------------------------
1XXXXXXXXXXXXXXX1X1XXXXXXXXXXXXXXXXXXXXXXX1XXXXXXXXXXX1XXXXXXXXXXXXXXXXXXXXXXXXXXXXXXXXXXXXXXXXXXXXX1XXXXXXXXXXXXXXXXXXX
XXXXXXXXXXXXXXXXXXXXXXXXXXXXXXXXXXX1XXXXXXXXXXXXXX1XXXXXXXXXXXXXXXXX0XXX0XXXXXXXXXXXXXXXXX


Generation 47/200  F=U(0.5, 1.0)  N_hist=9870
------------------------------------------------------------------------------------------------------------------------
1XX1X0XXXXXXXXXXXXXXXXXXXXXXXXXXXXXXXXXXXXXXXXXXXXXXXXXXXXXXXXXXX1XXXXXXXXXXXXXXXXXXXXXXXXXXXXXXX1XXXXXXXXXXXXXXXXXXXXXX
XXXXXXX1XXXXXXXXXXXXXXXXXXXXXXXXXXXXXXXXXXXXXXXXXXXXXXXXXXXXXXXXXXXXXXXXX0XX1XXXXXXXXXXXXX


Generation 48/200  F=U(0.5, 1.0)  N_hist=10080
------------------------------------------------------------------------------------------------------------------------
00XX1XXXX1XXXXXXXXXXXXXXXXXXXXX1XXX10XXXXXXXXXXXXXXXXXXXXXXXXXXXXXXX1XXXXXXX1XXXXXXXXXXXXXXXXXXXXXX10XXXXXXXXXXXXXXXXXXX
XXXXXXXXXXXXXXXXXXXXXX0XXXXXXXXXXXXXXXXXXXXXXXXXXXXXXXXXXXXXXXXXXXXXXXXXXXXXX1XXXXXXXXXXXX


Generation 49/200  F=U(0.5, 1.0)  N_hist=10290
------------------------------------------------------------------------------------------------------------------------
XXXXXXXXXXXXXXXXXXXXXXXXXXXXXXXXXXXXXXXXXXXXXXXX0XXXXXXXXXXXXXXXXXXXXXXXXXXXXXXXXXXXX1XXXXXXXXXXXXXXXXXXXXXXXXXXXXXX1XXX
XXXXXXXXXXXXXXXXXXXXXXXXXXXXXXXXXXXXXXX1X1XXX0XXXXXXXXXXXXXXXXXXXXXXXXXXXXXXXXXXXXXXXXXXXX


Generation 50/200  F=U(0.445, 1.0)  N_hist=10500
------------------------------------------------------------------------------------------------------------------------
XXXX1XXXXXX0XXXXXXXXXXXXXXXXX1XXXXXXXXXXXXXXXXX0XXXXXXXXXXXXXXXX1XXXXXXXXXXXXXXXXXXXXXXXXXXXXXXXXXXXXXXXXXXXXXXXXXXXXXXX
XXXX0XXXXXX0XXXXXXXXXXXXXXXX1XXXXXXXXXXXXXXXXX1XXXXXXXXXXXXXXXXXXXXXXXXXXXXXXXXXXXXXXXXXXX


Generation 51/200  F=U(0.493056632402, 1.0)  N_hist=10710
------------------------------------------------------------------------------------------------------------------------
XXXXXXXXXXXXXXXXXXXXXXXXXXXXXXXXXXXXXXXXXXXXXXXXXXXXXXXXXXXXXX1XXXXXXXXXXXXXXXXXXXXXXXXX1XXXXXXXXXXXXXXXXXXXXXXXXXXX1XXX
XXXXXXXXXXXXX1XXXXXXXXXXXXXXXXXXXXXXXXXXXXXXXXXXXXXXX0XXXXX1XXXXXXXXXXXXXXXXXXXXXXXXXXXXXX


Generation 52/200  F=U(0.5, 1.0)  N_hist=10920
------------------------------------------------------------------------------------------------------------------------
X0XXXXXXXXXXXXXXXXXXXXXXXXXXXXXX0XXXXXXXXXXXXXXXXXXXXXXXXX1XXXXXXXXXXXXXXXXXXXXXXXXXXXXXXXXXXXX11XXXXXXXXXXXXXXXXXXXXXXX
XXXXXXXXXXXX0XXXXXXXXXXXXXXXXXX1XXXXXXXXXXXXXXXXXXXXXXXXXXXXXXXXXXXXXXXXXXXXXXXXXXXXXXXXXX


Generation 53/200  F=U(0.445, 1.0)  N_hist=11130
------------------------------------------------------------------------------------------------------------------------
XXXXXXXXXXXXXXXXXXXXXXXXXXXXXXX1X0XXXXXXXXXX1XXXXXXXXX1XXXXXXXXXXXXXXXXX0XXXXXXXXXXX0XXXXXXXXXXXXXXXXXXXXX1XXXXXXXXXXXXX
XXXXXXXXXXXXXXXXXXXXXXXXXXXXXXXXXXXXXXXX1XXXX10XXXXXXXXXXXXX1XXXXXXXXXXXXXXXXXXXXXXXXXXXXX


Generation 54/200  F=U(0.493056632402, 1.0)  N_hist=11340
------------------------------------------------------------------------------------------------------------------------
XX1XXXXXXXXXXXXXXXXXX1XXXXXXXXXXXXXXXXXXXXXXXXXXXXXXXXXXXXXXXXXXXXXXXXXXXXXXXXXXXXXXXXXXXXXXX0XXXXXXXXXXXXXXXXXXX1XXXXXX
XXXXXXXXXXXXXXXX1X1XXXXXXXXXXXXXXXXXXXXXXXXXXXXXXXXXXXXXXXXX0X1X1XXXXXXXXXXXXXXXXXXXXXXXXX


Generation 55/200  F=U(0.5, 1.0)  N_hist=11550
------------------------------------------------------------------------------------------------------------------------
1XXXXXXXXXXXXXXXXXXXXXXXXXXXXXXXXXXXXXXXX0XXXXXXXXXXXXXXXXXXXXXXXX1XXXXXXXXXXXXXXXXXXXX0XXXXXXXXXXXXXXXX0XXXXXXXXXXXXXXX
XXXX0XXXXXXXXXXXXXXXXX0XXXX1XXXXXXXXXXXXXXXXXXXXXXX1XXXXXXXXXXXXXXXXXXXXXXXXXX1XXXXXXXXXXX


Generation 56/200  F=U(0.5, 1.0)  N_hist=11760
------------------------------------------------------------------------------------------------------------------------
X1XXXXXXXXXXXXXXXXXXXXXXXXXXXXXXXXXXXXXXXXXXXXXXXXXXX0XXXXXXXXXXXXXXXXXXXXXX1XX0XXXXXXXXXXXXXXXXXXXXXXXXXXX1XXXXXXXXXXXX
XXXXXXXXXXXXXXXXXXXXXXXXXXXXXXXX1XXXXXXXXXXXXXXXXXXXXXXXXXXXXXXXXXXXXXXXXXXXXXXXXXXXXXXXXX


Generation 57/200  F=U(0.445, 1.0)  N_hist=11970
------------------------------------------------------------------------------------------------------------------------
01XXXXXXXXXXXX0XXXXXXXXXXXXXXXXXXXXXXXXX0XXXXXXXX10XXXXXXXXXXXXXXXXXXXX1XXXXXXXXXXX1XXXXXXXXXXXXXXXXXXXXXXXXXXXXXXXXXXXX
XXXXXXXXXXXXXXXXXXXXXXXXXXXXXXXXXXXXXXX1XXXXXXXXXXXXXXXXXXXXXXXXXXXXX1XXXXXXXXXXXXXXXXXXXX


Generation 58/200  F=U(0.493056632402, 1.0)  N_hist=12180
------------------------------------------------------------------------------------------------------------------------
1X1XXXXXXXXXXXXXXXXXXXXXXXXXXXXXXXXXXXXXX0XXXXXXXX00XXXXXXXXXXXXXXXXXXXXXXXXXXXXXXXXXXXXXXXXXXX1XXXXXXXXXXXXXXXXXXXXXXXX
XXXXXXXXXXX1XXXXXXX1XXXXXXXXXXXXXX0XXXXXXXXXXXXXXXXXXXXXXXXXXXXXXXXXXXXXXXXXXXXXXXXXXXXXXX


Generation 59/200  F=U(0.5, 1.0)  N_hist=12390
------------------------------------------------------------------------------------------------------------------------
XX11XXXXXXXXXXXXXXXXXXXXXXXXXXXXXXXXXXXX1XXXXXXXXXXXXXXXXXXXXXXXXXXXXXXXXXXXXXXXX1XXXXXXXXXXXXXXXXXXXXXXXXXXXXXX1XXXXXXX
XXXXXXXXXXXXXXXXXXXXXXXXXXXXXXXXXXXXXXXXXXXXXXXXXXXXXXXXXXXXXXXXXXXXXXXXXXXXXXXXXXXXXXXXXX


Generation 60/200  F=U(0.445, 1.0)  N_hist=12600
------------------------------------------------------------------------------------------------------------------------
X1XXXXX1X1XXXXXXXXXXXXXXXXXXXXXXXXXXXXXXXXXXXXXXXXXXXXXXXXX1XXXXXXXXXXXXXXXXXXXXXXXXXXXXXXXXXXXXXXXXXXXXXXXXXXXXX1XXXXXX
XX1XXXXXXXXXXXXXXXXXXXXX1XXXXXXXXXXXXXXXXXXXXXXXXXXXXXXXXXXXXXXXXXXXXX01XXXXXXXXXXXXXXXXXX


Generation 61/200  F=U(0.493056632402, 1.0)  N_hist=12810
------------------------------------------------------------------------------------------------------------------------
X0XXXXXXXXXXXXXXXXXXXXXXXXXXXX1XXXXXXXX1XXXXXXXXXXXXXXXXXXXXXXXXXXX1XXXXXXXXXXXXXXXXXXXXXXXXXX1X1XXXXXXXXXXXXXXXXXXXXXXX
XXXXXXXXXXXXXXXXXXXXXXXXXXXXXXXXXXXXX0X1XXXXXXXXXXXXXXXXXXXXXXXXXXXXXXXXXXXXXXXXXXXXXXXXXX


Generation 62/200  F=U(0.5, 1.0)  N_hist=13020
------------------------------------------------------------------------------------------------------------------------
1XXXXXXXXXXXXXXXXXXXXXXX1XXXXXXXXXXXXXXXX0XXXXXXXXXXXXXXXXXXXXXXXXXXXXXXXX11XXXXXXXXXXXXXXXXXXXXXXXXXXXXXXXXXXXXXXXXXXXX
XXXXXXXXXXXXXXXXXXXXXXXXXXXXXXXXXXXXXXXXX0XXXXXXXXXXXXXXXXXXXXXXXXXX1XXXXXXXXXXXXXXXXXXXXX


Generation 63/200  F=U(0.5, 1.0)  N_hist=13230
------------------------------------------------------------------------------------------------------------------------
XX0XXXXXX0XXXXXXXXXXXXXXXXXXXXXXXXXXXX1X1XXXXXXXXXXXX0XXXXXXXXXXXXXXXXXXXXXXXXXXXXXXXXXXXXXXXXXXXXXXXXXXXXXXXXXXXXXXXXXX
XXXX1XXXXXXXXXXXXXXXX11XXX1XXXXXXXXXX0XXXXXXXXXXXXXXXXXXXXXXXXXXXXXXXXXXXXXXXXXXXXXXXXXXXX


Generation 64/200  F=U(0.5, 1.0)  N_hist=13440
------------------------------------------------------------------------------------------------------------------------
0XXXXXXXXXXXXXXXXXXXXX1XXXXXXXXXXXXXXXXXXXXXXXXXXXXXXXXX0XXXXXXXXXXXXXXXXXXXX1XXXXXXXXXXXXXXXXXXXXXXXXXXXXXXXXXXXXXXXXX0
XXXXXXXXXXXXXXXXXXXXXXXXXXXXXXXXXXXXXXXXXXXXXX1XX1XXXXXX1XXXXXXXXXXXXXXXXX1XXXXXXXXXXXXXXX


Generation 65/200  F=U(0.5, 1.0)  N_hist=13650
------------------------------------------------------------------------------------------------------------------------
1XXXXXXX1XXXXXXX0XXXXXXXXXXXXXXXXXXX1XX1XXXXXXXXXXXXXXXXXXXXXXXXXXXXXXXXXXXXXXXXXXXXXXX1XXXXXXXXXXXXXXXXXXXXXXXXXXXXXXXX
XXXXXXXXXXXXXXXXXXXXXXXXXXXXXXXXXXXXXXXXX1XXXXXXXXXXXXXXXXXXXXXXXXXXXXXXXXXXXXXXXXXXXXXXXX


Generation 66/200  F=U(0.5, 1.0)  N_hist=13860
------------------------------------------------------------------------------------------------------------------------
10XXXXXXXXXXXXXXXXXXXXXXXXX0XX1XXXXXXXXXXXXXXXXXXXXXXXXXXXXXXXXX1XXXXXXXXX1XXXXXXXXXXXXXX0XXXXXXXXXXXXXXXXXX1XXXXXXXXXXX
XXXXXXXXX1XXXXX1XXXXXXX0XXXXXXXX1XXXXXXXXXXXXXXXXXXXXXXXXXXXXXXXXXXXXXXXXXXXXXXXXXXXXXXXXX


Generation 67/200  F=U(0.5, 1.0)  N_hist=14070
------------------------------------------------------------------------------------------------------------------------
XXXXXXXXXXXXXXXXXXXXXXXXXXXXXXXX1XXXXXXXXXXXXXXXXXXXXXXXXXXXXXXXXXXXXXXX1XXXXX01XXXXXXXXXXXXXXXXX1XXXXXXXXXXXXXXXXXXXXXX
XXXXXXXXXXXXXXXXXXXXXXXXX1XXXXXXXXXXXXXXXXXXXXXXXXXXXXXXXXXXXXXXXXXXXXXXXXXXXXXXXXXXXXXXXX


Generation 68/200  F=U(0.5, 1.0)  N_hist=14280
------------------------------------------------------------------------------------------------------------------------
XXXXXXXXXXXXXXXXXXXXXXXXXXXXXXXXXXXXXXXXXXX0XXXXXXXXXXXXXXXXXXXXXXXXXXXXXXX00XXXXXXXXXX1XX1XXXXXXXXXXXXXXXXXXXXXXXXXXXXX
XXXXXXXXXXXXXXXXXXXXXXXXXXXXXXXXXXXXXXXXXXXXXXXXXXXXXXXX0XXXXXXXXXX0XXXXXXXXXXXXXXXXXXXXXX


Generation 69/200  F=U(0.445, 1.0)  N_hist=14490
------------------------------------------------------------------------------------------------------------------------
X1X0XXXXXXXXXXXXXXXXXX0XXXXXXXXXXXXXX0XXXXXXXXXXXX1XXX1XXXXXXXXXXXXXXXXXXXXXXXXXXXXXX0XXXXXX1X0XXXXXXXXXXXXXXXXXXXXXXXXX
XXXXXXXXX1XXXXXXXXXXXX1XXXXXXXXXX1XXXXXXXXXXXXXXXXXXXXXXXXXXXXXXXXXXXXXXXXXXXXXXXXXXX1XXXX


Generation 70/200  F=U(0.493056632402, 1.0)  N_hist=14700
------------------------------------------------------------------------------------------------------------------------
XXXXXXXXXXXXXXXXXXXXXXXXXXXXXXXXXXXXXXXXXXX1XXXXXXXXXXXXXXXXXXX0XXXXX1XXXXXXXXXXXXXXXXXXXXXXX1XXXXXXXXXXXXXXXXXXXXXXXXXX
XXXX1XXXXXXXXXXXXXXXXXXXXXXXXXXXXXXXXXXXXXXXXXXXXXXXXXXXXXXXXXXXXXXXXXXXXXXXXXXXXXXXXXXXXX


Generation 71/200  F=U(0.438820402838, 1.0)  N_hist=14910
------------------------------------------------------------------------------------------------------------------------
X1XXXXXXXXXXXXXXXXXXXXXXXXXXXXXXXXXXXXXXXXXXXXXXXXXXXXXXXXXXXXXX0XXXXXXXXXXXXXXXXXXXXXXXXX01XXXXXXXXXXXXXXXXXXXX1XXXXXXX
XXXXXXXX1XXXXXXXXXXXXXXXX1XXXXXXXXXXXXXXXXXXXXXXXXXXXXXXXXXXX1XXXXXXXXXXXXXXXXXXXXXXXXXXXX


Generation 72/200  F=U(0.486209685511, 1.0)  N_hist=15120
------------------------------------------------------------------------------------------------------------------------
XXXXXXX1XXXXXXXXXXXXXXXXXXX1XXXXXXXXXXXXXXXXXXXXXXXXXXXXXXXXXXXXXX1XXXXXXXXXXXX1XXXXXXXXXXXXXXXXXXXXXXXXXXXXXXXXXXXXXXXX
XXXXXXXXXXXXXX1XXXXXXXXXXXXXXXXXXXXXXXXXX0XXXXXXXXXXXXXXXXXXXXX0XXXXXXXXXXXXXXXXXXXXXXXXXX


Generation 73/200  F=U(0.5, 1.0)  N_hist=15330
------------------------------------------------------------------------------------------------------------------------
X0XXX0XXXXXXXXXXXXXXXXXXXXXXXXXXXXXXXXXXXXXXXXXXXXXXXXXXXXXXXXXXXXXXXXXXXXX0XXXXXXXXXXXXXXXX1XXXXXXXXXXXXXXXXXXXXXXXXXXX
0XXXXXXXXXXXXXXXXXXXXXXXXXXXXXXXXX1XXXXXXXXXXXXXXXXXXXXXXXXXXXXXXXXXXXXXXXXXXXXXXXXXXXXXXX


Generation 74/200  F=U(0.5, 1.0)  N_hist=15540
------------------------------------------------------------------------------------------------------------------------
XXXXXXXXXXXXX1XXXXXXXXXXXXXXXXXXXXXXXXXXXXXXXXXXXXX1XXXXXXXXXXXXXXXXXXXXXXXXXXXXXXXXXXXXXXXXXXXXXXX1XXXXX1XXXXXXXXXXXXXX
XXXXXXXXXXXXXXXXXXXXXXXXXXXXXXXX1XXXXXXXXXXXXXXXXXXXXXXXXXXXXXXXXXXXXXXXXXXXXXXXXXXXXXXXXX


Generation 75/200  F=U(0.5, 1.0)  N_hist=15750
------------------------------------------------------------------------------------------------------------------------
11XXX0XXXXXXXXXXX1XXX1XXXXXXXXXXXXXXXXXXXXXXXXXX0XXXXXXXXXXXXXXXXXXXXXXXXXXXXXXXXXXXXXXXXX0XXXXXXXXXXXXX1XXXXXXXXXXXXXX0
XXXXXXXXXXXXXXXXXXXXXXXXXXXXXXXXXXXXXXXXXXXXXXXXXX0XXXXXXXXXXXXXXXXXXXXXXXXXXXXXXXXXXXXXXX


Generation 76/200  F=U(0.5, 1.0)  N_hist=15960
------------------------------------------------------------------------------------------------------------------------
XXXXXXXXXXXXXXXXXXXXXXXXXXXXXXXXXXXXXXXXXXX11XXXXXXXXXXXXXXXXXXX01XXX0XXXXXXXXXXXXXXXXXXXXXXXXXXXXXXXXXXXXXXXXXXXXXXXXXX
XXXXXXXXXXXXXXXX1XXXX10XXXXXXXXX1XXXXXXXXXXXXXXXXXXXXXXXXXXXXX0XXXX1XXXXXXXXXXXXXXXXXXXXXX


Generation 77/200  F=U(0.5, 1.0)  N_hist=16170
------------------------------------------------------------------------------------------------------------------------
XXX1XXXXXXXXXXXXXXXXX1XXXXXXXXXXXXX0XXXXXXX1XXXXXXXXXXXXXXXXXXXXXXXXX1XXXXXXXXXXXXXXXX0XXXXXXXXXXXXXXXXXXXXXXXXXXXXXXXX1
X0XXXXXX1XXXXXXXXXXXXXXXXXXXXXXXXXXXXX1XX1XXXXXXXXXXXXXXXXXXXXXXXXXXXXXXXXXX1XXXXXXXXXXXXX


Generation 78/200  F=U(0.5, 1.0)  N_hist=16380
------------------------------------------------------------------------------------------------------------------------
XXXXXXXXXXXXXXXXXXXXXXXXXXXXXXXXXXXXXXXXXXXXXXXXX0XXXXXXXXXXXXXXXXXXXXXXXXXXXXXXXXXXXXXXXXXXX1XXXXXXXXXXXXXXXXXXXXXXXXXX
XXXXXXXXXXXXXXXXXXXXXXXXXX1XXXXXXXXXXXXXXXXXXXXXXXXXXXXXXXXXXXXXXXXXXXXXXXXXXXXXX1XXXXXXXX


Generation 79/200  F=U(0.445, 1.0)  N_hist=16590
------------------------------------------------------------------------------------------------------------------------
XX0XXXXXXXXXXXXXXXXXXXXXXXXXXXXXXXXXXXXXXXXXXXXXXXXXXXXXXXXXXXXXXXXXXXXXXXXXXXXXXXXXXXXXXXXXXXXXXXXX1XXXXXXXXXXXXXXXXX0X
XXXXXXXXXXXXXXXXXXXXXXXXXXXXXXXXXXXX1XXXXXXXXXXXXXXXXXXXXXXXXXXXXXXXXXXXXXXXXXXXXXXXXXXXXX


Generation 80/200  F=U(0.493056632402, 1.0)  N_hist=16800
------------------------------------------------------------------------------------------------------------------------
XXXXXXXXXXXXXXXXXXXXXXXXXXXXXXXXXXXXXXXXXXXXXX0XXXXXXXXXXXXXXXXXXXXXXXXXXXX0XXXXXXXXXXXXXXXXXXXXXXXXXXXXX0XXXXXXXXXXXXXX
XXXXXXXXXXXXXXXXXXXXXXXXXXXXXXXXXXXXXXXXXXXXXXXXXXXXXXXXX1XXXXX1XXXXXXXXXXXXXXXXXXXXXXXXXX


Generation 81/200  F=U(0.438820402838, 1.0)  N_hist=17010
------------------------------------------------------------------------------------------------------------------------
X1XXXXXXXXX1XXXXXXXXX0XXXXXXXXXXXXXXXXXX1XXXXXXXXXXXXXXXXXXXXXXXXXXXXXXXXXXXXXXXXXXXXXXXXXXXXXXXXXXXX1XXXXXXXXXXXXXXXXXX
XXXX1XXXXXXXXXXXX00XXXXXXXXXXXXXXXXXXXXXXXXXXXXXXXXXXXXXXXXXXXXXXXXXXXXXXXXXXXXXXXXXXXXXXX


Generation 82/200  F=U(0.486209685511, 1.0)  N_hist=17220
------------------------------------------------------------------------------------------------------------------------
XXXXXXXXXXXXXXXXXXXXXXXXXXXXXXXXXXXXXXXXXXX0XXXXXXXXXXXXXXXXXXXXXXXXXXX1XXXXXXXXXX0XXXXXXXXXXXXXXXXXXXXXXXXXXXXXXXXXXXXX
XXXXXXXXXXXXXXXXXXXXXXXXXXXXXXXXXXXXXXXXXXXXXXXXXXXXXXXXXXXXXXXXXXXXXXXXXXXXXXXXXXXXXXXXXX


Generation 83/200  F=U(0.5, 1.0)  N_hist=17430
------------------------------------------------------------------------------------------------------------------------
XXX00XXXXXXXXXXXXXXXXXXXXXX0XXXX0XXXXXXXXXXXXXXXXXXXXXXXXXXXXXXXXXXXXXXXXXXXXXXXXXXXXXXXXXXXXXXXXXXXXXXXXXXXXXXXXXXXXXXX
XXXXXXXXXXXXXXXXXXXXXXXXXXXXX0XXXX0XXXXXXXXXXXXXXXXXXXXXXXXXXXXXXXXXXXXXXXXXXXXXXXXXXXXXXX


Generation 84/200  F=U(0.445, 1.0)  N_hist=17640
------------------------------------------------------------------------------------------------------------------------
XXX1XXXXXXXXXXXXXXXXXX0XXXXXXXXXXXXXXXXXXXXXXXXXXXXXXXXXXX0XXXXXXXX1XXXXXXXXXXX1XXXXXXXXXXXXXXXXXXXXXXXXXXXXXXXXXXXXXXXX
XXXXX1XXXXXXXXXXXXXXXXXXXXXXXXXXX1XX1XXXXXXXXXX1XXXXXXXXXXXXXXXXXXXXXXXXXXXXXXXXXXXXXXXXXX


Generation 85/200  F=U(0.493056632402, 1.0)  N_hist=17850
------------------------------------------------------------------------------------------------------------------------
XXXXXXXX1XXXXXXXXXXXXXXXXXXXXXXXXXXXXXXXXXXXXXXXXXXXXXXXXXXXXXXXXXXXXXXXXXX1XXXXXXXXXXXXXX1X1XXXXXXXXXXXXXXXXXXXXXXXXXXX
XXXXXXXXXXXXXXXXXXXXXXXXXXXXXXXXXXXXXXXXXXXXXXXXXXXXXXXXXXXXXXXXXXXXXXXXXXXXXXXXXXXXXXXXXX


Generation 86/200  F=U(0.438820402838, 1.0)  N_hist=18060
------------------------------------------------------------------------------------------------------------------------
X1XXXXXXXXXXXXXXXXXXXXXX0XXXXXXXXXXXXXXXXXXXXXXXXXXXXXXXXXXXXXXXXX0XXXXXXXXX0XXXX1XXXXXXXXXXXXXXXXXX1XXXXXXXXXXXXXXXXXXX
X1XXXXXXXXXXXXXXXXXXXXXXXXXXXXXX1+XXXXXXXXX1XXXXXXXXXXXXXXXXXXXXXXXXXXXXXXXXXXXXXXXXXXXXXX1


Generation 87/200  F=U(0.486209685511, 1.0)  N_hist=18269
------------------------------------------------------------------------------------------------------------------------
XXXXXXXXXXXXXXXXXXXXXXXXXXX0XXXXXXXXXXXXXXXXXXXXXXXXXXXXXXXXXXXXXXXXXXXXXXXXXXXXXXXXXXXXXXXXXXXXXXXXXXXXXXXXXXXXXXXXXXXX
XXXXXXXXXXXXXXXXXXXXXXXXXXXXXXXXXXXXXXXXXXXXXXXXXXXXXXX1XXXXXXXXXXXXXXXXXXXXXXXXXXXXXXXXXX


Generation 88/200  F=U(0.432726620105, 1.0)  N_hist=18480
------------------------------------------------------------------------------------------------------------------------
XXX1XXXXXXXXXXXXXXXXXXXXXXXXXXXXXXXXXXXXXXXXXXXXXXXXXXXXXXXXXXXXXXXXXXXXXXXXXXXXXXXXX1XXXXXXXXXXXXXXXXXXXXXXXXXXXXXXXXXX
XX0XXXXXXXXXXXXXXXXXXXXXXXX0XXXXXXXXXXXXXXXXXXXXXXXXXXXXXXXXXXXXXXXXXXXXXXXXXXXXXXXXXXXXXX


Generation 89/200  F=U(0.385126691893, 1.0)  N_hist=18690
------------------------------------------------------------------------------------------------------------------------
X0X1XXXX1XXXXXX0XXXXXXXXXXXXXXXXXXXXXX0XXXXXXXXXXXXXXXXXXXXXXXXXXXXXXXXXXXXXXXXXXXXXXXXXXXXXXXXXXXXXXXXXXXXXXXXX0XXXXXXX
XXXXXXXXXXXXXXXXXXXXXXXXXXXXXX1X0XXXXXXXXXXXXXXXXX0XXXXXXXXXXXXXXXXXXXXXXXXXXXXXXXXXXXXXXX


Generation 90/200  F=U(0.342762755785, 1.0)  N_hist=18900
------------------------------------------------------------------------------------------------------------------------
X1XXXXXXXXXXXXX0XXXXXXXXXXXXXX1XXXXXXXXXXXXXXXX0XXXXXXXX1XXXXXXXXXXXXXXX1XXXXXXXXXXXXXXXXXXXXXXX0XXXXXXXXXXXXXXXXXXXXXXX
XXXXXXXXXXXXXXXXXXXXXXXXXXXXXXXXXXXXXXXXXXXXXXXXXXXXXXXXXXXXXXXXX10XXXXXXXXXXXXXXXXXXXXXXX


Generation 91/200  F=U(0.379778539506, 1.0)  N_hist=19110
------------------------------------------------------------------------------------------------------------------------
XX0XXXXXXXXXX0XXXXXXXXXXXXXXXXXXXXXXXXXXXXXXXXXXXXXXXXXXXXXXXX0XXXXXXXXXXXXXXXXXXXXXXXXXXXXXXXXXXXXXXXXXXXXXXXXXXXXXXXXX
XXXXXXXXXXXXXXXXXXXXXXXXXXXXXXXXXXXXXXXXXXXXXXXXXXXXXXXXXXXXXXXXXXXXXXXXXX1XXXXXXXXXXXXXXX


Generation 92/200  F=U(0.33800290016, 1.0)  N_hist=19320
------------------------------------------------------------------------------------------------------------------------
0XX0X0XXXXXXXXXXXXXXXXXXXXXXXXXXXXXXXXXXXXXXXX1XXXXXXXXXXXXXXXXXXXXXXXXXX1XXXXXXXXXXX0XXXXXXXXXXXXXXX0XXXXXXXXXXXXXXXXXX
XXXXXXXXXXXXXXXXXXXXXXXXXXXXXX1XXXXXXXXXXXXXXXXXXXXXXXXXXXXXXXXXXXX1XXXXXXXXXXXXXXXXXXXXXX


Generation 93/200  F=U(0.374504655495, 1.0)  N_hist=19530
------------------------------------------------------------------------------------------------------------------------
XXXXXXXXXXXXXXXXXXXXXXX1XXXXXXXXXXX0XXXXXXXXXXXXXXXXXXXXXXXXXXXX0XXXXXXXXXXXXXXXXXXXXXXXXXXXXXXXXXXXXXXXXXXXXXXXXXXXXXXX
XXXXXXXXXXXXXXXXXXXXXXXXXXXXXXXXXXXXXXXXXXXXXXXXXXXXXXXXXXXXXXXXXXXXXXXXXXXXXXXXXXXXXXXXXX


Generation 94/200  F=U(0.33330914339, 1.0)  N_hist=19740
------------------------------------------------------------------------------------------------------------------------
0X0XXXXXXXXXXXXXXXXXXXXXXXXXXXXXXXXXXXXXXXXXXXXXXXXXXXXXXXXXXXXXXXXXXXXXXXXXXXXXXXXXXXXXXXXXXXXXXXXXXXXXXXXXXXX1XXXXXXX1
XXXXXXXXXXXXXXXXXXXXXXXXXXXXXXXXXXXXXXXXXXXXXXXXX0XXX0XXX0XXXXXXXXXXXXXXXXXXXXXXXXXXXXXXXX


Generation 95/200  F=U(0.296645137617, 1.0)  N_hist=19950
------------------------------------------------------------------------------------------------------------------------
XX1XX0XXXXXXXXXX0XXXXXXXXXXXXXXXXXXXXXXXXXXXXXXXXXXXXXXXXX1XXXXXXXXXXXXXXXXXXXXXXXXXXXXXXXXXXXXXXXXXXXXXXXXXXXXXXXXXXXXX
XXXXXXXXXXXXXXXXXX0XXXXXXX1XXXXX1XXXXXXXXXXX1XXXXXXXXXXXXXXXXXXXXXXXXXXXXXXX1XXXXXXXXXXXXX


Generation 96/200  F=U(0.328680567578, 1.0)  N_hist=20160
------------------------------------------------------------------------------------------------------------------------
XXXXXXXXXXXXXXXXXXXXXXXXXXXXXXXXXXXXXXXXXXX1XXXXXXXXXXXXXXXXXXXXXXXXXXXX1XXXX0XXXXXXXXXXXXXXXXXX1XXXXXXXXXXXXXXXXXXXXXXX
X0XXXXXXXXXXXXXXXXXXXXXXXXXXX0XXXXXXXXXXXXXXXXXXXXXXXXXXXXXX1XXXXXXXXXXXXXXXXXXXXXXXXXXXXX


Generation 97/200  F=U(0.364175581541, 1.0)  N_hist=20370
------------------------------------------------------------------------------------------------------------------------
XX1XXXXXXXXXXXXXXXXX0XXXXXXXXXXXXXXXXXXXXXXXXXXXXXXXXXXXXXXXXXXXXXXXXXXXXXXXXXXXXXXXXXXXXXXXXXXXXXXXXXXXXXXXXXXXXXXXXXXX
XXXXXXXXXXXXXXXXXXXXXXXXXXXXXXXXXXXXXXXXXXXXXXXXXXXXXXXXXXXXXXXXXXXXXXXXXXXXXXXXXXXXXXXXXX


Generation 98/200  F=U(0.324116267571, 1.0)  N_hist=20580
------------------------------------------------------------------------------------------------------------------------
XXXXXXXXXXXXXXXXXXXXXXXXXXXXX0XXXXXXXXXXXXXXXXXXXXXXXXXXXXXXXXXXXXXXXXXXXXXXXXXXXXXXXXXXXXXXXXXXXXXXXXXXXXXXXXXXXXXXX1XX
XXXXXXX1XXXXXXXXXXXXXXXX0XXXXXXXXXXXXXXXXXXXXXXXXXXXXXXXXXXXXXXXXXXXXXXXXXXXXXXXXXXXXXXXXX


Generation 99/200  F=U(0.288463478139, 1.0)  N_hist=20790
------------------------------------------------------------------------------------------------------------------------
XX01X1XXXXXXXXXXXXXX1XXXXX0XXXXXXXX10XXXXXXXXXXXXXXXXXX0XXXXXXXXXXXXXXXXXXXXXXXXXXXXXXXXXXXXXXXXXXXXXXXXXXXXXX1XXXXXXXXX
XXXXXXXXXXXXXXXXXXXXXXXXXXXXXXXXXX0XXXXXXXXXXXXX1XXXXXXXXXXXXXXXXXXXXXXXXXXXXXXXXXXXXXXXXX


Generation 100/200  F=U(0.319615350791, 1.0)  N_hist=21000
------------------------------------------------------------------------------------------------------------------------
0XXXXXXXXXXXXXX0XX1XXXXXXXXXXXXXXXXXXXXXXXXXXXX0X1XXXXXXXXXXXXXXXXXXXXXXXXXXXXXXXXXXXXXXXXXXXXXXXXXXXXXXXXXXXXXXXXXX0XXX
0XXXXXXXXXXXXXXXXXXXXXXXXXXXXXXXXXXXXXXXX1XXXXXXXXXXXX1XXX00XXXXXXXXXXXXXXXXXXXXXXXXXXXXXX


Generation 101/200  F=U(0.354131389944, 1.0)  N_hist=21210
------------------------------------------------------------------------------------------------------------------------
XXXXXXXXXXXXXXXXXXXXXXXXXXXXXXXXXXXXXXXXXXX00XXXXXXXXXXXXXXXX1XXXXXXXXXXXXXXXXXXXXXXX1XXXXXXXXXXXX1XXXXXXXXXXXXXXXXXXX1X
XXXXXXX0XXXXXXXXXXXXXXXXXXXXXXXXXXXXXXXXXXXXX0XXXXXXXXXXXXXXXXXXXXXXXXXXXXXXXXXXXXXXXXXXXX


Generation 102/200  F=U(0.39237490012, 1.0)  N_hist=21420
------------------------------------------------------------------------------------------------------------------------
XXX1XX1XXXXXXXXXXXXXXXXXXX0XXXXXXXXX1XXXXXXXXXXX1XXXXX1XXXXXXXXX1X1XXXXXXXXXXXXXXXXXXXXXXX0XXXXXXXXXXXXXXXXXXXXXXXXXXXXX
XXXXXXXXXXXXXXXXXXXXXXXX0XXXXXXXXXXXXXXXXXXXXXXXXXXXXXXXXXXXXXXXXXXXXXXXXXXXXXXXXXXXXXXXXX


Generation 103/200  F=U(0.434748419983, 1.0)  N_hist=21630
------------------------------------------------------------------------------------------------------------------------
X0X0XXXXXXXXXXXXX0XXXXXXXXXXXXXXXXXXXXXXXXXXXXXXXXX1XXXXXXXXXXXXXXXXXXXXXXXXXXXXXXXXXXXXXXXXXXXXXXXXXXXXXXXXXXXXXXXXXXXX
XXXXXXXXXXXXX0XXXXXXXX0XXXXXXXXXXXXXXXXXXXXXXXXXXXXXXXXXXXXXXXXXXXXXXXXXXX11XXXXXXXXXXXXXX


Generation 104/200  F=U(0.481697959323, 1.0)  N_hist=21840
------------------------------------------------------------------------------------------------------------------------
X1XXXXXXXXXXXXXXXXX0XXXXXXXXXXXXXXXXXXXXXXXXXXXXXXXXX0XXXXXX0X1X1XXXXXXXXXXXXXXXXXXXX00XXXXXXXXXXXXXXXXXXXXXXXXXXXXXXXX1
XXXXXXXXXXXXXXXXXXXXXXXXXXXXXXXXXXXXXXXXXXXXXXXXXXXXXXXXXXXXXXXXXXXXXXXXXXXXXXXXXXXXXXXXXX


Generation 105/200  F=U(0.428711183797, 1.0)  N_hist=22050
------------------------------------------------------------------------------------------------------------------------
X1XXXXXXX1XXXXXXXXXXXXXXXXXXXXXXXXXXXXXXXXXXXXXXXXXXXXXXXXXX0XXXXXXXXXXXXXXXXXXXXXXXXXXXXXXXXXXXXXXXXXXXXXXXXXXXXX0XXXXX
XXXX0XXXXXXXXXX1XXXXXXXXXXXXXXXXX1XXXXXXXXXXXXXXXXXXXXXXXX1XXXXXXXXXXXXXXXXXXXXXXXXXXXXXXX


Generation 106/200  F=U(0.38155295358, 1.0)  N_hist=22260
------------------------------------------------------------------------------------------------------------------------
XXXXXXXXXXXXXXXXXXXXXXXXXXXXXXXXXXXXXXXXXXXXXXXXXXXXXXXXXXX1XXXXXXXXXXXXXXXXXXXXXXXXXXXXXXXXXXXXXXXXXXXXXXXXXXXXXXXXXXXX
XXXXXXXXXXXXXXXXXXXXXXXXXXXXXXXXXX1XXXXXXX0XXXXXXXXXXXXXXXXX1XXXXXXXXXXXXXXXXXXXXXXXXXXXXX


Generation 107/200  F=U(0.339582128686, 1.0)  N_hist=22470
------------------------------------------------------------------------------------------------------------------------
XX10XXXXXXXXXXXXXXXXXXXXXXXXXXXXXXXXXXXXXXXXXXXXX0XXXXXXXXXXXXX0XXXXX0XXXXXXXXXXXX1XXX10XXXX0XXXXXXXXXXXXXXX0XXXXXXXXXXX
XXXXXXXXXXX0XXXXXXXXXXXXXXXXXXX0XXXXXXXXXXXXXXXXXXXXXXXXXXXXXXXXXXXXXXXXXXXXXXXXXXXXXXXXXX


Generation 108/200  F=U(0.30222809453, 1.0)  N_hist=22680
------------------------------------------------------------------------------------------------------------------------
0X0XXXXXXXXXXXXXXXXXXXXXXXXXXXXXXXXXXXXXXXXXXXXXXXXXXXXXX0XXXXXXXXXXXXXXXXXXXXXXX0XXXXXXXXXXXXXXXXXXXXX10XXXXXXXXXXXXXXX
X0XXXXXXXXXX1X0XXXXXXXXXXXXXXXXXXXXXXXXXXXXXXXXXXXXXXXXXXXXXXXXXXXXXXXX00XXX1XXXXXXXXXXXXX


Generation 109/200  F=U(0.268983004132, 1.0)  N_hist=22890
------------------------------------------------------------------------------------------------------------------------
XXXXXXXXXXXXXXXXXXXXXXXXXXXXXXXXXXXXXXXXXXXXXXXXXXXXXXXXXXXXXXXXXXXXXXXXXXXXXXXXXXXXXXXXXXXXXXXXXXXXX01XXXXXX0XXXXXXXXX0
XXXXXXXXXXXXXXXXXXXXXXXXXXXXXXXXXXXXXXXXXXXXXXXXXXXXXXX0XXXXXXXXXXXXXXXXXXXXXXXXXXXXXXXXXX


Generation 110/200  F=U(0.239394873678, 1.0)  N_hist=23100
------------------------------------------------------------------------------------------------------------------------
X1XXXXXXXXXXXXXXXXXXXXXXXXXXXXXXXXXXXXXXXXXXXXXXXXXXXXXXXXXXXXXXXXXXXXXXXXXXXXXXXXXXXXX1XXXXXXXXXXXXXXXX0XXXXXXXXXXXXXXX
XXXXXXXXXXXXXXXXXXXXXXXXXXXXXXXXXXXXXXXXXXXXXXXXXXXXXXXXXXXXXXXXXXXXXXXXXXXXXXXXXXXXXXXXXX


Generation 111/200  F=U(0.213061437573, 1.0)  N_hist=23310
------------------------------------------------------------------------------------------------------------------------
XXXXXXX0XXXXXXXXXXXXXXXXXXXXXXXXXXXXXXXXXXXXXXXXXXXXXXXXXX0XXXXXXXXXXXXXXXXXXXXXXXXXXXXXXXXXXXXXXXXXXX1XXXXXXXXXXXXXXXXX
XXXXXXXXXXXXXXXXXXXXXXXXXXXXXXXXXXXXXXXXXXXXXXXXXXXXXXXXXXXXXXXXXXX1XXXXXXXXXXXXXXXXXXXXXX


Generation 112/200  F=U(0.18962467944, 1.0)  N_hist=23520
------------------------------------------------------------------------------------------------------------------------
X1XXXXXXXXXXXXXXXXXXXXXXXXXXXXXXXXXXXXXXXXXXX1XXXXXXXXXXXXXXXXXXXXXXXXXXXX0XXXXXXXXXXXXXXXXXX0XXXXXXXXXXXXXXXXXXXX0XXXXX
XXXXXXXXXXXXXXXXXXXXXXXXXXXXXXX1XXXXXXXXXXXXXXX0XXXXXXXXXXXXXXXXXXXXXXXXXXXXXXXXXXXXXXXXXX


Generation 113/200  F=U(0.168765964702, 1.0)  N_hist=23730
------------------------------------------------------------------------------------------------------------------------
X011X10XXXXXXXXXXXXXXXXXXXXXXXXXXXXXXXXXXXXXXXXXXXXXXXXXXXXXXXXXXXXX0XXXXXX1XXXXXXXXXXXXXXXXXXX1XX1X1XXXXXXXXXXXXXXXXXXX
XXX1XXXXXXXXXXXXXXXXXXXXXXXXXXXXXXXXXXXXXXXXXXXXXXXX0XXXXXXXXXXXXXXXXXX0XXXXXXXXXXXXXXXXXX


Generation 114/200  F=U(0.18699141173, 1.0)  N_hist=23940
------------------------------------------------------------------------------------------------------------------------
01XXXX1XXXXXXXXXXXXXXXXXXXXXXXXXXXXXXXXXXX11XXXXXXXXXXXXXXXXXXXXXXXXXXXXXXXXXX0XXXXXX1XXXXXXXXXXXXXXXXXXXXXXXXXXXXXXXXX0
XXXXXXXXXX0X1XXXXXXXXXXXXXXXXXXXXX0XXXXXXXXXXXXXXXXXXXXXX1XXXXXXXXXXXXXXXXXXXXXXXX1XXXXXXX


Generation 115/200  F=U(0.207185069114, 1.0)  N_hist=24150
------------------------------------------------------------------------------------------------------------------------
X1XXXXXXXXXXXXXXXX1XXXXXXXXXXXXXXXXXXXXXXXXXXXXXXXXXXXXXXXXXXXXXXXX1XXXXXXXXXXXXXXXXXXXXXXXXXXXXXXXXXXXX0XXXX0XXXXXXXXXX
XXXXXXXXXXXXXXXXXXXXXXXXXXXXXXXXXXXXXXXXXXXXXXXXXXXX1XXXXXXXXXXXX1XXXXXXXX1XXXXXXXXXXXXXXX


Generation 116/200  F=U(0.229559488677, 1.0)  N_hist=24360
------------------------------------------------------------------------------------------------------------------------
XXXXXXXX0XXXXXXX0XXXXXXXXXX0XXXXXXXXXXXXXXXXXXXXXXXXXXXXXXXXXXXXXXXXXXXXXXXXXXXXXX0X00XXXXXXXXXXXXXXXXXXXXX1XXXXXXXXXXXX
XXXXX0XXXXXXXXXXXXXXXXXXXXXXXXXXXXXXXXXXXXXXX110XXXXXXXXXXXXXXXXXXXXXXXXXXXXXXXXXXXXXXXXXX


Generation 117/200  F=U(0.254350176231, 1.0)  N_hist=24570
------------------------------------------------------------------------------------------------------------------------
XX0XXXXX0XXXXXXXXXXXXXXXXXXXXXXXXXXXXXXXXXXXXXXXXXXXXXXXXXXXXXXXXXXXXXXXXXXX0XXXXXXXXXXXXXXXXXXXXXXXXXXXXXXXXXXXXXXXXXXX
XX1XXXX1XXXXXXXXXXXXXXXXXXXXXXXXXXXXXXXXXXXXXXXXXXXXXXXXXXXXXXXXXXXXXXXXXXXXXXXXXXXXXXXXXX


Generation 118/200  F=U(0.226371656846, 1.0)  N_hist=24780
------------------------------------------------------------------------------------------------------------------------
1X0XXXXXXXXXXXXXXXXXXXXXXXXXXXXXX0XXXXX01XXXXXXXXXXXXXXXXXX1XXXXXXXXXXXXXXXXXXXXXXXXXXXXXXXXXXXXXXXXXXXXX0XXX1XXX0XXXXXX
XXXXXXXXXXXXXXXXXXXXXXXXXXXXXXXXXXXXXXXXXXXXXXXXXXXXXXXXXXXXXXXXXXXXXXXXXXXXXXXXXXXXXXXXXX


Generation 119/200  F=U(0.250818082687, 1.0)  N_hist=24990
------------------------------------------------------------------------------------------------------------------------
XX0XXXXXXXXXX0XXXXXXXXXXXXXXXXXXXXXXXXXXXXXXXXXXXXXXXXXXXXXXXXXXXXXXXXXXXXXXXXXXXXXXXXXXXXXXXXXX010XXXXXXXXXXXXXXXXX0XXX
XXXXXXXXXXXXXXXX1XXXXXXXXXXXXXXXXXXXXXXXXXXXXXXXXXXXXXXXXXXXXXXXXXXXXXXXXXXX1XXXXXXXXXXXXX


Generation 120/200  F=U(0.277904537517, 1.0)  N_hist=25200
------------------------------------------------------------------------------------------------------------------------
XXX0XXXXXXXXXXXXXXXXXXXXXXXXXXXXXXXXXXXXXXXXXXXXXXXXXXXXXXXXXXXXXXXXXXXXXXXXXXXXXXXXXXXXXXXXXXXXXXXXXXXXXXX0XXXXXXXXXXXX
XXXXXXXXXXXXXXX0X1XXXXXXXXXXXXXXXXXXXXXXXXXXX1XXXXXXXXXXXXXXXX1XXXXXXXXXXX1+XXXXXXXXXXXXXXX


Generation 121/200  F=U(0.24733503839, 1.0)  N_hist=25410
------------------------------------------------------------------------------------------------------------------------
XXX0XXXXXXXX0XXXXXXXXXXXXXXXXXXXXXXXXXXXXXXXXXXXXXXXXXXXXXXXXXXXXXXXXXXXXXXXXXXXXXXXXXXXXXXXXXXXXXXXXXXXX1XXXXXXXXXXXXXX
XXXXXXXXXXXXXXXXXXXX1X10XXXXXXXXXXXXXXXXXXXXXXXXXXXXXXXXXXXXXXXXXX0XXXXXXXXXXXXXXXXXXXXXXX


Generation 122/200  F=U(0.274045350795, 1.0)  N_hist=25620
------------------------------------------------------------------------------------------------------------------------
X0XXXXXXXXXXX1XXXXXXXXXXXXXXXXXXXXXXXXXXXXXXXXXXXXXXXXXXXXXXXXXXXXX1XXXXXXXXXXXXXXXXXXXXXXXXXXXXXX00XXXXXXXXXXXXXX0XXXXX
XXXXXXXXXXXXXXXXXXXXXXXXXXXXXXXXXXXXXXX0XXXXXXXXXXXXXXXXXXXXXXXXXXXXXXX01XXXXXXXXXXXXXXXXX


Generation 123/200  F=U(0.243900362207, 1.0)  N_hist=25830
------------------------------------------------------------------------------------------------------------------------
0XXXXXXXXXXX0XXXXXXXXXXXXXXXXXXXXXXXXXX0XXXXXXXXXXXXXXXXXXXXXXXXXXXXXXXXXXX1XXXXXXXXXXXX0XXXX1XXXXXXXXXXXX0X1XXXXXXXXXXX
XXXXXXXXXXXXXXXXXX1XX0XXXXXXXXXXXXXXXXXXXXXXXXXXXXXXXXXXXXXXXXXXXXXXXXXXXXXXXXXX11XXX0XXXX


Generation 124/200  F=U(0.270239755576, 1.0)  N_hist=26040
------------------------------------------------------------------------------------------------------------------------
XXXXXXXXXXXXXXXXXXXXXXXXXXXXXXXXXXXXXXXXX0XXXXXX0X0XXXXXXXXXXXXXXXXXXXXXXXXXX0XXXXXXXXXXXXXXXXXXXXXX0XXXXX1XXXXXXXXXXXXX
XXX1XXXXXXXXXXXXXXXXXXXXXXXXXXXXXXXXXX1XXXXXXXXXXXXXXXXXXXXXXXXX1XXXXXXXXXXXXXXXXXXXXXXXXX


Generation 125/200  F=U(0.299423604103, 1.0)  N_hist=26250
------------------------------------------------------------------------------------------------------------------------
X00X0XXXXXXX0XXXXXXXXXXXXXXXXXXXXXXXXXXXXXXXXXXXXXXXXXXXXXXXXXXXXXXXXXXXX1XX0XXXXXXXXXXXXXXXXXXXXXXXXXXXXXXXXXXXXXXXXXXX
XXXXXXXXXXXXXXXXXXXXXXXXXXXXXXXXXXXXXXXXXXXXXXXXXXXXXXXXX1XXXXXXXXXXXXXXXXXXXXXXXXXXXXXXXX


Generation 126/200  F=U(0.266487007651, 1.0)  N_hist=26460
------------------------------------------------------------------------------------------------------------------------
X0XXXXXXX0XXXXXXXXXXXXXXXXXXXXXXXXXXXXXXXXXXXXXXXX0XXXXXX0XXXXXXXXXXXXXXXXXXXXXXXXXXXXXXXXXXX0X1XXXXXXXXXXXXX0XXXXXXXXXX
XXXXXXXXXXXXXXXXXXXXXXX0XXXXXXXX1XXXXXXXXXXXXXXXXXXXXXXXXXXXXXXXXXXXXXXXXXXXXXXXXXXXXXXX0X


Generation 127/200  F=U(0.295265587801, 1.0)  N_hist=26669
------------------------------------------------------------------------------------------------------------------------
X1XXXXXXXXXXXXXXXXXXXXXXXXXXXXXXXXXXXXXXXXXXXXXXXXXXXXXXXXXXXXXXXXXXXXXXXXXXXXXXXXXXXXXXXXXXXXXXXXX01XXXXXXXXXXXXXXXXXXX
XXX10XXXXXXXXXXXXX0XXXXXXXXXXXXXXXXXXXX0XXXXXXXXXXXXXXXXXXXXXXXX0XXXXXXXXXXXXXXXXXXXXXXXXX


Generation 128/200  F=U(0.262786373143, 1.0)  N_hist=26880
------------------------------------------------------------------------------------------------------------------------
10X0XXX1XXXXXXXXXXXXXXXXXXXXX0XXXXXXXXXXXXXXXX1XXXXXXXXX1XXXXXXXXXXXXXXXXXXXXXXXXX1XXXXXXXXXXXXXXXXXXXXXXXXXXXXXXXXXXXXX
XXXXXXXXXXXXXXXXXXXXXXXXXXXXXXXXXXXXXXXXXXXXXXXXXXXXXXXXXXXXXXXXXXXXXXXXXXX0XXXXXXXXXXXXXX


Generation 129/200  F=U(0.291165312771, 1.0)  N_hist=27090
------------------------------------------------------------------------------------------------------------------------
10XXXX0XXXXXX1XXXXXXXXXXXXXX1XXXXXXX1XXXXXXXXXX0XXXXXXXXXXXXXXXXXXXXXXXXXXXXXXXXXXXXXXXXXXXX1XXXXXXXXXXXXX1XXXXXXXXXXXXX
XXXXXXXXXXXXXXXXXXXXXXXXXXXXXXXXXXXXXXXXXXXXXXXXXXXXX0XXXXXXXXXXXXXXXXXXXXXXXXXXXXXXXXXXXX


Generation 130/200  F=U(0.259137128366, 1.0)  N_hist=27300
------------------------------------------------------------------------------------------------------------------------
XXXXXXXXXXXXXXXXXXXXXXXXXXXXXXXXXXXXXXXXXXXXXXXXXXXXXXXXXXXXXXXXXXXXXXXXXXXXXXXXXXXXXX1

SSE=9.6522 on eval 27413: L=2.97655e+08 a=408.582 b=0.00426862 n=0.0184818* r=0.186595 t0=14.7494* ts=53.0239

+XXXXXXXXXXXXXXXXXXXXXXXXXXXXXXXX
XXXXXXXXXXXXXXXX1XXXXXXX00XXXXXXXXXXXXXXXXXXXXXXXXXXXXXXXXXXXXXXXXXXXXXXXXXXXXXXXXXXXXXXXXX


Generation 131/200  F=U(0.230632044246, 1.0)  N_hist=27510
------------------------------------------------------------------------------------------------------------------------
0X1X1XXXXXXXXXXXXXXXXXXXXX1XXXXXXXXXXXXXXXXXXXXXXX0XXXXXXXXXXXXXXXXX0XXX1XXXXXXX11X0XXXXXXXXXXXXXXXXXXXXXXXXXXXXXXXXXXXX
XXXXXXXXXXXXXXXXXXXXXXXXXXXXXXXXXXXXXXXXXXXXXXXXXXXXXXXXXXXXX0XXXXXXXXX0XXXXXXXXXXX1XXXXXX


Generation 132/200  F=U(0.255538559685, 1.0)  N_hist=27720
------------------------------------------------------------------------------------------------------------------------
X1X00XXXXXXXXXXX0XXX0XXXXXXXXXXXXXXXXXXXXXXXXXXXXX0XXXXXXXXXXXXXXXXXXXXX0XXXXXXXXXXXXXXXXXXXXXXXXXXXXXXXXXXXXXXXXXXXXXXX
XXXXXXXXXXXXXXXXXXXXXXXX0XXXX0XXXXXXXXXXXXXXXXXXXXXXXXXXXXXXXXXXXXXXXXXXXXX1XXXXXXXXXXX0XX


Generation 133/200  F=U(0.283134790308, 1.0)  N_hist=27930
------------------------------------------------------------------------------------------------------------------------
XXXXXXXXXXXXXXXXXXXXXXXXXXXXXXXXXXXXXXXXXXXXXXXXXXXXXXXXXXXXXXXXXXXXXXXXXXXXXXXXXXXXXXXXXXXXXXXXXXXXXXXXXXXXXXXXXXXXXXXX
XXXXXXXXXXXXXXXXXXXXXXXXXXXXX10X1XXXXXXXXXXXXXXXXXXXXXXXXXXXXXXXXXXXXXXXXXXXXXXXXXXXXXXXXX


Generation 134/200  F=U(0.251989963374, 1.0)  N_hist=28140
------------------------------------------------------------------------------------------------------------------------
1X1X00XXXXXXXXXXXX00XXXXXXXXXXXXXXXXXXXX0XXXXXXXX1XXXXXXXXXXXXXXXXXXXXXXXXXXXXXXXXXXXXXXXXXXXXXXXXXXXXXXXXXXX0XXXXXXXXXX
XXXXXXXXXXXXXX1XXXXXXXXXXXX0XXXXXXXXXXXXXXXXXXXXXXXXXXXXXXXXXXXXXXXXX0XXXXXXXXXXXXXXXXXXXX


Generation 135/200  F=U(0.27920297245, 1.0)  N_hist=28350
------------------------------------------------------------------------------------------------------------------------
XXXXXXXXXXXXXXXXX01XXXXXXXXXXXXXXXXXX0XXXX1XXXXXXXXXXXXXXXXX0XX0XXXXXXXXXXXXXXXXXXXXXXXXXXXXXXXXXXXXXXXXXXXXXXXXXXXXXXXX
XXXXXXXXXXXXXXXXXXXXXXXXXXXXXXXXX1XXXXXXXXXXXXXXXXXXXXXXXX1XXXXXXXXXXX1XXXXXXXXXXXXXXXXXXX


Generation 136/200  F=U(0.309354780568, 1.0)  N_hist=28560
------------------------------------------------------------------------------------------------------------------------
X0XXXXXXXXXXXXXXXXXXXXXXXXXXXXXXXXXXXXXXXXXXXXXXXX1XXXXXXXXXXXXXXXXXXXXXX0XXXXXXXXXXXXXXXXXXXXXXXXXXXXXXXXXXXXXXXXXXXXXX
XXXXXXXXXXXXXXXXXXXXXXXXXXXXXXXXXXXXXXXXXXXXXX0XXXXXXXXXXXXXXXXXXXXXXXXXXXXXXXXXXXXXXXXXXX


Generation 137/200  F=U(0.275325754706, 1.0)  N_hist=28770
------------------------------------------------------------------------------------------------------------------------
XXXXXXXXXXXXXXXXXXXXXXXXXXXXX1XXXXXXXXXXXXX1X1XXXXXXXXXXXXXXXXXXXXXXXXXXXXX0XXXXXXXXXXXXXXXXXXXXXXXXXXXXXXXXXXXXXXXXXXXX
XXXXXXXXXXX1XXXXXXXXXXXXXXXXXXXXXXXXXXXXXXXXXXXXXXXXXXXXXXXX0XXXXXXXXXXXXXXXXXXXXXXXXXXXXX


Generation 138/200  F=U(0.305058852649, 1.0)  N_hist=28980
------------------------------------------------------------------------------------------------------------------------
XX0XXXXXXXXXXXXXXX0XXXX0XXXXXXXXXX0XXXXXXXXXXXXXXXXXXXXXXXXXXXXXXXXXXXXXXXXXXXXXXXXXXXXXXXXXXXXXXX1XX0XXX0XXXXXX1XXXXXXX
XXXXXXXXXXXXX0XXXXXXXXXXXXXXXXXXXXXXXXXXXXXXXXXXXXXX0XXXXXXXXXXXXXXXXXXXXXXXXXXXXXXXXXXXXX


Generation 139/200  F=U(0.33800290016, 1.0)  N_hist=29190
------------------------------------------------------------------------------------------------------------------------
1X0XXXXXXX0XXXXXXXX0XXXXXXXXXXXXXXXXXXXXXXXXXXXXXXXXXXXXXXXXXXXXXXXXXXXXXXXXXXXXXXX0XXXXXXXXXXXXXXXXXXXXXXXXXXXXXXXXXXXX
XXXXXXXXX0XXXXXXXXXXXXXXXXXXXXXXXXXXXXXXXXXXXXXXXXXXXXXXX0XXXXXXXXXXXXXXXXXXXXXXXXXXXXXXXX


Generation 140/200  F=U(0.300822581143, 1.0)  N_hist=29400
------------------------------------------------------------------------------------------------------------------------
XX0XX0XXXXXXXXXXXXXXXXXXXXXXXXXXXXXXXXXXXXXXXXXXXXXXXXXXXXXXXXXXXXXXXXXXXXXXXXXXXXXXXXX0XXXXXXXXX1XXXXXXXXXXXXXXXXXXXXXX
XXXXXXXXX0XXXXXXXXXXXXXXXXXXXXXXXXXXXXXXXXXXX1XX0XXXXXXX1XXXXXXXXXXXXXXXXXXXXXXXXXXXXXXXXX


Generation 141/200  F=U(0.267732097217, 1.0)  N_hist=29610
------------------------------------------------------------------------------------------------------------------------
0XXX0XXX0XXXX0XXXXXXXXXXXXXXXXXXXXXXXXXX1XXXXXXXXXXXXXXXXXXXXXXXXXXXXX0XXXXXXXXXXXXXX0XXXXXXXX0XXXXXXXXXXXXXXXXXXXXXXXXX
XXXXXXXXXXXXXXXXXXXXXXXXXXXXXXXXXXXXXXXXXXXX0XXXXXXXXXXXXXXXXXXXXXXXXXXXXXXXXXXXXXXXXXXXXX


Generation 142/200  F=U(0.238281566523, 1.0)  N_hist=29820
------------------------------------------------------------------------------------------------------------------------
XX0XXXXXXXXXXXXXXXXX1XXXXXXXXXXXXXXXXXXXXXXXXXXXXXXX0XXXXXXXX0XXXXXXXXXXXXXXXXXXXXXXXXXXXX0XXXXXXXXXXXXXX0XXXXXXXXXXX10X
X0XXXXXXXXXXXXXX0XXXXXXXXXXX0XXXXXXX0XXXXXXXXXXXXXXXXXXXXXXXXXXXXXXXXXXXXXXXXXXXXXXXXXXXXX


Generation 143/200  F=U(0.212070594206, 1.0)  N_hist=30030
------------------------------------------------------------------------------------------------------------------------
XXXXXXXXXXXXXXXXXXXXXXXXXXXXXXXXXXXXXXXXXXXXXXXXXXXXXXXXXXXXXXXXXXXXXXXXXXXXXXXXXXXXXXXXXXXXXXXXXXXXXXXXXXXXXXXXXXXXXXXX
XXXXXXXXXXXXXXXXXXXXXXXXXXXXXXXXXXXXX0XXXX0XXXXXXXXXXXXXXXXXXXXXXXXXXXXXXXXXXXXXXXXXXXXXXX


Generation 144/200  F=U(0.188742828843, 1.0)  N_hist=30240
------------------------------------------------------------------------------------------------------------------------
X0XXX11XXXXXXXXXXXXXXXXXXXXXXXXXXXXX00XXXXXXXXXXXXX0XXXXXXXXXXXX0XXXXXXXXXX011XXXXXXXXXXXXXXXXXXXXX00XXXX0X1XXXXXXXXXX1X
XXXXXXXXXXXXXXXXXXXXXXXXXX0XXXXXXXXXXXXXXXXXXX0XXXXXXXXXXXXXXXXXXXXXXXXXXXXXXXXXXXXXXXXXXX


Generation 145/200  F=U(0.209125626021, 1.0)  N_hist=30450
------------------------------------------------------------------------------------------------------------------------
1XXX0XXXXXXXXXXXXXXXXXXXXXXXXXXXXXXXXXXXXX0XXXX1XXXXXXXXXXXXXXXXXXXX00XXXXXXXXXXXXXXXXXXXXX0XXXXXXXXXXXXXXXXXXXX0XXX1XXX
XXXXXXXXXXXXXXXXXXXXXXXXXXXXXXXXX1XXXXXXXXXXXXXXXXXXXXXXXXXXXXXXXXXXXXXXXXXXXXXXXX0XXXXXXX


Generation 146/200  F=U(0.186121807159, 1.0)  N_hist=30660
------------------------------------------------------------------------------------------------------------------------
XXXXXXXX1XXXXXXXXXXXXXXXXXXXXX1XXXXXX0XXXXXXXXXXXXXXX0XXXXXX0XXXXXXXXXXXXXXXXXXXXXXXXX1XXXXXXXXXXXXXXXXXXXXXXXXXXXXXXXXX
X1XXXXXXXXX0XXXXXXXXXXXXXXXXXXXXXXXXXXXXXXXXXXXXXXXXXXXXXXXXXXX0XXXXXXXXX0XXXXXXXXXXXXXXXX


Generation 147/200  F=U(0.20622155383, 1.0)  N_hist=30870
------------------------------------------------------------------------------------------------------------------------
0XX1XXXXXXXXXXXXXXXXXX0XXXXXXXXXXXXXXXXXXXXXXXXXXXXXXXXXXXXX1XXXXXXXXXXXXXXXXXXXXXXXX1XXXXXXXXXXXXXXXXXXXXXXXXXXX0XX0XXX
XXXXXXXXXXXXXXXXXXXXXXXXXXXX00XX0XX0X0XXX1XXXXXXXXXXXXXXXXXXX0XXXXXXXXXXXXXXXXXXXXXXXXXXXX


Generation 148/200  F=U(0.228491921034, 1.0)  N_hist=31080
------------------------------------------------------------------------------------------------------------------------
X0XXXXXXXXXXXXXXXXXXXXXXXXXXXXXXXXXXXXX1XXXXXXXXXXXXXXXXXXXXXXXXXXXXXXXXXXXXXXXXXXXXXXXXXXXXXXXXXXX0XXXXXXXXXXXXXXXXXXXX
XXXXXXXXXXXX0XXXXXXXXXXXXXXXXXXXXXXXXXXXXXXXXXXXXXXXXXXXXXXXXXXXXXXXXX1XXXXXXXXXXXXXXXXXXX


Generation 149/200  F=U(0.20335780972, 1.0)  N_hist=31290
------------------------------------------------------------------------------------------------------------------------
XXXXXXXXXXXXXXXXXXXXXXXXXXXXXXXXXXXXXXXXXXXXXXXXXXXX0XXXXXXXXXXXXXXXXXXXXXXXXXXXXXXXXXXXXX0XXXXXXXXXXXXXX0XXXXXXXXXXXXXX
XXXXXXXXXXXXXXXXXXXXXXXXXXXXX0X1XX1XXXXXXXXXXXXXXXXXXXXXXXXXXXXXXXXXX1XXXXXXXXXXXXXXXXXXXX


Generation 150/200  F=U(0.225318914232, 1.0)  N_hist=31500
------------------------------------------------------------------------------------------------------------------------
XXXX1XXXXXXX0XXXXXXXXXXXXXXXXXXXXXXXXXXXXXXXXXXXXXX0XXXXXXXXXXXXXXXXXXXXXXXX1XXXXXXXXXXXXXXXXXXXXXXX0XXXXXXXXXXXXXXXXXXX
XXXXXXXXXXXXXXXXXXXXXXXXXXXXXXXXXXXXXXXXXXXXXXXXXXXXXXXXXXXXXXXXXXXXXXXXXXXXXXXXXXXXXXXXXX


Generation 151/200  F=U(0.200533833666, 1.0)  N_hist=31710
------------------------------------------------------------------------------------------------------------------------
XXXXXXXXXXXXXXXXXXXXXXXXXXXXXXXXXX0XXXXXXXXXX1XXXXXXXXXXXXXXXXXXXXXXXXXXXXXXXXXXXXXXXXXXXXXXXXXXXXXXXXXXXXXXXX0XXX0XXXXX
XXX0XXXXXXXXXXXXXXXXXXXXXXXXXXXXXXXXXXXXXXXXXXXXXXXXXXXXXXXXXXXXXXXXXXXXXXXXXXXXXXXXXXXXXX


Generation 152/200  F=U(0.178475111963, 1.0)  N_hist=31920
------------------------------------------------------------------------------------------------------------------------
XXX01XXXXXXXXXXXXXXXXXXX1XXXXXXXXXXXXXXXXXXXXXXXXXXXXXXXXXXXXXXXXXXXXXXXXXXXXXXXXXXXXXXXXXXXXXXXXXXXXX1XXX0XXXXXXXXXXXXX
XXXXXX1XXXXXXXXXXXXXXX0XXXXXXXXXXXXX0XXXXXXXXXXXXXXXXXXXXXXXXXXXXXXXXXXXXXXXXXXXXXXXXXXXXX


Generation 153/200  F=U(0.19774907342, 1.0)  N_hist=32130
------------------------------------------------------------------------------------------------------------------------
1XXX0XXXXXXXXXXXXXXXXXXXXXXX0XXXXXXXXXXXXXXXXXXXXXXXXXXXXXXXXXXXXX0XXXXXXXXXXX0XXXXXXXX0XXXXXXXXXXXXXXXXXXXXXXXX1XXX1XXX
XXXXXXXXXXXXXXXXXXXXXXXXXXXXXXXXXXXXXXXXXXXXXXXXXXXXXXXXXX0XXXXXXXXXXXXXXXXXXXXXXXXXXXXXXX


Generation 154/200  F=U(0.219104476857, 1.0)  N_hist=32340
------------------------------------------------------------------------------------------------------------------------
XXX0XXXXXXXXXXXXXXXXXXX0XXXXXXXXXXXXXXXX0XXXXXXXXXXX0XXXXXXXXXXXXXXXXXXXXXXXXXXXXXXXXXXXXXXXXXXXXXXXXXXXXXXXXXXXXXXXXXXX
XXXXXXXXXXXXXXXXXXXXXXXXXXXXXXXXXXXXXXXXXXXXXXXXXXXXXXXXXXXXXXXXXXXXXXXXXXXXXXXXXXXXXXXXXX


Generation 155/200  F=U(0.195002984402, 1.0)  N_hist=32550
------------------------------------------------------------------------------------------------------------------------
X01XXXXXXXXXXXXXXXXXXXXXXXXXXXXXXXXXXXXXXXXXXXXXXXXXXXXXXXXXX0XXXXXXXXXXXXXXXXXXXXXX1X0XXXXXXXXXXXXXXXXXXXXXXXXXXXXXXXXX
XXXXX1XXXXXXX1XXXXXXXXXXXXXXXXXXXXXXXXX0XXXXXXXXXXXXXXXXXXXXXXXXXXXXXXXXX0XXXXXXXXXXXXXXXX


Generation 156/200  F=U(0.173552656118, 1.0)  N_hist=32760
------------------------------------------------------------------------------------------------------------------------
1XXXXXXXXXXXXXXX0XXXXXXXXXXXXXXXXXXXXXXXXXXXXXXXXXXXXXXXXXXXXXXXXXXXXXXXXXXXXXXXXXXXXXXXXXXXXXXXXXXXXXXXXXXXXXXXXXXXXXXX
XXXXX0XXXXXXXXXXXXXXXXXXXXXXXXXXXXXXXXX1XXXXXXXXXXXXXXXXXXXXXXXXXXXXXXXXXXXXXXXXXXXXXXXXXX


Generation 157/200  F=U(0.154461863945, 1.0)  N_hist=32970
------------------------------------------------------------------------------------------------------------------------
XXXXXXXXXXXXXXXXXXXXXXXXXXXXX0XXXXXXXXXXXXXXXXXXXXXXXXXXXXXXXX0XXXXXXXXXXXXXXXXXXXXXXXXXXXXXXXXXXXXXXXX0XXXXXXXXXXX0XXXX
XXXXXXXXXXXXXXXXXXXXXXXXXXXXXXXXXXXXXXXXXXXXXXX0XXXXXXXXXXXXXX00XXXXXXXXXXXXXXXXXXXXXXXXXX


Generation 158/200  F=U(0.137471058911, 1.0)  N_hist=33180
------------------------------------------------------------------------------------------------------------------------
0XX1XXXXXXXXXXXXXXXXXXXXXXXXXXXXXXXXXXXXXXXXXXXXXXXXXXXXXXXXXXXXXXXXXXXXXXXXXXXXXX0XXXXX00XXXXXXXXXXXXXXXXXXXXXXXXXXXXXX
XXXX1XXXXXXXX0XXXXXXXXXXXXXXXXXXXXXXXXXXXXXXXXXXXXXXXXXXXXXXXXXXXXXXXXXXXXXXXXXXXXXXXXXXXX


Generation 159/200  F=U(0.152316892943, 1.0)  N_hist=33390
------------------------------------------------------------------------------------------------------------------------
XXXXXXXXXXXXXXXXXXXXXXXXXXXXXXXXXXXXXXXXXXXXXXXXXXXXXXXXXXXXXXXXXXXXXXXXXXXXXXXXXXXX0XXXXXXXXXXXXXXXXXXXX0X0XXXXXXXX1XXX
XXXXXXXXXXXXXXXXXXXXXXXXXXXXXXXX0XXXXXXXXXXXXXXXXXXXXXXXXXXXX0XXXXXXXXXXXXXXXXXXXXXXXXXXXX


Generation 160/200  F=U(0.135562034719, 1.0)  N_hist=33600
------------------------------------------------------------------------------------------------------------------------
0XXXXXXXXXXXXXXXXXXXXXXXXXXXXXXXXXXXXXXXXXXXXXXXXXXXXXXXXXXXXXXXXXXXXXXXXXXXXXXXXXXXXXXXXXXXXXXXXXXXXXXXXXXXXXXX1XXXXXXX
XXXXXXXXXXXXXXXXX0XXXXXXXXXXXXXXXXXXXXXXXXXXXXXXXX0XXXXXXXXXXXXXXXXXXXXXXXXXXXXXXXXXXXXXXX


Generation 161/200  F=U(0.1206502109, 1.0)  N_hist=33810
------------------------------------------------------------------------------------------------------------------------
0X000XXXXXXXXXXXXXXXXXXXXXXXXXXXXXXXXXXXXXXXXXXXXXXXXXXXXX0XXXXXXXXXXXXXXXXXXXXXXXXXXXXXXXXX0XXXXXXXXXXXXXXXXXXXXXXXXXXX
XXXXXXXXXXXXXXXXXXXXXXXXXX0XXXXXXXXXXXXXXXXXXXXXXXXXXXXXXXXXXXXXXXXXXXXXXXXXXX1XXXXXXXXXXX


Generation 162/200  F=U(0.107378687701, 1.0)  N_hist=34020
------------------------------------------------------------------------------------------------------------------------
0X00XXXXXXXXXXXXXXXXXXXXXXXXXXXXXXXXXXXXXXXXXXXXXXXXX0XXXXXXXXXXXX1XXXXXXXXXXXXXXXXXXXXXXXXX0XXXXXXXXXXXXXXXXXXXXXX0XXXX
XXXXXXXXXXXXXXXXXXXXXXXXXXXX0XXXXXXXXXXXXXXXXXXXXXXXXXXXXXXXXXXXXXXXXXXXXXXXXXXXXXXXXXXXXX


Generation 163/200  F=U(0.0955670320538, 1.0)  N_hist=34230
------------------------------------------------------------------------------------------------------------------------
XXXXX0XXXXXXXXXXXXXXXXXXXXXX1XXXXXXXXXXXXXXXXXXXXXXXXXXXXXXXXXXXXXXXXXXXXXXXXXXXXXXXXX0XXXXXXXXXXXXXXXXXXXXXXXXXXXXXXXXX
XXXXXXXXXXXXXXX0XXXXXXXXXXXXXXXXXXXXXXXXXX00XXXXXXXXXXXX0XXXXXXXXXXXXXXXXXXXXXX0XXXXXXXXXX


Generation 164/200  F=U(0.0850546585278, 1.0)  N_hist=34440
------------------------------------------------------------------------------------------------------------------------
0XXXXXXXXX0X1XXXXXXXXXXXXXXXXXXXXXXXXXXXXX0XXXXXXXXXXXXXXXXXXXXXXXXXXXXXXXXX0XX10XXXXXXXXXXXXXXXXX0XX0XXXXXXXX0XX0XXXXXX
XXXXXXXXXXXXX0XXXXXXXXXXXXXXXXXXXXXXXXXXXXXXXXXXXXXX0X1XXXXX0XXXXXXXXXXXXXXXXXXXXXXXXXXXXX


Generation 165/200  F=U(0.0942399179861, 1.0)  N_hist=34650
------------------------------------------------------------------------------------------------------------------------
XXXXXXXXXXXXXXXXXXXXXXXXXXXXXXXXXXXXXXXXXXXX1XXXXXXXXX0XXXXXXXX0XXXXXXXXXXXXXXXXXXXXXX0XXXXXXXXXXXXXXXXXXXXXXXXXXX0XXXXX
X00XX0XXXXXXXXXXXXXXXXXXXXXXXXXXXXXXXXXXXXXXXXXXXX0XXXXXXXXXXXXXXXXXXXXXXXXXXXXXXXXXXXXXXX


Generation 166/200  F=U(0.0838735270077, 1.0)  N_hist=34860
------------------------------------------------------------------------------------------------------------------------
00X1X0XXXXXXXXXXXXXXXX0XXXXXX0XXXXXXXXXXXX0XXXXX0XXXXXXXXXXXXXXXXXXXXX0XXX0XXXXXXXXXXXXXXXXXXXXXXXXXXXXXXXXXX0XXXXXXXXXX
XXXXXXXXXXXXXXXXXXXXXXX0XXXXXXXXXX0XXXXXXXX0XX0XXXXXXXXXXXXXXXXX0XXXXXXXXXXXXXXXXXXXXXXXXX


Generation 167/200  F=U(0.0929312332002, 1.0)  N_hist=35070
------------------------------------------------------------------------------------------------------------------------
XX1XXXXXXXXXXXXXXXXXXXXXXXXXXXXXXXXXXXXXXX00XXXXXXXXXXXXXXXXXXXXXXXXXXXXXX0XXXXXXXXXXXXXXXXX10XXXXXXXXXXXX0XXXXXXXXXXXXX
XXXXXXXXXXXXX0XXXXXXXXXXXXXXX0XXXXXXXXXXXXXXXXXXXXXXXXXXXXXXXXXXXXXXXXXXXXXXXXXXXXXXXXXXXX


Generation 168/200  F=U(0.0827087975481, 1.0)  N_hist=35280
------------------------------------------------------------------------------------------------------------------------
X1XXXXXXXXXXXXXXXXXXXXXXXXXXXXXXXXXXXXXXXXXXXXXXXXXXXXXXX1XXXXXXXXXXXXXXXXXXXXXXXXXXXXX0XXXXXXXXXXXXXXXXXXXXXXXXXXXXXXXX
0X0XXXXXXXXXXXXXXXXXXXXXXXXXXXXXXXXXXXXXXXXXXXXXXXXXXXXXXXXXXXXXXXXXXXXXXXXXXXXXXXXXXXXXXX


Generation 169/200  F=U(0.0736108298178, 1.0)  N_hist=35490
------------------------------------------------------------------------------------------------------------------------
XX0XXXXXXXXXXXXXXXXXXXXXXXXXXXXXXXXXXXXXXXXXX0XXXXXX0X0XXXXXXXXXXXXXX0XXX1XXXXXXXXXXXXXXXXX0XXXXX0XXXXXXXXXXXXXXXXXXXXXX
XXXX0XXXXXXXXXXXXXXXXXXX0XXXXXXXXXXXXXXXXXXXXXXXXXXXXXXXX00XXXXXXXXXXXXXXXXXXXXXXXXXXXXXXX


Generation 170/200  F=U(0.0655136385379, 1.0)  N_hist=35700
------------------------------------------------------------------------------------------------------------------------
XX00XXX0XXXXX0XXXXXXXXXXXXXXXXXXXXXXXXXXXXXXXXXXXXXXXXXXXXXXXXXXX0X00XXXXXXXXX1XXXXXXXXXXXXX0XXXXXX1XXXXXXXXXXXXXXXXXXXX
XXXXXXXXXXXXXXXXXXXXXXXXXXXXXXXXXXXXXXXXXXXXXXXXXXXXXXXXXXXXXXXXXXXXXXXXXXXXXXXXXXXXXXXXXX


Generation 171/200  F=U(0.0583071382987, 1.0)  N_hist=35910
------------------------------------------------------------------------------------------------------------------------
X0X0XX1XXXXXXXXXXXXXXXXXXXXXXXXXXXXXXXXXXXXXXXXX0XXXXXXXXXXXXXXX0XXXXXXXXXXXXXXX0XXXXXXXXXXXXXXXX0XXXXXXXXXXXXXXXXXXXXXX
XXXXXXXXXXXXXXXXXXXXXXXXXXXXXXX0XXXXXXXXXXXXX0XXXXXXXXXXXXXXXXXXXXXXXXXXXXXXXXXXXXXXXXXXXX


Generation 172/200  F=U(0.0583071382987, 0.87)  N_hist=36120
------------------------------------------------------------------------------------------------------------------------
XXXXXXX1XXXXXXXXXXXXXXXXXXXXXXXX1XXXXXXXXXXXXXXXXXXX0XXXXXXXXXXXXXXXXXXX1XXXXXXXXXXXXXXXXXXXXXXXXXXXXX00XXXXXXXXXXXXXXXX
XXXXXXXXXX00XXX1XXXXXXXXXXXXXXXXXXXXX0XXXXXXXXXXXXXXXXXXXXXXXXXXXXXX0XXXXXX0XXXXXXXXXXXXXX


Generation 173/200  F=U(0.0583071382987, 0.983427413566)  N_hist=36330
------------------------------------------------------------------------------------------------------------------------
X0XXXXXXXXXXXXXXXXXXXXXXXXXXXXXXXXXXXXXXXXXXXXXXXXXXXXXXXXXXXXXXXXXXXX0XXXXXXXXXXXXXXXXXXXXXXXXXXXXXXXXXXXXX0XXXXXXXXXXX
XXXXXXXXXXXXXXXXXXXXXXXXX0XXXXXXXXXXX0XXXXXXXXXXXXXXXXXXXXXXXXXXXXXXXXXXXXXXXXXXXXXXXXXXXX


Generation 174/200  F=U(0.0583071382987, 0.855581849802)  N_hist=36540
------------------------------------------------------------------------------------------------------------------------
00X00XXXXXXXX0X0XXXXXXXXXXXXXXXXXXXXXXXXXXXX0X00XXXXXXXX0XXXXXXXXXX1XXX0XXXXXXXXXXXXXXXXXXXXXXXXXXXXXXXXXXXXXXXXXXXXXXXX
XXXXXXXXXXXXXXXXXXXXXXXXXXXXXXXXXXXXXX0XXXXXXXXXXXXXXXXXXXXXXXX1XXXXXXXXXXXXXXXXXXXXXXXXXX


Generation 175/200  F=U(0.0583071382987, 0.967129477753)  N_hist=36750
------------------------------------------------------------------------------------------------------------------------
XX0XXXXXXXXXXXXX0XXXXXXXXXXX0XXXXXXXXXXXXXXXX1XXXXX10XXXXXXXXXXXXXXXXXXXXXXXXXXXXXXXXXXXXXXX0XXXXXXXXXXXXXXXXXXXXXXXXXXX
XXXXXXXXXXXX0X0XXXXXXXXXXXXXXXXXXXXXXXXXXXXXXXXXXXXXXX0XXXXXXXXXXXXXXXXXXXXXXXXXXXXXXXXXXX


Generation 176/200  F=U(0.0583071382987, 1.0)  N_hist=36960
------------------------------------------------------------------------------------------------------------------------
00X1XXXXXXXXXXXXXXXXXXXXXXXXXXXXXXXXXXXXXX0XXXXXXXXXXXXXXXXXXXXXXXXXXXXXXXXXXXXXXXXXXXXXXXXXXXXXXXXXXXXXXX0XXXXXXXXXXXXX
XXXXXXXXXXXXX0XXXX0XXXXXXXXXXXXXXXXXXXXXXXXXXXXXXXXX0X0XXXXX0XXXXXXXXXXXXXXXXXXXXXXXXXXXXX


Generation 177/200  F=U(0.0583071382987, 0.87)  N_hist=37170
------------------------------------------------------------------------------------------------------------------------
XXX0XXXXXXXXXXXXXXXXXXXXXXXXXXXXXXXXXXXXXXXXXXXXXXXXXXX0XXXXXXXXXXXXXXXX0XXXXXXXXXXXX1XXXXXXXXXXXXXXXXXXXXXXXXXXXXXXXXXX
XXXXXXXXXXXXXXXXXXXXXXXXXXXXXXXXXXXXXXXXXXXXXXXXXXXXXXXXXXXXXXXXXXXXXXXXX0XXXXXXXXXXXXXXXX


Generation 178/200  F=U(0.0583071382987, 0.7569)  N_hist=37380
------------------------------------------------------------------------------------------------------------------------
0XXXXXXXXXXXXXXXXXXXXXXXXXXXXXXXXXXXXXXXX0XXX0XXXXXXXXXXXXXXXXXXX1XXXXXXXXXXXXXXXXXXXXXXXXXXXXXXXXXXXXXXXXX0XXXXXXXXXXXX
XXX0XXXXXXXXXXXXXXXXXXXXXXXXXX0XXXXXXXXXXXXXXX0XXXXXXX0XXXXXXXXXXXXXXXXXXXXXXXXXXXXXXXXXXX


Generation 179/200  F=U(0.0583071382987, 0.658503)  N_hist=37590
------------------------------------------------------------------------------------------------------------------------
XXXXXXXXXXXXXXXXXXXXXXXXXXXXXXXXXXXXXX0XXXXXXXXXXXXXXXXXXXXXXXXXXXXXXXXXXXXXXXX0XXXXXXXXXXXXXXXXXXX1XXXXXXXXXXXXXXXXXXXX
X0XXXXXXXXXXXXXXXXX0XXXXX00XXXXXXXXXXXXXXXXXXXXXXXXXXXXXXXXXXXXXXXXXXXXXXXXXXXXXX00XXXXX0X


Generation 180/200  F=U(0.0583071382987, 0.744356209328)  N_hist=37800
------------------------------------------------------------------------------------------------------------------------
00010XX00XXXXXXXXXXXXXXX0XXXXXXXXXXXXX0XXXX0XXXXXXXXXXXXXXXXXXXXXXXXXXXXXX0XXXXXX0XXXXXXXXXXXXXXXXXXXXXXXXXXXXXXXXXXXXXX
XX00XX00XXXXXXXXXXXXXXXX0XXXXXXXXXXXXXXXXXXXXXXXXXXXXXXXXXXXXXXXXXXXXXXX1XXXXXXXXXXXXXXXXX


Generation 181/200  F=U(0.0583071382987, 0.841402645645)  N_hist=38010
------------------------------------------------------------------------------------------------------------------------
1XXXXXXXXXXXXXXXXXXXXX0XXXXXXXXXXXXXXXXXXXXX0XX00XXXXXXXXXXXXXXXXXXXXXXXXXXXXXXX0XXXXXXXXXXXXXXXXXXXX0XXXXXXXXXXXXXXXXXX
XXXXX0XXXXXXXXXXXXXXXXXXXXXXXXXXXXXXXXXXXXXXXXXXXX0XXX0XXXXXXXXXXXXXXXXXXXXXXXXXXXXXXXXX0X


Generation 182/200  F=U(0.0583071382987, 0.732020301711)  N_hist=38219
------------------------------------------------------------------------------------------------------------------------
X0XXXXX0XXXXXXXXXXXXXXX0XXXXXXXXXXXXXXXXXXXXXXXXXXX1XXXXXXXXXXXXXXXXXXXXXXXXX00XXXXXXXXXXXX1+0XXXXXXXXXXXXXXXXXXXXXXXXXX
XXXXXXXXXX0XXXXXXXXXXXXXXX0XXXXXXXXXXX0XXX10XXXXXXXXXXXXXXXXXXXXXXXXXXXXXXXXXXXXXXXXXXXXXXX


Generation 183/200  F=U(0.0583071382987, 0.827458427575)  N_hist=38430
------------------------------------------------------------------------------------------------------------------------
XXXXXXXXXXXXXXXXXXXXXXXXXXXXXXXXXXXXXXXXXXXXXXXXXXXXXXXXXXX00XXXXXXXXXXXXXXXXXXXXXXXXXXXXXXXXXXXXXXXXX000XXXXXX00X0XX0XX
XXXXX0XXXXXXXXX0XXXXXXXXXXXXXXXXXXXXXXXXX0XXXXXXXXXXXXXXXXXX0XXXXXXXXXXXXXXXXXXXXXXXXXXXXX


Generation 184/200  F=U(0.0583071382987, 0.71988883199)  N_hist=38640
------------------------------------------------------------------------------------------------------------------------
0000XXXX0XXXXXXXXXXXXXXXXXXXXXXXXXXXXXXXXXXXXXXXXXXXXXXXXXXXX0XXXXXXXXXXXXXXXXXXXX00XXXXXXXXXXXXXXXXXXXXXXXXXXXXXXXXXXXX
0XXXXXXXXXXX0XX00XXXXXXXXXXXXXXXXXXXXXXXXXXXXXXXXXXXXXXX0XXXXXXXXXXXXXXXXXXXXXXXXXXXXXXXXX


Generation 185/200  F=U(0.0583071382987, 0.626303283831)  N_hist=38850
------------------------------------------------------------------------------------------------------------------------
00X00XXXXXX1XXXXXXXXXXXXXXXXXXXXXXXXXXXXXXXXXX0XXXXXXXXXXXXXXXXXXXXXXXXXXXXXXXXXXXXXXXXXXXXXXXXXXXXXXXXXXXXXXXXXXXXXXXXX
XXXXXX00XXXXX10XXXXXXXXXXXXXXXX1X0XXXXXXXXXXXXXXXXXXXXX0XXXXXXXXXXXXXXXX10X0XXXXXXXXXXXXXX


Generation 186/200  F=U(0.0583071382987, 0.707958412099)  N_hist=39060
------------------------------------------------------------------------------------------------------------------------
X10XX000X0XXXXXXXXXXXXXXXXX0XXXXXXXXXXXXXXXXXXXXXXXX0XXXXX0XXXXXXXXXXXXXXXXXXXX00XXXXXXXXXXXXX0XXXX0XXXXXXXXXXXXXXXXXXXX
XXXXXXXXXXXXXXXXXXXXXXXXXXXXXXXXXXXXXX0XXXXXXXXXXXXXXXXXXXXXXXXXXXXX0XXXXXXXXXXXXXXXXXXXXX


Generation 187/200  F=U(0.0583071382987, 0.615923818526)  N_hist=39270
------------------------------------------------------------------------------------------------------------------------
X0X0X00XXXXXXXXXXXXXX0XXXXXXXXXXX1XXXXXXXXXXXXXXXX10XXXXXXXXXXXXXXXXX0XXXXX0XXXX0XXXXXXXXXXXXXX0X0XXXXXXXXXXXXXXXXXXXXXX
XXXXXX1XXXXXXXXXXXXXXXXXXXXX0XXXXXXXXXX00X0XX0X0XXXXXXXXXXXXX00X0XXXXXXXXXX1XXXXXXXXXXXXXX


Generation 188/200  F=U(0.0583071382987, 0.696225710123)  N_hist=39480
------------------------------------------------------------------------------------------------------------------------
0X010X01X0XXXX0XXXXXXXXXXXXXXXXXXXXXXXXXXXXXX0XXXXXXXXX1XXXXXXXXXXXXXXXXXXXXXXXXXXXXXXXXXXXXXXXXXXXXXXXXXXXXXXXXXXXXXXXX
XXXXXXXXXXXXXXXXXXXXXXXXXXXXXXXXX0XXXXXXXXXXXXXXXXXXXXXXXXXXXXXXXXXXXXXXXXXXXXXXXXXXXXXXXX


Generation 189/200  F=U(0.0583071382987, 0.786997068235)  N_hist=39690
------------------------------------------------------------------------------------------------------------------------
X00X100XXXXXXXXXXXXXX0XXXXXXXX0XXXXXXXXXXXXXXXXXXX0X00XXXXXXXXXXXXXXXXXXXXXXXXXXXXXXXXXXXXXXX0XXXXXXXXXXXXXXXXXXXXXXXXXX
XXXXXXXXXXXXXX0X0XXXXXXXXXXX0XXXXXXXXXX0XXX0XXXX001XXXXXXXXXXXXXXXXXXXXXXXXXX0XXXXXXXXXXXX


Generation 190/200  F=U(0.0583071382987, 0.889602863561)  N_hist=39900
------------------------------------------------------------------------------------------------------------------------
X0XXXXXXXXXXXXXXXXXXXXXXXXXXXXXXX0XXXXXXXXXXXXXXXXXXXXXXXXXXXXXX0XXXXXXXX0XXXXXXXXXXXXXXXXX0XXXXXXXX0XXXXXXXXXXXXXXXXXXX
XXXXXXXXXXXXXXXXXXXXXXXXXXXXXXXXX0XXXXXXXXXXXXXXXXXXXXXXXXXXXXXXXXXXXXXXXX0XX0XXXXXXXXXXXX


Generation 191/200  F=U(0.0583071382987, 0.773954491298)  N_hist=40110
------------------------------------------------------------------------------------------------------------------------
XXXXXXXXXXX0XXXXXXXXX10XXXXXXXXXXXXXXXXXXXXXXXXXXXXXXXXXXXXXXXXXXXXXXXXXXXXXX0XXXXX1XXXXXXXXXX01+XXXXXXXXXXXXXXXXXXXXXXX
XXXXXXXXX0XXXXXXXX0XXXXXXXXXXXXX1XXXXX1XXXXXXXXXXXXXXX0XXXXXXXXXXXXXXXXXXXXX0XXX0XXXXXXXXXX


Generation 192/200  F=U(0.0583071382987, 0.874859843213)  N_hist=40320
------------------------------------------------------------------------------------------------------------------------
00XX0XXXXXXXXXXXXXXXXXXXXX0XXXXXXXXXXXXXXXXXXXXXXXXXXXXXXXXXXXXXXXXXX0X0XXXXXXXXXXXXXXXXXXXXXX00XXXXXXXXXXXXXXXXXXX0XXXX
XXXXXXXXXXXXXXXXXXXXXX1XXXX0XXXXXXXXXXXXXXXXXXXXXXXXXXXXXXXXX1XXXXXXXXXX0XXX0XXXXXXXXXXXXX


Generation 193/200  F=U(0.0583071382987, 0.761128063595)  N_hist=40530
------------------------------------------------------------------------------------------------------------------------
X1X00XXXXXXXXXXX0XXXXXXXXXXXXXXXXX0XXXXXXXXXXXXXX00X0XXXXXXXXXXXX0XXXXXXXXXXXXXXXXXXXXXXXXXX0XXXXXXXXXXXXXXXXXXXXXXX0XX0
XX0XXXXXXXXXXXX0XXX0XXXXXXXXXXXXXXXXXXXXXXXXXX0XXXXXXXXXXXXXXXXXX0XXX0XXXXXXXXXXXXXXXXXXXX


Generation 194/200  F=U(0.0583071382987, 0.860361152843)  N_hist=40740
------------------------------------------------------------------------------------------------------------------------
XX0XXXXXXXXXXXX0XXXXXXXXXXXXX0XXXXXXXXXXXXXXX00100XXXXXXXXXXXXXXXXXXXX0XXXXXXXXXXXXXXXXXXXXXXXXXXXXXXXXXXXXXXXXXXXXXXXXX
1+XXXXXX0XXXX0XXXXXXXXXXXXXXXXXXXXXXXXXXX0XXXX1XXXXXXXXXXXXXXXXXXXXXXXXXXXXXXXXXXXXXXXXXXXX


Generation 195/200  F=U(0.0583071382987, 0.97253188882)  N_hist=40950
------------------------------------------------------------------------------------------------------------------------
0X0XX000XXXXXXXXXXX0XXXXXXXXXX0XXXXXXXXXXXXXXXXXXXXXXXXXXXXXXXXXXXXXXXXXXXXXXXXXXXXXXXXXXXXX0X1XXXX0XXXXXXXXXXXXXXXXX1XX
XXXXXXXXXXXXXXXXXXXXXXXXXXXXXXXXXXXXXXXXXXXXXX0XXXXXXXXXXXXXXXXXXXXXXXXXXXXXXXXXXXXXXXXXXX


Generation 196/200  F=U(0.0583071382987, 1.0)  N_hist=41160
------------------------------------------------------------------------------------------------------------------------
X0X0XXXXXXXXXXXXXXXXXXXXXXXXXXXXXXXXXXXXXXXXXXXXXXXX0XXXXXXXXXXXXXXXXXXXX0XX01+XXXXXXXXXXXXXXXXXX10X0XXXXXXXXXXXXXXXXX00
XXXXXXXXXXXXXXXXXXXXXXXXXXXXXX1XXXXXXXXXXXXXXXX0XXXXXXXXXXXXXXXXXXX0XXXXXXXXXXXXXXXXXXXXX1X


Generation 197/200  F=U(0.0646038679878, 1.0)  N_hist=41370
------------------------------------------------------------------------------------------------------------------------
00XXXXXXXXXXXXXXXXXXXXX0XXXXXXXXXXXXXXXXXXXXXXXXXXXXXXXXXXXXXXXXXXXXXXXXXXXXXXXXXXX1XXXXXXXXXXXXXX0XXXXXXX0XXXXXXXXXXXXX
XXXXXXXXXXXXXXXXXXXXXXXXXXXXX0XXXXXXXXXXXXXXXXXXXXXXXXXXXXXXXXXX0XXXXXXXXX0XXXXXXXXXXXXXXX


Generation 198/200  F=U(0.0715805968319, 1.0)  N_hist=41580
------------------------------------------------------------------------------------------------------------------------
XX0XXXXX0XXX0XXXXXXXX0XXXXXXXXXX00XXXXXXXXXXXX00XXXXXXXX0XXXXXXXXXXXX0XXXXXXXXXXXXXXXXXXXXXXXXXXXXXXXXXXXX0XXXXXXXXXX0XX
XXXXXXXXXXXXXXXXXXXXXXXXXXX0XXXXX0XXXXXXXXXXX0XXXXXXXX0XXXXXXXXXXXXXXXXXXXXXXXXXXXXX0XXXXX


Generation 199/200  F=U(0.0637067311804, 1.0)  N_hist=41789
------------------------------------------------------------------------------------------------------------------------
X0X0XXXXXXXX0XXXXXXXXXXXXXXXXXXXXXX0XXXXXXXXXXXXXXXXXXXXXXXXXXXXXXXXXXXXXXXXXXXXXXXXXXX0XXXXXXXXXXXXXXXXXXXXXXXXXXXXXXXX
XXXXXXXXXXXXXXXXXXXXXXXXX0XXXXXXXXXXXXXXXXX0XXXXXXXXXXXXXXXXXX0XXXXXXXXXXXXXXXX0XXXXXXXXXX


Generation 200/200  F=U(0.0566989907505, 1.0)  N_hist=42000
------------------------------------------------------------------------------------------------------------------------
00X00XXXXXXXXXXXXXXXXXXXXXXXXXXXXXXXXXXXX0XXXXXXXXXXXX1XXXXXXXXXXXXXX0XX0XXXXXXXXXXXXXXXXXXXXXX0XXXXXXXXXXXXXXXXXX0XXXXX
XXXXXXXXXX0XXXXXXXXXXXXX0XXXXXX0XXXXXXXXXXXXXXXXXXXXXXX0XXXXXXXXXXXXXXXXXXXXXXXXXXXXX0XXXX

Maximum number of iterations reached.

SSE=9.506 on eval 42210: L=2.42357e+08 a=419.053 b=0.00339371 n=0.136907 r=0.190732 t0=8.62589* ts=51.8939


Shutting down DE...
DE shutdown complete.

Final population:
Population: 210 individuals with SSE 9.506 to 10.262, avg eval time 0.0206 sec. Top 7:

        SSE |      9.506       9.5173       9.5211       9.5513       9.5781       9.5939       9.6004  
------------------------------------------------------------------------------------------------------------------------
          L | 2.4236e+08   2.8813e+08   2.7946e+08   8.0709e+07   2.2838e+08   2.3998e+08   1.9821e+08  
          a |     419.05       414.24       416.95       450.59       538.56       422.75       444.79  
          b |  0.0033937    0.0043087    0.0041613    0.0044667    0.0080402    0.0053296    0.0079162  
          n |    0.13691     0.044501*    0.021616*    0.020571*     0.14433      0.22351     0.024716* 
          r |    0.19073      0.18675      0.18721      0.18591      0.17043       0.1776      0.17106  
         t0 |     8.6259*      10.149*      7.4545*      7.1282*      5.5275*      7.5816*       12.11* 
         ts |     51.894       53.003       53.032         53.5       52.856       52.194       52.785  
------------------------------------------------------------------------------------------------------------------------
Best individual:
<SSE=9.5060 L=2.42357e+08 a=419.053 b=0.00339371 n=0.136907 r=0.190732 t0=8.62589* ts=51.8939>


Elapsed time: 453.27 seconds

Saved final population of best parameter combinations to covid19.dat
Shutting down...
Task Queue is shut down
Goodbye
