Decompressing and parsing covid19.csv.bz2...
Cumulative and new cases reported thus far for US
------------------------------------------------------------------------------------------------------------------------
000	01/22	1	0
001	01/23	1	0
002	01/24	2	1
003	01/25	2	0
004	01/26	5	3
005	01/27	5	0
006	01/28	5	0
007	01/29	5	0
008	01/30	5	0
009	01/31	7	2
010	02/01	8	1
011	02/02	8	0
012	02/03	11	3
013	02/04	11	0
014	02/05	11	0
015	02/06	11	0
016	02/07	11	0
017	02/08	11	0
018	02/09	11	0
019	02/10	11	0
020	02/11	12	1
021	02/12	12	0
022	02/13	13	1
023	02/14	13	0
024	02/15	13	0
025	02/16	13	0
026	02/17	13	0
027	02/18	13	0
028	02/19	13	0
029	02/20	13	0
030	02/21	15	2
031	02/22	15	0
032	02/23	15	0
033	02/24	51	36
034	02/25	51	0
035	02/26	57	6
036	02/27	58	1
037	02/28	60	2
038	02/29	68	8
039	03/01	74	6
040	03/02	98	24
041	03/03	118	20
042	03/04	149	31
043	03/05	217	68
044	03/06	262	45
045	03/07	402	140
046	03/08	518	116
047	03/09	583	65
048	03/10	959	376
049	03/11	1281	322
050	03/12	1663	382
051	03/13	2179	516
052	03/14	2727	548
053	03/15	3499	772
054	03/16	4632	1133
055	03/17	6421	1789
056	03/18	7783	1362
057	03/19	13677	5894
058	03/20	19100	5423
059	03/21	25489	6389
060	03/22	33276	7787
061	03/23	43847	10571
062	03/24	53740	9893
063	03/25	65778	12038
064	03/26	83836	18058
065	03/27	101657	17821
066	03/28	121478	19821

Initializing 210 population members having 7 parameters
------------------------------------------------------------------------------------------------------------------------
*13!!9993633255225399964949299234952429929499153596956996259916829967233999441389992387225938926579249993391239374914191
991824932982382924697951325293141497579582313945491742299299999993232998991222922297299949

Population: 210 individuals with SSE 10.704 to 410.13, avg eval time 0.0214 sec. Top 7:

        SSE |     10.704       11.631       11.669       12.528       12.794       13.567       13.591  
------------------------------------------------------------------------------------------------------------------------
          L | 4.0745e+05   2.1621e+05   4.5842e+05   3.0383e+05   5.2936e+05    7.182e+05   5.0516e+05  
          a |     1011.1       1213.5       1134.1       584.64       1617.8       1864.2       835.12  
          b |     40.427       21.115       22.804       38.892       44.387       34.185       22.473  
          n |    0.23702      0.29626      0.27889      0.22572      0.34755      0.22254     0.020535* 
          r |    0.24507      0.30024      0.23185      0.26691      0.18372      0.18182      0.25752  
         t0 |      12447       2235.6        11126        11229       4219.4         1928       643.28* 
         ts |      56.31        56.16       55.567       56.799       54.563       54.493       55.115  
------------------------------------------------------------------------------------------------------------------------
Best individual:
<SSE=10.7041 L=407454 a=1011.12 b=40.4272 n=0.237017 r=0.245068 t0=12447.1 ts=56.3099>

Performing DE with CR=0.8, F=U(0.5, 1.0), DE/rand-1.00/1/bin
------------------------------------------------------------------------------------------------------------------------
Press the 'Enter' key to abort.



Generation 1/50  F=U(0.5, 1.0)  N_hist=210
------------------------------------------------------------------------------------------------------------------------
XX2XX69X1XX2X9XXX6XX1X1XX91XXX3X1X8XX9XXXX9XX926

SSE=8.497 on eval 258: L=412446 a=3034.69 b=42.6228 n=0.0393472 r=0.1999 t0=10052 ts=56.602

+4X61X225XX2322XX3X23X9112X11X2X3X79X62XX13XXXX4X31X94X29XX1XXX4XXX1X1X0
XX9X3641XX9XXXX92XX928X13653X97XX281XXXXX3X21X53X31X1416131XX231491XXXXX143X31X12X25XXXX2XX


Generation 2/50  F=U(0.5, 1.0)  N_hist=420
------------------------------------------------------------------------------------------------------------------------
X1XX0211XXXXXX3XXX32X43X18222X1XX11X9X12XXX33XXXX3XX29XX2XX2X4XXXXX31X1X912XX2XX2X1XXX2X21X116X12XX19XX3XXX1XXX6X1X1X1XX
XX9XX12XXX31XXX12XXXXX1XXXX1X1X212XXX2X1XX29X118X1X213X4X2XXXX4X2X0XX14X2XX3311X3XX52XXX12


Generation 3/50  F=U(0.5, 1.0)  N_hist=630
------------------------------------------------------------------------------------------------------------------------
X11XXXX123X2XXX1XXXXX16XXXXXXX1XXXXXXX2X2203X321XX1XXX14XX11X6X1XX1XXXX2411XX221XXXXXXX12X2X2XXXXXXXX1X221X2XX244XXXX2X1
XXXX11XX2XX53X1X2XXXXX2XXXX1X0XXX234X1XXXX3X2XXX32XXX5XXXX1X1XXX1XX8X1XXXXX12XXXXX2XX2X12X


Generation 4/50  F=U(0.5, 1.0)  N_hist=840
------------------------------------------------------------------------------------------------------------------------
XX2XXX2X1010X1X1XXXXXXXXXX0XXXX3XXXX31X1XX2XXXXX11XX1XXXX1X12X02XX2XXXXXXX1X1XX2221XX2XX1X11XX111X13XXXX11X20X32X1XXXXX1
X21X1XXXXX1X2XX3X2XX21XXXXX2XX3XX15XXXXXXX1XX11XXXX1XX1111XXX1X1XXXX2XX2X2X16X1XXXXXXX21X1


Generation 5/50  F=U(0.5, 1.0)  N_hist=1050
------------------------------------------------------------------------------------------------------------------------
22XXX1XXXX2XXXX121XXXXXXX1XXX2XXXX1XXX2XX211XXX1XX1XX02XX1XXXXX3XXXXXXXXXXXXXXXXX21X12

SSE=8.0376 on eval 1136: L=303252 a=2417.03 b=54.312 n=0.0568726 r=0.233414 t0=15863.4 ts=56.4248

+3XXXXX2X1XXX1X1XXXXXXXXXXX1XX120X
1X11XXXXX1X22XX2XXXXXX1X1XXXXXXX122XXXXX1XXX21X0XXXXX2XXXXXX0X14XX1XXX12X2X2XX2XXX2XXXXXXXX


Generation 6/50  F=U(0.5, 1.0)  N_hist=1260
------------------------------------------------------------------------------------------------------------------------
XXXXXXXXXXX1XXXX1X1XXXXXXXX1XXX1221XX1XXXXX1X1XX1X1XXXXXXXXXX1XXXXXXX1XX2XXXXXXXX2X2XXXXX1XX1XX2XXXX1XXXX21XXX1XX2X02XXX
XXXXXXXX1X1XX1XXXXXXXXXXXXXXXXXX1XX2XXXXX22XXXX1XXX1XXXXXX1XXXXXXXXXXXX1XXXXXXXX1XXX1XXXXX


Generation 7/50  F=U(0.5, 1.0)  N_hist=1470
------------------------------------------------------------------------------------------------------------------------
XXXXXXXXXXX1X2X0XX2XXXXX1XXXXX21130X131X11101X021XXXXXXX2121XXXXXXXXXXXXXXXXXXXX2XXX1XXXXXXXXX11XXXXXXXX0X1XXXXXX1XXXXX1
1XXXXXXXXXXXXXXXXXXXX1X11X1XXX2XX111XXXXXXXXXXXXX1XX2X22XXXXX22XXXXXXXX1XXXXXXXXXXXXXXXXXX


Generation 8/50  F=U(0.5, 1.0)  N_hist=1680
------------------------------------------------------------------------------------------------------------------------
11XXX21XXX110XXXXXXXXXXX2XXX2XX1XXXXXXXXX2XXX1XXX1XXXXXXXXXXXXXXXXXXXXXXXX1XXXXX11X1XX1XXXXXXXXXXXX11XXXXXXXXXXXXXXXXXXX
XXXXX1X1XX1X20XXXXXXXXXXXXXXXXXXXX1X1XX21XXX1XXXXXXXXXXXXXXXXXXXXXX1XXXXXXXXXXXXX1X1XXXXXX


Generation 9/50  F=U(0.5, 1.0)  N_hist=1890
------------------------------------------------------------------------------------------------------------------------
XXX111XXXXXXXXX21XXXXXXXXXXXXX11XXXXXXXXXXXXXX1111XXXXXX1XXXXXXXXXXXXXXXXXXXX11XXXXXXX0XXXX20XXXXXXX11X1XXXXXXXXXX0XXX1X
XXXXXXXXXXXXX0XX11XXXXXXXXXX21XXXXXXXXXXX1XXXXXXX2XXXXXXXXX2XXXXXXXXXXXXXXXXXXXXXXXXXXXXXX


Generation 10/50  F=U(0.5, 1.0)  N_hist=2100
------------------------------------------------------------------------------------------------------------------------
1XX21XX10X1XXXX111XX1XX12XXXXX2XXXXXXXXXXXXXXXXXXX1XXXX11XXXXXXXXXXXXXXXX1X12XXXXXXXXXXXXXXXX11X1XXXXX1XXX1XXXXXXXXXXXXX
XXXXXXXXXXXXXXXXXX0XXXXXXX1XXXX11XXX1X1XXXXXXXXXXXXXXXXXXXXX1XXX1X11XXXXXXXXXXXXXXXXXXXXXX


Generation 11/50  F=U(0.5, 1.0)  N_hist=2310
------------------------------------------------------------------------------------------------------------------------
121X2111XX021XXX0XXX1XXXXXXXXXXXXXXXXXXXXXXX11X1X11XXXX1XXXXXXXXXXX1X0X1XXXXXXXX1111X2

SSE=7.8047 on eval 2417: L=383727 a=1697.95 b=51.9075 n=0.0522249 r=0.232027 t0=10342.3 ts=56.0069

+X1XXXXXXXXXXX1XXXXXXXXXXXXXXXXXXX
XXXXXXXXX1X1XXXXXXXXXXXXX101XXXXXXXXXXXXXXXXXXXXXXXXX1XX0XXXXXXXXXXXXXXXXXXXX1XXXXXXXXXXXXX


Generation 12/50  F=U(0.5, 1.0)  N_hist=2520
------------------------------------------------------------------------------------------------------------------------
1X1X110XXXXXXXXXXXXXXXXXXXXXXXXXXX1XX1X1XXXXXXX1XX11XX11XX1XXXXXX1XXXXXXXXXXXXXXXXXX1XX11XXXXXXXXXXXXXXXXXXXXX11X1111XXX
XX12XXXXXXX1XXXX1XXXXXXXXXXXXXXXXXXXXXX1XXXXX11XXXX1XXXXXXXXXXXXXXXXXXXXX1X1XXXXXXXXXXXXXX


Generation 13/50  F=U(0.5, 1.0)  N_hist=2729
------------------------------------------------------------------------------------------------------------------------
111X1X2XXXXXXXXXXXXXXXXXXXXXX1XXXXXXXXXXXXXXXXXXXXXXXXXXXXX1XX1XXX1X1XX1X1XX0X0XXXXXXXXX1X1XXXXXXXXXXXXX1XXXXXXXXX1111XX
10XX12XXXXXXXXXXXXXXXXXXXXXXXXXXXXXXXXXXXXXXXXXXXXXXXXX111XXXXXXXXXXXXXXXX1X1XXXXXXXXXXXXX


Generation 14/50  F=U(0.5, 1.0)  N_hist=2940
------------------------------------------------------------------------------------------------------------------------
1111XXXXX1X1XXXXX1XXXXXXXXXXXXX11XX0X1XXXXX111XXXXXXXX1XXXXX1XXXXXXXXXXXX1XX0XXXXXX1X1XXXXXXXX1XXXXXXX11X1XXXXX1XXXXXXXX
XXXXXXXXXXXXX1XXXXXXXXXXXXXXXXXXXXXXXXX1XXXXXXX1XXXXXXXXX1XXXXXXXXXXXXXXXXXXXXXXXXXXXXXXXX


Generation 15/50  F=U(0.5, 1.0)  N_hist=3150
------------------------------------------------------------------------------------------------------------------------
X1XXXXXXXXXXX1XXXXXXXXXXXXXXXXXXXXXXXXXXXXXXXXXXXXXXXXXXXX1111XX1XXXXXXXXXXXXXXXXXXXXXXXXXX111XXXXXX1XXXXXXX1XXX1XX1XX1X
X11XXXXXXXXXXX1XX1XXXXXXXXXXXXXXXXXX111XXXXXXXXXXXXXXXXXXXXXX1XXXXXXX1XX1XX2XXXXXXXXXXXX1X


Generation 16/50  F=U(0.5, 1.0)  N_hist=3359
------------------------------------------------------------------------------------------------------------------------
111XXX1XXXXXXXXXXXXXXXXXX1XXXXXXXXXXXXXX11X11XX1XXXXXXXXXXXXXXXXXXXXXXX1XXXXXXXXXXXXXXXXX12+1XXXXXX1XXXXXXXX1XXXXX11XX1X
X1X1XX11X21XXXXXXXXXXXXXXXXXXXXXXX1XXXXXXXXXXXXXX1XXXX1XXXXXXXXXXXXX1XX1XXXXXXX0XXXXXXXXXXX


Generation 17/50  F=U(0.5, 1.0)  N_hist=3570
------------------------------------------------------------------------------------------------------------------------
11X111XX1011XX1X2

SSE=7.3995 on eval 3623: L=553633 a=2576.25 b=28.1515 n=0.0266459* r=0.205288 t0=7366.65 ts=56.1464

+XXXXX11XXXXXXXXXXXXXXXXXXX1XXXXX1XXXXXXXXXXXXXX011XXXXXXXX1XXXXXXXXXXXXXXXXXXX1XXXXXXXXXXXX1X1XX1XXXXX
XXXXXXXXX1XXX1XXXXXX1XXXXXXXXXXXX0XXXXXXXXXXX1XXXXXXXXXXXXXXXX1XXXXXXXXXX11XXXXXXXXXXXXXXXX


Generation 18/50  F=U(0.5, 1.0)  N_hist=3780
------------------------------------------------------------------------------------------------------------------------
11111X11XXXXXXXX1XXXXX1XXXXXX1X11XXXXXXXXXXXXXXX0X1XXXXXXXXXXXXXX1XXXX1XXXX1XXXXXXXXXXX0XXXXXXX1XXXXX1XXXXXXXXXXXX11X101
1XXXXXXXXXXXX1XXXXXXXXX1XXX11XXXXXX1XXXXXXXXX0XXX101X11XXXXXXXXXXXXX1XXXXXXXXXXXXXXXXXXXXX


Generation 19/50  F=U(0.5, 1.0)  N_hist=3990
------------------------------------------------------------------------------------------------------------------------
11X1XXX1XXXXXXXXXXXXXXXXXXXXXX1XXXXXXXXXXXXXXXXXX0XXXXXXXXXXXXXXXX1XXXXXXXXXXXXX1X1XXXX1XXXXXX1XXXXXXXXXXXX1XXXX1XXXXXXX
XXXX0XXXXXXXXXXXXXXXX1XXXXXXXX0XXXXXX1XXX11XXX1X1X1XXXXXXXXXXX10XXXXXXXXXXXX1XXXXX2XXXXXXX


Generation 20/50  F=U(0.5, 1.0)  N_hist=4200
------------------------------------------------------------------------------------------------------------------------
11X111X1XXXX11XXXXXXXXXXXXXXXXXXXX10XXXXXXXXXXXXXXXXXXXXXX2X1XXX1XXXXXXXXXXXXXXXXXX11X11X1XXXXXXX11XXXX1XXXXXXXX01XXXXXX
1XXXXXXXXXXXXXXXXXXXX11X11X2XXXXXXX11XXXXXXXXX1XXXXXXXXX1X1XXXXXXXXX1XXXXXXX11XXXXXXXXXXXX


Generation 21/50  F=U(0.5, 1.0)  N_hist=4410
------------------------------------------------------------------------------------------------------------------------
1XX11X1X1XXX1XXXXXXXXX1XXX1X0XXXXXXXXXXXXXXX1XXX1XXXX0XXXXX1XXXXXXXXX1XXXXXXX1XXXXXXXXXXXXX21XXXXXXXXXX0X1XXXXXXXXXXXXXX
XXXXXXXXXXXXXXXXXXXXXXXXXXXX1XX1XXXXXXXXXXXXXXXXXXXXXXXXXX1XXXXXXXXXXXXXXXXXXXXXXXXXXXXXXX


Generation 22/50  F=U(0.5, 1.0)  N_hist=4620
------------------------------------------------------------------------------------------------------------------------
11XX11XXXXXXXXXXXXXXXXXXXXXXXXXXX1XXXX1XXX11XXXXXXXXXXXXXXXXXXXXXXXX11XXXXXXXXX1XXXXX1XXXXX1XXXX1XXXXXXXX11XXXXXXXX1X1XX
XXXXXXXXXX1XXXXXXXXXXXXXX0XXXXXXXXXXXXXX1XX2XXXXXXXXXXXXXXXXX11XXXXXXXXXXXXXX0XX11XXXXXX1X


Generation 23/50  F=U(0.5, 1.0)  N_hist=4829
------------------------------------------------------------------------------------------------------------------------
1X1XX11XXXXXXXXXXXXXXXXXXX10XXXXXXXXXX1XXXXXXXXXXXX1X1XX101XXXXXXXXX1XXXXXXXXXXXX11XXXXXXXXXXXXXXXXXXXXXX1XX1XXXXXXXXXXX
0XXXXXXXX0XXXXXXXXXXXXXXXXXXXXXX1XXXXXXXXXXX0XXXXXXXXXXXXXXXXXX1XXXXXXXXXXXXXXXXXXXXXXXXXX


Generation 24/50  F=U(0.5, 1.0)  N_hist=5040
------------------------------------------------------------------------------------------------------------------------
011X1XX111XXXXXXXXX0X1XXXXXXXXXXXXXXXXXXXXXXXXXXXXXXXXXXXXXX1X1XXXXXXXXXXXXXX011X111XXXXXXXXXXXXX1X2XX1XXXXXXXX11XXXXXXX
XXXXXX1X1X1111X1XXXXXXXXXXXXXXX1XXXX1XXXXXX1XXX1XXXXX0XXX1XX0X1XXXXXXXXXXXXXXXXXXX1XXXXXXX


Generation 25/50  F=U(0.5, 1.0)  N_hist=5250
------------------------------------------------------------------------------------------------------------------------
XX11XX1XXXXXXXXXXXXXXXXXXXXXXXXXXXXXXXX1

SSE=7.2309 on eval 5315: L=406058 a=2372.6 b=56.2706 n=0.0527283 r=0.215317 t0=15600.5 ts=56.0722

+XXXXX1XXXXXX1XXXXXXXX1+XXX1XXXXXXXXXXXXXXXXXXXX1XXXXXXXXXXXXXXXXXXXXXXXXXXXXXXX
XXXXXXX1XXXX11XXX1XX1X1XXX1XXX0XXXXX1XXXX1XXXXXXX01XXXXXXX1XXXXXXXXXXX0XXXXXXXXXXXXXXXXXXXXX


Generation 26/50  F=U(0.5, 1.0)  N_hist=5460
------------------------------------------------------------------------------------------------------------------------
11X11X10XXXX1XXXXXXXXXX1XXXXXXXXXXXXXXXXXXXX0XXXXXXXXXXXXX1XX1XXX1XXXXXXXXXX1XXXXXXXXXXXXXXX1XXXXXXXXXXXXX1XXXXXXXXXX1XX
XXXXXX1XXXXXXXXXXXXXXX1X0XX1XX1XXXXXXXXX0XXXXXXXXX11XXXXXXXXXXX0XX1XXXXXXXXXXXXXXXXXXXXXXX


Generation 27/50  F=U(0.5, 1.0)  N_hist=5670
------------------------------------------------------------------------------------------------------------------------
1XX111X1XXX1X1XX1XXXXX1XXXXXXXXXXXXX1XXXXXXXX1XXXXXXXXXXXX1XXXX1XXXXXXXXXXXXXXXXXXXXXXXXXX1XXXXXXXXXXXXXXX11XXX1X1X1XXXX
XXXXXXXXX0X011X0XXX1X1XX1XXXXXXXX101XXX1XXXXX1XXX1XX1XXXXXX1XXXX1XXXXXX1XXXXXX1XXXXXXXXXXX


Generation 28/50  F=U(0.5, 1.0)  N_hist=5880
------------------------------------------------------------------------------------------------------------------------
111100X10X111XX1XX0XXXXXXXXXXXXXXXXXXXXXXXXXXX10XXXXXXXXXXXX1XXXXX1XXXXXX1XXXXXXXXXXXXXXX0XXXXXXXXXXXXX1X1X1XXXX1XX1XXXX
11XXXXXXXXXXXXXXXXXXXXXXXX1XXX1XXX0XXXXXXXXXXXXXXXXXXXXXXXXXXXXXX1XXXXXXXXXXXXXXXXXXXXXXXX


Generation 29/50  F=U(0.5, 1.0)  N_hist=6090
------------------------------------------------------------------------------------------------------------------------
1111X1X01XXXXXXXXXXXXXXX11XXXXXXXXXXXXXXXXXXXXXXXXXX0XXX1XXX1XXXXXXX1XXXXXX1XXXXXXXXXXXXX10X11X1X1XXXXXXXXXXX0XX0XXXXXX1
XXX1X1XXXXXXXX1XX01XXXXXXXX10XXXXXXXXXXXXXXXXXXXXXXXXXXXXXXXXXXXXXXXXXXXXXXXX0XXXXXXXXXXXX


Generation 30/50  F=U(0.5, 1.0)  N_hist=6300
------------------------------------------------------------------------------------------------------------------------
111X1XX1X0XXXXXXXXXXXXXXX1XXXXXXXXXXXXXXXXXXXXXXXXXXXXXXX1XXXXXXXXXXXXXXXXXXXXXXXXXX1XXXXX1XXXXXXXXXXXXXXXXXXXXXXXX11XXX
XXXXXXXXXXXXX01XXXXXXXXX1XXXXXX11XXXXXXXXX1XX1XX1XXXXXXXXXXXXXXX0XXXXXXXXXXXXX1XX1XXXXXXXX


Generation 31/50  F=U(0.5, 1.0)  N_hist=6509
------------------------------------------------------------------------------------------------------------------------
011X11XXXXXXXXXXXXXXXXXXX11XXXXXX1X01XX111XX1XX1XXXXXXXXX1XXXXXXXXXXXXXXXXXXXXXXXXX1XXXXXX1XXX1X111XXX1XX1XXX1XXXXXXX1XX
XXX1XXXX1XXXXX1XXXXXXX1XXXXXX010X10XXXXXXXXXXXXXXXXXXXXXXXXXXXXXXXXXXXXXXXXXXXXXXXXXXXXXXX


Generation 32/50  F=U(0.5, 1.0)  N_hist=6720
------------------------------------------------------------------------------------------------------------------------
101X0X0XX1XXXXXXXXXXXXXXXXXXXXXXXXX0XXX1XXXX1X1XXXXXXXXXXXXXXXXX0XXXXXXXXXXXXXXXXXXXXXXXXXXXXXX11XXXXXXXXXXXXXX1XXX1X111
XX00XXXXXXXXXXXXXXXX01XXX1XXXXXXXXXXXXXXXXXXXXXXX0XXXXXXXXXXXXXXXXXXXXXXXXX1XXXXXXXXXXXXXX


Generation 33/50  F=U(0.5, 1.0)  N_hist=6930
------------------------------------------------------------------------------------------------------------------------
11X101XX1X1XX1

SSE=7.0267 on eval 6968: L=366411 a=2113.32 b=19.9393 n=0.0289166* r=0.230605 t0=13006.4 ts=56.063

+XXXXXXXXXXXXXXXXXXXXXXXXX0XX1XXX1XX010XXX1XXXXXXXXX11XXXXXXXXXXXXXXXXXX1XXXXXXXXXXXXXX11XXXXX1XXXXXXXXXX1
XXX1X1XXXXXX1XXXXXXXX0XXXXXXXXXXXX1XXX1XXXXXXX1XXXXXXXXXXXXXXXXXXXXXXXXXXXXXXXXX1XXXXXXXXXX


Generation 34/50  F=U(0.5, 1.0)  N_hist=7140
------------------------------------------------------------------------------------------------------------------------
011X01X1XXXXXXXXXX1XX0X1X1XXXXXXXXXXXXXXXXXX1XXXXXXXXXXXXXXXXXXXXXXX0XXXX1XXXXXXXXXXXXXXXXXXXXXXXX0XXX0XXXXXXXXXXXXXXXXX
XXXXX1XXXXXXXXXXXXX1X1XXXXXXXXXX0XX0XXXXXXXX1XXXXXXXXX1X1XXXXXXXXXXXXXXXXXXXXXXXXXXXXXXXXX


Generation 35/50  F=U(0.5, 1.0)  N_hist=7350
------------------------------------------------------------------------------------------------------------------------
X1XX1XXXXXXXXXXXXXXXXXXXXX0XXXXXXXX1XXXXXXXXXXX1XXXXXXXXX0XXXXXXXXXXXXXXXX0XXXXXXXXXXXXXXXXXXXXXXXXXXXXXX1XXXXXXXX10XXXX
11XX0X11011XXXX0X1X1XXXXXXXX0XX1XXXXXXXXXXXXXXXX0XXXXXXX1XX11XXXXXXXXXXXXXX010XXXXXXXXXXXX


Generation 36/50  F=U(0.5, 1.0)  N_hist=7560
------------------------------------------------------------------------------------------------------------------------
010XXXX0X1XX11XXXXXXXX1XXXXXXXXXXX1XXXXXXXXXX1XXXXXXXXXX0XXXXXXXXXX1XXXXXXX0XXXXXXXXXXXX1XXX1XXXXXXXX01XXXXXXXXXXXXXXXXX
XXXXXXXX1XXX1X11X11XXXXXXXXXXX1XXXX1XXXXXXXXXX1XX1X1XX1XXXXXXX1X1XXXXXXXXXXXXXXXXXXXXXXXX1


Generation 37/50  F=U(0.5, 1.0)  N_hist=7769
------------------------------------------------------------------------------------------------------------------------
100X11XX1XXX1XXX1XXXXXXXXXXXXXXXXXXX1XXX11XXXXX1XXXXXX0XXXXXXXXXXXXXXXXXXXXXX1XXXXXXXXXXXXXXXXXXXXX1XXXXXXXXXXXX1XXXXXXX
XXX0XXXXXXXXXXXXXXXXXXXX1XXXXX1XXXXX1XXXX1XXXXXXXXXXXXXXXXXXXXX11X1XX1XXX1XXXXXXXXXXXXXXXX


Generation 38/50  F=U(0.5, 1.0)  N_hist=7980
------------------------------------------------------------------------------------------------------------------------
XX11XX1XXX1XXXXX1XX11XXXXXXXX1XXXXXXXXX0XXXXXXXXXX0XXXXXXXXXX1XXX1XXXX11XXXXXXXXX01XXXXXXXXXXXXXXX0XXXXXXXXXXXXXXXXXXXXX
XXXXXXXXXXXXXX0XX1X1XX1XXX1XX1XXXXXXXXXXXXXXXX1XXXXXXXXXXXXXXXXXXXXXXX1XXXXXXX0XXXXXXXXXX1


Generation 39/50  F=U(0.5, 1.0)  N_hist=8189
------------------------------------------------------------------------------------------------------------------------
0111XX11111X0XXXXXXXX1XXXXXXXXXXXXXXXXXXXXXX10XXXXXXXXXXXXXXXXXXXXXXXXXX11XXXXXXXXXXXXXXXXX1XXXXXXXXXXXX0XXXXX10XXXXX1XX
XX10XXXXXXXXX0XXXXXXXXXXXXX0XXX1XXXXXXXX1XXXXX1X1XXXXXXXXXXXXXXXXXXXXXXXXXXXXXXXXXXXXXXXXX


Generation 40/50  F=U(0.5, 1.0)  N_hist=8400
------------------------------------------------------------------------------------------------------------------------
1X000XXXXX0XXXXXXXXXXXXXX0XX1XXX01XXXXX1X1XXXXXXXXXXXXXXXXXX1XXXX0XXXXXXXX1XXXXXXXXXXXXXXXXXXXXXXXX1XXXXXXXXXXXXXXXXXXX1
11X1XX1XXXXXXXX1XXXXXXXXXXX1X1XXXXXXXXXXXXXXXXXXXXXXXX0XXXXXXXXXXXXXXXXX0XXXXXXXX111XXXXXX


Generation 41/50  F=U(0.5, 1.0)  N_hist=8610
------------------------------------------------------------------------------------------------------------------------
1+01XX1XXXX1XXXXXXXX1XX1XXXXXX0XXXXXXXXXXX0XXXXXXXXXXXXXXXX110X11XXXXXXXXXXXXXXX0XX00XX1XXXXXXXXXXXXXXXX1XXXXXX1X1X1XXX0
XXXXXXXXXXXXX0XXXXXXXXXXXXX1XXXXXX1XXXX1XXX0X1+XXXXXXXXXXXX0XXXXXXXXX1XXXXXXXXX1XXXXXXXXXXXX


Generation 42/50  F=U(0.5, 1.0)  N_hist=8820
------------------------------------------------------------------------------------------------------------------------
1XXX1XX0XXX11XX1010XX11XXXX1XXXXXXX0XXXXXXXXXXX1X0XXX1XXXXXXXXXXX1XXXX00XXXXXX0XXXXXXXXXXX10XXXXX1XXXXXXXXXXXXXX0X01XXXX
XXXXXXXXXXX1XXXXXXXXXXXXXXXXXXXXXXXXXXXXXXXXXXXXXXXXXXXXXX0XXX1XXXXXX1XXXXXXXXXXXXXXXXXXX0


Generation 43/50  F=U(0.5, 1.0)  N_hist=9029
------------------------------------------------------------------------------------------------------------------------
0X00XX1XXXXXXXXXXXXXX1XXXXXX0XXXXXXXXXXXXXXX1XX1XX1111XXX1X1XX0XXXXX0XXXXXXXXXXXXXXXXXXXXXXXXXXXXXXXXXXXXXXXXXXXXXXXXXXX
XXXXXXXXXXXXXXXXXXXXX1XXXXXXXX1XXXXXXXXXXXXXXXXXXXXXXXXXXXX0XX0XXXXXXXXXXXXXXXX1XXXXXXXXXX


Generation 44/50  F=U(0.5, 1.0)  N_hist=9240
------------------------------------------------------------------------------------------------------------------------
110X01110XXXXXXXXXXXXXXXX0XXXXXXXXXXX0XX1X0XXX1XX1XXXXXXXXXXXXXXXXXXXXX0XXXXXXXXXXXXX1XX1X001X1XXXXXXXXXX1XX10XXXXXXX1XX
XXXXXXXXXXXXXXXXX0XXXXXX01XXX11XXXXXXXXXXXXXXXXXXXXXXXXXXXXXXXXXXXXXXXXXXXX10XXXXXXXXX1XXX


Generation 45/50  F=U(0.5, 1.0)  N_hist=9449
------------------------------------------------------------------------------------------------------------------------
1XXXX000XX111XXXXX1X11XXXXXXXXXXXX1XXXXXXXX11XXXXX1XXXXXXXXXXX1XXXXXXXXX1XXXXXXXXXXXXXXXXXXXXX01XXXXXXX0XXXXXXX1XXXXXXXX
XXXXXXXX00XXXXXXXX00XXXXXXXXX1XXX1XXXXXXXXXXXXXXXX0XXXXXXXXXX1XX001XXXX1XXXX0XXXXXXXXXXXXX


Generation 46/50  F=U(0.5, 1.0)  N_hist=9660
------------------------------------------------------------------------------------------------------------------------
01X01XXXXXXXX1XX0XXXXXXXX0XXXXXXXXXXXXXXXXXX0XXXXXXXXXXXX1XX1XXXXXXXXXXXXXXXXXXXXXXXXXXXXXXXX10111XX10X1XXXXXXXXXX00XXXX
0XXXXXXXXXXXXXXXXXXXXXXXXXXXXXX0XXXXX0XXXXXXXXXXXX0XXXXXXXXXXXXXXXXX0XXX00XXXXXXXXXXXXXXXX


Generation 47/50  F=U(0.5, 1.0)  N_hist=9870
------------------------------------------------------------------------------------------------------------------------
10110XXXX1X0XXX1XXXXXXXXXXXX0X1101X0XXXXXXXXXXXXXXXXXXXXXXXXXXXXXXXXXXXXXXXXXX1XX1XXXXXXXXXXXXXXX1XXXXXXXXXXX1XX0XX0XX1X
XXXXXXXXXXXXXX00XXXXXX1XXXXXXXXXXXXXXXXXXXX011XXXXXXXXXXXXXXXX1XXXXXXXXXXXXXXXXXXXXX1XXXXX


Generation 48/50  F=U(0.5, 1.0)  N_hist=10080
------------------------------------------------------------------------------------------------------------------------
1XXX1XXX00X1XXXXXXXX1XXXXXX1XX0XXXXXXXXXXXXXXXXXXXXXXXXXXXXXXXXX1XXXXXXX1XX0XXXXXXX10XXXXXXXXXXXXXXXXXXXXX1XXXXXX01XXX0X
XXX0XXXX1XXXXX1XXXX1XXXXXXXXXXXXXXXXXXX1XXXXXX0XXXXXXXX101X0XXXXXX0XXXXX11XXXXXXXXXXXXXXXX


Generation 49/50  F=U(0.5, 1.0)  N_hist=10290
------------------------------------------------------------------------------------------------------------------------
1111XX11XX1XXX0X1X0XXXX1XXXXXXXXXXXX0XXXXXXXXXXXXX0XXXXXXX1XXXXXXXXXXXXXXXXXXXX01XXXXX0XXXXXXXXXXXX1XXXXX1XX1XXXXXXXXXXX
XX11XXXXXXXXXXXXXXX1XXX1XXXXXXXXXXXXXXXXXXXXXXXXXXXXXXXXXXXXXXXXXXXXXXXXX0111XXXXXXX1XXXXX


Generation 50/50  F=U(0.5, 1.0)  N_hist=10500
------------------------------------------------------------------------------------------------------------------------
10XXX1XXXXXXXXX1X1XX1XX01XXXXXXX11XXXXXXXX0XX11XXXXXXXXXXXX0XXXXXXXXXXXX0XXXX0XX111XXXXXX1XXXXXXXXXXXXXXXXXXXXXXX0XXXXXX
XXXXX1XXXXXXXXXXX1XXX1XXXXXXXX1XXXXX1XXXXXXXXXXXX11XXXX0XXX1XXX00XXXXXXXXXXXXXX1XXXXXXXXXX

Maximum number of iterations reached.

SSE=6.9849 on eval 10710: L=411745 a=2380.03 b=17.7768 n=0.0238741* r=0.220943 t0=2697.56 ts=56.0046


Shutting down DE...
DE shutdown complete.

Final population:
Population: 210 individuals with SSE 6.9849 to 8.0597, avg eval time 0.0243 sec. Top 7:

        SSE |     6.9849       6.9947       6.9988       7.0164       7.0164       7.0182        7.022  
------------------------------------------------------------------------------------------------------------------------
          L | 4.1174e+05   3.6422e+05   4.0454e+05   3.6405e+05   3.6414e+05   5.0501e+05   3.5212e+05  
          a |       2380       2099.9         2485       2063.9       2215.7       2575.7       2174.9  
          b |     17.777       14.302       30.393       3.5776       29.192       32.637       32.902  
          n |   0.023874*    0.029142*    0.024613*    0.043703     0.029155*     0.02072*    0.021058* 
          r |    0.22094      0.22904      0.21334      0.23268      0.22574      0.20904      0.23227  
         t0 |     2697.6        19249**     8966.7       7494.9        15645        54.39*      8124.3  
         ts |     56.005       56.012       56.005       56.001       56.021       56.088       56.076  
------------------------------------------------------------------------------------------------------------------------
Best individual:
<SSE=6.9849 L=411745 a=2380.03 b=17.7768 n=0.0238741* r=0.220943 t0=2697.56 ts=56.0046>


Elapsed time: 127.97 seconds

Saved final population of best parameter combinations to covid19.dat
Shutting down...
Task Queue is shut down
Goodbye
