Decompressing and parsing covid19.csv.bz2...
Cumulative and new cases reported thus far for Germany
------------------------------------------------------------------------------------------------------------------------
000	01/22	0	0
001	01/23	0	0
002	01/24	0	0
003	01/25	0	0
004	01/26	0	0
005	01/27	1	1
006	01/28	4	3
007	01/29	4	0
008	01/30	4	0
009	01/31	5	1
010	02/01	8	3
011	02/02	10	2
012	02/03	12	2
013	02/04	12	0
014	02/05	12	0
015	02/06	12	0
016	02/07	13	1
017	02/08	13	0
018	02/09	14	1
019	02/10	14	0
020	02/11	16	2
021	02/12	16	0
022	02/13	16	0
023	02/14	16	0
024	02/15	16	0
025	02/16	16	0
026	02/17	16	0
027	02/18	16	0
028	02/19	16	0
029	02/20	16	0
030	02/21	16	0
031	02/22	16	0
032	02/23	16	0
033	02/24	16	0
034	02/25	17	1
035	02/26	27	10
036	02/27	46	19
037	02/28	48	2
038	02/29	79	31
039	03/01	130	51
040	03/02	159	29
041	03/03	196	37
042	03/04	262	66
043	03/05	482	220
044	03/06	670	188
045	03/07	799	129
046	03/08	1040	241
047	03/09	1176	136
048	03/10	1457	281
049	03/11	1908	451
050	03/12	2078	170
051	03/13	3675	1597
052	03/14	4585	910
053	03/15	5795	1210
054	03/16	7272	1477
055	03/17	9257	1985
056	03/18	12327	3070
057	03/19	15320	2993
058	03/20	19848	4528
059	03/21	22213	2365
060	03/22	24873	2660
061	03/23	29056	4183
062	03/24	32986	3930
063	03/25	37323	4337
064	03/26	43938	6615
065	03/27	50871	6933
066	03/28	57695	6824
067	03/29	62095	4400
068	03/30	66885	4790
069	03/31	71808	4923
070	04/01	77872	6064
071	04/02	84794	6922
072	04/03	91159	6365

Initializing 180 population members having 6 parameters
------------------------------------------------------------------------------------------------------------------------

SSE=26.95 on eval 1: L=5.8813e+07 b=63.6455 r=0.183592* rf=0.747256 t0=60.4545 th=18.4378

*7393

SSE=23.305 on eval 6: L=2.34161e+07 b=49.327 r=0.438214 rf=0.810151 t0=55.2193 th=12.1098

!574!73

SSE=19.868 on eval 13: L=3.60667e+07 b=146.941** r=0.311714 rf=0.702427 t0=55.1003 th=7.64285

!431991291

SSE=19.343 on eval 23: L=6.50704e+07 b=96.753 r=0.477205 rf=0.849498 t0=52.093 th=9.98613

!11144

SSE=15.27 on eval 29: L=6.92083e+07 b=94.6425 r=0.590012 rf=0.91189 t0=51.8088 th=14.9601

!99

SSE=14.255 on eval 32: L=3.85616e+07 b=50.0659 r=0.569914 rf=0.957136 t0=51.6031 th=17.7517

!1614376591176959229226312995312214825999324343999458992163931999722279555995425293959299
522922148169223592879739922135253323712889231492944129797299

Population: 180 individuals with SSE 14.255 to 390.31, avg eval time 0.94 sec. Top 7:

        SSE |     14.255        15.27       15.296       15.488       15.673        16.03       16.046  
------------------------------------------------------------------------------------------------------------------------
          L | 3.8562e+07   6.9208e+07    6.089e+07   6.6786e+07   9.2287e+06   4.5407e+07    3.479e+06* 
          b |     50.066       94.642       104.62       52.326       123.49       110.09       121.63  
          r |    0.56991      0.59001      0.37695      0.19155*     0.26216      0.43276      0.22143  
         rf |    0.95714      0.91189      0.90969      0.67307      0.77087      0.90024      0.92085  
         t0 |     51.603       51.809        57.95       64.555       62.158       50.835*      66.059  
         th |     17.752        14.96       15.557       7.1423       9.2238       20.576**     13.169  
------------------------------------------------------------------------------------------------------------------------
Best individual:
<SSE=14.2554 L=3.85616e+07 b=50.0659 r=0.569914 rf=0.957136 t0=51.6031 th=17.7517>


Population: 180 individuals with SSE 14.255 to 390.31, avg eval time 0.94 sec. Top 7:

        SSE |     14.255        15.27       15.296       15.488       15.673        16.03       16.046  
------------------------------------------------------------------------------------------------------------------------
          L | 3.8562e+07   6.9208e+07    6.089e+07   6.6786e+07   9.2287e+06   4.5407e+07    3.479e+06* 
          b |     50.066       94.642       104.62       52.326       123.49       110.09       121.63  
          r |    0.56991      0.59001      0.37695      0.19155*     0.26216      0.43276      0.22143  
         rf |    0.95714      0.91189      0.90969      0.67307      0.77087      0.90024      0.92085  
         t0 |     51.603       51.809        57.95       64.555       62.158       50.835*      66.059  
         th |     17.752        14.96       15.557       7.1423       9.2238       20.576**     13.169  
------------------------------------------------------------------------------------------------------------------------
Best individual:
<SSE=14.2554 L=3.85616e+07 b=50.0659 r=0.569914 rf=0.957136 t0=51.6031 th=17.7517>

Performing DE with CR=0.8, F=U(0.5, 1.0), DE/rand-1.00/1/bin
------------------------------------------------------------------------------------------------------------------------
Press the 'Enter' key to abort.



Generation 1/50  F=U(0.5, 1.0)  N_hist=180
------------------------------------------------------------------------------------------------------------------------
X227XX721X1232X119X2X23XXX1X31X11411XXX21XX3X2123X2X2X9XXX1XXX11XX72221X12XXX30X64XXX13XX2321X3X61234232XXX1526X719362XX
X6X22361X11X1XXXX5XX272XX1X326XX30X22X7XX1X1XX2XX2XX92619XX1


Generation 2/50  F=U(0.5, 1.0)  N_hist=360
------------------------------------------------------------------------------------------------------------------------
1XX2XXX441XX32XX9XXXXX2XXX11X24XX121XXXXXX2XXXXX1XXX2XX5XX33XX21XX2XXX22XX5X3X5XX941X0XX3XX9121XXX1X42X21XXX1XX1X63XX22X
X3X2X2X4X9XX11X12X2

SSE=13.933 on eval 499: L=8.01009e+07** b=119.635 r=0.336508 rf=0.930725 t0=59.2154 th=15.5571

+23X1X1XXXX31X42XXXX2X1XXX64X1X13X21X1X125


Generation 3/50  F=U(0.5, 1.0)  N_hist=540
------------------------------------------------------------------------------------------------------------------------
X3XX5XXXX13XX2XX21XXX42X5XX0XXX12XXXXX3XXXXXX2XXXXX1X52XX1XXXX1XXX1X1X1X12XX1XXX3X31X2XXXXXXXXXXX1X2X11XXX2X1122X1XXX1XX
2X1XXXX2XX1XX1XX2XX1X2XXX1XXX12XXX33X3X4X3+XXXXX1X1XX10XXXXXX


Generation 4/50  F=U(0.5, 1.0)  N_hist=720
------------------------------------------------------------------------------------------------------------------------
XXXXX1X1XXX1XX1X11X0101X1X1XXXX2XXXX21X1XX1XX12XXXXXXXXXX2XXXX111X1XX21X0X1X1X1XXXX0XX1XXXX12+XX0X2XXXXXX1X1XXXXX2XX2XXX
XXX1XXXX1111XXXXXXX5XXX1X1XXXXXXXXXXXXX21XXXXXXXX1XXXXXXXXXXX


Generation 5/50  F=U(0.5, 1.0)  N_hist=900
------------------------------------------------------------------------------------------------------------------------
2XXX111X3XXX21XXXXXX2XXXX1XXXX11XX1XXXXXXXXX1XX1XXX1XX1XXXX1X1XXXX1XX21XX1XX1XXXX1XXXXXX122X2XXXXXXXX2X1XXXX1XXX1XXXXXXX
XX2XX2XXXXX1XX11X2XXXXX1XXXXXXXXXXX11XXX1XXXXXXX11XXX1XXXXXX


Generation 6/50  F=U(0.5, 1.0)  N_hist=1080
------------------------------------------------------------------------------------------------------------------------
XX2XX1XXXXXXX1XXXXX1XXXXXXXXXXXXXXXX1XXXXXXXXXXXXX11XXX3XX01X2XXXX2XXX1XXXX1X1XXXXXXXXXXXXXX2X1XXXXXX1XXX1X1XXXXXXXXXXXX
XXXXX1X2X1X2XXXXXX1XXXX1XXXXXXXXXXXXXXX1XXXX11XXX1XXX3X1XXXX


Generation 7/50  F=U(0.5, 1.0)  N_hist=1260
------------------------------------------------------------------------------------------------------------------------
X1X2XXXXXXXX12XXXXX1XXXXXX0XXXX2XXXXX21XX1XX1XXXXX11XXX1X1XX2+XX0XXXXX1X1XX1XXXX0XXXXXXXXXXXXX11XXXX1X1XXXXX1XXXXXX2X1X1
X1XX111XXXXXXXXXXX0XXXXXXXXX1XXXXXXXXX2XX1XXXX0XXXX1XX1XX11XX


Generation 8/50  F=U(0.5, 1.0)  N_hist=1440
------------------------------------------------------------------------------------------------------------------------
XX1XXXXXXXXX12XX1XXXXXXXXXXXXXXXXXXXXX1XXXXXXXXXX10X1XXXX1XXXXX2XXXXXXXXX2XXXXXXXXXXXXX1XXXX1XXXXXXXXXXXXXXXXXXXXXXXXXXX
XXX111110X1XXXXXXX2XXXXXXXXXX0XXXXXXXXXXXXXXXXXXXXXXXXXXXX1X


Generation 9/50  F=U(0.5, 1.0)  N_hist=1620
------------------------------------------------------------------------------------------------------------------------
1111XX111XXX1XX2XXXXXXXXXX1X1XXX11X1XXXXXXXXXXXXXXX1XXX1XXXXXXXXXXXXX1XXXXXXXXXXX1XXXXX21X1XXXXXXXXXXXXXXX1XX1XX11X21XXX
XXXX1XXXXXXXXXXXXXXXXXXXXXXXXXXXXXXXXXXXXXXXXXXXXXXXXXXXXXXX


Generation 10/50  F=U(0.5, 1.0)  N_hist=1800
------------------------------------------------------------------------------------------------------------------------
11X11XXXXXXXXXXXXXXXXXXXXXXXXXXXXXXXXXX1+XXX1XXXXXXX1XXX11X01X1XX1XXXXXXX1XXXXXXXX11X1X1X2XXXX1XXXXXXXXX11XXXX2XX1XXXXXX
X1X111X11XXXXXXXXXXX011XXXX011XXXX1XXXXXXXXXXXXXXXXXXXXXXXX0X


Generation 11/50  F=U(0.5, 1.0)  N_hist=1979
------------------------------------------------------------------------------------------------------------------------
1XX111XX1XXX0XXXXXXXXXXXXXXXXXXXXXXXX11XXX11X1XX1XX1XX1XXXX1XXXX1XXXXXXX0XXXXXXXXXXXXXXX0XXXXXXXX11X1XXXXXXXXXXXX1XXXXXX
XX11XXX1X1+XX1+XXXXXXXXXXX1XXXXXXXXXXXXXXXXXXXXXX1XXXXXXXXXXXX


Generation 12/50  F=U(0.5, 1.0)  N_hist=2160
------------------------------------------------------------------------------------------------------------------------
X1101XXXX11XXXXXX1XXXXX111XXXX1XXXXXXXXXXX1XXXXXXXXX1XXXXXXX1X1XX1XXXXXXXXXXXXX11XXXXX0X1XXXX1XXXXXXXXXXXXXXXXXXXXX1XX1X
XXXXXXXXXXXXXXXXXX11X01XXXXXXXXXXXXXXXXXXXXXXX1XXXXXXXXXXXXX


Generation 13/50  F=U(0.5, 1.0)  N_hist=2340
------------------------------------------------------------------------------------------------------------------------
111X10XXXXXXXXXXX00XXXXXXXXXX1X111XXXXXXXXXXX1XXXXXXXXXXXXXXXXXXXXXXXXX1XXX1XXXX1XXXXXXXXXXXXXXXXX11XXXXXXX11XXXX11XX1XX
X11X1101XXXXXXXXXXXXXXXXXXXXXXXXXXXXXXXXXXXXXXXX0XXXXXXX1XXX


Generation 14/50  F=U(0.5, 1.0)  N_hist=2520
------------------------------------------------------------------------------------------------------------------------
1XX110X1XXXXXXXXXXXXXX1XX1XXXXXXXXXXXXXXXXXXXXX101XXXXXXXXXX1XXXXX1X1XXX0X11XXXXXXXXXXXXXXX0X0X11XXXXXXXXXXXXXXXXXXXXXXX
XXX1XXXXXX11XXXXXXXX1XXXXXXXXXXX1XXXXXXXXXXXXXXXX1XXXXXXXXXX


Generation 15/50  F=U(0.5, 1.0)  N_hist=2700
------------------------------------------------------------------------------------------------------------------------
X11XXXXXXX0XXXXXXXX0XXXX1XXXXXXXX1XXXXXXX11XX1XX0XX1XXXXXXXXXXXXXXXXXX111XXXX1X1XX1XXXXXXXXXXXXXXXXXXXXXXXXXXX2XXXXXX1XX
1XX1XXXX1XXXXXXXXX0XXXX0XXXX1XXXXXXXXXXXXXXXXXXXXXXXXXXXXXXX


Generation 16/50  F=U(0.5, 1.0)  N_hist=2880
------------------------------------------------------------------------------------------------------------------------
1000111XX111XXXXXXXXXXX1XXXXXXXXX1XXXXXXX1XXXXXXXXX1XXXXXXXXX11XXX1XXXXXXX1XXXXX001XXXXXXXXXXXXXXXXXXXXXXXXXXXXXXXXXXX1X
XXX10XX0XXXXXXXXXXXXXXXX1XXXXX1XXXXXXXXXXXXXXXXXXXXXXXXXXXXX


Generation 17/50  F=U(0.5, 1.0)  N_hist=3060
------------------------------------------------------------------------------------------------------------------------
X1X1XXXXXXXX0XXXXXXXXXXXX11XXXXXXXXXXXXXXXXXXXXXXXX1XXXXXX1XXXXXXXXXXXXXXXXXXXXXXXX1XXXXXXXXXXXXXXXXXXXXXXXXXXXXXXXX1XXX
XX1XXXXXXXXXXXXXXXXXXXXXXXXXXX1XXXXXXXX1XXXX1XXXXXXXXXXXXXXX


Generation 18/50  F=U(0.5, 1.0)  N_hist=3240
------------------------------------------------------------------------------------------------------------------------
10X10X1X11X10XXXXXXXXXXXXXXXXXXXXXXXXXXXXXX1XXXXXXXXXXXXXXXXXXXXXXXXXXX1XXXXXXXXX01XXXXXXXXXXXXXXXXXXXXXXXX1XXXXXXXXXXXX
XXXXXXXXXXXXXXXX1XXXXXXX1

SSE=13.627 on eval 3399: L=5.22913e+07 b=23.8223 r=0.318549 rf=0.839627 t0=59.373 th=10.7305

+X01110XXXXXXXXXXXXXXXXXXXXXXXXXXXX1


Generation 19/50  F=U(0.5, 1.0)  N_hist=3419
------------------------------------------------------------------------------------------------------------------------
1111X11010XXX11XXXXXXXXXXXXXXXXXXXXXXXXXXXXXX0XXXX1XXX1XXXXX0XXXXXXXXXXXXX1XXXX111XXXXXXXXXXXXXXXXXXXXXXXXXXXXXXXXXXX0XX
XXXXXXXXX10XXXXXXXXXXXXXXXXXXXXXXXX1X0XXXXXXXXXXXXXXXXXXXXXX


Generation 20/50  F=U(0.5, 1.0)  N_hist=3600
------------------------------------------------------------------------------------------------------------------------
11XXXXXXXXXX0XXXXXXXXXXXXXXXXXXXXXXXX1X0XXXXXXX1XXXXXXX1X10XXXXXXXXXXXXXXX011XXXXXX1X1XXXXXX0XXXXXXXXXXXXXXX1XXXXXXXXX11
XXXXXXXXXXXXX1XXXXXX0XXXXXXXXXXXXXXXXXXXXXXXX0XX11XXXXX0XXXX


Generation 21/50  F=U(0.5, 1.0)  N_hist=3780
------------------------------------------------------------------------------------------------------------------------
1XXX01XXX1X1XX1XXXX1XXXXXXXXXX0XXX1XXXX0XXXXXXXXXXXXXXXXXXXXXXXX0XXXXXXXXXX1XXXXXXXXXXXXXXXXXXXXXXXXXXX1XXXXXX1XXXXX0XXX
XXXXXXXXXXXXXXXXXX1X0X01XXXXXX1X0X1XXXXXXXXXXXXXXXXXXXXXXXXX


Generation 22/50  F=U(0.5, 1.0)  N_hist=3960
------------------------------------------------------------------------------------------------------------------------
110X11XX0XXXX0X1X1XXXXXX0XXXXXXXXXXXXXXXXXX1XXXXXXXXXXX1X01XXXXXXXX1XXXXXXXXXXXXXXXXXXXXXXXXXXX1XXXXXXXXXXXXXXXX0XXXXXXX
XXXXXX1XXXXXXXX0XXXXXXXXXXXXXX1XX1XXX10XXXXXXXXXXXXXXXXXXXXX


Generation 23/50  F=U(0.5, 1.0)  N_hist=4140
------------------------------------------------------------------------------------------------------------------------
01101XXXXXX0XX1XXXXXXXXX1XXXXXXXXXXX1011XXXXXXXXXXX1XXXXXXXXXXXXXXX0+10XXXXXXXXX1XXXXXXXXXXXXXXX0XXX11X1XXXX1XX1XXXXXXXX
XXXXXXXXXX0X1XXXXXX0XX01XXXXXX001XXX1XXXXXXXXXXX0XXXXXX1XXXXX


Generation 24/50  F=U(0.5, 1.0)  N_hist=4320
------------------------------------------------------------------------------------------------------------------------
101X10X110XXX1X0XXXXXXXXXXXXXXX1X1XXXXXXXX01XXXXXXXX0XXXXXXXXXXXXXX1XXXXXXXXXXXXXX1XXXXXXXXXXXXXX1XX0XXXXXXXXXXXXXXXXXXX
XXXXXX0XXXXXXXXXXXXXXXXXXXXXXXXXXXXXXX0XXXXXXXXXXXXXXXXXXXXX


Generation 25/50  F=U(0.5, 1.0)  N_hist=4500
------------------------------------------------------------------------------------------------------------------------
X1XXX10XXX1XXXXX1XX1XXXXXXXXXXXXXXXXXXXXXXXXXXXXXXXXXXXXXXXXXXXX1XXXXXXXXX10XXXXXXXXXXXXX1XXXXXXX0XXXXXXXXXXXXXXXX00XXXX
XXXXXXXXXXXX10XX1X1XXXXXXXXXXXXXXXXX11XXXXXXXXXXXXXXXXXXXXXX


Generation 26/50  F=U(0.5, 1.0)  N_hist=4680
------------------------------------------------------------------------------------------------------------------------
100XXXXXX0XXXXXXXXX0XXXXXXXXXXXXXXXXXXXXXXXXXXXXXX0XX1XXXXXXXX1XXXXXXXXXXXXXXX1XXXXXXXXXXXXXXXXXXX0XXXXXXXX1XXXXXXXXXXXX
XXX1X0XXXXXX1XXXXXXX0XXXXXXXXXXXXXXXXXXXXXXXXXXXXXXXXXXXXXXX


Generation 27/50  F=U(0.5, 1.0)  N_hist=4860
------------------------------------------------------------------------------------------------------------------------
XX1X0XXX0XXXXXXXXXXXXXXXXXXXXXXXXXX0XXXXXX01XXXXXXX1X0X11XXXX0XXX1XXXXXXXXXXXXXXXXXXXXXXXXXXXXX1XXXXXXXXXXXXXXXXXXXXXXXX
1XXXXXX1XXX1XXXXXXXXXXXXXXXXXXXXXXXXX1XXXXXXXXXXXXXXXXXXXXXX


Generation 28/50  F=U(0.5, 1.0)  N_hist=5040
------------------------------------------------------------------------------------------------------------------------
10X0XXX0XXXXXXXXXXXXXXXXXXXXXXX0XXXXXXXXXXXX0XXXXXXX0XX11XXXXXXXXXXXXXXXXXXXXXXXXXX0XXXXXXXXXXXXXXXXXXXXXXXXXXXXXXXXXXXX
XX0XXXXXXXXXXXXXXXXXXXXXXXXX1XXX0XXXXXX0XXXX0XXXXXXXXXXXXXXX


Generation 29/50  F=U(0.5, 1.0)  N_hist=5220
------------------------------------------------------------------------------------------------------------------------
1X001XXXXXXXXXXXXXXX01XXXXXXXXXXXXXXXXXXXXXXXXXXXXXXXXXXXXXX10XXXXXXXXX01XX0XXXXXXXXXXXXXX0XXXXXXXXXXX0XXXXXXXXXXXXXX0XX
000XXXXXXX0XXX0XXXXX1XXXXXXXXXXXXXXXXXXXXXXXXXXXXXXXXXXXXXXX


Generation 30/50  F=U(0.5, 1.0)  N_hist=5400
------------------------------------------------------------------------------------------------------------------------
XXXXXXXXX1XXXXXXX0XXXXX0XXXXXXXXXXX0XXXXXXXXXX1+XX0X1XXXXXXXXXXXXXXXXXXXXXXXXXXXXXXXXXXXXXXXX0XX0XXXXXXXXXXXX1X1XXXXXXXX
X0XXXXXXXXXXXXXXXXX0XX0XXXXXX0XXXXXXX10XXXXXXXXXXXXXXXXXXXXXX


Generation 31/50  F=U(0.5, 1.0)  N_hist=5580
------------------------------------------------------------------------------------------------------------------------
00X10XX1XXXXXXXXXXXXXXXXXX0XXXXXX0XXX00XXXXXX1X1XXXXXXXXXXXXXXXXXXXX0XXXXXXXXXXXXXXXXXXXXXXXXX1XXXX0XX1XXXXXXXXXXXX0XXXX
0XXXXXXXXXXXXXXXXXXXXXXXXXXXXXXXXXXXXXXXXXXXXXXXXXXXXXXXXXXX


Generation 32/50  F=U(0.5, 1.0)  N_hist=5760
------------------------------------------------------------------------------------------------------------------------
0XX1XXXXXXXXXXXXXXXXXXXXXXXXXXXXXXXX0XXXXXXXXXXX0XXXXXXXXXXXXXXXX1XXXXX1XXXXX0XX0XXXXXXXXXX0XXX1XXXXXXXXXXXXXXXXXXXXXXXX
XXXXX0XX01XXXX0XXXXXXXXXXXXXX01XXXXX1XXXXXXXXXXX0XXXXXXXXXXX


Generation 33/50  F=U(0.5, 1.0)  N_hist=5939
------------------------------------------------------------------------------------------------------------------------
1X00XXXX1XXXXXXXXXXXXXXXXXXXXXXXXXXXX0XXXXXXXXXXXX11XXXXXXXXXXXXXXXXXXXXXXXXXXXXXXX0XX0XXXXXXXXX1XXXXXXXXXXXXX100XXXX0XX
XXXXXX0XXXXXXXXXXXXXXXXXX0XXXXX0X0XXXXXXXXXXXXXXXXXXXXXXXXXX


Generation 34/50  F=U(0.5, 1.0)  N_hist=6120
------------------------------------------------------------------------------------------------------------------------
010X00XX0XXXXXXXXXXXXXXXXX0XXXXX0XXXXXXXXXXXXXXXXXX0XXXXXXXXXXXXXXXXXXXXXXXXXXXXXXXXXX0XXXXX1XXXXXXXXXXXXXXXXXXXXXXXXXXX
XXX0XXXXXXXXXX0XXXXXXXXXXXXXXXXXXXXXXXXXXXXXXX0XXXX0XXXXXXXX


Generation 35/50  F=U(0.445, 1.0)  N_hist=6300
------------------------------------------------------------------------------------------------------------------------
X100X0XXXXXXXXXXX0XXXXXX0XXXXXXXXXXXXXXXXX0XXXXXXXXXXXXXXXXXXXXXXXXXXXXXXXXXXXXX10XXXXX0XXXXXXXXXXXXX0XXXXXXXXXXXXXXXXXX
X1XXX0XXXXX10XXXXXXXXXXXX0XXXXXXXX0X0XXXXXXXXXXXXXXXXXXXXXXX


Generation 36/50  F=U(0.493056632402, 1.0)  N_hist=6480
------------------------------------------------------------------------------------------------------------------------
00XXXXXXXXXXXXXXXXXXXXXXXXXXXXXXXXXXXXX0XXXXXXXXXXXXXXXXXXXXXXX0XX1XXXXXXXXXXXXXXXXXXXXXXXXX000XXX0XXXXXX0XXXXXXXXXXX0X1
XXXXXXXXXXXXXXXXXXXXXXXXXXXXXXXXXXXXXXXXXXXXXXXXXXXXXXXXXXXX


Generation 37/50  F=U(0.5, 1.0)  N_hist=6660
------------------------------------------------------------------------------------------------------------------------
0X00XXXXXXXXXXXXXXXXXXXXXXXXXXXXXXXXXXXXXXX0XXXX0XXXXXXXXXXXXXXXXXXXXXXXXXXXXXXXXXXX1XXXX0XXXXXXXXXXXXXX0X000XXXXXXXX0XX
XX0XXXXX0XXXXXXXXXXXXXXXXXXXXXXXXXXXX0XXXXXXXXXX0XXXX0XXXXXX


Generation 38/50  F=U(0.445, 1.0)  N_hist=6839
------------------------------------------------------------------------------------------------------------------------
10XXXXXXXXXXXXXXXXXXXXXX0XXXXXXXXXXXXXXXX1XXXXXXXXXXXXXXXXXXXXXXXXXXXXXXXXX1XXXXXXX0XXXXXXX0XXXXXXXXXXXXXXXXXXXXXXXXXXXX
0X0XXXXXXXXX0XXXXXXXXXX0XXXXXXX0X1XXXXXXXXXXXXXXXXX0XXXXXXXX


Generation 39/50  F=U(0.493056632402, 1.0)  N_hist=7020
------------------------------------------------------------------------------------------------------------------------
X00X1XXXXXXXX0XXXXXXX0XXXXXXXXXXXXXXXXXXXXXXXXXXXXX0XXXXXXXXXXXXXXXXXXXXX0XXXXXXXXXXXXXXXXXXXXXXXXXXXXXXXXXXXX0XXXXXXXXX
XXX0XX00XXXXXXXXXXXXXXXXXXXXXXXXXXXXX0X0XX0XXXXXXXXXXXXXXXXX


Generation 40/50  F=U(0.438820402838, 1.0)  N_hist=7200
------------------------------------------------------------------------------------------------------------------------
10XX0XX0XXXXXXXXXXXXXXXXXXXX0XXXX1XXXXXXXXXXXX0XXX0XXXXXXXXXX0XXXXXXXXXXXXXXXXXXXXXXXXXXXXXX00XXX0XXXXXXXX0XX0XXXXXXXXXX
XX0XXXX0XXXXXXXXX0XXXXXXXX0XXXXXXXXXXXXXXXXXXXXXXXX00XXXXXXX


Generation 41/50  F=U(0.486209685511, 1.0)  N_hist=7380
------------------------------------------------------------------------------------------------------------------------
0XX0XXX0XXXXXXXXXXXXXXXXXXXXXXXXXXXXXX00XXXX0XXXXXXXXXXXXXXXXXXXXX0XXXXXXXXXXXXXXXXXXXXX0XXXXXXXXXX0XXXXXXX0XXXXXX0XXXXX
XXXXXXXXXX1X0XXXXXXXXXXXXXXXXXXXXXXXXXXXXXXX0XXXXXXXXXXXXXXX


Generation 42/50  F=U(0.5, 1.0)  N_hist=7560
------------------------------------------------------------------------------------------------------------------------
X0XXX0XXXXXXXXXX0XXXXXXXXXXXXXXXXXXXXXXXXXXX00XXXXXXXXXXXXXXXXXXXXXXXXXXXXXXXXXXXXXXXXXXXXXXXXXXXXXX0XX00XXXX0XXXXXXXXXX
0X0XXXXXXXXXXXXXXXXXXXXXXXXXXXXXXXXX0XXXX0XX0XXXXXX0XXXXXXXX


Generation 43/50  F=U(0.445, 1.0)  N_hist=7740
------------------------------------------------------------------------------------------------------------------------
10X0XXX0XXXXXXX00XXXXXXXXXXXXX00XXXXXXXXXXXXXXXXXXXXXXXXXXXX0XXXXXXXXXXXXX00XXXXXXXXXXXXXXXXXXXX00X0XXXXXXXXXXXXXXXXXXXX
XXXXXXXX1XXXXXXXXXXXXXXX0XX0XXXXXXXXXX0XXXXXXXXXXXXXXXXXXXXX


Generation 44/50  F=U(0.493056632402, 1.0)  N_hist=7920
------------------------------------------------------------------------------------------------------------------------
X0XX0XXX0XXXXXXXXXXXXXXXXXXXXXXXXXXXXXXXXXXX0XXXXXXXXXXXXXXXXXXXX0XXXXXX0XXX0XXXXXXXXXXX0XXX0XXX0XXXXXXXXXXXXXXXXXXXXXXX
0XXX0XXXX0XXXXXXXXXXXXXXXXXXXXXXXXXXXXXXXXXXXXXXXXXXXXXXXXXX


Generation 45/50  F=U(0.438820402838, 1.0)  N_hist=8100
------------------------------------------------------------------------------------------------------------------------
0X0XXXXXXXX0XXXXXXXX00XXXXXXXXXXX0XXXXXX0XXXXXXXXXXXXXXXXXXXX0XXXXX0XXXXXXXXX0XXXXXXXXXXXX0XXXXXXX0XXXXXXXXXXXXXXXXXXXXX
X0XX0X0XXXXXXXXXXXXXXXXXXXXXXXXXXXXXXXXXXXXXXXXXXXXXXXXXXXXX


Generation 46/50  F=U(0.390550158526, 1.0)  N_hist=8280
------------------------------------------------------------------------------------------------------------------------
X0XX0XXXXXXXXXXXXXX0XXXXXX0XXXXXXXXX0XXXXXXXXXXXXXXXXXXXXXXXXXXXXX0XXXXXXXXXXXXXXXXXXXXXXXXXXXX0XX0000XXXXXXXXXXXXXXXXXX
XXXX0XXXXXXX0XXXXXXXXXXXXXXXX00XXXXXXXXXXXXXXXXXXXXXXX0XXXXX


Generation 47/50  F=U(0.347589641088, 1.0)  N_hist=8459
------------------------------------------------------------------------------------------------------------------------
000X000XX0XXXXX0XXXXXXXXXXXXXXX1XXXX0XXXXXXX0X00XXXXXXXXXX0XXXXXXXXXXXXXXXXXXXXXXXXXXXXXXXXXXXXXXXXXX0XXX0XXXXXXXXXXXXXX
XXXXXXXXXXXXXXXXXXXXX0XXX00XXXXXXXXXXXXXXXXX0XXXXXXXXXXXXXXX


Generation 48/50  F=U(0.385126691893, 1.0)  N_hist=8640
------------------------------------------------------------------------------------------------------------------------
0X0XXXXXXXXXXXXXXXXXXXXXXXX0X00XXXXXXXXXXXXXXXXXXXXXXXX0XXX0XXXXXXXXXXXXXXXXXX0XXX0XXXXXXXXXXXXXX0XX0XXXXXXX00XXXX0XXXX0
XXXXXXXXXXXXXXXXXXXXXXXXXXXXXXXXXXXXXXXXXXXXXXXXXXXXXXXXXXXX


Generation 49/50  F=U(0.426717460119, 1.0)  N_hist=8820
------------------------------------------------------------------------------------------------------------------------
00X0XXX0XXXX0XXX0XXXXX0XXXXXXXX0XXXXXXXXX0XXXXXXXXXXXX0XXXXXXXX00XXXXXXXXXXXXXXXXXXXXXXX0XXXXXXXXXXXX00XXXXX0XXXXXXXXXXX
X1XXXXXXXXXXXXXXXXXX0XXXXXXXXXXXXXXXXXXXXXXXXXXXXXXXXXXXXXXX


Generation 50/50  F=U(0.379778539506, 1.0)  N_hist=9000
------------------------------------------------------------------------------------------------------------------------
XX000XXXXXXXXXXXXXXXXXXXXXXXXXXXXXXXXXXXXXXXX0XXXXXXXXXXX0XXX0XXX0XXXXXXXXXXX0XXXXXXXX0XXXXXXXXXXXXXXXXXXXXXXXXXXXXXXXXX
XXXXXXXXXXXXXXXX0XXXXXXXXXXX0XXXXXXXXXXXXXXXX0XXXXXX0XXXXXXX

Maximum number of iterations reached.

SSE=13.536 on eval 9180: L=7.95628e+07 b=3.66917* r=0.338448 rf=0.862668 t0=58.3975 th=12.4105


Shutting down DE...
DE shutdown complete.

Final population:
Population: 180 individuals with SSE 13.536 to 14.065, avg eval time 0.0281 sec. Top 7:

        SSE |     13.536       13.556       13.556       13.573       13.579        13.58       13.585  
------------------------------------------------------------------------------------------------------------------------
          L | 7.9563e+07   3.9065e+07   2.2267e+07   8.3905e+07**  5.935e+07   7.8062e+07   2.2904e+07  
          b |     3.6692*      25.027       29.697       30.386       44.023       23.296       19.323  
          r |    0.33845      0.34029      0.34256       0.3182      0.34974      0.31347      0.36872  
         rf |    0.86267      0.85241      0.85856      0.84311      0.85835        0.821      0.87767  
         t0 |     58.397       58.334       58.222       58.964       57.791       59.324       57.451  
         th |      12.41       11.904        12.26       11.405       12.469       10.304       12.892  
------------------------------------------------------------------------------------------------------------------------
Best individual:
<SSE=13.5365 L=7.95628e+07 b=3.66917* r=0.338448 rf=0.862668 t0=58.3975 th=12.4105>


Elapsed time: 137.01 seconds

Saved final population of best parameter combinations to covid19.dat
Shutting down...
Task Queue is shut down
Goodbye
