Decompressing and parsing covid19.csv.bz2...
Cumulative and new cases reported thus far for US
------------------------------------------------------------------------------------------------------------------------
000	01/22	1	0
001	01/23	1	0
002	01/24	2	1
003	01/25	2	0
004	01/26	5	3
005	01/27	5	0
006	01/28	5	0
007	01/29	5	0
008	01/30	5	0
009	01/31	7	2
010	02/01	8	1
011	02/02	8	0
012	02/03	11	3
013	02/04	11	0
014	02/05	11	0
015	02/06	11	0
016	02/07	11	0
017	02/08	11	0
018	02/09	11	0
019	02/10	11	0
020	02/11	12	1
021	02/12	12	0
022	02/13	13	1
023	02/14	13	0
024	02/15	13	0
025	02/16	13	0
026	02/17	13	0
027	02/18	13	0
028	02/19	13	0
029	02/20	13	0
030	02/21	15	2
031	02/22	15	0
032	02/23	15	0
033	02/24	51	36
034	02/25	51	0
035	02/26	57	6
036	02/27	58	1
037	02/28	60	2
038	02/29	68	8
039	03/01	74	6
040	03/02	98	24
041	03/03	118	20
042	03/04	149	31
043	03/05	217	68
044	03/06	262	45
045	03/07	402	140
046	03/08	518	116
047	03/09	583	65
048	03/10	959	376
049	03/11	1281	322
050	03/12	1663	382
051	03/13	2179	516
052	03/14	2727	548
053	03/15	3499	772
054	03/16	4632	1133
055	03/17	6421	1789
056	03/18	7783	1362
057	03/19	13677	5894
058	03/20	19100	5423
059	03/21	25489	6389
060	03/22	33276	7787
061	03/23	43847	10571
062	03/24	53740	9893
063	03/25	65778	12038
064	03/26	83836	18058
065	03/27	101657	17821
066	03/28	121478	19821
067	03/29	140886	19408
068	03/30	161807	20921
069	03/31	188172	26365
070	04/01	213372	25200
071	04/02	243453	30081

Initializing 90 population members having 3 parameters
------------------------------------------------------------------------------------------------------------------------

SSE=1734.5 on eval 1: L=244687 b=38.3761* r=0.286688

*

SSE=72.663 on eval 2: L=291976 b=647.9 r=0.334593

!2

SSE=38.805 on eval 4: L=679454** b=222.301 r=0.24131

!

SSE=28.041 on eval 5: L=452944 b=211.891 r=0.219173

!999113

SSE=25.059 on eval 12: L=447632 b=589.491 r=0.224247

!97131

SSE=22.882 on eval 18: L=567832 b=270.988 r=0.210698

!115213392126152

SSE=21.547 on eval 34: L=541786 b=882.082 r=0.225921

!91191261326483

SSE=19.62 on eval 49: L=419161 b=828.137 r=0.248301

!719

SSE=19.064 on eval 53: L=457052 b=239.168 r=0.25378

!12993435262348914214729212

SSE=18.49 on eval 80: L=464619 b=81.1925 r=0.239633

!99914219269

Population: 90 individuals with SSE 18.49 to 1e+09, avg eval time 2.17 sec. Top 7:

        SSE |      18.49       19.064        19.62       20.219       20.721       21.133       21.547  
------------------------------------------------------------------------------------------------------------------------
          L | 4.6462e+05   4.5705e+05   4.1916e+05   5.1435e+05   3.9458e+05   5.5033e+05   5.4179e+05  
          b |     81.193       239.17       828.14       334.72        436.8       452.81       882.08  
          r |    0.23963      0.25378       0.2483      0.23696      0.25718      0.22155      0.22592  
------------------------------------------------------------------------------------------------------------------------
Best individual:
<SSE=18.4897 L=464619 b=81.1925 r=0.239633>


Population: 90 individuals with SSE 18.49 to 1e+09, avg eval time 2.17 sec. Top 7:

        SSE |      18.49       19.064        19.62       20.219       20.721       21.133       21.547  
------------------------------------------------------------------------------------------------------------------------
          L | 4.6462e+05   4.5705e+05   4.1916e+05   5.1435e+05   3.9458e+05   5.5033e+05   5.4179e+05  
          b |     81.193       239.17       828.14       334.72        436.8       452.81       882.08  
          r |    0.23963      0.25378       0.2483      0.23696      0.25718      0.22155      0.22592  
------------------------------------------------------------------------------------------------------------------------
Best individual:
<SSE=18.4897 L=464619 b=81.1925 r=0.239633>

Performing DE with CR=0.8, F=U(0.5, 1.0), DE/rand-1.00/1/bin
------------------------------------------------------------------------------------------------------------------------
Press the 'Enter' key to abort.



Generation 1/100  F=U(0.5, 1.0)  N_hist=90
------------------------------------------------------------------------------------------------------------------------
9XX2X299X4X3X3XXX2X3XXX521XX6XXX6X9XX0XXX2115XXXXX1XX18X22XX22X229XX1X41103X9X1X9XXX5X9940


Generation 2/100  F=U(0.5, 1.0)  N_hist=180
------------------------------------------------------------------------------------------------------------------------
51XXX7X3XXX12111XXXX1XXX11X1XXX1237XX11XXXXXXX3XXXX12XXX1X9XX2XX2XX41X21X9X1X1X2XX1XXX9XXX


Generation 3/100  F=U(0.5, 1.0)  N_hist=270
------------------------------------------------------------------------------------------------------------------------
XX4XXXXXXXX21XXXX2XXX2XXX22XX9XX12X11X21X1+XXX1XXXX122XXX1XX1XX21XXXXX51XXXX1XXX0X1XX1X1212


Generation 4/100  F=U(0.5, 1.0)  N_hist=360
------------------------------------------------------------------------------------------------------------------------
X2X1121211X2XX2XX3XXX1XXXXXXXX0221XXXXX11112121XXX1XXXX130X1XX12112X1X2XXXXX1XX1XX1XX1X1XX


Generation 5/100  F=U(0.5, 1.0)  N_hist=450
------------------------------------------------------------------------------------------------------------------------
X22X0X1X1XX1XX12XXXXXX1+X11X1X2XX1XX1X1X1X11XXXX1X10X111XX2XXXX1XX1XX01XXX1XXXXX11XXX1111XX


Generation 6/100  F=U(0.5, 1.0)  N_hist=540
------------------------------------------------------------------------------------------------------------------------
X1XX1XXXX1XXXX2XXXX1XXXXX1XXXX1XXX1XXXXXX11XXX1X1XXXXXXXXX1X0XXXX10XXXXXXX1XX1XX1X1XXXXXXX


Generation 7/100  F=U(0.5, 1.0)  N_hist=630
------------------------------------------------------------------------------------------------------------------------
XXXX0XXXXXX1111XXXXX11XXX1

SSE=18.058 on eval 657: L=451967 b=87.3922 r=0.248639

+XX0XXX1XX1XXXX1XX011X10111XXXX11XXX1XXX00X11X1XXX11X1XX0XXXXXXX1


Generation 8/100  F=U(0.5, 1.0)  N_hist=720
------------------------------------------------------------------------------------------------------------------------
1X0X01XXXXXXX1X1X11XX1XXXX0XXXX11X0+XXXXXXXXX1X1XX10XXXX1+XX1X1X11XXX1XXXX111X1X010XXXXXXX0X


Generation 9/100  F=U(0.5, 1.0)  N_hist=810
------------------------------------------------------------------------------------------------------------------------
XX00X1XXXX1XXXXXX1X01XX0X1XXXXXXX1X0XXXXXX0X10XXXX0X1XXXXXXXXXXXX110X1XXXX1X1XXX0XXXX1XXXX


Generation 10/100  F=U(0.5, 1.0)  N_hist=900
------------------------------------------------------------------------------------------------------------------------
0XXXX101XXX1XXXX0X1XX1XXX1XX0XXXXXX0X1XXXXXX11XX1XXXX1XX0XXXX1X0XX0XXXX1XXXXXXXXXXXX0XXXXX


Generation 11/100  F=U(0.5, 1.0)  N_hist=990
------------------------------------------------------------------------------------------------------------------------
XXXXX0XXXXXXX1XXXX0XX1X0XX1XXXX1X0XXXXX01XXX1XX011110X11XXXXXX1X1X0X11000X1XX0XXX10XX1X0XX


Generation 12/100  F=U(0.5, 1.0)  N_hist=1080
------------------------------------------------------------------------------------------------------------------------
XXXX10XXXX1XX1XXXX0X0XXXX1X00XXX0XXXXXXXX0XXXX1X1+1X0X00XXX0XXX1XX01X11XX011XXX00XX10XX0XXX


Generation 13/100  F=U(0.5, 1.0)  N_hist=1170
------------------------------------------------------------------------------------------------------------------------
1XX0XXX1XXX1X00XXXXX1X0X00X01XXXXX0XXXXX0X00XX0X0XXX1XXXXXXXX01XXX0001XXX0XXXXXX1XXXXXXXXX


Generation 14/100  F=U(0.5, 1.0)  N_hist=1260
------------------------------------------------------------------------------------------------------------------------
XXX0XXXXXXX1XXXX0XXXXXX0XXXXX1+0X0XXXXXXXX0XXXXXX00XXXXXX0XXXX0XX0X0XXXXXXXX0XX00X0XXX1XXX1


Generation 15/100  F=U(0.5, 1.0)  N_hist=1350
------------------------------------------------------------------------------------------------------------------------
X101XX0XX0XXX10X10X0XXXX0XX0X001XXXXXXX0XXXX01XX01X0XX0XXXX0XX0XXXX0XXXXX0XXXX0XX0X01X0X0X


Generation 16/100  F=U(0.5, 1.0)  N_hist=1440
------------------------------------------------------------------------------------------------------------------------
XX0XXXXX0X0XXXXXX1XX0XXXX0XXXXX0XXXXXXXX1X0X0X00X00XX1+0XXXXX000XX00XX001X0XXXXXXX0XXXX00XX


Generation 17/100  F=U(0.5, 1.0)  N_hist=1530
------------------------------------------------------------------------------------------------------------------------
0000000X0XX0XXXXXXXXXX0XXXXXX0X0000XX0XX00X0XXXXXXXX0000X0XXXX000X0XXX0XXXXXX0XX10XXXXXXXX


Generation 18/100  F=U(0.5, 1.0)  N_hist=1618
------------------------------------------------------------------------------------------------------------------------
00000XXXXXXXXXXXX0+0XXXXXXXXX0X0XX0X0XXX0+XXXX0XX00XXXXX0000X0XX000XX0XXXXXXX0X0XXXXXX00XXXX


Generation 19/100  F=U(0.5, 1.0)  N_hist=1710
------------------------------------------------------------------------------------------------------------------------
0000100XX0000XXXXXX0X00XXX0XXXXXXXXXXX0X0XXXX000XXX00X0XXXX0XXX0X00X0XX0XXXXXXXXXXX0XXXXXX


Generation 20/100  F=U(0.5, 1.0)  N_hist=1800
------------------------------------------------------------------------------------------------------------------------
0000X00XXXXXX00XXXXXXXX0XX0X0000XXX00XXX0X0X0XX0XXXXXXXXXXXXX0XX000XX0XXXXXX0X0XXX0+0XXXXXX


Generation 21/100  F=U(0.5, 1.0)  N_hist=1890
------------------------------------------------------------------------------------------------------------------------
0000X0000XXXXX0XX00000+XXXX0XXXX0X00XXXXXXXXXXXXX0XXXX0000X0+00XXX00X0X0XX000XXXXXX0XXX0XXXX


Generation 22/100  F=U(0.5, 1.0)  N_hist=1978
------------------------------------------------------------------------------------------------------------------------
000000X0X0000+XXX000+XXXXXX00X0XXXX00X0XXXX0XXX0X00XXXXXXXXX0000X000000XXXXXXXXXXXX0000X0XXX


Generation 23/100  F=U(0.5, 1.0)  N_hist=2070
------------------------------------------------------------------------------------------------------------------------
000X00000X0XXXXX000XXXXXXXXXXXXXX00X00X0XXXXX000XXXXXXXX0XXXXXXXXX00000000XXXXXX0XXXXXXXX0


Generation 24/100  F=U(0.5, 1.0)  N_hist=2159
------------------------------------------------------------------------------------------------------------------------
0X0X000X00XXXX00X0XXXXX0X000X000XXXXXXX000XXXXX00XX00XXX0XXX0XXXXXX0XXXXX00XXXXXXXXXXX0XXX


Generation 25/100  F=U(0.5, 1.0)  N_hist=2250
------------------------------------------------------------------------------------------------------------------------
0000000X00X0XXX00XXXXX0XXX0XXXXXXXXXXXX0XXXXXX000000X0XXX000XX0XXXX000XX0XXXXXX0XXX0XXXXXX


Generation 26/100  F=U(0.5, 1.0)  N_hist=2340
------------------------------------------------------------------------------------------------------------------------
00000000XXXX0XXXXXX00XXXX0XXX0XXX0XXXXXXXXXX00XXX00X0000X00XXXXXX00+0X00XX0XXXXXXXXXXXXXXXX


Generation 27/100  F=U(0.5, 1.0)  N_hist=2430
------------------------------------------------------------------------------------------------------------------------
0X0X0X0XX0XX00XXX00XXX00XXXXXX0X0XXXXXXXXX0XX0XX000XX0XXXXXX000X00X0X00+XXX0+X0XXXXXXX0XXXXX


Generation 28/100  F=U(0.5, 1.0)  N_hist=2520
------------------------------------------------------------------------------------------------------------------------
000000XX000000+XX00XXXXXXXX0XXXXXX00XXXXX00XXXXX0XXXXXXXX0XX0000000XXXX0XXXX0XX0000XXXXXXXX


Generation 29/100  F=U(0.5, 1.0)  N_hist=2610
------------------------------------------------------------------------------------------------------------------------
0000XXXXX0XXXX00+XX00X0XX0X00+XXXXXX000X00XX0000X00XXXXXXXXXXXX0XXX00X00000X0XXXXXXXXXXXXXXX


Generation 30/100  F=U(0.5, 1.0)  N_hist=2700
------------------------------------------------------------------------------------------------------------------------
0XXXX0XXXXXXXXXXXXX0000X0000000XXXXXXX000XXXXXXXX0XXX00X0XXXXX0XX00XXXX00X0XXXXXXXX0XXXXXX


Generation 31/100  F=U(0.5, 1.0)  N_hist=2790
------------------------------------------------------------------------------------------------------------------------
0000X00XX0000XXXXX0XX0XXXXXXX00XXX0XXXXXX0XX0XXXXX000X0XXXXXXXXXX000X0000XXXXXXXXXXXXXXXXX


Generation 32/100  F=U(0.5, 1.0)  N_hist=2880
------------------------------------------------------------------------------------------------------------------------
000000X0000XXXXXXX000XXXXXXXXXX0X00X0X00XXXXXXXX000XXXXX00XX000X00XXX00XXXXXXXXXXXXXXXXX0X


Generation 33/100  F=U(0.5, 1.0)  N_hist=2969
------------------------------------------------------------------------------------------------------------------------
0X0XXXXXXXXX00XX00X00XXXXXXXX0XXXX00X0XXX0XXXXXX0+00000000XXX0XX0000XXXXXXXXX00000XXXXXXXXX


Generation 34/100  F=U(0.5, 1.0)  N_hist=3060
------------------------------------------------------------------------------------------------------------------------
00XXXXXXXXXXXXXXXXXX0XXXXX0+X00XXX0XX00XXXX00+XXXXXXXXXX0X0XXX0000XX0000X0XXXX0XX0XXXXXXXX0X


Generation 35/100  F=U(0.5, 1.0)  N_hist=3142
------------------------------------------------------------------------------------------------------------------------
00000XX0XXXXX00XX0XXX0XXXXXXXXXXXXXX00X0XXX00000XX00X0XXXX0XXX0X0X0XXXXX00XX00X0XXXXX0XXX0


Generation 36/100  F=U(0.5, 1.0)  N_hist=3239
------------------------------------------------------------------------------------------------------------------------
0000XXXXXXXXXX0X0XXXX0XXX0XX00XXXXXXXXX00XXXXXXXXXXXXX0X000XXXXXX000XXXXXXXXXXX0XXX0000XXX


Generation 37/100  F=U(0.5, 1.0)  N_hist=3329
------------------------------------------------------------------------------------------------------------------------
0000X00X00X0XXXXXX0XXXXXXXXXX000X0XXXX0XXXXXXXXXX00XXXXXXX00X0XXX0XXXXX0XXXXXX00XX0XXXXXXX


Generation 38/100  F=U(0.5, 1.0)  N_hist=3419
------------------------------------------------------------------------------------------------------------------------
0000X0X0XX0XXXX0XXX0XXXXX00X0000000X000XXXX0XXXXXX00XXXX0X00XXXX0+0X000+0X00XX0XXX00XXXXXXXX


Generation 39/100  F=U(0.5, 1.0)  N_hist=3510
------------------------------------------------------------------------------------------------------------------------
0000000XX0XX0XX0XXXXXXXXXXX00XX0XXXXX000XXXXX0XXX0X0XXX0X0XXXXX000XXXXXXXXXX0XXXXXXXXXXXXX


Generation 40/100  F=U(0.5, 1.0)  N_hist=3600
------------------------------------------------------------------------------------------------------------------------
0000XXXX0XXX00XXX0XXXXXXX0X0XX0XXXXXX0XXXXXXXXXXXXXX00XXXX0XX0XXX0X0XX000X0X00XXXXXXXXXXXX


Generation 41/100  F=U(0.5, 1.0)  N_hist=3690
------------------------------------------------------------------------------------------------------------------------
00X00XXXXXXX0X00XXXXX0X00000XXXX000XXXXXXX000X00000X0XX00XX0XX0XXXXX000XX0XX0XXXXXXXXXXXXX


Generation 42/100  F=U(0.5, 1.0)  N_hist=3780
------------------------------------------------------------------------------------------------------------------------
00000000X0XXXX00XXXXXXXXXXXXXXXX0XXX00XXXX0X0XXXXX0000000XX0XXXXXXX0XXXXXXX0X0000XXX0XXXXX


Generation 43/100  F=U(0.5, 1.0)  N_hist=3870
------------------------------------------------------------------------------------------------------------------------
00X000XXXXXXX00000X0+XXXXXXXXXXXXXXXX0XX000XXX0000X00XXX0000X0X00XXXXXXXX0XXXXXXXXXXXX0XXXX


Generation 44/100  F=U(0.5, 1.0)  N_hist=3959
------------------------------------------------------------------------------------------------------------------------
00X0+XXX000X0XXX0XXX00XX000X00XXXXXXXX0XX0000XXXXXXXXXXX0000000XX0XXX0XXXX0XXXXXXXXXXX00XXX


Generation 45/100  F=U(0.5, 1.0)  N_hist=4050
------------------------------------------------------------------------------------------------------------------------
00+00XX0XXXX0XXXXXXXXXX0XX0XX00XXXXXXXXXXX0XXXXX00X00XXXX0XXXXX0XXX0000X00XXXXX0XXXX0XXXX0X


Generation 46/100  F=U(0.5, 1.0)  N_hist=4140
------------------------------------------------------------------------------------------------------------------------
0000X0XX0XXXXXXXX0XXXXXX0X0X0XXX0XXXX0X00+00X0XXXX0XXXXXXX0XXXX0XXXXXXXXXXXXXXXXXXXX0XXXXXX


Generation 47/100  F=U(0.5, 1.0)  N_hist=4230
------------------------------------------------------------------------------------------------------------------------
XXX00X0X00XXXXXXXXXX0X00XX0000XXXXX00X0XXXXXXXXX0+XXXX0XXXXXXXXX0X0XXXXXXXXXXXXXXXX00X0XXXX


Generation 48/100  F=U(0.5, 1.0)  N_hist=4320
------------------------------------------------------------------------------------------------------------------------
000000000000X00XXXXXXXXXX000X0XXXXXXXX00XX0X00X0XXXX00X0XXXXXXXXXX00XXX00X0XX00XX0XX0XXX0X


Generation 49/100  F=U(0.5, 1.0)  N_hist=4409
------------------------------------------------------------------------------------------------------------------------
00X00000X0XXXXX0XX000X00XX00XXXXXXXXXXX00XXXXXXX0XXXX0XXXXXXXX0XXX0XX0XXXX00XXXXXXXXXXXXXX


Generation 50/100  F=U(0.5, 1.0)  N_hist=4500
------------------------------------------------------------------------------------------------------------------------
0000X00X00XX0XXXXXXX0XXXXXXX0XXXXX0X0X0XXXXX00X00XX0XXX0000XXXXXXX0XXXXXXXX00XXXX000XXXXX0


Generation 51/100  F=U(0.5, 1.0)  N_hist=4589
------------------------------------------------------------------------------------------------------------------------
000XXX0XXX0XXX0X0000XX0000000XXXX0XX000XX000X0XXXXXXXXXX0X0XX00XXXXXXXX0X00XXXXXXXXXXXXXXX


Generation 52/100  F=U(0.5, 1.0)  N_hist=4680
------------------------------------------------------------------------------------------------------------------------
00000XXXX0XXXXXXX0XXXXXXXX000XXXXXXX0XXXX0XXXXXXXXXX000000XXXXXXXXXXXX000X000XXXXXXXXXXXXX


Generation 53/100  F=U(0.5, 1.0)  N_hist=4770
------------------------------------------------------------------------------------------------------------------------
0000XXX0XX0X0XXXXX000X0X0000XX0XXXXXXX0XXXX0XXXXXXX000X0XX0XXXXX000X00XXXXXXXXX0XX0XXXXXXX


Generation 54/100  F=U(0.5, 1.0)  N_hist=4860
------------------------------------------------------------------------------------------------------------------------
00000XXXXXXXX0X00X0XXXXXXXXXX0XX0XXXXXX00+XXXXX0X0X0XXXXXXX0XXXXXXXXX00X00X00XXXXXXXXXXXXX0


Generation 55/100  F=U(0.5, 1.0)  N_hist=4949
------------------------------------------------------------------------------------------------------------------------
00XXXXXXXX00XXXXXXXXXXXXXXXXXXXXX0XXXX0X000000XXX000X0XX0XX000XXXXXXXX00XXXXXXXXXXX000X0XX


Generation 56/100  F=U(0.5, 1.0)  N_hist=5038
------------------------------------------------------------------------------------------------------------------------
00XXXXX00X0XXXXXX0XXX0X00XXX00XXXXXXXXXXXXXX0X0X00XXXXX0XXX000X0XX0XXXXXXXX00XXXXXX0+XXXXXX


Generation 57/100  F=U(0.5, 1.0)  N_hist=5130
------------------------------------------------------------------------------------------------------------------------
000X0XXX000X0XXXXXXXXXXXXXXXX0XX00X0X00XXXXXX00XXX0XXXXXX0XXXXXX00XXXXXXXXXX0XX0XXXX0XXXXX


Generation 58/100  F=U(0.5, 1.0)  N_hist=5220
------------------------------------------------------------------------------------------------------------------------
0+00XXXXXXXXXXX000XXXXXXXXX0XXXXX00XXXX00XXXX0X0XXXXXXXXXXXXXX0XXXXXX000XXXX0000XXXXXXXXXXX


Generation 59/100  F=U(0.5, 1.0)  N_hist=5310
------------------------------------------------------------------------------------------------------------------------
00000X000XXXXXXXX0XXXXXXX00XX000X00X0000XXXXXXXXXXXXXXXX0X00000XX00X000X0XXXX00XXXXXXXXXXX


Generation 60/100  F=U(0.5, 1.0)  N_hist=5400
------------------------------------------------------------------------------------------------------------------------
0000000XXXXXXX0XXXX0+0XXX00XXXXXX0XX0000+XXXXXX00000XX0XXXXXXXXXXXXXX00000XXX0XXX0XXXXX0X0XX


Generation 61/100  F=U(0.5, 1.0)  N_hist=5490
------------------------------------------------------------------------------------------------------------------------
000000XXXX0X00X000XXXXXXXXXXXX0XXXXXXX00XXX0XX000XXXX000X0XXXX00XXXXX000XXXXXXXXXXXXXXXXXX


Generation 62/100  F=U(0.5, 1.0)  N_hist=5580
------------------------------------------------------------------------------------------------------------------------
0000XXXXX0XXXXXXXXX0X00XX0XX000XX0X0X000XX0X0XX00XX0XXXXX0000000000XXX0+XXXX00XXXXXXX0+0XXXX


Generation 63/100  F=U(0.5, 1.0)  N_hist=5670
------------------------------------------------------------------------------------------------------------------------
00XXXX0000X000XXXXXXXXX0XX0000X0XXXXXXXXXXXXXX0XX00XXXXX0XXXXXX000XXXXXXXXXXXXXX0X000XXX0X


Generation 64/100  F=U(0.5, 1.0)  N_hist=5756
------------------------------------------------------------------------------------------------------------------------
00000XX00X000000XXX00XXXX0000X0XX00X0X00X00XXXXXXXXXXXXXX0XXX0XXXXXXXXXX0XXX0000XXXXXXXXXX


Generation 65/100  F=U(0.5, 1.0)  N_hist=5850
------------------------------------------------------------------------------------------------------------------------
000XXXXX00X0XXXXXXXXXXX0XX000XXXXXXXX000XXXXXXXXXXX0XX0X000X0XXXXXXX0XXXX0XXX000XXXXXXXXXX


Generation 66/100  F=U(0.5, 1.0)  N_hist=5940
------------------------------------------------------------------------------------------------------------------------
0000XXX0000X0000XXXXX000X0XXXXX0X0XXXX0000000X0X00XXXXX00XX0XXXXX00XX0X0XX0XXX0XXX0XXXXXXX


Generation 67/100  F=U(0.5, 1.0)  N_hist=6030
------------------------------------------------------------------------------------------------------------------------
00000000XXXXXX0X00XXXXXX0XX000X0XXXXXXXXX0XXXXX0X00000X0000XXX000X00XXXXXXXXXXXXXXXX0XXXXX


Generation 68/100  F=U(0.5, 1.0)  N_hist=6119
------------------------------------------------------------------------------------------------------------------------
00X0XXXXX000XXXXXXX0X00000000XXXXX0XXXXXXXX0XXXXXXX0XXXX00XX000XXX0X0XXXXXXXXX00X000XXX0XX


Generation 69/100  F=U(0.5, 1.0)  N_hist=6209
------------------------------------------------------------------------------------------------------------------------
000X0XXXXX0XXXXXXX00XX000X0XXX00000XXXXXXXX0000XXXXXXXXXXXXXXXX0000X0X0XXX0XXXXXXXXXXXXXXX


Generation 70/100  F=U(0.5, 1.0)  N_hist=6300
------------------------------------------------------------------------------------------------------------------------
0000X000XX0XXXXXXX00XX0XXXXXXXXXXX0000X0XXXX0XX0XX0X00XXXXXXXX0XXX00XXX0XX00XXXXXX0XXXXXXX


Generation 71/100  F=U(0.5, 1.0)  N_hist=6390
------------------------------------------------------------------------------------------------------------------------
00X00XXX00X0XXXX0XXXXXXXXXXXX0X00X00000XXXXXXXXXX0XXX0X0X0XXXXXXXXXXXXX0XXXXXXXX0X0XXXXXXX


Generation 72/100  F=U(0.5, 1.0)  N_hist=6479
------------------------------------------------------------------------------------------------------------------------
00000X0XXX000XXXXXXXXXXX0XX000XXXXXXXXXXXXXX0X0XXXXX00X00+X00X0XXXXX0XXXXX00000X0X00+XXXXXXX


Generation 73/100  F=U(0.5, 1.0)  N_hist=6570
------------------------------------------------------------------------------------------------------------------------
0000000X00XXXX000XX0XXXXXXXXXXXXXXXXX0+XXXXXXXXXXXXXXXX00X0X0XXX00XXXXXXXXX0XXXX0XXXXXX0XXX


Generation 74/100  F=U(0.5, 1.0)  N_hist=6660
------------------------------------------------------------------------------------------------------------------------
00000000000XXXX000XXX000XXXX00XXXXXXXXXXXXXX00XXXX0X00+XX0XXXXXXXXX0X0XXXX0XXXXXXXXXXXXXXXX


Generation 75/100  F=U(0.5, 1.0)  N_hist=6750
------------------------------------------------------------------------------------------------------------------------
000000XXXX00XXXXX0XX0XXXX0X0XXXX000XXXXXXX00XXXXXXXX00XXXX00XXXXX0XXXXXXXXXXXXXX00XXXXXXXX


Generation 76/100  F=U(0.5, 1.0)  N_hist=6840
------------------------------------------------------------------------------------------------------------------------
00000XXXX000XXXX00XXXXXXXXXX0XXX00XXXX0XXXX0X0X000X00X00XXX00XXX0XXX0X00XXXXXXXX00XXXXXXXX


Generation 77/100  F=U(0.5, 1.0)  N_hist=6930
------------------------------------------------------------------------------------------------------------------------
00X00XX00XX00XX0XXXX00XXXXXXXXXXX0XX0XXXXXXXXXXXXX0X000XXXXXXXXXX0XXXXX0XXXX0XX0XXXXXXX0XX


Generation 78/100  F=U(0.5, 1.0)  N_hist=7019
------------------------------------------------------------------------------------------------------------------------
0000000XXX000XX00X00XXXXXXX0+XX000XXXXXXXXXXXX000XXXXXX0XXXX00XX0XXXX0X0XXXXXX0XXXXXXXXXXXX


Generation 79/100  F=U(0.5, 1.0)  N_hist=7110
------------------------------------------------------------------------------------------------------------------------
00000X0XXXXXX0XXXXXX000XXX0XX000XXXXXXXXXXX000X000X00XXXXXX0XX0000000XXXXX00XXXXXXXXXXXXXX


Generation 80/100  F=U(0.5, 1.0)  N_hist=7200
------------------------------------------------------------------------------------------------------------------------
0000X0XXXX000XXXXXXXXXX0XXXX00000XXX0X00X0000XXXXXXX0XXXXXXX00X0+0X00XXXXXXXXXXXXXXXX0XXXXX


Generation 81/100  F=U(0.5, 1.0)  N_hist=7290
------------------------------------------------------------------------------------------------------------------------
0000X0000XXX000XXXX0XX0XX0XXXXXXXX0000X000X000XXXXX0000XXX00XX0XX000XXX0XXX0XXXXXX0XXXXX0X


Generation 82/100  F=U(0.5, 1.0)  N_hist=7380
------------------------------------------------------------------------------------------------------------------------
0000X00XX00XXXXXXXXX0XXXXXXXXXX00XXXXXXXX00XXXXXX00X0X0XX0000XXXXXXXXXXXXXX0X0XXXX0XX00XXX


Generation 83/100  F=U(0.5, 1.0)  N_hist=7469
------------------------------------------------------------------------------------------------------------------------
0000X0XXXX00X0XXX000XX0XXXXXXXXX0000XXX0000X00XX0XX0X0XXXXXX00000XXXXXXXXXXXXX0XXX000X00XX


Generation 84/100  F=U(0.5, 1.0)  N_hist=7556
------------------------------------------------------------------------------------------------------------------------
0XXXXXXX0X00X00XX0XXXXXXXXXXXX0XXXXXX0+XXXXX00XXXX0X0XXXXXX0XX0XXX0000XXXXX0XX0XXXXX00XXXXX


Generation 85/100  F=U(0.5, 1.0)  N_hist=7649
------------------------------------------------------------------------------------------------------------------------
00000000XXXXXXXXXXXXXXXXXXXX00XXXXXXXXXXXXX0X00X00X0XXXX000000XXXXXXXX000XXXXXXXXXXXXXXXXX


Generation 86/100  F=U(0.5, 1.0)  N_hist=7740
------------------------------------------------------------------------------------------------------------------------
0000000000XXXXX0XXX0X0XXX00XXX0XX00XXXXXXX00XXX00XXXXXXXXXXXXXXXXXXXXXX00XXXXXX0XXXXX0XXXX


Generation 87/100  F=U(0.5, 1.0)  N_hist=7829
------------------------------------------------------------------------------------------------------------------------
0X00X00XXXXXXX0XX0000XX0XXXXXXXXXXXX0X0X00XXXXXXXXXX0XXXXX0XXXXXXX0XXXXXXX00XXX0XXXXXXXXXX


Generation 88/100  F=U(0.5, 1.0)  N_hist=7920
------------------------------------------------------------------------------------------------------------------------
0000000XXXXX0XXXX0XXXXXX0000XXXXX0+XXXXXXXXX0XXX0XXXXXXX00XXXX00XXXX000XXXXXXXXXX000X00XXXX


Generation 89/100  F=U(0.5, 1.0)  N_hist=8010
------------------------------------------------------------------------------------------------------------------------
000XX000000X000X0XX000+XXXXXXXXXXX00XX00X0XX0000XX0XXXX00XXX000XXXXXXXXX000XXXX0X0X000XXXXX


Generation 90/100  F=U(0.5, 1.0)  N_hist=8100
------------------------------------------------------------------------------------------------------------------------
0000XXXX0XXXXXXXXXXXXXXXXXXXXXX00XXXXXXXXXXXXXX0000000000XXXXXXXXXX00XXXX00XX000X0XX0X0XXX


Generation 91/100  F=U(0.5, 1.0)  N_hist=8190
------------------------------------------------------------------------------------------------------------------------
00XX00XXXXXXX0XX0X00XXXXXXXXX00000XXXXX000XXX00X0000XXXXX0XX0XX0XXXXX0XXXXX0000000XXXXXXXX


Generation 92/100  F=U(0.5, 1.0)  N_hist=8280
------------------------------------------------------------------------------------------------------------------------
0000000000XXXXXXXXXXXXXXXXXXX0000X0XX0X0XXXX0XXX0X000X0+0XXXXXX0XXX00XXX0000XXXXXXXXXXXXXXX


Generation 93/100  F=U(0.5, 1.0)  N_hist=8370
------------------------------------------------------------------------------------------------------------------------
000000000XX00XXXX00XXXXXX000XX000XXXX0X0XX0XXXX0000X0XXX0XXX00XXX000XX000XXXXXXXX0XXX0XX0X


Generation 94/100  F=U(0.5, 1.0)  N_hist=8458
------------------------------------------------------------------------------------------------------------------------
0000000XXXXXXXXXXX0XX00XXXX0XX0X00XXXX0X0XXXXXX000XXXXXXXXXXXX0XXXXX0+00X0XXXXX0XX0XXXXXXXX


Generation 95/100  F=U(0.5, 1.0)  N_hist=8550
------------------------------------------------------------------------------------------------------------------------
0XXX0X0XXXXX00XXX0X0XXXXXXXXXXX00X0X0XXX0XXXX00XXXXXXXX000X0XXXXXXXX0XXXX0+0XXXXXXXXXXXX0XX


Generation 96/100  F=U(0.5, 1.0)  N_hist=8640
------------------------------------------------------------------------------------------------------------------------
00000XXXXXX0XX0XXXXXXXXXXX0XX000XXX0XXX0XXXXXXXXXX0XX00X00XXXXXXX00XX00X00XXXXXXXXXXX0X00X


Generation 97/100  F=U(0.5, 1.0)  N_hist=8728
------------------------------------------------------------------------------------------------------------------------
000000X00000000XXXXX0XX0XXXX00XXXXXXXXXX0000X0XXX0XXXX00XXXXXX0000XXXXXXXXX0000X00XXXXXXXX


Generation 98/100  F=U(0.5, 1.0)  N_hist=8820
------------------------------------------------------------------------------------------------------------------------
X00XXXXX000000XXXXX0XXXX00X00XX00X00XXXX0XXX00X0XX0XXX0XX0XXXXX0XX0000XXXXX0XXXXXXXX0XXXXX


Generation 99/100  F=U(0.5, 1.0)  N_hist=8910
------------------------------------------------------------------------------------------------------------------------
000000XXXX0XXX00XXXXXX00XXXXX00000XXXX0XXXXXXXXXXX0X00XXX0X0XXX00X000XXX0XXXXXXXX0XXXXXXXX


Generation 100/100  F=U(0.5, 1.0)  N_hist=9000
------------------------------------------------------------------------------------------------------------------------
00000X00X000X0XXXXXXXXXXXXXX00XXXX0XX0XXXXXXXX000XXX0X0XXX00X0XXX0XXXX0XXX000XXXXX0XXXXXXX

Maximum number of iterations reached.

SSE=17.859 on eval 9091: L=435576 b=4.75995e-08* r=0.253814


Shutting down DE...
DE shutdown complete.

Final population:
Population: 90 individuals with SSE 17.859 to 17.859, avg eval time 0.016 sec. Top 7:

        SSE |     17.859       17.859       17.859       17.859       17.859       17.859       17.859  
------------------------------------------------------------------------------------------------------------------------
          L | 4.3558e+05   4.3558e+05   4.3558e+05   4.3558e+05   4.3558e+05   4.3558e+05   4.3558e+05  
          b | 4.7599e-08*  4.1353e-07*  3.4012e-07*  2.9025e-07*  4.2738e-07*  6.2751e-07*  8.6648e-07* 
          r |    0.25381      0.25381      0.25381      0.25381      0.25381      0.25381      0.25381  
------------------------------------------------------------------------------------------------------------------------
Best individual:
<SSE=17.8587 L=435576 b=4.75995e-08* r=0.253814>


Elapsed time: 119.75 seconds

Saved final population of best parameter combinations to covid19.dat
Shutting down...
Task Queue is shut down
Goodbye
