Decompressing and parsing covid19.csv.bz2...
Cumulative and new cases reported thus far for Korea, South
------------------------------------------------------------------------------------------------------------------------
000	01/22	1	0
001	01/23	1	0
002	01/24	2	1
003	01/25	2	0
004	01/26	3	1
005	01/27	4	1
006	01/28	4	0
007	01/29	4	0
008	01/30	4	0
009	01/31	11	7
010	02/01	12	1
011	02/02	15	3
012	02/03	15	0
013	02/04	16	1
014	02/05	19	3
015	02/06	23	4
016	02/07	24	1
017	02/08	24	0
018	02/09	25	1
019	02/10	27	2
020	02/11	28	1
021	02/12	28	0
022	02/13	28	0
023	02/14	28	0
024	02/15	28	0
025	02/16	29	1
026	02/17	30	1
027	02/18	31	1
028	02/19	31	0
029	02/20	104	73
030	02/21	204	100
031	02/22	433	229
032	02/23	602	169
033	02/24	833	231
034	02/25	977	144
035	02/26	1261	284
036	02/27	1766	505
037	02/28	2337	571
038	02/29	3150	813
039	03/01	3736	586
040	03/02	4335	599
041	03/03	5186	851
042	03/04	5621	435
043	03/05	6088	467
044	03/06	6593	505
045	03/07	7041	448
046	03/08	7314	273
047	03/09	7478	164
048	03/10	7513	35
049	03/11	7755	242
050	03/12	7869	114
051	03/13	7979	110
052	03/14	8086	107
053	03/15	8162	76
054	03/16	8236	74
055	03/17	8320	84
056	03/18	8413	93
057	03/19	8565	152
058	03/20	8652	87
059	03/21	8799	147
060	03/22	8961	162
061	03/23	8961	0
062	03/24	9037	76
063	03/25	9137	100
064	03/26	9241	104
065	03/27	9332	91
066	03/28	9478	146
067	03/29	9583	105
068	03/30	9661	78
069	03/31	9786	125
070	04/01	9887	101
071	04/02	9976	89
072	04/03	10062	86
073	04/04	10156	94

Initializing 180 population members having 6 parameters
------------------------------------------------------------------------------------------------------------------------

SSE=11.98 on eval 1: L=4.26647e+07 b=1.3596* r=0.253014 rf=0.977265 t0=37.7849 th=3.78839

*1

SSE=10.487 on eval 3: L=3.47523e+07 b=33.3068 r=0.101214* rf=0.968877 t0=37.5203 th=6.78931

!

SSE=7.4951 on eval 4: L=3.04242e+07 b=51.1173 r=0.261206 rf=0.952053* t0=37.3246 th=5.88035

!

SSE=5.4833 on eval 5: L=4.5318e+07 b=41.7497 r=0.384653 rf=0.963137 t0=39.2332 th=4.0432

!0

SSE=3.721 on eval 7: L=1.82877e+07 b=27.4565 r=0.375058 rf=0.983951 t0=40.4423 th=3.75772

!21222

SSE=2.9841 on eval 13: L=3.99259e+07 b=16.121 r=0.442332 rf=0.976992 t0=39.8244 th=5.14611

!1024

SSE=2.8115 on eval 18: L=7.78162e+06 b=0.107694* r=0.219431 rf=0.955765 t0=41.1133 th=4.412

!237431222143111142621

SSE=2.738 on eval 40: L=2.17619e+06* b=7.61994 r=0.30588 rf=0.964565 t0=40.1535 th=5.26341

!19342121222216122232212243155364223313202133322223522242223221273443224222223123
136133124421211422231333423522233113312541113211221346313424

Population: 180 individuals with SSE 2.738 to 23.774, avg eval time 1.42 sec. Top 7:

        SSE |      2.738       2.7593       2.8115       2.8914       2.8979       2.9819       2.9841  
------------------------------------------------------------------------------------------------------------------------
          L | 2.1762e+06*  2.7423e+07   7.7816e+06   2.9206e+07   3.2725e+06   1.3907e+07   3.9926e+07  
          b |     7.6199       71.507      0.10769*      56.813       44.477       22.443       16.121  
          r |    0.30588      0.34176      0.21943      0.39033      0.17001      0.29939      0.44233  
         rf |    0.96456      0.98875      0.95577      0.99337      0.97021      0.96539      0.97699  
         t0 |     40.154       39.989       41.113       39.773       42.593       40.918       39.824  
         th |     5.2634       5.0581        4.412       5.4018       4.7768       4.7024       5.1461  
------------------------------------------------------------------------------------------------------------------------
Best individual:
<SSE=2.7380 L=2.17619e+06* b=7.61994 r=0.30588 rf=0.964565 t0=40.1535 th=5.26341>


Population: 180 individuals with SSE 2.738 to 23.774, avg eval time 1.42 sec. Top 7:

        SSE |      2.738       2.7593       2.8115       2.8914       2.8979       2.9819       2.9841  
------------------------------------------------------------------------------------------------------------------------
          L | 2.1762e+06*  2.7423e+07   7.7816e+06   2.9206e+07   3.2725e+06   1.3907e+07   3.9926e+07  
          b |     7.6199       71.507      0.10769*      56.813       44.477       22.443       16.121  
          r |    0.30588      0.34176      0.21943      0.39033      0.17001      0.29939      0.44233  
         rf |    0.96456      0.98875      0.95577      0.99337      0.97021      0.96539      0.97699  
         t0 |     40.154       39.989       41.113       39.773       42.593       40.918       39.824  
         th |     5.2634       5.0581        4.412       5.4018       4.7768       4.7024       5.1461  
------------------------------------------------------------------------------------------------------------------------
Best individual:
<SSE=2.7380 L=2.17619e+06* b=7.61994 r=0.30588 rf=0.964565 t0=40.1535 th=5.26341>

Performing DE with CR=0.8, F=U(0.5, 1.0), DE/rand-1.00/1/bin
------------------------------------------------------------------------------------------------------------------------
Press the 'Enter' key to abort.



Generation 1/50  F=U(0.5, 1.0)  N_hist=180
------------------------------------------------------------------------------------------------------------------------
1241XX21022232XX12322X21XX11X412XXXX6XXX11222X32+XX1X123XX11X12XX3X2X1X2XX30XXXXX11X12X322XXXXXXX11X1XX2X1X23X313X4XX11X
X115211X2X21XXX23211XXXXX31XX21X2X31X1XXXX2XX1XXX1

SSE=2.6787 on eval 349: L=2.55905e+07 b=28.2632 r=0.218307 rf=0.968529 t0=41.9651 th=4.20542

+XX32XX22143


Generation 2/50  F=U(0.5, 1.0)  N_hist=360
------------------------------------------------------------------------------------------------------------------------
2XXXXXXXXXX1X1XXXXXX2X1XXXXXXX2X2XXXX1XX2X1XXXXXX2XXX1XXX1XXXXXXXX32X1X1X1X12XXXXX21XXXXXXXX1X1X121XXX21X11X321XX1011XXX
XX21XX1+111XX11011X211X1XXXX1XXXX123213X1XX1XXXXX111XXXXX21XX


Generation 3/50  F=U(0.5, 1.0)  N_hist=540
------------------------------------------------------------------------------------------------------------------------
XXXXXX1X0XXXXXXXX11XX12X01211XX2XXX11XX111111XXX111X012XXXX1XXX2XXXXX11X11XXXXXXXXX1X1XXX11121X121XXXXXXXXXXX1XXXXX2XX1X
1XX2XXXX11XX1XXXXXXX11X211X1XX1XX211XXX0X22XX11XXXXXXXXXXXXX


Generation 4/50  F=U(0.5, 1.0)  N_hist=720
------------------------------------------------------------------------------------------------------------------------
0XXX2XXXXX201XXXX1XXXX1XXXXXXXXXXXX11XXX2XXXXX1XXXXXXXX1XXX122XXX1XX1XXX1X0XX1111XXXXXXXXXX1111XXXXX1X1X10XXXXXXX11XX1XX
XX1121012XXXXXXXXXXXXXXX1X1XXX1X1XXXXX00XX11XXXXXX0XXXXXXXXX


Generation 5/50  F=U(0.5, 1.0)  N_hist=900
------------------------------------------------------------------------------------------------------------------------
X2X1XXX1XXXXXXXX111XXX10XXXXX1XXXX11XXX1X0XXXXXX1XXXX2XX1XXXX1XXX1XX1XXXXXX11XXXXX10XXXXXX11XX11XXXXXXX1XXXX1X11X1XX1XX1
XXXXXX11X1XX1X1XXXXXXXXX1XXX11XXXXXX1XXXXXXX1XXXX1XXX111XXX2


Generation 6/50  F=U(0.5, 1.0)  N_hist=1080
------------------------------------------------------------------------------------------------------------------------
1XXXX1XXX1XXXX1X0XX1XXXXX2XXXX1XX1XXXXX1XXXX0XXX1XX1X0XXXXXXX111XX21X1XXXX0X1XXXXXXXXXXX1XXXXX1XXXXX0XXXX1XX1XX1X1XX11XX
XX0XX10X1XX1XXXX1XXXXXXXXXX1XX101XX1XXXXXX1XXXX1XXXXXXXXX111


Generation 7/50  F=U(0.5, 1.0)  N_hist=1260
------------------------------------------------------------------------------------------------------------------------
11XXXX11XXX11XXXXXXXX1XXXXX11XXXXXXXXX0XX11XXXXXX1XXXXXXX1X1101X0XXXXXXX11XXXX1XXXXX1XXXXXXX1X1XXX1XXXXXX1XXX101XX1XXXXX
XXX1X10X0XX11XX1X11X0X11XXX1XX0X1XXX1X11X111XXXXXXX1X11XXXXX


Generation 8/50  F=U(0.5, 1.0)  N_hist=1440
------------------------------------------------------------------------------------------------------------------------
X1XXXX1X1XXXXX1XXXXXXXXXXXXXXXX10111XXXXXXXXXXX0XXXX1XXX1XX0101X11111XXXXXXXX1XXXXXXXXX1XXXXXXXX1XXXXXX011111X111XX1XXX1
XXXXXXXXXXXXXXXX1XXXXXXXX1XXXXXXXXXXXXXXXX1XXX1XXXXXXXXXXXXX


Generation 9/50  F=U(0.5, 1.0)  N_hist=1620
------------------------------------------------------------------------------------------------------------------------
01X0X1X10XXXXXXXXXXXXXXXXXXXXXXX1XXXX11XXX1XXXX1XXXXXXXXXXXX11XXXXXXXXXXXXXXX11+101XXXXXXXXXXXX1XXXXX1XXXXXXX1XXXXXXXXXX
XXXXXX1XXXX1XXXXXXXX1X1XXXXXXXX10111XXXXXXXX0X1XXXXXXXXXXXXXX


Generation 10/50  F=U(0.5, 1.0)  N_hist=1800
------------------------------------------------------------------------------------------------------------------------
1101X111XXX0XXXXXXX1XXXXXXXXXXXXXXXXXXXXXXXXXX1XXXXX11X110XXX01XXXXXXXXXXXXXXXXXXXXXX1X11XXXXXXXXX11XXXXXX10XXXXXXXXXXXX
XXXXX1XXXXX1XX01111XXXXXX1XXXXX11+XXXXXXXXXXX1XX1XXXXXXXXXXXX


Generation 11/50  F=U(0.5, 1.0)  N_hist=1980
------------------------------------------------------------------------------------------------------------------------
1X011XX1XXXXXXXXXXXXXXXXXXXXXXX1XXXXXXXXXXXXX1XXXXXXXXX11XXXXXXXXXXXXXXXX1XX1X1XXXX10XXX0XXXXXXXXXXX111XXXXX1XXXX1XXXXXX
XXXXXX11XXXX0XXXXXXXXXXXXXXX1XXXXXXXXXXXXXXXXXXXXXXXXXX1XXXX


Generation 12/50  F=U(0.5, 1.0)  N_hist=2159
------------------------------------------------------------------------------------------------------------------------
1101XXXX1110X1XXXXXXXXXXXXX0XXX1X0XXXXXXXXXXXXX1XXXXXXXXXXXXX0XX11X1XXXXXX1X0XXXXXXX10XXXXXXXXXXXXX0XXXX1XXXXX0X110XXXXX
XXXXXXXXX1XXXXXX011X1XXXXXXXXXX1XXXXXXXXXXXXXXXXXXXXXXX1XXXX


Generation 13/50  F=U(0.5, 1.0)  N_hist=2339
------------------------------------------------------------------------------------------------------------------------
11X0XXXXX1XXXXXXXX1XXXXXXXXXXX1XXXXXXXX1X1XXXXXXXXXXXXXXXXXX1XXXXXXXXXXXXXXXXXX1XXX01XXXXXXXXX1XX0XXXX1XXX1XXXXXXXXXXXXX
XXXX01XXXXXX1XXXXXXXXXXXXXX11X11XXXX1XXXXXXXXXXXXXXXXXXXXXXX


Generation 14/50  F=U(0.5, 1.0)  N_hist=2520
------------------------------------------------------------------------------------------------------------------------
11111X0XXXXXX1XXX10XXXXXXXXXXXXXXXXXXXXXXXX1X1XXXXXXXXXXXXXX111XXXXXXXXXXXXX1XXXXXXXXXXXXXXXXXXXXX1XXXXXXX1XXX10XX11XX0X
XXXXXXXXXXXX1XXXXXXXXX11XXX0XXXXXXXXXXXXXXXXXXXXXXXXXXXXXXX1


Generation 15/50  F=U(0.5, 1.0)  N_hist=2699
------------------------------------------------------------------------------------------------------------------------
1011XXXXX10XXXX1XXXXXXXXXXXXXXXXXXXXX1XXX0XXXXXXXXXXXXXXXXX01XXXXXXXX1XXXXXXXXXXXXXXXXXXXXXXXXXXXXXXX0XXXXXXX1XXXXX0110X
XX011XXXXXXXXXXXXXXXXXXXXXXXXXXXXXXXXXXXXXXXXXXXXXXX10XXXXXX


Generation 16/50  F=U(0.5, 1.0)  N_hist=2880
------------------------------------------------------------------------------------------------------------------------
11XX1XXXXXXXXXX00XXXXXXXXXXXXX0XXXXX01XXXXXXXXXXXXXXXXXXXXXXXXXXXXXXXXXX0XXXXXXXXXXX1XX0XXX1X1XXXXXXX01XX1XXXXXXXXXXXXXX
XXXXXXXXX1XX1XX1XX1XXXXXXXXXXX111XX1XXXXXXXX1XXXXXXXXXXXXXXX


Generation 17/50  F=U(0.5, 1.0)  N_hist=3060
------------------------------------------------------------------------------------------------------------------------
01XXXXXXXXXXXXXXXXXXXXXXXXXXX0XXXXXXXXXXXXXX0XXXXXXXXXXX10111XXXXXXXXXXXXXX10XXXXXXXXX1XXXXXXXXXXXXXXXXXXXXXXXXX10XX10XX
XXXXXXXXXXXXXX1XXXX0XXXXXXXX1XXXXXXXXXXXXXXXX0XXXXXXXXXXXXXX


Generation 18/50  F=U(0.5, 1.0)  N_hist=3240
------------------------------------------------------------------------------------------------------------------------
110X0XXXXXXXX00XXXXXXXXXXXXXXXXXXXXXXXXXXXXXXXXXXXX10XXXXXXXX0XXXX1XXXXXXXXXXXXXXXXXXXXXXX1XXXXXXXXXXXXXXXXXXXXXXXXX1X00
X1XXXX0XXXX00XXXXXXXXX0X100XXXXX0XXXXXXXXXXXXXXXXXXXXXXXXXXX


Generation 19/50  F=U(0.5, 1.0)  N_hist=3420
------------------------------------------------------------------------------------------------------------------------
10010XXXX0XXXXXXXXXXXXXXXXX0XXXX1XXXXXXXXXXXXXXXXXXXXXXXXXXXXXXXXXXXXXXXXXXXXXX0001XX0XXXXXXXXX0XXXX0110XXXX1X0XXXXXXXXX
XX1XXXXXXXXX0XX0XXXXX11XXXXXXXXXXXXXXX1XXXXXXXXXXXXXXXXXXXXX


Generation 20/50  F=U(0.5, 1.0)  N_hist=3600
------------------------------------------------------------------------------------------------------------------------
1X1X01XXXXXXXXXXX11XXXXXX0XXXXXXXXXXXXXXXXXXXXXXXX0XXXXXXXXXXXXXXXXXXXXXX0XX1XXXXXXXXXXXXXXXXXXXXXXXXX1XX0XXX01XXXXXXXXX
0XXX1XXXXXXXXXX011XXXXXXXXXXXXXXXXXXXXXXXXXXXXXXXX0XXXXXXXXX


Generation 21/50  F=U(0.5, 1.0)  N_hist=3780
------------------------------------------------------------------------------------------------------------------------
11X0XXX0XXXXX1XXXXXXXXXXXXXXXXXXXXX10XXXXXXXXXXXXXXXXXXXX1XXXXXX0XXXXXXXXXXXXXXX0XX1XXX1X1XXXXXXXXXXXXX1

SSE=2.6171 on eval 3903: L=2.87536e+07 b=4.32846 r=0.316536 rf=0.971107 t0=39.956 th=5.46873

+XXXXXXXXXX11XXX
XXX1XXXXXX0XXXXXXXXXXXXXXXXXXXXXXXXXXXXXX0XXXXXXXXXXXXXXXXXXX


Generation 22/50  F=U(0.5, 1.0)  N_hist=3960
------------------------------------------------------------------------------------------------------------------------
1XXXXXXX0XXXXXXXXXXXXXXXXXXX1XXXX0XXXXXXX1X1XXXXXXX10XXX1XXXXXXXXXXXXX11X0X0XXXXXXXXXXXX0XXX1X000XXXXXXXXXXXXXXXXXXXXXXX
XXXXXXXXXXXX1XXXXXXXX00XXXXXXXXXXXXXXXXXXXX0XXXXXXXXXXXXXXXX


Generation 23/50  F=U(0.5, 1.0)  N_hist=4140
------------------------------------------------------------------------------------------------------------------------
000101X1101XXXXXXXXXXXXXXX0XXXXXXXXXXXXX0X1X00XXXXXXXXX1XXXXXXXX001+XXXXXXXXXXXXXX01XXXXXX1XXXXXXXXXXXXXXXXX1XXXXXXXXXXX
XXXXXXX1XXXXXXXX0XXXXXXXXXXXXXXXXXX10XXXXXXXXX1XXXXXXXXXXXXXX


Generation 24/50  F=U(0.5, 1.0)  N_hist=4320
------------------------------------------------------------------------------------------------------------------------
0111XXXXX10XXXXXXXX0XXX0XXXXXXXXXXXXXX0XXXXXXXXXXXXXX1XXXXXXXX0XX1X11X1XXXXXXXXXXXXXXXXXX001XXXXXXX1XXXXXXXXXXXX00XXXXXX
XXXXXXXX0XXXXXXXXXXXXXXXXXXXXXXXXXXXXXXXXXXXXXXXXXXXXXXXXXXX


Generation 25/50  F=U(0.5, 1.0)  N_hist=4500
------------------------------------------------------------------------------------------------------------------------
1011XXXXXX0X0XXXX1XXXXXXX1XXXXXXXXXXXXXXXXXXXXXXXXX0XX0XX1XXXXXXXXXXXXXXX0XXX01XXXXXXXXXXXXX0XXXXXX0XXXXXXXXXXXXXXXXXXXX
XXXXXXXXXXXX10XXXXXXXXX1X0XXXXXXXXXXXXXXXXXXXX1XXXXXXXXXXXXX


Generation 26/50  F=U(0.5, 1.0)  N_hist=4680
------------------------------------------------------------------------------------------------------------------------
011XX0X0XXXXXXXXXXXXXXXXXXXXX1XXXXX1XXXXXXXXX1XXXXXXXXXX0XXXXXXX00XXXXXXXX0XXXX0XXXXXXXXX1XXXX0XXXXXXXXXX11XXXXXXXXXX0XX
XXXXXXXXXXXXX1XXXXXXXXXXX0XXXXXXXX0XXXXXXXXXXXXXXXX00XXXXXXX


Generation 27/50  F=U(0.5, 1.0)  N_hist=4858
------------------------------------------------------------------------------------------------------------------------
0+0XXXXXXX1XXXXXXXX0XXXX0XXXXXXXXXXXXXXXXXXXXXXXXX0XXXXXX0X010XXXXXX0XXXXXXXXXXXXXXXXXXXXXXXX0XX0XXXXX00XXX0XX1X0XXXXXXX
XXXX01XXXXXXXXX0XXXXXXXXXX0XXXXXX0XXXXXXXXX0XXXXXXXXXXXXXXXXX


Generation 28/50  F=U(0.5, 1.0)  N_hist=5040
------------------------------------------------------------------------------------------------------------------------
0XXXXXXXXXXXXXXXXXXXXXXXXXXXXXXXXXXXX10X00X1XXXXXXX1X001X1XXXXXXX1XXXXXXX1XXXXXXXXXXXXXXXXXXXXXXXXXXXXXX10XXXXXXX0XXXXXX
XXXXXXXXXXXX0XXXXXXXXXXXXXXXXXXX0XXXXXXXXXXXXXXXXXXXXXXXXXXX


Generation 29/50  F=U(0.5, 1.0)  N_hist=5220
------------------------------------------------------------------------------------------------------------------------
100XXXXXXXX0XXXXXXXX0XXXXXXXXXXXXXXXXXXXXXXXXXXXXXXXXXXXXXXXXXXXXXXXXXXXXX0X1XXXXXXXXXXXXXXXXXXXXXXXXXX1001XXXXXXXXXX0XX
XXXXXXXXXXXXXXXXXXXXXXXXXXXXXX0XXXXXXX1XXXXXXXXXXXXXXXXXXXXX


Generation 30/50  F=U(0.5, 1.0)  N_hist=5400
------------------------------------------------------------------------------------------------------------------------
0X00XXXXXXXXXXXXXXXX0XXXXXXXXXXXXXXXXXXXXXXXXXXXX0XX0XXX0XXXXXXXXXXXX1XX1XXXXXX0XX1XX1XXXXXXXXXXXXXXXX0XXX0XXXX0XXXX1XXX
XXX0+XXXXXXXXX1XXXXXXXXXXXXX1XXXXXXXXXXXXXXXXXXXXXXXXXXXXXXXX


Generation 31/50  F=U(0.5, 1.0)  N_hist=5580
------------------------------------------------------------------------------------------------------------------------
1XXX0XXXX0XXXXXXXXX0XX0XXXXXXXX0XXX0XX00XXXXXXXXXXXXXXXXXXXXXXXXXXX0XXXXXXXXXX0XXXXXXXXXXXXXXXXXXXXXXXXX0XXXXXXXXXXXXXXX
XXXXXXX0XXXXXXX00XX0XXXXXXXXXX0XXXXXXXXXXXXXXXXXXXXXXXXXXXXX


Generation 32/50  F=U(0.445, 1.0)  N_hist=5760
------------------------------------------------------------------------------------------------------------------------
000+XX1XXXXXXXXXXXXXXXXXXXXXXXXXXXXXXXXXXXX00XX1XXXXXXXXXXXXXX1XXXXXXXXXXXXXX00XXXXXX0XXXXXXXXX00100XXXXXXXXXXXXXXXXXXXX
XXXXXXXXXXXX0XXXX0X10X0X0XX1X0XXXXXXXXXXXXXXXXXXXXXXXXXXXXXXX


Generation 33/50  F=U(0.493056632402, 1.0)  N_hist=5940
------------------------------------------------------------------------------------------------------------------------
0XXXXXXXXXXXXXXXXXXXXXXXXXXXXXXXXXXXXXXXXXXXXXXXX100X0XX0XXXXXXXXXX0X0XXXXX01XXXXXXXXXXXXXXXXX00XXX010XXXXX0XXXXXXXXXXX0
00XXXX0X0XX0XXXXXXXXXXXXXXXXXXXXXXXXXXXXXXXXXXXXXXXXXXXXXXX0


Generation 34/50  F=U(0.5, 1.0)  N_hist=6119
------------------------------------------------------------------------------------------------------------------------
1XX0XXXXXXX0XXXXXXXXXXXXXXXXXXXXXXX0000XXXX0XXXXXXXX0XXXXXXXXX0000XXXXXXXX0X0XXXXX00XXXXXXXXXXXXXXXXXX1XXXXXXXXXXXXXX0XX
XXXXXXXX0XXXXXXXXXXXXXXX0+1XXXXXXXX0XXXXXXXX0XXXXXXX0XXXXXXXX


Generation 35/50  F=U(0.5, 1.0)  N_hist=6300
------------------------------------------------------------------------------------------------------------------------
XXXXXXXXXX0XXXXXXXXXXXXXXXXXX00XXXXXXXX0XX0XXXXXXXXXX10XXXXXXXXXXXXXXXXXXXXXXXXXXXXXXXXXXXXX0XXXXXXXXXXXXXXXXXXXXXXXXXXX
XX0XXXXXXXX10XXXXXXXXXXXXX0XXXXXXXXXXXXXXXXXXXXXXXXXXXXXXXXX


Generation 36/50  F=U(0.445, 1.0)  N_hist=6480
------------------------------------------------------------------------------------------------------------------------
000XX00XXXXXXXXXXXXXXXX0XXX0XXXXXXXXXXXXX01XXXXXXXXXXXXXXXXX0XXXXX0XXXXXXXXX00X0XXXXX0+0XXXXXXXXX0XXXXXXXX0XXXXXXXXXXXXX
XXXXXXXXXXX0XXXXXXXXXXXXXXXXX1XXX0XXXXXXXX0XXXXXXXXXX01XXXXXX


Generation 37/50  F=U(0.493056632402, 1.0)  N_hist=6660
------------------------------------------------------------------------------------------------------------------------
00XXXX0XXXXXXXXXXXXXXXXXXXXXXXX0XXX0X00XXXXXXXXXXXX0XXXXXXXXXXXXXXXXXXXXXXXXXXXXX0XXXXXXXXXXXXXXXXXXXXX0XXXXXXXXXXXXXX10
XXXXXXXX0XXXXXXXXXXXXXX00XXXXXX0XXXXXXX0XXXXXXXXXXXXXXXXXXXX


Generation 38/50  F=U(0.5, 1.0)  N_hist=6840
------------------------------------------------------------------------------------------------------------------------
00XXXXXXXXXXXX0XXXXXXXXXXXXXXX0XXXXXXXXX000XX0XXXXXXXXXXXXX0XXXXXXXXXXXXXXXXXXXXXXXXX0XXXXX0XX0XXXXXXXXXXXXXXXXXXXXXXXXX
XXX0XXXXXXXXXXXXXXXXX0XX0XXXXXXXXXXXXXXXXXXXXXXXXXXXXXXXXXXX


Generation 39/50  F=U(0.5, 1.0)  N_hist=7020
------------------------------------------------------------------------------------------------------------------------
0010XX0XXXXXXXXXXX0XXXXXXXXXXXXXXXX00XX0XXXXXXXXXX0X0X0XXXXXXXXXXXX0X0XXXXXXX0XXXXXX0XXXXXXXXXXXXX10XXXXXXXXXXXXXXXXXXXX
XXXXXXXXXXXXXXXXXX0XXXXX0XX0XX00XXXXXXXXXXXXXXXXXXXXXXXXXXXX


Generation 40/50  F=U(0.5, 1.0)  N_hist=7200
------------------------------------------------------------------------------------------------------------------------
0XXXXXXXXXXXXXXXXXXXXXXXXXXXXXXXXXXXXXXXXXXXXXXXXXXXXXXXXX00XXXXXXXXXXXXXXXXXXXXXXXXXXXXXXXXX0XXXXXXXXXXXXXXXXXXXXXXXXXX
XXXXXXXXXXXXX00XXXXXXXXXX0XXX0XXXXXXXXXXXXXXXXXXX0XXXXXXXXXX


Generation 41/50  F=U(0.5, 1.0)  N_hist=7380
------------------------------------------------------------------------------------------------------------------------
000XXXXXX0XXXXXXXXXXXXXXXXX0XXXXX0XXXXXXXXXXXXX0XXXXXXXXXXXXXX0XXXXXXXXXXXXXXXXXXXXXXXXX0XXXXX0XXXXXXXXXX0XXXXXXX00XXXXX
XXXXXXXXXXXXXXXX0X00X00XXXXXXXXXXXXXXXXXXXXXXXXXXXXXXXXXXXXX


Generation 42/50  F=U(0.5, 1.0)  N_hist=7560
------------------------------------------------------------------------------------------------------------------------
00000X0XXX0XX0XXXXXXXXX0XXXXXXXXXX0XXXXXXXX0XXXXXXXXXX0XXXXXXXX0XXXXX00X0XXXXXX0XXXXXXXXXXXXXXXX0X0XXXXXXXXXXXXXXXXXXXXX
XXXXXXXXX0XXXXXXXXXX0XXXXXXXXXXXXXXXXXXXXXXX000XXXXXXXXX0XXX


Generation 43/50  F=U(0.5, 1.0)  N_hist=7740
------------------------------------------------------------------------------------------------------------------------
00X0XXXXXXXXXXXXXXXXXXXXXXXXXXXXXXXXXXXXXXXXXXXX0XXX0XXXXX0XXXXXXX0XXXXXX000XXXX00XXXXXXXXX0XXXXXXXX00X0XXXXXX0XXXXXXXXX
XXXXXXXXXXXXXXXXXXXXXXXXXXX0+XXXXXXXXXXXXXXXXXXXXXXXXXXXXXXXX


Generation 44/50  F=U(0.5, 1.0)  N_hist=7920
------------------------------------------------------------------------------------------------------------------------
0000X0XXX0XXXX0XXXXXXXXX0XXXX0XXXXXXXXXXXXXXXXXXXXXXXXXXXXXXXXX0XXXXXXXXXXX0XXXXXXX0XXX0XXXXXXXXXXXXXXXXXXXXXX000XXXXXXX
0XXXXXXXX0XXXXXXXXXXXX0XXXXXXXXXXX0XXXXXXXXXXXXXXXXXXXXXX0XX


Generation 45/50  F=U(0.5, 1.0)  N_hist=8100
------------------------------------------------------------------------------------------------------------------------
0+0X0XXXXXXXX0XXXXX1XXXXXXXXXXXXXXXXXXXX0XXXXXXXXXXXXXXXXXXXXXXXXXXXX0XXXXXXXXXX0X0XXXX0XX0XXXX0XXXXXXXXXXXXXXXXXXXXXXXX
XXXX0X00XXXXXXXXXXXXXX0XXXXXXXXXXX00XXXXXXXXXXXXXXXXXXXXXXXXX


Generation 46/50  F=U(0.5, 1.0)  N_hist=8280
------------------------------------------------------------------------------------------------------------------------
1X0XXXXXXXXXXX000XXXXXXX0XXXXXXXXXXXXXXXXXXXXXXXXXXXXXXXXXXXXXXXXXXX0XXXXXXXXXXXXXXXX00XXXXXXX0XXXXXXX0XX0XXX0XXX0XXXXXX
XXXXXXXXXX0X00X0XXXXXXXXXXXXXX0XXXXXXXXXXXXXXXXX0XXXXXXXXXXX


Generation 47/50  F=U(0.5, 1.0)  N_hist=8460
------------------------------------------------------------------------------------------------------------------------
000XXXXXXXXXXXXXXXX0XXX0XXXXXXXXXXXXXXXXXXXXXXXXXX0XX00XXXXXXXXXXXXXXXXXXXXXXXXXXXXXXXXXXXXXXXXXXXXXXX0XXXX0XXXXXXXXXXXX
XXXXX0XXXXXXXXXXXXXXXXXXXXXXXXXXXXX00X0XXXXXXXXXXXXXXXXXXXXX


Generation 48/50  F=U(0.445, 1.0)  N_hist=8640
------------------------------------------------------------------------------------------------------------------------
XXX0XXXXXXXXXXXXXXXXXXXX0X0XXXXXXXXXXXXXXXXXXXXXXX0XXX0XXXXXXXXXX00XXXX00XXXXXXXXXXXXXXXXXXXXXXXXXXXXXXXXXXXXXXXXXXXXXXX
XXXXXXXXXXXXX0XXX00X0X0XXXXXXXXXXXXXXXXXXXXXXXXXXXXXXXXXXXXX


Generation 49/50  F=U(0.493056632402, 1.0)  N_hist=8820
------------------------------------------------------------------------------------------------------------------------
000XXXXXXXXXXXXXXXXXXXXXXXXXXXXXXXXXXXXXXXXXXXXXXXXX0XXXXXX00X0XXXXXXXXXXXXXX0XXXXXXXXXXXXXXXX0XXXXXXXXXXXX0XXX0XXXXXXXX
XXXXXXXXXXXXXXXXXXXXXX0X0XXXXXXXXXXXXXXXXXXXXX0XXXXXXXXXXXXX


Generation 50/50  F=U(0.5, 1.0)  N_hist=9000
------------------------------------------------------------------------------------------------------------------------
00000XXXXXXXXXXXXXXXX0XXXXXXX00XXXXXXXXXXXXXXXXXXXXXXXXXXXXXXXXXX0XX0XXXXXXXXX0XXXXX0XXXXXXXXXXXXXXXXXXXXXX0XXXXXXXXXXXX
XXXXXXXXXXX0XX0XXXXXXXXXXXXXXXXXXXXXXX00XXXXXXXXXXXXXXXXXXXX

Maximum number of iterations reached.

SSE=2.6029 on eval 9180: L=1.94997e+07 b=2.4571* r=0.302348 rf=0.96828 t0=40.2976 th=5.25125


Shutting down DE...
DE shutdown complete.

Final population:
Population: 180 individuals with SSE 2.6029 to 2.6598, avg eval time 0.0208 sec. Top 7:

        SSE |     2.6029       2.6038       2.6059       2.6061       2.6063        2.607        2.607  
------------------------------------------------------------------------------------------------------------------------
          L |   1.95e+07   3.5511e+07   4.4519e+06   2.6629e+07   2.1795e+07   1.5701e+07    4.678e+05* 
          b |     2.4571*      9.2331        7.526       1.8032*       1.167*      18.947        15.62  
          r |    0.30235      0.28764      0.26758      0.28463      0.29769      0.26931      0.27832  
         rf |    0.96828      0.96873       0.9667       0.9666      0.96723      0.97122      0.96887  
         t0 |     40.298       40.616        40.76       40.661       40.377       40.704        40.74  
         th |     5.2512       5.0558       5.0986       5.0417       5.1252       5.0291       4.9694  
------------------------------------------------------------------------------------------------------------------------
Best individual:
<SSE=2.6029 L=1.94997e+07 b=2.4571* r=0.302348 rf=0.96828 t0=40.2976 th=5.25125>


Elapsed time: 138.80 seconds

Saved final population of best parameter combinations to covid19.dat
Shutting down...
Task Queue is shut down
Goodbye
