Decompressing and parsing covid19.csv.bz2...
Cumulative and new cases reported thus far for US
------------------------------------------------------------------------------------------------------------------------
000	01/22	1	0
001	01/23	1	0
002	01/24	2	1
003	01/25	2	0
004	01/26	5	3
005	01/27	5	0
006	01/28	5	0
007	01/29	5	0
008	01/30	5	0
009	01/31	7	2
010	02/01	8	1
011	02/02	8	0
012	02/03	11	3
013	02/04	11	0
014	02/05	11	0
015	02/06	11	0
016	02/07	11	0
017	02/08	11	0
018	02/09	11	0
019	02/10	11	0
020	02/11	12	1
021	02/12	12	0
022	02/13	13	1
023	02/14	13	0
024	02/15	13	0
025	02/16	13	0
026	02/17	13	0
027	02/18	13	0
028	02/19	13	0
029	02/20	13	0
030	02/21	15	2
031	02/22	15	0
032	02/23	15	0
033	02/24	51	36
034	02/25	51	0
035	02/26	57	6
036	02/27	58	1
037	02/28	60	2
038	02/29	68	8
039	03/01	74	6
040	03/02	98	24
041	03/03	118	20
042	03/04	149	31
043	03/05	217	68
044	03/06	262	45
045	03/07	402	140
046	03/08	518	116
047	03/09	583	65
048	03/10	959	376
049	03/11	1281	322
050	03/12	1663	382
051	03/13	2179	516
052	03/14	2727	548
053	03/15	3499	772
054	03/16	4632	1133
055	03/17	6421	1789
056	03/18	7783	1362
057	03/19	13747	5964
058	03/20	19273	5526
059	03/21	25600	6327
060	03/22	33276	7676
061	03/23	43847	10571
062	03/24	53740	9893
063	03/25	65778	12038
064	03/26	83836	18058
065	03/27	101657	17821
066	03/28	121465	19808
067	03/29	140909	19444
068	03/30	161831	20922
069	03/31	188172	26341
070	04/01	213372	25200
071	04/02	243762	30390
072	04/03	275586	31824
073	04/04	308853	33267
074	04/05	337072	28219
075	04/06	366667	29595
076	04/07	396223	29556
077	04/08	429052	32829
078	04/09	461437	32385

Initializing 240 population members having 6 parameters
------------------------------------------------------------------------------------------------------------------------

SSE=37.728 on eval 1: L=1.67435e+08 b=54.8223 r=0.438055 rf=0.980564 t0=59.9527 th=20.5276

*2225

SSE=16.788 on eval 6: L=2.47607e+08 b=48.0223 r=0.473067 rf=0.996091** t0=61.8612 th=19.6225

!693266293771949999985239549119112992929969925291799499829931624919193947291996299299637346938924929999129332999999
2329391339992782!22959469281212363164336523361899989

SSE=16.229 on eval 173: L=3.09919e+07 b=23.8992 r=0.409296 rf=0.897235 t0=62.949 th=14.1177

!9699999951419399975969219649234944154993993112836356764693924313419


Population: 240 individuals with SSE 16.229 to 886.55, avg eval time 0.667 sec. Top 7:

        SSE |     16.229       16.737       16.788        17.27       17.618       18.072        18.12  
------------------------------------------------------------------------------------------------------------------------
          L | 3.0992e+07   1.4226e+08   2.4761e+08   8.1844e+06*  9.8423e+07   2.7115e+08   4.7811e+07  
          b |     23.899       62.976       48.022       11.039       61.022       64.006       69.534**
          r |     0.4093      0.36121*     0.47307      0.46928       0.3931       0.5696      0.58252  
         rf |    0.89724      0.89633      0.99609**    0.98859      0.87767      0.95312       0.9733  
         t0 |     62.949       65.137       61.861       62.207       62.639       59.788       58.365  
         th |     14.118       12.862       19.623       18.919       13.939       16.301       20.031  
------------------------------------------------------------------------------------------------------------------------
Best individual:
<SSE=16.2294 L=3.09919e+07 b=23.8992 r=0.409296 rf=0.897235 t0=62.949 th=14.1177>


Population: 240 individuals with SSE 16.229 to 886.55, avg eval time 0.667 sec. Top 7:

        SSE |     16.229       16.737       16.788        17.27       17.618       18.072        18.12  
------------------------------------------------------------------------------------------------------------------------
          L | 3.0992e+07   1.4226e+08   2.4761e+08   8.1844e+06*  9.8423e+07   2.7115e+08   4.7811e+07  
          b |     23.899       62.976       48.022       11.039       61.022       64.006       69.534**
          r |     0.4093      0.36121*     0.47307      0.46928       0.3931       0.5696      0.58252  
         rf |    0.89724      0.89633      0.99609**    0.98859      0.87767      0.95312       0.9733  
         t0 |     62.949       65.137       61.861       62.207       62.639       59.788       58.365  
         th |     14.118       12.862       19.623       18.919       13.939       16.301       20.031  
------------------------------------------------------------------------------------------------------------------------
Best individual:
<SSE=16.2294 L=3.09919e+07 b=23.8992 r=0.409296 rf=0.897235 t0=62.949 th=14.1177>

Performing DE with CR=0.7, F=U(0.5, 1.0), DE/rand-1.00/1/bin
------------------------------------------------------------------------------------------------------------------------
Press the 'Enter' key to abort.

Generation 1/75  F=U(0.5, 1.0)  N_hist=240
------------------------------------------------------------------------------------------------------------------------
XX2X4XX8XX253XXX9X0XXX2X219XXX9XXX55391XX169X9X422901X7X6XX8XX45X4X9X7X1XX23XX9653X492X1X12XX33X243X191X6XX22XXXXX33X57X
XXX91XX3X1X1X3325XXXXXXXX2242725XXX94XXX1X6192XXX22XX3XX1XX217X26XX87XXXX21XXX263X3XX5XX3XXX312X1X2X19XXX7X7XXX2XX3X4XXX


Generation 2/75  F=U(0.5, 1.0)  N_hist=480
------------------------------------------------------------------------------------------------------------------------
X2XX2XX12XXX421XX6X3X2XX2X1X12XXX131XX99XXXXXXXX2XXX1XXXXXX1X1XXXXX21XX3X1XXX1XXX322X2XXXXXXXXXXXXX52XXX1X1X273X9XXXX2XX
6X4XXXXX21XXXXXXXXXX1XXX2XXXX3X223X23XX5X21XXXX3X11XXXXX123X4XXXXX3XXXX0XXXX12XX3X1XXXX313X31XXXX1X2XXXX312XXXX1X1XXXXXX


Generation 3/75  F=U(0.5, 1.0)  N_hist=720
------------------------------------------------------------------------------------------------------------------------
2X21XXXXXXXXXXXXXXX3XXX1XXXXX11XX133XX2X5XXXX42XXXXX1XXXXX11XX1XXXXX4XX2X8XX22XX1XXXXXXXXXX1XXX131XXX1X2XXXXXXXXXX2X1XX3
XX12XX12X12XX1XXXX2XXXX6X212XXXXXXXXXXXX11XX2XXX3XX23XXXXX5X1XXXX43XX1XXXX1X0X5X00X121XX2XXX2XXXX132XXXX3XXXXXXXXXXXXXXX


Generation 4/75  F=U(0.5, 1.0)  N_hist=960
------------------------------------------------------------------------------------------------------------------------
X2XXXX5XXXXXX3X3XXX1XXX4XXXX2XXXX2XXXXX1X1X2XXXX1X2XX3XXXX0XXX11XXXXX2XXXXX3XXX11XXXXXX1XXX4XX6XX2XXX2XXXXXXXXXX1XXXXXXX
XX2XXXXXXXXXX32XXXXXXX1XXXXXXXXX3XXXXX2XXXX2XXX2X14X21X36XX1XXX2XXXXXXXXX3XX1XXXX11X1XX2X22XXX21XXXXX2X3XXX13X1XX1XXX2XX


Generation 5/75  F=U(0.5, 1.0)  N_hist=1200
------------------------------------------------------------------------------------------------------------------------
XXX2XXXXXXXXXXXXXXXXXXXXXXXXXXX1XXXXX11XX3X2XX1X22XXXXXX1XX1XXXX1XXXXXXXXXX23X1XXXXXXXXX1XXXXXXXXXXXXXX1XXXXXXXXXXXX1X11
X4X1XXXX1X1XXX1XXX12XX3XXXXX1XXXXXXXX1XXXX1XXXXXXXX33XXXX2XXXXXXXXXXXXX4XXXXXXXX1XXXXX1XXXXXX1XXXX0XXXXX11X1X211X31XX0XX


Generation 6/75  F=U(0.5, 1.0)  N_hist=1440
------------------------------------------------------------------------------------------------------------------------
XXXXXXX2X1XXXXXXXX1X21X1XXXXXXXX12XX1XXXXX1XXXXXXX0XXXXXXXX21111X22XXX22X212X21X2XXXXXXXXXXXX0XXXXXXXXXXXXXXXX21XXXXXXX2
XX2XXXXXX11XXX2XXXXXXXXXXXXX1X11XX1XXX1XXXXXXXXXXXXXX3XXXX2X01XXXXXX0XX1X1212XXXXXXXX1XXX1X2XXXXXXXXXXXXXXXXX1XXXXXXXXXX


Generation 7/75  F=U(0.5, 1.0)  N_hist=1680
------------------------------------------------------------------------------------------------------------------------
1211122X0X2111XXXXXX1X1X21XXXXXXXXXXXXX11XXXXX1XXXXXXXXXX1XX1XXXXXX1XX2XXXXXX22XX1X1XXXX111XXX1XXXXXXXX2XXXXXXX1111XXXXX
X1XXXXXXX14XXXXX0XXXXXX2X11XXXXXXXXXXXXXXXXX11X2X1X6X1X2XX3XX12X1XXX2XXXXXXXXXXXXXXX21X22XXX1XXXX12XXXXXXX0XXXXXXXXXXXXX


Generation 8/75  F=U(0.5, 1.0)  N_hist=1920
------------------------------------------------------------------------------------------------------------------------
0X22XX112X1XXXXXXXXXX1X1XX2XXX0X2XXXX1XXXXXXXX1XXXXXXXXXXXXX2X1XX12XXXXXXXXXXXXXXXXXXXXXXXXXXXXXXX1XXXXX1XXXX01XX12XXXXX
1XX1XXXX1X1XXX2XXXX111XX21X20XX11X10XXXXXXXXXXXXX2XXXXXXXX1XXXXX1XXXXXXXXXXX1XXXXXXXX01XXXXXXXXXXXXXXXXXXXXXXXXXX1XXXXXX


Generation 9/75  F=U(0.5, 1.0)  N_hist=2160
------------------------------------------------------------------------------------------------------------------------
11X11X0X1X0XXXXXXXXXX1X01XXX1XXXXXXXX2XXXXXXXXXXXXXX11XX12X01+XXXXXX10XXX1XXXXXX1XXXXXXXXXXXXXXXXXXXXXXXXXXXXXX101XXXXXX
XXX11X1X11XX2XXXXXX1XXXXXX1XXXXXXXXXXXXXXXXX11X1XXXXX1XXX1X1XXX1XXXXXXXXXXXX11XXXXXXXXXXXX21XXXXXX1XXXXXXXXXXXXX11XX0XXX
X


Generation 10/75  F=U(0.5, 1.0)  N_hist=2400
------------------------------------------------------------------------------------------------------------------------
1X112XXXXXXX1XXXXXXX2XX2XXXXXXXXXXXXXXXXXXXX1XXXX2XXXXXXXXXXX211XXXXXXXX1X1XXXXXXXXXXXXXXXXX1XXXXXXXX1XX21XXXXXXXXXXXXXX
X0101X1XXXXXXXXXXXXXX1XXXX11XX1XXXXXXXXXXXXXXXXXXXXXXX1XXX1XXXX1XXXX1XXXXXX12XXXXXXXXXXXXXXXXXXXXXXXXXXXXXXXXXXXXXX1XXXX


Generation 11/75  F=U(0.5, 1.0)  N_hist=2640
------------------------------------------------------------------------------------------------------------------------
1XXX11X1X1XXXXXXXXXX1XXXXX11XX10XXXXXXXXXXXXXXXXXXXX1XXXXXXXXXXXX1XXXXXX11X1XXXXXXXXXXXXXXXXXXXXXXX1XXXXXX1XXXXX11X21XXX
XXXXXXXXXXXXXXXXXXXXXXX12XX0X1XXXX11XXX0XXXXXXX0XX1XXXXXXXXXXXXXXXXXXXXXX1X1XXXXXXXXXXXXXXXXXXXXX2X1X1XXXXX1XXXXXXXXXXXX


Generation 12/75  F=U(0.5, 1.0)  N_hist=2880
------------------------------------------------------------------------------------------------------------------------
11X12XX10XX1XXXXXXXXXXXXXXXXXXXXXXXXXX2XXXXXXXXXX1XX1XXXXXXXX1XXXXXXXXXX0XXXXXXXXXXXXXXX1XX1XXXX12XXXXXXXXXXXXXXXXXXXXXX
XXXXXXXXXXXX0X112XXXX0XXXXXXXXXXXXX1XXXXXXXXXXXX1XX1XXXXXXXXX1XXXXXXXXXXXXXXXX1XXXXXXXXXXXXXXXXXXXXXXXXXXXXXXXXXXXXXXX1X


Generation 13/75  F=U(0.5, 1.0)  N_hist=3120
------------------------------------------------------------------------------------------------------------------------
1X1XX1XXX0XXXXXXXXXXXXXXXXXXXXXXXXXXXX1XXXXXXXXXXXXXXXXX1XXXXXXXXXXX1X1X0XX1XXX1XXXXX1XXXXXXXXXXXXXXXXXXXXXXX1XXXXXX2XXX
XXXXXXXXXXXXXXXXXXXXXXXXXXXXXXXXXXXXXXXXXXXXXXXXXXXXXXX1XX0XXXXXXXXXXX1XXXX1XX11XX1XXXXXXXXXXXXXXXXXXXX0XXXXXXXXXXXXXXX1


Generation 14/75  F=U(0.5, 1.0)  N_hist=3359
------------------------------------------------------------------------------------------------------------------------
1XXXX1XXX1XXXXX1XX1XXXXXXXXXXXXXXXXXXXXXXXXX1XXXXXXXXXXXXXXX11XXXXXXXXXX1XXXXXX10XXXXXXX1XXXX1XX10XXXXXXXXX1XXXXX1XXXXXX
XXXXXXXX01XXXXXXXXXXXXXXXXXXXXXXXXXX1XXXXXXXXXXXXXXXXXXXXXXXXXXXXXXX1XXXXXXXXXXXXXXXXXXXXXXXX11XXXXXXXXXXXXXXXXXXXXXXXXX


Generation 15/75  F=U(0.5, 1.0)  N_hist=3600
------------------------------------------------------------------------------------------------------------------------
1X02X11XX1XXXXXXXXXXXXXXXXXXXXXXX1XXXXXXXXXXXXXXXXXXXXXX1XXXXXXXX1XXXXXXXXXXXXXXXXXXXXXXXXXXXXXXXXXXXXXXX1XXXXXXXXXXXXXX
XX1X1XXXXXXXXXX1XXX0XXXXXXXXXX1X1XXXXXXXXXXXXXXXXXXXXXXXXXXX111X1111XXX0XXXXXXXXXX1XXXXXXXXXXXXXXXXXXXXXXXXX0XXXXXXXXXXX


Generation 16/75  F=U(0.5, 1.0)  N_hist=3840
------------------------------------------------------------------------------------------------------------------------
X111XX11XX1XXXXXXXXXXXXXXXXXXXXX10XXXXXXXXXXXXXXXXXXX21XX1XXXXXXXXXXXXXX1XXXXXXXXXXXXXXXX1XXXX1X1011XXXXXXXXXXXXXXXX1XXX
XXXXXX0XXXXX0XX1XXXXXXXXXXXXXXXX1XXXX1XXXXXX1X1XXXXXXXXXXXXXXXXXX0XXX1XXXXXXXXXXXXXXXXXXXXXXXXXXXXXXXXXXXXXXXXXXXXXX1XXX


Generation 17/75  F=U(0.5, 1.0)  N_hist=4079
------------------------------------------------------------------------------------------------------------------------
1XX0XXXX0X1XX1XXXXXXXXXXXXX01XXXXX0XXXXXXXXXXXXXXXXXXXXXXX1XXXXXXXXXXXXXXXXXXXXXXXX1XXXX0XX0XXXXXXXXX1XXXXX0XXXXXXXXXXXX
XXXXXXXX1X1XX1XXX0XXXXXXXXXXXXXXXXXXXXXXXXXXXXXX00X1XXXXXXXXXXX1XXXXX1XXXXXXX1XX1XXXXXXXXXXXXXXXXXX0XXXXXXXXXXXXXXXXX1XX


Generation 18/75  F=U(0.5, 1.0)  N_hist=4319
------------------------------------------------------------------------------------------------------------------------
11X01XX1XX101XX11XXXXXXXXXXX2XXXXXXXXXXXXX1XXXXXXXXXXXXXXXXXXXX1XXXXXXXXXXXXX1XXXXXXXXXXXXXX1XXXXXXXXXXXXXXXXXXXXXXXXXXX
XXX1XXXXXXXXXXXX1XXX10XXXXXXXXXXXXXXXXXXXXX0XXX1XXXXXXXXXXXXXXXXXX1XXXXXXXXXXXXXXXX1XXXXXXXXXXXXXXXXXXXXXXXXXXX11XXXXXXX


Generation 19/75  F=U(0.5, 1.0)  N_hist=4560
------------------------------------------------------------------------------------------------------------------------
1XX101XXXXXXXXXXXXXXXXXXXX1XXXXXXXXXXXXXX1XX1XXXXXXXXXXXXXX1X00XXXXXXXXXXXXXXXXXXXXXXXXXXXX1XXX01XX11XXXXXX11X1XXXXXX1XX
X1X1X0XXX1XXXXXXXXXXXX1X1XXXX1XXXXXXX11XXXXXXXXXXXXXX10XXXXXXXX01XXXXXXXXX0XXXXXXXXXXXXXXXXXXXXXXXXXXXXXXXXXX1XXXXXXXXXX


Generation 20/75  F=U(0.5, 1.0)  N_hist=4800
------------------------------------------------------------------------------------------------------------------------
110X11XX11XX1XXXXXXXX1XXXXXXXXXXXXXXXXXXXXXXXXXXXX0X1XXXXXXXXXX1XXXXXXXXX0XX1111X1XXXXXXX0XXXXXXX1XXXXXXXXXXXXXXXXXXXXXX
XXXXXXXXXXXXXXXXXXXXXXXXXXXXXXXX1XXXXXXXXXXXXXXX1XXXXXXX0XXXXXXXXXXXXXXXXXXXXXXXX1XXXXXXXXXXXXXXXXXXXX1XXXXXXXXXXXXXXXXX


Generation 21/75  F=U(0.5, 1.0)  N_hist=5040
------------------------------------------------------------------------------------------------------------------------
01XXX1XXXXXXXXXXXXXXXX1XXXXXXXXXXXXXXXXXXXXXXXXXXXXXXX1XXXXXXXXXX1XXX0XXX1X1XXXXXXXXXXXXXXXXXXXXXXXXXXXXXXXXXXXXXXXXXXXX
XXXXXXX1XX0XXXXXXXXXXXXXXXXXXXX0XXXX1XXXXXXXXX0XXXXXXXXXXXXX1XXX1XXXXXXXXXXXXXXXXXXXXXXXXXXXXXXXXXXXXXXXX1XXXXXXXXXXXXXX


Generation 22/75  F=U(0.5, 1.0)  N_hist=5280
------------------------------------------------------------------------------------------------------------------------
X1XXXXXXXXXXX1XXXXXXXXXXXXXXXXXXXXXXX11XXXXXXXX1XXXXXXXXXXXXXXX1XXXXXXXXX1X10XXXXX1XXXXXXXXXXXXXXX1XXXXX1XXXXXXX1XXXXXXX
XXX1XX1XXXXXXXXX1X0XXXXXXXXXXXXX1XXXXXXXXXXXXXXXXXXXXXXXXXXXXXXXXXXXXXXXXXXXXXXXXXXXXXXXXXXXXXXXXXXXXXXXXXX11XXX1XXXXXXX


Generation 23/75  F=U(0.5, 1.0)  N_hist=5520
------------------------------------------------------------------------------------------------------------------------
XX1XXXXXXXXXXXXXXXXXXXXX1XXXXXXXXXXXXXXX001XXX0XXX00X0XXXXXXXXXXXXXXX10XXXXXXXXXXXXXXXX1XXXXX1XXX1XXX1XXXXXXXXXXXXXXXXXX
XXXXXXXXXXXX1XXXX1XXXXXXXXXXXXXXXXXXXX1XXXXXXXXXXXXXXXXXXXXXXXXXXXXXXXXXXXXXXXXXXXXXXXX1XXXXXXXXXXXXXXXXXXXXXXXXXXXX1XXX


Generation 24/75  F=U(0.5, 1.0)  N_hist=5760
------------------------------------------------------------------------------------------------------------------------
XXX11XXX0XXXXXXXXXXXXXXXXXXXXXXX10XXXXXXXXXXXXXXXXX0XXXXXX1XXXXXXXXXXXXXXXXXXXXX0XXX1XXXX10X1XXXXXXXXX1XX0XXXXXXXXXXXX1X
XXXXXXXXXXXX1XXXXXXXXXXXXXXXXX0XXXXXXXXXXXXXXXXXXXXX0XXXXXXXXXXXXXXXXXX0XXXXXX1XXXXXXXXXXXXXXXXXXXXXXXXXXXXXXXXXXXXXXXXX


Generation 25/75  F=U(0.5, 1.0)  N_hist=6000
------------------------------------------------------------------------------------------------------------------------
1XXXX1XXXXXXXXXXXXXXXXXXXXXXXXXXXXXXX0XXXXXXXXXXXXXXXXXXXXXXXXXXXXXXXXXXXXXXXXXXXXXX11XXXXXXXXXXXXXXXXXXXX11XXXXXXXXXXXX
XXXXXXXXXX0XXXXXXXXXXX1XXXXX1XXXXXX11XXXXXXXXXXXXXX0XXX0XXXXXXXXXXXXXXXXXXXXXXXXXXXXXXXXXXXXXXXXXXXXX0XXXXXXXXXXX1XXXXXX


Generation 26/75  F=U(0.5, 1.0)  N_hist=6240
------------------------------------------------------------------------------------------------------------------------
10X10XXXXXXXXXXXX1XXXXXXXXXXXXXXXXXXXXXXXXXXXXXXXXXXXX1XXXXXXXXXXX01XXXXXXXXXXXXXXXXXXXXXXXXXXXXXXXXXXXXXXXX11XXX1X0XXXX
XXXXXXXXXXXXXXXXXXXXXXXXX1XXXX1XXXXXXXXXX0XXXXXXXXXXXXXXXXXXXXXXXXXXXXXXXXXXXXXXXXX1XXXXXXXXXXXXXXX0XXXXXXXXXXXXX1XXXXXX


Generation 27/75  F=U(0.5, 1.0)  N_hist=6480
------------------------------------------------------------------------------------------------------------------------
1X101XX1X1XX0XXXX0XXXX1XX1XXXXXXXXXXXXXXX01XXXXXXXXXXXXXXXXXXX0XXXXX10XXXX1XXXXXXXXXXXXXX1XXXXXXXXXX0XXXXXX1XXXXXXXXXXX0
XXXXXXXXXXXXXXXX1XXXXXXXXXXXXXXXXXXX1X0XXXXXXXXXXXXXXXXXXXXXXXX01XXXXXXXXXXXXXXXXXXXXXXXXXXXXXXXXXXXXXXXXXX0XXXXXXXXX0XX


Generation 28/75  F=U(0.5, 1.0)  N_hist=6720
------------------------------------------------------------------------------------------------------------------------
X1X0XXX1XXXXXXXXXXXXXXXXXXXXXXXXXXXXX0XXXXXXXXXXXXXX1XXXXXXXXXXXXXXXXXXXXXX1XXXXXXXXXXXXXXXXXXXXXXXXXXXXXXXXXXXXXXXXXXXX
XXXXXXXXXXXXXXXXXXXXXXXX1XXXXXXXX0XXX10XXX0XXXXXXXXXXXX0XXXXXXXXXXXXXXXXXXXXXXXXXXXXXXXXX0XXXXXXXXXXXXXXXXXXXXXXXXXXXXXX


Generation 29/75  F=U(0.5, 1.0)  N_hist=6960
------------------------------------------------------------------------------------------------------------------------
1XXXXXXXX1X1X1XXXXXXXXXXXXXXXXXXXXXXXXXXXXXXXXXX0XXXXXXXXXXXXXXXXXX01XXX0XXXXXXXXXXXXXXXXX00XXXXXXXXXXXX0XX1XX1XX11XXXXX
XXXXXX1XXX0XX1XXXXXXXXXXXXXXXXXXXXXXXXXXXXXXXXXX01XXXXXXXXXXXXXXXXXXXXX01XXXXXXXXXXXXXXXXXX0XXXXXXXXXXXXXXXXX1XXXXXXXXXX


Generation 30/75  F=U(0.5, 1.0)  N_hist=7200
------------------------------------------------------------------------------------------------------------------------
1XXX11XXXXXXXXXXXXXXXXXXXXXXXX1XXXXXXXXXXXXXXX0+X0XXXXX0XXXXXXXXXXXXXX0XXX1XXXXXXXXXXXXXX0XXXXXXX1X0XXXXXXXXXXXXXXXX1XXX
XXXXXXXXXXX1X01XXXXXXXXXXXX10XXXXXXXXXXXXXXXXXX0XXXXXXXXX0XXXXXXXXXXXXXXXXXXX1XXXXXXX0XXXXXX0XXXXXXXXXXXXXXXXXXXXXXXXXXX
X


Generation 31/75  F=U(0.5, 1.0)  N_hist=7440
------------------------------------------------------------------------------------------------------------------------
XX1X00XXXXXXXXXXXXX1XXXXXX1XXXXXXXXXX0XXXXXXXXXXXXXXXXXXX1XXXXXXXXXXXXXXXXXXXXXXXXX0XXXXXXXXXXXXXXXXXXXXXXXXXXXXXXXXXXXX
0XXXXXX0XXXXXXXXXX0XXXX1XXXXXXXXXXXXXXXXXXXXXXXXXXXXXXXXXXXXXX0XXXXXXXXXXXXXXXXXX01XXXXXXXXXXXXXXX1XXXXXXXXXXXXXXXXXXXXX


Generation 32/75  F=U(0.5, 1.0)  N_hist=7680
------------------------------------------------------------------------------------------------------------------------
XXX1XXX0XXXXXXXXXXXXXX1XXXXX0XXXXXXXXXXXXXXXXXXXXXXXXXXXXXXXXXX1XX1XXXXXXXXXXXXXXXXXXXXX0XXXXXXXXXXXXXXXXXXXXXX1XX1XXXXX
XX1XXXXXXXXXXXXXXXXXXXXXXXXXXXXXXXXXXXXXXXXXXXXXXXXXXXXXXXXXX1X1XXX0X1XXXXXXXXXXXXXXXXXXXXXXX0XXXXXXXXXXXXXXXXXXXXX0XXXX


Generation 33/75  F=U(0.5, 1.0)  N_hist=7919
------------------------------------------------------------------------------------------------------------------------
1X0XXXXX0XXXXXXXX0XXXXXXXXX1XXXXXX1XXXXXXXXXXXXXXXXXXXXXXXXXXXXX1XXXXXX1XXXXXXXXXX0XXXXXXXXXXXXXXXXXXXXXXXXXXX0XXXXXXXXX
XXXXX1XX0XXXXXXXXXXXXXXXXXXXXXXXXXXXXXXXXXXXXXXXXXXXXXXXXXXXXXX1XXXXX1XXXXXXXXXXXXXXXXXXXXXXXX11XXXXXXXXXXXXXXXXXXXXXXXX


Generation 34/75  F=U(0.5, 1.0)  N_hist=8160
------------------------------------------------------------------------------------------------------------------------
011X00XXXXXXXXXXXXXXXXXXXXXXXXXXXXXXXXXXXXXXXXXXXXXXXXXXXXXXXXXXXXX1XXXXXXXXXXX0XXXXXXXXXXXXXXXXXXXXXXXXXXX0XX0XXXXXXXXX
XXXXXXXXXX0XXXXXXXXXXXXXXXXXXXXXXXXXXXXXXXXXX0XXXXXXXXXXXXXXXXXXXX0XX00XXXXXXXXX0XXXXXXXXXXXXXXXX1XXXXXXXXXXXXXXXXXXXXXX


Generation 35/75  F=U(0.5, 1.0)  N_hist=8400
------------------------------------------------------------------------------------------------------------------------
XX0X0XX0XXXXXXXXXXXXXXXXXXXX1XXXXXXXXXXXXXXXXXXXXXXXXXXXXXXX1X0XXXXXXXXXXXXXXXXXXXXXXXXXXX0XXXXXXXXXXXXXXXXXXX10XXXXX10X
0X0X1XXXXXXXXXXXXXXXXXXXXXXXX0XXXXXXXXXXXXXXXXXXXXXXXXXXXXXXXXXXXXXXXXXXXXXXXXXXX1XXXXXXXXXXXXXXXXXXXXXXXXXXXXXXXXXXXXXX


Generation 36/75  F=U(0.5, 1.0)  N_hist=8640
------------------------------------------------------------------------------------------------------------------------
X1XXXXX1XXXXXXXXXXX0XXXXXX0XXXXXXXXXXXXXXXXXXXXXX0XXXX0XXXXXXXXXXXX10XXXXXXXXXX1XXXXXXXXXXXXXXXXXXXXXXXXXXXXXXXXXXXXXXXX
XXXXX0XXX0XXXXX0XXXXXXXXXXXXXXXXXXXXXXXXXX0XXXX10XX1XXXXXXXX1XXXXXXXXXXXXXXXXXXX01XX1XXXXXXXXXXXXXXX0XXXXXXXXXXXXXXXXXXX


Generation 37/75  F=U(0.5, 1.0)  N_hist=8880
------------------------------------------------------------------------------------------------------------------------
X1100XX1XXXXXXXXXXXXXXXXXXXXXXXXXXXXXXX1XXXXXXXXXXXXXXXXXXXXXXXXXXXXXXX00XXXXXXXXXXXXXXXXXXXXXXX0XXXXXXXXXXXXXXXX0XXXXXX
XXXX1XXXXXXXXXXX1XX0XXXXXX0XXXXXXXXXXXXXXXX00XXXXXXXXX01XXXXXXXXXXXXXXXXX0XXXXX1XXXXXXXXXXXXXXXXXXX11XXXXXXXXXXXXXXXXXXX


Generation 38/75  F=U(0.5, 1.0)  N_hist=9120
------------------------------------------------------------------------------------------------------------------------
1X1XXXXXXXXXXX0XXXXXXXXXXXXXXXXXXXXXXXXXXXXXXXXXX1XX0XX0XXXXXXXXXXXXXXXXXXXXXXXXXXXXXXXXXXXXXXXX1XXXXXXXXXXXXXXXXXXXXXXX
XXXXXXXXXXXXXX0XX0XX0X1XXXXXXXXXXX0XXXXXXXXXXXXXXXXXXXXXX0XXXXXXXXXXXXXXXXXXXXXXXXXXXXXXXXXXXXXXXXXXXXXXXXXXXXXXXXXXX0XX


Generation 39/75  F=U(0.445, 1.0)  N_hist=9360
------------------------------------------------------------------------------------------------------------------------
00XXXXXXXXXXXXXXXXXXXXXXXXXXXXXXXXXXXXXXXXXXXXXXXXXX1XXXXXX0XXX0XXXXXXXXXXXXXXXXXXXXX0XXXXXXXXXX1XXXXXXXX0XXXXXXXXXXXXXX
0XXXXXXXXXXXXXXXXXXXXXXXXXXXXXXXXXXXXXXX0X0XXXXXXXXXXXXXXXXXXXXXXXXXXXXX0XXXXXXXXXXXXXXXXX0XXXXXXXXXXXXXXXXXXXXXXXXXXXXX


Generation 40/75  F=U(0.39605, 1.0)  N_hist=9600
------------------------------------------------------------------------------------------------------------------------
X0XXXXX1XXXXX0XXXXXXXXXXXXXXXXXXXXXXXX0XXXXXXXX0XXXXXXXXXXXXXXX00XXX11XXXXXXXXXXXXXXXXXXXXXXXXXXX0XXXXXXXXXXXXXXXXXXXXXX
0XXXXXXXXX0XXXXXXXXXXXXXXXX1XXX1XXXXXXXXXXXXXXXXXXXXXXXXXXXXXXXXXXXXXXXXXXXXXXXXXXXXXXXXXXX0XXXXXXXXXXXXXXXXXXXXXXXXXXXX


Generation 41/75  F=U(0.3524845, 1.0)  N_hist=9840
------------------------------------------------------------------------------------------------------------------------
X0XXX0XXXXXXXXXXX0XXXXXXXXXXXXXXXXXXXXXXXXXX00XX1X0XXXXXXXXXXXXXXXXXXXXXXXX1XX00XXXXXXXXXXXXXXX1XXXXX0XXXXXXXXXXXXXXXXXX
XXXXXXXXXX0XXXXXXXXXXXX110XXXXXXXXXXXXXXX01X0XXXXXX1XXXXXXXXXXXX0XXX0XXXXXXXXXXXXXXXXXXXXX0XXXXXXXXXXXXXXXXXXXXXXXXXXXXX


Generation 42/75  F=U(0.390550158526, 1.0)  N_hist=10080
------------------------------------------------------------------------------------------------------------------------
0XX0XXXXXXXXX00XXXXXXXXXXXX0XXXXX0XXXXXXXXXXXXXXXXXXXXXXXXXXXXXXXXXXXXXXXXXXXXXXXXXXXXXXXXXX1XXXXXXXXXXXXXXX00X0XXXXXXXX
X0XXXXXXXXXXXX0XXXX1XXXX0X0XXXXXXXXXXXX1XXXXXXXXXXXXXXXXXXXX1XXXXXXXXXXXXXXXXXXXXXXXXXXXXXXXXXXXXXXXXXXXXXXXXXXXXXXXXXXX


Generation 43/75  F=U(0.432726620105, 1.0)  N_hist=10320
------------------------------------------------------------------------------------------------------------------------
XXXX1XXXXXXXXXXXXXXXXXXXXXXXXXXXXXXXXXXXXXXXXXXX0XXXXXXXXXXXXXXXXXXXXXXXXXXXXXXXXXXXXXXXXXXXX0XXXXXXX0X0XXXXXXXXXXXXXXXX
XX0X1XXXXXXXXXXXXXXXXXXXXXXXX0XXXX00XXXXXXXXXXXXXXXXXXXXXXXXXXXXXXXXXXXXX000XXXXXXXXXXXXXXXXXXXXXXXXXXXXXXXXXXXXXXXXXXXX


Generation 44/75  F=U(0.479457820359, 1.0)  N_hist=10560
------------------------------------------------------------------------------------------------------------------------
XXXXXXXXXXXXXXXXXXXXXXXXXXXXXXXXXXXXXXXXXXXXXXXXXXXXXXXXXXXXXXXXXX0X00XX1XXXXXXXXXXXXXXXXXXXXXXXXX0XXXXXXXXXXX0XXXXXXXXX
XXXXXXXXXXXX0XXXXXXXX0XXXXXXXXXXXXXXXXXXXXXXXXXXXXXXXX1XXXXXXXXXXXXXXXXXXXXXXXXXXXXXXXXXXXXXXXX0XXXXXXXXXXXXXXXXXXXXXXXX


Generation 45/75  F=U(0.426717460119, 1.0)  N_hist=10800
------------------------------------------------------------------------------------------------------------------------
XXXX0XXXXXXXXXXXXXXXXX0XXXXXXXXXXXXXXXXXXXXXXXXXXXX01XXXXXXXXXXXXXXXXXXXXXXXXXXXXXXXXXX01X0XXXXXXXXXXXXXXXXXXXXXXXXXXXXX
XXXXXXXXXXXXXXXXXX0XXXXXXXXXXXXXXXX0XXXXXXXXXXXXXXXXXXXXX1XXXXXXXXXXXXX0XXXXXXXXXXXXXXXXXX1XXXXXXXXXXXXXXXXXXXXXXX0XXXXX


Generation 46/75  F=U(0.472799716569, 1.0)  N_hist=11039
------------------------------------------------------------------------------------------------------------------------
0X0XXXXXXXX1XXXXXXX0XXXXXXX0XXXXXXXXXXXXXXXXXXXXXXXXXXXXXXXXXXXXXXXXXXX0XXXXXXXXXXXXXXXX0XXXXXXXXXXXXXXXXXXXXXXXXXXXXXXX
XXXXXXXXXXXXXX00XXXX1XXXXXXXXXXX0XXXXX0+XXXXXXXXXX0XXXXXXXXXXXXXXXXXX0XXX0XXXXXXXXXXXXX0XXXXXXXXXXXXX0XX0XXXXXXXXXXXXXXX
X


Generation 47/75  F=U(0.5, 1.0)  N_hist=11280
------------------------------------------------------------------------------------------------------------------------
XXXXXXXX0XXXXXXXXXXXXXXXXXXXXXXXXXXXX0XXXXXXXXXXXXXXXXX0XXXXXXXXXXXXXXXXXXXXXXXXXXXXXXXXXXX0XXX0XXXXXXXXXXXXXXXXXXXXX0XX
X0XXXX00XXXXXXXXXXXXXXXXXXXXXXXXXXXXXXX0XXXXXXXXXXXXXX0XXXXX000XXXXXXXXXXXXXXXXXXXX1XXXXXXXXXXXXXXXXXXX0XXXXXXXXXXXXXXXX


Generation 48/75  F=U(0.445, 1.0)  N_hist=11520
------------------------------------------------------------------------------------------------------------------------
XX1XXXXXXXX0XXXXXXXXXXXXXXXXXXXX0XXXXXXXXXXXXX0XXXXXXXXXXXXXXXXXXXXXXXX0XXXXXX0X0XXXXXX0XXXXXXXXXXXXXXXXXXXXXXXXXXXXX0XX
XXXXXXXXXXXXX0XXXXXXXXXXXXXXXXXXXXXXXXXXXXXX0XXXXXXXXXXXXXXXXXXXXXXXX1XXXXXXXXXXX0XXXXXXXXXXXXXXXXXXXXXXXXX1XXXXXXXXXXXX


Generation 49/75  F=U(0.493056632402, 1.0)  N_hist=11760
------------------------------------------------------------------------------------------------------------------------
XX0XX0X0XXXXXXXXXXXXXXXXXXXXXXXXXXXXXXXXXXXXXXXXX0XXXXXXXXXXXXXXXXXXXXXXX1XXXXXXXXXXXXXXXXXXXXXXXXXXXXXXXXXXXXXXXXXXXXXX
XXXXXXXXXXXXXXXXXXXXXXXX0XXXXXXXXX0XXXXXXXXX0XXXXXXXXXXXXXXXXXXXXXXXXXXX0XXXXXXXXXXXXXXXXXXXXXXXXXXXXXXXXXXXXXXXXXXXXXXX


Generation 50/75  F=U(0.438820402838, 1.0)  N_hist=12000
------------------------------------------------------------------------------------------------------------------------
XXX0XXXXXXXXXXXXXXXXXXXX1XXXXXXXXXXXXXXXXXXXXXXXXXXXXXXXXXXXXXX0XXXXX0XXXXXX0XXXX0XXXXXXXXXXXXXXXXXXXXXXXXX00X000XXXXXXX
XXXXXXXXXXXX1XXXXX0XXXXXXX0XXXXXXXXXXXXXXXXXXXXXXXXXXXXXXXXXXXX1XXX0XXXXXXXXXXXXXXXXXXXXXXXXXXXXXXXXXXXXXXXXXXXXXXXXXXXX


Generation 51/75  F=U(0.390550158526, 1.0)  N_hist=12240
------------------------------------------------------------------------------------------------------------------------
00XX1XXXXXXXXXXXXXXXXXXXXXXXXXXXXXX0XXXXXXXXXXXXXXXXXXXXXXXXX0XX000XX0XXXXXXXXXXXX0XXXXXXXXXXXXXXXXXXXXXXXXXXXXXXXXXXXX0
XXXXXXXXXXX0XXXXXXX0XXXXXXXX0XXXXXXXXXXXXXXXXXXXXXXXXXXXXXXXXXX0XX0XXXXXX0XXXX00XXXXXXXX0XXXXXXXXXXXXXXXXXXXXXXXXXXXXXXX


Generation 52/75  F=U(0.432726620105, 1.0)  N_hist=12480
------------------------------------------------------------------------------------------------------------------------
XXXXXXXXXXXXXXXXXXXXXXXXXXXXXXXXXXXXXXXX0XXXXXXX1XXXXXXX1XXXXXXXXXX1XXXXXXXXXXXXXX0XXXXXXX0XX0XXXXXXXXXXXXXXXXXX0X0X1XXX
0XXXXXXXXXXXXXXXXXXXXXXXXXXXX0XXXXXXXXXXXXXXXXXXXXXXXXXXXXXXX0XXXXXXXXX0XXXXXXXXXXXXXXX0XXXXXXXXXXXXXXXXXXXXXXXXXXXXXXXX


Generation 53/75  F=U(0.479457820359, 1.0)  N_hist=12720
------------------------------------------------------------------------------------------------------------------------
000X0X0XXXXXXXXXXXXXXXXXXXXXXXXX0XXXXXXXXXXXXXXX0XXXXXX0X0XXXXXXXXXXXXXXXXXXXXXXXXXXXXXXXXXXXXXXXXXXXX0XXXXXX00X0X0XXXXX
XXXXXXXXXXXXXX0XXXXXXXXXXXXX1XXXX0XXXXXXXXXXXXXX0XXXXXXXX0XXXXXX1XXXXXXXXX1X1XXXXX0XXXXXXXXXXXXXXXXXXXX0XXXXXXXXXXXXXXXX


Generation 54/75  F=U(0.5, 1.0)  N_hist=12960
------------------------------------------------------------------------------------------------------------------------
00X00X0XXXXXXXXXXXXXX0+XXXXXXXXXXXXXXXXXXXXXXXX0XXXXXXXXXXXXXX0XXXXXXXXXXXXXXXXXXXXXXXXXXXXXXXXXXXXXXXXXXXXXXXXXXXXXXXXX
XXXXXXXXX0XXXXX0XXXXXXXXXXXXXXXXXXXXXXXXXXXXXXXXXXXXXX0XXXXXXXXXXXXXXXXXXXX0XXXXXXXXXX1XXXXXXXXXXXXXXXXXXX0XXXXXXXXXXXXX
X


Generation 55/75  F=U(0.445, 1.0)  N_hist=13200
------------------------------------------------------------------------------------------------------------------------
X0XXX1XXXXXXXXXXXXXX0XXXXXX0XXXXXXXXXXXX0X0XXXXXXXX10XXXXX0XXXXXXXXXXXXXXXXXXXXXXXXX10XXXXXXXXXXXXXXX0X0XXXXXXXXXXXXXXXX
XXXXXXXXXXXXXXXXXXXXXXXXXXXXXXXXXXXXXX0X00XX0XXXXXXX0XXX0XXXXXXXXXXXXXXXXXXXXXXXXXXX0X00XXXXXXXXXXXXXXXXXXXXXXXXXXXXXXXX


Generation 56/75  F=U(0.493056632402, 1.0)  N_hist=13440
------------------------------------------------------------------------------------------------------------------------
1XX00XXXXXXXXXXXXXXXXX0XXXXXXXXXXXXXXXXXXXXXXXXXXXXXXXXXXXXXXXXXXXXXXXXXXXXXXXXXX01X0XXXXXXXXXXXXXXXXXXXXX0XXXXXXXXXXXXX
XXXXXXXXXXXXXXXXXXXXXXXXXXXXXXXXX0XXXXXXXXX00XXXXXXXXXXXXXXXXXXX0X00XXXXXXXXXXXX0XXXXXXXXXXXXXXXXXXXXXXXXXXXXXXXXXXXXXXX


Generation 57/75  F=U(0.5, 1.0)  N_hist=13680
------------------------------------------------------------------------------------------------------------------------
XXXXXXXXXXXXXXXXXXXXXXXXXXXXXXXXXXXXXX0XXXXXXXXXXXXXXXXXXX0XXXXXXXXXXXXXXXXXXXXXXXXXX0XXXXXXXXX0XX0XXXXXXXXXXXXXXX0XXXXX
XXXXXXXXXXXXXXXXXX1XXXXXXXXXXXXXXX0XXXXXXXX0XXX0XXXXXXXXXXXXX0XX0XXXXX0XXXXXXXXXXXXXXXXXXXXXXXXXXXXXXXXXXXXXXXXXXXXXXXXX


Generation 58/75  F=U(0.445, 1.0)  N_hist=13920
------------------------------------------------------------------------------------------------------------------------
01XXXX0XXXXXXXXXXXX0XXXXXXXXXXXXX00XXXXXXXX0XXXXXXXXXX00XXXXXXX0XXXXXXXX0XX0XXXXXXXXXXXXXXXXXXXXXXXXXXXXXXXXXXXXXXXXXXXX
XXXXXXXXXXXXXXXXXXXXXXXXXXX0XXXXXXXXXXXXXXXXXXXXXXXXXXXXXX0XXXXXXXXXXXXXXXXXXXXXXXXXXXXXXXXXXXXXXXXXXXXXXXXXXXXXXXXXXXXX


Generation 59/75  F=U(0.493056632402, 1.0)  N_hist=14160
------------------------------------------------------------------------------------------------------------------------
00X0XXXXXXXXXXXXXXXXXXXXXXXXXXXXXX0XXXXXX1XXXXXXXX0XXXXXXXXXXXXXXXXXXXXXXXXXXXXXXXXXXXXXXXXXXXXXXXXXXXXXXXXXXXXX0XXXXXXX
XXXXXXXXXXXXXXXXXXXXXXXXXXXXXXXXXXXXXXXXXXXXXXXX0XXXXXXXXXXXXXXXXXXXXXXXXXXXXXXXXXXXXXXXXXXXXXXXXXXXXXXXXXXXXXXXXXXXXXXX


Generation 60/75  F=U(0.5, 1.0)  N_hist=14400
------------------------------------------------------------------------------------------------------------------------
0X0X1XXX0XXXX1XXXXXXXXX0XXXXXXXXXXXXXXXXXXXXXXXXXXXXXXXXXXXXXXXXXXXXXXXX0XX0XXXXXXXXXXXXXXXXXX0XXXXXXXXXXXXXXXXXXX0XXXXX
XXXXXXXXXXXXXXXXXXXXXXXXXXXXXXX00X0XXXXXXXXXXXXXXXXXXXXXXXXXXXXXXXXXXXXXXXXXXXXXXXXXXXXXXXXX0XXXXXXXXXXXXXXXXXXXXXXXXXXX


Generation 61/75  F=U(0.445, 1.0)  N_hist=14640
------------------------------------------------------------------------------------------------------------------------
XX0XXXXXXXXXXXXX0XXXXXXXXXXXXXXXXX00XXXXXXX0XXXXXXXXXXXXXXXXXXXXXXX0XX0X00XXXXXXXXXXXXXXXXXXXX0XXXXXXXXXX0XXX0XX0XXXXX0X
XXXXXXXXXXX0XXXXXXXXXXXXXXXXX0XXXXXXXXXXXXXXXXXXXXXXXXXXXXX0XX1XXXXXXXXXX10XXXXX0XXXXXXXXXXXXXXXXXXXXXXXXXXXXXXXXXXXXXXX


Generation 62/75  F=U(0.493056632402, 1.0)  N_hist=14880
------------------------------------------------------------------------------------------------------------------------
0X0XXXXXXXXXXXXXXXXXXXXXXXXXXXXXXXXXXXXXXXXXXXXXX0XXXXXXXXXXXXXXXXXXXXXXXXXXXXX0XXXXXXXXXXXXXXXX0XXXXXXXXXXXXXXXXXXXX00X
XX0XX0XXXXXXX0XXX0XXXXXXXXXXXXXXXXXXXXXXXXXXXXXXXXXXXXXXXXXXXXXXXXXXXXXXXXXXXXX0XXXXXXXXXXXXXXXXXXXXXXXXXXXXXXXXXXXXXXXX


Generation 63/75  F=U(0.438820402838, 1.0)  N_hist=15120
------------------------------------------------------------------------------------------------------------------------
00X0XXXXX0XXXXXXXXXXXXXXXXXXXXXXXXXXX0XXXXXXXXXXXXX0XXXXXXXXXXXXXXXXXXXXXXXX0XXXXXX0X0XXXXXXXXXXXXXXXXXXXX0XXXXXXXXXXX0X
XX1XXXXXXXXXXXXXXXX0XXXXXXX00XXXXXXXXXXXXXX0XXXXXXXXXXXXXXXXXXXXXXX0X0XXXXXXXXXXXX0XXX0XXXXXXXXXXXXXXXXXXXXXXXXXXXXXXXXX


Generation 64/75  F=U(0.486209685511, 1.0)  N_hist=15360
------------------------------------------------------------------------------------------------------------------------
XXXX0XXXXXXXX0XXXXX0X0XXXXXXXXXXXXXXXXXXXXXXXXXXXXXXXXXXXXXXXXXXXXXXXXXXX0XXXXXXXX00XX0XXXXXXX000XXX0XXXXXXXXXXXXXXXXXXX
XXXXXXX0XXXXXXXXXXXXXXXXXX0XXX0XXXXXXXXXXXXXXXXXXXX000XXXXXXXXXXXXXXXXXXXXXXXXXXXXXXXXXXXXXXX0XXXXXXXXXXXXXXXXXXXXXXXXXX


Generation 65/75  F=U(0.5, 1.0)  N_hist=15600
------------------------------------------------------------------------------------------------------------------------
0X0XXXXX0XXXXXXXXXXXXXXXXXX0XXXXXXXXXXX0XXXXXXXXXXXXXXXXXXXXXXXXXXXXXXXXXXXXXXXXXXX0XX0XXXXXXXXXXXX0XXXXXXXXXXX0XXXXXXX0
0XXXXXXXX0XXXXXXXXXXXXXXXXXXXXXXXXXX0XXXXXXXXXXXXXXXXXXXXXXXXXXXXXXXXXXXXXXXXXXXX0XX0XXXXXXXXXXXXXXXX0XXXXXXXXXXXXXXXXXX


Generation 66/75  F=U(0.445, 1.0)  N_hist=15840
------------------------------------------------------------------------------------------------------------------------
00XX0XXXX0XXXXXX0XXX0XXXXXXXXXXXXXXXXXXXXXXXXXXXXXXXXX0XXXXXXX0XXXXXXXXXXXXXX0XXXXXXXXXXXXXXXXXX0XXXXX0XXXXXXXXXXXXXXXXX
XXXXXXXXXXX0XXXXXXXXXXXXXXXXXXXXXXXXXXXXXXXXXXXXX00XXXXXXXXXXXX0XXXXXXXXXX0XXXXXXXXXXXXXXXXXXXXXXXXXXXXXXXXXXXXXXXXXXXXX


Generation 67/75  F=U(0.39605, 1.0)  N_hist=16080
------------------------------------------------------------------------------------------------------------------------
X0XXXX0XXXXXXXX0XXXXXXXXX0XXXXXXXXXXXXXXXXXXXXXXXXXXXXXXXXXXXXXXXXXXXXXXXXXXX0XXXX00XXXX00XXXX0X0X0XX0XXXXXXXXXXXXXXXXXX
XXXXXXXXXXXXXXXXXXXXXXXXXXXXXXXXXXXXXXXXXXXXXXXXXXXXXX00XXXXXXXXXXXXXXXXXXXXXXXXXXXXXXXXXXX0XXXXXXXXXXXXXXXXXXXX0XXXXXXX


Generation 68/75  F=U(0.3524845, 1.0)  N_hist=16320
------------------------------------------------------------------------------------------------------------------------
XXXX0XX00XXX0XXXXX0X0XXXXXX0XXXXXXXXXXXXXXXXXXXXXXXXXXXXXXXXXXXXXXXXXXXXXXXXXXXX0XX0XXXXXXXXXXXXXXXXXXXXX0XXXXXXXXXXXXXX
X0XX0XXXXXXXXXXXXXXXXX0XX00XXXXXXXXXXXXXXXXXX0XXXX0XXXX0X0XXXXXXXXXXXXXXXXXXXXXXXXXXXXXXXXXXXX0XXXXXXXXXXXXXXXXXXXXXXXXX


Generation 69/75  F=U(0.313711205, 1.0)  N_hist=16560
------------------------------------------------------------------------------------------------------------------------
XXX0XXXXXXXXXXXXXXXXXXXXXXXXXXXXXXXXXXXXXX1XXXXXXXXXXXXXXXXXXXXXXXXXXXXXXXXXX0XXXXXXXXXX0XXXX0XXXXXX0XXXXXXXXXXXXXXX0XXX
XXXXXXXXXXXXXXXXX0XXX0XXXXXXXXXXX00XXXXXXXXXXXXXXXX0XXX0XXXXXXXXXXXXXXXXXX0XXXXXXXXXXXXXXXXXXXXXXXXXXXXXXXXX0XXXXXXXXXXX


Generation 70/75  F=U(0.347589641088, 1.0)  N_hist=16800
------------------------------------------------------------------------------------------------------------------------
X0X0X00X0XXX0XXXXXXXXXXXXXXXXXXXXXXXXXXXXXXXXXXXXXXXXX0XXXXXXXXXXXXXXXX0XXXXXXXXXXXXXXXXXXXXXX0XXXXXXXX0XXXXXXXXXXXXXXXX
0XXXXXXXXXXXXXXXXXXXXXXXXXXXXXXXXXXXXXX0XXXXXXXXX0XX00XXXXXXXXXXXXXXXXXXXXXXXXXXXXXXXXXXXX0XXX0XXXXXXXXXXXXXXXXXXXXXX0XX


Generation 71/75  F=U(0.309354780568, 1.0)  N_hist=17040
------------------------------------------------------------------------------------------------------------------------
00XXXX000X00XXXXXXXXXX0XXXXXXXXXXXXXXXXXX0XXXXXXXXXXXXXXXXX0XXXX0X0XXXXXXXXXXXXXXXX1XXXXXXXXXXXXXXXXXXX00XXXXX0XX00XXXXX
XXXXXXXXXXXXXXXXXXXXXXXXXXXXXXXXXXXXXX0XXXXXXXXXXXXXXXX00X0XXXXXXXXX0XXXXXXXXXXXXXXX0XXXXXXXXXXXXXXXXXXXXXXXXXXXXXXXXXXX


Generation 72/75  F=U(0.342762755785, 1.0)  N_hist=17280
------------------------------------------------------------------------------------------------------------------------
00X0XXXXX00X0XXXXXXXXXX0XX0XX00XXXXXXXXXXXXX0XXXXXXXXXXXXXXXXXXXXXXXXXXXXXXX0XXXXXXXXXXXXXXXXXX0XXXXXXXXXXXXXXXXXXXXXXXX
XXXXXXXXXXXXXXXXXX0XXXXXXXXXXXXXX0XXXXXXXXXXXXXXXXXXXXXXXXXXXXXXXXXXXXXXXXX0XXXXXXXXXXXXXXXX0XXXXXXXXXXXXXXXXXXXXX0XXXXX


Generation 73/75  F=U(0.305058852649, 1.0)  N_hist=17520
------------------------------------------------------------------------------------------------------------------------
00000XX0XXXXX00XXXXXXXXXXXXXXXXXX0XXXXXXX00XXXXXXXXXXXXXX0XXXXXXXXXXXXXXXXXXXXXXXXXXXXXXXXXXXXXXXXXXXXXXXXXXXXXXXXXXXXXX
XXXXXXXXXXXXXXXXXXXX0XXXXXXXXXXXXXX0XXXXXXXXXXXXXXXXXXXXXXXXX0XXXXXXXXXXX0XXXXXXXXXXXXXXXXXXXX0XX0XXXXXXXXXXXXXXXXXXXXXX


Generation 74/75  F=U(0.271502378857, 1.0)  N_hist=17760
------------------------------------------------------------------------------------------------------------------------
0XX0XXXX0XXXXXXXXXXXX0XXXXXXXXXXXXXX0XXXXXXXXXXXXXXXXXXXX0XXXXXXX0XXXXXXXXXXXXXXXXXXXXXXXXXXXXXXXXXXXXXXXXXXXXXXXXXXXXXX
XXXXXXXXX0XXXXXXXXXXXXXXXX0X00XXX0XXXXXX0X0XXXX0XX0XXXXXXXXXXXXXXXXXXXXXXXXXXXXXXXXXXXXXXXXXXXXXXXXXXXXXXXXXX0XXXXXXXXXX


Generation 75/75  F=U(0.300822581143, 1.0)  N_hist=18000
------------------------------------------------------------------------------------------------------------------------
XX00XXXXXXXXXXXXXXXXXXXXXX0XXXXXXXXXXXXXXXXXXXXXXXXXXXXXXXXXXXXXXXXXXXXXXXXXXXXXX000XXXXX0XXXXXX0XXXXXXXXXXXXXXXXX1XXX0X
XXXXXXXXXX0XXXXXXXXXXXXXXXXX0XX0XXXXXXXXXXXXXXXXXXXXXXXXXXXXXXXX0XX0XXXXX00XXXXXXXXXXXXXXXXXXXXXXXXXXXXXXXXXXXXXXXX0XXXX


Maximum number of iterations reached.

SSE=16.015 on eval 18240: L=2.06915e+08 b=3.32948* r=0.467637 rf=0.929743 t0=61.3258 th=15.7481


Shutting down DE...
DE shutdown complete.

Final population:
Population: 240 individuals with SSE 16.015 to 16.451, avg eval time 0.036 sec. Top 7:

        SSE |     16.015       16.025       16.031       16.033       16.037       16.044       16.046  
------------------------------------------------------------------------------------------------------------------------
          L | 2.0691e+08   6.1684e+07   3.8335e+07   1.2022e+08    3.117e+08   2.4315e+08   1.7153e+08  
          b |     3.3295*      2.3792*      5.6433       7.3185       10.604      0.65697*      36.481  
          r |    0.46764      0.48575      0.48265      0.47433      0.47214      0.47354      0.46937  
         rf |    0.92974      0.93224      0.93116       0.9261      0.93732      0.92294      0.93416  
         t0 |     61.326       60.893       60.871       61.122       61.198       61.146       61.355  
         th |     15.748       15.921       15.993       15.557        16.31       15.323       15.951  
------------------------------------------------------------------------------------------------------------------------
Best individual:
<SSE=16.0151 L=2.06915e+08 b=3.32948* r=0.467637 rf=0.929743 t0=61.3258 th=15.7481>


Elapsed time: 221.29 seconds

Saved final population of best parameter combinations to covid19.dat
Shutting down...
Task Queue is shut down
Goodbye
