Decompressing and parsing covid19.csv.bz2...
Cumulative and new cases reported thus far for US
------------------------------------------------------------------------------------------------------------------------
000	01/22	1	0
001	01/23	1	0
002	01/24	2	1
003	01/25	2	0
004	01/26	5	3
005	01/27	5	0
006	01/28	5	0
007	01/29	5	0
008	01/30	5	0
009	01/31	7	2
010	02/01	8	1
011	02/02	8	0
012	02/03	11	3
013	02/04	11	0
014	02/05	11	0
015	02/06	11	0
016	02/07	11	0
017	02/08	11	0
018	02/09	11	0
019	02/10	11	0
020	02/11	12	1
021	02/12	12	0
022	02/13	13	1
023	02/14	13	0
024	02/15	13	0
025	02/16	13	0
026	02/17	13	0
027	02/18	13	0
028	02/19	13	0
029	02/20	13	0
030	02/21	15	2
031	02/22	15	0
032	02/23	15	0
033	02/24	51	36
034	02/25	51	0
035	02/26	57	6
036	02/27	58	1
037	02/28	60	2
038	02/29	68	8
039	03/01	74	6
040	03/02	98	24
041	03/03	118	20
042	03/04	149	31
043	03/05	217	68
044	03/06	262	45
045	03/07	402	140
046	03/08	518	116
047	03/09	583	65
048	03/10	959	376
049	03/11	1281	322
050	03/12	1663	382
051	03/13	2179	516
052	03/14	2727	548
053	03/15	3499	772
054	03/16	4632	1133
055	03/17	6421	1789
056	03/18	7783	1362
057	03/19	13677	5894
058	03/20	19100	5423
059	03/21	25489	6389
060	03/22	33276	7787
061	03/23	43847	10571
062	03/24	53740	9893
063	03/25	65778	12038
064	03/26	83836	18058
065	03/27	101657	17821
066	03/28	121478	19821
067	03/29	140886	19408
068	03/30	161807	20921
069	03/31	188172	26365
070	04/01	213372	25200

Initializing 210 population members having 7 parameters
------------------------------------------------------------------------------------------------------------------------

SSE=19.729 on eval 1: L=4.72259e+06 a=2574.88 b=312.154 n=0.472448 r=0.0913184 t0=516696 ts=56.9892

*947

SSE=11.48 on eval 5: L=4.01195e+06 a=2885.09 b=358.677 n=0.35772 r=0.106974 t0=425478 ts=56.5608

!4993699999955994993199919549599998839999959994969299992593924939999797399999299694199839974995999994890949299929999
994999992936999999999593939925999919499999959699442999999999991999749937292212929999999592

Population: 210 individuals with SSE 11.48 to 1e+09, avg eval time 0.356 sec. Top 7:

        SSE |      11.48       11.512       11.769       11.792       12.448       13.365       16.335  
------------------------------------------------------------------------------------------------------------------------
          L | 4.0119e+06   2.9252e+06   1.6371e+06    2.839e+06    4.077e+06    4.942e+05   2.6503e+06  
          a |     2885.1       4250.3       2949.1       2879.8       2082.1       2230.3         2340  
          b |     358.68       223.67       217.48       313.71       124.78       375.95       396.06**
          n |    0.35772      0.36653      0.47456      0.14081       0.4268     0.015602*     0.75157  
          r |    0.10697     0.078446      0.10496       0.1341      0.11855      0.22185     0.062156  
         t0 | 4.2548e+05   5.7575e+05        65968   6.8472e+05   7.7023e+05   9.6342e+05** 9.5973e+05**
         ts |     56.561       56.842       56.485       56.397       55.973       56.332       56.708  
------------------------------------------------------------------------------------------------------------------------
Best individual:
<SSE=11.4800 L=4.01195e+06 a=2885.09 b=358.677 n=0.35772 r=0.106974 t0=425478 ts=56.5608>


Population: 210 individuals with SSE 11.48 to 1e+09, avg eval time 0.356 sec. Top 7:

        SSE |      11.48       11.512       11.769       11.792       12.448       13.365       16.335  
------------------------------------------------------------------------------------------------------------------------
          L | 4.0119e+06   2.9252e+06   1.6371e+06    2.839e+06    4.077e+06    4.942e+05   2.6503e+06  
          a |     2885.1       4250.3       2949.1       2879.8       2082.1       2230.3         2340  
          b |     358.68       223.67       217.48       313.71       124.78       375.95       396.06**
          n |    0.35772      0.36653      0.47456      0.14081       0.4268     0.015602*     0.75157  
          r |    0.10697     0.078446      0.10496       0.1341      0.11855      0.22185     0.062156  
         t0 | 4.2548e+05   5.7575e+05        65968   6.8472e+05   7.7023e+05   9.6342e+05** 9.5973e+05**
         ts |     56.561       56.842       56.485       56.397       55.973       56.332       56.708  
------------------------------------------------------------------------------------------------------------------------
Best individual:
<SSE=11.4800 L=4.01195e+06 a=2885.09 b=358.677 n=0.35772 r=0.106974 t0=425478 ts=56.5608>

Performing DE with CR=0.8, F=U(0.5, 1.0), DE/rand-1.00/1/bin
------------------------------------------------------------------------------------------------------------------------
Press the 'Enter' key to abort.



Generation 1/100  F=U(0.5, 1.0)  N_hist=210
------------------------------------------------------------------------------------------------------------------------
X2XXX191X5XX11XX992X2XXX6X4XXXX9XXXX1X3X6291X3X14198X9X31X32121XXXX9X192X9XX311XX9X213XXXXXX5XX11X9X9X9X9XX2X9XXX96324X1
92XXX93224X2X24XX23X3999292299121XXXXXX3X1X19X3X29

SSE=10.791 on eval 380: L=785756 a=2247.96 b=79.0172 n=0.0615713 r=0.181681 t0=808924 ts=56.0617

+XXX3X25XXX3X49XX2X9XX3XXXXX4XXX215XX27X9


Generation 2/100  F=U(0.5, 1.0)  N_hist=420
------------------------------------------------------------------------------------------------------------------------
XX3XXXX2XX92XXX2XX1XXXXXXX1XXX257XXXX52X1X12X899X1XXX29X1XXXXXXX6X9XX6X68XX99XXXX1XX9X2XXX1XX9XX9XX2X31X079XXX9X1X11XXXX
3XXXXXXXXXX12X35XX9XX21X2XX2

SSE=7.4621 on eval 568: L=607267 a=3360.06 b=86.3183 n=0.106604 r=0.159829 t0=247432 ts=56.3503

+9XXX1X9X332X7X3209997XX9XXXX49X1XX21X9X4X09XX1X2X186X5X1329X9X


Generation 3/100  F=U(0.5, 1.0)  N_hist=630
------------------------------------------------------------------------------------------------------------------------
X6XXX12XX9XX91X2XX12XXXX212X8XX1122XXX4X7XX2X3X4XXXXX4XXXX0XXXX9XXXXXX13XXX41X2X22X4XX8X44XX3XX2XXXXXX9XXX6XXX61214XX302
X1X1XXX9X2XXXXX2XX252XXXX25XX1XX1XXX2X1XXX4X2X1XXX2XX31XXX1XXX9XXXX8XXX03X71XXX9XX1XXXXXX2


Generation 4/100  F=U(0.5, 1.0)  N_hist=840
------------------------------------------------------------------------------------------------------------------------
XXXXXXX2XXX8XXX514XXXXXXX3XXXX1XX1XXX12XXX2094X21XXXX1XX2XXXX1X1XXX13XX3XXXX21XX1XXXXX2XXXXX7XX1XXX9XX3X113X1XX32XX92XXX
X2XXXXX23XXX1XXXXXXX2217XXX2XX3XXX1X8XXXX91XXXXX2X162XXXXXXXXXXX13XXXXXXX6X1XXXXX9X1XXXXXX


Generation 5/100  F=U(0.5, 1.0)  N_hist=1050
------------------------------------------------------------------------------------------------------------------------
1XX9XXX11XXXXX1X3XXXX4XXXXXXXXXXXX2XXXXXX29X211X3XXXXXXXX35XXXXXX5XX611X3XXXXXXX3XXXXX3X32XXXXX26XXXXXXXX2XXXXXXXX1XXXXX
XXXXX1XXXXXXXXX2XX3XXXX111XXXX3X1XXXXX2XXX1XXXX11XXXX2XXXXXXXXX2XXXXXX12XXXXXXXXXXXXX2022X


Generation 6/100  F=U(0.5, 1.0)  N_hist=1260
------------------------------------------------------------------------------------------------------------------------
XXXXXX2X2XXX2XXXX22XXX1XXXXXXXXXXXXXXXX1XX1XXXXXXXXXXXXXXXX91XX32XX1XXX6XX2XX3XXXX1X1XXXXXXXX1222XX1XXX2XXXXXXXXX2X11XX2
XXX361221X3XXX1XX1XX5XXX22XXXXXXXXXXX1X11X32XXXXXXXXX1XXXXXXXXXXXXXXXXXXX3XXXX4X2XXX12X1XX


Generation 7/100  F=U(0.5, 1.0)  N_hist=1470
------------------------------------------------------------------------------------------------------------------------
XXXXXXX1XXXXX1XXX1X2XXX1X2X122421X111221111X2X0XX111XXXXXXXXXXX2X1XXXXXXXXXXXXXXXXXXXXXXXXX02XXXX1XXXXXXXXXXXXX11XXX11XX
XXXX1XXXX1XXXXXXXXXXX321X1XXXXX1XXXXXXXXXXXXXXXX1X1XXXX11XXXXXXXXX2XXXXXXXXXXXXXXXXXXXXX11


Generation 8/100  F=U(0.5, 1.0)  N_hist=1679
------------------------------------------------------------------------------------------------------------------------
111X1XXXXX22XX1XXX21X1X1XXXX1XXXXX1XX11XX2XXXXXXXXXXXXXX1111X1XXXXX122XXX1XX011XX1XXX2XXX1XXXXXX2XXXXXX12XXXXXX1XXX11XXX
XXXXXXX11XXXXXXXXX1XX1XXXX2XXXXXXXXXXXX2X1XXXXXXXX1XXX1XXXXXXXXX1XXXXXX1XXXXXXXXXX2XX1XXX1


Generation 9/100  F=U(0.5, 1.0)  N_hist=1889
------------------------------------------------------------------------------------------------------------------------
112X12XX1XXXXXX1X2XXXXXXXXXX1XXXXXXXX111XXXXXXXXXXXXXXXX2XXXXXXX111XXXXXXXXXX1XX11XXXXXX2X1X1XXXXXXXXXXXX1XXXX1XXX1XXXXX
XXXXXXXXXXXX2XXXXXXXXXXXX1XXX1X1X2XXXXXXXXX1X1XXXXXXXXXXXXXXXXXXXXXXXXXXXXXXX1XXXXXXXXXXXX


Generation 10/100  F=U(0.5, 1.0)  N_hist=2100
------------------------------------------------------------------------------------------------------------------------
XX221XX1XXXX22XXXXXXX1XXXXXXXXXXXXXXXXXXXXX5011XXXXX2XXXXX2XXXXXXXXXXXXXX12XXX12XXX1XXXXX221XXX1XXXXX2XXXX1X1XXXXXXXXXXX
X2X2X2XX0XXXX111XXXXXXXXXXXXX10XXXXXXXXXX1X1X2XXX1XXXXXXXXXXXXXXXXX2X1XXXXXXXXX211XXXXXXXX


Generation 11/100  F=U(0.5, 1.0)  N_hist=2310
------------------------------------------------------------------------------------------------------------------------
111111112XXXXX1XXXXXXXXXXXX2XXX1XXXXXXXXXXXXXX11XXXXXXXX1XXXXXXXXXXXXXXXXXXXXXXX1X2XXXXXXXXXX2XXXXXXXXX1X2XXXXXXXXXXX111
XXXXXXXX1XXX1XXX11X32XXXX2XXXXXXXXXXXX1XXXX1XX2XXX1XX11XXXXXXXXXXXXXXXXXXXX0XXXXXXXXXXXXXX


Generation 12/100  F=U(0.5, 1.0)  N_hist=2520
------------------------------------------------------------------------------------------------------------------------
1211X1X1XXXXX1XXXX1X1XXXXXXXXXXXXXXXXXXXXXXXXXX2XXXXXXXXXXXXX1X2XXXXXXXXXXXX1XX1XXXX1XXXXX1XXXXXXXXX1XXXXXX1X1X1XXXXXXXX
X1XXXXXXXXXXXXXXX2XXXXXXXXXX2XX1XXXX1XXXXXXXXXXXXXXXXXXXXXXXXX1XXXXXXXXX1XXXXXXXXXXXXXXXXX


Generation 13/100  F=U(0.5, 1.0)  N_hist=2730
------------------------------------------------------------------------------------------------------------------------
11XXXXXXXXXXX1XXXXXXXXXXXXXXXXXXX11XXXX22XXXXXXXXXXXXXXXXX11XXXXXXXXXXXXX2X11X1XXXX1XXXXXX1XX1XX2X1XXXXX11XX1XXXXXXXXXXX
XXXXXXXXXXXXXXXXXXXXX012XXXXXXXXXXXXXXXXXXXXXXXX1XXXXXXXXXXXXXXXXXXXXXXXX11XXXXXXXXXXXXXXX


Generation 14/100  F=U(0.5, 1.0)  N_hist=2940
------------------------------------------------------------------------------------------------------------------------
011X322XXXXXXXXXXXXXXXXXXXXX1X1XX1XXXXX1XXXXXXX12XXX1XXX2XXXXXXXX111XXXXXXXXXXXXXXXXXX1XXXXXXXXXXXXXXXXXXXXXXXXXXXXXXXXX
XXXXXXXXXXXX11XXXXX1XXX1XX2XXXXXXXXXXXXXXXXXXXXXXXXXXXXXXXX2XXXXXXXXXXXXX1XXXXXXXXXXXXXXXX


Generation 15/100  F=U(0.5, 1.0)  N_hist=3150
------------------------------------------------------------------------------------------------------------------------
2X1XXXXXXXXX1XXXXXXXXXXXXXXXXXXX1XXXXXXXXXXXXXXXXXXX0XXXX1XXXXXX1XXX1XX1XXXXXXXXXXXXXXXXX1X2XXXXXXXXXXXXXXXXXXXXXXX0XXXX
XXXXXXXXXXXXXXXXXXXXXXXXXXX1XXXXXXXXXXXXX1XXXXXXXXXXXX1XXXXXXXXXXX1XXXXXXXXXXXXXXXXXXXXXXX


Generation 16/100  F=U(0.5, 1.0)  N_hist=3360
------------------------------------------------------------------------------------------------------------------------
111XX11XXX2XXXXXXXXXXXXXX2XXXXXXXXXX2XXXXXXXXXXX1XXXXXXXXXXXXXXX1XXXXXX11X01XXXXXXXXXXX1XXXXX2XXXXXXXXXXXXX1X1XXXXX2XXXX
XXXXXX1XXXXXXXXXXXXXX2XX1XXXXXXXXXXXXXXXXXX0XXXXXXXXXXXXXX1XXXXXXXXX1XX1XXXXXXXXXXXXXXXXXX


Generation 17/100  F=U(0.5, 1.0)  N_hist=3570
------------------------------------------------------------------------------------------------------------------------
10X11XX1X1XXXXXXX111XX1XXXXXXXXX1XXXX1XXXXXX1XX1XX1XXXXXXXXXXXXXXXXXXXXXXXXXX1XXXXXXXX1X12XXXXXXXXXXXXXXXXXXXXXXXXXXXXXX
XXXX11XX1XXXXX1XXXXXXXX1XXXXXXX1XXXXXXXXXXX1XXXXXX1XXX1XXXX21XXXXXXXXXXXXXXXXXXXXXXXXXXXXX


Generation 18/100  F=U(0.5, 1.0)  N_hist=3780
------------------------------------------------------------------------------------------------------------------------
X1XXXX1XXXXXXXXXXX1XXXXXXXXXXXXXXXXXXXXX1XX10XXXXXXXXXXXXX1XXXXXX1XXXX1X2XXXX111XX211XXXXXXXXX1XXXXXXXXXXXXXXXXXXXX1XXXX
XXX1XXXXXXXXXXX2XXXXXXXXXX1XXXXXXXXXX3XXXXXXX21XXXXXXXXXXXXXXXXX1XXX2XXXXXXXXXXXXXXXXXXXXX


Generation 19/100  F=U(0.5, 1.0)  N_hist=3990
------------------------------------------------------------------------------------------------------------------------
1XX11XXXXXXXXXXXXXXXXXXX10XXXXXXXXXXXXXXXXXXXXXX1XXXXXXXXXXXXXXXXXXXXXX1XXXXXXXXX11X1XXXXXXXXXXXXXXXXXX1XXXXXXXXXX1XXXXX
XXX1XXXXXXXX1XXXXXXXXXX1XXXXXXXXXX1X1XXXXXXXXXXXXXXXXXXXXXX1XXXXXXXXXXXXXXXXXXXXXXXXXXXXXX


Generation 20/100  F=U(0.5, 1.0)  N_hist=4200
------------------------------------------------------------------------------------------------------------------------
12111XXXXXXXXXXXXXXXXXXXXXXXXXXXXXXXXXXXXX1XXXXX1XX1XXXXXXX1XXXXXXXXXXXXXXXX1XXX1XXX2XXXXXXXXXXXXXXXXXXXXXXXXXXXXXXXXXXX
1XXXXXXXXXXXXXXXXXXX2XXXXXXXXXXXX101XXXXXXXXXXXXXXXXXXXXXXXXXXXXXXXXXXXXXXXXXXXXXXXXXXXXXX


Generation 21/100  F=U(0.5, 1.0)  N_hist=4410
------------------------------------------------------------------------------------------------------------------------
1001XX1XXX11XXXXXXX0XXXXX11XX1XXXXXXXXXXXXXXXXXXXXXX1XXXXXXX111XXXXX1XXXXXXXXXXXXXXXXXXXXXXX1XXXXX1XXXXXXXX1XXXXXXXXXXXX
XXXXXXXXXXXXXXXXXXXXXXXX1X0XXXXXXXXXXXXXXXXXXX1X1XX1X1XXXXXXXXXXXXXXXXXX1XXXXXXXXXXXXXX1XX


Generation 22/100  F=U(0.5, 1.0)  N_hist=4619
------------------------------------------------------------------------------------------------------------------------
11X111112XX21XXXXXXXXXXXXXXXXXXXXXXXXXXXXX1XXXXXX11XXXXXXXXXXXXXXXXXXXXXXXXXXXXXXXXXXXXXXXXXXXXXXXXXXXXXXXXXX1X1XX11XXXX
XXXX1XXXXXXXXXXXXXXXXXXXXXXXXXX111XXXXXXX1XXXXXXXXXXXXXXXXXXXXXXXXXXXXXXXXXXXXXXXXXXXXXXXX


Generation 23/100  F=U(0.5, 1.0)  N_hist=4830
------------------------------------------------------------------------------------------------------------------------
1111XX1XX1XXXXXXXXXXXXXXXXXXXXXXXXXXXXXXXXXXXXXXXXXXXXXXXXXXX0XXXXXXXXX0XXXXXXXXXXXX1XXXX1XXXXX1XXXXX11XXXXXXXXXXXXXXXXX
XXXXXXXXXXXXXXXXXX1X22X11XXX01XXXXXXXXXXXX1XXXX1XXXXXXXXXXXXX1XXXXXXXXXXXXXXX1XXXXXXXXXXXX


Generation 24/100  F=U(0.5, 1.0)  N_hist=5040
------------------------------------------------------------------------------------------------------------------------
X11X111X1XXXXXXXXXX1XXXX1XXXXXXXXXXXXXXXXXXXXXXX1XXXXXXXXXXXXXXXXXXXXXXXXXXXXXXXXXXXXXX111XXXXXXXXX1XXXXXXXXXXXX1XXX1XXX
XXXXXXXX1XXXXXXXX1X1XXXXXX01XXXXXXXXXXXXXXXXXXXXXXXXXXXXXXX1XXXXXXXXXXXXXXXXX10XXXXXX1XXXX


Generation 25/100  F=U(0.5, 1.0)  N_hist=5250
------------------------------------------------------------------------------------------------------------------------
1XXXXXXXXXXXXXXXXXX1XXXXXXXX1111XXXXXXXXXXXXXXXXX1XXXXXXXXXXXX1XXXXXXXXXXXXXXXXXXX1XXXXXXXXXXXXXXXXXXXXXXX1XXXXXX1XXX1XX
X1XXXXXX0XXXXXXXXXXXXX1XXXXXX1XXXXXXXXXXX1111XXXXXXX1XXXXXXXX1XXXXXXXXXXXXXXXXXXXXXXXXXXXX


Generation 26/100  F=U(0.5, 1.0)  N_hist=5460
------------------------------------------------------------------------------------------------------------------------
11111112XXX1X1XXXXXXXXXXXXXXXXXXXXXXXXX1X1XXXXXXXXXXXXXXXXX1XXXXXXXXXXXXXXXXXXXXXXXXXXXXX111X1XXXXXXXXXXXXXXXXXXXXXXXX1X
XXXXXXX1XXXXXX0X1XXXXXXXXX1XXXXXXXX1XXXXXXXXXXX1XXXXXXXXXXXXXXXXXXXXXX1XXXXXXXXXXXXXXXXXXX


Generation 27/100  F=U(0.5, 1.0)  N_hist=5670
------------------------------------------------------------------------------------------------------------------------
011X1XX1XXXXXXXXXXXXXXX1XXXXXXXXXXXXXXXXXXXXXXXXXXXXXXX0XXXXXXXXXXXXX1XXXXXXXX1XXXXX1XXXXX1XXXXXXXX1XXXXX1XXXXXXXXXXXXXX
XX0XXXXXXXXXXXXXXXXXX0XXXXXXXXXXX2X1XXXXXXXXXX1XXXXXX1XXXXXXXXXXXXXXXXXXXXXXXXXXXXXXXXXXXX


Generation 28/100  F=U(0.5, 1.0)  N_hist=5880
------------------------------------------------------------------------------------------------------------------------
1X111X1XXXXXXXXXXXXXXXXXXXXXXXXXXXXXXXXXXXX00XXXXXXXXXXXXXXXXXXXXXXXXXXXXXXX21X1XXXXXXXXXXXX1XXXXXXXXXXXXXXXXXXXXXXXXXXX
XXXXX1X1XXXXXXXXXXXXXXXXXXXXX1XXXXXXX010XXXXXXXXXXXXXXXXXXXXXXXXXX1XXXXXXXX11XXXXXXXXXXXXX


Generation 29/100  F=U(0.5, 1.0)  N_hist=6090
------------------------------------------------------------------------------------------------------------------------
10X1XX1XXXXXXXXXXXXXXXXXXXXXXXXX1XXXXXXXX1XXXXXXXXXXXXXXXXXXXXXXXXXXXXXXXXXXXXXXXXXXX1XXXX1XXXXXXXXXXXXXXXX1XXXXXX1XX1XX
XXXXX1XXXXXXXXXXX0XXXXXXXXXXXXXXXXXXXXXXXXXXXXXXXXXXXXXXXXX11XXXXXXXXXXXXXXXXXXXXXXXXXXXXX


Generation 30/100  F=U(0.5, 1.0)  N_hist=6300
------------------------------------------------------------------------------------------------------------------------
110XXXXXXXXXXX11XX1XXXXXXXX111XXXXXXXXXXXXXXXX11XX11XX11XXXXXXXXXXXXXXXXXXXXXXXXXXXXX1XXXXX0XXXXXXXXXXXXXX0XX1XXXXXXXX11
XXXXXXXXXXXXXXXXXXXXXXXXXXX1XXXXXXXXXXXXXXXXXXXX1XXXXXXXX11XXXXXXXXXXXXXXXXXXXXXXXXXXXXXXX


Generation 31/100  F=U(0.5, 1.0)  N_hist=6510
------------------------------------------------------------------------------------------------------------------------
XXXXX0XXXXXXXXXXXXXXXXXXXXXXX1XXXXXXXXXXXXXXX1XXXXXXXXXXX1XXXXXXXXXXXXXXXX1XXXXXXXXXXXXXXXXXXXXXXXXXXXXX1X1XXXXX1X1XXX1X
XXXX111XXXXXXXXXXXXXXXXXXXXXXXX1XXXXXXXXXXXXXX1XXXXXXXXXXXXXXXXXXXXXXXXXXXXXXXXXXXXXXX1X0X


Generation 32/100  F=U(0.5, 1.0)  N_hist=6719
------------------------------------------------------------------------------------------------------------------------
1XXXXXXXXXXXXXXXXXXXXXXXXXXXXXXXXXXXXXXXXXXXXXXXXXXXXXXXXXXXXXXXXXXXXXXXXXXXXXXXXXXXXXXXXXXXXXXXXXXXXXXXXXXXXXXX1XXXXXXX
XXXXX1XXXXXXXXXXXXXXXXXXX1XXXXXXXXXXXXXXXXXXXXXX1XXXXXXXXXXXXXXXXXXXXXX1XXXXXXXXXXXXXXXXXX


Generation 33/100  F=U(0.5, 1.0)  N_hist=6930
------------------------------------------------------------------------------------------------------------------------
X11XXXXXXXXXXX1XXXXXXXXXXXXX0XXXXXXXXXXXXXXXXXXXXXXXXXXXXXXXXXXXXXXXXXX1XXXXX1XXXXXXXXX01XXXXXXXXX1XXXXXXXXXXXXXXXXXXXXX
XXXXXXXXXXXXXXX11XX1XXXXXXXXXXXXXXXXXXXXXXXXXXXXXXXXX1XXXXXXXXXXXXXXX1XXXXXXXXXXXXXXX0XXXX


Generation 34/100  F=U(0.5, 1.0)  N_hist=7139
------------------------------------------------------------------------------------------------------------------------
1XXXXXXXXXX1XXXXXXXXXXXXXXXXXXXXXXXXXXXXXXXXXXX01XXXXXXXXXXXXXXXXXXXXXXXXXXXX1XXXXXXXXXXXXXXXXX0XXXXXXXXXX0X1X0XXXXXXXXX
XXX1XXXXXXXXXXXXXXXXXXXXXXXX1XXXXXXXXXXXXXXXXXXXXXXXXX1XXXXXXXXXXXXXXXXXXXXXXXXXXXXXXXXXXX


Generation 35/100  F=U(0.5, 1.0)  N_hist=7350
------------------------------------------------------------------------------------------------------------------------
XXXXXXXXXXXXXXXXXXXXXXXXXXXXXXXXXXXXXXXXXXXXXXX1XXXXX0XXXXXXXXXXXXXXXXXXXXXXXXXXXXXXXXXXXXXXXXXXXXXXX1XX1XX1XXXXXXX1XXXX
XXXXXXXXXXXXXXXXXXXXXXXXXX1XXXX11XXXXXXXXXXXXXXXXXXXXXXX1XXXXXXXXXXXXXXXXXXXXXXXXXXXXXXXX1


Generation 36/100  F=U(0.5, 1.0)  N_hist=7559
------------------------------------------------------------------------------------------------------------------------
1X01X1XXXXXXXXXXXXXXXXXXXXXXXXXXXXXXXXXXXXXXX1X11XXXXXXXXXXXXXXX1XXXXXXXXXXXXXXXXXXXXXXXXXXXXXXXXXXXXX1XXXXXXXXXXXXXXXXX
X1XXXXXXXX1XXXXXXXXXXXXXXXXXXXXXXXX11XXXXXXXXXXXXXXXXXXX11XXXXXXXXXXXXXXXXXXXXXXXXXXXXXXX1


Generation 37/100  F=U(0.5, 1.0)  N_hist=7769
------------------------------------------------------------------------------------------------------------------------
X110XX0XXXXXXXXXXXXX0XXXXXXXXXXXXXXXXXXXXXXXXXXXXXXXX1XXXX1XXXXXXXXXXXXXXXXXXXXXXXXXXXXXX1XXXXXXX1XXXXXXX1XXXXXXXXXXXXXX
XXXXXXXXXXXXXXXXXX1XXXXXXXXXXXXXXX10XXXXXXXXXXX1X1XXXXXXXXXXXXXXXXXXXXXXXXXXXXXXXXXXXXXXX1


Generation 38/100  F=U(0.5, 1.0)  N_hist=7979
------------------------------------------------------------------------------------------------------------------------
XXXXXXXXXXXX1XXXXXXXXXXXXXXXXXXXXXXXXXXXXXXXXXXXXX0XXXXXXXXXXXXXXXXXXXXXXXXX0XXXXXXXXXXXXXXXXXX1XXXXXXXXXXXXX1XXX1XXXXXX
XXXXXXXXXXXXXXXXXXXXXXXXX0XXXXXXXXXXXXXXXX0XXXXXXXXXX10XXXXXXXXXXXXXXXXXXXXXXXXXXXXX1XXXXX


Generation 39/100  F=U(0.5, 1.0)  N_hist=8190
------------------------------------------------------------------------------------------------------------------------
XXXXXXXXXXXXXXXXXXXXXXXXXXXXXXXXXXXXXXXXXXXXXXXXXXXXXXXXXXXXXXXXXXXXX1XXXXXXXXXXXXXXXXXXX1XX1XXXXXXXXXXXXXXXXXXXXXXXXXXX
XX01XXXXXX0XXXXXXX1XXXXXXXXXXXXXX1XXXXXXXXXXXXXXXXXXXXXXXXXXXXXXXXXXXXXXXXXXXXXXXXXXXXXXXX


Generation 40/100  F=U(0.5, 1.0)  N_hist=8400
------------------------------------------------------------------------------------------------------------------------
11XXXXXXXXXXXX1XXXXXXXXXXXXXXXXXXXXXXXXXX0XXXXXXXXXXXXXXXXXXXXXXXXXXXXXXXXXXXXXX1X1X1XX1XXXXXXXXXXX1XXXXXXXXXXXXXXXXXXX1
XXXXXXXXXXXXXXXXXXXXXXXXXXXXXX0X1XX1XXXXXXXXXXXXXXXXXXXXXXXXXXXXXXXXXXXXXXXXXXXXXXXXXXXXXX


Generation 41/100  F=U(0.5, 1.0)  N_hist=8610
------------------------------------------------------------------------------------------------------------------------
0X1XXXXXXXXX1XXXXXXXXXXXXXXX1XXXXXXXXXXXXXXXXX0XXXXXXXXXXXXXXXXXXXXXXXXXXXXXXXXXXXXXXXXXXXXXXXXXXXXXXXXXXXXXXXXXXXXXX1XX
XXXXXXXXXXXXXXXX1

SSE=7.2738 on eval 8750: L=588470 a=3101.29 b=35.247 n=0.180712 r=0.157168 t0=11560.6* ts=56.0878

+1X1XXXXXXXX1XXXXXXXXXX0X1XXXXXXXXXXXXXXXXX0XXXXXXXXX11XXXXXXXXXXXXXXXXXXX


Generation 42/100  F=U(0.5, 1.0)  N_hist=8820
------------------------------------------------------------------------------------------------------------------------
XX1XXX1XXXXXXXX1XXXXXXX1XXXXXXXXXX0XXXXXXXXXXXXXXXXXXXXXX111XXXXXXXXXXXXXXX1XXXXXXXXXXXXXXXXXXXXXXXXX1XXXXXX1XXXXXXX1X1X
XXXXX0XXX11XXXXXXXXXXX1XXXXXXXXXXXXXXXXXXXXXXXXX0XXXXXXXXXXXXXXXXXXXXXXXXXXXXXXXXXXXXXXXXX


Generation 43/100  F=U(0.5, 1.0)  N_hist=9030
------------------------------------------------------------------------------------------------------------------------
X0XX1XXXXXXXXXXX11XXXXXXXXXXXXXXX1XXXXXXXXXXXX01XXX11XXXXXXXXXXXXXXXXXXXXXXXXXXXXXXXXXXXXXXXXXXXXXXXXXXXXXXXXXXXXXXXXXXX
XX1X01XX1XXXXXXXXXXXXXXXXXXXXXXXXXXXXXXXXXXXXXXXXXXXXXXXXX1XXXXXXXXXXXXXXXXXXXXXXXXXXXXXXX


Generation 44/100  F=U(0.5, 1.0)  N_hist=9240
------------------------------------------------------------------------------------------------------------------------
111XX0XXXXXXXXXXXXXXXX0XXXXXXXXXXXXXXXXXXXXXXXXXXXXXXXXXXXXXX1XXXXXXXXXXXX0XX1XXXXXXXXXXXXXXXXXXXXX111XXXXXXX1XXXXXXXXXX
XXXXXXXXXXXXX0XXXXXXX1XXXXXXXXXXXXX000XXXXXXXXXXXX0XXXXX1XXXXXXXXXXXXXXX1XXXXXXXXXXXXXXXXX


Generation 45/100  F=U(0.5, 1.0)  N_hist=9450
------------------------------------------------------------------------------------------------------------------------
1X1XXX1XXX1XXX1XXXXXXX1XXXXXXXXXXXXXXXXXXXXXXXXXXX1XXXXXXX1XXXXXXXX11XXXX1XXXXXXXXXXX1XXXXXXXXXXXXX1XXXXXXXXXXXXXXXXXXXX
XXXXXXX1XXXX1XXXXXXXXXXXXXXXXXXXXXXXXXXXXX1XXXXXXXXXXXXXXXXXXXXXXXXXXXXXXXXXXX0XXXXXXXXXXX


Generation 46/100  F=U(0.5, 1.0)  N_hist=9660
------------------------------------------------------------------------------------------------------------------------
X1XXXXXXXXXXX1XXX1XXXXXXXXXXXXXXXXXXXXXXXXXXXXXXXXXXXXXXX1XXXXXXXXXXXXX1XXXXXXX1XXXXXXXXXXXXXXXXXXXXXXXXXXXXXXXXXXXXXXXX
X1XXXX1XXXXXXXXXXXXXXXXXXXXXXXXXXXXXXXXXXXXXXXXX1XXXXXXXXXXXXXXXX11XXXXXXXXXXXXXXXXXXXXXXX


Generation 47/100  F=U(0.5, 1.0)  N_hist=9870
------------------------------------------------------------------------------------------------------------------------
X1XXXXXXXXXXXXXXXXXXXXXXXXXXXXXXXXXXXXXXXXXXXXXXXXXXXXXXXXXXXX1XXXXXXXXXX1XXXXXXXXXXXXXXXXXXXXXXXXXXXXXXXXXXX1XXXX01XXXX
XXXXX1XXX0XXXXXXXXXXXXXXXXXXXXXXXXXXXXXXXXX11XXXXXXXXXXXXXXXXXXXXXXXXXXXXXXXXXXXXXXXXXXXXX


Generation 48/100  F=U(0.5, 1.0)  N_hist=10080
------------------------------------------------------------------------------------------------------------------------
110XXXXXXX1XXXXXXXXXXXXXXXXXXXXXXXXXXXXXXXX0XXXXXXXX1XXXXXXXXX1XXXXXXXXXXXXXXXX1XXXXXXXX1X1X1XXXXXXXXXXXXXXXXXXXXXXXXX1X
XXXXXXXXX1XXXXXXXXXXXXXXXXXXXXXXXXXXXXXXXXXXXXXXXXXXXXXXXXXXXXXXXXXX0XXXXX1XXXXXXXXXXXXXXX


Generation 49/100  F=U(0.5, 1.0)  N_hist=10290
------------------------------------------------------------------------------------------------------------------------
0X1X1XXXXXXXX0XXXXXXXXXXXXXXXXXXXXXXXX11XXXXXXXXXX1XXXXXX1XXXXXXXXXXXXXXXXXXXXX1XXXXXX1XXXXXXXXXXXXXXXXXXXXXXXXXXXXXX0XX
1XXXXXXXXXXXXXXXXXXXXXXXXXXXXXXXXXXXXXXXXXXXXXXXXXXXXXXXXXXXXXXXXXXXXX1X1XXXXXXXXXXXXXXXXX


Generation 50/100  F=U(0.5, 1.0)  N_hist=10500
------------------------------------------------------------------------------------------------------------------------
10X0XXXXXXXXXXXXXX0XX1XXX0XXXXXXXXXXXXXXXXXXXXXX0XXXXXXXXXXXXXXX1XXXXXXXXXXXXXXXXXXXXXXXXXX1XXXXXXXXXXXXXXXXXXXXX1XXXXXX
XXXXXXXXXXXXXXXXXXXXXXXXXXXX110XX1XXXX1XXXXXXXXXXXXXXXXXXXXXXXXXXXXXX00XXXXXXXXXXXXXXXXXXX


Generation 51/100  F=U(0.5, 1.0)  N_hist=10710
------------------------------------------------------------------------------------------------------------------------
X1XXXXXXXXXX1XXXXXXXXXXXXXXXXXXXXXXXXXXXX1XXXXXXXXXX1XXXXXXXXXXXXXXXXXXXXXXXXXXXXXXXXXXXXXXXXXXXX0XXXXXXXXXXXXXXXXXXXXXX
XX1XXXXXXXXXXXXXXXXXXXXXXXXXXXXXXXXXXXXXXXXXXXXXXXXXXXX1XXXXXXXXXXXXXXXXXXX1XXXXXXXXXXXXXX


Generation 52/100  F=U(0.5, 1.0)  N_hist=10920
------------------------------------------------------------------------------------------------------------------------
0XXXXXX1XXXXXXXXXXX1XXXXXXXXXXXXXXXXXXXXXXXX0XXXXXXXXXXXXXXXXXXXXX0XXXXXXXXXXXXXX0XXXXXXXXXXXXXXXXXXXXXX1XX1XXXXXXXXXXXX
XXXXXXX101X1XXXXXXXXXXXXXXXXX1XXXXXXXXXXXXXXXXXXXXXXXXXXXXXXXXXXXXXXXXXXXXX1XXXXXXXXXXXXXX


Generation 53/100  F=U(0.5, 1.0)  N_hist=11130
------------------------------------------------------------------------------------------------------------------------
1XX1XXXXXXXX1XXXXXXXXXXXXXXXXXXXXXXXXXXX1XXXXXXXXXXXXXXXXXXXXXXXXXXXXXXXXXX1XXXXXXXXXXXXXXXXXXXXXXXXX1XXX01XXXXXXXXXXXXX
XXXXXXXXXXXXXXXXXXXXXXXXXXXXXX1XXXXXXXXXXXXXXXXXXXX0XXXXXXXXXXXXXXX110XXXXXXXXXXXXXXXXXXXX


Generation 54/100  F=U(0.5, 1.0)  N_hist=11340
------------------------------------------------------------------------------------------------------------------------
111X1XXXXXXXXXXXXXXXXXXXXXXXXXXXXX1XXXXXXXXXXXX111XXXXXXXXXXXXXXXXXXXXXX1XXXXXXXXXXXXXXX01X10XXXXXXXXXXXXXXXXXXXXXXXXXXX
XXXXXXXXXXXXXXXXXXXXXXXXXXXX0XXXXXXXXXXXXXXXXXXXX1XXXXXXXXXXXXX1XXXX1XXXXXXXXXXXXXXXXXXXXX


Generation 55/100  F=U(0.5, 1.0)  N_hist=11550
------------------------------------------------------------------------------------------------------------------------
X1XXXXXXXXXXXXXXXXXXXXXXXXXXXXXXXXXXXXXXXXXXXXXXXXXXXXXXXXXXXXXXXX0XXXXXXXXXXXXXXXXXXXXXXXXXXXXXXXXXXXXXXXXXXXXXXXXXX01X
XXXXXXXXXXXXXXXXXXXXXXXXXXXXXXXXXXXXXXXX1XXXXXXXXXXXXXXXXXXXXXXXXXXXXXXXXXXXXXXXXXXXXXXXXX


Generation 56/100  F=U(0.5, 1.0)  N_hist=11760
------------------------------------------------------------------------------------------------------------------------
11XXX1XXXXXXXXXXX1XXXXXXXXXXXXXXXXXXXXXXXXXXXXXXXXXXXXXXXXXXXXXXXXXXXXXXXXXXXXX1XXX1XXXXXXXXXXXX0XXXXXXXXXXXXXXXXXXXXXXX
XXXXXXXXXXXXXXXXXXXXXXXXXXXXXX111XXXXXXXXXXXXXXXXXXXXXX1XXXXX1XXXXXXXXXXXXXXX0XXXXXXXX0XXX


Generation 57/100  F=U(0.5, 1.0)  N_hist=11969
------------------------------------------------------------------------------------------------------------------------
XX11XXXXXXXXXXXXXXXXXXXXXXXXXXXXXXXXXXXXXXXXXXXX1XXXXXXXX1XXXXXXXXXXXXXXXXXXXXXXXXXXX1XXXXXXXXXX01XX0XXXXXXXXXXXXX11XXXX
XXXXXXXXXXXXXXXXXXXXXXXXXXXXXXX1XXX11XXXXXXXXXXXXXXXXXXXXXX1XXXXXXXXXXXXXXXXXXXXXXXXXXXXXX


Generation 58/100  F=U(0.5, 1.0)  N_hist=12180
------------------------------------------------------------------------------------------------------------------------
1X0XXXXX1XXXXXXXXXXXXXXXXXXXXXXXXXXXXXXXXXXXXXXXXXX1XXXXXXXXXXXXXXXXXXXXXXXXXXXXXXXXXXXXXXXXXXXXX11XXXXXXXXXXXXXXXXXXXXX
XXXXXXXXXXXXXXX1XXXXXXXXXXXXXXXXXXXXXXXXXXXXXX01XXXXXXXXXXXXXXXXXXXXXXXXXXXXXXXXX1XXXXXXXX


Generation 59/100  F=U(0.5, 1.0)  N_hist=12390
------------------------------------------------------------------------------------------------------------------------
X1X0XX1XXXXXXXXXXX11XXXXXXXXXXXXXXXXXXXXXXXXXXXXXXXXXXXXX0XXXXXXXXXXXXXXXXXXXXXXXXXXXXXXXXXXXXXXXXXXXX11XXXXXXXXXXXXXXXX
XX1XXXXXXXXXXXXXXXXXXXXXXXXXXX00XXXXXX1XXXX1XXXXXXXXXXXXXXXXXXXX0XXXXXX01XXXXXXXXXXXXXXXXX


Generation 60/100  F=U(0.5, 1.0)  N_hist=12600
------------------------------------------------------------------------------------------------------------------------
XXXXXXXXXXXXXXXXXXXXXXXX0XXXXXXXXXXXXXXXXXXXXXXXXXXXXXX1XXXX1XXXXXXXXXXXXXXXXXXXXXXXXXXXXXXXXXXXXXXXXXXXXXX1XXXXXXXXXXXX
XX1XXXXXXXXXXX0XXXXXXX1XXXXXXXXXXXXXXXXXXXXXXXXXXXX0X1XXXXXXXXXXXXXXXXXXXXXXXXXXXXXXXXXXXX


Generation 61/100  F=U(0.5, 1.0)  N_hist=12810
------------------------------------------------------------------------------------------------------------------------
1X0XX0XXXXXXX0XXX0XXXXXXXXXXX0XXXXXXXXXXXXXXXX1XXXXXXXXXXXXXXXXX0XXXXXXXXXXXXXXXXXXXXXXXXXXXXXXXXXXXX1XXXXXXXXXXXXXXXXX1
XXXX0XXX10XXXXXXXXXXXXXXXXXXXXXXXXXXXXXXXXXXXXXXXXXXXXXX1XXXXXXXXXXXXXXXXXXXXXXXXXXX1XXXXX


Generation 62/100  F=U(0.5, 1.0)  N_hist=13020
------------------------------------------------------------------------------------------------------------------------
XXXXXXXXXXXX0XX1XXXXXXXXXXXXXXXXXXXXXXXXXXXXXXXXXXXXXXXXXXX0XXXXXXXXXXXXXXXXXXXX1XXXXXXXXXXXXXXX1XXXXXXXXXXXXXXXXXXXXXXX
X0XXXXXXXXXXXXXXXXX0XXXXXX1XXXXXXXXXXXXXXXXXXXXXXXXXXXXXXXXXXXXXXXXX1XXXXXXXXXXXXXXXXXXXXX


Generation 63/100  F=U(0.5, 1.0)  N_hist=13230
------------------------------------------------------------------------------------------------------------------------
X01XXXXXXXXXXXXXXXXXXXXXXXXXXXXXXXXXXXXXXXXXXXXXXXXXXXXXXXXXXXXXXXXXXXXXXXXXXXXXXXXXXXXXXXXXXXXXXXXXXXXXXXXX1XXXXXXXXXXX
XXXXXXXXXXXXXXXXXXXX1XX1XXXXXXXXXXXXXXXXXXXXXXXXXXXXXXXXXXXXXXXXXX0XXXXXXXXXXXXXXXXXXXXXXX


Generation 64/100  F=U(0.5, 1.0)  N_hist=13440
------------------------------------------------------------------------------------------------------------------------
XXXXXXXXXXXXXXXXXXXXXXXXXXXXXXXXXXXXXXXXXXXXXXXXXXXXXX1XXXXXXXXXXXXXXXXXXXXXXXXXXXXXXXXX11XXXXXXXXXX1XXXXXXXXXX1XXXXXXXX
XXXXXXXXXXXXXXXX0XXXXXXXXXXXXXXXXXXX1XXXXXXXXXXXXXXXXXXXXXXXXXXXXXXX1XXXXXXXXXXXXXXXXXXXXX


Generation 65/100  F=U(0.5, 1.0)  N_hist=13650
------------------------------------------------------------------------------------------------------------------------
10X01X0XXXXXXXXXXXXXXXXXXXXXX1X11XXXXXXXXXXXXXXXXXXXX01XX1XXXXXXXXXXXXXXX11XXXXXXXXXXXXXXXXXXXXXXXX0XXXXXXXXXXXXXXXXXXXX
XXXXXXXXXXXXXXXXXXXXX1XXXXXXX1XXX11XXXXXXXXXXXXXXXXXXXX1XXXXXXXXXXXX0XXXXXXXXXXXXXXXXX0XXX


Generation 66/100  F=U(0.5, 1.0)  N_hist=13859
------------------------------------------------------------------------------------------------------------------------
0XXXXXXXXXXXXXXXXXXXXXXXXXXXXXXXXXXXXXXXXXXXXXXXXXXXXXXXXXXXXXXXXXXXXXXXXXX1XXXXXXXXXXXXXXXXXXXXXXXXXXXXXX1XXXXXXXXXXXXX
XXXXXXXXXXXXXXXXXXXXXXXXXXXXXXXXXXXXXXXXXXXXXXXXXXXX01XX1XXXXXXXXXXXXXXXXXXXXXXXXXXX1XXXXX


Generation 67/100  F=U(0.445, 1.0)  N_hist=14070
------------------------------------------------------------------------------------------------------------------------
0XXXXXXXX1XXXXXXXXXXXXXXXXXXXXXXXXXXXX1XXX0XXXXXXXXXXXXXXX1XXXXXXXX0XXXXXXXXXXXXXXXXXXXXXXXXX1XXXXXXXXXXXXXXXXXXXXXXXXXX
XXXXXXXXXX0XXXXXXXXXXXXXXXXXXXXXXXXXXXXXXXXXXXXXXXXXXXXXXXXXXXXXXXXXXXXXXXXXXXXXXXXXXXXXXX


Generation 68/100  F=U(0.493056632402, 1.0)  N_hist=14280
------------------------------------------------------------------------------------------------------------------------
01XXXXXX1XX1XXXX0XXXXXXXXXXXXXXXXXXXXX1XXXXXXXXXXXXXXXXXXXXXXXXXXXXXXXXXXXXXXXX0XXXXXXXXXXXXXXXXXXXXXXXXXXXXXXXXXXXXXXXX
XXXXXXXXXXXXXXXXXXXXX1XXXX1XXXXXX10X1X1XXXXXXXXXXXX0XXXXXXXXXXXXXXXXXXXXXXXXXXXXXXXXXXXXXX


Generation 69/100  F=U(0.5, 1.0)  N_hist=14490
------------------------------------------------------------------------------------------------------------------------
XX0XXXXXX1XXXXXXXXXXX0XXXXXXXXXXX1XXXXXXXXXXXXXXXXXX111XX1X0XXXXXXXXXXXXXXX1XXXXXXXXXXXXXXXXXXXXXXXXXXXXX1XXXXXXXXXXX1XX
XXXXXXXXXXXXXXXXX1XXXXXXXXXXXXXX1XXXXXXXXXXXXXXXXXXXXXXX0XXXXXXXXXXXXXXXXXXXXXXXXXXXXXX0XX


Generation 70/100  F=U(0.5, 1.0)  N_hist=14700
------------------------------------------------------------------------------------------------------------------------
1X101XXXXXXXXXXXXXXXXXXXXXX11XXXXXXXXXXXXXXXXXXXXXXXXXXXXXXXXXXXXXXXXXXX1XXXXXXXXXXXXXXXXXXXXXXXXXXXXXX1XXXXXXXX0XXXXXXX
XX1XXXXXXXXXXXXXXXXXX100XXXXXXXXXXXXXXXXXXXXXXXXXXXXXXXXXXXX1XXXXXXXXXXXXXXXXXXXXXXXXXXXXX


Generation 71/100  F=U(0.5, 1.0)  N_hist=14910
------------------------------------------------------------------------------------------------------------------------
0XXXXXXXXX11XXXXXXXXXXXXXXXXXXXXXXXXXXXXXXXXXXXXXXXXXXXXXX0XXXXXXXXXXXXXXXXXXXXXXXXXXXXXXXXXXXXXXXXXX10X1XXXXXXXXXXXXXXX
XXXXXXXXXXXXXXXXXXXXXXXXXXXXXXXXXXXXXXXXXXXXXXXXXXXXXXXXXXXXXXXXXXXXX0XXXXXXXXXXXXXXXXXXXX


Generation 72/100  F=U(0.445, 1.0)  N_hist=15120
------------------------------------------------------------------------------------------------------------------------
11XXXXXXXXXXXXXXXXXXXXXXXXXXXXXXXXXX1XXXXXXXXXXXXXX1XXXXXX1XXXXXXXXXXXXXXXXXXXXXXXXXXX0XXXXXXXX00XXXXXXXXXXXXXXX1XXXXX0X
XXXXXXXXX1XXXXXXXX1X1XXXXXXXX1XXXXXXXXXXXXXXXXXXXXXXXX1X0XXXXXXXXXXXXXXXXXXXXXXXXXXXXXXXXX


Generation 73/100  F=U(0.493056632402, 1.0)  N_hist=15330
------------------------------------------------------------------------------------------------------------------------
1XXXXXXXXXXXXXXXXXXXXXXXXXXXXXXXX1XXXXXXXXXXXXXX1XXXXXXXX0XXXXX1X1XXXXXXXXXXXXXXXXXXXX1XXXXXX1XXXXXXXXXXX11XXXXXXXXXXXXX
XXXXXXXXXXXXXXXXXXXXXXXXXXXXXXXXXXXXXXXX1XXXXXXXXXXXXXXX1XXXXXXXXXXXXXXXXXXXXXXXXXXXXXXXX1


Generation 74/100  F=U(0.5, 1.0)  N_hist=15539
------------------------------------------------------------------------------------------------------------------------
1XXXXXXXXXXXXXXXXXXX0XXXXXXXXXXXXXXXXXXX1XXX1XXXXXXXXXXXXXXXXXXXXXXXXXXXXXXXXXXXXXXXXXXXXXXXXXXXXX00XXXXXXXX1XXXXXXXXXXX
XXXXXXXXXXXXXXXXXXXXXXXXXXXXXXXXXXXXXXXXX1XXXXXX0XXXXXXXXXXXXXXXXXXXX0XXXXXXXXXXXXX0XXXXXX


Generation 75/100  F=U(0.445, 1.0)  N_hist=15750
------------------------------------------------------------------------------------------------------------------------
11XXXX0XXXXXXXXXXXXXXXXXXXXXXXXXXXXXXXXXXXXXXXXXXXXXXXXX1

SSE=6.9673 on eval 15826: L=560507 a=2771.12 b=1.60831* n=0.157969 r=0.168716 t0=667968 ts=56.0831

+X1XXXXXXXXXXXXXXXXXXXXXXXXXXXX0XXXXX11XXXXXXXXXXXXXXXXXXXXXXXX
XXXXXXXXXXXXXXXXXXX1XXXXXXXXXXXXXXX1XXXXXXXX00XXXXXXXX11XXXXXXXXXXXXXXX0XXXXXXXXXXXXXXXXXXX


Generation 76/100  F=U(0.493056632402, 1.0)  N_hist=15960
------------------------------------------------------------------------------------------------------------------------
11XXXX1XXXXXXXXXXXXXXXXXXXXXXXXXXXXXXX11XXXXXXXXXXXXXXXXXXXXXXXXXXXXX1X1XXXXXXXXXXXXXXXXXXXX1X0XXXXXXXXXX1XXXXXXXXX1XXXX
XXXXXXXXXXXXXXXXXXXXXXXXXXX1XXXXXXXXXXXXXXX00XXX1XXXXXXX1XX1+XXXXXXXXXXXXXXXXXXXXXXXXXXXXXX


Generation 77/100  F=U(0.5, 1.0)  N_hist=16170
------------------------------------------------------------------------------------------------------------------------
10XXXXXXXXXXXXXXXXXXXXXXXXXXXXXXXXXXXXXXXXXXXXXXXXXXXXXXXXXXXXXXXXXXXXXXXXXXXXXXXXXXXXXXXXXXXXXXX1XXXX1XXXXXXXXXXXXX01XX
1XXXXXXXXX1XXX1XXXXXXXXXXXXXXXXXXXXXXXXX1XXXXXXXXXXXXXXXXX11XXXXXXX1XXXXXXXXXXXXXXXXXXXXXX


Generation 78/100  F=U(0.5, 1.0)  N_hist=16380
------------------------------------------------------------------------------------------------------------------------
X1XXXXX0XX1XXXX1XXXXXXXXXXXX1XXXXXXXXXXXXXXXXXXXXXXXXXXXXXXXXXXXX0XXXXXXXXXXXXXXXXXX0XXXXXXXXXXXXXXXXXXXXXXXXXXXXXXXXXXX
XXXXX1XXXXXXXXXXXXXXXXXXXXXXXXXXXXXXXXXXXXXXXXXXXXXXXXXXXXXXXXXXXXXXXXXXXXXXXXXXXXXXXXXXXX


Generation 79/100  F=U(0.5, 1.0)  N_hist=16590
------------------------------------------------------------------------------------------------------------------------
11XXXXXXXXXXX1XXX1XXXXXXXXXXXXXXXXXXXXXXXXXXX1XXXXXXXXXXXXXXXXXXXXXXXXXXXXXXXXXXXXXXXXXXX1XXXXXXXXXXXXXXXXXX0XXXXX0XXXXX
XXXXXXXXXXXXXXXXXXXXXXXXXXXXXXXXXX1XXXXXXXXXXXXXXXXXXXXXXXXXXXXXXXXXXXXXXXXXXXXXXXX0XXXXXX


Generation 80/100  F=U(0.5, 1.0)  N_hist=16800
------------------------------------------------------------------------------------------------------------------------
XXXXXXXXXXXXXXXXXXXXXXXXXXXXXXXXXXXXXXXXXXXXXXXXXXXXXX1XXXXXXXXXXXXXXXXXXXXXXXXXXXXXXXXX1XXXXXXXXXXXXXXXXXXXXXXXXXXXXXXX
X1XXXXXXXXXXXXXXXXXXXXX111XXXXXXXXXXXXXX1XXX0XXXXXXXXXXXXXXXXXXX1XXXXXXXXXXXXXXXXXXXXXXXXX


Generation 81/100  F=U(0.5, 1.0)  N_hist=17010
------------------------------------------------------------------------------------------------------------------------
X11XXXXXXXXXXXXXXXXXXXXXXXXXXXXXXXXXXXXXXXXXXXX10XXXXXXXXXXXXX11XXXXXXXXXXX00XXXXXXXXXXX1XX0XXXXXXXXXXXXXXX1XXXXXXXXXXXX
XXXXXXXXXXXXX1XX0XXXXXXXXX1X00XXXXXXX1XXXXXX00X0XXXXXXXXX1XXXXXXXXXXXXXXXXXXXXXXXXXXXXXXXX


Generation 82/100  F=U(0.5, 1.0)  N_hist=17220
------------------------------------------------------------------------------------------------------------------------
1XXXXX1XXXXXX01XXXXXXXXXXXXXXXXXXXXXXX1XXXXXXXXXXXXXXXXXXXXXXXXXXXXXXXX0XXXXXX1XXXXXXXXXXXXXXXX10XXX1XX10XXXXXXXXXXXXXXX
XXXXXXXXXXXXXXXXXXXXXXXXXXXXX11XXXX0XXXXXXXXXXXXXXXXXX1XXXXXXXXXXXXXXXXXXXXXXXXXXXXXXXXXXX


Generation 83/100  F=U(0.5, 1.0)  N_hist=17430
------------------------------------------------------------------------------------------------------------------------
XXXXXXXXXXXXXXXXXXXXXXXXXXXXXXXXXXXXXXXX1XXXXXXXXXXXXX1XXXXXXXXXXXXXXXXXXXXXXXXXXXXXXXXXXXXXXXXX1XXXXXXXX1X1XXXX11XXXXXX
XXXXXXXXXXXXXXXXXXXXXX0XX1XXXXXXXXXXXXXXX1XXXXXXXXX0XXXXXXXXXXXXXXXXXXXXXXXXXXXXXXXXXXXXXX


Generation 84/100  F=U(0.5, 1.0)  N_hist=17640
------------------------------------------------------------------------------------------------------------------------
0X1XXXXXXXXXXXXXXXX11XXX0XXXXXXXXXXXXXX0XXXXXXXXXX1XXXXXXXXXXXXXXXXXXXXXXXXXXXXXXXXXXXXXXXX0XXXXXXXXXXXXXXXXXXXXXXX1XXXX
XXXX1XXXXXXX0XXXXXXXXXX0XXXXXXXXXXXXXXX0X01XXXXXXXXXXXXXXXXXXXXXXXX1XXXXXXXXXXXXX1XXXX0XXX


Generation 85/100  F=U(0.5, 1.0)  N_hist=17849
------------------------------------------------------------------------------------------------------------------------
111XX1XXXXXXXXXXXXX10XXXXXXX1XXXXXXXXXXX1XXXXXXXXXX11X11XXXXXXXXXXXXXXXXXXXXXXXXXXXXXXX01XXXXXXXXXXXXXXXXXXXXXXX1X0XXXXX
XXXXXXXXXXXXXXXX1XXXXXXXXXXXXXXXX1XXXXXXXX1XXXXXXXXXXXXXXXXXXXXXXXXXXXXXXXXXXXXXXXXXXXXXXX


Generation 86/100  F=U(0.5, 1.0)  N_hist=18060
------------------------------------------------------------------------------------------------------------------------
0X1XXX1XXXXXXXXXXXXXXXXXXXXXXXXXXXXXXXXXXXX1XXXXXXXXXXXXXXX0XXXXXXXXXXXXX01XXXX1XXX1XXXXX0XXXXXXXXXXXXXXXXXXXXXXXXXXXXXX
XXXXXXXXXXXXXXXXXXXXXXXXXXXXX1XXXXXXXXXXXXXXXXXXXXXX1XXXXXXXXXXXX1XXXXXXXXXXXXXXXXXXXXXXXX


Generation 87/100  F=U(0.5, 1.0)  N_hist=18270
------------------------------------------------------------------------------------------------------------------------
1X0XX1X1XXXXXXX0XXXXXXXXXXXXXXXXXXXXXXXXXXXXXXXXXXXXX1XXXXXXXX1XXXXXXXXXXXXXXXXXXXXXXXXXXXXXXXXXXX1XXXXXXXXXXXXXXXXXXXXX
XXX1XXXXXXXXXXXX1XXXXXXXX1XXXXXXXXXXXXXXXXXXXXXXXXXXXXXXXXXXXXXXXXXXX0XXXXXXXXXXXXXXXXXXXX


Generation 88/100  F=U(0.5, 1.0)  N_hist=18480
------------------------------------------------------------------------------------------------------------------------
1X10XXXXXXXXXXXXXXXXXXX0XXX1XXXX0XXXXXXXXXXXXXX010XX00XXXXXXXX0XXXXXXXXXX1XXXXXXXXXXXXX1XXXXXXXXXXXXXXXXXXXXXX0XXXXXXXXX
XXXXXX1X1XXXXXXXXXXXXXXXXXXXXXXXXX1XXXXX0XXXXXXXXX1XXX1XXXXX1XXXXXXXXXXXXXXXXXXXXXXXXXXXXX


Generation 89/100  F=U(0.5, 1.0)  N_hist=18690
------------------------------------------------------------------------------------------------------------------------
10XXXXXXX1XXXXXXXXXXXXXXXXXXX0XXXXXXXX1XXXXXXXX1

SSE=6.7886 on eval 18757: L=506357 a=2862.87 b=23.0083 n=0.035413* r=0.185675 t0=938873 ts=56.1781

+X1XXXXXX1X11XXXXXXXXXXX1XXXXXXXXXXXXXXXXXX1XXXX0XXXXXXXXXXXXXXXXX11X1X0
XXXXXXXXXXXXXXX10XXXXXXXXXXXXXXXXXXXXXXXX10XXXX0XXXXXXXX1XXXXXXXXXXXXXXXXXXXXXXXXXXXXXXXXXX


Generation 90/100  F=U(0.5, 1.0)  N_hist=18900
------------------------------------------------------------------------------------------------------------------------
1111XXXXXX01X1X1XXXXXXXXXXXXXXX1XXXXXXXXXXXXXXXXXXXXXXX1XXXXXXXXXXXXX0X11XXX10XXXXXXXXXXXXXXXXXXXXXX01XX1XX1XXXXXX1XXXXX
X1XXXXXXXXXXXXX0XXXXXXXXXXXXXXXXXXXXXXXXXXXXXXXXXXX0XX1XXX1X1XX11XXXXX1XXXXXXXXXXXXXXXXXXX


Generation 91/100  F=U(0.5, 1.0)  N_hist=19110
------------------------------------------------------------------------------------------------------------------------
X10XX111XXXXXXXXXXXXXX1XXXXXXXXXXXXXXXXXXXX0XXXXXXXXXXXXXXXXXXXXXXXXXXXXXXXXXXXXXXXXXXXXXXX0XXX0XXXXXXXXXXXXXXXXXXXXXXXX
XX11XXXXXXXXXXXXXXXXXXXXXX1XX10XXXXXXX0XXXXXXXXXXXXXXXXXXXXX1XXXXXXXXXXXXXXXXXXXXXXXXXXXXX


Generation 92/100  F=U(0.5, 1.0)  N_hist=19320
------------------------------------------------------------------------------------------------------------------------
1X1XX0XXX1XX01XXXXXXXXXXXXX0X1XXX1XXXXXXXXXXXXX0XXXXXXXXXXXXXXXXXXXXXXXXXXXXXXXXX0XXXXXXXXXXXXXXXXXXX1XXXXXXXXXX1XXXXXXX
X1XXXXXXXXXXXXXXXXXXXXXXX11XXXX1XXXXXXXXXXXXXXXXXXXXXXXXXXXXX1XXX1XXXXXXXXXX1XXXXX1XXXXXXX


Generation 93/100  F=U(0.5, 1.0)  N_hist=19530
------------------------------------------------------------------------------------------------------------------------
01X0X01X1XXXXXXXXXXXX1XXXXXX0XXXXXXXXXXXXXXXXXXXXXXXXXXXXXXXXXXXXX0XXX1XXXXXXXXXXXXXXXXX1XXXX10XXXX1XXXXXXXXXXXXXXXX1X0X
XXXXXXXXXXXXXXXXXX1XXXXXXXXXXXX1XXX1XXXXXXXXXXXXXXXXXXXXXXXXXXXXXXXXXXXXXXXXXXXXXXXXXXXXXX


Generation 94/100  F=U(0.5, 1.0)  N_hist=19740
------------------------------------------------------------------------------------------------------------------------
1X1XX100XXXXXXXXXXXXXXXXXXXXXXX11XXX1XXXXXXXXXXXXXXXXXXXX1XX1XX0XXXXXXXXXXXXX1XXXXXXXXXXXXXXX1XXXXXXXX11X0XXXXXX0XXXXXXX
XXX0XXXX11XXXXXXXXXXXXXXXXXXXXXXXXXXXXXXX1XXXXX0XX0XXXXXX11XXXXXXXXXXXXXXXXXXXXXXXXXXXXXXX


Generation 95/100  F=U(0.5, 1.0)  N_hist=19950
------------------------------------------------------------------------------------------------------------------------
1XXXXXXXXXXXXX1XXXXXXXXX1XXXXXXXXXXXX1XXX11XXX00X11XXXXXXXXXXXXXXXXXXXXXXX0X1X0X1XXXXXXXXXXXXX0XXXXXXXXX1+XXXXXXXXXXXXXX
1XXXXX1XXX0XXXXXXXX00X1X1XXXXXXXXXXXXXXXXX1XXXXXXXXXXXXXXXXXXXXXXXX1XXXXXXXXXXXXXXXX0XXX1XX


Generation 96/100  F=U(0.5, 1.0)  N_hist=20160
------------------------------------------------------------------------------------------------------------------------
111X0XXXXXXXXXXXXX1XXXXXX1XXXXXXX1XXXXXXXXXX0XXXX1XXXXX0XXXXXXXXXXXXXX1XXXXXXXXXXXXXXXXXXXXXXXXXXXXXXX10XXXXXXXXX1XX1XXX
X1XX1XXX1XXXX1XXXXXXX1XX1XXXXXXX1XXXXXXXXXXXXXX11XXXXXXXXXXXXXX11XX1XXXXXXXXXXXXXXXXXXXXXX


Generation 97/100  F=U(0.5, 1.0)  N_hist=20370
------------------------------------------------------------------------------------------------------------------------
1110X0X1XXXXXXXXXXXXXXXXX1XX11XX1XXXX1XXXXXXXXXXXXXXXXXXXXXXX1XXXXXXXXXXXXXXXXX0XXXXXXXXXXXXXXXXXXXXX11XXXXXXXXXXXXXXX1X
XXXXXXXXXX1XXXXXXXXX1XXXXXXX111XX1XX1XXXXXXXX0XXXXXXX1XXXXXXXXX11XXXXXXXXXXXXXXXXXXXXXXXXX


Generation 98/100  F=U(0.5, 1.0)  N_hist=20580
------------------------------------------------------------------------------------------------------------------------
01001XXXXXXXXXXXXXXXXX0XXXXXXXXXXXXXXXXXXXXX011X0XXXXXXXXXXXXXXXXX01X101XXXXXXXXXXXXXXXXXXX1XXXX1XXXXXXXXXXXXXXXXX01XXXX
XXXXXXXXXXXXXXXXX1XXXXXXXXXXXXXXXXXXXXXXXXXXXXXXXXXXXXXX1XXXXX1X0XXXXXXXXXXXXX0XXXXXXXXXXX


Generation 99/100  F=U(0.5, 1.0)  N_hist=20790
------------------------------------------------------------------------------------------------------------------------
110111XX1XXXX0XXXXXXXXXXXXXXXXXXXXXXXXXXXXXXXXXXXXXXX0XXXXXXXXXXXXXXXXXXXXXXXXXXXXXXXXXXXXXXXXXXXX1XXX1XXXXXXXXXXXXXXXXX
X0XXXXXXXXXXX1XXX0XX1XXXXXXX11XXXXXXXXXXXXXXXX0XX0XX1XXXXXXXXXX0XXXXXXXXXXXXXXXXXXXXXXXXXX


Generation 100/100  F=U(0.5, 1.0)  N_hist=21000
------------------------------------------------------------------------------------------------------------------------
1XX1X1XXX0XXXXXXXXX0XXXXXXXXXX1XXXXXXX11X1XX0XXXXXXXXX1XXXXXXXX1XXXXXXXXXXXXXXXXXXXXXXXX1XXXXXXX1XXX1XXXXXX0X1XXXX1XXXXX
XXXX0XXXXXXXXXXXXXXXXXXXXXXXX1XX0XXXXXX1XXX1XXXX0XX1XXXXXXXXXXXXXXXXXXXXXXXXXXXXX1XXXXXXXX

Maximum number of iterations reached.

SSE=6.7068 on eval 21210: L=547033 a=2963.81 b=13.1481* n=0.0254439* r=0.181807 t0=313025 ts=56.1838


Shutting down DE...
DE shutdown complete.

Final population:
Population: 210 individuals with SSE 6.7068 to 8.2935, avg eval time 0.0227 sec. Top 7:

        SSE |     6.7068       6.7259       6.7886       6.8059       6.8441        6.879       6.8807  
------------------------------------------------------------------------------------------------------------------------
          L | 5.4703e+05   5.8876e+05   5.0636e+05   5.7416e+05   4.7241e+05    5.021e+05   5.9627e+05  
          a |     2963.8       3069.2       2862.9       2988.6       2679.2       2794.9       3046.1  
          b |     13.148*      11.732*      23.008       74.686       16.901*      81.097       95.685  
          n |   0.025444*    0.020117*    0.035413*    0.050426     0.045739*    0.046486*      0.0174* 
          r |    0.18181      0.17576      0.18568      0.17571      0.19602      0.18947      0.17515  
         t0 | 3.1303e+05   3.2314e+05   9.3887e+05   5.0132e+05   6.6782e+05   7.3469e+05        57566  
         ts |     56.184       56.102       56.178       56.018       56.164       56.189       56.148  
------------------------------------------------------------------------------------------------------------------------
Best individual:
<SSE=6.7068 L=547033 a=2963.81 b=13.1481* n=0.0254439* r=0.181807 t0=313025 ts=56.1838>


Elapsed time: 262.78 seconds

Saved final population of best parameter combinations to covid19.dat
Shutting down...
Task Queue is shut down
Goodbye
