Decompressing and parsing covid19.csv.bz2...
Cumulative and new cases reported thus far for Italy
------------------------------------------------------------------------------------------------------------------------
000	01/22	0	0
001	01/23	0	0
002	01/24	0	0
003	01/25	0	0
004	01/26	0	0
005	01/27	0	0
006	01/28	0	0
007	01/29	0	0
008	01/30	0	0
009	01/31	2	2
010	02/01	2	0
011	02/02	2	0
012	02/03	2	0
013	02/04	2	0
014	02/05	2	0
015	02/06	2	0
016	02/07	3	1
017	02/08	3	0
018	02/09	3	0
019	02/10	3	0
020	02/11	3	0
021	02/12	3	0
022	02/13	3	0
023	02/14	3	0
024	02/15	3	0
025	02/16	3	0
026	02/17	3	0
027	02/18	3	0
028	02/19	3	0
029	02/20	3	0
030	02/21	20	17
031	02/22	62	42
032	02/23	155	93
033	02/24	229	74
034	02/25	322	93
035	02/26	453	131
036	02/27	655	202
037	02/28	888	233
038	02/29	1128	240
039	03/01	1694	566
040	03/02	2036	342
041	03/03	2502	466
042	03/04	3089	587
043	03/05	3858	769
044	03/06	4636	778
045	03/07	5883	1247
046	03/08	7375	1492
047	03/09	9172	1797
048	03/10	10149	977
049	03/11	12462	2313
050	03/12	12462	0
051	03/13	17660	5198
052	03/14	21157	3497
053	03/15	24747	3590
054	03/16	27980	3233
055	03/17	31506	3526
056	03/18	35713	4207
057	03/19	41035	5322
058	03/20	47021	5986
059	03/21	53578	6557
060	03/22	59138	5560
061	03/23	63927	4789
062	03/24	69176	5249
063	03/25	74386	5210
064	03/26	80589	6203
065	03/27	86498	5909
066	03/28	92472	5974
067	03/29	97689	5217
068	03/30	101739	4050
069	03/31	105792	4053
070	04/01	110574	4782
071	04/02	115242	4668
072	04/03	119827	4585

Initializing 180 population members having 6 parameters
------------------------------------------------------------------------------------------------------------------------

SSE=33.146 on eval 1: L=5.05041e+07 b=929.421 r=0.139234 rf=0.732025 t0=64.8541** th=11.2196

*

SSE=5.652 on eval 2: L=2.51458e+07 b=478.869 r=0.108735 rf=0.753931 t0=63.964 th=4.49893*

!4

SSE=4.3198 on eval 4: L=1.16666e+07 b=196.072 r=0.188081 rf=0.849407 t0=57.7122 th=10.6728

!29364

SSE=4.1924 on eval 10: L=4.50445e+06 b=237.053 r=0.133562 rf=0.757978 t0=60.5162 th=8.0009

!121292333226223126225931692

SSE=4.0168 on eval 38: L=1.99122e+06* b=504.259 r=0.118463 rf=0.836194 t0=63.7192 th=8.25886

!9344969523124025184617912232893943234594359263521293263192135373913197952414921216
94293935556336532558292215911132721524413315196253

SSE=3.7045 on eval 171: L=3.61089e+07 b=593.579 r=0.149618 rf=0.91552 t0=61.078 th=12.362

!997859442

Population: 180 individuals with SSE 3.7045 to 144.26, avg eval time 0.775 sec. Top 7:

        SSE |     3.7045       4.0168       4.0887       4.1656       4.1924       4.2606        4.303  
------------------------------------------------------------------------------------------------------------------------
          L | 3.6109e+07   1.9912e+06*  2.6482e+07   3.8575e+07   4.5044e+06   8.7338e+06   4.0702e+07  
          b |     593.58       504.26       84.181       510.71       237.05       888.62       623.68  
          r |    0.14962      0.11846      0.14906      0.13531      0.13356       0.1262      0.12477  
         rf |    0.91552      0.83619        0.771      0.86173      0.75798      0.92759       0.8944  
         t0 |     61.078       63.719       60.995       62.834       60.516        61.19       63.241  
         th |     12.362       8.2589       6.5618       8.4934       8.0009       14.918**     12.293  
------------------------------------------------------------------------------------------------------------------------
Best individual:
<SSE=3.7045 L=3.61089e+07 b=593.579 r=0.149618 rf=0.91552 t0=61.078 th=12.362>


Population: 180 individuals with SSE 3.7045 to 144.26, avg eval time 0.775 sec. Top 7:

        SSE |     3.7045       4.0168       4.0887       4.1656       4.1924       4.2606        4.303  
------------------------------------------------------------------------------------------------------------------------
          L | 3.6109e+07   1.9912e+06*  2.6482e+07   3.8575e+07   4.5044e+06   8.7338e+06   4.0702e+07  
          b |     593.58       504.26       84.181       510.71       237.05       888.62       623.68  
          r |    0.14962      0.11846      0.14906      0.13531      0.13356       0.1262      0.12477  
         rf |    0.91552      0.83619        0.771      0.86173      0.75798      0.92759       0.8944  
         t0 |     61.078       63.719       60.995       62.834       60.516        61.19       63.241  
         th |     12.362       8.2589       6.5618       8.4934       8.0009       14.918**     12.293  
------------------------------------------------------------------------------------------------------------------------
Best individual:
<SSE=3.7045 L=3.61089e+07 b=593.579 r=0.149618 rf=0.91552 t0=61.078 th=12.362>

Performing DE with CR=0.8, F=U(0.5, 1.0), DE/rand-1.00/1/bin
------------------------------------------------------------------------------------------------------------------------
Press the 'Enter' key to abort.



Generation 1/75  F=U(0.5, 1.0)  N_hist=180
------------------------------------------------------------------------------------------------------------------------
8X5X1622XXXXX7XXXX21XXX2XXX92XX31XX2231XXX14X9229X41XXX6132XXX2X18X41X11XXXX2244XX2XXXXX1XX291XX312X521XX13XX2X363X9XXXX
4XX5XXX9X42X24X1X2X42X1X223XXX43X652X35XXX3312X0XX95XX2XX4X3


Generation 2/75  F=U(0.5, 1.0)  N_hist=360
------------------------------------------------------------------------------------------------------------------------
XXXXXXXX11XX3XX11XXX24XXX2XXX1XXXX21X112X2X3XX11XXXXXX10X32X1X252X2XXXX127XXXXXXXX314224XXXX22XXX41125X22XX1XXXXXX2X0XXX
1XX111X1X1XXX1XXXXXXXXX1X1XX2XXX33XX1X111XX3X2XX1X1X321X11XX


Generation 3/75  F=U(0.5, 1.0)  N_hist=540
------------------------------------------------------------------------------------------------------------------------
XXXXX1223XX1XXXXXXXXXXXXXXXXXX2X1XX4X2X4XXXXX1XXX12XXX2X2X1X5XXXXXXXX22XX1X1X1X5XXXXXX22XXXX2XX11XXXXXX12XXXX13X12XXX2XX
11XXXXXX1XXX4XXXXX1X2XX0X2X1XX2XXX31XXXXX1XXXX11+XX1XXX1XX1XX


Generation 4/75  F=U(0.5, 1.0)  N_hist=720
------------------------------------------------------------------------------------------------------------------------
X1XX2XXXXXX1X11XXXX2XX0XXXX11X1XX1X1+XXXXXXX24X1XX0X1XX12XXXXX1XXX2XXXX1XXXXXX21XXXXXXX1XX1XX21XX1X11X211XXX1XXX3XX11XX1
XX1XXXXXX11XXXX1XXXXXX2XXX0X11XXXXX1XX111

SSE=3.5929 on eval 880: L=1.02621e+07 b=2.95951* r=0.141867 rf=0.752814 t0=61.4974 th=6.81336

+X11XX1X2X1X3XXXX2XXX


Generation 5/75  F=U(0.5, 1.0)  N_hist=900
------------------------------------------------------------------------------------------------------------------------
XXXXXX211XXXXX1XX22XXX1XXXXXXXXX1XXXXXXXXX1XX1XX1XX111XX21X1XXXX1X111XXXXX31XXX1X1XX2XX1XX12X1XXXXX2X11XXXXXXXXXXXXXXXXX
X1XXXXXXXXXX1XXXXXXXX1XXXXX2XXXXXXX1XXXXX0X32XX21XXXXXXX2XX1


Generation 6/75  F=U(0.5, 1.0)  N_hist=1080
------------------------------------------------------------------------------------------------------------------------
XXX1XXXXXXXXXX1XXXXXXXXXXXXX2X1XXXX1XXXX1XXXXXXXXX2XXXXXXX1XXXXXXXXX1XXXXXX1XXXXXXX1XXXX2XXXXX1XXXX21XXXXXX0XXX1X12XXXXX
X11XX2XX0X11XX1XXXXXX1X1XXXXXXXXX13

SSE=3.5045 on eval 1235: L=4.18142e+07 b=936.872 r=0.10535 rf=0.788527 t0=63.1359 th=7.93727

+XX1XXXXX1XXXXXXX1XXXXXXXX


Generation 7/75  F=U(0.5, 1.0)  N_hist=1260
------------------------------------------------------------------------------------------------------------------------
XXXXXXXXXXXX2XXXXXXXXXXXXXX12X1XXXXXX1X0XX0XXXXXXX1XXXXXXXXXXXXXXXXXXXX21XXXXXX1XXX0XX2XXXX1XXXXXXXXXXXX11XX111XXXXX2XXX
20XX0X1XXXXX1X21X1XXX1XXXX1XX11XXXX1X1XXXXXXX1XXXXXX1XX0XX1X


Generation 8/75  F=U(0.5, 1.0)  N_hist=1440
------------------------------------------------------------------------------------------------------------------------
X1XXXXXX11XXXXXXXXXXXX1X11XXXXXXXXXXXXXXX2XXXX1XXXXXXXXXXXXX111X2XXXXXXXXX2X11XXXXX1XXXXXXXXXXXXXX110XXXXXXXXX11XXXXXXXX
XXXXX1XXXXXXXXX1X1X1XXXXXXXXXXX1X11XXX1XXXXXXX21XXXXXXXXXXXX


Generation 9/75  F=U(0.5, 1.0)  N_hist=1620
------------------------------------------------------------------------------------------------------------------------
101XX1XXXXX11XXXXX11XX111XXXXX111XXXXXXXXXXXXX1XXXXXXXX1XXX1XXXXX111XXX010XXXXX01XXXXXXXXXXX111XXX110X1XX1XXXXXXXXX1XXXX
XXXXXX1X1XXXXXXXXXXXXX1XXXXXXXXXXXXXXXXXXXXXXX1XXXXXXXXXXXXX


Generation 10/75  F=U(0.5, 1.0)  N_hist=1800
------------------------------------------------------------------------------------------------------------------------
2XX11X1XXXX1XXX11XXXXX1X1XXXXXXXXXXXXXXXXXXXXXXXXXXXXXXXX21XXXXXXXXXX1XXXXXXXX1XXXX1XXXXXX1XX11X1XXXXXXX1XXXX1X0XXXXXXX1
XX1XXXXXXXXXX0XXXX0XXXXXXXX1XXXX111XXXXXXXXXXXXXXXXXXXXXXXXX


Generation 11/75  F=U(0.5, 1.0)  N_hist=1980
------------------------------------------------------------------------------------------------------------------------
1XX1XXXXXXXXXX1X1XXXXXXXXXXXXXXXXXXXXXXXXXX1XXXXXXXXXXXXXXXX1XXXXX111XXXXX2XXXXXXXXXXXXXX111111XXXXXXXXXXXXXX0XXX1X1X1XX
XX1XXXX1XXXXXXXXXX1XXXXXXXXX1XXXXXXXXXXXXXXXXXXXXXXXXXXXXXX1


Generation 12/75  F=U(0.5, 1.0)  N_hist=2159
------------------------------------------------------------------------------------------------------------------------
1XX1XXXXXXXXXX1XXX1XXXXXXXX1XXXXXXX1X0XXXXX1XXX1XXXX1XX11XXXXXXXXXXXXXXXX1XXXXXXXXXXXXXXXXXXXXXX1X1XXXXXXX1XXXXXXXXXX11X
XXXXXXXXX0XXXXXXXX1011X1XXXXXXXXXXXXXXXXXXXXXXXXXXXXXXXXXXXX


Generation 13/75  F=U(0.5, 1.0)  N_hist=2340
------------------------------------------------------------------------------------------------------------------------
X11X111X1XXXXXXXX1XXXXXXXXX1XXXXXXXXXXXXXXXX1XXXXXXXXXXXXXXXXXXXXXXXXXXX1XXXXXXXXXXXXXX1XXXXXXXXXXXXXXXXXXX1XXXXXXXXX1XX
XXXXXXXXXXXXXX1XXXXXXXXX11XXXXXXXX1XXXXX0XXXXXXXXXXXXXXXXXXX


Generation 14/75  F=U(0.5, 1.0)  N_hist=2520
------------------------------------------------------------------------------------------------------------------------
1XXX1XXXXXXXX1XXXXXXXXXXXXXXXXXXXXXXXX101X111XXXXXXXXXXXX0XXXXXXXXXXXXXXXXXX11XXXXXXXXXXX0XXXXXXXXXXXXX0XXX1XXXXXXXXXXXX
XXXXXXXXXXXXXXXXXX1XXXX1XXXX1X1XXXXXXXX1XXX1XXXXXXXXXXXXXXXX


Generation 15/75  F=U(0.5, 1.0)  N_hist=2700
------------------------------------------------------------------------------------------------------------------------
10X111XXXXXXXXXXXXXX11XX10XXXXXXXXX0XXX1XXXXXXXXXXX1XXXXXXXXXXXXXXXX01XXXXXXXXXXXXXXXXX1XXXXXXXXXXXX1XXXXXXXXXXXXXXXXXXX
XXXX1XXXXXXXXXX1XXXXXXX0XX0XXXXXXXXXXXXXXX0XXXXXXXXXXXXXXXXX


Generation 16/75  F=U(0.5, 1.0)  N_hist=2880
------------------------------------------------------------------------------------------------------------------------
1X111XXXXXX0XX1XXXXX1XXXXXXXXXXXXXXXX1XX1XXX1XXXXXXXXXXXXXXXX1XXXXXXXXX11XXXXXXXXXXXXXXXXXXXXXXXXXXX1XXXXXXXXX101XXXXXXX
XXXXXXXXX0XXXXXXXXXXX1XXXXXXXXXXXXXXXXXXXXXXXXXXXXXXXXXXXXXX


Generation 17/75  F=U(0.5, 1.0)  N_hist=3060
------------------------------------------------------------------------------------------------------------------------
1X10X01XXXXXXXX1XXX11XXX1XXXXXXXXXXXXXXXXXX111XXXXXXXXXXXXXX1XXXXXX1XXXXX1XXX11X1XXXXXXXXX1XXXXXXXXXXXXXXXXXXXXXX1XXXXXX
01XXXX1XXXX1011XXXXXXXXXXXXXXXXXXXXXXXXXXXXXXXXXXXXXXXXXX1XX


Generation 18/75  F=U(0.5, 1.0)  N_hist=3240
------------------------------------------------------------------------------------------------------------------------
10X111XXXXXXX1XXXXXXXX11XXXXXXXXXXXXXXXXXXXX1XXXXXXX0XXXXXXXXXXX0XXXXXXXXXXXXXXXXXXXXXXXXXXXXX01X1XXXXX1XXXXXXX0XX01XXXX
XXXXXXXXXXXXXXX1XXXXXXXXXXXX1X0XXX01XXXXXXXXXXXXXX10XXXXXXXX


Generation 19/75  F=U(0.5, 1.0)  N_hist=3420
------------------------------------------------------------------------------------------------------------------------
01XXXXXXXXXXXXXXXXXXXXXXXXXXXXXX1XXXXXXXXXX1XXXX1XXXXXXX1XXXXXXXXXXXXX11XXXXXXXXX01XXXXXXXXX0XXXXXXXXXXXXXX0XXXXXXXXX1XX
XXXXXXXXXXXX1XXX1XXXXXXX0XXXXXXXXXXXXXXX10XXX0XXXXXXXXXXXXXX


Generation 20/75  F=U(0.5, 1.0)  N_hist=3600
------------------------------------------------------------------------------------------------------------------------
X110X1XXXXXXXXXXXXX10XXXXX11XXXXXXXXXXXXXXXXXXXXXXXX1+XXXX11XXXXXXXXXXXXXXXXXXXXXXXXXXX1+XXXXXXXXXXXXXXXXXX1XXXXXXX0XXXX
XXXXXXXXXXXX11X1XXXXXXXXXXXXXXXXXXXXXXXXXXXXXXXXXX1XXXXXXXXXXX


Generation 21/75  F=U(0.5, 1.0)  N_hist=3780
------------------------------------------------------------------------------------------------------------------------
XXX1XXXXX1XXXXXXXXXXXX10XXXX1X1XXXXXXXXXXXXXXXXXXXXXXX1XXX1XXXXXXXXX0X1XXXXXXXXXX1XXXXXXXXXXXXXXXXXX1XXXXXXXXXXXXXXXXXXX
XXX110XXX1XXXXXXXXXXXXX1XXXXXXXXXXXXXXXXXXXXXXXXXXXXXXXXXXXX


Generation 22/75  F=U(0.5, 1.0)  N_hist=3960
------------------------------------------------------------------------------------------------------------------------
1111XXXXXXXXXXX1XX1X0XXXXXXXXXXXX1XXXXXXXXXXXXXXXXXXXXXXXXXXXXXXXXXXXXXXXXXXXXXXXXXXXXXXXXXXXXXXXXXXXXXXXX0XXXXXX1XX1XXX
XXXXXXXXXXXXXXXXXXXXXXXX10XXXX0XXXXXXXXX1XXXXXXXXX0XXXXXXXXX


Generation 23/75  F=U(0.5, 1.0)  N_hist=4140
------------------------------------------------------------------------------------------------------------------------
11X1XXXXXX11X1XXXXXXX0XXXXXXXXXXXXXXXXXXXX1XXX1XXXXXXXX1XXXXXXXXXX1XXXXXXXXXXXXXXXX10XXXXXX11XXXXXXXXXXXXXXXXXXXXXXXXXXX
XXXXXXXXXXXXX0XXXXXXXXXXXX0XXXXXXXXXXXXXXXXXXXXXXXXXXXXXXXXX


Generation 24/75  F=U(0.5, 1.0)  N_hist=4320
------------------------------------------------------------------------------------------------------------------------
XXXXXXXXXXXXXXXXXXXXXXXXX1XXXXXXX0XXXX1XXXXXXXXXXXXXXXXXXXXXXXXXXXXXXXXXX10XXX11XXXXXXXXXXXXXXXXXXXXXXXXXXXXXXXXXXXXX1XX
XXXXXXXXXXXXXXXXX011XXXXXXXXXXX1XX11XXXXXXXXXXXXXXXXXXXXXXXX


Generation 25/75  F=U(0.5, 1.0)  N_hist=4500
------------------------------------------------------------------------------------------------------------------------
011XXX0XXXXXXXXXXXXXXXXXXXXXX11XXXX1XXXXXXXXX1110X1XXXXXXX1XXXXXXXXXXXXXXXXXXXXXXXXXXXXX1XXX0X1XXXXXXXXXXXXXXXXXXXXXX0XX
XXXXXXXXXXXXX11X1XXXX1XXXXXXXX1XXXXXXXXXXXXXXXXXXXXXXXXXXXXX


Generation 26/75  F=U(0.5, 1.0)  N_hist=4680
------------------------------------------------------------------------------------------------------------------------
X10XXXXXXXXXX1XXXX0X0XXXXXXXXXXXXXXXXXXXXXXXXXXXX0XXXXXXXXX1XXXXXXXXXXXXXXXXXXXXX1XXXXXXXXX1XXXXXXXXX1XXXXXXX11XXXXXXXXX
XX0X00XXXXXXXXXXXX0XXXXXX1XXXXX0XXXXXXXX1XXXXXXXXXXXXXXXXXXX


Generation 27/75  F=U(0.5, 1.0)  N_hist=4860
------------------------------------------------------------------------------------------------------------------------
0X1XXXXXXXXXX1X111XXXXXX1X1XXX0XXXXXXXXXXXXXXXXXXXXXX1XXXXXXXXXXXXXXXXXXXX1XXXXXXX11XXX1XXXXXXXXXXXXXXXXXXXXXXXXXXXXX1XX
XXXXXX11XXXXXXXXXXXXXXXXXXXXXXX1XXXXXXXXXXXXXXXXXXXXXXXXXXXX


Generation 28/75  F=U(0.5, 1.0)  N_hist=5040
------------------------------------------------------------------------------------------------------------------------
1X0XXXX1XXXXXX0X1X10XXXXXXXXXXXXXXXXXX0XXXXXX1XXXXXXXXXXXXXXXXXXXXXXXXXX1XXXXXXXXXXXXXXXXXX0XXXXXXXXXXXXXXXX1XXXXXXXXXXX
XXXXXXXXXXXXXXXXXXXXXXXX101X10XXXXXXXXXXXXXXXXXXXXXXX1XXXXXX


Generation 29/75  F=U(0.5, 1.0)  N_hist=5219
------------------------------------------------------------------------------------------------------------------------
11001X0XXXXX1X1XXXXXXXXXXXXXXXXXXX0X1XXXXXXXXXXXXXXXXXXXXXXXXXXXXXXXXXXX11XXXXXXXXXXX1XXX1110X0X0XXXXXXXXXXXXXXXXXXXXXXX
XXXXXXXXXX100X1XXXXXXXXXXXXXXXXXXXXXX1XXXXXXXXXXXXXXXXXXXXXX


Generation 30/75  F=U(0.5, 1.0)  N_hist=5400
------------------------------------------------------------------------------------------------------------------------
1010X1X1XXX0XX0X1XXXXXXXXXXX1XXXXXXXXXXX1XXXXXXXXXXXXXXXX0XXX1XXXXXXXXXXXXXXXX1XXX0XXXXXXXXXX1XXXXXXXXXXXXXXXXXXXXXXXXXX
XXXXXXXXXXX1XXXXXXXXXXXXXXXXXX0XXX1XXX0XXXXXXXXXXXXXXXXXXXXX


Generation 31/75  F=U(0.5, 1.0)  N_hist=5580
------------------------------------------------------------------------------------------------------------------------
0X0XXXXXXXXXXXXXXXXXXXXXXXXXXXXXXXXX00XXXXXXXXXXXX11XXXXXXXXXXXXXXXXXXXXXXXXXXXXXXXXXXXX1XXXXXXXX1XXXXXXX1XXXXXXXXXXXXXX
XXXXXX1XXXXXXXXXX111XXXXXXXXX01XXXXXXXXXXXXXXXXXXXXXX0XXXXXX


Generation 32/75  F=U(0.5, 1.0)  N_hist=5760
------------------------------------------------------------------------------------------------------------------------
0XXXXXXXXXXXXXXXXXXXXXXX0XXXXXX0XXXXXXXXX1XXXXXXXXXXXXXXXXXXXXXXXXXXXX10X0XXXXX0XXXXXXXXXX0XXXXXXXXXXXXXXXXXX1XXXXXXXXX0
XXXXXXXXX01XXXXXXX0XXXXXXXXXXXXXXXX0XXX0XXXXXXXXXXX0XXXXXXXX


Generation 33/75  F=U(0.5, 1.0)  N_hist=5940
------------------------------------------------------------------------------------------------------------------------
X10X0XXXX1XXXXXXXX0XXXXXXXX0XXXXXXXXXXXXXXXXXXXXXXXXX0XXXXXXXX1XXXXXXXXX1XXXXXXXXXXXXXXXXXXXXXXXXXXXXXX011XXXXX0XX0XXXXX
XXXXX0XXXXXXXXXXX0XXXXXXXX1XXXXXXXXXXXXXXX0XXXXXXXXXXXXXXXXX


Generation 34/75  F=U(0.5, 1.0)  N_hist=6120
------------------------------------------------------------------------------------------------------------------------
1X011X1XXXXXXXXXXXXX0XXXXXXX1XXXXXXXXXXXXXXXX0XXXXXXXXXXXXXXXXXX0XXXXXXXXXXX11XX1XXXXXXX0XXXXXXXXXXXXXXXXXX1XXX0XX1XXXXX
XXXXXXXXXXXXXXXXXXXXXXXXXXXXXX1X0XXXXX0X1XXXXXXXXXXXXXXXXXXX


Generation 35/75  F=U(0.5, 1.0)  N_hist=6300
------------------------------------------------------------------------------------------------------------------------
111X0XXXXXXXXX1XXXXXXXXXXXXXXXXXXXXXXXXXXXXXXXXXX1XXXX0XXXXXXXXXXXXXXXXXXXXX1XXXXXXXXXXXXXX0XXXX0X0X11XX0XXXXXXXXXXXXXXX
XXXXXX0XXXXXXXXXXXXXXXX1XXXXXXXXXXXXXXXXXXXXXXXXXXXX0XX0XXXX


Generation 36/75  F=U(0.5, 1.0)  N_hist=6480
------------------------------------------------------------------------------------------------------------------------
X1X1XX0XXXX1XXXXXXXXXXX10XXXXXXXXXXXXXXXXXXXXXXXXXXXXX0XXXXXXXXXXXXXXXXXXXXXX1XXXXX1X0XXXXXXXXXXX01XXXXXX1XXXXXXXX1XXXX0
XXXXXXXXXXXXXXXXXX0XXXXXXX00XXXX100XXXXXXXXXXXXXXXXXXXXXXXXX


Generation 37/75  F=U(0.5, 1.0)  N_hist=6660
------------------------------------------------------------------------------------------------------------------------
1X0XXXXXXXXXXX0X01XXXXXX1XXXXXXXXXXXXXXX01XXXXXXXXXXXXXXXXXX100XXX0XXXXXXXXXXXXXXXXXXXXXXXXXXXXXXXXXXXXXXXX0X00XXX10XXXX
01XXXXX010XXXXXXXXXXXX0XXXXXXX1XXXXXXXXXXXXXXXXXXXXXXXXXXXX0


Generation 38/75  F=U(0.5, 1.0)  N_hist=6839
------------------------------------------------------------------------------------------------------------------------
X00XXX1XXX00X000XXX0XXXXXXXXXXXXXXXXXXXXXXXXXXXXXXXXX0XXX00X00XXX0XXXXXXX0XXXXXXXXXXXX1XX0X1XXX00XXXXXXXXXXXXXXXXXXXXXXX
XXXXXXXXX0XXXXXXXXXXX01XXXX0XXXXXXXXXXXXXX1XXXXXXXXXXXXXXXXX


Generation 39/75  F=U(0.5, 1.0)  N_hist=7020
------------------------------------------------------------------------------------------------------------------------
100X1XX0X1XX0XXX1XXXXXXXXXXXXXXXXXXXXXXXXXXXXXXX0XXXXXXXXXXXX1XXX00XX0XXXXXXXXXXXXXXXXXX1X11XXXXXXXXX0XXXXXXXX1XXX01XXXX
XX0XXXXXXXXXXXXXXXXXXXXXX1X1XXXXXXXX0XXXXXXXXXXXXX01XXXXXXXX


Generation 40/75  F=U(0.5, 1.0)  N_hist=7199
------------------------------------------------------------------------------------------------------------------------
0X0001XX0XXXXXX0XXXXXXXXXXX1X0XXXXXXXXXXXXXXXX0XXXXXXX1XXXXXXXXX1XXXXXXXXXXXXXXXXXXXXXXXXXXXXXXXXXXXXXXXXXXXXXXXX0XXXXXX
XXXXX00XXXXXXX0XXXXXXXXX00XXXXXXXXXXXXXXXX0X1XXXXXXXXXXXXXXX


Generation 41/75  F=U(0.5, 1.0)  N_hist=7380
------------------------------------------------------------------------------------------------------------------------
1XXXXXXXXX0XXXXXXX1XXXXXXXX0XXXXXXXXXXXXXX1XXXXXXXXXX1XXXXXXX10XXXXXXXXXXXX1XXXXXXXXXXXXXXXX1XXXXXXXXXXXXXXX0XXXXXXXXXXX
X00XXXXXXXXXXX1XXXX0XXXXXXXXXXXXXXXXXXXXXXXXXXXXXXXXXXXX1XXX


Generation 42/75  F=U(0.5, 1.0)  N_hist=7560
------------------------------------------------------------------------------------------------------------------------
0XX0XXXXXXXXX0X0XXXXXXXXXXXXXXX0XXXXXXXXXXXXXXXXXXXXXXXXXXX000XXX0XX0X0XXXXXXXXX0XXXXXXXXXXXXXXXXXXXXXXXXX0XXXXXXXX0XXXX
XXXXXXXXXXX0XX11XXXXXXXX01XXXX0XXXXXXXXXXXXXXXXXXXXXXXXXXXXX


Generation 43/75  F=U(0.5, 1.0)  N_hist=7740
------------------------------------------------------------------------------------------------------------------------
000XXX0XXXXXX0XXXX1XXXX1XXXXXXXX0XXXXXXXXXXX0XXXXXXXXXXXXXXXXXXXXXXXXXXXXXXXXXXXXXXXX0XXX10XXX01XXXXXXXXXXXXXXXXXXXXXXXX
XXXXXX0X0XXXXXXXXXXXXXXXX0XXXXXXXXXXXXXXXXXXXXXXXXXXXXXXXXXX


Generation 44/75  F=U(0.5, 1.0)  N_hist=7920
------------------------------------------------------------------------------------------------------------------------
01X000XXXXX00XXXXXXXXXXXXX0XXXXXXXXXXXXXXXXXXXXXXX1XXXXXXXXXXXXXXXXXXX0XXXXXXXXXXXX00XXXXXXXXXXXXXXXXXXXXXXXXX0X0XXXXXXX
XX00XXXXXXXXXXX00XXXXXXXXXX0XXXXXXXXXXXXXXXXXXXXXXXXXXXXXXXX


Generation 45/75  F=U(0.5, 1.0)  N_hist=8100
------------------------------------------------------------------------------------------------------------------------
00X10XXXXXXX0XXXXX1XXXXXXXXXXXXXXXXXXXXXXXXXXXXXXXXXXXXXXXXXXXXXXXXXXXXXXXXXXXXXXXXXXX1XXXXXXX0XXX0XXXX0XXXXXXXXXXXXXX0X
XXX0XXXXXXXXXXXXXXXXXXXXXXXXXXXXX0XXXXXXXXXXXXXX0XX0XXXXXXXX


Generation 46/75  F=U(0.5, 1.0)  N_hist=8279
------------------------------------------------------------------------------------------------------------------------
X001000XXXXXXXXXX01X00XXXXXXX1XXXXXXXXXXXXXXXXXX0XXXXXXXX1XXXXXXXXXXXXXX0XXXXXXX0XXX0XXXXXXXXXXXXXXXXXXXXXXXXXXXXXXXXXXX
XXXXXXX1XXXXXXXXXXXXXXX0XXX0XXXXXXXXXXX0XX1X0XXXXXXXXXXXXXXX


Generation 47/75  F=U(0.5, 1.0)  N_hist=8460
------------------------------------------------------------------------------------------------------------------------
01X0XXXXXXXXXXXXXXXXXXXX0XXXXXXXXXXXXXXXXXXXXXXXXXXXXXXXXXXXXXXXXXXXXXXXXX00XXXXX0XXXXXX0XXXXXXX0XXXXXXXXXXXX1XXXXXXXXXX
XXXXXXXXXXXXXX00XXXXXXXXXXXXXXXXXXXXXXXXXXX0XXXXXXXXXXXXXXXX


Generation 48/75  F=U(0.5, 1.0)  N_hist=8640
------------------------------------------------------------------------------------------------------------------------
0X0XXXXXXXXXXXXXXXXXXXXXXXXXXXXXXXXXXXXXX0XXXXXXXXXXXXXXXXXXXXXXXXXXXXXX0XXXXXXXXXXXXXXXXXXXXXXXXXXXXXXXXXXXXXXX0XXXXXXX
XXXXXXXXXXXXX0XXXXXXXXXXXXXXXXXXXXXXXXXXXXXXXXXXXXXXXXXXXXXX


Generation 49/75  F=U(0.445, 1.0)  N_hist=8820
------------------------------------------------------------------------------------------------------------------------
0XXXXXXXXXXXXXXX0XXXX0XXXXXXXXX1X0XX0XX1XXXXXXXXXXXXXX10XXXXXXXXXXXXXXXXXXXXX0XXXXXXXXXXXXXXX00XXXXXXX00XXX0XX0X0XXXXXXX
XXXXXXXXXXXXXXX0XXXXXXXXXXXXXXXXXXXX0XXXXXXXXXXXXXXXXXXXXX0X


Generation 50/75  F=U(0.493056632402, 1.0)  N_hist=8999
------------------------------------------------------------------------------------------------------------------------
X0X00XX0XXX1X0XXXXXXXXXXXXXXXXXXXXX0XXXXXXXXXX0XXXXXXXXXXXXXX00XXXXXXXXXXXXXXXX0X11XXXXXXXX0XXXXXXXXXXXXX0XXXXXXX0XXXXXX
XXXXXXXX1XXXXXXXXXXXXXXXXXXXXXXXXXXXXXXXXXXXXXXXXXXXXXXXXXXX


Generation 51/75  F=U(0.5, 1.0)  N_hist=9180
------------------------------------------------------------------------------------------------------------------------
XXXXXXXXXX0XXXXXXX0XXX0XXXXXXX1XXXXX0XXXXXXXXX0XXXXXXXXXXXXXXXXXXXXXXXXX00XXXXX0XXX0XXXXXXXXXXXXXXXXXXXXXXX0XXXXXX0XXXXX
XXXXXX00XXXXXXXXXXXXXXXXX0XXXXX0XXXXXXXXXXXX0XXXXXXXXXXXXXXX


Generation 52/75  F=U(0.5, 1.0)  N_hist=9360
------------------------------------------------------------------------------------------------------------------------
0XXXXXXX0XXXXXXXXXXXXXXXXXXXXXX0XXXXXXXXXXX0XXXXXXXXXXXX0X1XXXXXXXXXXXXXXXXXXXXXXXXXXXXXXXXXXXX00XXXXXXXXXXXXXXXXX0XXXXX
XXXXXXXXXXXXXXXXX0XXXXXXXXXXXXXXX0XXXXXXXXXXXXXXXXXXXXXXXXXX


Generation 53/75  F=U(0.445, 1.0)  N_hist=9540
------------------------------------------------------------------------------------------------------------------------
00XX00XXXXXXXXXXXXXXXXXXXXXXXXXXXXXXXXXXXX0X00XXXX0XXXXXXX0XXXXXXXXXXXXXXXXXXXXXXXXXXXXXXXXXXX0XXXXXX1XXX0XXXXXXX00XXX0X
00XXXXXXXXXXXXXXXXXXXXXX0XXXXXXXX0XXXXXXXXXXXX00XXXXXXXXXXXX


Generation 54/75  F=U(0.39605, 1.0)  N_hist=9720
------------------------------------------------------------------------------------------------------------------------
X00X000XXXXXXXXXXXXXXXXX0XXXXXXXXXXXXXXXXXXXXXX00XX00XXXXX0XXXXXXXXXXXXXXXXXXXXXXXXXX0X0XXX000XXX0XXXXXX0XXXXXXXXXX0XX0X
XXXXXXXXXXXXXXXXXXXXXXXXXX0XXXXXXXXXXXXXXXXXXXXXXXXXXXXXXXXX


Generation 55/75  F=U(0.3524845, 1.0)  N_hist=9900
------------------------------------------------------------------------------------------------------------------------
000X0XXX0XXXXXXXXXXXXXXX0XXXXXXXXXXXXXXXXXXXXXXXXXXXXXXXX1XXXXX0XX1XXXXXXXXXXXXXXXXXXXXX000XX0XXXXXXXXXXXXXX00X0XXXXXXXX
X0XXXXXXXX00XXXXXXXXXXX0XXXXXXXXXXXXXXXXXXXXXXXXXXXXXXXXXXXX


Generation 56/75  F=U(0.390550158526, 1.0)  N_hist=10080
------------------------------------------------------------------------------------------------------------------------
0XXXXXXXXXXXXXXXXXXX0XXXX0XXXXXXXX0XXXXXXXXXXXXX10X00XXXXXXXXXXXXXXX0XXX0XXXX0XXXXXXXXXXXXXXXXXX0XXXXXX0XXXXX01XX0XXXXXX
XXXXXXXXXXXXXXXXXXXXXXXXX00XXXXXXXXXXXXX00XX0XXXXXXXXXXXXXXX


Generation 57/75  F=U(0.432726620105, 1.0)  N_hist=10260
------------------------------------------------------------------------------------------------------------------------
X0XXXXXXXXXXXXXXXXXXXXXXXXXXXXXXXXXXXXXXXXXXXXXXXXXXXXXXXXXXXXXXXXXXXXXXXXXXX0XXXXXXXXXXXXXXXXX0XXXXXXXX0XXXXXXXXXXXXXXX
XXXXX0XXXXXXXXX0XXX0XXXXXXXXXXXXXXXXXXXXXXXXXXXXX0X0XXXXXXXX


Generation 58/75  F=U(0.385126691893, 1.0)  N_hist=10440
------------------------------------------------------------------------------------------------------------------------
000X00XXXXXXXXXXXXX0XXXXXXXXXXXXXXXXXXXXXX0+X0XX0XXXXXXXXXXXXX0XXXXXXXXXXXXXXXXXXX0X0X0XXXXXXXXXXXXXXXXXXXXXXXXXXXXXXXXX
X0XXXXXXXXXXXXXXXXXXXXX1XXXX000XXXXXXXXXXXXXXXXXXXXX0XXXXXXXX


Generation 59/75  F=U(0.342762755785, 1.0)  N_hist=10620
------------------------------------------------------------------------------------------------------------------------
0X00XXXXXXX0X0XXXXXXXXXXXXXXXXXXXXXXXXXXXXXXXXXXXXXXXXXXXXXXXXXX00XXXX0XXXX00X0XXXXXXXXX0XXXXXXXXXXXXXXXXX0X0XXXXXXXXX0X
XXXXXXXXXXXXXXXXXXXXXXXXXXXXXXXX0XXXXXXXXXXXXXXXXXXXXXXXXXXX


Generation 60/75  F=U(0.379778539506, 1.0)  N_hist=10800
------------------------------------------------------------------------------------------------------------------------
000XXXXXXXXXX0XXXXXXXXXXXXXXXXXXXXXXXXXXXX0X000XXXXXXXXXXX0+XXXX0XXXX0XXXXXXXXXXX0XXX0XXXXXXXXXXXXXX0XXXXXXXXXXXXXXXXXXX
XX0000XXXXXXXX0XXXXXX0XXXXXXXXXXXXXXXXXXX0XXXXXXXXXXXXXXXXXXX


Generation 61/75  F=U(0.420791747747, 1.0)  N_hist=10980
------------------------------------------------------------------------------------------------------------------------
X0XX0XXXXXXXXX00XXXXXXXXXXXXXXX0XXXXXXXXXXXXXXXXXXXXXXXXXXXXXXXXXXXXX0XXX0XXXXXXXX0XXXXXXXXXXXXXXXXXXXXXXXXXXXXXXXXXXXXX
XXXXX0X0XXXXXXXXXXXXXXXX0XXXXXXXXXXXXXXXXXXXXXXXX0XXXXXXXXXX


Generation 62/75  F=U(0.466234072105, 1.0)  N_hist=11160
------------------------------------------------------------------------------------------------------------------------
0XXXXXXXXXXXXXXXXXXXXXXXXXXX0XXXXXXXXXXXXXXXXXXX00XX0XXXXXX0XXXXXXXXXXXXXXXX000XXXXXXXXXXXXXXXXXXXXXXXX0XX0XXXXXX0XXXXXX
XXXXXXX0XXXXXXXXXXXXXXXXXXX00XXX00XXXXXXXXXXXXXXXXXXXXXXXXXX


Generation 63/75  F=U(0.414948324173, 1.0)  N_hist=11340
------------------------------------------------------------------------------------------------------------------------
X00XXXXXXXXXXXXX0XXX0XXXXXXXXXXXXXXXXXX00XXXXXXXX00XXXX0XXXXX0XXXXX0XXXXXXXXXXXXXXXXXXXXXXXXX00XXXX0XXXXXXXXX0XXXXX0XXXX
X0XXXXXX0XXXXXXXXXXXXXXXXXXX0XXXXXXX0XXXXXX00XXXXXXXXXXXXXXX


Generation 64/75  F=U(0.459759603006, 1.0)  N_hist=11520
------------------------------------------------------------------------------------------------------------------------
0XX0XXXX0XXXXXXXXXXXXXXXXXXXXXXXXXXXXXXX0XXXXXXXXXX0XXXXXXXXXXXXXXXXX0X00X0XXXXXXXXXXXXXXXXXXXXX0XXXXXXXXXXXXXXXX0XXXXXX
XXXXXXXXXXXXXXXXXX0X0XXXXXXXXXXXXXXXXXXXXXXXXX00XXX0XXXXXXXX


Generation 65/75  F=U(0.409186046675, 1.0)  N_hist=11700
------------------------------------------------------------------------------------------------------------------------
000XX0XXX0XXXXXXXXXXXXXX0XXXXXXXXXXXXXXXXXXXXXXXXXXXXXXXXXXXXXXX0XXXXXXXXX00XXXXXXXXXXX0XXXXXXX0X0XXXXXXXXXXXXXXXXXXXXXX
XXXX0XXXXXXXXXXXXXXXXXXXXXXXXXXXXXXXXX0XXXXXXXXXXXXXXXXXXXXX


Generation 66/75  F=U(0.364175581541, 1.0)  N_hist=11880
------------------------------------------------------------------------------------------------------------------------
0X000000XXXXXXXXXXXXXX0XXXXXXX0XXXXXXX0XXXXXXXXXXXXXXXXXXXXXXXXXXXXXXXXXXXXXXXX00X0XXXXX0XXXXXXXXXXXX0XXXXXXXX0XXXXXXXXX
0XX00XXXXXXXXXXX0XXXXXXXXXXXXXXXXXXXXXXXXXXXXXXXXXXXXXXXXXXX


Generation 67/75  F=U(0.403503788399, 1.0)  N_hist=12060
------------------------------------------------------------------------------------------------------------------------
000X00X0X0XXXXXXXXXXX0XX0XXX0XXX0XXXXXXX00X00XXXXXXX00XXXXXXXXXXXXXXXXXX0XXXX0XXXXXXXXXXX0X0XXXXXXXXXXXX00XX0XXXXXX00XXX
XX0XXXXXXXXXXXXXXXXXXXXXXXXXXXXXX0XXXXXXXXXXXXXXX0XXXXXXXXXX


Generation 68/75  F=U(0.447079143976, 1.0)  N_hist=12240
------------------------------------------------------------------------------------------------------------------------
X0XXXXXXXXXXXX0XXXXXXXXXXXXXXXXX0XXXXXXXXXXXXXXXXXXXXXXXXXXXXXXXXXXXX0XX0X0XXXXXXXXXXXXXX0XXXXXXXXXXXXXXXXXXXXX0X00XXXX0
XXXXXXX0XXXXXX0XXXXXXXXXXXXXXXXXXXXXXXXXXXXXXXXXXXXXXXXXXXXX


Generation 69/75  F=U(0.397900438139, 1.0)  N_hist=12420
------------------------------------------------------------------------------------------------------------------------
0XXXXXXXX0XXXXXXXXXXXXXXXXXXX0XXXXX0XXXXXXXXXXX0X0XXXXXXXXXXXXXXXXXXXXXXXXX0XXXXXXXXXXXXXXXXXXXXX0XXXXXXXXXXXXXXX0XXXXXX
0XXXXXXXXXXXXXXXXXXXXXXXXX00X00XXXXXXXXXX0XXXXXXXXXXXXXXXXXX


Generation 70/75  F=U(0.354131389944, 1.0)  N_hist=12600
------------------------------------------------------------------------------------------------------------------------
000+0XX00XXXXXXXXXXXXXXXXXXXXXXXXXXXXXX0XXXXXXXXXXXXXXXXXXXX0XXXXXXXXXXXX00X0XXXXXXXXXXXXXXXXXX0XXXXXXXXXXXXXXXXXXXXXXXX
X0XXXXX0XXXXXXXXXXXXXXXXXXXXXXXXXXX0XXX0XXX0XXXXXXXXXXXXXXXXX


Generation 71/75  F=U(0.31517693705, 1.0)  N_hist=12780
------------------------------------------------------------------------------------------------------------------------
000X0000X0XXXX0XX0XXXXXXXXXXXXXXXXXXXXXXXXXXX0XXXXXX0XXXXXXXXXXXXXXXXXXXXXXXXXXXXXXXXXX0XX000XXXXXXX0XXX0XXXXXXXXX0XXXXX
XXXX00XXXXXX00XXXXX00XXXXXXXXXX0XXXXXXXXXXXXXXXXXX0XXX00XXXX


Generation 72/75  F=U(0.349213661107, 1.0)  N_hist=12960
------------------------------------------------------------------------------------------------------------------------
00XXXXXXXXXXXXXXX0XXXXXXXXXXXXXXXXXX0X0XXXX00XXXXXXXXXXX0XXXXXXXXXXXXXXXXXXXXXXXXXXXXX000XXXXX00XXXXX00XXXXXXXXXXX0XXX00
XXXXXXXXXXXXXXXXXXXXXXXXXXXXXXXXXXXXXXXXXXXXXXXXXXXXXXXXXXXX


Generation 73/75  F=U(0.310800158385, 1.0)  N_hist=13140
------------------------------------------------------------------------------------------------------------------------
000X0X0XX0XXXXXXX0X0XXX0XXXXXXXXXXXXXXXXXXXX00XXXXXXXXXXXXXXXXXXXXXX0X0XXXX00XXXXXXXXXXXX0XXXXXXXXXXXXXXXXXXXXXXXXXXXXXX
0XXXXXXXXXXXXXXXXXXXXXXXXXXXXXXXXXXX000X00XXXXXXXXXXXX0XXXXX


Generation 74/75  F=U(0.276612140963, 1.0)  N_hist=13320
------------------------------------------------------------------------------------------------------------------------
XX0X00X0XXXXXXXXXXX0XXXXXXXX00XXX0XXXXXXXXXXX0XXXXXXX0XXXXXXXXXXXXXX0X0X0XXXXXX00X0XXXXXXXXXXXXXXXXXXXXXXXXXXXXXXXXXXXXX
00XXXXXXXXXXXXXXX0XXXXXX0XXX00XXXX0XXXXXXXXX0XXXXXXXXXXXXXXX


Generation 75/75  F=U(0.306484158887, 1.0)  N_hist=13500
------------------------------------------------------------------------------------------------------------------------
0X000X0XXXXX0XXXXXXXXXXXXXXXXXXXXXXXXX0XXXXXXXXXXXXXXXXX0XXXXXXXXXXXXXXXXXXXXXXXXXXXXXXXXXXXXX00XXXXXXXXXXXXXXXXX0X0XX0X
XXXXXXXXXX0X0XXXXXX0XXX0XXXXX0X0XXXXXXXXXXXXXXXXXXXXXXXXXXXX

Maximum number of iterations reached.

SSE=3.4401 on eval 13680: L=3.51949e+07 b=598.32 r=0.11829 rf=0.769375 t0=62.4137 th=7.43816


Shutting down DE...
DE shutdown complete.

Final population:
Population: 180 individuals with SSE 3.4401 to 3.4928, avg eval time 0.0194 sec. Top 7:

        SSE |     3.4401       3.4415       3.4418       3.4421       3.4421       3.4421       3.4427  
------------------------------------------------------------------------------------------------------------------------
          L | 3.5195e+07   8.8088e+06   7.3861e+06   3.0978e+07   4.9628e+07   5.2991e+07   3.1218e+07  
          b |     598.32       563.05       645.49       591.81       651.34       609.66       523.89  
          r |    0.11829       0.1177      0.11506      0.11687       0.1177      0.11534      0.12299  
         rf |    0.76938       0.7601       0.7582      0.76057      0.76705      0.76126      0.77679  
         t0 |     62.414       62.499       62.622       62.506       62.326       62.561        62.19  
         th |     7.4382       7.2346       7.1456       7.1579       7.3515        7.183       7.7212  
------------------------------------------------------------------------------------------------------------------------
Best individual:
<SSE=3.4401 L=3.51949e+07 b=598.32 r=0.11829 rf=0.769375 t0=62.4137 th=7.43816>


Elapsed time: 167.32 seconds

Saved final population of best parameter combinations to covid19.dat
Shutting down...
Task Queue is shut down
Goodbye
