Decompressing and parsing covid19.csv.bz2...
Cumulative and new cases reported thus far for Italy
------------------------------------------------------------------------------------------------------------------------
000	01/22	0	0
001	01/23	0	0
002	01/24	0	0
003	01/25	0	0
004	01/26	0	0
005	01/27	0	0
006	01/28	0	0
007	01/29	0	0
008	01/30	0	0
009	01/31	2	2
010	02/01	2	0
011	02/02	2	0
012	02/03	2	0
013	02/04	2	0
014	02/05	2	0
015	02/06	2	0
016	02/07	3	1
017	02/08	3	0
018	02/09	3	0
019	02/10	3	0
020	02/11	3	0
021	02/12	3	0
022	02/13	3	0
023	02/14	3	0
024	02/15	3	0
025	02/16	3	0
026	02/17	3	0
027	02/18	3	0
028	02/19	3	0
029	02/20	3	0
030	02/21	20	17
031	02/22	62	42
032	02/23	155	93
033	02/24	229	74
034	02/25	322	93
035	02/26	453	131
036	02/27	655	202
037	02/28	888	233
038	02/29	1128	240
039	03/01	1694	566
040	03/02	2036	342
041	03/03	2502	466
042	03/04	3089	587
043	03/05	3858	769
044	03/06	4636	778
045	03/07	5883	1247
046	03/08	7375	1492
047	03/09	9172	1797
048	03/10	10149	977
049	03/11	12462	2313
050	03/12	12462	0
051	03/13	17660	5198
052	03/14	21157	3497
053	03/15	24747	3590
054	03/16	27980	3233
055	03/17	31506	3526
056	03/18	35713	4207
057	03/19	41035	5322
058	03/20	47021	5986
059	03/21	53578	6557
060	03/22	59138	5560
061	03/23	63927	4789
062	03/24	69176	5249
063	03/25	74386	5210
064	03/26	80589	6203
065	03/27	86498	5909
066	03/28	92472	5974
067	03/29	97689	5217
068	03/30	101739	4050
069	03/31	105792	4053
070	04/01	110574	4782
071	04/02	115242	4668
072	04/03	119827	4585
073	04/04	124632	4805

Initializing 180 population members having 6 parameters
------------------------------------------------------------------------------------------------------------------------

SSE=5.6109 on eval 1: L=1.57047e+07 b=929.98 r=0.0961848 rf=0.70975 t0=60.7095 th=8.74154

*

SSE=4.957 on eval 2: L=5.36784e+07 b=967.13 r=0.0867963 rf=0.758313 t0=63.1189 th=8.21703

!314235141

SSE=4.3335 on eval 12: L=1.95971e+07 b=183.01 r=0.147272 rf=0.752698 t0=60.2691 th=8.52465

!

SSE=4.1129 on eval 13: L=4.05764e+06 b=212.824 r=0.116933 rf=0.714195 t0=63.552 th=6.51434

!7157

SSE=3.6649 on eval 18: L=4.48309e+07 b=316.434 r=0.11493 rf=0.706502 t0=62.2234 th=6.20883

!31271241121311113322122232211312412312231912331111192424121122314115111525535

SSE=3.5765 on eval 96: L=4.82119e+07 b=651.834 r=0.123255 rf=0.796853** t0=61.8409 th=8.54826

!112111113522121721132141
22212232415533253326121321127713117!147141926146722124131133

Population: 180 individuals with SSE 3.5597 to 36.684, avg eval time 0.674 sec. Top 7:

        SSE |     3.5597       3.5765       3.6649       3.6933       3.7191       3.7434       3.7628  
------------------------------------------------------------------------------------------------------------------------
          L | 5.6691e+07   4.8212e+07   4.4831e+07   4.3469e+07    5.128e+07   4.6307e+07   5.0257e+07  
          b |     329.18       651.83       316.43       1072.8       660.14       438.61       835.37  
          r |     0.1348      0.12326      0.11493      0.10011      0.10737      0.13294     0.094295  
         rf |    0.77465      0.79685**     0.7065      0.77571      0.73471      0.74634      0.71458  
         t0 |     61.166       61.841       62.223       63.589       62.196       61.017       63.431  
         th |     8.0107       8.5483       6.2088       6.7008       7.0693        7.281       5.6108  
------------------------------------------------------------------------------------------------------------------------
Best individual:
<SSE=3.5597 L=5.66905e+07 b=329.179 r=0.134796 rf=0.774654 t0=61.166 th=8.0107>


Population: 180 individuals with SSE 3.5597 to 36.684, avg eval time 0.674 sec. Top 7:

        SSE |     3.5597       3.5765       3.6649       3.6933       3.7191       3.7434       3.7628  
------------------------------------------------------------------------------------------------------------------------
          L | 5.6691e+07   4.8212e+07   4.4831e+07   4.3469e+07    5.128e+07   4.6307e+07   5.0257e+07  
          b |     329.18       651.83       316.43       1072.8       660.14       438.61       835.37  
          r |     0.1348      0.12326      0.11493      0.10011      0.10737      0.13294     0.094295  
         rf |    0.77465      0.79685**     0.7065      0.77571      0.73471      0.74634      0.71458  
         t0 |     61.166       61.841       62.223       63.589       62.196       61.017       63.431  
         th |     8.0107       8.5483       6.2088       6.7008       7.0693        7.281       5.6108  
------------------------------------------------------------------------------------------------------------------------
Best individual:
<SSE=3.5597 L=5.66905e+07 b=329.179 r=0.134796 rf=0.774654 t0=61.166 th=8.0107>

Performing DE with CR=0.8, F=U(0.5, 1.0), DE/rand-1.00/1/bin
------------------------------------------------------------------------------------------------------------------------

SSE=3.5597 on eval 180: L=5.66905e+07 b=329.179 r=0.134796 rf=0.774654 t0=61.166 th=8.0107

Press the 'Enter' key to abort.



Generation 1/50  F=U(0.5, 1.0)  N_hist=180
------------------------------------------------------------------------------------------------------------------------
X1XX314XXX1X1+1XX4X1X31X2XXXXXX2X2+X2XXX23XXX2X2X221XXXXX12X1XXXX7XX3X13XXXXXXXX1212XXXX5221X1129X1XX121X2121X1X21XXX111
11XXX12X1XX2214312222X1114XX2XXXXX1XX225XXX23X1212XXX2762X312X


Generation 2/50  F=U(0.5, 1.0)  N_hist=360
------------------------------------------------------------------------------------------------------------------------
XX2XX1XXXXXX215211XX1XX1XXX1X2XXX1X0X61X11112X2XX0X1XXXXXXX1X21112X212XXXXXXX11X1X1XXXXX21X1X4XX1XXXX11X2XXX1XXXX3X14X22
1XXXXXXX1X11XX1X2X11X0XX3X112X3XXX22XX12X11XXXX21XX0XXXXXXXX


Generation 3/50  F=U(0.5, 1.0)  N_hist=540
------------------------------------------------------------------------------------------------------------------------
1XX1112XXXXXXX1XXXXXXXX2X2X1X2XXX21XX1XXX1X212XXX1X1X1XXX11XXXX2XXXX0XXXXXX201X11X02X1XXXXXX1XXXX10XXXXX11X1X1XXX21XXXXX
XXXXXXXXXX1XXXXXXXX21XX3X11X2XXXX1211XX1X1XX2XXX1XX1XXXXX21X


Generation 4/50  F=U(0.5, 1.0)  N_hist=720
------------------------------------------------------------------------------------------------------------------------
X1X11XXXXXX2XXX1X2XXXXXX1XXXXXX1XXXXX0XXXX1XX211X1XXXX0XXXXXXXXX1XX1XXXXXXXXXXXXX1X102X1XX1X11XXX1XX11XX1XXXXXXXXXXXXXXX
XX0XX1XXXXXXXX1XX12XXXX1XXXXXXX1XXXXX2X2XXXXXXX101XXXXXXXXXX


Generation 5/50  F=U(0.5, 1.0)  N_hist=900
------------------------------------------------------------------------------------------------------------------------
XXX1X1XX2XXXXXXXXXX12XX1XXXXXXXXXXXX11XXXXXX11XX1XX1X1XXX1XXXX1XXXXXXXXX1XXXXX01XXXXXXXXXXXXXX1X1XX1XXX12X1XXXXXXXX1XX1X
XXXXX12XXXX1X1XXXXX1XXXXXXXXXXXX1XXXXXXX1XXXXXXXXXXXXXX1XXXX


Generation 6/50  F=U(0.5, 1.0)  N_hist=1080
------------------------------------------------------------------------------------------------------------------------
XXXXXXXX1X1XXXXXX11XX11X11XX1XXXXXX1XXXXX1X1XX0XXXXXXXX0XXXX1XXXXXX10XX1XXXX1X1X1XXX1XXXXXXXXX11XXXXXX1XXXXXX11XXXXX1XXX
1XXX1XX1101XXX11XX1XXXXXXX1X1XXXXXXX1XXXXX1111X1XX0XXXXX1XX1


Generation 7/50  F=U(0.5, 1.0)  N_hist=1260
------------------------------------------------------------------------------------------------------------------------
11X121XX11XXXXXXX1X1XX1X1XX1XXXXXX1XXXXXXXXXXXXX10XXXXXXXXXXXXX0X0XXX1XX1XXXXXXXXX1X1XX1XXXXXXXXXXXXXXXX11XXXX1X1XXXXXXX
XXX0XX1XXXXXXXXXX1X0XXXXX1XXXX1XXX1X1XX0XXXXXXXXXXX1XXXXXXXX


Generation 8/50  F=U(0.5, 1.0)  N_hist=1440
------------------------------------------------------------------------------------------------------------------------
XXXXXXXXXXXXXXXXXXX02X11XXXXXX1XXXX1XXXXXX1XXXXXXXXXXXXXXXX11XXXX1001XXXXXXXXXXX11XXXXXXXXX1X1XXXXXXXX1XXXXXXXXXXXXXX11X
XXXXXXXXX1XXXX0XXXXXXXXXXXXX1XXXXXXXXXXXXXXXXXX1XXXXXXXXXXXX


Generation 9/50  F=U(0.5, 1.0)  N_hist=1620
------------------------------------------------------------------------------------------------------------------------
0110X01111X111XXX1XXXXXXXXXXXX0XXX1XXXXXXXXXXXXXXXXXXXXX1XXXXXXXXXXXXXXXXXXXXXXXX1101XXXX1XXXXX01XX1XXXXXXXXXXXXXXX1X1XX
XXXXXXXXXXXXXXXXXXX1+1XXX1XXX1XXXXXXXX10X0XXXXXXXXXXXXX1XXXXX


Generation 10/50  F=U(0.5, 1.0)  N_hist=1800
------------------------------------------------------------------------------------------------------------------------
001XX0XXXXXXXXXXXXXXXXXXXXXXX1XX1XXXXXX1X0XXX1XXXXXXXXXX0XXXXXXXXXXXXXXXXXXXXXXXXXXXXXX11X1XX1XX1XXXXXXX1XXXXX01XXXXXXXX
XX01XXXXXXX11XXXXXXXXX1XXXXXXXX0XXXX1XXXXXXXXXXXXXXXXXX0XXXX


Generation 11/50  F=U(0.5, 1.0)  N_hist=1980
------------------------------------------------------------------------------------------------------------------------
1111X0X1XX0XXXXXXXXXXXXXXXXXXXXXXXXXX1XXX1XXX1XXXXXXXXXXXXXX01XXXXXXXXX11XXXXXXXXXXXX11XXXX1XXXXXXXXXXXXXXXX1110XXXX1X1X
XXXXXXXXXXXXXXXX0XXXXXX100X1101XX0XXX0XXXXXXXXXXXXXXXXXXXXXX


Generation 12/50  F=U(0.5, 1.0)  N_hist=2160
------------------------------------------------------------------------------------------------------------------------
X1010X010XXX1XXXXXXXXX1XXXXXXXXXXXXXXXXX1XXXXXXXXXXXXXXX1010X0XXXXXXXXXXX1XXXXXXXXXX1XXX0XXX1XXX01X00X1XXX1XXXXXXX0XXXX1
XXXXX1XXXXXXX0XXX1XXXXXXXXXXXXX1XXXXXX1XXXXXXXXXXXXXXXXXXXXX


Generation 13/50  F=U(0.5, 1.0)  N_hist=2340
------------------------------------------------------------------------------------------------------------------------
1X1XXXXXXXXXXXXXXXXXXXXXXXXXXXXXXXXXXXXXXXXXXXXXXXXXXXX11XXXXXXXXXXXXXXXX1XXXXXX1X11X0XXXXXXXXXXXX111X01XXXXXXX11XXX10XX
1XXXXXXXXXXX1XXXXXXXXXXXXX0XXXXXXXXXXX1XXXXXXXXXXXXXXXXXXXXX


Generation 14/50  F=U(0.5, 1.0)  N_hist=2520
------------------------------------------------------------------------------------------------------------------------
0X111X0XXXXXXXXXXX1XXXXXXXXXXXXXXXXXXXXXXXXXXXX0001X000XXXXXX0XXXXXXXXXXXXXXX00XXXXXXXXXXX111X001XXXXX0XXXX1XXXXXXXX10XX
XX1X1XXXXXXXXXXXXXX0XXXXXXXXXXXX10X01XXXXXXXXXX1XXXXXXX0XXXX


Generation 15/50  F=U(0.5, 1.0)  N_hist=2699
------------------------------------------------------------------------------------------------------------------------
110X0X10XXXXXX1XXX0XXXXXXX0XXXXXXXX1XXXXXXXXXXXXXXXXXXXX0XXX1000XXXXXXXXXXXXXXXXX0XXXXXXXX10XXXXXXXX0XX1XXXXXXXXXXX1XXXX
XXXXXXXXXX00XXXXXXXXXXXX0XXXXXXXXXXXXXXXXX1XX1XXXXXXXXXXXXXX


Generation 16/50  F=U(0.5, 1.0)  N_hist=2880
------------------------------------------------------------------------------------------------------------------------
001X0XXXXXXXXXXXXXXXXXXXXXXXXXXXXXXXXXXXXXXXXX1XXXXXXXX11X1XXXX0XXXXXXX0X11XXXX1XX1XXXXXXXXX0XXXXXXXXXXXXX0XXXX1XXXXXXXX
0XXXXXXXXXXXXXXXXXXXXXXXXXXX1X1XXXXXXXXXXXXXXXXXXXXXXXXXXXXX


Generation 17/50  F=U(0.5, 1.0)  N_hist=3060
------------------------------------------------------------------------------------------------------------------------
100X01XX0XX0XX1XXXXXXXXXXXXXXXXXX1XXXXXXXXX01XXX00XXX0XXXXXXXXXXXXXXXXXXXXXXXXXXX1XXXXXXXXXX00XXXXXXX0XXXXXXXX10XXXX1XXX
XXXXX1XXXX11XXXXXXXXXXXXXXXXXXXXXXXXXXXXXXXXXXXXXXXXXXXXXXXX


Generation 18/50  F=U(0.5, 1.0)  N_hist=3240
------------------------------------------------------------------------------------------------------------------------
01X0110XXXXXXXXXXXXX0XX1X1XXXXXXXXXXXXX0XXX0XXXXXXX0XXXXX0XXXXXXXXXXXXXXXXXXXXXXXXXX0XXXXXXXXXXXXXXXXXXXXXXXXXXXXXX1XXXX
XXXXXXXXXXXXXXXXXXXXXXXXXXXXXXXXXXXXXXXXXXX0XXX0XXXXXXXXXXXX


Generation 19/50  F=U(0.5, 1.0)  N_hist=3420
------------------------------------------------------------------------------------------------------------------------
00X1XX0XXXXXXXXX1XXXXXXXXXXXXXXXXXXXXXXXXXXX0XXXXXXX0XXX1XXX0XXXXXXXXXXXXXX10XX0XXXXX1XXXX0XXXXXXXXXXXXXXXXXXXXX0XXXXXXX
XXXXX00XXXXXXXXX1XXXXXXXXXXXXXXXXXX0XXXXXXXXX0XXXX0XXXXXXXXX


Generation 20/50  F=U(0.5, 1.0)  N_hist=3600
------------------------------------------------------------------------------------------------------------------------
1XX0XXX1XXXXXXXXXX11XX0XXXXX0XX0XXXXXXXXXXXXXXX100XXXXXXXXXXX0X0

SSE=3.4879 on eval 3677: L=4.22275e+07 b=316.323 r=0.129383 rf=0.763503 t0=61.8367 th=7.52691

+XXXXXXXX101XXXXXXXXXXXX1X0XX0XXXXXXXXXXXXXXXXXXXXXXXXXX
XXXXXXX0XXXX0X0XXXXXXXXXX0XX0XXXXXXXXXXXXXXX0XXXXXXXXXXXXXXXX


Generation 21/50  F=U(0.5, 1.0)  N_hist=3780
------------------------------------------------------------------------------------------------------------------------
10X01100X10XXXXXXXXXXXXXXXXXXXXXXXXXXXXXXX0XXXXX00X0XXXXXXXXXXXXXXXX0XXXXXXXX1XXXXXXXXXX0XXXXXXXXX0XXXXXX1XXXXXX0XXXXXXX
XXXX0XXXXXX1XXXX0XXXXXXXXXX1XXXXXXXXXXXXXXXXXXXXXXXXXXXXXXXX


Generation 22/50  F=U(0.5, 1.0)  N_hist=3960
------------------------------------------------------------------------------------------------------------------------
0100100XXXXXXXXXXXXXXXXXXX0XXXXXXX0XXXXXX1XXXXXXXXX0XXXXXXXXXXXX01XXXXXXXXXXXXXXXXXXXXXXXXXXX1XXXXXXXXXXXXXXXXXXXXXXX001
XXXXXXXXX10XXX1XXXXXXXXXXXX0001XXXXXXXXXXXXXXXXXXXXXXXXXXXXX


Generation 23/50  F=U(0.5, 1.0)  N_hist=4140
------------------------------------------------------------------------------------------------------------------------
11XXXX0XX1XXXXXXX1XXXXXXXXX0XXXXX0XXXXX0XXXXXXXXXXXXXXXXXXXXXXX0XXXXXXXXXXXXXXXX0XX0XXXXXXXXXXXX0XXXXXXXXXXXXXXXXXXXX1XX
XXXXXXXXXXXXXXXX00XXXXXXXXXXXXXXXXX0XXXXXXXXXXXXX0XXXXXXXXXX


Generation 24/50  F=U(0.5, 1.0)  N_hist=4320
------------------------------------------------------------------------------------------------------------------------
00X0XXXXXXXXX00XXX1XXXXXXXXXXXXXXXXXXXXXXXXXXXXXX1XXXXXXX1XXXXX0XXXXXX0XX0XXXXX0XX0XXXXXXXXXXX1XXXXXXXXXXXXXX00XXXXX0XXX
XXXXXXXXX0XXXX11XXXXXXXXXXXXXX0XXXX0XXXXXXXXXXXXXXXXXXXXXXXX


Generation 25/50  F=U(0.5, 1.0)  N_hist=4500
------------------------------------------------------------------------------------------------------------------------
X0X0XXXXXXXX0X0XXXX0XXXXXXX0XXXXXXXXXXXXXXXXXXXXXX1XX0XXXXXXXXX0XXXXXXXXXXXXXXXXXXXXXXXXXXXXXXXXXXXXX0X0X0X0XXXXXXXXXXXX
XX0XXXXXXXXX0XXXXXXXXXXX000XXXXXXXXXXXXXXXXXXXXXXXXXXXXXXXXX


Generation 26/50  F=U(0.5, 1.0)  N_hist=4680
------------------------------------------------------------------------------------------------------------------------
X0X0XXXXXXXXXX0XXXXXXXXXXXXX0XXXXXXXXXXXX0XXXXXXXXXXXXXXXXXXXXXXXXXXXXX0X0XXXXXXX1XXXX0X0XX0XX0XXXXXXXXXXXXXXXX0XXX1XX1X
XXXXXXXXXXX0XXXXXXXXXXX00XXX0XXXXXXXXXXXXXXXXXXXXXXXXXXXXXXX


Generation 27/50  F=U(0.5, 1.0)  N_hist=4860
------------------------------------------------------------------------------------------------------------------------
0010XXXXXXXXXXX0XXXXXXXXXXXXXXXXXXX1XXXXXXXXX0XXXXXXXXXXXXXXXXXXXXXXX1XXXXXXXXXXX0XXXXXXXXXXXXXX1XXXXXXXXXXXXXXXXXXX00XX
X1XXXXXXXXXXXXXXXXXX00XXXXX0XXXXXXXXXXX0XXXXXXXXXX1XXXXXX1XX


Generation 28/50  F=U(0.5, 1.0)  N_hist=5040
------------------------------------------------------------------------------------------------------------------------
00X00001XXXXXXXXXXXXXXXXXXXXXXXXXXXXXXXXXXXXXXXXX0XXXXXXXXXXXXXXXXXXXXXXXX0XXXXXXX0XX1XXXXXXXXXXXXXXXXXXXXXXXXXXX00XXXXX
XXXXXXXXXXXXXXXXXXXXXX0XXXXXXXXXXXXXX000XX0XXXXXXXXXXXXXXXXX


Generation 29/50  F=U(0.5, 1.0)  N_hist=5220
------------------------------------------------------------------------------------------------------------------------
X1XXXXXX0XXXXXXXXX0XXX0XXXXXXXXXX0XXXX0XXXXXXXXXXXXXXXXXXXXXXXXXXXXXXXXXXXXXXXXXX0XXXXXX0XXXXXXXXXXXXXXXXXXXXXX0XXXXX0XX
XXXXXXXXXXXXXXXXXXXXXXXXXXXXXXXXXXXXXXX0XXXXXXXXXXXXXXXXXXXX


Generation 30/50  F=U(0.445, 1.0)  N_hist=5400
------------------------------------------------------------------------------------------------------------------------
0XXXXXXXXXXXXX0XXX00XXXXXXXXXXXXXXXXXXXXXXXXXXXXXXXXXXX10XXXXXXXXXXXXXXXXXXXXX0XXXXXX0XXXXX0XXXXXX00XXXXXXXXXXXX0XXX0X00
0X0XXXXXXXXXX0XXXXX0XXXXXX0XXXXXXXX0XXXX0XXX0XXXXXXXXXXXXXXX


Generation 31/50  F=U(0.493056632402, 1.0)  N_hist=5580
------------------------------------------------------------------------------------------------------------------------
1X0X0X1X0X0XXX0XXXXXXXXXXXXXXXX0XXXXXXXXXXXXXXXXXX0XXXXXXXXX1XXXXXXXXX0X0XXXXXXXXXXXXXXXXXXXXXXXXXXXXXXXXXXX0X0XXX0XXXX1
XX01XXXXXXXXXXXXXX0X0XXXXXXXXXXXXXXXXX0XXXXXXXXXXXXXXXXXXXXX


Generation 32/50  F=U(0.5, 1.0)  N_hist=5760
------------------------------------------------------------------------------------------------------------------------
0010XX0XXXXXXXXXXXXX0100XXXXXXXXXXXXXXXXXXXXXXXXXXXXXXXXXXXX0XXXXXX0XXXXXXXXX00X0XXXXXXXXXXXXXXXXXXXXXXXXXXXXX0XXXXXXXXX
XXXXXXXXXXXXXXXXXXXXXXXXXXXXXXXXXXXXXXX0XX0XXXXXXXXXXXXXXXXX


Generation 33/50  F=U(0.5, 1.0)  N_hist=5940
------------------------------------------------------------------------------------------------------------------------
0100XXXXX0XXXXX0X0XXXXXXXXXXXXXXXX0XXXXXXXXX0XX00XXXXXXXXXXXXXXXXXXX00XXXX0XXXXXXXXXXXXXXXX0XXXXXX0XXXXXXXXXXXXXXXXXXXXX
X0XXXXXXXXXXXXXXXXXXX0+XXXXXXXXXXXXXXXXXXXXXXXXXXXXXXX0XXXXXX


Generation 34/50  F=U(0.5, 1.0)  N_hist=6120
------------------------------------------------------------------------------------------------------------------------
00X0000XXXXXX0XXXXXXXXXXXXX0XXXXX0XXXXXXX0XXXXXXXXXXXXXXXX0XXXXXXXXXXXXXXXXXXXXXX0XXXXXX0XXXXXXXX0XXXXXXXXXXX0XXXXXXXXXX
XX0XXXX00XXXXXXXXXXXXXXXXXXXXXXXXXXXXXXXXXXXXXXXXXXXXXXXXXXX


Generation 35/50  F=U(0.5, 1.0)  N_hist=6300
------------------------------------------------------------------------------------------------------------------------
X0XXXXXXXXXXXXXXXXX0XXXXXXXXXX0XXXXXXXXXXX1X00XXXXXX0XXXXXXXXXXX0XXXX00X0XXXXXX0X0XXX0XXXXXXXXXXXXXXXX0XXXXXXXXXXXXXX0XX
0XX0XXXXXXXXXXXXXXXXXXX0XXXXXX0XXXXXXXXXXXXXXXXXXXXXXXXXXXXX


Generation 36/50  F=U(0.5, 1.0)  N_hist=6480
------------------------------------------------------------------------------------------------------------------------
0X0XXXXX0XXXXX0XXX0X0X0XXXXXXXX0XXXXXXXXXXXXXXXX00XXXXX000XXXXXXXXXXXXXX0XXXXXXXXXXXXXXXXX0XXXXXXXXXXXXXXX0XXXXXXXX1XXX0
XXXXX0XXXXXXX0XXXXXXXXXX0XXXXXXXXXXXXXXXXXXXXX0XX0XXXXXXXXXX


Generation 37/50  F=U(0.5, 1.0)  N_hist=6660
------------------------------------------------------------------------------------------------------------------------
XX00XXXXXXXXXXXXXXXXXXXX0XXXXXXXXXXX0XXXXX0XXXXXXXXXXXXXXXXXXXXXXXXXXXXXXXXXXXXXXXXXXXX0XXXX0XXXXXXXXXXXXXXXXXXXXXXXXXXX
XXXX0XXXXXXXXXXXXXXXXXXXXXXXXXXXXXXXXXXXXXXXXXXXXX0XXXXXXXXX


Generation 38/50  F=U(0.5, 1.0)  N_hist=6840
------------------------------------------------------------------------------------------------------------------------
000XX0XXXXXXXXXXXXXXXXXXX0XXXXXXXXXXXXXX0XXXXXXX0XXXXXXXXX0XXXXXXXXXXXXXXXXXXXXXXX00X00XXXXXXXXXXXXXXXXXXXXXXXXX0X0XXXXX
XXXXXXXXXXXX0XXXXXXXXXXXXXXXXXXXXXXXXXXXXXXXX00XXXXXXXXXXXXX


Generation 39/50  F=U(0.445, 1.0)  N_hist=7020
------------------------------------------------------------------------------------------------------------------------
XX0XXXXXXXXXX0XXXXXXXXXXXXXXXXXXXXXXXX0X00XXXXXXX0XX00XXXX0XXXXXXXXXX0XX00X0XXXXX0XX0XXXXXXXX0XX0XXXXXXXXXXXXX0XXXXXXXXX
XXXXXXXXXXXXXXX00XXXXXXXXXXXXXX0XXXXXXXXXX0XXXXXXXXXXXXXXXXX


Generation 40/50  F=U(0.493056632402, 1.0)  N_hist=7200
------------------------------------------------------------------------------------------------------------------------
00XXXXXXXXXXXXXXXX0XXXXXX0XXXXXXXXXXXXXXXXXXXXXXXX0XXXXXXXXXXXXX0XXXX0XXXXXX0XXXXXX0XXXXXXXXXXXXXXXXXXX0XXXXXX00XXXXXXXX
XXXX0X0XXXXXXXXXXXX0XXXXXXXXXXXXXXXXXXXXXXXXXXXXXXXXXXXXXXXX


Generation 41/50  F=U(0.438820402838, 1.0)  N_hist=7380
------------------------------------------------------------------------------------------------------------------------
00XXXXXXXXXXXXXXXXXXXXXXXXXXXXXXXX00XXX0XXXXXXXXXXX0XXXXXXXXXXXXXXXXXXXXXXXXXX0XX00XXXXXXXXXXXXXXXXXX0XXXX0XXXXXXXXXXXXX
0XXXXXXXXXXXXXXXXXXXXX0XXXXXXXX0XXXXXXXXXX0XXX0XXXXXXXXXXXXX


Generation 42/50  F=U(0.390550158526, 1.0)  N_hist=7560
------------------------------------------------------------------------------------------------------------------------
0X0XXXXXXXX0XX0XXXXXXXX0XXXXXX00XXXX0XXXXXXXXXXXXX00X0XXXXXXXXXXXX0XXXXXXXXX00XXX0XXX00+0XXXXXXXXXX0XXXXXXXXXXXX0XX0XXXX
XXX0XXXXXXXXXXXXX0XXXXXXXXXXXXXXXXXXXXXXXXXXXXXXXXXX0XXXXXXXX


Generation 43/50  F=U(0.432726620105, 1.0)  N_hist=7740
------------------------------------------------------------------------------------------------------------------------
0XXXX0X0XXXXXXXXXXXXXXXXXXXXXXXXXXXXXXXXXX0000XXXXXXXX00XXXXXXXXXXXXXXXXXXXXXXXXXXXXXXXXX0XXXXXXXXXXXXX0XXXX0XXXXXXXXXX0
0XXXX0X00XXXXXXXXXXXXXXXXXXXXXXXXXXXXXXXXXXXXXXXXXX00XXXXXXX


Generation 44/50  F=U(0.385126691893, 1.0)  N_hist=7920
------------------------------------------------------------------------------------------------------------------------
XX00XXXXXXXXXXXXXXXXXXXX00XXX0XXXXX0XXXXXXXXXXXXXXXXXXXXX0X0XXXX0XXXX0XXXXX0XXXXXXXXXXXXXXXXXXXXXX0XXXXXXXXXXXXXXXXXXXXX
XXXXXXXXXXXXXXXXXXXXXXXXXXXXX0XX0XXXXXXXXXX0X0XXXXXXXXXXXXXX


Generation 45/50  F=U(0.426717460119, 1.0)  N_hist=8100
------------------------------------------------------------------------------------------------------------------------
0XXXXXXXXXXXXX0XX0XXXXXXXXXXXXXX0XXXXXXXXXXX0XXXXXXXXXXXXXXX0XXXXXXXXXXXXX0XXXXX0XXXXXXXXX0000X0XXXXXXXXXXXXXXX0XXXXXXXX
XXX0X0XXXXXXXX0XXXXXXXXXXXXXXX0XXXXXXXXXXXXXXXXXXXXXXXXXXXXX


Generation 46/50  F=U(0.472799716569, 1.0)  N_hist=8280
------------------------------------------------------------------------------------------------------------------------
00X0000XXXXXXXXXXXXXXXXX0XXXXXXXXXXX0XXXXXXXXXXX0XXXXXXXXXXXXXX0XXXXX0XXXXXXXXXXXXXXXXXX0XX0X0+0XXXXXXXXXXXXXXXXXXXXXXXX
XXXXXXXXXXXXXXXXXXXXXXXXXXXX0XXXXXXXXXXXXXX0XXXXXXXXXXXXXX0XX


Generation 47/50  F=U(0.420791747747, 1.0)  N_hist=8459
------------------------------------------------------------------------------------------------------------------------
0X0X0XXXXXXXXXX00XXXXX00X0XXXXXXXXXXXXXXXXXXXXXXXXXXXXXXXXXXXXXXXXXXXXXXXXX00XXX0XXXXXXXXXXXXXXXXXXXXXXXXXXXXXXXXXXXXXXX
XXXX0XXX00XXXXXXXXXXXXXX0X00XXXX00X0XXXXXXXXXXX00XXXX0XXXXXX


Generation 48/50  F=U(0.466234072105, 1.0)  N_hist=8640
------------------------------------------------------------------------------------------------------------------------
0XXXXXXX0XXXX0XXXXXXXXXXXXXXXXXXXXXXXXXXXXXXXXXXXX0XXX0XXXXXXXXXXXXXXXXXXXXXXXXXXXXXXXXXXXXXXXXXXXXXXXXXXXX0XXXXXXXXXXXX
00XXXX0X00XXXXXX00XXX0XXXXXX0XXXXXXXXXXXXXXXXXXXXXXXXXXXXXXX


Generation 49/50  F=U(0.414948324173, 1.0)  N_hist=8820
------------------------------------------------------------------------------------------------------------------------
000000X0XXX0XXXXXXXX0+XXXXXXXX0XXXXXXXXXXXXXXXXXXXXXXXXX00X0XXX0X0XXXXXXXXXXXXXXXXXXXXXX0XXXX0+XXXXXXXX0XXXXXXXXX0XXX00X
XXXXXXXXXXXXXXX0XXXX0XXXXXXXXXXXXXXXXXXXXXXXXXXXXXXXXXXXXXXXXX


Generation 50/50  F=U(0.459759603006, 1.0)  N_hist=9000
------------------------------------------------------------------------------------------------------------------------
000X0XXXXX0XXXXX0XXXXXXX0XXXXXXXXXXXXXXXXX0XXXX0XXXXXXXXXXXXXXXX00XXXXXXXXXXXXXXXXXXXXX0XXXXXXXXXXXXXXXXXXXX00XXXXXX0XXX
XXXXXXX0XXXXX0XXX0XXXX000XXXXXXXXXXXXXXXXXXXXXXXXXXXXXXXXXXX

Maximum number of iterations reached.

SSE=3.4793 on eval 9180: L=4.62841e+07 b=703.931 r=0.111974 rf=0.742151 t0=62.5286 th=6.65434


Shutting down DE...
DE shutdown complete.

Final population:
Population: 180 individuals with SSE 3.4793 to 3.5481, avg eval time 0.0185 sec. Top 7:

        SSE |     3.4793       3.4806       3.4812       3.4816       3.4824       3.4838       3.4839  
------------------------------------------------------------------------------------------------------------------------
          L | 4.6284e+07   2.5109e+07   5.8601e+07** 2.8798e+07    7.225e+06   5.6457e+07   4.7339e+07  
          b |     703.93       748.53       504.59       756.89        597.5       522.69       639.63  
          r |    0.11197      0.11155       0.1202      0.10972       0.1154      0.12119      0.11276  
         rf |    0.74215      0.74566      0.75021       0.7438      0.74163      0.75873      0.73723  
         t0 |     62.529       62.558       62.248       62.651        62.54       62.144       62.542  
         th |     6.6543       6.7586       6.9816       6.7943       6.7237       7.3245       6.6497  
------------------------------------------------------------------------------------------------------------------------
Best individual:
<SSE=3.4793 L=4.62841e+07 b=703.931 r=0.111974 rf=0.742151 t0=62.5286 th=6.65434>


Elapsed time: 113.57 seconds

Saved final population of best parameter combinations to covid19.dat
Shutting down...
Task Queue is shut down
Goodbye
