Decompressing and parsing covid19.csv.bz2...
Cumulative and new cases reported thus far for Finland
------------------------------------------------------------------------------------------------------------------------
000	01/22	0	0
001	01/23	0	0
002	01/24	0	0
003	01/25	0	0
004	01/26	0	0
005	01/27	0	0
006	01/28	0	0
007	01/29	1	1
008	01/30	1	0
009	01/31	1	0
010	02/01	1	0
011	02/02	1	0
012	02/03	1	0
013	02/04	1	0
014	02/05	1	0
015	02/06	1	0
016	02/07	1	0
017	02/08	1	0
018	02/09	1	0
019	02/10	1	0
020	02/11	1	0
021	02/12	1	0
022	02/13	1	0
023	02/14	1	0
024	02/15	1	0
025	02/16	1	0
026	02/17	1	0
027	02/18	1	0
028	02/19	1	0
029	02/20	1	0
030	02/21	1	0
031	02/22	1	0
032	02/23	1	0
033	02/24	1	0
034	02/25	1	0
035	02/26	2	1
036	02/27	2	0
037	02/28	2	0
038	02/29	3	1
039	03/01	6	3
040	03/02	6	0
041	03/03	6	0
042	03/04	6	0
043	03/05	12	6
044	03/06	15	3
045	03/07	15	0
046	03/08	23	8
047	03/09	30	7
048	03/10	40	10
049	03/11	59	19
050	03/12	59	0
051	03/13	155	96
052	03/14	225	70
053	03/15	244	19
054	03/16	277	33
055	03/17	321	44
056	03/18	336	15
057	03/19	400	64
058	03/20	450	50
059	03/21	523	73
060	03/22	626	103
061	03/23	700	74
062	03/24	792	92
063	03/25	880	88
064	03/26	958	78
065	03/27	1041	83
066	03/28	1167	126
067	03/29	1240	73
068	03/30	1352	112
069	03/31	1418	66
070	04/01	1446	28
071	04/02	1518	72
072	04/03	1615	97
073	04/04	1882	267
074	04/05	1927	45

Initializing 240 population members having 6 parameters
------------------------------------------------------------------------------------------------------------------------

SSE=1.0362 on eval 1: L=3.34523e+06 b=9.24086 r=0.0801426 rf=0.630364 t0=71.2527 th=5.63193

*3

SSE=0.95339 on eval 3: L=3.48333e+06 b=4.56271 r=0.111574 rf=0.609823 t0=66.3915 th=3.96779

!7551532211111461255212134214

SSE=0.93037 on eval 32: L=4.4831e+06 b=0.48376* r=0.0931864 rf=0.393277 t0=65.4779 th=2.00052

!5261311123124211123231132421111222152421211153214512123232365332334242554312112231254122
122245574011023112226221222111242212412231317432122142242211122125351211132332344611124131434512221215252212211113543726


Population: 240 individuals with SSE 0.93037 to 6.4695, avg eval time 0.343 sec. Top 7:

        SSE |    0.93037      0.93341      0.94926      0.95339      0.96694      0.97841      0.98762  
------------------------------------------------------------------------------------------------------------------------
          L | 4.4831e+06   1.9353e+06   7.3476e+05   3.4833e+06   1.7262e+06   8.1075e+05   2.3131e+06  
          b |    0.48376*      5.7565       1.6864       4.5627       3.8062       2.0489       6.2991  
          r |   0.093186      0.10434      0.13198      0.11157     0.083784     0.080515      0.10102  
         rf |    0.39328      0.51083      0.63544      0.60982       0.4453      0.31863      0.52775  
         t0 |     65.478       67.146       64.305       66.392       64.803       66.465       67.912  
         th |     2.0005       1.3948       3.9921       3.9678       4.8278       4.2804       3.0816  
------------------------------------------------------------------------------------------------------------------------
Best individual:
<SSE=0.9304 L=4.4831e+06 b=0.48376* r=0.0931864 rf=0.393277 t0=65.4779 th=2.00052>


Population: 240 individuals with SSE 0.93037 to 6.4695, avg eval time 0.343 sec. Top 7:

        SSE |    0.93037      0.93341      0.94926      0.95339      0.96694      0.97841      0.98762  
------------------------------------------------------------------------------------------------------------------------
          L | 4.4831e+06   1.9353e+06   7.3476e+05   3.4833e+06   1.7262e+06   8.1075e+05   2.3131e+06  
          b |    0.48376*      5.7565       1.6864       4.5627       3.8062       2.0489       6.2991  
          r |   0.093186      0.10434      0.13198      0.11157     0.083784     0.080515      0.10102  
         rf |    0.39328      0.51083      0.63544      0.60982       0.4453      0.31863      0.52775  
         t0 |     65.478       67.146       64.305       66.392       64.803       66.465       67.912  
         th |     2.0005       1.3948       3.9921       3.9678       4.8278       4.2804       3.0816  
------------------------------------------------------------------------------------------------------------------------
Best individual:
<SSE=0.9304 L=4.4831e+06 b=0.48376* r=0.0931864 rf=0.393277 t0=65.4779 th=2.00052>

Performing DE with CR=0.7, F=U(0.5, 1.0), DE/rand-1.00/1/bin
------------------------------------------------------------------------------------------------------------------------
Press the 'Enter' key to abort.

Generation 1/75  F=U(0.5, 1.0)  N_hist=240
------------------------------------------------------------------------------------------------------------------------
X2X133X112XX3XXX2142X1XXX1111X011XX31X1X321XXXXXX1113XXXX4X222XXX11XX311XX2XXX241X112X2XX2XXX1211X1X2XX331XXX1XXXX121X21
11XXX1XXX2X0XX0X24XX3XXX1XXX0121X42XX22X01X2XXX2X5X1312XX141XXXX1X31XX22111122XX5X41XX134X4X2XXXX12XX04X1XX1211211X221X0


Generation 2/75  F=U(0.5, 1.0)  N_hist=480
------------------------------------------------------------------------------------------------------------------------
X1X2X2X3X1211XX11XXXX1XXX121XX2XX1XX1X224XXXX1112X211X31X2X1X1XXX2XX41120XXXXXX2XX1X3XX101XXXXXX3X2X3X3X1111XX4XX4XXXXXX
X11X2X1X3X221XXX1X112223XX122XX2X11331XX1XXXX2X21XX211XXXX1X1XXXX1X1XX1XX2X32XX1XXXXXXXX1XX2X1XX4X2X2111X1XXX12XX2XXXX13


Generation 3/75  F=U(0.5, 1.0)  N_hist=720
------------------------------------------------------------------------------------------------------------------------
XXX2XXXX1XXXXXX1X1XX1XXXX1XX021XXXXXX1X1111XX1X01X1XXXXXX1XX12X12XXX1XXX11XX1XXXX1XXXX11XXXXXX1XX11X410X1X0XX1XXXXXXX11X
21X1XXX22XXXX3XXX1XXXX1XXXXX211XX1XXX1XXXXXX1XX111XXXX211XXXXXXXXXX1XX2X1XXX2XX1X1X1XX0X2XXXX111X2X0XX1XXXX1X1121X111X1X


Generation 4/75  F=U(0.5, 1.0)  N_hist=960
------------------------------------------------------------------------------------------------------------------------
XXX21XXX1X1XXX121XXXXXXX0XXX1XXXX1XX11X00X1XX0XXXXXXX1XXX1X1X111XX0XXXXXX4XX11XXX12XX1012XXX02X1XXX2XX11XXX010011X1X2+XX
111XXX100XXXX11X1XXXXX1X11XX11XX1111XX0X11XXX1X10X0X0XXX2XXXXXXXX1X2XXXXX1XX1111XX1XXXXXXX1XX1X1X1121110X110X1XXX1XX0011
X


Generation 5/75  F=U(0.5, 1.0)  N_hist=1200
------------------------------------------------------------------------------------------------------------------------
XXXX1XXXXX0XXX10011X1XXXXX1XXX11XXXXXXXXX01XXXXXXXX0+XX1XXXXX1XXXXX1XXX11X1XXXXXXXXXXX01XX11X1XXXX11XX1XX1X11XX1X1X1XXXX
XXXXX10XXXXXX1X1X11XX1110XXX1XXXX1XX11X1X11XXXX0XXXXXX1X11101+1XXXX11XXXXX11XXXXXX11X1XXX11XXX1X1XXXXXX1XXXXXX1XX1XXXXXX
XX


Generation 6/75  F=U(0.5, 1.0)  N_hist=1440
------------------------------------------------------------------------------------------------------------------------
XXXXXX11XX1XXXX011X1XXXXXXX11XXXXX1X1X11XXXX1XX11XXXX1XXXX11111X11101X1XXXXXXXXXXXXXX11XXXXXX1XXXXXXXXXXX000XXX0X1XXXXXX
XXXXXXXXX11X1XXX1XXXXXXXX1XXXXX1XXXXXXXXXXXXXXXXXXXXXXXX0XXX100X11X01XX1XXXXXXXXXX100XXXXXX1XXXX1XXXXX11XXXXXXXXXXXXXXXX


Generation 7/75  F=U(0.5, 1.0)  N_hist=1680
------------------------------------------------------------------------------------------------------------------------
0101101XX1X111XX1XX1XXXXXXX1XXXXXXXXX1XXXXX1XXXXXXXX01XXXXX11XXXXXXX001XX111XXXX1XXXXXXXXXX1XXXXXXX1XXXXXXXX0111X00XXXXX
X0XXXXX11XXXXXX1XX1XXXXXXX1X1XX1XXX0XXX1010XX0XXXXXXX1XXXX0X01XXXXXXXX1XXX1XXXXXXXXXXXXX110X0XXXXX00XXXXXXXXXXXXXXXXXXXX


Generation 8/75  F=U(0.5, 1.0)  N_hist=1920
------------------------------------------------------------------------------------------------------------------------
11110110X0X11X01XXXXXXXX1XX1XXXX1XXXXXXXXXXXX00X10X1XXXXXXXXXXXXXX1XXXXXXX1XXXXXX1X01XXXXXXXXXXXXXXXX1XXXXXXXXXXXXXX1X10
XXXXXXXXXXX10X1XXXXXXXXXXXXXXXXX110X1XX1XXXX1XX01

SSE=0.90969 on eval 2116: L=631622 b=0.237526* r=0.0943254 rf=0.449637 t0=66.9654 th=1.3754

+1XXXXXXXXXXXXXXX1XXXXXXXXXXXXXXXXXXXXXXX00011X0XXXXXXXXXXXXXXXXXXXXXXX
0


Generation 9/75  F=U(0.5, 1.0)  N_hist=2159
------------------------------------------------------------------------------------------------------------------------
111X111XX01111XXXXX0XXXXX1011X0XXXXXXXXXXXX01XXXXXXXXXXXXXX10XXXXX01X0XX011X0XXXXXX111XX0XX1X1111XXXXXXXXXXXXX1XXXX0XXX1
X1XXXXXXXXXXXXXXXXX011XXXX1XXXXXXXXXXXXX10XXXXXXX01XXX1XXXXXXXXXXXXX1XXXXXXXXXXXXXXXXXXXX0XX111XXXXXX1XXXXXX1XXXXXXXXXXX


Generation 10/75  F=U(0.5, 1.0)  N_hist=2399
------------------------------------------------------------------------------------------------------------------------
1010X1XX0XXX011XX1010X0XXX1XX0XXX0XXX1XXXXXX1XXXXXXXX11XXXXXX111XXX001XXXXXXXXXXXX1001X10XXXXXXXXX1XXX0001XXXX100XXXXXX0
0XXXXXXXXXXXXXXX01XXXXXXXXXXXXX1XXXXX10X0XXXXXXXXXXX0XXXXXX1XX1XXX01XXXXXXXXXXXXX000XXX1X1X011111XXXX01XXXXXXXXXXXXXXXXX


Generation 11/75  F=U(0.5, 1.0)  N_hist=2640
------------------------------------------------------------------------------------------------------------------------
011X0XXXXXXX1XXXX0XX0XXXXXXXXXXXXXXXXX1XXXXXX0110X0111XX0XXXX00XXX1XXXXXXXXXXXXX1XXXXXXX00XXXXXXXX0X01XXXXXXXXXXXXXXXXX0
01XX0X111XXXXXXXXX1XX0XXXXXXX00X1100X1X10001XXXX0X0XX10XXXXXX1XXXXXXX00XXX0XXXXXXXXXXXXXXXXXXXXXX1XXXXXXXXXXXX0XXXXXXXXX


Generation 12/75  F=U(0.5, 1.0)  N_hist=2879
------------------------------------------------------------------------------------------------------------------------
X00X11X011XXXXXXXXXX1XXXX000X0X1XXXXXXXXXXXXXXX0XXXX1X00XXXXX11XXXXXXXXXXXXXXX1XXXXXXXXXXXXXXX1XXXXXXX10XX0X0XXXXX10XXXX
XXX1XXXXX10XXXXXXXX01XXX0XXXXXXXXXXXXX1XX11X01XXXXXX0XXXXXXX10X0111X0XXXXXX1XXXXXXXXXXXXXXXXXXXXXXXXXXXXX1X1XXXXXXXXXXXX


Generation 13/75  F=U(0.5, 1.0)  N_hist=3120
------------------------------------------------------------------------------------------------------------------------
0000X0001X0X00XXXXXXX1X00XXXXXXX0XXXXXXXXXXX0X0XXXX1X11XX0XXXX1XXXXXXXXXXXXXXX0X1X0XXXXXXXX00XXXXXXXXXXXXXXXXXX1X0XXXXX0
XXXX10XX0X1XXXXXXXXXXX0XX00XXXXXXXXXXXXXX1XXX000XXXXXXXXX0XXX1XX0XXXXXXXXXXXXX1XXXXXX0XXX0011XX0XXXXXXX10XXXXXXX1XXXXXXX


Generation 14/75  F=U(0.5, 1.0)  N_hist=3360
------------------------------------------------------------------------------------------------------------------------
11X001X11100X1XXXXXXX001XX01X11X1XXXXXX11XXXXXXXXXXXXX0XXXXXXXXXX1XXXXXXXXXXX0XXXXXXX1XXXXXX0XXXXX0XX11XXX1X10XXXXXXXXX0
XXXXXXXXXXXXX0XXXXXXXX1110XXXXXXXXXXX1XXXXXXXXXXXXX0X01XXXXXXXXX1000XXXXXXXXXXXXXXXXXXXXXXXXXXXXXXXXXXXX0XXXXXXXXXXXXXXX


Generation 15/75  F=U(0.5, 1.0)  N_hist=3600
------------------------------------------------------------------------------------------------------------------------
1X11000X0000X100XXXXXXX1XXXXXXXX100XX0XXXXXX0X00XXXXXXXXXXXXXX0XXXXXXXXXX0XXXXXXXXXXXXXX0XXXXXXXX01XXX0XX10XXXXXX0XXXX10
XXXX00XXXXXXXX0XXXXX000XX01X00XXXXXXXXX1X1XX110XXXXXXXXXXX1XXXXXXXXXX0XXXXXXXXXXXXXXXXXXXXXXX00XXXXXX1XX1XXXXXXXXXXXXXXX


Generation 16/75  F=U(0.5, 1.0)  N_hist=3840
------------------------------------------------------------------------------------------------------------------------
0101000X0X10XXX0XXXX0XXXXXXXXXXXXXXXXXXXXXXXXXXXXXXXXXXX0111101XX1XXXXXXXXXXXXXXX00XX0XX0XXXXXX0XXXXXXXXXXXXXXXXX1000XXX
XX0XXX0XXXXXXXXXX1X0XX0XXXXXXXXXXXX1X00XXXX0XXXXXXXXX0XXX0XXXXXXXXXXX1XXXXXXXXXX000X00XXXXXXXXXXXXXXXXXXXXXXX0X1X0XXXXXX


Generation 17/75  F=U(0.5, 1.0)  N_hist=4080
------------------------------------------------------------------------------------------------------------------------
1X100001XX0XX0X01XXXXXXXXX0XXXX0XXXXXXXXXXXXXXXX1XXXXXXXXXXXXXX0XX0XXX1XXXXXXXXX1X1XXXXXX010XXXXXX0010XXXXXXXXXXXXXXXXXX
XXXXX00XXX11XXXXXXXXXXXXXXXXXXX1XXXXXXXXXXXXXXXX0X1XXXXX00X0XXXXXXXXXX0XXXXXXXXXXX0XXXXXXXXXXXX11X0XXXXXXXXXXXXXXX0XXXXX


Generation 18/75  F=U(0.5, 1.0)  N_hist=4320
------------------------------------------------------------------------------------------------------------------------
00X1X1X0XXXXXXXX0XXXXXXXX0XXXXXXXXXXXX00XXX10XXX00XXXXXXXXXXX1XXXXX0XXXXX0XXXX1X1XX0XXXXXXXXX1XXXXXXXXXXXXXXXXXXXX0XX0XX
X00X0XXXXXXXXX0XXXXXXXX0XXXXXXXXXXX0XXXX0X0XXXXXXXX00XXXXXXX1XXX010XXXXXXXXXXXX1XXX0XXXXXXXXXXX01XXX0XXXXXXXXXXXXXX0XXXX


Generation 19/75  F=U(0.5, 1.0)  N_hist=4559
------------------------------------------------------------------------------------------------------------------------
0X0000X1000XXXXXXX00XXXX10X1XXXXXXXXXXXXXXXXXX00XXXXXXXX1X100XXXXXXXXXXXXX0XXXXXXXXXXXXXXXXXXX000XXX000XXXXXXXXXXXXX0XXX
XX10XXXX0XX00XXXXX10X000XX0XXXXXXXXXX0XXXXXX0XXXXXXX0100XXXXXXXXXXXXX0XXXX1XXXXXXXX0XXXXXXXXXXXXXXXXXXXXXX0010XXXXXXXXXX


Generation 20/75  F=U(0.5, 1.0)  N_hist=4800
------------------------------------------------------------------------------------------------------------------------
000X00X1X0000X00XX0XXXXXXXXX10000X0XXXXXXX01X0XXXXXXXXX00XXXXXXXXXXXXXXXXXXXXXXXX00X0XXXXXXXXXXXXXXXXXXXXX0XXXXXXXXXX01X
0XX1X0XXXXXXXX00XXXXXXXXXXXXXXXXXX0XX0XXXXXX0XXX1XXXXXXXXXXX1XXXXXXX11XXXXX0XXXXXXX0XXXXX0XXXXXXXXXXXXXXXXXXXXXXXXXXXXXX


Generation 21/75  F=U(0.5, 1.0)  N_hist=5040
------------------------------------------------------------------------------------------------------------------------
00X00000001XXXXXXXXXXXX0XXXXX0X0XXXXX0XXXX00XXXXXXXXXXXXXX1XXXXXXXXX0XXXXXXXXXXXXXXXXXXXXXXXXX0X0XXXXXXXXXXXXXXXXXXXX0XX
XXXXXXXXXXX0XXXXXX0XXXXX00XXXXXXXXX00X0XXXXX10XXXX0XX00XXXX0X0XXXXXX0XXXXX1X0XXXXXXXXXXXXXXXXXXXXXXXXXX00XXXXXXXXXXXXXXX


Generation 22/75  F=U(0.5, 1.0)  N_hist=5280
------------------------------------------------------------------------------------------------------------------------
00X0XXX0XXXXXX0X0XXXXXXXXX0XXXXXXXXXX1XXXXXXXXXXX0XXXXXXX0XXXXX00XXXXXXXXXXXXX0XXXX0XXXXXXX0XXXXXXXXXXX1XXXXX0X00XXXXXXX
XXXXXXXXX0100XXXXXXXXXXX100XXXXXX0XXXXXXXXXXX1XX000XXXXXXXXXXXXXXXXXXXXXX0XXXXXXX00XX00XXXXXXXXXXXX0XXXXXXXXXXXXXXXXXXXX


Generation 23/75  F=U(0.5, 1.0)  N_hist=5520
------------------------------------------------------------------------------------------------------------------------
10X0000X0100XXXXXX0XXXXXX0XXXXXXXXXXXXX0XXXXX0XX00XXX0XXXXXXXXX00XXXXXXX10XXXXXXX00X0XX0X000XXXXXXXXXXX00X0XX00XXXXX00X0
XXXXXXXX0X00XX0XX0XXXXXXXXXX0XXXXXXXXXXXXXX0XXXX000XX0XXXXXXXXXXXXX10XXXXXXXXXXXXXXX0XX0XX0XXXXXXXXXXXXX000X0XXXX0XXXXXX


Generation 24/75  F=U(0.5, 1.0)  N_hist=5760
------------------------------------------------------------------------------------------------------------------------
0X0001+X00XXXXX0XXXXXXXX00XXXXX00XXXXXXX0XXXXXXXXXXXX0XXXXXXXX00XXXXX0XXXXXXXX00XXXXXXX00X00XXXXXX0XXXXXXXXXXXXXXX0XXXXX
XXXX0XXXXXXXXXXXX0XXX0XXXXXXXXXXX0XXX001XXX0XXXXXX0XXXXXXXXXXXXXXXXXXXXXXXXX0XXX0XXXXXXXXX0XXXXXXXXXXX0XX0XXXXXXXXXXXXXX
X


Generation 25/75  F=U(0.5, 1.0)  N_hist=6000
------------------------------------------------------------------------------------------------------------------------
00001X0X0000XXX00XXX0XXXXXXXXXXXXXXXXXXXXXXXXXXXXXXXXXXXX00X0XX0XX0XXXX0XX000XXXXXXXXXXXX00100X0XXXX00X000XXXXXXX0XXXXXX
XXXXXXXXX0X0XXXX1XXXXXX0XXXXX0XX00XXXXXXXXXXXX0XXXXXXXXX00XXXXXXXXXXXXXXX0XX0X0XXXX0XXXX0XXXXX0XXX00XXXXXXXXXXXXXXXXXXXX


Generation 26/75  F=U(0.5, 1.0)  N_hist=6240
------------------------------------------------------------------------------------------------------------------------
000000X00000XXXXX0XXXXXXX0X0X0XXXX0000XXXXX0XXXXXXXXXXXXXXXXXXXXXX0XXXXXXXXXXXXXXXXXXXXXXXXXXXXXXXXXXXXXXXXXX0X0XXXXXXXX
XXXXXXX00XX0XXXXXXXXXXXX0000XXXXXXXXX0XXXXXXX000XXXXXXXXXXXXXXX00XXXXXXXXXXX1000XXXXXXXXXXXXX0XXXXXXXXXXXXXXXXXXXXXXXXXX


Generation 27/75  F=U(0.5, 1.0)  N_hist=6480
------------------------------------------------------------------------------------------------------------------------
X0000XXXXXXXXXXXXXX00X000XXXXXXXXXXXXXXX0XXX0000X0XXXXXX00XXXXXXXXXXXXXXXXXXX00XXXXXXXXXX0X000X0XXXXXXXXX00XXXXXX000XXXX
XXXXXXXXXXXXX0XXXXXX00000XXXXX00X0XXXXXXXXXXXXXXXXXXXXXXXXXXXX0X0XXXXXXXXXX0X0X0XXXX000XXXXXXXXXXXXXXXXXXXXXX0XXXXXXXXXX


Generation 28/75  F=U(0.5, 1.0)  N_hist=6720
------------------------------------------------------------------------------------------------------------------------
000XX0XX0XXXXXXXX00X0XXXXXXX00XXXXXXXXXXXX0XXXXXXXXX0XX0XX0XXXXXXXXXXXXXXXXXX0XXX0XXXXXXXXXXXXXXXXXXX0XXXX0XXXXXXXX0XXXX
0XX0XXXXXXXXXXXXXXX0000XXXX00X0XX0XXXXXXX0XXXXXXXXXXXXX00XXXX0XXXXXXXXX0X0XXXXXXXXXX000XXXXXXXXXXXXXXXXXXXXXXXXXXXXXXXXX


Generation 29/75  F=U(0.5, 1.0)  N_hist=6960
------------------------------------------------------------------------------------------------------------------------
000X00XXX0XXXX0XX00XXXXXXX1X0X000X00XXXXXXXXXXX00XXXXXXX0XXXXX0X00XXXXXXXXXXX0XXXXXXXXXXX0XXXXXXXXXXX00XXXXXXXXXXXXXXXXX
XXXXXXXXX010000XXXXXXXXXXX0XXXX0XX000X0XXXXXX0XXX0XXXXXXXXXXXXX0X0XX0XXXXXXXXXXXXXXXXXXXXXXXXX0XXXXXXX00XXXXXXXXXXXXXXXX


Generation 30/75  F=U(0.5, 1.0)  N_hist=7200
------------------------------------------------------------------------------------------------------------------------
000X0000X00XXXXXXXXXXXXXXXXXXXXXXXXXXX0XXXXXXXXXXXXXXXXXXXXXXX0X0X010X0XXXXXX00X0X0XXXXXXXXXXXXXXXX0XXXXXXXX0XX0XX0XXXXX
0X0XXXXX00X00XXXXX0XXXXXXXXXXXX0XXXXXXXXXXXXXXXXX0XX0XXX0XX00XXXXXX0XXXXXXXX0X0XXXX00XXXXXXX0XX000XXXXXXXXXXXXX0XXXXXX0X


Generation 31/75  F=U(0.5, 1.0)  N_hist=7438
------------------------------------------------------------------------------------------------------------------------
00X0X00X00XXXXXX00XXXXXXXXXXXXXXXXXXXXXXXXX0000XXXXXXXXX0XXXXXXXXXXXX0XXXXXXXXXXXXXX0000XXXX00XXXX00XXXXXXXXXXXXXXXXXXXX
XXXXXXXXXX0XXXXX00000XXXXXXXXXXX0XXXXXXX0XXXXXXXXXXXXX0XXXXXX00X00000XXXXXX0XX0XXXXXXXXXXXXXXXXXXX0XXXXXXXXXXXXXXXXXXXXX


Generation 32/75  F=U(0.5, 1.0)  N_hist=7680
------------------------------------------------------------------------------------------------------------------------
000X0000XX0XXX00X0XXXXXXXXXXX00XXXXXXXXXXXX0X0X0XXXXXXXXX0XXXXXXXXX0XXXXXXXXXXXXXXXXXXXXXXXXXXXXX000X000X0X0X0X00XXXXXXX
XXXXXXXXXXX0XXX000XXXXXXX0XXXXXXXXXXXXXXXX0XXXX0XXXX00XXXXXXXXXXXX0XX0XXXXXXXXXX0XX0XXXXXXXXXXX0X0XX0XXXXXXXXXXXXXXX0XXX


Generation 33/75  F=U(0.5, 1.0)  N_hist=7920
------------------------------------------------------------------------------------------------------------------------
0X000000X000XX00X0XXXXXXXXXXXX0XXXX0XXXX0XXXXXXXXXXXXXXXXXXX0XXX00X00XXXX0XXXXX0000XXXXXXXXXXXXX0X0X00XXX000XXXXXXXXXXXX
XXXX0XXXX0XXXXXXXXXXXXX0XXXXXXXXXXXXXX0XXXXXXXXXXXXXXXX00XXX0XXXXXXXXXXX0X0XXXXXXX0X0XXXXXXXXX00XXXXXX00XXXXXXXX0XXXXXXX


Generation 34/75  F=U(0.5, 1.0)  N_hist=8160
------------------------------------------------------------------------------------------------------------------------
X0000X00X0XXXXX0X00XX0XXX0XXX0X0XXXXXXXXXXXXXXXXXXX0X0XXXXXXXXXX000X000XXXXXXXXXXXXXXX0XXXXXXXXXXXXXXX000000XXXXXXXXXXXX
XXXX0XXXXXXXXXXXXXXXXXXX000XX0XXXXXXXXXXXXXXXXXXXX0X0XXXXXXXXXXXX0XX0XXXXXXXXXXXXXXX0XX0XXXXXXXXXXX0XXXXXX0X0XX0+XXXXXXX
X


Generation 35/75  F=U(0.5, 1.0)  N_hist=8399
------------------------------------------------------------------------------------------------------------------------
000000XXXXXXXX00XXXXXXXXXXXXX0XX0X00XXXXXXXXXX00XXXXX000X000XXXXXXXXXXXXXXX00XXXXXXXXX00XXXXXXXXX0XXXXXXXXXXXXXXXXX0XXXX
XXXXXXX0XXXXX00XXXXXXXXXXXXXXXXXXXXXXXXXX0XXXXXXXXXXX00X0XXXXXXXXXXXXX0XXXXXX000XXXXXXXXX0XXXXXXXXXXXXXXXXXXXXXXXX0XXXXX


Generation 36/75  F=U(0.5, 1.0)  N_hist=8639
------------------------------------------------------------------------------------------------------------------------
00000000000XXXXXXXX0XXXXXXXXXXXXX0XXXXXXXXXXXX000X00X00XXXXXXXXXXXX0XX0XXXXXXXXXXXXX00XXXXXX000X00XXXX0XX000XXXXXXXXXXXX
XXXX00XXXXXXXXX0XXXXXXXXXXXXXXXXXX0X00X0X0XXXXXXXXXXX000XXXX0XXX0XXXXXXXXXXXXXX0000X0XXXXXX0XXXXXXXXXXXXXXXXXXXXXXXXXXXX


Generation 37/75  F=U(0.5, 1.0)  N_hist=8880
------------------------------------------------------------------------------------------------------------------------
0000XX000XXXXXXXXXXX00XXXXXXXXXXXXXXXXXXXXX0XX0XXXXXXXXXXX0X0XXX0X0XXXXXX0XXXXX0XXXXXXXXXXXXXXXXXXXX0XXXXXXXXXXXXXXXXXXX
XXXXXX0XXX000XXXXXXXXXXXX0XXXXXXXXXXXXXXXXXXX00XX0XXXXXXXXXX0X00XXXXXXXXXXX0XXXXXXXXXXXXXXXXXXXXXXXXXXXXXXXXX0XXXXXXXXXX


Generation 38/75  F=U(0.5, 1.0)  N_hist=9120
------------------------------------------------------------------------------------------------------------------------
000X0000XXXXXXXXXXX0XXXXXXX0XXXXXXXX00XXX0XXXXXXXXXXXXXXXXX00XX0XXX0XXX0XXXXX0XXXXXXXXXXXXXXX0XXXXX0X000XXXXXX0XX0X00X00
XXXX00XXXXXXXX0XXXXXXXXXXXXXXXXX00XXXX00X0X0X0XXXXXXXXX00XXXXX0XXX0XXXX00XXXXXXX0XXXXXXXXXXXXXXXXXX0XXXX0XXXXXXXXXXXXXXX


Generation 39/75  F=U(0.5, 1.0)  N_hist=9360
------------------------------------------------------------------------------------------------------------------------
X000XX0XXXX0XXXX00XX0XXXXXXX0+XX0XXX00XXXXXXXXXXXXXXXXXX0XXXXXXX0XXXXXX0XXXX0+X0XXXXXXXXXX0XXXX0XXXXXXXX0XXXXX000X000X0X
XXXXXXXXXXXXXXXXXXXXXXXX0XXXXX0000XXXXXXXXXXXXXXXXXXXX0XXXXXXXXXXXXXX00XX00XXXXXXXXXXXXXXXXXXX000XXXXXX0XX0XXXXXXXXXXXX0
XX


Generation 40/75  F=U(0.5, 1.0)  N_hist=9600
------------------------------------------------------------------------------------------------------------------------
00000X000XXXXXXX0XXXXXXXXXXXXX0XXXXXXXXXXXXXXXX0XXXXXX0X00XXXX0XXXXXXXXXXXX0X00XXXXXXX0XXXXXXXXXX00XXXXXXX00XXXX000XXXXX
XXXXXXXX0XXXXXXXXXXXXXXXXXXXX0XXXXXX00000XXXXXXXXXXXXX00XX0XXXXXXXXXXXXXXXX0XXXXXX0XXXXX0XXXXX000XXXXXXXXXXXXXXXX00XXXXX


Generation 41/75  F=U(0.5, 1.0)  N_hist=9839
------------------------------------------------------------------------------------------------------------------------
00000X00000XXXXXX00XXXX0X0XX0XXXXXXXXXX00XXXXXXX0XXXXXXXXXXXX000XXXXX000XXXX0XX0XXXXXXXXXXXXX00XXXXXXXXXXXXXXXXXXXXXXXXX
XXXXXXXXXXXX0XXXXXXXXXXX0XXXXXXXXXXXXXXXX0XXXX0X0XXXXXXX0XXXX0XXXXXXX0X00XXXX0XXXXXXXXXXXXXXXXXXXXXXXXXXXXXXXXXXX0XXXXXX


Generation 42/75  F=U(0.5, 1.0)  N_hist=10080
------------------------------------------------------------------------------------------------------------------------
000X000XXXXXX0000XX00XXX00XXXXXXXXXXXX0XXXXXXXXXXXXXXXXXX0XXX0XXXXXXXXXXXXXXXXXXX000XXXXXXXXXXXX0XXXXXXXXXXXXXXXX00000XX
XXXXXXXXXXXXXXXXXXX000X00XXXXXX0XXXXXXXXX0XXXX0XXX0XXX0XXXXXXXXXXXXXXXXXXXXX0X0XXXXXXXXXXXXXXX0XXXXXXXXXX0XXXX0XXXXXXXXX


Generation 43/75  F=U(0.5, 1.0)  N_hist=10320
------------------------------------------------------------------------------------------------------------------------
0000000X0XXXXXXX0XXXXXX0XX0XX0XXXXXXXX0XX0XXXXXX0XXXXXXX0XXXXXXXXXXXXXXXXXXX00XXXXX0XXXX00XX000XX0XXXXXXX0X0XXXXXXXXX0XX
0XXXXXXXXXXX0XXXXXXXXXXXXXXXXXXXXXXXXXXXXXX00000XXXXXXXXX0XX0XXX0XXXXXXXXXXXXXXXXXX0XXXX00XXXXXXXXXXX0XXXXXXXXXXXXXXXXXX


Generation 44/75  F=U(0.5, 1.0)  N_hist=10560
------------------------------------------------------------------------------------------------------------------------
000000X00XX00XX0XXXX0X00XXXXX0XXXXXXXXXXXX0XXXXXX000XXXXXXX0XXXX0XXXXXX000XXXXXXXXXX0XX0XX0XX00XXXXXXX0XXXXXXXXXXXXXXXXX
XXXXXXXXXXXXX0XXXXXXXXXXXXXX00XX0X0XX0XX000XXX0XXXXX0XXXXXXXX000XXXXXXXXXXX0XXXXXXX00XXXXXXXXXXXXXXX00XXXXXXXX0XXXXXXXXX


Generation 45/75  F=U(0.5, 1.0)  N_hist=10799
------------------------------------------------------------------------------------------------------------------------
000X000X0XXXXXXXXX0X0X0XXXXXXXX0XXXXXXXXXXXXXXXXXXXXXXXXXXXXXXXXXX0XXXXXXXXX0XXXXXX0XXXXXXXXXXXXXXXXXXXXXXXX0XXXXXXXXXXX
XXXXXXX0000XXXXXXXXXXXXXXXXXXX0XX000X00000X00XXX0XXXXXXXXX0XXXXXXXXXX0XXXXXXXXX0XX00X0000XXXXXXXXXXXXXXXXXXXXXXXXXXXXXXX


Generation 46/75  F=U(0.5, 1.0)  N_hist=11040
------------------------------------------------------------------------------------------------------------------------
00000XXXXXX000XXXXXX0XXXXXXXXXXXXXXXXXXXXX0XXXXXX0XXXXX00XX0X0XXXXXXX0XXX00XXXXXXX0XXXXXXXXXXXXXX0XXX0XXXXXXXXXXXXXXXXXX
0X00X000XX00XXXXXX0XXXXXXXXXXXXXXXXXXXXXX00XXXXXXXXXXXXX0XXXX00XX0X0XXXXXXXXXX0X00XXX0XXXX0X00XXX0XXXXXXX0XXXXXXXXXXXXXX


Generation 47/75  F=U(0.5, 1.0)  N_hist=11280
------------------------------------------------------------------------------------------------------------------------
0X0X0X00X00XXX00X0XXX0XX0XXXXXXXX0XXXXXXXXXXXXXXXXX0000X0XX0XXXXXXXXXXXXXXX0XXX000XX0XXXXXXX0+XXXXXXXXX00XXXXXXXXXXXXXXX
XXXXXXXXXXXX0XXXXXX00XXXXXXX00XXXXXXXXXXXXX0X0XX0XXXXXXXXX00XXXXXXX0XXX0XXXXXXX0XXXXXXXXXXXXXXXX0XX00X0XX0XXXXXXXXXXXXXX
X


Generation 48/75  F=U(0.5, 1.0)  N_hist=11520
------------------------------------------------------------------------------------------------------------------------
00000X00000X00000XX0XXXXXXXXXXXXXXXXXXXXXXXXX0XX0XX0XXXXXXXXXXX0XX0XXXXXXXX0XXXXXXXX0XXX0XXXXXXXXXXX0000X0XXXXXXXXXXXX0X
XXXXXX0XXXXX0XXXXXXXXXXXXXXXXXXXXXXXX0XXXXXXXX0XXXXXXXXXX000XXX0XX00X0XXXXXXXXXXXXXXXXXXXXXXXXX0XXX0XXXXXXXXXXXXXX0XXXXX


Generation 49/75  F=U(0.5, 1.0)  N_hist=11760
------------------------------------------------------------------------------------------------------------------------
00X0000000X00X0XXXXX0XXXXXXXXXX0XX0XX000XXX00XX00XXXXXXXXXXXXXXXXXXX0XXXXXXX0XX00XXXXXXXXXXXXXXXXXX0XXXX000XXXXXX0XXX0XX
0X0XXX000XX0XXXXXXXX0+X0XXXXXXXXXXXXXXXXXXXXXXXXXXX0X0XX0X00X0XXX0XXXXX0XXXXXXXXXX00XXXXXX0XXXXXXXXXXXXXX0XX0XXXXXXX0XXX
X


Generation 50/75  F=U(0.5, 1.0)  N_hist=12000
------------------------------------------------------------------------------------------------------------------------
0000X000XXXXXXXXXXXXXXXXXXX0X00XXXXXXXXXXXXXX0X00XXXXX0XXXXXXXXXXXXXX0XXXXXXXXXXXXX00XXXXX00X00XXXXXXXXXXXXXX00X0X0XX0XX
X0XXXXXXX0XXXXX0XXX00XXXXXXXXX00XXXXXX00X0XXXXXXXXXXX00XXXXXXXX0XXXXXXXXXXXXXXXXXXXXX00XXXXXXXXXXX0XXX00XXXXXXXX0XXXXXXX


Generation 51/75  F=U(0.5, 1.0)  N_hist=12240
------------------------------------------------------------------------------------------------------------------------
00X00000000X0XXXXXXX00XXXX00X0XXXXXXXXX0XXXX0X0XX0XXXXXXXXXX00XXXXXXXXXXXXXXX0XXXXXXXXXXXXXXXXXXXXXX0XXXXXX0000XXXX00XX0
XXXXXXXXX000XXX0XXX00X0X0XXXXXXXXXXXXXXXXXXXXXX0+0XX0XXXX000XX00XXXXXXXXXX0XXXXX0XXXXXX0XXXXXX0XXXX0XXXXXXXXXXXXXXXXXXXX
X


Generation 52/75  F=U(0.5, 1.0)  N_hist=12480
------------------------------------------------------------------------------------------------------------------------
000X00X0X00XXXXXX0XXXXX0XXXX0XXXXXXXXXXXXXXXXX0XXXXXXXXX0XXX0XX0X0XXXXXXXXXXXXX0XXXXX00XXXXXXXXX00XXXXXXXX00X0XXXXXXXXXX
XXX0X0XXXX000XX0XXXXXXXXXXXXXXXXXXXXXXXXXXXXXX00000X00XXXXXXXXXXXXXXX0XXXXXXXXXXX0XXXXXXXX000X00XXXXXXXXXXXX0XXXXXXXXXXX


Generation 53/75  F=U(0.5, 1.0)  N_hist=12720
------------------------------------------------------------------------------------------------------------------------
0000X00XX0XXXXXXXXXXXXX00XXXX0XXXXXXXXXXXXX0XXXXXXXXX0XXXXX0X00XXXXXXXXXXXXXXXXXXXXXXXXXXXXX000X0000XX00XXX0XXXXXXX00XXX
XXXXXX0XXXX0XXXXXX00XX00X00XXXXXXXXXXXXXXXXXXXXXXXXXXX00XXXXXXXXXXX0XXXXXXXXXXXXXXXXXXXXX000XXXXXXXXXXX0XXXXX0XXXXXXXX0X


Generation 54/75  F=U(0.5, 1.0)  N_hist=12959
------------------------------------------------------------------------------------------------------------------------
00000X0000X0000XXX00XXXXXX0X0XXXXXXXXX0XXXXXX0XXXXXXXXXX0XX0X0XXXXXXXX0XXXXXXXXXXXXXXX0XXXXXXXXXXXXXXX00XXXXXX0XXX0X00XX
XXXXXXXXXXXXXXXXXXXXXXXXXX0XXXXXXXX0XXX0XXXXXX0000XX0XXXXXXXXXX0XXXX0X0XX0X000XXXXXX00XXXXXXXXXXXXXXXXXXXXXXXXXXXXXXXXXX


Generation 55/75  F=U(0.5, 1.0)  N_hist=13200
------------------------------------------------------------------------------------------------------------------------
00000X00X0000X0XXXXXXXXXXXXXXX0XXXXXXXXXX0X0XXXXXXX0XXXXXXXX0XXXX0XXXXXXXXX0XX00XXXXXXXXXXXXX0XXXXXXXXXXXXXXXX0000XXXXXX
XXXXXXXX0X00XX0XXX0XXX0XXXXXXXXXXXXXXXXXXXXXXXXXXXXXXXXXXXX0XXXX0XXXXXXXX0XXX0XXXXX00X000X000XXXXXXXXXXXXXXXXXXXXXXXXXXX


Generation 56/75  F=U(0.5, 1.0)  N_hist=13440
------------------------------------------------------------------------------------------------------------------------
00000X000XX0XXXXXXXXX0XXXXXXXXXXXXXX0+X00XX0XXXXXXXXXXXXXXXX0X0XXXXXXXXXXXXX0XXXXXXXXXXXXXXX0XXXXX0XXXXXXXXXXXXXXX00XXXX
XXXXX0XXXXXXXXXXX0XXXXXXXXXXXXXXX0XXXXXXXXXXXX00XXXXXXXXXXXXX0XX0XXXXXXXXX0000XXX0XXXXXXXXXXXXXXXXXXXXX0XXXXXXXXXXXXXX0X
X


Generation 57/75  F=U(0.5, 1.0)  N_hist=13679
------------------------------------------------------------------------------------------------------------------------
0000X000XXXXX0XXXXX0XXXXXXXX0XXXXX0XX0XXXXXXXXX0XXXXX0XXXXXXXX0XXX0XXXXXXXXXXXXXXXXXXXXXX000000XX0XX00XXXXXXXXXXXXX0XXXX
X0X00X0XX0XX00XXXXXXX00XX0XX0XXXX0XXX0XXXXX0XXX0XXXXXXXXXXXXXXXXXXXX00XX0XXXXXXXXXX0XXXXX00XXXXXXXXXXXXXXXXX0XXXXXXXXXX0


Generation 58/75  F=U(0.5, 1.0)  N_hist=13919
------------------------------------------------------------------------------------------------------------------------
0X00XXXXXXXXXXX000XXXXXXXXXXX0X0XXXXXXXXXXXXXXXXXX00X0XXXXXX0XXXXXXXXXXXXXXXXXXXXXXXXXX00XXXXXXXXXXXXXXXX0XXXXXXX000000X
000X0XXXXXXXXXXXXXXXXXXXX00XXXXXXXXXXXXX00XXXXXXXXXXXXXXX0X00X000XXXXXXX0X00XX00XXX000XXXXXXXXXXXX00X0XXXXXXXXXX0XXXXXXX


Generation 59/75  F=U(0.5, 1.0)  N_hist=14159
------------------------------------------------------------------------------------------------------------------------
00X00000X0XXXXXXX0XXXXXXXXXXX0XXXXXXXXXXX00X000XXXX00XXXXXXXXXXXXXXXX0X000XXXXXXXX0XXX0XXXXX0XX0XXXXXXXXXX0XX0XXXXX0XXX0
00X00XXXX0XXXXXXXXXX0XXXXXXXXXX00XXX0000XXX00XXXXXXXXXX0XXX0XXXXXX0XXXXXXXXXXXXX00XXXXX0XXXXXXXXXXXXXXXXXXXXXXXXXXX0XXXX


Generation 60/75  F=U(0.5, 1.0)  N_hist=14400
------------------------------------------------------------------------------------------------------------------------
0000X00X00X0XXXXXXXXXXXXX000XXXXXXXXXXXXXXXXXXXXX0XX0XXXXXXXXXXXXXXXXXXXXXXXXXX000X0XXXXX0X00XXXXXX0XXXXXXXXXXXXXX0XXXXX
XXXXXXXXXXX0XXXXXXXXXXXXXXXX0XXXX00X0XXXXXXX0X000XXXXXXXXXXXXX0XXXXXXXX0XXXXXXXXXXXXX00XX0XXXXXXXXXXXXXX00X0000XXXXXXXXX


Generation 61/75  F=U(0.5, 1.0)  N_hist=14640
------------------------------------------------------------------------------------------------------------------------
0000X000XXXXXXXXXXXXXXXXXXXXXXXXXXXXXXX00XX00XX0XXX0000XXXXXXXXXXX00XXXXXXX0X0X000XXXXXXXX0XXXXXXXX000XX00XXXXX00XXX0X0X
XX0XX0XXXXXX0XX0XXXXXXXXXXXXXX0XXXXXXXXXXXXX00X000X0XXXXXXXXX0XXXXXXXXXXXXXXXXXXXXXXXXXXXXX0XXXXXXXXXXXXXXXXXXXXXXXXXXXX


Generation 62/75  F=U(0.5, 1.0)  N_hist=14880
------------------------------------------------------------------------------------------------------------------------
000000XXXXXX0XXX0XXXXX0XXXXXXXXXXXXX0000XXXXXX0XXXXXXXXXX000XXXXXXXX0XXXX00X0XXXXXXXXXXXXXXXXXXXXXXXXXXXXXXXXXXX0X00XXXX
0XXXXXXXXXX0XXXXX00XXXXX0XXXXXXXXXXXXXX000X0X0XXXXXXXXXXXXXXX0000000XX0XXXXXXXXXXXX0XXXXXX0X00XXXXXX0XX0XXXXXXXXX0XXXXXX


Generation 63/75  F=U(0.5, 1.0)  N_hist=15120
------------------------------------------------------------------------------------------------------------------------
000000XXXXX0XXX0000XX00XXXXXXXXXXXXX0XXXXXXXXXXXXXX0XXXXXXXXXX000XX0XX0XXXXXXXXXXXXXXXXXXXXXXXX000X000XXXXXXXXXXXX0XXXXX
000000XXXXXXXXXXXX000X00XXXXXXXX00XXXX00XXXXXXXX0000XXX0XXXXXX0XXXXXXXXXXXXXXXXXX0XXXXXXXXXXXXXXXX0XXXXX0X0X0XXXXXXXXXXX


Generation 64/75  F=U(0.5, 1.0)  N_hist=15360
------------------------------------------------------------------------------------------------------------------------
000X00X00X0XXXXXXXX0XXX0XXXXXXXX0X0XXXXXXXXXX0XXXX0XXXXXXX0XX0XXXXX0000XXXXXXXXXXXXXXXXXXXXXXXXXXXXX00XXX00XX0XXXXXX00XX
XX0XXX0+0XXXXXXX00X0XXX0X00XXXXXXX0XXXXXX0XXXXXXXX0000XXXXXXXX0+0XXXXXXXXX0XXXXXXXXXXXX0XXXXXX0XXXXXXXXXXXXXXXXXXX0X0XXX
XX


Generation 65/75  F=U(0.5, 1.0)  N_hist=15600
------------------------------------------------------------------------------------------------------------------------
00000X00X0XX00XXXXXXXXXXXXXXXXXXXXXXXXXXXXXXXXXXXXX0XXXXXXXXX0XXXXXXXX0X0000X00XXX00XXXXXXXX000XXXXXXXX0XXXXXXXX0000XXXX
XXXXXXXXXXXXXXXXX00XXXXXXX0000XX00XXXXXXX0XX0XXXXXXXXXXXXXXXXX0XXXX00000000XXXXXXXX000XXXXXXXXXXXXXXXXXXXXXXXXXXXXXXX0XX


Generation 66/75  F=U(0.5, 1.0)  N_hist=15839
------------------------------------------------------------------------------------------------------------------------
00000X00X0XX000X0XXXXXXXXX000XXXX00XXXXXXXXX0XXXXXXX0XXXXX0XXXXXXX000XXXXXXX00XXXX0XXX0XXXXXXXXXXXXXXXXXXXX00XXXX0X0XXX0
XXXXX0XXXX0XXXXX00XX00XXXXXXXXXXXXXX0XXXXXXXXXXXXXX0XX0XXX0XXXX00000+XX0XXXXXXX0XXXXXX00X00XXX0XXXXXXXXXXXXXXXXXXXXXXXXX
X


Generation 67/75  F=U(0.5, 1.0)  N_hist=16080
------------------------------------------------------------------------------------------------------------------------
000000X00000000X00XXXX0XX0XXXX0XXXXXXXXXXXX0XXXXXXXXXX00XXXXXXXXXXXXXXXXXXXXXXXXXX0XXXXXXXX0XXXXX0XXXXXXXXXXXXX0XXXX0XXX
XXXXXX0XXXXXXXX0X00XXXXXXXXXXXXXXX0XXXX0XXXX0XX0XXXX0XXXXXXXXXXXXXXXXXXXX00000XX00XX00X0XXXXXX0XX0XXXXXXXX00XXXXXXXX0XXX


Generation 68/75  F=U(0.5, 1.0)  N_hist=16320
------------------------------------------------------------------------------------------------------------------------
0X000X0X00X0XXXXX00XXXXXXX0XX000XXXX0XXXXXXXXXXXXXXXXXXXX0XXXXXXXXX0000XXXX00X0XXXXXXXXXXXX0XXXXXXX0X0XXXXXX00XXXXXX00XX
XXXXXXXXXXX0XXXXXXX0XXX0XXX0XXXXXXXXXX0XXXXXXXXXXXXXXXXX0XXXXXXXXX0XXXXXXXXXXXX0XXXXXXXXXX0XXX0XXXX0XXXXXXXXXXXXXXXXXXXX


Generation 69/75  F=U(0.5, 1.0)  N_hist=16560
------------------------------------------------------------------------------------------------------------------------
0000X0XXXXXXXX0XXXXXXXXX000XX00000XXXXXXXXXXXXXXXXXXXXXXXXXX0X0XXXXXXXXXXX0XXXXXXXXXXXXXXXX0XXXX00XXXXXXXXXXXXX0XXXXX000
0XXXXXXXXXXX0XXX0XXXX0XXXXXXXXXXXXXXX00XXXXXXXXXXXXXXXXXX0X0XXXXXXXXXX0XXX00XX0XXXXXXXXXX0XXXXXXXXXXXXX0XXXXXXXX0XXXXXX0


Generation 70/75  F=U(0.5, 1.0)  N_hist=16799
------------------------------------------------------------------------------------------------------------------------
0000000X0X0XX0XXXXXXX00000XX0XXXXXX0XXX0XX00X0XX0XXXX00XXXXXXXXX0XXXXXXXXX0XXXX0X0X0XXXXX0X0X0XXXXXXXXXXXXXX0XXXXXXXX000
XXXXX0000XXXX00X00XXXXXXXXXXXXXX0XXXX00X0XXXX0XXXXXXXXXXXXXXXXXX0XXXXXXX0XXXXXXXXXXXXXXXXX0000X0XX00XXX0XXXXXXXXXXXXXXX0


Generation 71/75  F=U(0.5, 1.0)  N_hist=17039
------------------------------------------------------------------------------------------------------------------------
0000X0XX0XXXXX00XX0X0X0XXXXXXXXX0XXXX0XXXXXXXXXXXXXXXXXXXX0XXXXXXXXXXXXXXXXXX0X0X0XXXX00XXX0XXXXXXXX0XX0XXXX0XXXXX0X0XX0
XXXXXXXXXXXXXXXXXX000XX0XXX0X0XXXXXXXX0XX0XXXXXXXXXXXXXXXX0XXXXXX00XXXXXXXXX0X00X0XXXXXXXXXXXXXXX000XXXXXXXX000XXXXXXXXX


Generation 72/75  F=U(0.5, 1.0)  N_hist=17280
------------------------------------------------------------------------------------------------------------------------
000XXXXX0X0XXX0XX000XXXXXXXXXXXXX0XXXXXXXXXXXXXXXXXXX0XXX0XXXXXXXXXX0XXXXXX000XXXXXXXXXX00XXXXXX0XXXXXXXXX00XXXXXXXXX0X0
X0XXXX0XXXXXXXXXXXXXXXX0XX0XXXXXXX0000XXXXXXX00X0XXXXXXXXXXXXXXXXXXXXXXX0XXXXXXX0XXXXX0XXXX0000X00XXXXX0XXXXXXXXXXXXXXXX


Generation 73/75  F=U(0.5, 1.0)  N_hist=17520
------------------------------------------------------------------------------------------------------------------------
00X000XX00XXXXXXXXXX0XX0XX0XXXXXXXXX0XXXXXXXXXXXXX0XXXXXXXXXXX00XX000X00XXXXXXX00XXXXXXX000XXXXXXXXXXX0XX0X0XX0XXXXXXXXX
XXXXXXXXXXXX0000XXXXXXXXXXXX0XXXXXXXXX0XX0XXXXXXXX0XXXXXXXX0XXXXXXXXXXXXX0XXXXX0XX0XXXXXXX0XXXX0XXXXXXXXXXXXXXXXXXXXX0XX


Generation 74/75  F=U(0.5, 1.0)  N_hist=17759
------------------------------------------------------------------------------------------------------------------------
000X0000X00X0XX0XXXX0XXXXXXXXXX0XXXXXXXXXX0XXXXXXXXXXXXXXXXX0XXXXX0XXX0XXXX0XXXXXXXXX0XX000XXXXX0XXXXXXXXXXXX0XXX00X00XX
XXXXXXXXXXXXX000XXXXX0XXXX0XXXXXXXX0XXXXXXXXXXXXXXXXXXX0XXXXXXXXXXXXXXXXXXXXX0X000X0XXXXXXXXXX0XXXXXXXXXXXXXXXXXXXXXXXXX


Generation 75/75  F=U(0.5, 1.0)  N_hist=18000
------------------------------------------------------------------------------------------------------------------------
000000X000000000X0XXXXXXXXXXXXXXXXXXXXXXXX0XXXXX0XXXXX0XXXXXXXXXXXXXXXXX0XXXXXX0X0XXXXXXXXXXXXXXXXX00000X0XXXXXXXX0XXXXX
XXXXXXXX0XXXXXX00+XXXXXXXXXXXXXX0XX00XXXXXXXXXXXXXXXXXXXXXXXXXXXXXX0XXXXX00XX000XXXXXXXXXX0XXX0XXXXXXXXXXXXXXXXXXXXXXXXX
X

Maximum number of iterations reached.

SSE=0.90864 on eval 18240: L=5.24772e+06** b=0.00440966* r=0.0967906 rf=0.46089 t0=66.7101 th=1.55192


Shutting down DE...
DE shutdown complete.

Final population:
Population: 240 individuals with SSE 0.90864 to 0.90914, avg eval time 0.0236 sec. Top 7:

        SSE |    0.90864      0.90867      0.90867      0.90867      0.90868      0.90868      0.90868  
------------------------------------------------------------------------------------------------------------------------
          L | 5.2477e+06** 1.3762e+06   3.7388e+06   4.9881e+06   3.9373e+06   3.4642e+06   3.0966e+06  
          b |  0.0044097*    0.022059*    0.072225*   0.0053006*     0.10447*    0.037686*    0.019205* 
          r |   0.096791      0.09638      0.09659     0.096813     0.096355     0.096016     0.096139  
         rf |    0.46089      0.46087      0.46256      0.46545      0.46115      0.45855      0.46064  
         t0 |      66.71       66.674        66.74       66.715       66.718       66.713       66.692  
         th |     1.5519       1.5764       1.5309       1.4795       1.5418       1.4944       1.5284  
------------------------------------------------------------------------------------------------------------------------
Best individual:
<SSE=0.9086 L=5.24772e+06** b=0.00440966* r=0.0967906 rf=0.46089 t0=66.7101 th=1.55192>


Elapsed time: 205.32 seconds

Saved final population of best parameter combinations to covid19.dat
Shutting down...
Task Queue is shut down
Goodbye
