Decompressing and parsing covid19.csv.bz2...
Cumulative and new cases reported thus far for US
------------------------------------------------------------------------------------------------------------------------
000	01/22	1	0
001	01/23	1	0
002	01/24	2	1
003	01/25	2	0
004	01/26	5	3
005	01/27	5	0
006	01/28	5	0
007	01/29	5	0
008	01/30	5	0
009	01/31	7	2
010	02/01	8	1
011	02/02	8	0
012	02/03	11	3
013	02/04	11	0
014	02/05	11	0
015	02/06	11	0
016	02/07	11	0
017	02/08	11	0
018	02/09	11	0
019	02/10	11	0
020	02/11	12	1
021	02/12	12	0
022	02/13	13	1
023	02/14	13	0
024	02/15	13	0
025	02/16	13	0
026	02/17	13	0
027	02/18	13	0
028	02/19	13	0
029	02/20	13	0
030	02/21	15	2
031	02/22	15	0
032	02/23	15	0
033	02/24	51	36
034	02/25	51	0
035	02/26	57	6
036	02/27	58	1
037	02/28	60	2
038	02/29	68	8
039	03/01	74	6
040	03/02	98	24
041	03/03	118	20
042	03/04	149	31
043	03/05	217	68
044	03/06	262	45
045	03/07	402	140
046	03/08	518	116
047	03/09	583	65
048	03/10	959	376
049	03/11	1281	322
050	03/12	1663	382
051	03/13	2179	516
052	03/14	2727	548
053	03/15	3499	772
054	03/16	4632	1133
055	03/17	6421	1789
056	03/18	7783	1362
057	03/19	13677	5894
058	03/20	19100	5423
059	03/21	25489	6389
060	03/22	33276	7787
061	03/23	43847	10571
062	03/24	53740	9893
063	03/25	65778	12038
064	03/26	83836	18058
065	03/27	101657	17821
066	03/28	121478	19821
067	03/29	140886	19408
068	03/30	161807	20921
069	03/31	188172	26365
070	04/01	213372	25200
071	04/02	243453	30081
072	04/03	275586	32133
073	04/04	308850	33264

Initializing 180 population members having 6 parameters
------------------------------------------------------------------------------------------------------------------------

SSE=19.103 on eval 1: L=5.66425e+07 b=7.05725 r=0.313177* rf=0.640274 t0=62.3735 th=6.18071

*4212214421

SSE=14.479 on eval 12: L=3.00637e+08 b=6.04364 r=0.341248 rf=0.696874 t0=63.3604 th=8.25499

!541525622

SSE=13.766 on eval 22: L=8.05045e+07 b=3.47963 r=0.317931 rf=0.645971 t0=63.5169 th=5.92515

!11331241422117112127331641251212221141275111325341221244162522145914436243212326226152112721123111
111131111103113411212944334712044312623131142133121434124242

Population: 180 individuals with SSE 13.766 to 137.21, avg eval time 0.536 sec. Top 7:

        SSE |     13.766       13.784       13.793       14.055       14.105       14.171       14.177  
------------------------------------------------------------------------------------------------------------------------
          L | 8.0505e+07    3.047e+08    4.443e+07    1.717e+08   8.3169e+07   2.5809e+08   2.0503e+08  
          b |     3.4796       5.1341       3.5011       8.8012       9.4363       5.0921        8.438  
          r |    0.31793      0.37275      0.35571      0.35865      0.32847      0.35515      0.32988  
         rf |    0.64597      0.72837      0.67582      0.66723      0.71443      0.67463      0.69814  
         t0 |     63.517       62.791       62.912       62.455       63.705       62.738       63.237  
         th |     5.9252       7.1803       6.4528       6.1167       8.6037       6.8088       7.8786  
------------------------------------------------------------------------------------------------------------------------
Best individual:
<SSE=13.7658 L=8.05045e+07 b=3.47963 r=0.317931 rf=0.645971 t0=63.5169 th=5.92515>


Population: 180 individuals with SSE 13.766 to 137.21, avg eval time 0.536 sec. Top 7:

        SSE |     13.766       13.784       13.793       14.055       14.105       14.171       14.177  
------------------------------------------------------------------------------------------------------------------------
          L | 8.0505e+07    3.047e+08    4.443e+07    1.717e+08   8.3169e+07   2.5809e+08   2.0503e+08  
          b |     3.4796       5.1341       3.5011       8.8012       9.4363       5.0921        8.438  
          r |    0.31793      0.37275      0.35571      0.35865      0.32847      0.35515      0.32988  
         rf |    0.64597      0.72837      0.67582      0.66723      0.71443      0.67463      0.69814  
         t0 |     63.517       62.791       62.912       62.455       63.705       62.738       63.237  
         th |     5.9252       7.1803       6.4528       6.1167       8.6037       6.8088       7.8786  
------------------------------------------------------------------------------------------------------------------------
Best individual:
<SSE=13.7658 L=8.05045e+07 b=3.47963 r=0.317931 rf=0.645971 t0=63.5169 th=5.92515>

Performing DE with CR=0.8, F=U(0.5, 1.0), DE/rand-1.00/1/bin
------------------------------------------------------------------------------------------------------------------------
Press the 'Enter' key to abort.



Generation 1/50  F=U(0.5, 1.0)  N_hist=180
------------------------------------------------------------------------------------------------------------------------
X3XX23X4X2XXX3X112XX212115X1X14XXX23211X2+521XXXXXXXXX2X31X2XXXXX311X22X33X4X532XXXXX33X2X221+X22X131X161X2X21X3121X3111
3X1XX1XXXXXX620XXX0X2X11X117XX2XX114XX11XXX35X2XX2X3X013XXXXXX


Generation 2/50  F=U(0.5, 1.0)  N_hist=360
------------------------------------------------------------------------------------------------------------------------
1X2X1X51XX3XX142X4XX1X2202XXXX11XXXXXXX1XXX11X111X0XXX21XX1XX21XX1XX2X1X32X1X1002XXXX1XX132XXX120XXXXXX1XX1X1XX02

SSE=13.267 on eval 473: L=3.02334e+08 b=1.91082 r=0.360356 rf=0.710993 t0=62.8241 th=7.41937

+XXXX1X
11X1XX1X4X01X3XXXXXX2XXX1XXXX111XXX211X12X1111X2XX0XXX21X1XX2


Generation 3/50  F=U(0.5, 1.0)  N_hist=540
------------------------------------------------------------------------------------------------------------------------
1X121111XXXXXX1XX1XX02XXXXXX1X3X11XXX0X1XXXX1X1XXX2XXXXXXXX111X1XXXX1X11XX1X112211XX2X1XXXXX1X11X1X1XX1XX11X1XX11XXX01XX
10X122X1X1XXXXXXXXXX0X1X1X121XXX111111XX1X11XX1X1X2XX112X12X


Generation 4/50  F=U(0.5, 1.0)  N_hist=720
------------------------------------------------------------------------------------------------------------------------
011XXXXX1X11XX1X102X1XXXX1X1XX1XX1110X02XXXXXXXXX2XX1XX1X1110X1XX1XXXX1XXX10XXX1XXXXXXXX1X1X0XXXXX1XXXXX01XXXX1XXX1XX111
XXXXXXXX3XXX1XX0XXXX1XX1X11XXX1X1X1XX1XXXX1XXX2X1X1XX10XX11X


Generation 5/50  F=U(0.5, 1.0)  N_hist=900
------------------------------------------------------------------------------------------------------------------------
XX1XXXXXXXXX1X1XXXX1XX0XX1XX11XXXXX1XXX1X11XX1XXXXXX1X11XXXX1XXXXX1XX1X11XX1XXXXXXXX1XX2X0XXXXXXX1X1XX112X1XXXXXXX2XX0X1
X1XXXXXXXXX1XXX11XXXXXX11XXX11XX1XXX1XXX1XXXXXX101XXXXX1XXX1


Generation 6/50  F=U(0.5, 1.0)  N_hist=1080
------------------------------------------------------------------------------------------------------------------------
XXXXX11XXXXX2XXXXXX0XX1XXXX1XX1XXXXX11XX0XXXXXXXXX1XX0XXXX11XX1XX1XXXXXXXXX1X01XX1X1XX1XXXXXXXX01X1X011X0XXXXX11X11XX2XX
XXXXXXXXXXX0X0XXX11XXX1XX10XX1XX1X1XX1XXXX1XX11X1X1XX1XXX01X


Generation 7/50  F=U(0.5, 1.0)  N_hist=1260
------------------------------------------------------------------------------------------------------------------------
XXXXXXXXXXXXX111XXXX00XXXXXXX111X1XX01XXX01X1XXXXXXX1X1XXXXX1XXXX1XX1X1XXX1XX1X1XX1XXXX1X11XXXXXXXX0X1XXX1XXXXXXXX0XXXXX
1XXXXXXXX1XXXX11XXX1XXXXXX11XXX11X11XX0XXX1XXXX0X1X1XX11X1XX


Generation 8/50  F=U(0.5, 1.0)  N_hist=1440
------------------------------------------------------------------------------------------------------------------------
XXXX1XXXXXXX11XXXXXX1XX1XXX1XX11XXX0X11X1XX1XX1XXXXXX11XXXXX10X011XXXXXXXXXX1XX011XXXXX00111XXXXX110XXX1XXXXXXXXXX1X1XXX
XXXXXXXXX0X111XXXXXXXXXXXXXXXXX1XXXXXXXXXXX1XXXXXXXXXXXXXXXX


Generation 9/50  F=U(0.5, 1.0)  N_hist=1620
------------------------------------------------------------------------------------------------------------------------
0111X101X0001X1XXXXXXXXXX011XX1X1111XXXXXXXXXXXXXXXXXXXXXXXXXXX1XX110110XXXXXXXXXX1XXXXXXXXXX1XX1XX00XXXXXXXXXXXXXX100XX
XXXXXXXXXXXXX1XXXXXXXXXXXXXXXXXX0XXXXX011XXXXX0XXXXXXXX1XXXX


Generation 10/50  F=U(0.5, 1.0)  N_hist=1800
------------------------------------------------------------------------------------------------------------------------
11X1XXX1XXX0XX1X1XXXXXXXXXXXXXXXXX1XXXX1XXXXXXX1XXXXXXXXXXXXXXXX0X1XXX11XXXXXXXXXXXXXXXXX1XXXXXXXXX0XX1010X1XXXXXXXXXXXX
1XXXXXXXXXXXXXXXXXXX0XXXX1XXXXXXXXXXXXXXXXXXXXXXXXXXX1XX0XXX


Generation 11/50  F=U(0.5, 1.0)  N_hist=1979
------------------------------------------------------------------------------------------------------------------------
11X1XXXXXXXXXX101XXXXXXXXXXXXXXXX1X1XX10XXXXXXX11XXXXXXXXXXXXXXXX1XXXXXXXXX1XXXXX1X10XXXXX1XXXXXXXXXXXXXXXXXXX00X11XX0X0
XXXXXXX000X1X1XXXX1XXXXXXXXXXXXX0X1XXXXX1XXXXXXXXXXXXXXXXXXX


Generation 12/50  F=U(0.5, 1.0)  N_hist=2160
------------------------------------------------------------------------------------------------------------------------
0XX0XXXXXXXXXXX0XXXXXXXXXXXXXXX1XX11XX011XXXX0XXXX0XX00XXXXXXXXXXX00XXXXXXX1XXXXXXXXXXX0X10XXXXXX0XXXXXXXXXXXXXXXXXXXXXX
XXXXXXXXX1XX0XXXX0X00XXXXX0XXXXXXXXXX1XXXXXXXXXXXXXXXXXXXXXX


Generation 13/50  F=U(0.5, 1.0)  N_hist=2340
------------------------------------------------------------------------------------------------------------------------
00X10XXX0XXXXXX0XXX1XXXXXX00XXXXXXXXXXXXX0XXXXXXXXXXXXXXX0XXXXXXX1XXXXXX1XXXXXXXXXXX00XXX1XX1XXXX1X1XXXXXXXXXXXXXXXXXXXX
00XXXXXX11XXXXXXXXXXXXXXXXXXXX0010XXXXXXXXXXXXXXXX1XXXXXXXXX


Generation 14/50  F=U(0.5, 1.0)  N_hist=2520
------------------------------------------------------------------------------------------------------------------------
0X1X0XXXXXXXXXXXXXXXXXXXXXXXXXXXXXXXX100XXXXXXXXX1XXXXX10X0X1XXXXXXXXXXXXXXXX01XXXXXXXXXXXXXXXXXXX0XXX00XXXXX0XX11XXX0XX
XXXXX0XXXXXXXXXXXXXXXXXX0XXX0XXXXXX0XXX00XXXXXXXXXXXXXXXXXXX


Generation 15/50  F=U(0.5, 1.0)  N_hist=2700
------------------------------------------------------------------------------------------------------------------------
10X1X11XXXXXXXXXXXXXXXX10XXXXXXXXXXXXXXX1X11110XX00XXXXXXXXXXXXXXXX1XXXXXXXXXXXXX0X01X1XXXXXX10X00XXXXXX10X0XXXX0XXXXX01
XXX0X0XXXXX1XX0XXXX00XXXXXXXXXXXX01XXXXXXXXXX1XXXXXXXXXXXXXX


Generation 16/50  F=U(0.5, 1.0)  N_hist=2880
------------------------------------------------------------------------------------------------------------------------
01XX0XX0X0XXXXX0XX0XXXXXXXX00XXXXXXXXXXXXXXX0XXXXXXXXXXXXXXXXXXXXXXXXXXXX0XXXXXXX0X0XXXX0XXXXXXXXXXXXXXXXXXXX00XXXXXXXXX
XX0XXX0X10XX0XXXXXXXXXXXXXXXXXXXXXXXX1XXXXX00XXXXXXXXXXXX1XX


Generation 17/50  F=U(0.5, 1.0)  N_hist=3060
------------------------------------------------------------------------------------------------------------------------
1X00XXX0X0XXXXXXXXX0XXXXXXXXXXXXXX1XXXXXXXXXXXXXXXX11XXXXXXX0XXXXXXX0XXX1XX0XXXXXXXXXXXXXXXXXXXXXXXX0XXXXXXXXXXX0XXXXXXX
XXX1XXXXXXXX01X00XXXX0XXXXXXXXXXXXXXXXXXXXXXXXXXXXXXX0X0XXXX


Generation 18/50  F=U(0.5, 1.0)  N_hist=3240
------------------------------------------------------------------------------------------------------------------------
00011XX0XXXXXX1XXX0XX1XXXXXXXXXXXXX00XX0XXXXXXXXXXXXXXXX0X0XXXXXXXXXX0XXXXXXXX1XXXXX00X0XX00XXXXXXXXXXXXXXXXXXXXXXXXXXXX
X0X0XXXXXXXXXXXXXXXXX0XXX0XXXXX0XXXXXXXXXXXXXXXXXXX0XXXXXXXX


Generation 19/50  F=U(0.5, 1.0)  N_hist=3420
------------------------------------------------------------------------------------------------------------------------
100X1X00XXX1XXXXXX0XXX100XXXXXXXXXXXXXXXXXXXXXX0XXX1X0XXXXXXXXXXXX00XXXXXXXXXXXXXXXXXX0X0XXX10XXXXXXXXX00XXXXXXXXX1XXXXX
X00XXXXXXXX0XXXX0X0XX0XXXXXXXXXXXXXXXXXXXXXXXXXXXXXXXXXXXX0X


Generation 20/50  F=U(0.5, 1.0)  N_hist=3599
------------------------------------------------------------------------------------------------------------------------
X0XX01XXXXXXXXXX0XXXXXXXXXX00X00XXXXXXXXXXXXXXXXX0XXXXXXXXX00XXXXX0XXXXXXXXXXXXX0XXXXXXXXXXXXXXX00XXXXXXXXXXXXXXXXXXXXXX
XXXX0XXXXXXXXXXXXXX10XXXXXXXXXXXXXXXXXXXX0XXXXXXXXXX0XXXXXXX


Generation 21/50  F=U(0.5, 1.0)  N_hist=3779
------------------------------------------------------------------------------------------------------------------------
0000X0XXXXXXXXXXXXX0X0XX000XXX1XXXXXXXXX10XX0XXXXXXXXXXXXXXXXXXXXX0+X1XXX0XXXXXXXXXXXXX1000XXXXXXXXX1XX0XXXX0X0X0X0XXXXX
XX0+XXXXX0XXXXXX0XXX0XXXXXX0XX0XXXXX0XXXXXXXXXXXXXXXXXXXXXXXXX


Generation 22/50  F=U(0.5, 1.0)  N_hist=3960
------------------------------------------------------------------------------------------------------------------------
0X0X00X0X1XXXXXXXXXXXXXXXXXX0XXXXXXXXXXXXXXXXX00X0X0XXXX00XXX00XXX0XXX000XXXXXXXXXX00XX0XXXXXXXXXXXX0XXXXX0XXXXXXXXXX0XX
X0X0X0XX0X0XXXXXXXXXXXXXXXXXXXXXXXXXXXXXXXXXXXXXXXXXXXXXXXXX


Generation 23/50  F=U(0.5, 1.0)  N_hist=4140
------------------------------------------------------------------------------------------------------------------------
X00XXXXX000XXXXXXXXXXXXXXXXXXXXXXXXXXXX0XXXXXXXXXXXXXXXXXXXXXXXXXXXXXXXXXXXXX0XXXXXXXXXXX0XXXXX0X0XXXXXXXXXXXXXXXXXXXXXX
XXXXXXXXX00XX0XXXXXXXXXXX0X0XXXXXX0XXXXXXXX0XXXXXXXXXXXXXXXX


Generation 24/50  F=U(0.5, 1.0)  N_hist=4320
------------------------------------------------------------------------------------------------------------------------
0000XX1XX0XXXXX0XXXXXXXXXXXXXXX0XXXXXXXXXXXXXXXXXXX0XXXXXXX0XXXXXXX001XXXXXXXXXXX0XXXX0X0X0XXXXXXXXXXXXXXXXXXXXXX00XXXXX
XXXXXXXXX1XXXXXXXXXXXXXXXXXXXXX1X01XXXX0XX0XXXX0XXXXXXXXXXXX


Generation 25/50  F=U(0.5, 1.0)  N_hist=4500
------------------------------------------------------------------------------------------------------------------------
0000XXX0XXXX00XXXXXXXXXXXXXXXXX10XXX1XXXXXXXXXXXXXXXXXXXXX0XXXXXXXXXXXXXX0XX0XXXXXXXXXXXXXXXXXXXXXXXXXXXXXXXXXXX0X000X0X
XXXXX0XXXXXXXXX0XXXXXXXXX01X0XXX00XXXXXXXXXXXXXXXXXXXXXXXXXX


Generation 26/50  F=U(0.5, 1.0)  N_hist=4680
------------------------------------------------------------------------------------------------------------------------
00XXXXXX0000X0X0X0X00XX0XXXX0XXXXXX0XXXXXXXXXXXXXXXXXXX0XXXXXXXXX00X0XXXXXXXXXXXXXXXXXXXXXXXX000X0X0XXXXXX0XXXXXXXXXX0XX
XXXX0X000+XX0XXXXXXXXXXXXXXXXXXXXXXXXXXXXXXXXXXXXXXXXXX0XXXXX


Generation 27/50  F=U(0.5, 1.0)  N_hist=4859
------------------------------------------------------------------------------------------------------------------------
00X00XXXXXXXXXXX00XXXXXXXXXXXXX0XXXXXXXX0XXX0XXXXXXXXXXX0XXXXXXXXXXXXXX00XXXXXXXXXX0X00X0XXXXXX0XX00X0XX0XXX0XXX0XXXXXXX
XXXXXXXXXXXXXXXXXX0X0XX0XXXXXXXXXX0XXXXX0XXXXXXXXXXXXXX0XXXX


Generation 28/50  F=U(0.5, 1.0)  N_hist=5039
------------------------------------------------------------------------------------------------------------------------
X0XX0XXXXXX0X0XXXXXXXXXXXXXXXXXXXXXXXXXXXXXXXXXXXXXXXXXXXXXXXXXXXXX0XXXXXXX0XXXXXXXXXXXXXXXX00X0XXXXXXXXX0XXXXXXXXXXXX0X
XXXXXX0XXXXXXXXX000XXXXX0XXXXXXX0XXXXXXXXXXXXX0XXXXXXXXXXXXX


Generation 29/50  F=U(0.5, 1.0)  N_hist=5220
------------------------------------------------------------------------------------------------------------------------
00X00X0XX0XXXXXXXXX0XXXXXXXXXXXXXX0XXXXXXXXXXXX0XXXXXXXXXXXXXX00XXXXXX0XXXXXXXX0XXXXXXXXXXXXXX0X0XXXX0X00X00XXXXXXXXXXXX
XXXX0XXXXX0XX0XXXXXXXXXXXXXXXXXXXXXXXXXXXXXXXXXXXXXXXXXXX0XX


Generation 30/50  F=U(0.5, 1.0)  N_hist=5399
------------------------------------------------------------------------------------------------------------------------
000X00XX000XXX0XXXXXXXXXXXXXXXXX00XXX00X0XXXXXXXXXXXXXXXXXXX0XXXXXXXXXX00XXXX00XXXXX0XXXXXXXXXXXX0XXXXXXXXXXXXXXXXXXXXXX
XXXX00XXXXX0XXXXX0XXXXXX0X0XXXXXXXXXXXXXX0XXXX0X0XXXXXXXXXXX


Generation 31/50  F=U(0.445, 1.0)  N_hist=5580
------------------------------------------------------------------------------------------------------------------------
XXX0XXXXXXXXXX0XXXX00XXXX00XXXXXXXXXXXXXXXXXX00XXXXXXX0XXXXXXXXXXXXXXXXX0X0X0XXXXXXXXX0XXXXXXXXXXX0XXXXXXXXXXXXXXXXXXXXX
XX000XXXXXX0000X000X0XXXXXXXXXXXXX0XXXXXXXXXXXXXXXXXXXXXXX0X


Generation 32/50  F=U(0.39605, 1.0)  N_hist=5759
------------------------------------------------------------------------------------------------------------------------
00X0XX0XXX0X000XXXX0X0XXXXXXXXX0X0000XXXXXXXXXXXXXX0XXX0XXXXXXXXXXXXXXXXXXXXXXXXX0XXX0XXXXXXXXXXXXXXX0XXXXXXXXXXXXXXXXXX
XXXXXXXXXXXX0XXXXXXXXXXXX0XXXXX0X0XXXXXXXXXXXX0000XXXXX0XXXX


Generation 33/50  F=U(0.438820402838, 1.0)  N_hist=5940
------------------------------------------------------------------------------------------------------------------------
X0XXXX00XXXXXXX0XXXXXXXXX00XXXXXXXXXXXXXXX0X0XXXXXXXXXXXXXXXXXXXXXXXXXXXX0XXXXXX0XXXXXXX0X0XXXXXX0XX0X0XXXXXXXXXXX0XXXXX
XXXXXX0XXX0XXXXXXXXX00XX0XXXXXXXX0XXXXX000X0XXXXXXXXXXXXX0XX


Generation 34/50  F=U(0.486209685511, 1.0)  N_hist=6120
------------------------------------------------------------------------------------------------------------------------
00X0XXXXXXXXXXXXXXX0XXXXXXXXXXXXXXXX000XXXXXXXXXX0XXXXXXX00XXX0XXXXXXXXXXXXXXXXX0XX0XXXXXXXXX0XXXXXXXXXXXXXXXXXXXXXXXXXX
XXXX0XX0XXXX0XXX0XXXXXXXXXXXXXXXXXXXXXXXXX0XXXXXXXXXXXXXXXXX


Generation 35/50  F=U(0.432726620105, 1.0)  N_hist=6300
------------------------------------------------------------------------------------------------------------------------
00X000XXXXXXXX0X0XXXXX0XXXXXXXXXXXXX0X00X0XXXXXXXXXXXXXXXXXXXXX0XXXX000X0XXXXXXXXX0XXXXXXX0XXXXXXXXXXXXX0XXXXXXXXXXXXXXX
00XXXXXXXXXXXXXXXXXXXX0XXXXXXXX0XX0X00XXXX0XX0XXXXXXXX00XXXX


Generation 36/50  F=U(0.479457820359, 1.0)  N_hist=6480
------------------------------------------------------------------------------------------------------------------------
000000X0XXXXXXXXXXXXXXXXXXX0XXXXXXXXXX0XXXXXXXXX0XXXXXXXXXXXXXXX0XXXXXXXXXXXXXXXXXXXXXXXXXXXXXXXXX0XXXXXXXXX0XXXXXXX0XXX
XXXXXXXX0XXXXX0XXXXXXXXXXXXXXXXXXXXX00XXXXXXXXXXXXXXXXXXXXXX


Generation 37/50  F=U(0.5, 1.0)  N_hist=6660
------------------------------------------------------------------------------------------------------------------------
0XXX00X0X0XXXXXXXXX0XXXXXXXXXXXXXXXX0XXXX0XXX0XX0XXXX0XXXXXXX0X0XXX00XXXXX0XXXXXXXX00XXXXXXXXXXXXXXXXXXXXXXXXXXX0XXX0XXX
XXXXXXXX0XX0XXXXXX0XXXXXXXXXXXXXXXXX0XXXXXXXXXXXXXXXXXXXXXXX


Generation 38/50  F=U(0.445, 1.0)  N_hist=6840
------------------------------------------------------------------------------------------------------------------------
0X0XXXX00X00X0XX0XXXXXXXXXXXX0XXXXXXXXXX0XX0X0XXXXX0XXXX0XXXXXXXXXXXXXXX0XXXX00XXXXX0XXXXXXXXXXX0XXXXX0XXXXXXXXXXXXXXXX0
XXX000X0XXXXXXXXXXXXXXXXXXXXXXXXX00X0XXXXXXXXXXXXXXXXXXXXXXX


Generation 39/50  F=U(0.493056632402, 1.0)  N_hist=7020
------------------------------------------------------------------------------------------------------------------------
000XXXXXXXXXXXXXXXXXXXXXXXXX0XXXXXXXXXXXXXXXXXXXXXXXXX00XXXXXXXXXXXX0XXXXXXXXXXXXXXXXXXXX00XXXXXXXXXX0X0X0X0XXXXXX0XXX0X
0XXXXXX00XXXXXXXXXXXX0XXXXX0XXX0XXXXXXX0XXXXXXXXXXXXXXXXX0XX


Generation 40/50  F=U(0.5, 1.0)  N_hist=7199
------------------------------------------------------------------------------------------------------------------------
0XXXX00XXXXXXXXXXXXXXX0XXXXXXXXXXXXXXXXXXXXXXXX0000XXXXXXXXXXXXXXXXXX0XX0XXXXXXXXXX00XXXXXXXX0XXXX0XXXXXXX0XXXXXX0XXXXXX
XXXXX0XXXXXXXXXXXXXXXXXXXXXXXXXXXXXXX0XXXXXXXXXXXXXXXXXXXXXX


Generation 41/50  F=U(0.5, 1.0)  N_hist=7380
------------------------------------------------------------------------------------------------------------------------
000XX00XX0X0XXXXXXXXXX0X0X0XXXXXXXXXXXX00XXXXXXXXXXXXXXXXXXXXXXXXXXXXXXX0X0XXXXXXXXXXXX00X0X0XXXX0XXXXXXXXXX0+00XXXXXXXX
XXXXXX0XXXXXXXXXX0X00XXXXXXXXX0XXX0XXXXXX0XXXXXXXXXXXXXXXXXX0


Generation 42/50  F=U(0.5, 1.0)  N_hist=7559
------------------------------------------------------------------------------------------------------------------------
0XXX00XXXXXXXXXXXXXXXXXXXXXXXXXXXXXXXXX0XXXXXXX000XXX0XXXXXXXX00XXXX0XX0XXXXXXX0XXXXXXXXXXXXX00XX0XXXXXXXXXXXXXXXX0XX00X
00XXXXXXXXXXXXXXXXXXXXXXXXXXXXXX00XXXXXX0XXXXXXXXXXXXXXXXXXX


Generation 43/50  F=U(0.5, 1.0)  N_hist=7740
------------------------------------------------------------------------------------------------------------------------
X00XX0XXXXXXX0XX0XXXX00XXX0XXXXXXXXXXXXXXXXXXX0XXXXXXXXXXXX0XX0XX00XXXXXXXXX0XXXXXXXXXXX0XX0XXXXXX0XXXXXXX0X0XXXXXX0XXXX
XXXXXXXXXXXXXXXXX0XXXXXXXXXXXXXXXXX0XXXXXXXXXXXXXXXXXXXXXXXX


Generation 44/50  F=U(0.445, 1.0)  N_hist=7920
------------------------------------------------------------------------------------------------------------------------
0X0XX0X0XXXXXXXXXXXXXXXXXXXXXXXXXXXX0XXXXXXX0+XXXX0XXXXXXXXXXXXXXXXXXX0XXXXX000XXXXXXXXXXXXXX0XXXXXXXXXXXXXX0XXXXXXXXXX0
0XXXXXXXXXXXXXXXX0XXXXXXXXXXXXXXXXXXX00XXXXXXXXXXXX0XXXXXXXXX


Generation 45/50  F=U(0.39605, 1.0)  N_hist=8100
------------------------------------------------------------------------------------------------------------------------
0000XX0XXXX0X0XXXXXXXXXXXX0XX0XXXXX0XXXXXXXXXXXXX0X00XXXXXXXXXXXXXXXXXXX0XXXXXXXXX0XXXXXXXXXXX0X0XXXXXXXXXXXXXXXXXXXXXXX
XXXXXXXXXXXXXXXXXXXXXXXXXXX0XXXXXXXXXXXXXXXXXXXX0X0XXXXXXXX0


Generation 46/50  F=U(0.3524845, 1.0)  N_hist=8279
------------------------------------------------------------------------------------------------------------------------
00X000X0X0XX0XXXXXXXXXXXXXXXXXXXXXXXXXXXXXXX00X000XXXXXX0XXXX00XXXXXXX000XX00XXXXXXXXXXXXXXXX0XXXXXXXXXXXX00X0XXXXXXXXX0
XXXXXXX0XXXXXXXXXXXXX0XX0XXXXX00XXXXXXXXXXXXXXXX0XXXXXXXXXXX


Generation 47/50  F=U(0.390550158526, 1.0)  N_hist=8460
------------------------------------------------------------------------------------------------------------------------
000X0XX0XX0XX0XXXXXXXXXXXXXX0XXXX00XXXXXXXXXXXXXXXXXXXX0XX0XXXXXX00XXXXXXXXXXXXXXXXXXXXXXXXXXXXX0XXXXXX0XXXXXXXXXXXXXX00
0XXXX0XX0XXXX0000XXXX0XX000XXXXXXXXXXXXXXXXXXXXXXXXXXXXXXXXX


Generation 48/50  F=U(0.432726620105, 1.0)  N_hist=8640
------------------------------------------------------------------------------------------------------------------------
000XX00XXXXXXXXXXXXXXXXXXXXX0XXX0XXXXXXXXXXXXXXXXXXX0XXXXXXXXXXXXXXXXXXXXXXX0X0XX0XXXXXXXXXXXXXXXXXXXXXXXXXXX0X0XXXXXXXX
XXX00X0XXXX0XXXXXX0000XXXXXXXXXX0XXXXXXXXXXXXXXXXXXXXXXXXXXX


Generation 49/50  F=U(0.479457820359, 1.0)  N_hist=8820
------------------------------------------------------------------------------------------------------------------------
X00X0X0XXXXXXXXXXXXXXXXXXXXXXXXXXXXX0XX0XXXXXXXXXXXXXX0X0XXXX0XXXXXXXXXXXX0XXXXXXXXXXXXX0XXXX0X0XXXXXXXXXXXXXXX00XXXXXXX
XXXXX0X00XX0XXXXXXXXXXXX0XXXXXXXX00X0XXXXXXXXXXXXXX0XXXXXXXX


Generation 50/50  F=U(0.5, 1.0)  N_hist=9000
------------------------------------------------------------------------------------------------------------------------
00X000XXXXXXXXXXXXXXXXXXXX0XXXXXXXXXXXX0+0XXXXXXXXXXXXXXXXXXXXXXXXXXXXXXXXXXXX0X0XXXXXXXXXXXXXX0XXXXXXXXXX00X0XXXXX0XXXX
XXXXX0XXXXXXXXXXX0XX0XXXXXXXXXXXXXXXXXXXXXXXXXXXXXX0XXXXXXXXX

Maximum number of iterations reached.

SSE=13.242 on eval 9180: L=1.45551e+07* b=1.0709 r=0.35633 rf=0.695781 t0=62.8333 th=7.19053


Shutting down DE...
DE shutdown complete.

Final population:
Population: 180 individuals with SSE 13.242 to 13.307, avg eval time 0.0313 sec. Top 7:

        SSE |     13.242       13.244       13.249       13.252       13.255       13.255       13.256  
------------------------------------------------------------------------------------------------------------------------
          L | 1.4555e+07*  1.1933e+07*  1.1426e+07*  1.9781e+07    2.736e+07   5.2959e+07   4.1859e+07  
          b |     1.0709       4.2152       3.0198      0.15569*      1.0726       0.1095*      5.6667  
          r |    0.35633      0.35773       0.3673      0.36253      0.36496      0.36049       0.3566  
         rf |    0.69578      0.69077      0.70362      0.70844      0.70782      0.70835      0.70034  
         t0 |     62.833       62.767       62.567       62.696       62.635       62.721       62.839  
         th |     7.1905        7.024        7.364       7.5473       7.3738       7.4727       7.1777  
------------------------------------------------------------------------------------------------------------------------
Best individual:
<SSE=13.2420 L=1.45551e+07* b=1.0709 r=0.35633 rf=0.695781 t0=62.8333 th=7.19053>


Elapsed time: 121.78 seconds

Saved final population of best parameter combinations to covid19.dat
Shutting down...
Task Queue is shut down
Goodbye
