Decompressing and parsing covid19.csv.bz2...
Cumulative and new cases reported thus far for Korea, South
------------------------------------------------------------------------------------------------------------------------
000	01/22	1	0
001	01/23	1	0
002	01/24	2	1
003	01/25	2	0
004	01/26	3	1
005	01/27	4	1
006	01/28	4	0
007	01/29	4	0
008	01/30	4	0
009	01/31	11	7
010	02/01	12	1
011	02/02	15	3
012	02/03	15	0
013	02/04	16	1
014	02/05	19	3
015	02/06	23	4
016	02/07	24	1
017	02/08	24	0
018	02/09	25	1
019	02/10	27	2
020	02/11	28	1
021	02/12	28	0
022	02/13	28	0
023	02/14	28	0
024	02/15	28	0
025	02/16	29	1
026	02/17	30	1
027	02/18	31	1
028	02/19	31	0
029	02/20	104	73
030	02/21	204	100
031	02/22	433	229
032	02/23	602	169
033	02/24	833	231
034	02/25	977	144
035	02/26	1261	284
036	02/27	1766	505
037	02/28	2337	571
038	02/29	3150	813
039	03/01	3736	586
040	03/02	4335	599
041	03/03	5186	851
042	03/04	5621	435
043	03/05	6088	467
044	03/06	6593	505
045	03/07	7041	448
046	03/08	7314	273
047	03/09	7478	164
048	03/10	7513	35
049	03/11	7755	242
050	03/12	7869	114
051	03/13	7979	110
052	03/14	8086	107
053	03/15	8162	76
054	03/16	8236	74
055	03/17	8320	84
056	03/18	8413	93
057	03/19	8565	152
058	03/20	8652	87
059	03/21	8799	147
060	03/22	8961	162
061	03/23	8961	0
062	03/24	9037	76
063	03/25	9137	100
064	03/26	9241	104
065	03/27	9332	91
066	03/28	9478	146
067	03/29	9583	105
068	03/30	9661	78
069	03/31	9786	125
070	04/01	9887	101
071	04/02	9976	89
072	04/03	10062	86

Initializing 180 population members having 6 parameters
------------------------------------------------------------------------------------------------------------------------

SSE=2.6629 on eval 1: L=9.87472e+06 b=19.3726 r=0.210803 rf=0.961706 t0=41.9357 th=4.29221

*87929395725252644999698422941995997291559868945659443875999253593399993655572999994499527947979594993196999739478599295
464553862995419999559975161129999499315939999799399586739599

Population: 180 individuals with SSE 2.6629 to 81.297, avg eval time 0.376 sec. Top 7:

        SSE |     2.6629       3.0655       3.2882       3.3195       3.3575       3.4156       3.5323  
------------------------------------------------------------------------------------------------------------------------
          L | 9.8747e+06   2.0805e+06*  4.9328e+07**  1.237e+07   2.2347e+07   1.5515e+07    2.767e+07  
          b |     19.373       59.418       112.45       50.892       6.8706       91.797       4.5474* 
          r |     0.2108      0.15856      0.52698      0.18655      0.31236      0.76572**    0.72805  
         rf |    0.96171      0.97725      0.99955**    0.99467      0.96069      0.99799**    0.98961  
         t0 |     41.936       41.432       36.873       41.562       39.283       34.565       34.402  
         th |     4.2922       5.1257        6.758       5.0788       6.3836       7.9506**     7.4277  
------------------------------------------------------------------------------------------------------------------------
Best individual:
<SSE=2.6629 L=9.87472e+06 b=19.3726 r=0.210803 rf=0.961706 t0=41.9357 th=4.29221>


Population: 180 individuals with SSE 2.6629 to 81.297, avg eval time 0.376 sec. Top 7:

        SSE |     2.6629       3.0655       3.2882       3.3195       3.3575       3.4156       3.5323  
------------------------------------------------------------------------------------------------------------------------
          L | 9.8747e+06   2.0805e+06*  4.9328e+07**  1.237e+07   2.2347e+07   1.5515e+07    2.767e+07  
          b |     19.373       59.418       112.45       50.892       6.8706       91.797       4.5474* 
          r |     0.2108      0.15856      0.52698      0.18655      0.31236      0.76572**    0.72805  
         rf |    0.96171      0.97725      0.99955**    0.99467      0.96069      0.99799**    0.98961  
         t0 |     41.936       41.432       36.873       41.562       39.283       34.565       34.402  
         th |     4.2922       5.1257        6.758       5.0788       6.3836       7.9506**     7.4277  
------------------------------------------------------------------------------------------------------------------------
Best individual:
<SSE=2.6629 L=9.87472e+06 b=19.3726 r=0.210803 rf=0.961706 t0=41.9357 th=4.29221>

Performing DE with CR=0.8, F=U(0.5, 1.0), DE/rand-1.00/1/bin
------------------------------------------------------------------------------------------------------------------------
Press the 'Enter' key to abort.



Generation 1/75  F=U(0.5, 1.0)  N_hist=180
------------------------------------------------------------------------------------------------------------------------
XX23X112X11XX3X35X6X23XX31X1X1X1XXX21XXXX1XXXXXX31X12XX2X1XXXX111X223XX6X341935X2X111X1X1XX3XX1XX6X134XXXX0X221XXX332X23
XXX2X41X3X12X4133XXXXX3X2X4XX24XX781XX255XX542X231423XXX12XX


Generation 2/75  F=U(0.5, 1.0)  N_hist=360
------------------------------------------------------------------------------------------------------------------------
XX22X1XXX3X11X11121XXX323XXX1212XXX0121XX12X32XX2XX19XXXX1525XXXXX1X5X2X32125X1XXXX11212X48X21212XX1X80X21XX254X1XX11125
2X2132X3XXXX7XX102X3XX1X2X294XXX92X242X1XXXXXXXX315X62112XX7


Generation 3/75  F=U(0.5, 1.0)  N_hist=540
------------------------------------------------------------------------------------------------------------------------
X1XXX7X2XX3X0XX11XX10XX3X23XXXXXXXX3X2151X2XX1X21XXXXX1X2X11X2X2X12X3X2X1XXXXX2XXXXX12XX1X1XXXX21XXX1XXXXXXXXX2X122XX3XX
12XX1X4X1XXXXXXX3XX2XXXXXXXXX93X53XXXXXX01X13X2XX2XX2XXX3XX1


Generation 4/75  F=U(0.5, 1.0)  N_hist=720
------------------------------------------------------------------------------------------------------------------------
X2XXXXXX22XXXXXXXXX1XX2X411XXXXXX3X2XX21XX2XXX4XX21X013X1XXX1XX1XX12XX1X4XXXXXX1XXXXXXXXXXX1XXX21XXXX151X6XXXX1XX1XX1X11
2X1XX1XXXXXXXXXXX140113X2XXXXXXXXXXXXX21XXXXXXX3X2XXX2XXXXXX


Generation 5/75  F=U(0.5, 1.0)  N_hist=900
------------------------------------------------------------------------------------------------------------------------
XXXXXXXXX11X22X20XXXXXX0XXXX21X2XXXXXXX21XX1XXXXX1X11XX0XXXXXX1XXXXXXXXXXX25XXX12XXXXX1X42XXXX1XX11X3X02221XX1XXXX112XXX
112X2X1XXXXXX1XX2XXX12X1XXX1X1XXXXXX2XXXXXXXXXXX2XXX1XXXXXXX


Generation 6/75  F=U(0.5, 1.0)  N_hist=1080
------------------------------------------------------------------------------------------------------------------------
XXX11XXXXX1XXXX0XXXXXXX1XXXXX2XXXXXX1XXX2X11XXXXXXXXX1X1XXXXXXX10X2XXXXXXX1311X2XXXX1XXXXXX12X1XXXXXXXXX1X12XXX2XXXXXXXX
1XX1X2XX1X11X21XXXXXXXX2XX1XXXXXXXXXXXXXXXXXXXXXXXXXXXXXXXXX


Generation 7/75  F=U(0.5, 1.0)  N_hist=1260
------------------------------------------------------------------------------------------------------------------------
X2XXXX2XX1X21XXXXXX11XXXX21XX1X21X0XXXXXXX2XXX210XXX1X10XXXXXXXXX23X2XXXXX2X1XXXX1X1XX1XX0XXXXXXX1XX1XXXXXXX3XXX2XXXXXX1
XX2XXXXXXXXX2XX1X1XXXXXX11X11XXXXXXX11XXXXX1XXXXXX21XXXXXX2X


Generation 8/75  F=U(0.5, 1.0)  N_hist=1440
------------------------------------------------------------------------------------------------------------------------
XXX1XXXXXX2XXXXXX1X11XXX1XX1XXXXXX1XXX2XXXXXXXX1XXXX1XXXX1XXX01XXXXXXXXXX111XXXXXXX1XXXXXXX111X1XXXXXXXXXXXXXXXXXXXXXXXX
XXXXXXXXXXXXXXXXXXXXX2XXXXXXXXXXXXXXXX2XXXXXXXXXXXXXXXXXXXXX


Generation 9/75  F=U(0.5, 1.0)  N_hist=1620
------------------------------------------------------------------------------------------------------------------------
1111211X2X1XX11XXXX1XXXXXXXXX1X1111XXXX1111XXXXXXXXXX10XXXXXXXX11111XXXXXXXXXXXXXXXXXXXX0XXXXXXXXXXXXXXXXXXXXXXXXX1X1XXX
XXXXXXXXXXXXXXXXXX131X0XXXXXXXXXXXXXXXXXXXXXXXXXXXXXXXXXXXXX


Generation 10/75  F=U(0.5, 1.0)  N_hist=1800
------------------------------------------------------------------------------------------------------------------------
111XXXXXXXXXXXXXXXXXXXXXXXX2XXXXXXX1XXXXXXXXX21XXXXXXXXXXXXXXX1XX11X2X10XXX1XXXXXXXXXX1XXXXXX0XXXXXXXXXXXXXXX02X1XXXXXXX
1X1XXXXXX0XXXXXX1XXXXXXXXXXXXXXXXXXXXXX1XXXXXXXXX1XXXXXX1XXX


Generation 11/75  F=U(0.5, 1.0)  N_hist=1980
------------------------------------------------------------------------------------------------------------------------
120X12XX1XXXXX1XXXX0XXXX1XXXXXXXXXXXXXXX1XXX211XXXXXXXXX0XX1XXXXX1XXX11X112XXXXXXXXX1XXXXXXXXXXXXXXXXXXXXXXXXXXXXXXXXXXX
11X1XXXXXXXXXXXXXXXXXX1XXXXXXXXXXXXXX1XXXXXXXXXXXXXXXXXXXXXX


Generation 12/75  F=U(0.5, 1.0)  N_hist=2160
------------------------------------------------------------------------------------------------------------------------
10X1011XXXXXXXXXX1XXXXXXXXXXXXXXXXXXXXXXXXXXXXXXXXXXXXXXXX1110XXXXXXXXXXXXXXXXXXXX1XXXX2XX11XXXXXXXXXXXXXX11XXXXX1X1X0XX
X1XXXXXXXXX1X11XXXX11XXXXXXXXXXXXXXXXXXXXXXXXXXXXXXXXXXXXXXX


Generation 13/75  F=U(0.5, 1.0)  N_hist=2340
------------------------------------------------------------------------------------------------------------------------
11XX1X2XX1XXXXXXXXXXXXXXXXXXXXXX1XXXXXXXX1XXXXXXXXXX1XXXXXXXXXXXXXXXXXXXXX1XXXXXXXXXXXXXXXXXXX1XXXXXXXXXXXXXXXXX111XX11X
XXXXXXXX11XXX1XXXXXX1XXX1X1XXXX0XXX1XXXXXXXXXXXXXXXXXX1XXXXX


Generation 14/75  F=U(0.5, 1.0)  N_hist=2519
------------------------------------------------------------------------------------------------------------------------
11X11XXXXXXXXX11X0X1XXXXXXXXXXXXXXX10XXX1XXXXXXXXXXXXXX1XXXX1XXXXXXXXX1XXXXXXXXXX1XXXXXXXXXXXX1XXXXXXXXXXXX1XXXXXXX2XXXX
XX1XXXXX1XXX1XXXXXXXXXXXXXXXXXXX2XXXXXX1X1XXXX1XXXXXXXXXXXXX


Generation 15/75  F=U(0.5, 1.0)  N_hist=2700
------------------------------------------------------------------------------------------------------------------------
111011XXXXXXXX1XX2XXX1XXXX1XX11X1XXXXXXXXXXXXXXXX1XXXXXXXX0XXXXXXXX11XXXXXXXX1XXXXXXXXX10XX1XXXXXXXXXXXXXXXXXXX1XXXXXXXX
XXXXXX1XXXX11XXXXXXXXXX1XXXXXXXXX0XX1XXXXXXXXXXXXXXXXXXXXX1X


Generation 16/75  F=U(0.5, 1.0)  N_hist=2880
------------------------------------------------------------------------------------------------------------------------
1XXXX1XXXXXXXXXXXXXXX2XXXXXXXXXX1XX1XXXXXXXXXXX1XX1XXXXXXX111XXXXXXXXXXXXXXX11XXXXXXX10XXXXXXXXX1+XXXXXXXXXX1X1XX11XXXXX
XX21XXXXXXXXXXXXXXXX1XXXXXXXXXXXXXXXXX11XXXXXXXX11XXXXXXXXXXX


Generation 17/75  F=U(0.5, 1.0)  N_hist=3060
------------------------------------------------------------------------------------------------------------------------
1001X1XXXXXXXXXXXXXXXXXXXXXXXXXXXXXXX1XX1XXXXXXX1XXXX1XXXXXXX1XXXXXXXXXXXXXXX1XXXX11XXXXXXX1XXXXX1XXXXXXXX1XXXXXXXXXX1XX
XXXXXXXX1XXXXXXXXX1XXXX11XXXXXXXXXXXX1XXXXXXXXXXXXXXXXXXXXXX


Generation 18/75  F=U(0.5, 1.0)  N_hist=3240
------------------------------------------------------------------------------------------------------------------------
111X1XXXXXXXXXX2X1XXX1XX11XXXXXXXXXXXXXXXXXX1XX111XXXXXXXXXXXXXXXXXXXXXXXXXXXXX111XXXXXXXXXXXXXXXXXX1X1XXXXX11X1X1XXXXXX
XXXXXXXXXXX11XXX0XXXXXX0X1XXXXXXXXX1XXXXXXXXXXX1XXXXXXX1XXXX


Generation 19/75  F=U(0.5, 1.0)  N_hist=3419
------------------------------------------------------------------------------------------------------------------------
111X11XXXXXXX1XX1XXXX1XXXXXXXXXXXXXXXXXXXXXXXXXXXXXXXXXX1XXXXX11XXXXXXXXXXXXXXXXXXXXXXXXXXXXXXXXXXX1XXXXXXXX1XXXXXXXXX1X
XXXX1XXX1XXX1XXXXXXXXXXXXXXXXXXXXXXXXXX0XXXXXXXXXX11XXXXXXXX


Generation 20/75  F=U(0.5, 1.0)  N_hist=3600
------------------------------------------------------------------------------------------------------------------------
1XXX1XXXXXXXXXXXXX1XXXXXXXXX1XXXXX1XXXXXX1XXXXX1XXXXXXXXXXXXXXX0XXXXXXX1XXXXXXXXXXXXXXX1XXXXXXXXXXXXXX0XX0XXXXXXX1XXXXXX
XXXXXXXXXXXXXXXXXXXXXX1XXXXX1XXXXXXXX1XXXXXXXXX1XXX0XXXXXXXX


Generation 21/75  F=U(0.5, 1.0)  N_hist=3780
------------------------------------------------------------------------------------------------------------------------
01XXXXX1XXXXXXXXXXXXXXXXXXXXXXXXXXXXXXXX1XXXXXXXXXXXXX1XXXXXXXX11XXXXXXXXXXXXXXXXXXXXX11XXXXX1XXXXXXXXXXXXX11XXXXXXXXXXX
XXXXXXXXXXXXXXXXXXXXXXXXXXXXXXXXX1111XXXXXXXXXXXXXXXXXXXXXXX


Generation 22/75  F=U(0.5, 1.0)  N_hist=3960
------------------------------------------------------------------------------------------------------------------------
X01X0XXXXXXXXXXXXXXXXXXXX1XXXXXXXXXXXXXXXXXXXXXXXXXXXXXXXXXXXXXXXXXXX11XXXXXX0XXXXXXXXXX0XXXX1XXXXXX1XX1XXXXXXX1XXXXXXXX
XXXXXXXXXXXX0XX1XXXXXXXXXXXXXXXXX1XXXXXXXXXXXXXXXXXXXXXXXXXX


Generation 23/75  F=U(0.5, 1.0)  N_hist=4140
------------------------------------------------------------------------------------------------------------------------
XXXXXXXXXXXXXXXXXXXXXXXXXXXXXXXXXXXXXXXXXXXX1XXXXXXXXXXXXX1XXXXX01XXXXXXXXXX1XXXXXXX01XXXXXX1XXXX1XXXXXXXXXXXXXXXXXXXXXX
XXXXXXXXXXXXXXXX1XXX0XXXXXXXXXXXXXXXXXXXX111XXXXXXXXXXXXXXXX


Generation 24/75  F=U(0.5, 1.0)  N_hist=4320
------------------------------------------------------------------------------------------------------------------------
010XXXXXXXXXXXXXXXXXXXXXXXXXXXXXXXXXXXX0XXXXXXXXXXXX1XXXXXXXXXXXXXXXXXXXXX1XXXXX1XXXXXXXXXXX11XXXXXXXXXXXXXXXXXXXXXX1XXX
XX1XXXXXXXX1XXX1XXXXXXXXXXXXXX1XXXXXXXXXXXX1XXXXX1XXXXXXXXXX


Generation 25/75  F=U(0.5, 1.0)  N_hist=4500
------------------------------------------------------------------------------------------------------------------------
0XX1XXXXXXXXXXXXXX1XXXXXXXXXXXXXXXXXXX0XXXXX0XX1XXXXX0XXXXXXXXXXXX0XX0XXXXXXXXXXXXXXXXXXXXXXXXXXXXXXXXXXX1X1XX1XXXXXXXXX
XXXXXXXXXXXX0XXXXXXXXXXXX1XXXXXXXXXXXXXXXX0XXXXXXXXXXXXXXXXX


Generation 26/75  F=U(0.5, 1.0)  N_hist=4680
------------------------------------------------------------------------------------------------------------------------
11XXX1XXXXXXXXXXXX111XXXXXXXX1XXXXXX11X1XXXXXXXXXXXXXX10XXXXXXXXXXXXX1XXXXXXXXXXXXXXXXXXXXX1XXX1XXXXXXXXXXXXXXXXXXXXXX0X
XX1XXXXXXXXXXXXXXXXXXXXXXX1XXXXXXXXXX11XXXXXXXXXXXXXXXXXXXXX


Generation 27/75  F=U(0.5, 1.0)  N_hist=4860
------------------------------------------------------------------------------------------------------------------------
10XXXXXXXXXXX1XXX0XXXXXXXX1XX0XXXX1XXXXXXXXXXXXXXXXX1XXXXXXXXXXXXX0XXXXX0XXXXXXXXXXXXXX1XX1X1XXXXXXX1XXXXXXXXXXXXXXXXXXX
XXXXXXXXXXXXXXXXXX1XXX01XXXXXXXX1XXXXXXXXXXX0XXXXXX1XXXXXXXX


Generation 28/75  F=U(0.5, 1.0)  N_hist=5039
------------------------------------------------------------------------------------------------------------------------
11XXXXXXXXXXXXXXXXXXXXXXXX0XXXXXXXXXXX11XXXXXXXXXX0XXXXXXXXXXXXXXXXXXXXXXXXXXXX11XXXXXXXX11X11XXXXXXXX1XXXXXXXXXXX1XXXX1
+1XXXXXXXXXXXXXXXXXXXXXXXXXXX1XXXXXXXXXXXXXXX00XXXXXXXXXXXXXX


Generation 29/75  F=U(0.5, 1.0)  N_hist=5220
------------------------------------------------------------------------------------------------------------------------
0XX1XXXXXX1XXXXXXXXXXXXXXXXXXXXXXXXXXXXXXXXXXXXXXXXXXXXX0XXXXXXXXX1XXX10XX1XXXXXXXXX0XXXXXXXXXXXXXXXXXXXXXXXXXXXXXX1XXXX
XXXXXXXXXXXXXX1XXXXXXXX1XXXXXXXXXXXXXXXX0XXXXXXXXXXX1XXXXXXX


Generation 30/75  F=U(0.5, 1.0)  N_hist=5400
------------------------------------------------------------------------------------------------------------------------
1XXXXX0XX0XXX1XX11XXXXX1XXXXXXXXXXXXXXXXXXXXXXXXXXXXXXXXXXXXXXXXXXXXXXXXXX0X1XXXXXXXXXXXXXXXXXXXXXXXXXXXX01XXXX11XXXXXXX
XXXXXXXXXXXXXXXXXXXXXXXXXXXXXXXXXXXXXXXXXXXXXXXXXXXXXXXXXXXX


Generation 31/75  F=U(0.5, 1.0)  N_hist=5580
------------------------------------------------------------------------------------------------------------------------
X111XXXXXXXXX1XXX1X1XXXXXXXXXXXXXX1XXXXXXXXX1X1XX0XXXXXXXXXXXXXXX1X1XXXXXXX1XXXXXXXXXXXXXXXXX10XXXXXXXXXXXXXXXXXXXXX0XXX
XXXXXXXXXXXXXXXXXXXXXX1XXXX01XXX1XXXX0XXXXXXXXXXXXXXXXXXXXXX


Generation 32/75  F=U(0.5, 1.0)  N_hist=5760
------------------------------------------------------------------------------------------------------------------------
111X011XXXXXXXXXXXXXXXXXXXXXXXXXX11XXXXXXXXXXXXXXXXXXXXXXXX0XXXXXX01XXXX1XXXXXXXXXX00XXXXXX11XXXXXXXXXXXXXXXXXXX1XXXXXXX
01XXXX0XXXXXXXX0XXX1XXXXXXXXXXXXXX0XXXXXXXXXXXXXXXXXXXXXXXXX


Generation 33/75  F=U(0.5, 1.0)  N_hist=5940
------------------------------------------------------------------------------------------------------------------------
0XXXXX10XXXXXXXXXXXXXXXXXXXXXX1XX00XXXXXXXXXXXXXXXX0XXXXXXXXX1XXXXXXXXXXXX1XXX11XXXXX0XXXXXXXX0XXXXXXXXXXXXXXXXXXXXXXXXX
XXXXXXXXX1XXXXXXXXXXXXXXXXXX0XXXXXXXXXXXXXXXXXXXXXXX11XXXXXX


Generation 34/75  F=U(0.5, 1.0)  N_hist=6120
------------------------------------------------------------------------------------------------------------------------
0XXXXXXXXXXXX1XXXXXXXXXXXXXXXXXX11XXXXXXXXXXXXXXXXXXXXXX1XXXX0XXXXXXXXX0XXXXXX1XXXXXXXXXXXXXXXX10XXXXXXXXX1XXXXXXX1XXXXX
XXXXXXXXXXXXXXX1XXXXXXXXXXXXXXXXXXXXXXXXXXXXXXXXX1XXXXXXXXXX


Generation 35/75  F=U(0.5, 1.0)  N_hist=6300
------------------------------------------------------------------------------------------------------------------------
101X1XXX1XXXXXXXXXXXXXXXX1XXXXXXXXXXXXXXX110XXXXXXXXXXX0XXXXXXXXXX1XXXXXXXXXXXXXXXXXXXXXXXXXXXXXXXXX1XXXXXXXXXXXXXXXX1XX
XXXXXXX1XXXXXXXXXXXXXX11X0XXXXXXXXXXXXXXXX1XXXXXXXXX1XXXXXXX


Generation 36/75  F=U(0.5, 1.0)  N_hist=6479
------------------------------------------------------------------------------------------------------------------------
0XXXXXXXX0X1XXXX1XXXXXXXXXXXX1XXX1X0XXXXXXXXXXXXXXXXXXXXXXXXXXXXXXXXXXXXXXXXXXXXXXXXXXXXXXXXXXXXXXXXXXXXXXXXXX1XXXXXXXX0
XXXXXXXXXX1XXXXXXXXXXXXXXXXXXXXXXXXX1XXXXXXXXXXXXXXX1XXXXXXX


Generation 37/75  F=U(0.5, 1.0)  N_hist=6660
------------------------------------------------------------------------------------------------------------------------
10XXXXXXXXXXXXXXXXXXXXXXXXXXXX10XXXXXXX0XXXXXXXXXX1001XXXX1XXXXXXXXXXXXXXXXXXXXXXX0XX0XXXXXXXXXXXXXXXXXXXXXXXXXXXXXXXXXX
XXXXXX1X1XXXXXX1XXXXXXXX100XXXXXXXXXXX01XXXXXXXXXXXXXXXXXXXX


Generation 38/75  F=U(0.5, 1.0)  N_hist=6840
------------------------------------------------------------------------------------------------------------------------
11XXXX0XXXXXXXXXXXXXXXXXXXXXXXX1XX1XXXXXXXXXXXXXXXXXXXXX0X01XXXXX1XXXXXXXXXXXXXXXXXXXXXXXXXXXXXXXXX0XXXXXXXXXXXXXXXXXXXX
X11X11XXXXXXXXXXXXXXXXXXXXXXXXXXXXX11XXXXXXXXXXXXXXXXXXXXXXX


Generation 39/75  F=U(0.5, 1.0)  N_hist=7020
------------------------------------------------------------------------------------------------------------------------
01X1XXXXXXXXXXXX0XXXXXX1XXXXXXXXXXXXXXXXXXX0XXXXXXXXXXXXXXXXXXXXXXXXXXXXXXXXXXXXXXXXXXXXXXXXXXXXX1XXX1XXXXXXX0X0XXX0XXXX
XXXXXXXXXXXXXXX0XXXXXXXXXXXXXXXXXXXXXXXXXXXXXXXXXXXXXXXXXXXX


Generation 40/75  F=U(0.5, 1.0)  N_hist=7200
------------------------------------------------------------------------------------------------------------------------
001X1XXXXXXXXXXXXX0XXXXXXXXXXXXXXXXXXXXXXXXXXXXXXXXXXXXXXXXXXXX11XX1+XXXXXXXXXXXXXXXX00XXXXXXXXX1XXXXXX01X1XX0XXXXXXXXXX
XXXXXXX0XXXXXXXXXXXXXXXXXXXXXXXXXXXXXX1X0XXXX00XXXXXXXXXXXXXX


Generation 41/75  F=U(0.5, 1.0)  N_hist=7380
------------------------------------------------------------------------------------------------------------------------
XXX1XXXXXXX1XXXXXXXXXXXXXXXXXXXXXXXXXXX0X1XX10X0XXX0X0XXXXXXXXXXXX1XXX01XXX1XXXXXXXXXXXXXXXXXXXXXXXXXXXXXXX0XXX1XXXXXXXX
XXXXXXXXXXXXXXXX1XXXXXXXXXXXXXXXXXXXXXXXXXXXXXXXXXXXXXXXXXXX


Generation 42/75  F=U(0.5, 1.0)  N_hist=7560
------------------------------------------------------------------------------------------------------------------------
1101XXXXXXXXXXXXXX11X0XXXXXXXXX1X1XXXXXX1XXXXX1XXXXXXXXXXXX0XXXXXXXXXXXXXXXXXXXXXXXXXXXXX0XXXXXXXXXXX1XXXXXXXXXXXXXXXXXX
XXXXX0XXXXX0XXXXXXXXXXXXXXXXXXXXXXXXXXXXXXXXXXXXXXXXXXXXXX1X


Generation 43/75  F=U(0.5, 1.0)  N_hist=7739
------------------------------------------------------------------------------------------------------------------------
0XXXXXXXXXXXXXXXXXXXXXXXXXXX000XXXXXXXXXXXX0XXXXXX1XXXX0XXXXXXXXXXXXXXX0XXXXX1XXXX0XXXXXXXXXXXXXXX0XXXXXXXXXXXXXXXXXXXXX
XXXXXXXXXXXXXXXXXXXXXXX0XXXXXXXXXXXXXXXXXXXXXXXXXXXXXXXXXXXX


Generation 44/75  F=U(0.445, 1.0)  N_hist=7920
------------------------------------------------------------------------------------------------------------------------
01011110XXXXXXXXX0XXXXXXXXXXXXXXXXXXXXXX1XXXXX0XXXXXXXXXXXXXXX0XXXXXXXXXXX0XXXXXXXXXXXXXXXXX1XXXXXXXXXX0XXXXXXXXXXXXXXX1
+XXXXXXXXXXXXXXXXX1XXXXXXXXXXXXXXXXXXXXXXXXXXXXXXXXXX0XXXXXXX


Generation 45/75  F=U(0.493056632402, 1.0)  N_hist=8100
------------------------------------------------------------------------------------------------------------------------
10XXXXXX0X1XXX10X1XXXXX0XXXXXXXXXX00XXXXXXXXX1XXXXXXXXXXX11XXXXXXXXXXXXXXX0XXXXXXXXXXXXXXXXX100XXXXXXXXXXXXXXXXXXX1XXXXX
XXXXXXXXXXXXX1XXXXXXXXXXXXXXXXXXXXXXXXXXXXX0XXXXXXXXXXXXXXXX


Generation 46/75  F=U(0.5, 1.0)  N_hist=8280
------------------------------------------------------------------------------------------------------------------------
111XX0XXX1XXXXXXXXXXXXXXX0XXXXXXXXXXXXXXXXXXXX0XXXXXX10XXXXXXXXXXXXXXXXXXXXXXXXXXXXXXXXXXXXXX0XX11X0XXXXXX0XXXXXXXX1XXXX
XXXXXXXXXXXXXX11X1XXXXXXXXXXXX11XXXXXX0XXXXXX0XXXXXXXXXXXXXX


Generation 47/75  F=U(0.5, 1.0)  N_hist=8460
------------------------------------------------------------------------------------------------------------------------
00X1XXXXXX0XXXXX00XXXXXXXXXXXXX0XXXXXXXXXXXXXXXXXXXXXXXXXXXXXXXXXXXXX00XXXX1XXXXXXXXXXXXX1XX0XXXXXXXXX0XXXXXXXXXXXXXXXXX
X0XXXXXXXXXXXXX0XX0XXX0XXXXXXXXXXX0XXX0XXXXXXXXXXXXXXXXX0XXX


Generation 48/75  F=U(0.5, 1.0)  N_hist=8639
------------------------------------------------------------------------------------------------------------------------
00XX00XXXXX1XX0XXXXXXXXXXXXXXXXX1XXXXXXXXXXX1XX00XXXXXXXXXXXXXXXXXXXXXXXXXXXXX0XXXXXX1XXXXXXXXXXXXXXXXXXXXXXXXXXXXXXXXXX
XX0XXXXXXXXX10XXXXXXXXXXXXXXXXXXXXXXXXXXXXXXXXXXXXXXXXXXXXXX


Generation 49/75  F=U(0.5, 1.0)  N_hist=8820
------------------------------------------------------------------------------------------------------------------------
01X0XXXXXXXXXXXXXXX0XXXXXXXXXXXXXXXXXXXXX1XX11XXXXXXXXXXXXXXXXXXX0XXXXXXXXXXXXXXXXXXXX0XXXXXXXXXXXX0XXXX0XX1XXX1XXXXXXXX
XXXXXXXXXXXXXXXXXXXXXXXXXXXXXXXXXXXXXXXX0XXXXXXXXXXXXXXXXXXX


Generation 50/75  F=U(0.5, 1.0)  N_hist=9000
------------------------------------------------------------------------------------------------------------------------
X0XXX0XXXXXXXXXXXXXXXXX010XXXXXXXXXXXXXXXXXXXXXXXX10X0XXXXXX0XXXXXXXXXXXXXXXXXXXXXXXXXXXXXXXX1XXX00XXXXXXXXXXXXXXXXXXXXX
XXXXXXXXXXX1XXXXX0XXXX01XXXXXXXXXXXXX0XXXXXXXXXXXXXXXXXXXXXX


Generation 51/75  F=U(0.5, 1.0)  N_hist=9180
------------------------------------------------------------------------------------------------------------------------
100XXXXXXXXXX0XXXXXXXXXXXXXXXXXXXXXXXXXXXX0XX1XXXXX1XXXX11XXXXXXXXXXXX00XXXXXXXX1XXXXXXXXXXXXXXXXXXXXXXXXXXXXXXXXXXXXXXX
0XXX00XX0XXXX0XX10XXXX0XXX0X1XXXXXXXXXXXXXXXXXXXXXXXXXXXXXXX


Generation 52/75  F=U(0.5, 1.0)  N_hist=9360
------------------------------------------------------------------------------------------------------------------------
0X000X0XXXXXXXXXXXXXXXXXXXXXXXXXXXXXXXXXXXXX0XXXXXXXXXXXX1XXXXXX0XXXXXXXX0XXXXXXX10XXX0XXXXXXXXXXXXXXXXXXXXXXXXXXXXXXXXX
XXXXXXXXX1XXXXXXXXXXXXX1XXXXXXXXXXXXXXXXXXXXXX00XXXXXXXXXXX1


Generation 53/75  F=U(0.5, 1.0)  N_hist=9539
------------------------------------------------------------------------------------------------------------------------
010X0XX0XXXXXXXXX10XXXXXXXXXXXXXXXXXXXX10XX00XXXXX1XXXXXXX0XXXXXX0XXXXXXXXXXXXXX1000XXXXXX00XXXXXXXXXXX00XXXXXXXXXXXXXXX
0+0X10XXXXXXXXXXXXX0XXXXXXXXX0XXXXXXXXXXXXXXXXXXXXXX01XXXXXXX


Generation 54/75  F=U(0.5, 1.0)  N_hist=9720
------------------------------------------------------------------------------------------------------------------------
01X0XXXXXXXXXXXXXXXXXX1XXXXXXXXXXXXXXX0XXXXXXXXXXXXXXXXXXXXXX00XXXXXXXXX1XXXXXXXXXXXXXXXXXXXXXXXXXXXXXXXXX00X011XXXX0XXX
XXXXXXXXXXXXXXXXXXXXXXXXXXXXXXXXXXXXXXX0XXXXXXXXXX1XXXXXXXXX


Generation 55/75  F=U(0.5, 1.0)  N_hist=9900
------------------------------------------------------------------------------------------------------------------------
1XX0XXXXXXXXX0X00X10X00XXXXXXXXXXXXXXXX00X0X0XXXXX0XXXXXXX0XXXXXXXXXXXXXXXXXXXXXXXXXXXXXXXXXXXXXXXXXXX00XXXXXXXXXXXXXXXX
XXXXXXXXXXX0XXX00X0XXXXXXXXXXXX0XXXXXXXXXX1XXXXXXXXXXXXXXXXX


Generation 56/75  F=U(0.5, 1.0)  N_hist=10080
------------------------------------------------------------------------------------------------------------------------
0XXXXXXXXXXXXXXXXXXXXXX0XXXXXXXXXXXXXXXXXXXXXXXXX0

SSE=2.6083 on eval 10138: L=3.69413e+07 b=1.57072* r=0.278986 rf=0.964512 t0=40.5073 th=5.14171

+XXXXXXXXXXXX0XXXXXXXX0XXXXXXXXXXXXXXXXXXXXXXXXXXXXXXXX0XXXXXX0XXXXXXX
XXXX0000XX00XXXXXXXXXXXX0XXXXXXXXXXXXXXXXXXXXXXXXXXX0XXXXXXXX


Generation 57/75  F=U(0.445, 1.0)  N_hist=10260
------------------------------------------------------------------------------------------------------------------------
1000XXX100XXX0XXXXXXXX0XXXXXXXXXX0XXXXX0X0XXXXX0XXXXXXXXXXXX1XXXXXXXXXXXXXXXXXXXXXXXXXXX1XXXXXXXXXXX0XXXXX0XXX0XXXXXXXXX
XXXXXXXX00XXXXXXXX0XXXXXXXXXX0XX00XXXXXXXXXXXX1XXXXXXXX0XXXX


Generation 58/75  F=U(0.493056632402, 1.0)  N_hist=10439
------------------------------------------------------------------------------------------------------------------------
10000XXXXX0XXX0XXXXXXXXXXXXXXXXXXXXXXXXXX0XXXXXXXXXXXXXXXXXXX0XXXXXXXXXXXXXXXX0XX1XXX0XX0+X0XXXXXX00X0XXXXXXXXXXXXXXXXXX
X0XXXXXXXXXXXXXXX0XXXXXXXXXXXXXXXXXXX0XXXXXXXXXXXX0XXXXXXXXXX


Generation 59/75  F=U(0.5, 1.0)  N_hist=10619
------------------------------------------------------------------------------------------------------------------------
00XXXXX0XXXXXXXXXXXXXXXXXXXXXXXXXXXXXXXXXXXXXXXXXXXXXXXX0XXXXXXXXXXXXXXXXXXXXX0XXXXXXX0X0XXXXXXXXXXXXXXXXXXXXXX10XXXXX0X
XXXXXXXXXXXXXXXXXXXXXXXXXXXXXXXXXXXX0XX1X0XXXXXXXXXXXXXXXXXX


Generation 60/75  F=U(0.445, 1.0)  N_hist=10800
------------------------------------------------------------------------------------------------------------------------
00001XXXXXXXXXXXXXXXXXXXXXXXXXXXXXXXX0XXXX0XXXXXX0X0XXXXXXXXXX0XXXXXXXXXXXXXXXXXXX0XXXXXXXXX0+XXXXXXXXXXXXX1XXXXXX0X0XXX
XXX0XXXXXXXXXXXXX0XXXXXXXX0XXXX00XXXX0XXXXXXXXXXXXXXXXXXXXXXX


Generation 61/75  F=U(0.493056632402, 1.0)  N_hist=10980
------------------------------------------------------------------------------------------------------------------------
XXXXX0XXX00XXX0XXXXXXXXXXXXXXXXXX0X0XXX0X0XXXXXXXXXXXXXXXXXXX00XXXXXX0XXXXXXXXXXXX0XXXXXX0XXXXXXX0XXXXXXXXXXXXXXXXXXXXXX
XXXXXXXX0XXXXXXX0XXXXX00XX0XXXXXX000X0XXXXXXXXX0XXXX0XXXXXXX


Generation 62/75  F=U(0.5, 1.0)  N_hist=11160
------------------------------------------------------------------------------------------------------------------------
100X0XXXXXXXXX00XXXXXXXXXXXXXXXXXXXXXXXXX1XXXXXXXXXXXX0XXXXXXX0XX0X0XXXXXXXXXXXXXXXXXXXXXXXXXXXXXX0X0XXXXXXXXXXXXX0XXXXX
XXXXXX0XXXXXXXXXXXXXXXXXXXXXXXXXXXXXXXXXXXXXX0XXXXXXXXXXXXXX


Generation 63/75  F=U(0.5, 1.0)  N_hist=11340
------------------------------------------------------------------------------------------------------------------------
00X0XXXXXXXXXX0XXXXXXXXXXXXXXXXXXXXXXXXXXXXXXX0XXXXXXXXXXXXXXXXX0XXXXXXXXXX0XXXXXXXXXXXXXXXXXXXXXXXXX0X0XXXX0XXXX0X0XXXX
XXXX0XXXXXXXXXXXXXXXXXXXXXXXXXXXX0XXXX0XXXXXXXXXXXXXXXXXXXXX


Generation 64/75  F=U(0.5, 1.0)  N_hist=11520
------------------------------------------------------------------------------------------------------------------------
000XXXXXXXXXXXXXXXXXXXXXX0000XXXXXXXX0XXXXXXXX0XXXXXXXXXXXXXXXXXXXXXX0XXXXXXXXXXXXXXXX0XXXXXXXXXXXXX00XXXXXXXXXXXXXX00XX
X0XXXXXXXXXXXXXXXXXXXXXXXXXXXXXXXXX00XXXXXXXXXXXXXXXXXXXXXXX


Generation 65/75  F=U(0.445, 1.0)  N_hist=11700
------------------------------------------------------------------------------------------------------------------------
0XXXXXXXXXXXXXXXXXXXXXX0XXXXXXX0XXXXX0XX0XXXXXXXXXXXXXXXXXXXXXXXX00X0XXXXXXXXXXXXXXXXXXXX0XXXXXXXXXXXXXX0XXXXX000XXXXXXX
XXXXXXXXXXX0XXXXXXXXXXX0XXXXXXXXXXXXX00XXXXXXXXXXXXXXXXXXXXX


Generation 66/75  F=U(0.493056632402, 1.0)  N_hist=11880
------------------------------------------------------------------------------------------------------------------------
00X1XX0XXX0XXXX0XXXXXXXXXXXXXXXXXXXXXX0XXXXXXXXXXXXXXXXXXXXXXXX00XXXXXXXX0XXX0XXXXXXXX0XXXXXXXXXXXXXXXXXXXXXXXXXXXX0X0XX
XXXXXXXXXX0XXXXXXX0XXXXXXXXX0XXXXXXXXXXXXXXX0XXXXXXXXXXXXXXX


Generation 67/75  F=U(0.5, 1.0)  N_hist=12060
------------------------------------------------------------------------------------------------------------------------
0XXXXXXXXXXXXXXXXXXXXXXXXXXXX0XXXX0XXXXXXXXXXXXXX0XXXXXXXXXXXXXX0XXXXXXXXX0XXXXXXXXXXXXXXXXX0XXXXXX0XXXXXXXXXXXXXXXXXXXX
XX0XXXXX0XXXXXXXXXXXXXXXXXXXXXXX000XX0XXXXXXXXXXXXXXXXXXXXXX


Generation 68/75  F=U(0.445, 1.0)  N_hist=12240
------------------------------------------------------------------------------------------------------------------------
X0XXXXXXXX00XX0XXX0X0XXXXXXX0XXXXXXXXXXX0X0XX0XXXX0XXXXXXXXXXXXXXXXXXXXXXXXX0XXXXXXXXXX0XXXXXXXXXXXXXX000XXXXXXXXXXXX0XX
0XXXXXXXXXX0XXXXXXXXXXXXXXXXXX0XXXXXXXXXXXXX0XXXXX0XXXXXXXXX


Generation 69/75  F=U(0.39605, 1.0)  N_hist=12420
------------------------------------------------------------------------------------------------------------------------
00X00X0XXXXXXXXXXXXX0XXXXXXXXXXXXXXXXXXXXXX0XXXX0XXXXXXXXXXXXXXX0XXXXXXXXXXX0XXX0XX0XX0XXXXXXXXXXXX0X00XXXXXXXXXXXXXXXXX
XXXXXXXXX00XXX0XXXXXXXXXXXXXXXXXXXXXXXXXXXXXXXXXXXXXXX0XXXXX


Generation 70/75  F=U(0.3524845, 1.0)  N_hist=12600
------------------------------------------------------------------------------------------------------------------------
00XXXXXXXXXX0XXXXXXX00XXXXXXXXXXXXXXXXXXXX0XXXXXXXXXXXXXXXXXXX0XXXXXX0XXXXXXXXXX0XXXXXXXXXXXXXXXXXXXXXXX00XXXXXXXXXX0XXX
XXXXXXXXXXXXXXXXXXXXXXXXXXXXXXXX0XXX0XXXXXXX0XXXXXXXXXXXXX0X


Generation 71/75  F=U(0.390550158526, 1.0)  N_hist=12779
------------------------------------------------------------------------------------------------------------------------
0000X00XXXXXXXXXXXXXXXXX0XXXXX0XXXXXXXXXXXXXXXXXXXXXXXXXXX00+0XXXXXXXXXXXXXXXX0X0XXXXXXXXXXXXX0X00X0XXXXXXXX0XXXXXX0XXX0
XXXXXXXX00XXXXXXXXXXXXXXX0XXXXXXXXXX00XX0XXXXXXXXXXX0XXXXXXXX


Generation 72/75  F=U(0.432726620105, 1.0)  N_hist=12960
------------------------------------------------------------------------------------------------------------------------
000XXXXX0XXXXXXXX0XXXXXXX0XXXXXXXXX0XX0XXXXXX0XXX0X0XXXXXXXX00X000XXXXXXXXXXXXXXXXXXXXXXXXXX0XXXXXXXX0X0+XX0XXXXXXXXXXX0
00XXXXXXXXXXXXXXXXXXXX00XXXXXXXXXXXXXXXXXXXXXXXXXXXXXXXXXXXXX


Generation 73/75  F=U(0.479457820359, 1.0)  N_hist=13140
------------------------------------------------------------------------------------------------------------------------
00XXXXXXX0XXXXX00XXXXXXXXXX0XXXXXX0XXX00XXXXXXXXX0XXXXXXX0XXXXXXXXXXXXXXXXXXXXXXXXXXXXXXXXXXXXXXXXXXXXXXXXXXXXXXXXXXXXXX
XXX00XXXXXXXXXXXXXXXXX0XX0XXXXXXXXX0XXXXXXXXXXXXXXXX0XXXXXXX


Generation 74/75  F=U(0.426717460119, 1.0)  N_hist=13320
------------------------------------------------------------------------------------------------------------------------
000XXXXX0XX00XXXXXX0XXXXXXXXXXXXXXXXXXXXXXXXX0XXXX00XXX0XXXXXXXXXXXXXXXXXXXXXXXXX0XXXXXXXXXXXXXXXXXXX0XXXXXXXXX00000XXXX
XXXXXXXXXXXXXXXXXXXXXXXXXXXXXX00XXXXXXXXXXXXXXXXXXXXXXXXXXXX


Generation 75/75  F=U(0.379778539506, 1.0)  N_hist=13500
------------------------------------------------------------------------------------------------------------------------
0XX00XXXXXXX0XXXXXXXXXXXX0XXXXXXXXXXXXXXXXXXXXXXXXXXXXXX00XXXX00XXXXXX00XXXXXXXXXXXXXXXXXXXXXXXXXX0XXXXXXXXXXX00XXXXXXXX
0XXXXXXXXXXXXXXXXX0XXXXX0XXXXXXXXXXX0XXXXX0XXXXXXXXXXXXXXXXX

Maximum number of iterations reached.

SSE=2.6019 on eval 13680: L=532282* b=0.340467* r=0.308713 rf=0.967037 t0=40.3688 th=5.23015


Shutting down DE...
DE shutdown complete.

Final population:
Population: 180 individuals with SSE 2.6019 to 2.6538, avg eval time 0.0206 sec. Top 7:

        SSE |     2.6019       2.6024       2.6029       2.6034       2.6034       2.6039       2.6043  
------------------------------------------------------------------------------------------------------------------------
          L | 5.3228e+05*  2.8872e+07   3.7649e+06   6.7712e+06   1.1572e+07   2.6897e+07   4.7186e+07  
          b |    0.34047*     0.22473*      5.4574*     0.24316*      15.441       10.148       7.2074  
          r |    0.30871      0.29435      0.30235      0.29603      0.27774      0.29746      0.28864  
         rf |    0.96704      0.96643        0.969      0.96601      0.96993      0.97002      0.96744  
         t0 |     40.369       40.453       40.273        40.49       40.666       40.322       40.514  
         th |     5.2302       5.2696       5.2988       5.0416       5.0073       5.2088       5.0533  
------------------------------------------------------------------------------------------------------------------------
Best individual:
<SSE=2.6019 L=532282* b=0.340467* r=0.308713 rf=0.967037 t0=40.3688 th=5.23015>


Elapsed time: 154.00 seconds

Saved final population of best parameter combinations to covid19.dat
Shutting down...
Task Queue is shut down
Goodbye
