Decompressing and parsing covid19.csv.bz2...
Cumulative and new cases reported thus far for France
------------------------------------------------------------------------------------------------------------------------
000	01/22	0	0
001	01/23	0	0
002	01/24	2	2
003	01/25	3	1
004	01/26	3	0
005	01/27	3	0
006	01/28	4	1
007	01/29	5	1
008	01/30	5	0
009	01/31	5	0
010	02/01	6	1
011	02/02	6	0
012	02/03	6	0
013	02/04	6	0
014	02/05	6	0
015	02/06	6	0
016	02/07	6	0
017	02/08	11	5
018	02/09	11	0
019	02/10	11	0
020	02/11	11	0
021	02/12	11	0
022	02/13	11	0
023	02/14	11	0
024	02/15	12	1
025	02/16	12	0
026	02/17	12	0
027	02/18	12	0
028	02/19	12	0
029	02/20	12	0
030	02/21	12	0
031	02/22	12	0
032	02/23	12	0
033	02/24	12	0
034	02/25	14	2
035	02/26	18	4
036	02/27	38	20
037	02/28	57	19
038	02/29	100	43
039	03/01	130	30
040	03/02	191	61
041	03/03	204	13
042	03/04	288	84
043	03/05	380	92
044	03/06	656	276
045	03/07	959	303
046	03/08	1136	177
047	03/09	1219	83
048	03/10	1794	575
049	03/11	2293	499
050	03/12	2293	0
051	03/13	3681	1388
052	03/14	4496	815
053	03/15	4532	36
054	03/16	6683	2151
055	03/17	7715	1032
056	03/18	9124	1409
057	03/19	10970	1846
058	03/20	12758	1788
059	03/21	14463	1705
060	03/22	16243	1780
061	03/23	20123	3880
062	03/24	22622	2499
063	03/25	25600	2978
064	03/26	29551	3951
065	03/27	33402	3851
066	03/28	38105	4703
067	03/29	40708	2603
068	03/30	45170	4462
069	03/31	52827	7657
070	04/01	57749	4922
071	04/02	59929	2180
072	04/03	65202	5273
073	04/04	90848	25646
074	04/05	93773	2925

Initializing 240 population members having 6 parameters
------------------------------------------------------------------------------------------------------------------------

SSE=109.36 on eval 1: L=1.30268e+07 b=0.90043 r=0.2185 rf=0.480183 t0=61.1512 th=5.14287

*1113212101111111111311311112221112012211211!111212212321111113122311111122112141121112223210!11221221311111211112211012
133332211112222123121112122121111111221232211111111121211111121221312011222212221112213222231101111222111011111222211203


Population: 240 individuals with SSE 109.27 to 383.09, avg eval time 0.335 sec. Top 7:

        SSE |     109.27       109.28       109.36       110.55       110.95       110.98       110.99  
------------------------------------------------------------------------------------------------------------------------
          L | 1.1997e+07   2.8894e+07   1.3027e+07   5.9372e+07   5.2564e+07   5.8461e+07   1.2693e+07  
          b |    0.43065*      7.5078      0.90043       8.1377      0.55673       6.7116       5.0409  
          r |    0.19662      0.16194       0.2185       0.1344      0.20628      0.16974       0.1289* 
         rf |    0.54526      0.45972      0.48018      0.48443      0.46321      0.32585       0.7372  
         t0 |     64.686       65.615       61.151       72.802       56.821       57.939       74.854**
         th |     8.4297       7.0364       5.1429       7.8589       4.6951       5.5826       6.3662  
------------------------------------------------------------------------------------------------------------------------
Best individual:
<SSE=109.2725 L=1.19968e+07 b=0.430646* r=0.196619 rf=0.545263 t0=64.6862 th=8.42969>


Population: 240 individuals with SSE 109.27 to 383.09, avg eval time 0.335 sec. Top 7:

        SSE |     109.27       109.28       109.36       110.55       110.95       110.98       110.99  
------------------------------------------------------------------------------------------------------------------------
          L | 1.1997e+07   2.8894e+07   1.3027e+07   5.9372e+07   5.2564e+07   5.8461e+07   1.2693e+07  
          b |    0.43065*      7.5078      0.90043       8.1377      0.55673       6.7116       5.0409  
          r |    0.19662      0.16194       0.2185       0.1344      0.20628      0.16974       0.1289* 
         rf |    0.54526      0.45972      0.48018      0.48443      0.46321      0.32585       0.7372  
         t0 |     64.686       65.615       61.151       72.802       56.821       57.939       74.854**
         th |     8.4297       7.0364       5.1429       7.8589       4.6951       5.5826       6.3662  
------------------------------------------------------------------------------------------------------------------------
Best individual:
<SSE=109.2725 L=1.19968e+07 b=0.430646* r=0.196619 rf=0.545263 t0=64.6862 th=8.42969>

Performing DE with CR=0.7, F=U(0.5, 1.0), DE/rand-1.00/1/bin
------------------------------------------------------------------------------------------------------------------------

SSE=109.27 on eval 240: L=1.19968e+07 b=0.430646* r=0.196619 rf=0.545263 t0=64.6862 th=8.42969

Press the 'Enter' key to abort.

Generation 1/75  F=U(0.5, 1.0)  N_hist=240
------------------------------------------------------------------------------------------------------------------------
XXX13112XX1XX1+1XXXX112X30X1XXXXXX1X123XX11X0XX2X1XXXXX2X2XXXX02XXXX111X2X1XXXX31X20X0211X3X20XX1XXX111X111X12+2XX2XX211
21X1X21X1X11X1X121X122201XXXXXXXXX1XX222X131XX1X22X111XX01XXXXX1X123112111101X1X2XXX22X2221111111X212X0X2XX2011XXXX2111X
X1


Generation 2/75  F=U(0.5, 1.0)  N_hist=480
------------------------------------------------------------------------------------------------------------------------
X1X0X2X11XXX1XX1XXXXXXXXX2XXXXXXX212X1XXXXX1X0X13201XXX1X1XX1XXX011111X1XX1XXX11XXX1XX1XX21X1X01XXXXXXX01XX10XX1X1X2XXX0
X2X22XXX01X2XXX1XXX1111X2XXXX0XXXX1X1XX1XXX111XX2XX12XX0XXXXX11XXXXX101XXXXX12XX11XXX0XXX21XXXXX11XXXX111XXX12X1X1X1XXXX


Generation 3/75  F=U(0.5, 1.0)  N_hist=720
------------------------------------------------------------------------------------------------------------------------
X010X01X1XXXX0XXX1X1XXXXXX1X1XXXX1XXX1XXXXXX02XXX11XXX1+XX11XX11XXXX01XXXXXXXX11XX1X1XXXX11X1XX1XX1X1X1XX1XXX1X1XX11XXXX
XXX2XX111XXXXX1X0X111X10X11X1XXXXXX1XX11X0X1X20X1XX1X1XXXX0XXX1XX1XXX10XXX0XXX2X1XX11X01X0X11XXXXXXX1X0XXXX1XXXXX111XXXX
1


Generation 4/75  F=U(0.5, 1.0)  N_hist=960
------------------------------------------------------------------------------------------------------------------------
XX1XXXXXXX01X1X11XXX111XXXXX1XX1XXXXX1XXX010XXXXXXXXX10X0XXXXX101X1XXXXXXXXXXX1XXXX1XXXXX100X10XXXX1XXXXXXXX1XX01X1XXX1X
0X1XXXXXX1XXXXXXX0XXXXX1X1X00XX0XXXXX011XX0XXX1XXXXXX111XXXXX1X010XX1XXXXXX1XX1XXXXX01XXXX0011XXXXXXXXX1XX000X1XXXXXXXX0


Generation 5/75  F=U(0.5, 1.0)  N_hist=1200
------------------------------------------------------------------------------------------------------------------------
XXXX1XX1X1XXXXXX1XXXXXXXXXX0XXX0X1XXXX0+XX0X1X1XX1XX1X1X1XXXXXXXXX1XXX1XXXXX0XX0X0XXXXXXXXXXXXXXX1X0XX0XXXXXXX1XXX010XX1
X1XX1XX1XX0X1XXXXXXX10011X0X1XXXXXXXXXX1XXX0XXXXXXXXXX1X1XXX011XX1XXXXXXXXXXXX1XXX1XXXXXX0XX1XXX1XXXXX1XXX1XXXXXXX1XXXX0
1


Generation 6/75  F=U(0.5, 1.0)  N_hist=1440
------------------------------------------------------------------------------------------------------------------------
X10XXXXXXX11X1XXXXXXXXXXXXX10XXXX1X0XXXXXXXXXXXXXXX11X0XXX1X0011011X101111XXXXX0XX1XXXXX1X0XXXXX1101XXXXXXXXXX0X0XXXXXXX
XXX0XXXXXXXXXXXX110XXXXX1XXX01X0XXXXXXXXXX0XXX1X1XXXX0X01XXXX0XXXXX1XXX01XX0XXXXXXXXXXXXXX0XXX0XXXXXXXXXXXXXXXXXX1XXXXXX


Generation 7/75  F=U(0.5, 1.0)  N_hist=1680
------------------------------------------------------------------------------------------------------------------------
011X0X1100XXXX0XX1XXXX1XX00XXXXX11XXXXXXXXXXXXXXXX0XXXXXXXXXXXXXXXXXXXXXXXXXXX11X0XX1XXXXXXX0XXXXXXXXXX01XXXXXXXXXXXXX1X
XXX0XXX0XXXXXXXXXXXXXXXX0X010011X0XXXX0XXXXXXXXXXXXXXXXXXX0XXXXXX1XXXX0XXXXXXXXX0X1XX00XXXX0XXXXXXXXXXXXXXXXXXXXXXX111XX


Generation 8/75  F=U(0.5, 1.0)  N_hist=1919
------------------------------------------------------------------------------------------------------------------------
0X1000XXXXXXXXX1XX1XXXXXXXXXXXXXXXXXXXXXXXXXXXXXX111010X0X0XXXX0XXXXXXXXXXXXXXXXX0XXXXXXXXXXXX01XX0XXXXXXXXXXXXXXXXXXXX0
0010X01X10X00XXXX1XXX1XXX0XXXXXXX1XXXX10XXXXXXXXXXXX1X0X10XXXXXXXX0XXXXXXXXXXXXXX0XXXXXXXXXXXXXXXXXXXXXXX1XXXXX0XXXXXXXX


Generation 9/75  F=U(0.5, 1.0)  N_hist=2160
------------------------------------------------------------------------------------------------------------------------
000XX01XXXXXXXXXXXXXX0XXXXXXXXX1X0X0XX0XXXXXXXX0XXXX1XXXXXXXXXXXXX0001X0XXX000XX00X0XXXXX1XXX000X0X0XXXX1XXXXXXXXXX0X10X
XXXXXXXXXX1X10XXXXX0X01XXXXX00XXXXX10X10XX00XXXXXXXXXXXXXXXXX00XXXXXXX0X0XXXXXXXXX1XXX10XXXXXXXXXXXXXXXXXXXXXXXXXX0XXXXX


Generation 10/75  F=U(0.5, 1.0)  N_hist=2400
------------------------------------------------------------------------------------------------------------------------
11X001X0XXXXXXXXX00XXXXXXXXXX0XXXXXXXXX0XXXXXXXX1XXXXXXXXXXXX101X1XX1XXXXXXX1X0XXXXXXXXX01XXXXXXXXXX1XXXXXXXX1XX0XXXXX00
X00XXXXX10XXXXXX00XXXXXXXXXXXXXXXXXXX10XX1X0XXXXXXXXXXX1XXXXXXXXX0XXXX0XXXXXX0XXXXXXXXXXXXXX1XXXXXXXXXXXX0X0XXXXXXXXXXXX


Generation 11/75  F=U(0.5, 1.0)  N_hist=2640
------------------------------------------------------------------------------------------------------------------------
0X000XXXX1XXXXX1XXXXXXXXX0X0XXXXXXXXXXXXXXXXXXXXXXXXXXX010XXXXXXXXXXXXXX0XXXXXX0+XXXXXXXXXXXXXXX01X0XXXXX0XXXX0XXXXXXXXX
XXXX100XX1XXXXXXXX00XX1XXXXX0X0XX0XX0X1XXXXX0XX0XX0XXXXXXXXXXXX0XXXXXXXXXXXXXXXXXXXXXX10XXXXXXXXXXXXXXXXXXXXXX0XXXX1XX0X
X


Generation 12/75  F=U(0.5, 1.0)  N_hist=2879
------------------------------------------------------------------------------------------------------------------------
0110100XXXXX0XXXXX10XXXXXXXX0X1XXXXXXXXXXXXXXX01XX0XXXX00XXX0X0XXXXXXX0XXXXXXXX0XXXXXXXXXXX0XXXXXX0XX0XXXXX1XXXXXXXXXX01
XXXXX0X1XXXXXXXXXXX0XXXXXXXXXXXXXXXXXXXXXXXXXXXXXXXXXXXXXXXXX0XXXXXXXXXXXXXXXXX0X0XXXXXXXXXXXXXXXXXX1X0XXXXXXXXXX00XXXXX


Generation 13/75  F=U(0.5, 1.0)  N_hist=3118
------------------------------------------------------------------------------------------------------------------------
001X0100XXXXXXXXXXX0XXXXXX0XXXXXXXXXXXXX0XXXXXXXXXXXXXXXX0XXXXXXXXXXXX0XXXXXXXXXX000X1XX1XXXXXXXXXXX1XXX0XXXXXXXXXX0XXXX
0XX0XXXXXXXXXXXXX00X0XXXXXXXXX00XXXXXXXXXXX1XXXXXXXX0XXXX0XX0XX10X0XXXXXXXXXXXXXXXXX000XXXXXXXXXXXXXXXXXXXXXXXXXXXXXXXXX


Generation 14/75  F=U(0.5, 1.0)  N_hist=3360
------------------------------------------------------------------------------------------------------------------------
00X0XXXXXXXX1X00X0XXXXX0XX0XXXXXXXXXXXXXXXXXXXXXX0XXXXXXXXXXXXXXXXXXXXXXX00XXXX0XXXXXXXXXXXX000XX0XXXX0XXXXX000XXXXXXXXX
XXX0X00XXXX0XXXXXXXXXXXXXXXXXXXXXXXXXXXXXXXXXXX00XXXXXXXXXX0XX0XXXXXXXXXXXXXXXXXXXXXXX000XXXXXXXXXXXXXXXXXX0XXXXX000XXXX


Generation 15/75  F=U(0.5, 1.0)  N_hist=3600
------------------------------------------------------------------------------------------------------------------------
01000X000X00XXX0XXXXXXXXXXXXXXXXXXXXXXXXXXXXXXXXX0XXXXXXXXXXXXXXXXXXXXXXXXXXXXXXX00011XX00X0X0XX0X0XXX1X0XXXXXXXXXXXXXXX
XXXXXXXXXX000XXXXXX0XXXXXXXXXXXXXXXXX00XXXXX0X00XXXXXXXXXXXXXXXX0XXXXXXXXXXXXXXXXXXXXXXX0XXXX0XXXXXXXX0XXXXXXXXXXXXXXXXX


Generation 16/75  F=U(0.5, 1.0)  N_hist=3840
------------------------------------------------------------------------------------------------------------------------
0000X00X0X0XXXXXXXXXXXXXXXXXXXXXXXXXXXXXXXXXXXXX0XXXXXXXXXXXXXXXXXXXXXXXX0XXXXXXXXXXXXXXXXXX010XXXXXX0XXXXXXXXXXXXXXXXXX
XXXX0X00XXXXX0XXXXXXX0XXXXXXXXXXX00XXXXXX001X10XXX0XXXXXXXXXXX0X0XXXXXXXXXXXXXXXXX0XXXXXX0X0XXXXXXXXXXXXXXXXXXXXXXXXXXXX


Generation 17/75  F=U(0.5, 1.0)  N_hist=4080
------------------------------------------------------------------------------------------------------------------------
0X00XX00XXXXXX0XXXXXXXXX0XXXXXXXXXXXXXXXXXXXXXXXXXXXXXXX0XX000XXXXXXXXXXXXXXXXXX00X0X00XXXXXX0XXXXXXXXXXXXXXXXXXXXXXX0X0
XXXX0XXXXXXXXX00X0XXXXXX0XXXX000X000XXXXXXXXXX0XXXXXXXXXXXX0XXXXXXXXXXXXXXXXXXXXXXXXXXXXXXXXXXXXX0XXXXXXXXX0XX0XXXXXXXXX


Generation 18/75  F=U(0.5, 1.0)  N_hist=4320
------------------------------------------------------------------------------------------------------------------------
00XXX000XXXXXXXXXXX0XXX0XXXXXXXXXXXXXXXXXXXX0XX0XX0XXXXXXXXX00XXXXX0XXXXXXXXXXXXXXXXXXXXXXX00X0000XXXXXXXXXXXXX00XXXXXX0
1XXXXXXXXXXXXXX000XXXXXXXXXXXXX0XXXX0XXXXX0X00XXXXX0XXX0XX00X0XXXXXXXX0XXXXXXXXXXXXXXX0XXXXXXXXXXXXXXXXXXXXXXXXXXXXXXXXX


Generation 19/75  F=U(0.5, 1.0)  N_hist=4560
------------------------------------------------------------------------------------------------------------------------
0X10X00X0XXXXXXXXXXXXXXXX0XXXXXXXXXXXXXXXX0XX0XXXXXX0XXXXXXXXXXXXXXXXXXXXXXXXXXXX0XXXXXXXXXXX0XXXXXXXXXXXXXXXXXX0XXXXX0X
X0X00X00X0XXXXXXXXXXXXXXXXXXXXXXXXXXXXXXXXXXXXXX0XXXXXXXX0XXXXXXXXXXXXXXXXXXXXX0XXXX0X0XXXXXXXXXXXXXXXXXXXXXXXX0X0XXXXXX


Generation 20/75  F=U(0.5, 1.0)  N_hist=4800
------------------------------------------------------------------------------------------------------------------------
000X0X000X0XXXXXXXXXXXXXXX0XX0XXXXXXXXXXXXX0XX0XXXXX0X0XXXXXXXXXXXXX0XXXXXXX0000XX0XXXXXXX0XXX00XXXXXXXX0XXXXXXXXXXXXX0X
XXX0XXXXXXXXXXXXXXXX0XX0XXXXXXXXX0X0XXXXXXXXX0XXXXXXX0XXXXXXX0X00XXXX00XXXXXXXXXXXXXXXXXXXXXXXX0XXXXXXXXXXXXXXXXXXXXXXXX


Generation 21/75  F=U(0.5, 1.0)  N_hist=5040
------------------------------------------------------------------------------------------------------------------------
X0X00XX0XXXX0XXXXXXXXXXXXXXX0X0XX0XXXXXXXXX0XXXXXXXX0XX0XX0XXXXXXXXXXXX0XX0XX00XXXXXXXXXXXXXXX0XXXX00XXXX0XXXXXXXXXX0XXX
XXXXXXXXXXXX0XXXXXXXXXXXXXX0XXXXXX0XXXXXX0XXXXXXX0XX0XXXXXXXXXXXXXX0XXXXXXXXXXXX0X0XXXXXXX0XXXXXXXXXXXXXXXXXXX00XXXXXXXX


Generation 22/75  F=U(0.5, 1.0)  N_hist=5280
------------------------------------------------------------------------------------------------------------------------
0XX000XXX00XXXXXXXXXXXXXXXXX0XX0XXXXXXXXXXXX0XXXXXXXX0XXXXXXXXXXXXXXX0XXXXXXXXXXXXXXXX000XXXXXXX0X0XXXXXXXXXXXXXX00X00XX
XXXXXXXXXXXX0XXXXXXX0X0XXXXX0X0XXXXXXXX0X0X0XXXXXXX0XXXXXXXXXXXXXXXXXXXXXXX0XXXXXXX0X0XXX0XXX0XXXXXXXXXXXXXXXXXXXXXXXXXX


Generation 23/75  F=U(0.5, 1.0)  N_hist=5520
------------------------------------------------------------------------------------------------------------------------
0X00X00XX0XXXXX0XXXXXXXXXXXXXXXXXX0XXXXXXX0XXXXXXXXX0XXXXXXXXXXXXXXXXXXXXXXX0XXXXX000XXXXXXXXXXXXXXXXXXXXX0X00XX0XXXXXXX
XXXXXXXXXXXXXXXXXXXXXXXXXXXXXXXXXXXXXXXXXXXXXXX0XXXXXX1XXXXXXXXXXXXXXX0XX0XXXXXXX0XXXXXXXXXXXXXXXXXXXXXXXXXXXX0XXXXXXXXX


Generation 24/75  F=U(0.5, 1.0)  N_hist=5760
------------------------------------------------------------------------------------------------------------------------
00XX00XX000X000X0XXXX00XXXXXXXXXXXXX0XXXX0XXXXXXXXXXXXXX0X0XXXXXXXXXXXXXXXXXX0XXXX0XXXXXXXXXXXXXXXXXXXXXXXXXXXXXXXXXXXXX
XXX0XXXXXXXXXX0XXX0XX0X000XXXXXXX0XXXXXXXXXXXX0XXXXXX0XXXXXXXXXXXXXXXXXXXXXXXX01XXXXXXXX0XXXXXXXXXXXXXXX0XXXXXXXXXXXXXXX


Generation 25/75  F=U(0.5, 1.0)  N_hist=6000
------------------------------------------------------------------------------------------------------------------------
0XXX0XX0XXXXXXXX0XXXXXXXXXXXXXX00XXXXXXXXX0XXXXXXX0X0XXXXXXXXXXXXXX00XXXXXXXXXXXXXXXXXXXXXXXXX0XXXXX0XXXXXXXXXXXXXXXXXXX
XXXXX0XXXXXXXX0XXXX00XXXXXXXXX0X0XXXXXXXXXX0XXXX00XXXXXX0XXXXXXXXXXXXX00XX0XXXXX00XXXXXXX0XXXXXXXXXX00X0XXXXXXXXXXXXXXXX


Generation 26/75  F=U(0.5, 1.0)  N_hist=6240
------------------------------------------------------------------------------------------------------------------------
00X00X00000XXX0XXXX0XXXXXXXXXXXXXXXXXXXXXXXXXX0XXXXXXXXX0XXXXXX0XXXXX0XXXXXXXXXXXXXXXXXX0XXX0XX0XXXXXXX0XX00XXXXXXXXXXXX
XXXXXXXXXX0XXXXXX0XXX0XXXXXX0XXXXXXXXX0XXXXXXXXX0X0XX0XXXXXXX0X0XXXXXXXXXXXXXXXXXXX0XXX0XXXXXXXXXXXXXXXXXXXXXXXXXXXXXX0X


Generation 27/75  F=U(0.5, 1.0)  N_hist=6480
------------------------------------------------------------------------------------------------------------------------
000X0XXXXXXX00XX0XXXXXXXXXXXXXXXXXXXXXXXXXXXXXXX0XX0XXXXXX0XXXXXXXX0XX00XXXXXXXXXXXXXXXX0XXXXXXXXXXXXXXXXXX0XX00XXXXXX0X
XX0XXXXX0XX0XXXXXXXX0XXXXXXXXXXXXXXX0XXXXXXXXXXXXXXXXXXXXXXXXXXXXXXXXXXXXX0XXXXXXXXXXXXXXXXXXXXXXXXXXXXXXXXXXXXXXXXXXXX0


Generation 28/75  F=U(0.445, 1.0)  N_hist=6719
------------------------------------------------------------------------------------------------------------------------
00X000XXXXXXXXXX0XXXXXXXXX0XXXXXXXXXXX0XXXX00XXX0XXXXXXXX0XXXXXXXX0XXXXXXXXX0XXXXXXXXXXXXXX0XXX0XXXXXXXXXXXX0XXXX00XXXXX
XXXXXXXXXXXXXXXXXXXXXXXXXXXXXXXXX0X0XXX0XXX00XXXXXXXX0XXXXXXXX00XXX0XXXXXXXXX000XX0XXXXXXXXXXXXXXXXXXX0XXXXXXXXXXXXXXX0X


Generation 29/75  F=U(0.493056632402, 1.0)  N_hist=6959
------------------------------------------------------------------------------------------------------------------------
X00X00XXXXX0XXXXXX0XX0XXXXXXXXXXXXXXXXXXXXXXX0XXXXXXXXXX000XX0XXXXXXX0XXXXXXXXXXXXXXX0XXXXXXXXXXX0XXXXXXXXXXXXXXXXXXXXXX
XXX0XXXXXX000XXXXXXXXXXXXXX00XXXXXXXXXXXXXX00XXXXXXXXXXXXXXXXXXXXXXXXXX0XXXXXXXXXXXXX0X0XXXXXX0XXXXXXXXXXXXXXXXX0XXXXXXX


Generation 30/75  F=U(0.5, 1.0)  N_hist=7199
------------------------------------------------------------------------------------------------------------------------
000X000XX0XXXXXX00XXXXXXXXXXXXX0XXX00XXXXXXXXXXXXX0XXXXX0XXXXX00XX0XXXXXXX0XXXXXXXXXXXXXXXXXX0XXXXX0XXXXXX0XXXXXXXXXXXXX
XX0XXXXXX0X0XXXXXXXXXXXXX0XXXXXXXXXXXXXXXXXX0XX0XXXXXXX00XXXX000XXXXXXXXXXXXXXXXXXXXXXXXXX0XXXXXXXXXX0XXXXXXXXXXXXXXXXXX


Generation 31/75  F=U(0.5, 1.0)  N_hist=7440
------------------------------------------------------------------------------------------------------------------------
000XXXXXX0XX0X0X00XXXXXXXXXXXXXXXX0XXXXXXXXX0XXXXXX0XX0XX0XXXXX0+0XXXXXXXXXXXXXXXXXXXXXXXX0XXXXXXXXXXXXXXXX0XXXXXX000X00
0XXXXXXXX00000XXXXXXXXXXXXX0XXXXXXX0XXXXXX0XXXXXXXXXXXXXXXXXXXXXXXXXXXX0XX0XXXXXXX0XXXXXXXXXX00XXXXXXXXXXXXXXXXXXXXXXXXX
X


Generation 32/75  F=U(0.5, 1.0)  N_hist=7680
------------------------------------------------------------------------------------------------------------------------
0XX0XXXX00XXXX0XXXXXXXXXXXXXXXXXXXXXXXXXXXXXXXXXXXXXXXX0XXXXXXXXXXX0XXXX0XXXXXXXXXXXXXXXXXXXXXXX0XXX0XXXXXXXXXXXXXXXXXXX
XX0XXXXX0XXXXX0X0XXXXXXXXXXX0XXXXX0X0XXXXXXXXXXXXXXXX0XXXXXXXXXXXXXXXXXXX00XXXXXXXXXXXXXXXX0X0XXXXXXXXX0XXXXXXXXXXXXXXXX


Generation 33/75  F=U(0.5, 1.0)  N_hist=7920
------------------------------------------------------------------------------------------------------------------------
XX000X0XXXXXXXXXXXXXXXX00XXXXXXXXXXXXXXXXXXXXXX00XXX0XXXXXXXXXXXXXXXXXXXXXXXXXXXXXXXX0XXXXXXXXXX0X0XXXX0XXXXXXXXXXXXXXXX
XXXXXXXXXXX0XXXXXXXXXXXXXXXXXXXXXXXXXXXXXXX0XXXXXXXX0XXX0XXXX0XX0X0XXXXXX000XXXXXXXXXX00XXXXXXXX0XXXXXXXXXXXXXXXXXXXXXXX


Generation 34/75  F=U(0.5, 1.0)  N_hist=8160
------------------------------------------------------------------------------------------------------------------------
0000+000000X0+00X0XXXXXXXXXXXXXXXXX0XXXXXXXXXXXXXXX00XXXXXX0X0XXXXXXXXXXXXX00XXX0XXXXXXXXXXXXXXXXXXXXXX0XXXXX0XXXXXX0X0X
XXXXXXXXXXXXXXXXX0XXXX0XXXX0XXXXXXXXXXXXXXXX0XXXXXXXXXXXXXXXXXXXXXXXXXXXXXX0XXXXXXXX00XX000XXXXXXXXXXXXXXXXXX0XXXXXXXXXX
XX


Generation 35/75  F=U(0.5, 1.0)  N_hist=8400
------------------------------------------------------------------------------------------------------------------------
0000XXX0XXXXX0X00XXXXXXXXXXXXXXXXXXXXXXXXXX0XXXXXX0XXXXXXXXXXXXXXXX0XXX0XXXXXX0X0XX0XXX0XXXXXX0X0XX0XXXXX0XXXXXXXXXXXXXX
XXXXXXXXXXXXX00XXXXXXXX0+X00XXX0X0XXXXXXX0XXXXX0XXXXX0XXXXXXXXXX00XXXXXXXXXXXXXXXXXXXXXXXXXXXXXXXXXXXXX0XXXXXXXXXXXXXXXX
X


Generation 36/75  F=U(0.5, 1.0)  N_hist=8640
------------------------------------------------------------------------------------------------------------------------
000XX000X0XXXX0X0XXXXXXXXXXXXXXXXXXXXXXXXXXXXXX00XXXXXXXXX0XXXXXXXXXXXXX00XXXXXX0XXXXXXXXXXXXXXXX0XXXXXXX0XXXXXXXXX0XXXX
XXXXXXXXXXX0XXXXXXX0XXXXXXXXXXX00XXX0XXXXXXXXXXXXXXXXXXX0XXXXXXXXXXXXX0XXXXXXXXXX00XXXXXXXXXXXXXXXXXXXXXXX0XXXXXXX0XXXXX


Generation 37/75  F=U(0.5, 1.0)  N_hist=8879
------------------------------------------------------------------------------------------------------------------------
00X0XXX000XXXXXXXXXXXXXXXXXXXX00X0XXXXXXXX0XXX0XXXXXXXXXXXXXXXXXXXXXXXXXX0XXXXXXXXX0XXXXXXXXXXXXXXXX00X0XXXXX00XXXXX0XXX
XXXXXXXXXXXXXXX00XXXXX0XXXXXXXXXXXXXX0XXXXXX0XX0XXXXXXXXXXXXXX00XXXX0XXXXXXXXXXXXXXXXXXXXXXXXX0XXXXXXXXXXXXXX000XXXXXXXX


Generation 38/75  F=U(0.5, 1.0)  N_hist=9120
------------------------------------------------------------------------------------------------------------------------
00000X0XXXXXXXXXXXXXX0XXXXXXXXXXXXXXXXX0XX00X0XXXXXXXXXXXXXX0X0XXXXXXXXXXXXXXXXXXXXX0XXXXXXXXXX0XXX0XXXXXXXXXXXXXXXXXXXX
XXXXXXXXXXXXXXX00XXXXXXXX0XXXXXXXXX00XXXXXX00XX0XXXXX0XXXXXXXXX0XXX00XXXX0XXXXXXXXX0XXXXXXXXXXXXXXXXX0XXXXXXXXXXXXXXXXXX


Generation 39/75  F=U(0.5, 1.0)  N_hist=9360
------------------------------------------------------------------------------------------------------------------------
0XX0XX0XXXXXXXXXXXXXXXXXXX0XXXXX0XXXXXXX0XXXXXXXXXXXX00XX0X0XXXXXXXXXXXX0XXXXX00XXXXXX0XXXX0X0XXXXXXXXXXXXXXXXXXXXXXX00X
XXXXXX0XXXXXXXXX00XXXXXXXXXXXXXXXXXXXXXXXXXXX0XXXXX0XXXXXXXXXX00XXXXXX0XXXX0XXXXX0XXXXXXXX00XXXXX0X0XXXXXXXXXXXXXXXXXXXX


Generation 40/75  F=U(0.5, 1.0)  N_hist=9600
------------------------------------------------------------------------------------------------------------------------
00X000000XX0XX0XXX0XXXXX0XXXXXX0XXXXX0XXXXXXXXXXXXX0X00XX0XX0X0XXXX0XXXXXXXXXXXXXXXXXXXXXXXX0XXXXXXXXXXXX0XXXXXXXXX0X0XX
X0XXXXXXXXXXXXXXXXXX0XXX0XXX0XXXXX0X0XXXXXX0XXXXXXXXXXXXXXXX0X0XXXXXXXXXXXXXXXXXX0XX0XXXXXXXXXXX0X0XXXXXX0XXXXXXXXXXXXXX


Generation 41/75  F=U(0.5, 1.0)  N_hist=9840
------------------------------------------------------------------------------------------------------------------------
X00XXXXXXX0XXXXXX0XXXXXXXXXXXXXXXXXXXXX0XXXXXXXXXXXXXXXXXXXXXX0XXXX0XXXXXXXXXXXXXX0XXXXXXXXXXXXXXXXXXXXXXXXXXXXX0XXXXXXX
XXXXXXXXXXXXXXX0XXXXXXXXXXXXXXXXXXXX0XXXX00XXXXXXXXXXXXXXXXXXX0XXX0XXXXXXXXX0000XXXXXXXXXXXXXXXXXXXXXXXXXXXXX0XXXXXXXXXX


Generation 42/75  F=U(0.445, 1.0)  N_hist=10080
------------------------------------------------------------------------------------------------------------------------
000XX00XXXXXXXXXXXXXXX0XXXXXXXXXXXXX0XX0X00XX0XXXXXXXXXXXXXXXXXXXXXXX0X0XX00XXXXXXXXXXXXXXX0XXXXXXXXXXXXXXXXXX0XXXXXXXXX
XXXXXXXXXXXXXXXXXXXXX0XXXXXXXXXXXXXXXXX0XXXXXXXXXXXXXXXXXXXX00XXX0XX0XX0XXXXXXX0X00XXXX0XXXXXXXXXXXXXXXXXXXXXXXX0XXXXXXX


Generation 43/75  F=U(0.493056632402, 1.0)  N_hist=10319
------------------------------------------------------------------------------------------------------------------------
XXXX0XXXXXXX0XXXXXXXXXXXXXXXXXXXXXXXXXX0XXXXX0XX0X0XXXXXX0XXXXXXXXXX0XXXXXXXXXXXXXXXXXXXXXXXXXXXXXXXX0X0XXXXXX0XXXXXX0X0
XXXX0X0XXXX0XXXXXX0XXXXXXXXXXXXX0XXXXXXXXXXXXXXXXXXXXXXXXXXXXXXXXX0XX0XXXXXXXXXXXXXXXXXXXXXXXXXXXXXXXXX0XXXXXXXXXXXXXXXX


Generation 44/75  F=U(0.438820402838, 1.0)  N_hist=10560
------------------------------------------------------------------------------------------------------------------------
0XX0X000X0XXXXXXXXXXXXXXXXXXXXXXXXXXXXXXXXXXXXXXXXXXXXXXX0XXXXX0XXXX000XXXXXXXXX00XXXXXXXXXXXX0XXXX0XXXXXX0XXXX0XXXXXXXX
0XX0XXXXXXXXXXXXXXXXX000XXXXXXXXXXXXX0XX0X0XXX0XXXXX0XX0XXXXXXXXXXXX00XX000XXXXXXXXXXXXXXXXXXXXX0X00XXXXXXXXXXXXXXXXXXXX


Generation 45/75  F=U(0.486209685511, 1.0)  N_hist=10800
------------------------------------------------------------------------------------------------------------------------
000X000XXX00XXXX0XXX0XXXXX0XXXXXXXXXXXXXXXXXX00XX0XXXXXXXXXXXXXXXXXXX00XXX0XXXXX0XXXXX0XXXXXXXXXXXXXXXXXXXX0XXXXXXX00XXX
XXXXXXXX0X00X0XXXXXX0XXXXXXXXXXX0XXXXXXXXXXXXXXXXX0XXXXXXX0XXXXXXXXXXXXXXXXX0XXXXXX00XXXXXX00X0XXXXXXXXXXXXXXXXXXXXXXXXX


Generation 46/75  F=U(0.5, 1.0)  N_hist=11040
------------------------------------------------------------------------------------------------------------------------
0XX0XXXXXXXXX0XXX0XXXXXXXXXXXXXXXXXXXXXXXXXXXXXXXXXXXX0XXXXXXXXXX0XXXXXXXXXX0XX0XXXXXXX00XXXXXXXXXXXXXXXXXXX0XXXXX0XXXXX
XXXXX00XXXXXXXXXXXXXX0XXXXXXXX0XXX000XX0XXXXXXXXXXXXXXXXX0XX0XXXXXXXXXXXXXXXXXXXXXXXXX0XXXX0XXXXXX0XXXXXXXXXXXXXXXXXXXXX


Generation 47/75  F=U(0.445, 1.0)  N_hist=11280
------------------------------------------------------------------------------------------------------------------------
0XX00X0XXXXX0XXXXXXXXX0XXXXXXXXX0XXXX0XXX00XX0XXXXXX0XXXXXXXXXXXXXXXXXXXX00+XXXXXXXXXXXXX0XXXXXXXXXXXXXX00XXXXXXXXXXXXXX
XXXX00XXXXXXXXXXX0X0XXXXX0XX00XXXXXXXXXXXXXXXXXX0XXX0XXXXXXXXXXXXXXXXXXXXXXXXXXXX00XXXXXXXXXXXXXXXXXXXXXXXXXXXXXXXXXXXXX
X


Generation 48/75  F=U(0.493056632402, 1.0)  N_hist=11520
------------------------------------------------------------------------------------------------------------------------
00X00X0XXXXX0XX0X0XX0XXXXXXXXXXXXXXXXXX0XXXXXXXXXXXXXXXXXXXXXXXXXXXXXXXXX0XXXXX0X0XXX0XXXXXXXXXXXXXXXXXXXXX0XX0XXXXX00XX
XXXXXXX0XXXXXXXXXXXXXXXXXXXXXXXX0XXXXXXXX0XXXX0XXXXXXXX0X0X0XXXXX0XXXXXXXXX00XXXXXXXXXXXXXXXXXXXXX0XXXXXXXXXXXXXXXXXXXXX


Generation 49/75  F=U(0.438820402838, 1.0)  N_hist=11760
------------------------------------------------------------------------------------------------------------------------
00X0XXXXXXXXXXXXXXXX0XXX00XXXX0X0XXX0XXXXXXXXXXXXXX0XXXXXXXXXXXXXXXX0XXXXXXXXXXXXXXXXXXXXXXXXXXXX0XXXXXXXX0XXXXXXXX00X0X
XXXXXXXXXXXXXXXXXXXX00XXX0XXXXXXXXXXXXXXXXXXXXXXX0XXXX0XXXXXXXXX0XXXXXXX0XXXXXXXXXX0XXXXXXXXXXXXXXXXXX0XX0XXXXXXXXXXXXXX


Generation 50/75  F=U(0.390550158526, 1.0)  N_hist=12000
------------------------------------------------------------------------------------------------------------------------
000XX0000XX0XXXXXXXXXXXXXXXXXXXXXXXXXXXXXXX0X00XXX0XX0XXXXX00XXXXXXXXXXXXX0X0X0XXXXXXXXXXXXXXXXXXXXXXXXXXXXXXXXX00XXXXXX
XXXXXXXXXX0XXXXXXXXXX00X0X0XXXXXXXXXXXXXXX00XX0XXXXXXX0XXXXXXXXX00X0XXXXXXXXXXXXXXXXXXXXXXXXXX0XXXXXXXXXXXXXXXXXXXXXXXXX


Generation 51/75  F=U(0.347589641088, 1.0)  N_hist=12240
------------------------------------------------------------------------------------------------------------------------
0X0XXXXX0X0XXX00XXX00XXXXXXXXX0XXXXXX000XXXXXXX0XXXXXXXXXXXXX0XX0XX0X0X0XXXXXXXXXXXXXXXXXXXXXXXXXXXX0XXXXXXXXXXXX00XXXXX
XXXXX00+XX0XX0X0X000XXXXXXXXXX0X0XXXXXXXXXXXXXXXXXXXXXXXX00XXXXXXXXXX00X0XX000X00XXXX00000X0XX0XXXXXXXXXXXXXXXXXXXXXXXXX
X


Generation 52/75  F=U(0.385126691893, 1.0)  N_hist=12480
------------------------------------------------------------------------------------------------------------------------
00XXX000XX00XX0XXXXXX0X0X0X0XXXX0XXX0XXXXXXXXXXXXXXXXXXXXXXXXXXXXXXXXX0X0XXX0XXXXXXXXXXXXXXXXXXXX0XXXXXXXXXXXX0XXXXXXXXX
0XXXXX0X0XXXXXX0XXXXXXXXXXXXXXXXX0XXX00XXXXXXXX0XXXX0XXX0XXXXXXXXXXXX0XXXXX00XXXXXXXXXXXXXXX0XXX0X0XXXXXXXX00XXXXXXXXXXX


Generation 53/75  F=U(0.342762755785, 1.0)  N_hist=12720
------------------------------------------------------------------------------------------------------------------------
00XX000X0XX0X0XXXXXXX00XXX0X0XXXXX00X0XXXXXXXXXXXXXXXXXXXXXXXXXXX0XXXXXXXXXXXXXXXXXXX0XXXXXXXXXXX0000X0XXXXXXXXXXX0XXXXX
XXXX00XXXXXXX00XXX0XXXXXXXXXXXX0XXXXXXXX0XXXXXXXXX0XXXXXXXX00X0XXXXXXXXXXX0XX0XXXXXXX0XXXX0X0XXX00XXXXXXXXXX0XXXXXXXXXXX


Generation 54/75  F=U(0.305058852649, 1.0)  N_hist=12960
------------------------------------------------------------------------------------------------------------------------
0XX0XX0XXXXXXXXXX0XXXXXXXXXX0X0XXX00XXXXXXXXXXXXXXXXXXXXXXXXX00000XXXXXXX0XXXXXXXXXXXXXXXXXXXXXX00XXXXXX000XXX0XXXXXXXXX
0XX0XXXXXXXXXXXXXXXXXXX0X000XX0XXX0X0+X00X000XXXXXX00XX0X0XXXXXXXXXXXXXXXXXXXXXXXXXXXXX0XXXXXXXXX0XXXXXXXXXXXXXXXXX0XXXX
X


Generation 55/75  F=U(0.33800290016, 1.0)  N_hist=13200
------------------------------------------------------------------------------------------------------------------------
0XX0XX00XXXXXXXXXX0XX0XXXXX0XXXXXXX0XXXXXXXXXXXXXXXX0XX0XXXXXXXXXXXX0XXXXXXXXXXXX00XXXXXXXXX0XXXXXXXXXXXXXXXXXXXXXXXXXXX
0XXXXXXXXXXXXXXXXXXXXXXXXXXXXXXXXXXXXXX00XXX0XXX0XXXXXXXXXXXXXXXXXXXXXXXXXXXXX0XXXXXXXXXXXXX0XXXXXXXXXXXXX0XXXXXXXXXXXXX


Generation 56/75  F=U(0.300822581143, 1.0)  N_hist=13440
------------------------------------------------------------------------------------------------------------------------
00X0XXX00XXX0XXXXXXXXXXXXXX0XXXXXXXXXXXX00XX0XXXXXXX000XXXX000XXXXX0XXXXXXX0XX0XXXXXXXXXXX0XXXXXXXXXXXXXXXXXXX0X0XXXXXXX
XXXX0XX00XXXXXXXXXX0XXXXXXXXXXXXXXX0XXXXXXXXXXXXXXXXXXXXXXXXXXXXXXXXXXXXXXXXX000XXX0XXXXXXX0XXXXXX0XXX00XXXXXXXXXXXXXXXX


Generation 57/75  F=U(0.267732097217, 1.0)  N_hist=13680
------------------------------------------------------------------------------------------------------------------------
XX00X0XXXXXXXXXXXXXXXX0XX0X0XX0XXXXXXXXXXXXXXXXXXXX000X0XXXXXX0XXXXXX0XX0XXXXX0XXXXXXXXXXXXXXXXXXXXXXXXXXXXXXXXXXXX0X00X
000XXXXXX0X0XXX0X0X0XXX0XXXXXXXXXXXXXXXXXXXXXXXXXXXXX000X0XXXXXXXXXXXXXXXXXX00XX0X0XX0XXXX0XXXXXX0XXXXXXXX0XXXXXXXXXXXXX


Generation 58/75  F=U(0.296645137617, 1.0)  N_hist=13920
------------------------------------------------------------------------------------------------------------------------
XX00X000XXXXXXXXX0XXXXXXX0XXXXXXXXXXXXXXXXXXXXXXXX0X0XXXXXXX0XXXXXXXXXXX0X00XXX0XXXXXXXXXX00XXXXXXXXXXXXXXXXXX0XX0XX0XXX
XXXXXXXXXXXXXXXXXX0XXXXXXX00XXXXXXXXXXXXX0XXXX0X0XXX0X0XX0XXXXXXXXXX0XXXX0XXXXXX0XXXXXXXXXXXXXXXXXXXXXXXXXXXXXXXX0XXXXXX


Generation 59/75  F=U(0.264014172479, 1.0)  N_hist=14160
------------------------------------------------------------------------------------------------------------------------
0000X00XXXXXXXXXX0XXXXXX0XXXXXXXXXXXXXXXXXXXXXXXXXXXXXXXXXXXX0XXXXXX0000XXX0XXXXX0XXXXXXXXXXXXX0X0XXXXXX0XX0XX0XXXXXXXXX
XXXXXXX0XXXXXXXXXXXX0XXXXXX00XXXXXXXXXXX00XX000XXXXXXXXXXXX0XX0XX0XXXXXXXXXXXXXXXXXXXX0XX0XXXXXXX0XXXXXXXXXXXXXXXXXXXXXX


Generation 60/75  F=U(0.292525705144, 1.0)  N_hist=14400
------------------------------------------------------------------------------------------------------------------------
00X000X00X0XXXXXXXXXXX0XXXXXXXX0XXX0XXXXXXXXXX0X0XXXXX0XXXXX0XXXXXXXX000XXXXXXXXXXXX0XXXXXXXXXXXXX00XXXXXXXXXXXXXXXXXXXX
XXXXXXXXX0XXXXXXXX00XXXXXX0XXXXXXXXXXXXXXX0XXX00XX00XXXXX0XXXXXXXXXXXXX0XXXXXXXX0XXXXXXXXXXXXXXXXXXXXXXXXXXXXXX0XXXX00XX


Generation 61/75  F=U(0.324116267571, 1.0)  N_hist=14640
------------------------------------------------------------------------------------------------------------------------
0XX000XX0X0XXXX00XXXXXXXXXXXXXX0XXX0XXXXXXXXXXXXXXXX0XXXXXXXXXXXXX00X0X0XXX0XXXXXXXXXXXXXXXXXXXXXXX0X0XX0X00XXXXXXXXXXXX
XXXX0XXX0XXXXXXXXXXXX0XX0XXX0XXXXXXXXXXXXXXX0XXXXX0XXXXXXXX0XXXXX0XXX0X0XXXXXXXXXX0000XX0XXXXX0XXXXXXXX0X0XXXXXXXXXXXXXX


Generation 62/75  F=U(0.359118371675, 1.0)  N_hist=14880
------------------------------------------------------------------------------------------------------------------------
00000X0X0XXXXXXXXXXXXXXXXXXX0XXXXXX0XXXXXXXXXXXXXXXXXXXXXXXXXXXX0XX0XX0XXXXXX0XXXXXXXX0X0X00XXXXXXXXXXXXXXXXXXXXXXXXXXXX
XXXXXXXX0X0XX000X0XXXXXXXXXXXX00XX0XXXXXXXXXXXXXXXXXXXXXXXXXXXXXXXXXXXXXXXXXXXXXXXXX0XXXXXXX0XX0XXXXXXX0XXXXX0XXXXXXXXXX


Generation 63/75  F=U(0.397900438139, 1.0)  N_hist=15120
------------------------------------------------------------------------------------------------------------------------
0000XX00XX00XX0XXXXXX0XXXXXXXXXXXXXXXXXXXXXXXX0XXXXXXX0X0XXXXXXXX0XXXXXXXXXXXXXXXXXXXXXXXXXXXXXXXXXXXXXXXXXXXXXX0XXXXXXX
XXXXXXXXXXXXX0XXXXXXXXXXX0XX0X0XXX0XXXXXXXXXXXXXX0XXXXX0XX000XX0XXX0X0XX0XXXXXXXXXXXXXXXXXXXXXXXXXXXXXXXXXXXXXXXXXXXXXXX


Generation 64/75  F=U(0.440870674292, 1.0)  N_hist=15360
------------------------------------------------------------------------------------------------------------------------
000000X00XXXXX0XXX0X0XXXXXXXXXX0X0XXXXX0XXXXXXXXXX0XXXXXXXXXXXXXXX00XXXXXXX0XXXXXXXXX00XXXXXXXXXXXXXXX0XX0XXXXXXXXX0XX0X
XXXXXXXXXX0XXXXXXXXXXXXXXXXXXXXXXXXXXXXXXXXXXXXXXXXXXXXXXXXXXX000X0X0XXXXXXXXXXXXXXXXXXXXXXXXXXXX0XXXXXXX0XXXXXXXXXXXXXX


Generation 65/75  F=U(0.39237490012, 1.0)  N_hist=15600
------------------------------------------------------------------------------------------------------------------------
00X0000X00XXXXXX0XXXX0XXX0XXXXXXXXXXXXXXXXXX0X0X0XXX000XXXXXXXXXXXXXXXXXX0XXXXXX0XXX0XXXX0XX0XXXXXXXXXXXXX0XXX0XXXXXXXXX
XXXX0XXX0XXXXXXXXXXXXXXXXXXXXX0XXXXXX0XXXXX0XXXXXXXXXXXXXXXXXXX000X0XXXXXXXXXXXXXXXXXXXXXXXXXXXXXXXXXX0XXXXXXXXXXXXXXXXX


Generation 66/75  F=U(0.434748419983, 1.0)  N_hist=15840
------------------------------------------------------------------------------------------------------------------------
XXX00XXX0XXXXXXXXXXXXXXXXXXXXXXXXXXXXXXXXXXXXXXXXXXXXXXXXXXXXXXXXX0XXXXXXXXXXXXXXXXXXXXXXXXXXXXXXXXXXXXXXXXX0XXXXXXXXXXX
XX0XX0XXXXXXXXXXXXXXXX0XX00X0XXXXXXXXX00X0XXXXXXXXXXXXXXXXXXXXXXXXXXXXXXXXXXXXXXXXX0XXXXX0XXXXXX0XXXXX0X0XXXXXXXXXX0XXXX


Generation 67/75  F=U(0.481697959323, 1.0)  N_hist=16080
------------------------------------------------------------------------------------------------------------------------
0000XXX0XXXXXX0XXXXXXXXX0XXX0XXXX0XXXXXXXXXXXXXXX0X0XXXXXXXXXXXXXXXXXXXXXXXX0XXXXXXXXXXXXXX0X00X0XXXXXXXXXXXXXXXXX0X0X00
XXX0X0XXXX0X0XXXX0XXXXXXXXXXXXXXX0XXXXXXXXXXXXXXX0XXXXXXXXXXX0XXXXXXXXXXXXXXX0XXXXXXXXXXXXXXXX0XXXXXXXX0XXXXXXXXXXXXXXXX


Generation 68/75  F=U(0.5, 1.0)  N_hist=16320
------------------------------------------------------------------------------------------------------------------------
000XXX0XXXXXXXXXXXXXXXXXXX0XXXX000XXXXXXXXXXXX0XXXXXXXXXXXXXXXXXXX0XXXXX00XXXXXXXXXX0XXXX0XXXXXXXXXXXXXX00XXXXX0XXXXXXXX
XXXXXXXXXXXXXX0XXXXXXXXXX00XXXXXXXXXXXXXXXXXXXXX0XXXXXX0XXXXXXXXXXXXXXXXXX0XXXX0XXXX0XXXXXXXXXXXXXXXXXXXXXXXXXXXXXXXXXXX


Generation 69/75  F=U(0.5, 1.0)  N_hist=16560
------------------------------------------------------------------------------------------------------------------------
X0000X0X00X0XXXXXXXXXXXXXX0+0XXXX0XXXXXXXXXXX0XXXX0XXXXXXXXXX0XXXXXXXXXXXXXXXXXXXXXXXXXXXXXXXXXXXXXXXXXXXXXXXXXXXXXXXX0X
XX000XX00XXXX0XXXXXXXXXXXXXXXXXXXXXXXXX0XXXXX0XX0XXX0X0XXXXXXXXXXXXXXXXX0XXXXXXXXX0XXXXXX0XXXX0XXXXXXXXXXXXX0XXXXXXXXXXX
X


Generation 70/75  F=U(0.5, 1.0)  N_hist=16800
------------------------------------------------------------------------------------------------------------------------
X00XXXXX0XX0XXXXXXXXXXXXXXXXXXXXXXXXXXX0XXXXXXXXXX0XXXXXXXXXXXX0XXXXXXXXXX0XXXXXXX00X0XXXX0X0XXXXXXXXXXXXXXXXXX0XXXXXXXX
XXXXXX0XXXXX00X0XX0XXXXXX0XXXXXXXXXXXXXXXXXXXXXXXXXX00X00X0X0XXXXXXXXXXXXXXXXXXXXXXXXXXXXXX0XXXXXXXXXXXXXXXXXXXXX0XXXXX0


Generation 71/75  F=U(0.445, 1.0)  N_hist=17039
------------------------------------------------------------------------------------------------------------------------
000X00X0X00XXXXXXXXXXXXXXXX0XXXXXX0XXXXXXXXXXXX0XXXXXXXXXXXXX0XXXXX0XXXXXXXXX0XXXXXXXXXXXX0X0XX0XX00X0XXX0XXXXXXXXXX0XXX
XXXXXXXXXXXXXXXX0XXXXXXXXXX0XXX00X0XXX0XXXXXXXXXXXXXXXXXXXX0XXXXXXXXXXX00XXXXX0XXXXXXXXXXXXXXXXXXXXX0XXXXXXXXXXXXXXXXXXX


Generation 72/75  F=U(0.493056632402, 1.0)  N_hist=17280
------------------------------------------------------------------------------------------------------------------------
00XX00X00XXXXXXXXXXXXXXXXXXXXXXXXXXXXXXXXXXXXXXXXXXXXXXXX0XXXXXXXXXXX0XXXXXXX0XXXXXXXXXXXXXX0XX0XXX0XXXXXXXXXXXXXXXXXXXX
XXXXX0XXXXXXXXXXXXXXXXXXX00XXXXXXXXXXXXXXX0XXXXXXXXXXXXXXXXXXXXXXX0XXXXXXXXXXXX0XX0XXXXXXXXXXX0XXXXXXXXXXXXXXXXX0XXXXXXX


Generation 73/75  F=U(0.438820402838, 1.0)  N_hist=17520
------------------------------------------------------------------------------------------------------------------------
XX00XXXXXXXX0XXXXXXXXXXXXXXXXXXXXXXX0XXXXXXXX0XXXXXXXXXXXX0XXXXXXXX0X0XXXXXXX00XXXXXXX00XXXXXXXXX0XXXXXXXXXX0XXXX0X0XXXX
XXXXXXXXXXXXXXXXXX0XXXXXXXXXXXXXXXXXXXXXXXXX0X0000X0XXXXXXXXXXXXXXXXXXXXXXXX0XXXXXXXXXXXXXXXXXXXXXX0XXXXX0X0XXXXXXXXXXXX


Generation 74/75  F=U(0.390550158526, 1.0)  N_hist=17760
------------------------------------------------------------------------------------------------------------------------
000000XXXXXXXXX0XXXXXXXXXXXX0XXXXXXXXXXXXXX0XXX0XXXXXXXXXXXXXXXXXXXXXXXXXXXXX0XXXXXXXXXXXXXXXXXXXXXXXXXXX0XXXXXXXXXXXXXX
XXXXXXXXXXXXX00XXXXXXXXXXXXXXXXXXXXXXXXXXXXX0XX0XXXXXXX00XXXXXX0X0X0XXXXXXX0XXXXXXXXXXXXXXXX0XXXXXXXXXXXXXXXXXXXXXXXXXXX


Generation 75/75  F=U(0.432726620105, 1.0)  N_hist=18000
------------------------------------------------------------------------------------------------------------------------
00X0XXXX0XXX0XXXXXXXXXXXXXXXXXXXXXXXX00XXX00XX0XXXXXXXXXXXXXXXXX00XX0XXXXXXXXXXXXXXXXXXXXXXXXXXXXXXXX00XXXX0XXXXXXXXXXXX
XXXXXXXXXXXXXXXXXXXXX00XXXXXXXX0XXXXXXXXXXXXXXXXXXXXXXX000X0XXXXXXXXXXXXXXXXXXXXXXXXXXXXXXX0XXXXXX0XXXXXXXXXXXXX0XXXXXXX


Maximum number of iterations reached.

SSE=107.96 on eval 18240: L=1.12513e+06* b=1.84251 r=0.183861 rf=0.398227 t0=62.9656 th=3.80546


Shutting down DE...
DE shutdown complete.

Final population:
Population: 240 individuals with SSE 107.96 to 108.09, avg eval time 0.0273 sec. Top 7:

        SSE |     107.96       107.96       107.97       107.97       107.97       107.97       107.97  
------------------------------------------------------------------------------------------------------------------------
          L | 1.1251e+06*  1.2831e+06*  1.5219e+06*  2.1594e+06*  1.1267e+06*  3.0662e+06*  3.9579e+06* 
          b |     1.8425       1.5356      0.88276       0.7379      0.79487      0.49118*      1.5709  
          r |    0.18386      0.17761      0.18454      0.18227      0.18274      0.17623      0.17797  
         rf |    0.39823      0.37164      0.40417      0.41322      0.38565      0.40108      0.40556  
         t0 |     62.966       63.394       62.782       62.877       62.483        63.42       63.245  
         th |     3.8055       3.1819       3.7591       4.2216       3.6386       3.8507       3.4685  
------------------------------------------------------------------------------------------------------------------------
Best individual:
<SSE=107.9562 L=1.12513e+06* b=1.84251 r=0.183861 rf=0.398227 t0=62.9656 th=3.80546>


Elapsed time: 213.92 seconds

Saved final population of best parameter combinations to covid19.dat
Shutting down...
Task Queue is shut down
Goodbye
