Decompressing and parsing covid19.csv.bz2...
Cumulative and new cases reported thus far for US
------------------------------------------------------------------------------------------------------------------------
000	01/22	1	0
001	01/23	1	0
002	01/24	2	1
003	01/25	2	0
004	01/26	5	3
005	01/27	5	0
006	01/28	5	0
007	01/29	5	0
008	01/30	5	0
009	01/31	7	2
010	02/01	8	1
011	02/02	8	0
012	02/03	11	3
013	02/04	11	0
014	02/05	11	0
015	02/06	11	0
016	02/07	11	0
017	02/08	11	0
018	02/09	11	0
019	02/10	11	0
020	02/11	12	1
021	02/12	12	0
022	02/13	13	1
023	02/14	13	0
024	02/15	13	0
025	02/16	13	0
026	02/17	13	0
027	02/18	13	0
028	02/19	13	0
029	02/20	13	0
030	02/21	15	2
031	02/22	15	0
032	02/23	15	0
033	02/24	51	36
034	02/25	51	0
035	02/26	57	6
036	02/27	58	1
037	02/28	60	2
038	02/29	68	8
039	03/01	74	6
040	03/02	98	24
041	03/03	118	20
042	03/04	149	31
043	03/05	217	68
044	03/06	262	45
045	03/07	402	140
046	03/08	518	116
047	03/09	583	65
048	03/10	959	376
049	03/11	1281	322
050	03/12	1663	382
051	03/13	2179	516
052	03/14	2727	548
053	03/15	3499	772
054	03/16	4632	1133
055	03/17	6421	1789
056	03/18	7783	1362
057	03/19	13677	5894
058	03/20	19100	5423
059	03/21	25489	6389
060	03/22	33276	7787
061	03/23	43847	10571
062	03/24	53740	9893
063	03/25	65778	12038
064	03/26	83836	18058
065	03/27	101657	17821
066	03/28	121478	19821
067	03/29	140886	19408
068	03/30	161807	20921
069	03/31	188172	26365
070	04/01	213372	25200

Initializing 180 population members having 6 parameters
------------------------------------------------------------------------------------------------------------------------

SSE=34.361 on eval 1: L=3.20321e+08** b=1.78145 r=0.313159* rf=0.723472 t0=62.2245 th=6.97635

*

SSE=15.449 on eval 2: L=2.01906e+08 b=1.46944 r=0.407056 rf=0.782703 t0=63.2128 th=7.18987

!12

SSE=12.532 on eval 5: L=2.94059e+08 b=0.195067 r=0.37463 rf=0.776879 t0=62.958 th=8.78268

!1111221154222111211141425121120101002125102111112!12124313121612131213110111231211110122322221122342122232133122133
122211111511212113231141200201213122121131101231122121212151

Population: 180 individuals with SSE 12.514 to 71.018, avg eval time 0.76 sec. Top 7:

        SSE |     12.514       12.532        12.57       12.577       12.592       12.613       12.636  
------------------------------------------------------------------------------------------------------------------------
          L | 8.4674e+07   2.9406e+08   1.2968e+08   1.4724e+08   7.9794e+07   2.8894e+08   2.6648e+08  
          b |     1.7013      0.19507       1.1541       1.2452      0.79759       1.6416       0.6998  
          r |    0.33618      0.37463      0.38408      0.34916      0.33517      0.33441      0.38321  
         rf |    0.69111      0.77688        0.776      0.70149      0.72595      0.71331      0.72822  
         t0 |     63.581       62.958       62.598       63.237       63.966**     63.896       62.074* 
         th |     6.4813       8.7827       8.6734       6.4185       7.3374       6.7161       7.7027  
------------------------------------------------------------------------------------------------------------------------
Best individual:
<SSE=12.5138 L=8.46741e+07 b=1.70134 r=0.336176 rf=0.691107 t0=63.5812 th=6.48133>


Population: 180 individuals with SSE 12.514 to 71.018, avg eval time 0.76 sec. Top 7:

        SSE |     12.514       12.532        12.57       12.577       12.592       12.613       12.636  
------------------------------------------------------------------------------------------------------------------------
          L | 8.4674e+07   2.9406e+08   1.2968e+08   1.4724e+08   7.9794e+07   2.8894e+08   2.6648e+08  
          b |     1.7013      0.19507       1.1541       1.2452      0.79759       1.6416       0.6998  
          r |    0.33618      0.37463      0.38408      0.34916      0.33517      0.33441      0.38321  
         rf |    0.69111      0.77688        0.776      0.70149      0.72595      0.71331      0.72822  
         t0 |     63.581       62.958       62.598       63.237       63.966**     63.896       62.074* 
         th |     6.4813       8.7827       8.6734       6.4185       7.3374       6.7161       7.7027  
------------------------------------------------------------------------------------------------------------------------
Best individual:
<SSE=12.5138 L=8.46741e+07 b=1.70134 r=0.336176 rf=0.691107 t0=63.5812 th=6.48133>

Performing DE with CR=0.8, F=U(0.5, 1.0), DE/rand-1.00/1/bin
------------------------------------------------------------------------------------------------------------------------

SSE=12.514 on eval 180: L=8.46741e+07 b=1.70134 r=0.336176 rf=0.691107 t0=63.5812 th=6.48133

Press the 'Enter' key to abort.



Generation 1/100  F=U(0.5, 1.0)  N_hist=180
------------------------------------------------------------------------------------------------------------------------
2XX2XX1111XXXXX13131X4X11X2X1XX2XXX31X2XX11XXXXX11212X11X11X21X1XXXXX1X4XXX1212X1222X111X1X2X12XXX2XX122X2211XX14XXXXXXX
XXX1X2221111XXX22212XXX1X1XX2XX2X1X2+1X2XXXX2X1221XXXXX5X13X2


Generation 2/100  F=U(0.5, 1.0)  N_hist=360
------------------------------------------------------------------------------------------------------------------------
1X1XXX1XXX121X11X2X1X1X1XX111XXX111XX1XX0XXXX2XX1XXXX0X2XXX2X1XXXXXX1X1112XXXXX111XXX2X121X122XXXXX11XX1XXX1212XX2X21XX1
X12XX11XX111X12XXXXXX210XX11X1X1X111XXXX0X01X1X0X11XXX1XX10X


Generation 3/100  F=U(0.5, 1.0)  N_hist=540
------------------------------------------------------------------------------------------------------------------------
XX1XXXXXXX1XX1XXX1X1XXX1XXXXXXXX1X1XXX11XXXXXXXXXXX1X11XX1XX2X10XX2XXXXX1XXXX1X11X1X1XXXXX1XXXXX12X21X1XXX1XX1XX1XXX2X0X
X1XX01XXX1XXXXXXXX1XXXXXXXXXXXXX1X1XXXX1XX1X1XXXXXXXX1XXX1XX


Generation 4/100  F=U(0.5, 1.0)  N_hist=720
------------------------------------------------------------------------------------------------------------------------
X11XX11X1XXXXXXXX0XXXXXXXX1X1XX1X2XXXXX0XXX1XXXXXX1XX1X1X1X0XXXXXXXX1X110XXXXXXXXXX1X1X1X00XX1X1XXX10XXXXXXXX01XXXXXX11X
XXXXXX1XXX1XXX111XXX1XXX111X1XXXXXXXXX1XXXX1XXXXX1XXXX0XXX1X


Generation 5/100  F=U(0.5, 1.0)  N_hist=900
------------------------------------------------------------------------------------------------------------------------
1XXXX1X01XXX1X0X1XXXXX1X0XXX0X1X0XXXXXX01XXXXX1XXXXXX000XX11XXXXXXXXXXXXX01X1XXXXXX001XXXX1XX1X0X1XXX1X11XX01XXXXXXXXX00
XXXXXX1XX1XXXXX11XXXXXX1X11XX311XX1XXXXXXXXXXXXX1XXXXXXX111X


Generation 6/100  F=U(0.5, 1.0)  N_hist=1080
------------------------------------------------------------------------------------------------------------------------
X111XXXXXXXXXXXXXX01X1X1XXXX11XXX1XXXXXX1XXXXXXX1XXXXX1XX0XXXX0X111X0XXXXXXXXXXXXXX0XXXXXXXXXXXXXXX111X00XXXXXXXXXXXXXX1
X1XXXXX11XX1011XXXXXXXXXXXXXX1XXXXXXXXXXXX0X0XXXX1XXXXXXXXX1


Generation 7/100  F=U(0.5, 1.0)  N_hist=1260
------------------------------------------------------------------------------------------------------------------------
XX0XXXXXXXXX0X1XXXXXXXXXXXX1XX100XXX1X1X1XXXXXXXXXXXXXXXXXXXXXX0XXXX11XXXXXXXXXXX1X01XXXXXX1XXXXXXXXXXXXXXXXX10XXXXXX11X
1XXXX10XXXXXXX0X1XX0XXXXXXXXXXXXXXXXXXXX1XX1XXX11XXX10XXXXX1


Generation 8/100  F=U(0.5, 1.0)  N_hist=1440
------------------------------------------------------------------------------------------------------------------------
XXXXX0X1X0XXXXXXXXXXXXXXXXX0XXXX0XXXXXXXXX1XXXXXX0XXXXXXX11011X11XXXX0XXXXXXXXXXXXXXXXXXXXX0X1XXXXXX0X1XX1X1000X1XXXXX01
XXXXXX1XXXXXXXXXXXXX0XX0XXXXXXX1XXXXXXXXXXXXXXXX0XXXXXXXXXXX


Generation 9/100  F=U(0.5, 1.0)  N_hist=1620
------------------------------------------------------------------------------------------------------------------------
11X1+XX10X000XXXX0XXXXXXXXXXXXXXXXXXXXXXXXXXXXXXXX1XXXX0XXXXXX1XXXXXXXXXXX10XXXXXX1XX1X1XXX1XXXXXXXXXXXXXXXXXXXX0XXXXXXX
11XXXX0XXXXX0XXXXXX1XXXXXXXXXXX11XXXXXXXXXXXXXXXXXXXXXXXX0XXX


Generation 10/100  F=U(0.5, 1.0)  N_hist=1799
------------------------------------------------------------------------------------------------------------------------
01X10XXXXX1XXXX0XX1XX0X0XXXXXX0X1XX1XXXXXXXXXXXXX0XXX0XX0XXXX0XXXXXXX0XXXXXXX0X01XX1XXXXXX1XXXXXXXXXXXXXX0XXXXX0XXXXXXXX
XX0XXXXXXXXX1XXXXXXXXX1XXXXXX0XXXXXXXXXXX0XXXXXXXXXXXXXXXXX1


Generation 11/100  F=U(0.5, 1.0)  N_hist=1979
------------------------------------------------------------------------------------------------------------------------
01010000X00XXXXXXXXXXXXXXXXXXXXXXX01XXX0XXXXXX0XXXXXXX1101X10XXXXXXX00X1XXX0XXXXX01XX1XXXXXXXXXX0X01X0XXXXXXX0X0XXXXXXXX
XXXXXXXXXXXXXXX0XX0XXX0XXXXXXXXXXXXXXXXXXXXXXXXXXXXX0XXXXXXX


Generation 12/100  F=U(0.5, 1.0)  N_hist=2160
------------------------------------------------------------------------------------------------------------------------
00X00XX000XXXXXX000XXXXXXXXXXXXXXXX1XXXX1111X1XXXXXXXXXXXXXXXX0XXXXXXXXXXXXXXXXXXXXXXXXX0XX0000X1X0XXXXXXXXXXX00XXXXXXXX
XXXXXXXXXXXX10XX10XXX00XXX1XXXXXXXXXXXXXXXXX1XXXX1XX0XXXXXXX


Generation 13/100  F=U(0.5, 1.0)  N_hist=2337
------------------------------------------------------------------------------------------------------------------------
X1XX10XX00XXXXXXXXXXXXX00XXXXXXXXXXXXXXXXXXXX00XXXXXX0XXX00X1XXXXXXXXXXX10X1X0XXXXXXXX1X0XXXXXXXXX0+XX10XXXXXX0XXXX0XXX0
XXXXXX0XXXXXXXXXXXXXX0XXXXXXXXXX00XXXXXXXXX0XXXXXXXX0+XXXXXXXX


Generation 14/100  F=U(0.5, 1.0)  N_hist=2520
------------------------------------------------------------------------------------------------------------------------
0XXXXXXXXXX0XXXXX0XXXXXXXXXXXXXXXXXXXXXX00XX1XXXXXXXX0XXXXXXXXXXX0XX01XX0XXXXXXXXXXXXXXXXXXXXX1XXXXXXXXXXXX1XXXXXXXXXX0X
XXXXXX00XXXXXXX0X0XXXXXXXXXXXX0XXXXXXXXXXXXXXXXXXXXXXXXXXXX0


Generation 15/100  F=U(0.5, 1.0)  N_hist=2699
------------------------------------------------------------------------------------------------------------------------
000X00X10XXXXXXXXXXXXXXXXXXXXXXXXXXX1X00XXXXXX0XXXXXXXXXXXXXX00XXXXX00XXX0XX0XXXXX1XXX000XXXXXXXXX0XXXXXXXXXXXXX00XXXXXX
XXXX000X0XXXXX0XXX0X1XXXXXXXXXXXXXXXXXXXXXXXXXXXXX00XX0XXXXX


Generation 16/100  F=U(0.5, 1.0)  N_hist=2879
------------------------------------------------------------------------------------------------------------------------
XXX0X10XXXXXXXXXXXXXXXXXXXXXXXXXXXXXXXXXXXXXXXXXXXXXXXXXXXXXX0XXXXXXXXXXX0XXXXXXXXXXXXXXXXX0XXXXXXX00X0XXXXXXXXXXXXXX0XX
XX1XXXXXXXXX01XXXXX0XXXXXXXXXXXXX0XXXXXXXXXXXXXXXXXXXXXXX0XX


Generation 17/100  F=U(0.5, 1.0)  N_hist=3059
------------------------------------------------------------------------------------------------------------------------
XX0XX0XXXXXXX00XXXXXXXXXX0XXXXXXXXXXXX0XXXXXXXXXXXXXXX0XXXXXXXXXXX0XXX0XXXXXX00XXXX0XXXXXXXXXXXXXXXXX0XXXXXXXXXXXXX00XX0
00XX0XXXXXXXXXX0X10X00X0XXXXXXX0XXXXXXXXXXXXXXXXX0XXXXXXXXXX


Generation 18/100  F=U(0.5, 1.0)  N_hist=3240
------------------------------------------------------------------------------------------------------------------------
001XX0X0XXXXXX00XXXXXX00XXXXX00XXXXXXXXXXXXXXXXXXXX10XXXXXX0XXXXXXXXXXXXXXXXXXXXXXXX0XX0000X00XX00000XXXXXX0XXXXXXXXXXXX
X1XXXXXXXXX00X0XXXXX0XXXXXXX0XXXXXXX0XXXX0XXXXXXXXXX0XXXXXXX


Generation 19/100  F=U(0.5, 1.0)  N_hist=3420
------------------------------------------------------------------------------------------------------------------------
000XXX0XXX00XXXXX0XXXXXXXXXXXXXXXXXXXXXXXXXXXXXXXXXXXXXXXXXXXXX0X0X0XXXXXXXXXXXXXXX0+XXXXXXX0XXXXXX0XXXXXXXXXXXXXXXXX0XX
XX0XXXXXXXX00XXXXXXXXXXXX00XX0XXXXXXXXXXXXXXXXXXXXXXXXXXXXXXX


Generation 20/100  F=U(0.5, 1.0)  N_hist=3600
------------------------------------------------------------------------------------------------------------------------
000X00XXXXX00X00XXX00XXXXXXXXXXXXXXXXXX0XXXXX0XXXXXXXXXXXX00XX0XXXXXX0XXXXXXXX00XXXXXXXXXXXXXXXXXXXXXXXXXXXXXXX0X0XXXX0X
XXXXXX0XX0XXXXXXXXXX0XXX0XXXXXXX0X0XXXXXXXXXXXXXXXXXXXXXXXXX


Generation 21/100  F=U(0.5, 1.0)  N_hist=3780
------------------------------------------------------------------------------------------------------------------------
0000XX0XXXXXXXXX0XXX0XXXXXXXX0XXXXX10XXXXXXXXXX0X0XXXXXXX0X000X0XX0XXXX0X0XXXXXXXXXXX0XXXXX0XXXXXXXXXXXXXXX0XXXX0XX0X0XX
XXXXXXXXXXXXXXXXX000XX0XX0XX0XXXX0XXXXXXXXXXX0XXXXXX0XXXXXXX


Generation 22/100  F=U(0.5, 1.0)  N_hist=3960
------------------------------------------------------------------------------------------------------------------------
000X000XXXXXXXXXXXXXXXXXXXXXXXXXXX0XXXXXXXXXXXX0XXX00X0XXXXXXXX0XXXXXXXXXXXXXXXXXXXX0XXXXXX0XXX0XXXXXXXXXXXXXXXXXXXXXXXX
00XXXXXXXX0XXXXXXX000XX00XXXXXXXXX0XXXXXXXXXXXXXXXXXXXXXXXXX


Generation 23/100  F=U(0.445, 1.0)  N_hist=4140
------------------------------------------------------------------------------------------------------------------------
000X00XX0XXXXXX00XXXXXX00X0XXXXXX00XXXXXXXXXX0XXXXXXXX0XX0XXXXXXXXXX0XXXXXXXXXXXXXXXXXXXXX0XXXXXXXXXXXXXXXXX000XXX0X0XXX
XXXXXXXXXXXXXXXXXX00XXXXXX0X0XX0X0XXXX0XXXXXXXXXXXXXXXXXXXXX


Generation 24/100  F=U(0.493056632402, 1.0)  N_hist=4320
------------------------------------------------------------------------------------------------------------------------
X0XX000XXXXXXXXXXXXX0XX0XX0XXXX0XXXXXXX0XXXXXXXXXXXXXX0XX0XXX00000XXX0XXXXXXXXXX00XXXXXXXXXXXXXXXXXXXXXXX0XX0XXXXXX0XXXX
XXXXXXX00XX0XXXXXXXXXXXXXXX0XXXXXXXXXXX0X00XX0XXXXXXXXXXXXXX


Generation 25/100  F=U(0.5, 1.0)  N_hist=4500
------------------------------------------------------------------------------------------------------------------------
0X0XXX00XXX0XXXXXXXXXXXXXXX0XXXXXXXXXXXXXXXXXXX00XXXXXXXXXXXX0XXXXXXXXXXXXXXXXXXXXX0X00XXXXXXX0XXX0XXXXXXXXXXXX0000XXXXX
XX00X0X0XXXXXXXXXXXXXX0X0XXXXXXXXXXX0XX0XXX00XXXXXXXX0XXXXXX


Generation 26/100  F=U(0.5, 1.0)  N_hist=4679
------------------------------------------------------------------------------------------------------------------------
0X00XXX0XXXXXX0XXX0XX00XXXXX00XXXXXXXXX0XXXXXXXXXXXXXXXX0XX0X0XXXX0XXXXXXX0XXXXXXXXX0XXXXXXXXXX00XXX0XXXXXXXXXXX00XXXXXX
XXXXX0XXXXX0XXXXXXXX0+XXXXX00XXXXXXXXXXXXXXXXX0XXXXXXXXXXXXXX


Generation 27/100  F=U(0.5, 1.0)  N_hist=4860
------------------------------------------------------------------------------------------------------------------------
0X00XXXXX0XXXX0000XX0XX0XXXXXXXXXX0XXXXXXX0XXXXXXXXXXXXXXXXXXX0XXXX0XXXXXXX0XX0XXXX0XXXXXXX0XXX00XX0XXXXXXXXXXXXXXXXXXXX
XXXXXXXXX00XXXXXXXXXXXXXXXXXXXXXXXXXXXXXXXXXXXXXXXXXXXXXXXXX


Generation 28/100  F=U(0.445, 1.0)  N_hist=5040
------------------------------------------------------------------------------------------------------------------------
0X0XX000XXXX0XXXXXXXXXXX0XXXXX0X00XXXXXXXXXXX0XXXXXXXX0XXXXXXX0XXXXXXX0XXX0XXXX0XXX0000XXX0XXXX0XXXX0X0XXXXXXXXXXXX0XXXX
XXXX00XXXXX0X0X0XXXX0XXXXXXXXXXXXXXX00XXXXXXXXXXXXXXXXXXXXXX


Generation 29/100  F=U(0.493056632402, 1.0)  N_hist=5220
------------------------------------------------------------------------------------------------------------------------
0X00XX0XX00XXXXXXXXXXX0X0XX0XXXXXXXXXXXXXX00XXXXXXXXXXXXXXXX00XXXXXX0X0+0XXXX0XXXXXXXXXX00XX0XXXXXXXXXXXXXX0XXXXXXXXXXXX
XXXXXX0XXXXXXXXXXXXXXXXXXXXXXXX0XXX0XXXXXXX0XXXXXXXXXXXXXXXXX


Generation 30/100  F=U(0.5, 1.0)  N_hist=5400
------------------------------------------------------------------------------------------------------------------------
00XXX0XXXXXXX0XX0XX0XXXXXXXXXXXXX0XXXXX0XXXXXXXX0XXXXXXXXX00XXXXXXXXX0XXXXXXX0XXX0XXXXXXXXX0X0XXXX0XXXXXXXXXXXXXXXXXXXXX
X0XXXXXXXXXX00XXXXXXX0XXXXXXXXXXXXXX0X0XXXXXXXXXXX0XXXXXXXXX


Generation 31/100  F=U(0.445, 1.0)  N_hist=5580
------------------------------------------------------------------------------------------------------------------------
00X0XX00XXXXXXXXXXXXX0XX0X0XXXXXXXXXXXXXXXXXXX0XXXXXXXXXXXXXXXX00XX0XX0XXXXXXXX00XXXXXXXXXXXXXXXXXXXXXXXXXXXXXXXXXXXXXXX
XX0XXXXXX0X00XXXXX000XXXXXXXXXXXXXXXXXX0XXXXXXXXXXXXXXXXXX0X


Generation 32/100  F=U(0.493056632402, 1.0)  N_hist=5759
------------------------------------------------------------------------------------------------------------------------
000XX0XX000XXXXXXXXXXXXXXXXX0X0XXXXXXXXXXXXXXXXXXXXXXX00X00XXX0XX0XXXX0XX0XXXXXXXX0XXXX0+XXXX0XX00XX0XXXXXXXXX0XX0XXXXXX
XXXXXXXXXXXXXX0X0X0XXXXXXXXXXXX0XXXXXXXXXXXXXXXXXXXXXXXXXXXXX


Generation 33/100  F=U(0.5, 1.0)  N_hist=5940
------------------------------------------------------------------------------------------------------------------------
00X0X00XXXXXXXXXXXXXXXXXXXXXXXXXXXXXXXXXXXXXX0XXXXXXXXXXXXXXXXXXXXXXXXXXXXXXXXXXXX00XXXXXXXXXXX0XXXXXXX0X0XXX0XXXXXXXXXX
XXXXXXXXXXXXXXXXXXXXXXXXXXXXX000XXXXXXXXXXXXXXXXXXXX0XXXXXXX


Generation 34/100  F=U(0.445, 1.0)  N_hist=6120
------------------------------------------------------------------------------------------------------------------------
X000XXX000XX0XXXXXXXXXXX0XXXXXXXX0XXXXXXXXXX0X00XX0XX0+00XXXXXXXXXX0XXXXX0X00XXX0XXX00XXXXXXXXXXXXXXX0XXXXXXXX0XXXXXXXX0
XX00XX00XXXXXXXXXXXXXXXXXXXXXXXXXXXX0XXXXXXXXXXX0XXXXXXXXXXXX


Generation 35/100  F=U(0.493056632402, 1.0)  N_hist=6300
------------------------------------------------------------------------------------------------------------------------
00XXXXXX00X0XX00XX0XXXXXXX0XXXXXXXXXXX0XXXXXXXXXXXXXXX00X000XXXXXX0XX0X0XXXXXXX0XXXXXX0XXXXXXXX0XXXXXXX0X0XXXXXXX0XXXXXX
XXXX0XXXXXXXXXXX0XXX0X0XXXXXXXXXX0XX0XXXXXXXXX0XXXXXXXXXXXXX


Generation 36/100  F=U(0.5, 1.0)  N_hist=6480
------------------------------------------------------------------------------------------------------------------------
000X00XXXX00XXXXXXX00XXXXXX0XXXX0XXXXXXXXXXX0X0XXXXXXXXXXXXX0XXXXX00X0XXXXXXXXXXXXXXXX0XXXXXXXXXXXXX0X000X0XXXXXXXXXXX0X
XXXXXXXX0XX0XXXXXXXXXXXXXXXXXX00XXXXXXXXXXXXXXXXXXXXXXXXXXXX


Generation 37/100  F=U(0.5, 1.0)  N_hist=6660
------------------------------------------------------------------------------------------------------------------------
00X00000XX0XXXXXXXXXX0XXXXXXXXXXXXXXXXXXXXXXXXXXXXXX0XXXXXXXXXXXXX0XX0X0XXXXXXX0XXXXX00XXXXXXXXXXXXXXXXXXXXXX0XX0XXXXXXX
XXXXXXXXXXXX0X0XXXXXXX0XXXXXXXXXX0XXXXXXXXXXXX0XXXXXXXXX0XXX


Generation 38/100  F=U(0.5, 1.0)  N_hist=6840
------------------------------------------------------------------------------------------------------------------------
0X00XX0X0XXXXXXXXXXXXXXX0XXXXXXXXXXXXXX0XXXXXX0XXXXX0XXXXX0X0XXXXXXXXXXX0XXXX0XXXXXXXXXXX0XXXXXXXXXXXXXXXXXXXXXX0XX0X0XX
XXXXX0XXXXXXXX0XXXXXXXXXXXXXXX00XXXXXXXXXXX0XXXXXXXXXXXXXXXX


Generation 39/100  F=U(0.445, 1.0)  N_hist=7020
------------------------------------------------------------------------------------------------------------------------
X000XXXXXXX0XX0XXXXXXX0XXXXXXXXXXXXXX0X00XXXXXXXXXXXXXXXXXXXXX00XX0XXXX00XXX0X000XXXXXXXXXXXX000XXXXXXXXX0XXXXXXXXXXXXXX
X0XXXXX0XXXXXXXXXXXXXXXXXXXXXXXXXXXXXX0XXXXXXXXXXXXX0XXXXXXX


Generation 40/100  F=U(0.493056632402, 1.0)  N_hist=7200
------------------------------------------------------------------------------------------------------------------------
00000XX0X0XX0XXXXXXXXXXX000XXXX0XXXXX0XXXX00XXXXXXXXXXXXXXXXXXXXXXXXXXXXXXXXXXXXXXXXXXXXX0XXXXXXXX0X0XXXXXXXXXXXXXXXXXXX
XXXXXXXX0XXXX0XXXXXXXX00XXXXXXX0XXXXXXXX0XX00XXXXXXXXXXXXXXX


Generation 41/100  F=U(0.438820402838, 1.0)  N_hist=7380
------------------------------------------------------------------------------------------------------------------------
0X000X0XX0XXXXXXX0XXXXXXXXXXXXXXXXXXXXXXXX0000XXXXXXXXXXXXXXXXXXXXXXX0X0XXXXXXXXXXXXXXXXXXXXXX0XX0XXXX0XXXX0XXXXXXXXXXXX
XXXXXXXX0XXXXX00XXXXXXXXXXXXXXXXXXXXXXXXXXXXXXXXXX0+XXXXXXX0X


Generation 42/100  F=U(0.486209685511, 1.0)  N_hist=7559
------------------------------------------------------------------------------------------------------------------------
0X00XX0XX0XXXXXX0XXXXXXXXXXXXXXXX0XXXXXXXXX0XXXXXXXXXXXXX0XXXXX0XXXXXX0XXXXXXXXXXXX0XXXXXXXXXXXXXXXXXXXXXX0XXXXXXXXX00X0
X0X0X000XXXXXXX0XXXXXXXXXXXXXXXXXXXXXXXX0XXXX00XXXXXXXXX0XXX


Generation 43/100  F=U(0.432726620105, 1.0)  N_hist=7740
------------------------------------------------------------------------------------------------------------------------
0X0XXXXXXXXXXXX0X0XXXXXXXXXXXXXXXXXXX0XXXX00XXXXXXXXXX000XXXXXXXXXXXXXXXXXXXXXXXX0XXXXX00XXXXXXXXXXXXXXXXXXXXXXXXXXXXXXX
XXX000XXXXXXXXX0XXXXX0X0XXX0XXXXXXXXXXXXXXXXXXXXXXXXXXXXXXXX


Generation 44/100  F=U(0.479457820359, 1.0)  N_hist=7920
------------------------------------------------------------------------------------------------------------------------
0000XXX000XX00XX0XXX0XXXXX0XX00XXXXX0XXXXXXXXXXX0XXXXXXXXXXXXXXXXX0XXXXXXXXXXXXXXXXXXXXXXX0XXX0XXX00XXXXXXXXXXXXXXXXXXXX
XXXX0XXXXXXXXXX00XXXX00XXXXXXXX0XXXX00XXXXXXXXXXXX0XXXXX0XXX


Generation 45/100  F=U(0.5, 1.0)  N_hist=8100
------------------------------------------------------------------------------------------------------------------------
0X0XXX0XX0XXXXXX00X0XX0XXXXXXXXXXXXXXXXXXXXXXXXXXXX00XXXXXX00X00XX000XXXXXXXXX0XXXXXXXXXXXXXXXX0XX00XXXXXXXXX00XXXXXXXXX
XXXXXXXXXXXX0XXXXXXXX0XXXXXXXXXX000XXXXXXXXXXXXX0XXXXXXXXXXX


Generation 46/100  F=U(0.5, 1.0)  N_hist=8280
------------------------------------------------------------------------------------------------------------------------
X000X0XXXXXXX0XXX0XXXXXXXXXXXXX0XXXXXXX00XXXXXXXXXXXXXXXX0XXX0XXXXXXXXXX0XXXXXXXXXXXXXXXX00XX00XX0XXXXXXXX00XX0XXXXXXXXX
0XXXXXXXXXXXXXXXXXXXXXXXXXXXXXXX00XXXXXXXXXXXXXXXXXXXXXXXXXX


Generation 47/100  F=U(0.5, 1.0)  N_hist=8460
------------------------------------------------------------------------------------------------------------------------
0XX0X0XXXXXXXXXXXXXXXX0XXXXXXXXXXXX0XXXXXXXXXXXXX000XX000XXX0XXXXXXX0XXXXXXXXXX0XX0XXXXXXXXXXXXXXXX0XXXXXXXXXXXXXXXXXXXX
XXXXXXXXXX0XXXXX0XXXXXXXXXX0XXXXXXXXX0XXXXXXXXXXXXXXXXXXXXXX


Generation 48/100  F=U(0.5, 1.0)  N_hist=8640
------------------------------------------------------------------------------------------------------------------------
0000XXXXXXXXXXX0XXXXXXXXXXXXXXXXXXXXXXXXXXX000XXXXXXXXX0XXXXX0XXXXXXX00XXXXXXX0XXXXXXX0XX0XXXXXXXX0XXXXXXXXXXXXXXXXX0XX0
XXXX0XXXXXXX0XXXXXXXXXXXXXXXXXXXXXXXXXXXXXXXXXXXXXXXXXXXXXX0


Generation 49/100  F=U(0.5, 1.0)  N_hist=8819
------------------------------------------------------------------------------------------------------------------------
0XX0X0XXXXXXXXXXXXXXXXXXXXXXXXX000XXX0XXXXXXXXXXXXXXXXXXXXXXXXXXXXXXXXXXXXXXXXXXXXXXXXXXXXXXXXXXXXXXXXX0XXXXXX0XXXXXXXXX
XXXXXX0XXXXXXXXXXXXXXXXXXXXXXXXXXXXXXXXXX0XXXXXXX0XXXXXXXXXX


Generation 50/100  F=U(0.445, 1.0)  N_hist=9000
------------------------------------------------------------------------------------------------------------------------
0X00X0XXXXXXX0X0XX0XXXXXXXXXXX0XX0XXXXXX00XX0XXXX0XXXXXXX0XXXX0XXXXXXX00XXXXXXXXXXXXXXXXX00XXXXXXXXXXXX0XXXXXX0XXX0XXX0X
XXXXXXXXXXXXXX0XXXX0XXXXX00XXXXXXXXXXXXXXXX0XXXXXXXXXXXXXXXX


Generation 51/100  F=U(0.493056632402, 1.0)  N_hist=9180
------------------------------------------------------------------------------------------------------------------------
000X0XXXXXX00X0X00XXXXX0XXXXXXXXXXXXXXXXXXXXXXXX0XXXXXXXXXX0XXXXXXXXXXX0XXXX0XXXXXXXXX00XXXXXXXXX0XXXXXXXXXXXXX00XXXXXXX
XXXXXXXXXXXXXXXXXXXXXXXXXXXXXXXX0XXXXXXXXXXXXXXXXXXXX0XXXXXX


Generation 52/100  F=U(0.438820402838, 1.0)  N_hist=9360
------------------------------------------------------------------------------------------------------------------------
0XX0XXXXXX0XXXXXXXXXXX0XXXX0XXXXXXX0XXXX0XX0XXX0XXXXXXX0XXXXXXX000XXXXXXXX0XXXXXXXX00XXXXXXXXXXXXXXX00XXXXXXXXXXXXXX00XX
XX0XX0XXXX0XX0XXXXXXXXXXXXXXXXXXXXXX0XXXXXXXXXXXXXXXXXXXXXXX


Generation 53/100  F=U(0.486209685511, 1.0)  N_hist=9540
------------------------------------------------------------------------------------------------------------------------
XXX0XXXXXXXXXXXXXXXXXXXXXXXXXXXXXXX000XX0X0XXXXXXXXXXX000XXXXXXXXXXXXXXXXXXX0XXXXXXXXX0XXXXXXXXX0XXXXXXX0X0XXXXXXXXXXX0X
XXXXXXXXXXXXXXXX0XXXXXXXXX0X0XXXXXXXXXXXX0XXXX0XXXX0XXXXXXXX


Generation 54/100  F=U(0.5, 1.0)  N_hist=9720
------------------------------------------------------------------------------------------------------------------------
XXXXXXXXXXXXXXXXXXXXXXXXXXXXXXXXXXXXXXX0XXXXXXXXX00XXXXX0XXXXXXXXXXXXXXXX0XXXXXXXXXXXXXXXXXXXXXXXXXXX0X0XXXXXXXXXXXXXXXX
XXXXXXXXXXXXXXXXXXXXXXXXXXXXXXXXXXXX0X0XX0XXXXXXXXXXXXXXX0X0


Generation 55/100  F=U(0.5, 1.0)  N_hist=9898
------------------------------------------------------------------------------------------------------------------------
00X00XX0XXXXXXXXXXXXXXXXXXX0XXXXXXXXX0XXXXXXXXXXXXXXXXXX0XXX0XXXXXXXXXXXXXXXXXXXXXXXXXXXXX0XXX0XXXXX0X00XXXXXXXXXXXX0XXX
X0X0XXXXXXXXXX0XXXXXXXXXXXXXX0XXXXXXXXXXXXXXXXXXXXXXXXXXXX0X


Generation 56/100  F=U(0.5, 1.0)  N_hist=10080
------------------------------------------------------------------------------------------------------------------------
0000XXX0XXXXXXXXXXXXXXXXXXXXX0XXXXXXXXXXX00XXXXXXXXXXXXX00XXXXXXX0XXXXX0X00XXXX0XXXXXXXXXXXXXXXXXXXXXXXXXXX0X0XXXXX0XXXX
XXXXXXXXXX00XXXXXXXXXXXXXXXXXXXXXXXXX0XXXXXXXXXXXXXXXXXXXXXX


Generation 57/100  F=U(0.445, 1.0)  N_hist=10260
------------------------------------------------------------------------------------------------------------------------
000XXXXXX00X00X00XXXXXXXXXXXXXXXXXXXXXXXXXXXXXX0XXXXXXXXXXXXXX0XXX0X0XXXXXX0X0X0XXXXXXXXXX0XXXX0XXXXXXXXXXXXXXXXXXXXXX0X
0XX0XXXXXXXXXXX00XXXX0XXXXXXXXXXXXXXXXXXXXXXXXXXXXXXXXXXXXXX


Generation 58/100  F=U(0.493056632402, 1.0)  N_hist=10440
------------------------------------------------------------------------------------------------------------------------
00X0X0X0XXXX0XX0XXX0XXX0XXXXXXXX0XX0XX0XXXXX00XX0XXXXXXXXXXXXXXXXXXXXXXX00XXXXXXXXXX0XXXXXXXXXXXXXXXXXXXXX00XX0XXXXXXXXX
XXXXXX0XXXXXXXXXXXXXXXXXXXXXXXX0XXXXXX0XXXXXXXXXXXXXXXXXXXXX


Generation 59/100  F=U(0.438820402838, 1.0)  N_hist=10620
------------------------------------------------------------------------------------------------------------------------
0000+X000XXXXXXXXXXX0XXXXX00XXXXXXXXXX00X00XXXX0XXXXXXXXXXXXXXXXXXXXXXXX00X00XXXXXXXXXXXXXXXXXXXXXXXXXXXXXXXXXX0XXXXXXXX
XXXXXXXXXXXXXXXXXXXXXXXXXXXXXXXXXXXXXX00XXXXXXXXXXXXXXXXXXXXX


Generation 60/100  F=U(0.486209685511, 1.0)  N_hist=10800
------------------------------------------------------------------------------------------------------------------------
X0000XXX0XXX0XXXXXXXXXXXXXXXXXXXXXXXX0XXXXXX0XXXXX0000XXXXXXXXX0XXXXXXX00XXXXXX00XX0XXXXXXX0XXXXXXXX0XXXXXXXXXXX0XXXXXXX
XXXXXXXXXXXXXXXXX0XXXXXXX0XXXXXXXXXXXXXXXXXXXXXXXXXXXXXXXXXX


Generation 61/100  F=U(0.5, 1.0)  N_hist=10980
------------------------------------------------------------------------------------------------------------------------
00X0X000X0X0XXXXX0XXXXXXXX0XXXXXXXXXXXXXXXX0XXXXXXXXXXXXXXXXXXXXXXX0XX0XXX0XXX0XX0XXXXXXXXX0XXX0X0XXXX00XXXXXXXXXXX0XXX0
0XX0X00XXXXXXXXXXXX0XXXXXXXXXXXXXXXXXXXXXX0XXXXXXX0XXXXXXXXX


Generation 62/100  F=U(0.5, 1.0)  N_hist=11160
------------------------------------------------------------------------------------------------------------------------
0XXXXXXXXXXXXXXXXXXXXX0XXXXXXXXXXX0XXXXXXXX0XXXXXX0XXXXXXXXXXXXX0XX0XXXXXXXXXXXXXXXXXXXXXX000XX0XXXXXXXXX0XXXXXXXXXXXXXX
XXXXX00XXXXXXXXXXXX0X0XX0X0XXXXXXXXXXXXXXXXXXXXXXXXXXXXXX0XX


Generation 63/100  F=U(0.445, 1.0)  N_hist=11340
------------------------------------------------------------------------------------------------------------------------
000X000XXXXXXXXXXX0XXXXXXXXX0XXXXXXXXXXXXXXXXXX0XXXXXXXXXXXXXXXX0X0+00XXX0XXXXX00XXXXXX0XXXXXXXXXXXXXXXX0XXXX0XXXXXXXXX0
XXXXXXXXXX0XXXXXXXXXXXXXXXXXXXXXXXXXXXXXXXXXXXXXXXXXXX0XXXXXX


Generation 64/100  F=U(0.493056632402, 1.0)  N_hist=11520
------------------------------------------------------------------------------------------------------------------------
00X0X0XX0XXXXXXXXXXXXXXX0XXXXXXXXXXXXXXXXXXXXXXXXX0XXXXXXXXXXXXXXXXXXXXXXXX00X0XXXXXXXXXXX0XXXXX0XXXXXXXXXXXXXXXXXXXXXXX
XXXXXXXXXXXXXXXX0XXXXXXXXXX0XXXXXX0XXX0XXX0XXXXXXXXXXXXXXXXX


Generation 65/100  F=U(0.5, 1.0)  N_hist=11700
------------------------------------------------------------------------------------------------------------------------
000XXXXXXXXXXXXXXXX0XXXX0XXXXXXXXXXXXXXXXXXXXXXXXXXXX0XXXXXXXXXXXXX00XXXXXXXXX0XXXXXX0XXXXXXXXXXXXXXXXXXXXX0XXX0XX0XXXXX
XXXXXXXXXXXXXXXXXX0XXXXXXXXXX0XX0XXXXXXXXXXXXXXXXXXXXXXXXX0X


Generation 66/100  F=U(0.5, 1.0)  N_hist=11879
------------------------------------------------------------------------------------------------------------------------
000X00XXXXX0+XX0XX0XXXXXXXXXXXXXXXXXXXX0XXXX00XXXXXXX0XXXXXXXXXXXXXXXXXXXXXXXXXXXXXXXXXXXX0XXXXXXXXXXXXX0XXXXXXXXXXXXXXX
XXXXXXXX0XXXXXXXXXXXXXXXXX0XXXXXXXXXXXXXXXXXXXXXXXXXXXXX0XXXX


Generation 67/100  F=U(0.445, 1.0)  N_hist=12060
------------------------------------------------------------------------------------------------------------------------
0XXX0XXXXXXXXXX0XXXXXXXXXX0XXXX0XXXXXX00XXXXXXXXXXXXXXXXXXXXXX0XX0XXXXXX0XXXXXXXX0XXXXXXXXXXXXXXXXXXXXXXXXXXXX0XXXX0XXXX
XXX0XXXXXXXXX0XXXXXXXXXXXXXXXXXXXXXXXXXXXXXXXXXXXXXXXXXXXXXX


Generation 68/100  F=U(0.39605, 1.0)  N_hist=12240
------------------------------------------------------------------------------------------------------------------------
0000XX00XXXXXX0XX0XXXXXX0XXXXXXX00XXXXXXXXXXXXXXXXXXXX0XXXXXXXXXX0XXXXXXXXXXXXXXXXXXX0XXXX0XXXX0XXXXXXXXXXX0XXXXXXXX0XXX
XXXXX0XXXX0XXXXXXXXXXXX0XXXXXXXX0XXXX0XXXXXXXXXX0XX0XXXXXX0X


Generation 69/100  F=U(0.438820402838, 1.0)  N_hist=12419
------------------------------------------------------------------------------------------------------------------------
0X00X0XXXXX000XXXXXXXXXX00XXXXXXXXXXXXXXXXXXXXXXXXXXXX0X0XX0X0XXXXXXXXXXXXXXXXXXXXXXXXXXXXXXX0XXXXXXXXXX0XXXXX00XXXXXXX0
XXXXXXXXXXXXXXXXXXXXX0+X0XXXXXXXXXXXXXX00XXX0XXXXXXXXXXXXXXXX


Generation 70/100  F=U(0.486209685511, 1.0)  N_hist=12600
------------------------------------------------------------------------------------------------------------------------
0XXX0XXXXX0XXXXXXXXXXXXXXXXXXXXXXXXXXXXXXXXXX0XXXXXXXXXXXXXXXXXXXXX0XXXXXXXXXXXXXXX0XX0XXXXXX0XXXXXXXXXX0X0XXX0XXXX0XXX0
XXXXXXXXXXXXXXXXXXXXXXXXXXXX00XXXXXXXXXXXXXXXXXXXXXXXXX0XX0X


Generation 71/100  F=U(0.432726620105, 1.0)  N_hist=12780
------------------------------------------------------------------------------------------------------------------------
000X00X00X0XXXXXXXX0XXXXXXX0XXXXXXXXXXXX0XXXXXXXXXXXXXXX0XXX0XXXXXXXXXXXXXXXXXXXXX0XXXXXXXX0XXXXXXXXXXXXXX0XXXXXXXX0XXXX
XXXX0XXXXXXXXXXXXXXX0XXX0XXXXXXXXXXXXXXX00XXX0XXXXXXXXXXXXXX


Generation 72/100  F=U(0.385126691893, 1.0)  N_hist=12960
------------------------------------------------------------------------------------------------------------------------
000000XX0XXXXXXXXXXXXXXXXXXXXXXXXXXXXXX0XXX0XXXXX0XXXX0X0XXXXXXXXXXXXXXXXXX000XXXXXXXXXXXXX0000XX00XXXXXX0XXXXXXXXXX0XXX
XX0XXXXXXXXXXXXXXXXXXXXXXXXXXXXXXXXXXXXXXXXXXXXXXXXXXXXXXXXX


Generation 73/100  F=U(0.426717460119, 1.0)  N_hist=13140
------------------------------------------------------------------------------------------------------------------------
XXX0XXXXXXXXXXXXXXXXXXXXX0XXXXXXXX0XXXXXXXX0XXX0XXXX00XXXXXXXXXXXXXXXXXXXXXXXXXXXXXXXXX0XXXXXXXXX00XXXXXXXXXXXXXXXXXX0XX
XXXXXXXXXXXXXXXXXXXXXXXXXXXXXXXXXXXXXXX0XX00XXXXXXXXXXXXXXXX


Generation 74/100  F=U(0.379778539506, 1.0)  N_hist=13320
------------------------------------------------------------------------------------------------------------------------
000XX0XX0X0XXXXXXX0XXXXXXXX0XXXXXXXXXXXX0XXXXX0XXXX0X0XXXXXXXXXXXXXXXXXX0XXX0XX0XXXXXXXXX0XXXXXXXX00X0XXXXXXXXXXXXXXXXXX
XXXXX0XX0XXXXXX00XXXXXXXXXX0XXXXXXXXXXXXXXXXXXXXXXX0XXXXXXXX


Generation 75/100  F=U(0.420791747747, 1.0)  N_hist=13500
------------------------------------------------------------------------------------------------------------------------
X00XX00XXXXXXXXX0XXXXXXXXXXXXXXXX00XXX0XXXXXXX0XX0XX0000XXXXXXXX0X0XXXXXXXXXXXXXXXXXXXXXXXXXX0XXXXXXXXXXXX0XXXX0X0XXX0XX
XXXXXX0XX0XX0XXX0XXX0XXXXXXXXXXXXXXXXXXXXXXXXXXXXX0XXXXXXXXX


Generation 76/100  F=U(0.466234072105, 1.0)  N_hist=13680
------------------------------------------------------------------------------------------------------------------------
0X0000XX0XXXXXXXXXX0XXXX0XXXXXXXXX0XXXXXXXXXXXXXXXXXXXXXXXXX0XXXX0XXXXXXXXXXXXX0X0XXXXXXXXXXXXX00XXXX0X0XXXXXXXXXXXXXXXX
X0XXX0XXXXXXXXXXXXXXXXXXXXXXXXXXXXXXXXXXXXXXXXXXXXXXXXXXXXX0


Generation 77/100  F=U(0.414948324173, 1.0)  N_hist=13859
------------------------------------------------------------------------------------------------------------------------
000X00XX00XXXXXXX0XXXXXXXXXXXXXXXXXXX0XXXX000XXX0XXXXXXXXXXXXXXXXXX000XXXXX0XXXXX0XXXXXXXXXXXXXXXXXXXXXXXXXX0XXXXXXX0XXX
XXXXXXX0XX0XXXXXXXXXX0XXXXXXXXXXXX0XXXXXXXX0XXXXXXX0XXXX0XXX


Generation 78/100  F=U(0.459759603006, 1.0)  N_hist=14040
------------------------------------------------------------------------------------------------------------------------
00X00XXXXXXXXXXX0X0XXXXXXXXXXXXXXXXXX0XX00XXXXXXXXXXX0XXXXXX0XXXXXXXXXXXXX0XXXX0XXXXXXXXXXXXXX0X0XXXX0X0XX00XXXXXX00XXXX
XXXXXXXXXXXXXXXXXXXXXXXXXXX0XXXXXXXXXXXXXXXXXXXXXXXXXXXXXXXX


Generation 79/100  F=U(0.5, 1.0)  N_hist=14220
------------------------------------------------------------------------------------------------------------------------
00X0XXXXX00XX0XXXXXXXXXXXXXXXXXXXXXXXXXX00XXXXXXXXXXXXXXXXXXX0XXXXXXXXX0XXXXXXXXXXXXXXXXXXX0XXXXXX000XX00X00XX00X0XXXXXX
XXXXXXXXXXXXXXXXXXXXXXXXXXXXXXXX0XXXXXXXXX00XX00XXXXXXXXXXXX


Generation 80/100  F=U(0.5, 1.0)  N_hist=14400
------------------------------------------------------------------------------------------------------------------------
0XXX0XX0X0XXXXXXX0XXXX0XXXXXXXXXXXXXXXXXXXXXXXXX0XX0XXXX0XX0XXXXXXXXXXXXXX0XXXXXXXX0XXXXXX0X00XXXX0XXXXXXXX00XXXXXXXXXXX
XXXXXXX00XXXXXXXXXXXX0XXXXXXX0XXX0XXXXXXX0XXXXXXX0XXXXXXXXXX


Generation 81/100  F=U(0.5, 1.0)  N_hist=14580
------------------------------------------------------------------------------------------------------------------------
0X000XXX00XXXXXXXXXXXXXXXXXXXXXXXXXXXXXX00XXXXXXXXXXXXXXXXX0XXXXXXXXXXXXXXXXXXX00X0XX0XXXXXXXXX0XXXXXXXXXXXX0XXXXXXX0XX0
XXX0XX0XXXXXXXXXXX0XXXXXXXXXXXXXXXXXXXXXXXXXXXXXXXXXXXXXXXXX


Generation 82/100  F=U(0.5, 1.0)  N_hist=14760
------------------------------------------------------------------------------------------------------------------------
0000+0XX0X0XXXXXXXXXXXX0XXXXXXXXXXXXXXXXXXXXXXX0XXX0X0XXXXXXXXXXXXXXXXXXXXX00XXXXXXXX0XXXXXXXXXXXXXXXXXXX0XXXXXXXXXX00XX
XXXXXX0XXXXXXXXXXX0X0XXXXXXXX0XXXXXXXXXXXX0X0XXXXXXXXXXXXXXXX


Generation 83/100  F=U(0.5, 1.0)  N_hist=14940
------------------------------------------------------------------------------------------------------------------------
XXXXX0XXX0XXXXXXXXXXXXXXXXXXXXXXXX0XXXXX000XXXXXXXXXXXXXXX0XXXXXXXXXX0XXXXXXX0X000XX0X0XXXXXXXXXXXXXXXXX0XXXX0XXXXXXXXXX
XXXX0XXXXXXXX0XXXXX0XXXX0XXXXXXXXX00XXXX0XXXXXXX0XXXXXXXXXXX


Generation 84/100  F=U(0.5, 1.0)  N_hist=15120
------------------------------------------------------------------------------------------------------------------------
0X0XXXXXXXXX0XXXXXXXXXXXXXXXXXX0XXXXXXXXXX0XXXXXX0XXXXX00XXXXXXXX0XXX0XXXXXXXXXXXXXX0XXXXXXXXX0XXXX0XXXXXXXXXXXXXXXXXXXX
XXXXXXXXXXXXXXXXXX000XXXXXXXXXXXXXXXXXXXXXXXXXX0XXXXXXXXXXXX


Generation 85/100  F=U(0.5, 1.0)  N_hist=15300
------------------------------------------------------------------------------------------------------------------------
X0000XXXXXXXXXXXXXXXX0XX0XXXXX0XXXXXXXXXXXXXXXXXXXXXXXXX0X0XX0XXXXXXXXXXXXXXX0XXXXXXXXX0XXXXXXXXXXXXX0XXXXXX0XXXXXXXXXXX
XXXXXXXXXXXXXXXX0X00XXX0XXXXXX0XXXXXXXXXXXXXXXXXXXXXXXXXXXXX


Generation 86/100  F=U(0.445, 1.0)  N_hist=15480
------------------------------------------------------------------------------------------------------------------------
0X00XX0XXXXXXX0XXXXXXXXXXXXXXXXXXXXXXXXXXXXX0XXXXXXXXXXXXXXXX0XXXXXXXXXXXXXXXXXX0XXXXXXX0XXXXXXXXXXXXXXXXX0XXXXXXXXXXXXX
XXXXXXXXXX0XX0XXXXXXXXXXX0XXXXXXXXXXXXXXXXXXXXXXXXXX00XXXXXX


Generation 87/100  F=U(0.39605, 1.0)  N_hist=15660
------------------------------------------------------------------------------------------------------------------------
0XXX00X0XXXXXXXXXXXXXXXXX00XXXXXXXXXX0XX0XXXXXXXXXXXXXXXXXXXXXXXXXXXXXXXX0XXXXXXXXXX0X0XXXXX0XXXXXXXXXXXXXXXXXXXXXXXXXXX
XX0XXXXXXXXXX0XXXX00X0X0XXXXXXXX00XXXXXXXX0XXXXXX00XXXXXXXXX


Generation 88/100  F=U(0.438820402838, 1.0)  N_hist=15840
------------------------------------------------------------------------------------------------------------------------
00X0XXX00XXXX00XXXX0XXXXXXXXXXXXXXX00XXXXXXX0XXXXXXXXXXXXXXXXXXXXXXXXXX0XXXXXX0XXXXXXX00XXXXXXXXXXXX0XXXXXXXXXXXXXXXXX0X
XXXXXXXX0X0X0XXXXXXXXXXXXXXXXX0XXXXXXXXXXXXXXXXXXXXXXXXXXXXX


Generation 89/100  F=U(0.486209685511, 1.0)  N_hist=16020
------------------------------------------------------------------------------------------------------------------------
0X00XXXXXXXXXXXXXXXXXXXXXXXXXXXX00XXXXXXX0XXXXXXXXXXXXXXX00XX0XXXXXXXXXXXXXXXXXXXXXXX0XXXXXXXXXXXXXXXXXXXXXXXX0XXXXX0XXX
XXXXXX0XXXXXXXXXXXXXX0XXXXXXX0XXXXXXXXXXXXXXXXXXXXXXXXXXXXXX


Generation 90/100  F=U(0.5, 1.0)  N_hist=16200
------------------------------------------------------------------------------------------------------------------------
00XXXX0XXXXXXXXXX0XXXXXX0XXXXXXX0000XXXXXXXXXX0XXXXXXXXXXXXXXXX0000XX0X0XX0XXXXXXXXXXXXXXXXXXXXXXXXX0XXXXXXXXXXXXXXXXXXX
XXXXXXXXXX0XXXXXXXX0XXXXXXXXX0X0XX0XXXXXXXXXXXXXX0XXXXXXXXXX


Generation 91/100  F=U(0.445, 1.0)  N_hist=16380
------------------------------------------------------------------------------------------------------------------------
0X0XX0XXX0XXX0XXXXXXXXXXXXXXXXXXXXXX0XXXXXXX0X0XXXXXXXXXXX0XXXXXX0XXXXXXXXXX0XXXXXXXXXXX0X0XXXXXXX0XXXXXXXXXXXXX0XXXXXXX
XXXXXXXXXX00XXXXXXXXXXXXXXXXXXX0XXXXXXXXXXXXXXXXXXXXXXXXXXXX


Generation 92/100  F=U(0.39605, 1.0)  N_hist=16560
------------------------------------------------------------------------------------------------------------------------
X0XXXXXXXXXXXXXXX0XXXXXXX0XXXXXXXXXX0XX0XXXXXXXXXXXXXXXX00XXXXXXX0XXXXXXXXXXXXXXXXXXXXXXXXX0X0XXXXXXXXXXXXXXXXXX0XXXXX0X
XX0XXXXXXXXXXXXXXX0XXXXXXX0XXXXXXXX0XXXXXXXXXXXXXXXXXXXXXXXX


Generation 93/100  F=U(0.3524845, 1.0)  N_hist=16740
------------------------------------------------------------------------------------------------------------------------
0X0X000XXXXXXXXXXXXXXXX0XXXXXXXXXXXXXXXXXX0XXXXXXXXXXXXXXXXXXXXXXXXXXXXXXXXXX0XX0XXXXXXXX0XXXXXXXXXXXXX0X00XXXXXXXXXXXXX
X0X0XXXXX0XXXXXXXXXXXXXXXXXXXXXXXXXXXXXXXXXXXXXXXXXXX0XXXXXX


Generation 94/100  F=U(0.313711205, 1.0)  N_hist=16920
------------------------------------------------------------------------------------------------------------------------
0X00XX0XXXXXXX0XXXXXXXXXXXXXXXXXXXXXXXXXXXXXXXXXXXXX0XXXXXXXXXX00XXXXXXXXX00XXXXXXXXXXXXXX0XXXXX0XXXXXXXXXXXXXX0XXX0XXXX
XXXXXXXXXX0XXX0XX0XXXXXXXXXXXXXXXXXXXXXXXXXXXXXXXXXXXXXXXXXX


Generation 95/100  F=U(0.27920297245, 1.0)  N_hist=17100
------------------------------------------------------------------------------------------------------------------------
00X0X0XXXXXXXXXXXXXXXXXXXXXXXXXXXXXXX0XXXXXXXXXX0XXXXXXX0XXXXXXXXXXXXXXXX00XXXXXXXXXXXXX0XXX00XXX0XXXXXXX0XXXXXXXXXXXXXX
XXXXXXXXXXXXXXXXXXXX0XXXX0XXXXXXXXXXXXXXXXXX0XXXXX0X0X0XXXXX


Generation 96/100  F=U(0.248490645481, 1.0)  N_hist=17278
------------------------------------------------------------------------------------------------------------------------
0X0X0XX0XXXXXX0XXXXXXXXXXXXXXXXXX0XXXXXXXXXXXXXXX00XX0XX0XX0XXXXXXXXXXXXXXXXXXXXXXXXXXXX00000XXXXXX0XXXXXXXXXX0XXXXXXXXX
XX0XXXXXX0XX0XXXXXXXXXXXXXX0XXXX0XXXXXXXXXX0XXXXXXXXX0XXX0XX


Generation 97/100  F=U(0.275325754706, 1.0)  N_hist=17459
------------------------------------------------------------------------------------------------------------------------
XX0XX0X0XXXXXXXXXXXXXXXXXXX0XXXXX00XXXXXXXXXXXXX0XXXXXXXXXXXXXXXXXXXXXXXXXXXXXXXX0XXXX0X0XXXXXXX0XXXXX00XXX0XXXXXXX0XXXX
00XXXXXXXX0XXXXXXXXXXX0XXXXXXXXXXX0XXXXXXXXXXXXXXXXXXXXXXXXX


Generation 98/100  F=U(0.305058852649, 1.0)  N_hist=17640
------------------------------------------------------------------------------------------------------------------------
0X0XXXXXXXXXXXXXXXXXXXX0XXXXX0XXXXXXXX0XXXXXXXXX0X00XXX0XXXXXXXXXXXX0XXXXX00XXX00XXXXX0XXXXXXXXXXXXXXXXXXXXXXXXXX00XXXXX
XXXXXXXXXXXXXXXXXXXXXXXXXXX0XXXXX0XXXXXXXXX0XXXXXXXXXXXXXXXX


Generation 99/100  F=U(0.33800290016, 1.0)  N_hist=17820
------------------------------------------------------------------------------------------------------------------------
0XXXXXX00XXXXXXXX00XXX0XXXXXXXXXXX00XX0XXXXXXXXX0X0XXXXXXXXXXXXX00XXXXXX00XXX0XXXXXXXXXXXXXXXXXXXXXXXXXXXXXXXXXXXXXXXXXX
XX0XX0XXXXXXXXXXXX00XXXXXXXXXXXXXXXXXXXXXXX0XXXXXXX0XXXXXXX0


Generation 100/100  F=U(0.374504655495, 1.0)  N_hist=17999
------------------------------------------------------------------------------------------------------------------------
0X0XX00XXX00X0XXXXXXXXXXXXXXXXXXXXXXXXXXXXXXXXXXXXXX0XXXXXXXXXXX0XXXXXXXXXX0XXXXXXXXXXXXXXXXXXXXXXXXX00X0XXXXXXXXXX0XXX0
X0XXXXXXXXXXXXXXXXXXX0XXXXXXXX0X0XXXXXXXXXXXXXXXXXXXXXXXXXXX

Maximum number of iterations reached.

SSE=12.467 on eval 18180: L=1.11207e+07* b=0.212108 r=0.353933 rf=0.708916 t0=63.1106 th=7.17139


Shutting down DE...
DE shutdown complete.

Final population:
Population: 180 individuals with SSE 12.467 to 12.47, avg eval time 0.0307 sec. Top 7:

        SSE |     12.467       12.467       12.467       12.468       12.468       12.468       12.468  
------------------------------------------------------------------------------------------------------------------------
          L | 1.1121e+07*  1.6122e+07*  1.2341e+07*  1.2759e+07*  1.9037e+07*  8.5471e+06*  8.3815e+06* 
          b |    0.21211     0.010006*     0.13159      0.23651     0.022494*     0.12993      0.19681  
          r |    0.35393      0.35334      0.35416      0.35377      0.35238      0.35354      0.35225  
         rf |    0.70892      0.71137      0.71175       0.7113      0.71035       0.7102       0.7081  
         t0 |     63.111       63.133       63.126       63.139       63.147       63.165       63.189  
         th |     7.1714        7.177       7.2184       7.1927       7.1279       7.2722       7.2009  
------------------------------------------------------------------------------------------------------------------------
Best individual:
<SSE=12.4668 L=1.11207e+07* b=0.212108 r=0.353933 rf=0.708916 t0=63.1106 th=7.17139>


Elapsed time: 219.12 seconds

Saved final population of best parameter combinations to covid19.dat
Shutting down...
Task Queue is shut down
Goodbye
