Decompressing and parsing covid19.csv.bz2...
Cumulative and new cases reported thus far for Singapore
------------------------------------------------------------------------------------------------------------------------
000	01/22	0	0
001	01/23	1	1
002	01/24	3	2
003	01/25	3	0
004	01/26	4	1
005	01/27	5	1
006	01/28	7	2
007	01/29	7	0
008	01/30	10	3
009	01/31	13	3
010	02/01	16	3
011	02/02	18	2
012	02/03	18	0
013	02/04	24	6
014	02/05	28	4
015	02/06	28	0
016	02/07	30	2
017	02/08	33	3
018	02/09	40	7
019	02/10	45	5
020	02/11	47	2
021	02/12	50	3
022	02/13	58	8
023	02/14	67	9
024	02/15	72	5
025	02/16	75	3
026	02/17	77	2
027	02/18	81	4
028	02/19	84	3
029	02/20	84	0
030	02/21	85	1
031	02/22	85	0
032	02/23	89	4
033	02/24	89	0
034	02/25	91	2
035	02/26	93	2
036	02/27	93	0
037	02/28	93	0
038	02/29	102	9
039	03/01	106	4
040	03/02	108	2
041	03/03	110	2
042	03/04	110	0
043	03/05	117	7
044	03/06	130	13
045	03/07	138	8
046	03/08	150	12
047	03/09	150	0
048	03/10	160	10
049	03/11	178	18
050	03/12	178	0
051	03/13	200	22
052	03/14	212	12
053	03/15	226	14
054	03/16	243	17
055	03/17	266	23
056	03/18	313	47
057	03/19	345	32
058	03/20	385	40
059	03/21	432	47
060	03/22	455	23
061	03/23	509	54
062	03/24	558	49
063	03/25	631	73
064	03/26	683	52
065	03/27	732	49
066	03/28	802	70

Initializing 210 population members having 7 parameters
------------------------------------------------------------------------------------------------------------------------
*!!!!22999!!951!!!99!9329999999929221999999199289969951999429!9989369299999219983299149169933915299999292991399999999995
913999991212999992991292999922499929199499432999919929999982999991399919742991993993299199

Population: 210 individuals with SSE 0.42946 to 544.44, avg eval time 0.0143 sec. Top 7:

        SSE |    0.42946      0.43287      0.45046      0.45257      0.46175      0.49406      0.50088  
------------------------------------------------------------------------------------------------------------------------
          L | 1.9743e+07    2.163e+08    8.615e+07   1.6423e+07   1.5229e+08   1.0709e+08   2.1434e+08  
          a |      11.98       21.171       10.845       15.719       18.403       15.319       20.702  
          b |    0.96846       2.4284      0.67507       1.2344         7.17       6.7887        5.589  
          n |    0.29312     0.039594*     0.16612       0.1934      0.29382      0.20531       0.1745  
          r |   0.066634     0.043806     0.088122      0.07598     0.019175     0.052004     0.054978  
         t0 |      27758        11041        40822        95771**      22253        10023        24267  
         ts |     54.118       54.441       53.648       54.633       54.249       54.052       55.648  
------------------------------------------------------------------------------------------------------------------------
Best individual:
<SSE=0.4295 L=1.97425e+07 a=11.9796 b=0.968457 n=0.293117 r=0.066634 t0=27758.3 ts=54.1176>

Performing DE with CR=0.8, F=U(0.5, 1.0), DE/rand-1.00/1/bin
------------------------------------------------------------------------------------------------------------------------

SSE=0.42946 on eval 210: L=1.97425e+07 a=11.9796 b=0.968457 n=0.293117 r=0.066634 t0=27758.3 ts=54.1176

Press the 'Enter' key to abort.



Generation 1/50  F=U(0.5, 1.0)  N_hist=210
------------------------------------------------------------------------------------------------------------------------
9976XXX12X324XXX3X3X35X1XX37X9X9X3X19XXXXXX9X932XX9X29X92XX9X92XX295X2XXXX91X91X9X41X3XXXX9X961XXXX5X1X4X96953XXX1XX2X2X
1XXXX4X2X9399913X9X4X4435XX3X33XX22XX99XXX2X14X7X919XX2XX39X912X99X4X91XXXX7X3XXX2XX93X71X


Generation 2/50  F=U(0.5, 1.0)  N_hist=420
------------------------------------------------------------------------------------------------------------------------
XXXXXXX99411XXX31X2XX4X181XX2X9X192X2XX912X573X3XXXX3XXX9XX2X3XX9XXXX2X993X9X1211XXX53X5XXX9XX1XX164XXXXX921XX9X98X3X9X9
X1X5X42X9XXX5X1X2X2369191X951X9XXXX62XXX2X99X1XXX0X20X99X6XXXXXXX196XXX19X691X99149XXX2XXX


Generation 3/50  F=U(0.5, 1.0)  N_hist=630
------------------------------------------------------------------------------------------------------------------------
XXX7X97XX9X9XXXXXX2XXX9X251XX1XXXXX3X2XX2X91122X1X8X11+19X513XXXXX9X41X11XX1XXXX121XXX1141X9XXX9XXX111971X2X21XX114XXXXX
XXX3XXX3XXXX9X4111X42X99XXXX922XXXXX4XXX92XX22X119XXXX25XXX9XXX219X21X95X16X11250X9XXX17X2X


Generation 4/50  F=U(0.5, 1.0)  N_hist=840
------------------------------------------------------------------------------------------------------------------------
1XX2XX9XXX2X1191X1XXXXXX1XXX2XXX22X5XX11X12XXX1X39XXX1X9X1XXXXX12X1X28X12XXXX1XXXXXXX1XX3XXXXX2XX6XXX1XXX2XX9X2XX22XXX1X
XXX9X1XXXX1XXXXX0X1X121XX26XXXXX2XXX1X2XXXXXXX1X9XXX2XXXXXXXXXXXX12X2X91XXXX2XX5XXX2XXXX1X


Generation 5/50  F=U(0.5, 1.0)  N_hist=1050
------------------------------------------------------------------------------------------------------------------------
X2XXXXXXXXXX11XXXX0611XXXXXXXX1XX2XX2XXXXXXX2XXXXX4X1XXX111X9XX4XXXX1X21112X4X1XXXXXXXXXX3XXXXXXXX31XXXXXXXXXXXXXX1X21XX
XX2XX12XX1X1X1XXX0X11XXXXXXXXX6XXXXXXX1X11XXXXX1XX0XX3XXXXXXXXXXXXXXXXXXXXXX121XX1XX1XX241


Generation 6/50  F=U(0.5, 1.0)  N_hist=1260
------------------------------------------------------------------------------------------------------------------------
1XXXXX1XXX11XXXXX1X211

SSE=0.40964 on eval 1282: L=1.79679e+08 a=16.7887 b=0.207382* n=0.143491 r=0.056417 t0=69546.7 ts=53.7885

+X11XX3XX1XX1XXXXXX0XX1X1XX01211X1XXXXXX2X041XX11X2XXXXXXX1XXXXXX1X1X31XXXXX0XXXXXXX1XXXX1X1XX1XXX
X1XX0XX1XXXX1XXXXXXXXXXXXXX11X11XXXXXXXXX1XXX0XX1XXXXXXXXXX1XXXXXX0X1XXX1XXX2XXXX1XXXXXXX1X


Generation 7/50  F=U(0.5, 1.0)  N_hist=1470
------------------------------------------------------------------------------------------------------------------------
XXXXX1XX112XX10XXXX1X1XX2XX1X12X1XX1XXXXXXXXXXXXXXXX211XXXXXXXXXXX120X1X1XXXXXXXXXXXXX11XXX1XX101XXXXXX1XXXX1XX11011XX11
XXXXXXXXXX1XXXXXXXXXXX1XXXXXXXX1111XX11XXXX11XXX2XXXXXXX1XXXXX1XXXXXXXXXXXXX0X2XXXXXXXXXXX


Generation 8/50  F=U(0.5, 1.0)  N_hist=1680
------------------------------------------------------------------------------------------------------------------------
111X111XXX1XXXXXXX1X111111XXXXXXX0XXXXXXXX1X00XXXXXXX01XXX1XX1XX2+XXXX11X111X1XXXXXXXXXXXXX1XXXXXXXXXXX1XXXXXXX1XX1X10XX
0XX10XXXXXX1XX111XXXXX11XXXXXXXXX01XXXXXX0XX1XXXXXXXXXXXXXXXXXX111XXX1XXX1XXXXXXXXXXXXXX1XX


Generation 9/50  F=U(0.5, 1.0)  N_hist=1889
------------------------------------------------------------------------------------------------------------------------
11111X11X01XXXXXXXXXXXXXXXXXXXX1XXXXXXX1XXXXX1X11XXXXXXX1XXXXXXXXXXXXXXX1XX11X101XX0XXXXXXX1X101XXXX0XX11XXXXXXX1XXXXXXX
XXXXX1XXX0111

SSE=0.39307 on eval 2044: L=2.46614e+08 a=16.7109 b=0.744502 n=0.280439 r=0.0343531 t0=30507.4 ts=52.937

+XX1XXXXXXXXXXX1XXXXX1XXXXX1XXX01X1X1XXXXXXX1XXXXXXXXXXXXXXXXX0XXXXX1XXXXXXXXX


Generation 10/50  F=U(0.5, 1.0)  N_hist=2100
------------------------------------------------------------------------------------------------------------------------
11111X1111X11XXX1XXXXXX11XXXX1XXX1XXXX01XXXX1XXXX11XXXXXXXXXXXXX0XXXXXXXX1XXXXXXXXX1XXX1XXXXXXXXXXXXXXXX1X01111X1XXXXX1X
XXX101111XXXXXX11XXXXXXXXXXXXXXXXXXXXX10XXXX11XXX1XXX1XXX1XXXXXXXXXXXXXXXXXX1XXXXXXXXXXXXX


Generation 11/50  F=U(0.5, 1.0)  N_hist=2310
------------------------------------------------------------------------------------------------------------------------
1110101X110XX1XXXXXXXXXXXXX1X11+XXXXXXXXX1XXXXXXXXXXXXXXXXXXXXXXXXXXXXXXXXXXXX1XXX1XXXXXXXXXXXXX11XXXXXXXXXX1XXX0XXXXX11
1XX1X1XXXXXXXX1XXXX1XXXXX1XXX01X10XXXX1XXX1XXXXX1X1XXXX1XXXX1XXXXXXXXXXXX1XXXXXX1XX1XX1XXXX


Generation 12/50  F=U(0.5, 1.0)  N_hist=2520
------------------------------------------------------------------------------------------------------------------------
11XXX110X100XX1X1XX1XXXXXXXXXXXXXXXXXXXXXXXXXXXXXXXX1X11XXXXXXXXXXXXXXXXX111XX1XXXXX1XXXX11XXXXX1XXXXXXXXXXXXXX1XXXXX1XX
XXXX1XXXXXX111XXXXXXXXXXXXXXXXXX1XXXXXX1XXXXXXXXXXXX01XXXXXXXXXXXXX11XXXXXXX0XXXXXXXXXXXXX


Generation 13/50  F=U(0.5, 1.0)  N_hist=2730
------------------------------------------------------------------------------------------------------------------------
01111X1100X11XX1XXXXXX11XXXXXXXXXXXXXXXX1XXXXX1XX1X11XXXXXXX1XXXX0XXXXXX11XXXXXXXXXXXXXXXXXXX11XX11XX10XXXXXXXXX111XXXXX
XXXXXXXXXXXXXXX0XXXXXXXXXXXXXXXXX1XXXXXX0XXXXXXXXXX11XX1X1XXXXXXXXXXXXX1XXXXXXXXXXXXXXXX1X


Generation 14/50  F=U(0.5, 1.0)  N_hist=2940
------------------------------------------------------------------------------------------------------------------------
01111X1X1XXXX1XXXX1XXXX0XXXXX1XXXXX1XXXXXXXXXX1XXXXX01111XXXXXX1XXXXXX1XXXXXXXXXXXXXXX111XXX11XX1XXXXXXXXXXXXXXX1XXXX11X
X1XXXXXXXXXX11X01XXXXXX1XXXXXXXXXXXXXXXXX1XXX1XXXXXXXXXXXXXXXXXXXXXXXXXXX1XXXX1XXXXXXXXXXX


Generation 15/50  F=U(0.5, 1.0)  N_hist=3150
------------------------------------------------------------------------------------------------------------------------
1X11XXXXXXXXXXX1XXX1X1XXXXXX11XXX1XX1XXXXXXXX1XXXXXXX0XXXXXXXXXXXXXXXXX1XXXXXXXX0110XXXX1XXXXX1XXXXXXXXXXXXXX1XXXXX1XXXX
XXXXXXX1XXXXXXX11XX0XXXXXXXXXXXXXXX1XXX11X1XXXXX1XXXX1XX1XXXXXXXXXXXXXXXXXXXXXXXXXXX1XXXXX


Generation 16/50  F=U(0.5, 1.0)  N_hist=3360
------------------------------------------------------------------------------------------------------------------------
11

SSE=0.38447 on eval 3369: L=1.6407e+08 a=3.467 b=4.76248 n=0.995445 r=0.0104094* t0=10656 ts=49.6371

+X11X0XXXX1XXXXXXXXXXXX1XXXXXXXX1XXXXXXXX1XXXXXX1XXXXXXXXX111XXXX11100XXXXXXXXX1XXX0X1XXXXXXX1XXXXXXX1XXXX111XXXX0XXXX
XXXXXXXXXXXXXXXXXXXX1XXXXXXXXXXXXXXXXXXXXXXXXXXX1XX1XXXXXXX10XXXXXXXXXX0XXXXX1XX1X1XXXXXXXX


Generation 17/50  F=U(0.5, 1.0)  N_hist=3570
------------------------------------------------------------------------------------------------------------------------
0111X1XXXXXXX1X1X0XXX1XX0XXXXXXXXXXXXXX111XX11XXXXXX1XXXXXXXXXXXXX0XXXXXXXXXXXX10XXXXXXXXX1XXXXXX10XX1XXXXX11XXXXXX1XXXX
XXXXXX1

SSE=0.3646 on eval 3714: L=8.2891e+07 a=3.38425 b=0.320269* n=0.954255 r=0.0271832 t0=86815.7 ts=50.0315

+1XXX0XXXXXXXXXXXXXXXXXXXXXXXXXXXXX1XXXX1X011X1XXXXXXXXXXXXXXXXXXX0XXXXXXXXXXXX11XXX


Generation 18/50  F=U(0.5, 1.0)  N_hist=3780
------------------------------------------------------------------------------------------------------------------------
1111X1XXXXX1XXXXXXXXXXX11XXXXXXXX1XXXXXXXXXXXX11XXXXXXXXXX1XXX0011XXXXXXX0XXXXX1XXX1XXXX0XXXXXXXXXXXX0XXXX1XXXXXXXXXXXXX
XXXX1XXXXXXXXXXX0XXXXX1XXXX11XXXXXXXX111XXXXXXXXXXXXXXX1XXX1XXXXXXXXX11XXXXXXXXXXXXXXXXXXX


Generation 19/50  F=U(0.5, 1.0)  N_hist=3990
------------------------------------------------------------------------------------------------------------------------
11XX0XXX1XXXXXXXXXXXXX1XXX0XXXXXXX1XXXXXXXXX1XXXXXXXXXXXX11XX1XXXX1XXXXXXXXXXXXXXXXXXXXX1XXXXXXXXXXXXXXXXXX1X1XXXXXXX1XX
XXXXX1+X0XXXXXXXXXXX1XXX1XXXXX110XXXXXXXXXXXXXX1XX1XX11XXX11XXXXXXXX1XXXXXXXXXXXXXXXXXXXXXX


Generation 20/50  F=U(0.5, 1.0)  N_hist=4200
------------------------------------------------------------------------------------------------------------------------
11111XXXXXXXX111XXXX1XXXXXXXXXXXXXXXXXXXXXXXXXXXX1111XXXX1010XXXXXXXXXXX0XXXX1X1XXXXXXXXX0XXXXXXXXXXXXXX01XXXXXXXX11XXXX
00XXXXXXXXXXXXXX0XXXXXXXXXXXXXX1XXXXX1XXXXX1XXXXXXXXXXXXX1XXXX1XXXXXXXXXXXXXXXXXXXXXXXXXXX


Generation 21/50  F=U(0.5, 1.0)  N_hist=4410
------------------------------------------------------------------------------------------------------------------------
111011X1XXXX0XXX0XXXXXXX1X1XXXX0XXXXXXXXXX1XXXXXXXXXX1XX11XXX1XXXXXXXXXXXXX1XXXX11XXXXXXXXXXXXXXXXXXXXXXX1X1X1XXXXXX0XXX
XX01111X10XXXXXXXXXXXXXXXXXXXXXX1XXXXXXXXXXXX1XXXXX0XXXXXXXXXXXXX0XXXXXXXXXXXXXXXXXXXX1XXX


Generation 22/50  F=U(0.5, 1.0)  N_hist=4620
------------------------------------------------------------------------------------------------------------------------
11111110X1XXXXXXXXXXXXXXXXXXXXXXXXXXXXXXXXXXX1XXXXX1XXXXXXXX1XX1XXXXXX1XXXXX1XXXXXXXXXXXXXXXXXXXX10XXXXXXXXXXXXXXXXXXXX1
11X0XXXXXXXXXXXXXX111XXXXXXXXXX0XXXXXXXXX1XXXX011XXXXX0XX1XXXX1XXXXXXXXXXXXXXXXXXXXXXXXXXX


Generation 23/50  F=U(0.5, 1.0)  N_hist=4830
------------------------------------------------------------------------------------------------------------------------
011110XX11XXXXXXXXXXX1XXXXXXXXXXXXX1XXXXXXXX1XX11XXXXXXXXXX10X1XXXXXXXXXXXXXXXXXXXXXXXXXXXXXXXXXX011XXXXXXX11XXXXXX0XX1X
X00XXXXXX1XXXXXXXXXXXXXXX11XXX0XXXXXXXXXXXXXX011XXX1XXXXXXX0XXXXXXXXXXX1XXXXXXXXXXXXXXXXXX


Generation 24/50  F=U(0.5, 1.0)  N_hist=5040
------------------------------------------------------------------------------------------------------------------------
110X1X11XXXXXXXX1XXXXXXXXXX11XX1XXXXXXXXXXXXXXXXXXXXXXX11XXXXXXXXXXXXXXX1XXXXXXXXXXXXXX1XXXXXXXXXXXXXXXX0X1XXX1XXXXXX1XX
XXXX0XXXXXXXXXXXXXX1XXXXXXXXXXXXXX1XXXXXXXX00XXX1XXXXXXXXXXXXXXXXXXXXXXXXXX1XXXXXXXXXXXXXX


Generation 25/50  F=U(0.5, 1.0)  N_hist=5250
------------------------------------------------------------------------------------------------------------------------
X10X0010011X11XXXXXXXXXXXXXXXXXXXXXXXXXXXXXXXXXXX1X1XXXXXXXXXXX0XXXXXXXXXXXXXXX1XXXXXXXXXX11XX1XXXXXXXXXXXXXXXXXXXX1XXXX
X11XXXXXXXX1XXXXXXXXXXXXXXXXXXXXXXXXXXXXXXXXXXXXXXXX0XX1XXXXXXXXXXXXXXXXXXXXXXXXXXXXXXXXXX


Generation 26/50  F=U(0.5, 1.0)  N_hist=5460
------------------------------------------------------------------------------------------------------------------------
1111X1011XXXXXX1XXXXX1XXXXXXXXXXXXXXXXXXXXXXXXX1XXXXXXXXXXXXXX11XXXXXXXXXXXXXXXXXXXXXXXXXX0XXXXXXXXXX1XX1XXXXXXXXXXXXXXX
11XXXXX1XXXXXX1X0XXXXX10XXXXX0XXXXXXXXXXXXXXXXXXXXXXXXXXXXXXXXXXXXXX11XXXXXXXXXXXXXXXXXXXX


Generation 27/50  F=U(0.5, 1.0)  N_hist=5670
------------------------------------------------------------------------------------------------------------------------
X1XXX1XXXX1X1X0XX0XX1XXXXXXXXXXXXXXXXXXXXXXXXX1XXXXXXXXXXXXXXXXXXXX1XXXXXXXXXXXXXXX10XXXXXXXX1XXXX0XXXXXXXX1XXXXXXXXXXXX
XXXXXXXXXXX1XXXXXXX1XXXXXXXXXXXXXXX10XXXXXXXX0111XX1X1XXXXXXXXXXXXXXXXXXXXXXXXXXXXXXXXXXXX


Generation 28/50  F=U(0.5, 1.0)  N_hist=5880
------------------------------------------------------------------------------------------------------------------------
1100X0XXXXXX1XXXXXXXXXXXXXXXX001XXXXXXXXXXXXXXXXXXXXXXXXXXXXXXXXXXXXX11XXXX0101XXXXX1XXXXXXXXXXXXXXXXXXX1XXXXX1100XXXXXX
XXXX00XXXXXXXXX1XXXXXXXXXXXXXXXX11XXXXXXXXX0XX1XXXXXXXXXXXXXXXXXXXXXXX0XXXXXXXXXXXXXXXXXXX


Generation 29/50  F=U(0.5, 1.0)  N_hist=6090
------------------------------------------------------------------------------------------------------------------------
11X11XX1XXXXXXXXXXXXX1XXXXX1XXXXXXXXXXXXXXX11XXXXXXXXXX0XXXXXXXXXXX1XXXXXXXXXXX1XXXXXXX1XXXXXXXXXXXXXXXXXXXXXXXXX11XXXXX
XXXXXXXXXXXXXXXXXXXXXXX11XXXX01XXXXXXX0XXXXXXXXXXXXXXXXXXXXXXX00XXXXXXXXXXXXXXXXXXXXXXXXXX


Generation 30/50  F=U(0.5, 1.0)  N_hist=6300
------------------------------------------------------------------------------------------------------------------------
X11X1XXXXXXXXXXXXXXXXXXXXXXXXXXXXXXXXXXXX1XXXX10XXXXXXXXXXXXXX1XXXXXXXX10XXXXXXX1000XXXXXXXXXXXXXXXXX0XXXXXXXXXXXXXX0XXX
XXXXXXXXXXXXXX1XXXXXXXXXXXXXXXXX1XXXXXXXX00XXX1XXX1XXXXXXXXXXXX0X1X0XXXXXXXXXXX1XXXXXXXXXX


Generation 31/50  F=U(0.5, 1.0)  N_hist=6510
------------------------------------------------------------------------------------------------------------------------
11X1X1XXXXXXXXXXXXXXXXXXXXXXXXXXXXXXXXXX0XXXXXX0X01XXXXXXX1X1XXXX1XXXXXXXXXXXXXXX0XXXXXXXX1XXXXXXX10XXXXXXXXXXXXXXXXXXXX
XXXXXXXXXXXXXXX0XXXXXXXX1XXXXXXXX1X1XXXXXXXXXXXXXXXXXXXXXX00XXXXXXXXXXXXXXXXXXXXXXXXXXXXXX


Generation 32/50  F=U(0.5, 1.0)  N_hist=6720
------------------------------------------------------------------------------------------------------------------------
11X11XXXXXXXXXX11XXXXXXXX1XXXXXXXXXXXXXXX0XXXXXXX1XXXXXXX1XXXXXXXXX0XXXXX1XXXXXXXXXXXX1XXXXXXXXXXX1XXXXXX0XX0XXXXXXXXXXX
XXXXXXXXXXXXX1X00XXXXXXXXXXXXXXXXXXXXXXXXX1XXXXXXXXXXXXXXXXXXXXXXXXXXX11XXXXXXXXXXXXXXXXXX


Generation 33/50  F=U(0.5, 1.0)  N_hist=6930
------------------------------------------------------------------------------------------------------------------------
11X00X11X1XXXXXXXXXXXXXXXXXXXX01XXXX1XXXXXXXXXXXXX0XXXXXXXXXXXXXXXXXXXXXXXXXXXXXXX1XXXXXXXXXXXXXXXXXXXXXXXXXXXXXXXXXXXXX
XXXXX0X0XXXXXXXXXXX1XXXXX1XXXXXXXXXXX0XXXXXX0XXXXXXXXXXXXXXXXXXXXXXXXXX1XXXXXXXXXXXXXXXXXX


Generation 34/50  F=U(0.5, 1.0)  N_hist=7140
------------------------------------------------------------------------------------------------------------------------
100XX0XXXXXXXX1XXXXXXXXXXXXXXX0XXX1XXXXXXXXXX0XXXXXXXXXXXXXXXXXXXXXXXXXXXX11XXXXXXXXXXXXX0XXXXXXXXXXXXX1XXXXXXXXXX0XXXXX
XXXX1XX1X0XXX11XXXXXXXX1X0XXXXXXXXXXXXXXXX01XXXXXXXXXXXXXXXXXXXXXXXXXXXXXXX1XXXXXXXXXXXXX0


Generation 35/50  F=U(0.5, 1.0)  N_hist=7349
------------------------------------------------------------------------------------------------------------------------
1X101XXXXXXXXXXXXXXXXXXXXXXXXXXXXXXX0XXXX1X0XXXXXXXXXXXX1XXXXXXXXXXXXXXXXXXXXXXXXXXXXXXXXXXXXXX0X1XX1XXXXXXXXXXXXXXXXX0X
0XXX1XXXX1XXXXXXXXXX1XXXXX0XXXXXXXXXXXXXXXXXXXX00XXXXXXXXXXXXXXXXXXXXXXXXXXXXXXXXXXXXXXXXX


Generation 36/50  F=U(0.5, 1.0)  N_hist=7560
------------------------------------------------------------------------------------------------------------------------
00111X1X01XXXXXXXX1+XXXXXXXXXXXXXXXXXXXXXXXXXXXXXXXXXXXXX1XXXXXXXXXXXXXXXXXXXXX1X11XXXXXXXXX0X0XXXX10XXXXXXXXXXXXXXXXXX0
X0XXXXXXX1XXXX1XXXXXXXXXXXXXXXXXXXXXXX1XXXXXXXXXXXXXXXXXXXXXXXXXXXXXXX1XXXXXXXXXXXX1XXXXXXX


Generation 37/50  F=U(0.5, 1.0)  N_hist=7770
------------------------------------------------------------------------------------------------------------------------
00X0XXXXXXXXXX10XXXXXXXXXXXXXXXXXXXXXXXXXXX0XX0XXXXXXXXXXXXX1XXXX0XXXXXXXXXXXXXXXX0XXXXXX1XXXXXXXXXXX0XXXXXXXXX0X11XXXXX
XXXXXX1XXXXXX0XXXXXXXXXXXXXXX0XXXXXXXXXXXXXXXXXXXXXXXXXXXXXXXXXXXXXXXXX1XXXXXXXXXXXXXXXXXX


Generation 38/50  F=U(0.5, 1.0)  N_hist=7980
------------------------------------------------------------------------------------------------------------------------
1XXXXXXX1XXXXXXXX1X0XXXXXXXXXXXXXXXXXXX1XXX1XXXXXXXXXXXXXX1X11XXXXXXXX1XXXXXXXXX0XXX1XXXXXXXXXXXX11XXXXXXXXXXXXXXXXXXXXX
XXXXX01+XX100XXXX0XXXXXXXXXXXXXXXXX11XXXXXXXXXXXXXX1XXXXXXX0XXXXXX1XXXXXXXXXXXXXX1XXXXXXXXX


Generation 39/50  F=U(0.5, 1.0)  N_hist=8190
------------------------------------------------------------------------------------------------------------------------
000XXX00XXXXXXXXXXXXXXXXXXXXXXX1XXXXX0XXX0XXXXXXXXXXXXXXXXXXXXXXXXXXX1XX00XXXXXXX1XXXXXXXXXXXXXXXXXXXXXXXXXXXXXXXXXXXXXX
XX1XXXXXXXXXXXXXXXXXXXXXXXXXX0XXXXXXXXXXXXXXX110XXXXXXXXX0XXXXXXXXXXXXX1XXXXXXXXXXXXXXXXXX


Generation 40/50  F=U(0.5, 1.0)  N_hist=8400
------------------------------------------------------------------------------------------------------------------------
0XXX1XXXX1XXXXXXXXXX1XXXXXXXXXXXXXXXXXXXX1XXXX101XXXXXXXX0XXXXXXXXXXXXXXXXXXXXXXXXX1XXXXXXX1XXXXXXX0X0XXXXX1XXXXXXXXX1XX
X10XXXXXXXXXXXXXXX1110XXXXXXXXXXXXXXX0XXXXXXXXXXXXXXXXXXXXXXXXXXXXXXXXX1XXXXX0XXXXXXXXXXXX


Generation 41/50  F=U(0.5, 1.0)  N_hist=8610
------------------------------------------------------------------------------------------------------------------------
00XXX01XXXXXXXXXXXXXXXXXXXXX0X10XXXXXXXXXXXXXXXXXXXXXXXXXXXXXXXXXXXXXXXXXXXXXXXXXXXXXX1XX1XX1XXX0XXXXXXXXXXXXXXXXXXXXXXX
XX1XXXXXXXXXX1XX111+XXXXX0XXXXX101XXXXXXXXXXXXXXXXXXXXXXXXXXXXXXXXXXXXXXXXXXXXXXXXXXXXXXXXX


Generation 42/50  F=U(0.5, 1.0)  N_hist=8820
------------------------------------------------------------------------------------------------------------------------
01100XXXXXXXX0XXXXXXXXXXXXXXXXXXXXXXXXXXXXXXXXXXXXXXXXXXXXXXXXXXXXX01XXXXXX01XXX1XXXXXX1XXXXXXXXXXXXXXXXXXXX1XXXXXXX1XXX
X1XXXXXXXXXXXXXXXXXXXXXXXXX1XXXXXXXXX1XXXXXXXXXXXXXXXXXXXXXXXXXXXXXXXXXXX1XXX0XXXXXXXXXXXX


Generation 43/50  F=U(0.5, 1.0)  N_hist=9030
------------------------------------------------------------------------------------------------------------------------
110X001XXXXXXXXXXXXXXXXXXXXXXXXXXXXXXXXXXXXXXXXXXXXXXXXXX0X1X011XXXXXXXXXXXXXXXXXXXXXXXXXXXXXXXXXXXXXXXXX1XXXXX01XXXXX0X
X0XXXXXXXXXXXXXXXXXXXXXXXXXXXXXXXXXXXXX1XXXXXXXXXXX00XXXXXXXXXXXXXXXXXXXXXXXXXXXXXXXXXXXXX


Generation 44/50  F=U(0.5, 1.0)  N_hist=9240
------------------------------------------------------------------------------------------------------------------------
100X0XXXXXXXXXXXXXX00X1XXXXXXXXXXX0XXXXXXXXXXXX1XXXXXXXXXXXXXX0XXXXXXXX0XXXXXXXXXXXXXXXX0XXXXXXXXXXXXX1XX1X1XXXXXXX1XXXX
XXXXXXXXXXXXX01XX11XXXXXXXXX100XXXXXXX1XXXXXXXXXXXX0XXXXXXXXXXXXXXXXXXXXXXXXXXXXXXXXXXXXXX


Generation 45/50  F=U(0.5, 1.0)  N_hist=9450
------------------------------------------------------------------------------------------------------------------------
101X11XXX0XXXXXXXX0XXXXX1XXXXXXXXXX0XXXXXX00XXXXXXXXXXXXXXXX1XXXXXX00XXXXXXXXXXXX1XXXX0XXXXXXXXXXX1XXXXXXXXX1XXXXXXXXXXX
XXXXXXXXXXXXXXXXX1XXXX0XXX0XXXX1XXXXXXXXXXX1XXXXXXXXXXXXXXXXXXXXX1XXXXXXXXXXX0XXXXXXX1X0XX


Generation 46/50  F=U(0.5, 1.0)  N_hist=9658
------------------------------------------------------------------------------------------------------------------------
0XX0XXXXXXXXXXXXXXXXXXXXXXXX1XXXXXXXXXXXXXXXXXXX0XXXXXXXXXXXXXXXXX11XXXXXXXXXXXXXXXXXXXXXXXXXXXXXX1110X0XXXXXXXXXXXXXXXX
X0XXXXXXXXX0XXXXXXXXXXXXXXXXXXXXXXX00XXXXX0XXXXXXXXXXXXXXXXXXXXXXXXXXXXXXXXXXXXXXXXXXXXXXX


Generation 47/50  F=U(0.5, 1.0)  N_hist=9870
------------------------------------------------------------------------------------------------------------------------
011X100XXXXXXXXXXXX1XXXX1XXXX0XXXXXXXXXXXXXXXXX0XXXXXX0XXXXXXXXXXXXXX01X1XXXX00XXXXXX1XXXXXXXXXXX10XXXXX0XXXXXXXX0XXXXXX
XXXXXX0XXXXXX0XXXX1X01XXX1XXXXXX1XX1XXXXXXXXXXXXXXXXXXXXXX11XXX0XXXXXXXXXXXXXXXXXXXXXXXXXX


Generation 48/50  F=U(0.5, 1.0)  N_hist=10080
------------------------------------------------------------------------------------------------------------------------
10101X011XXXXXXXXXXXXX00XXXXXXXX1XXXXXXXXX1XXXXXXXX0XXXXXXX1XXXXXXXXXXXXXXX0XXXXXXXXXXXXX1XXXXXXXXXXXX0XXXX11XXXXXXXXXXX
XXXXXXXXXXXX1XXXXXXXXX1XXXXXXXXXXXX10XXXXXXXXX0XX1XXXXXXX010XXXXXXXXXXXXXXXXXXXXXXXXXXXXXX


Generation 49/50  F=U(0.5, 1.0)  N_hist=10290
------------------------------------------------------------------------------------------------------------------------
111X0XX10XXXXX1XX0XXXXXX1XXXXXXXXXXXXXXXXXXXXXX11XXXXXXXXXXXXX1XXXXXX0XXXXXXXXXXXXX1XXXXXXXXXXXXXXXXXXXX0XXXXXXXXXXXXXXX
XXXXXX011XXXXXXXXXXXX0XXXXXXXXXXX1XXXXX0XXXXXXXXXX1XXXXXXXXXXXXXXXXXXXXXXXXXXXXXXXXXXXXXXX


Generation 50/50  F=U(0.5, 1.0)  N_hist=10500
------------------------------------------------------------------------------------------------------------------------
X1XXX1XXXXXXXXXXXXXXX0XXXXXXXXXXXXXXXX0XXXXXXXXXXX11XXXXXXXX1X0XXXXXXXXXXXXXXXXXX0X1XXXXXX1XXXXXXXXXX1XXXXXXXXXXXX1XXXX1
XXXXXXXXXXXXXXXXXXXX1X1XXXXXXXXXXX1XXXXXXXX1XXXXXXXXXX0XXXX0XXXX1XX1XXXXXXXXXXXXXXXXXXXXXX

Maximum number of iterations reached.

SSE=0.35746 on eval 10710: L=5.17406e+07 a=6.00921 b=0.135524* n=0.742086 r=0.0260321 t0=17197.2 ts=50.2575


Shutting down DE...
DE shutdown complete.

Final population:
Population: 210 individuals with SSE 0.35746 to 0.41054, avg eval time 0.0201 sec. Top 7:

        SSE |    0.35746      0.35777      0.35834      0.35853      0.35899      0.35951      0.35958  
------------------------------------------------------------------------------------------------------------------------
          L | 5.1741e+07   2.7353e+08   1.9736e+08   3.3505e+07   2.2289e+08   1.2626e+08   6.8888e+07  
          a |     6.0092       5.3586       6.1888       5.5858         7.41       7.4593       7.9074  
          b |    0.13552*      0.1831*      3.6223      0.82039      0.59074      0.43121*      2.0335  
          n |    0.74209      0.74759      0.76153      0.73921      0.67911      0.64836      0.63985  
          r |   0.026032     0.030073    0.0092427*     0.02497     0.018186     0.027052     0.015268  
         t0 |      17197        12115        20194        11832        53174        89608        66625  
         ts |     50.258       50.048       49.999       50.131       50.375       50.038        50.32  
------------------------------------------------------------------------------------------------------------------------
Best individual:
<SSE=0.3575 L=5.17406e+07 a=6.00921 b=0.135524* n=0.742086 r=0.0260321 t0=17197.2 ts=50.2575>


Elapsed time: 120.94 seconds

Saved final population of best parameter combinations to covid19.dat
Shutting down...
Task Queue is shut down
Goodbye
