Decompressing and parsing covid19.csv.bz2...
Cumulative and new cases reported thus far for US
------------------------------------------------------------------------------------------------------------------------
000	01/22	1	0
001	01/23	1	0
002	01/24	2	1
003	01/25	2	0
004	01/26	5	3
005	01/27	5	0
006	01/28	5	0
007	01/29	5	0
008	01/30	5	0
009	01/31	7	2
010	02/01	8	1
011	02/02	8	0
012	02/03	11	3
013	02/04	11	0
014	02/05	11	0
015	02/06	11	0
016	02/07	11	0
017	02/08	11	0
018	02/09	11	0
019	02/10	11	0
020	02/11	12	1
021	02/12	12	0
022	02/13	13	1
023	02/14	13	0
024	02/15	13	0
025	02/16	13	0
026	02/17	13	0
027	02/18	13	0
028	02/19	13	0
029	02/20	13	0
030	02/21	15	2
031	02/22	15	0
032	02/23	15	0
033	02/24	51	36
034	02/25	51	0
035	02/26	57	6
036	02/27	58	1
037	02/28	60	2
038	02/29	68	8
039	03/01	74	6
040	03/02	98	24
041	03/03	118	20
042	03/04	149	31
043	03/05	217	68
044	03/06	262	45
045	03/07	402	140
046	03/08	518	116
047	03/09	583	65
048	03/10	959	376
049	03/11	1281	322
050	03/12	1663	382
051	03/13	2179	516
052	03/14	2727	548
053	03/15	3499	772
054	03/16	4632	1133
055	03/17	6421	1789
056	03/18	7783	1362
057	03/19	13747	5964
058	03/20	19273	5526
059	03/21	25600	6327
060	03/22	33276	7676
061	03/23	43843	10567
062	03/24	53736	9893
063	03/25	65778	12042
064	03/26	83836	18058
065	03/27	101657	17821
066	03/28	121465	19808
067	03/29	140909	19444
068	03/30	161831	20922
069	03/31	188172	26341
070	04/01	213372	25200
071	04/02	243762	30390
072	04/03	275586	31824
073	04/04	308853	33267
074	04/05	337072	28219
075	04/06	366667	29595
076	04/07	396223	29556
077	04/08	429052	32829
078	04/09	461437	32385
079	04/10	496535	35098
080	04/11	526396	29861
081	04/12	555313	28917
082	04/13	580619	25306
083	04/14	607670	27051
084	04/15	636350	28680
085	04/16	667801	31451

Initializing 240 population members having 6 parameters
------------------------------------------------------------------------------------------------------------------------

SSE=884.54 on eval 1: L=2.10199e+08 b=169.508 r=0.390066 rf=0.974676 t0=57.3174 th=15.571*

*211

SSE=126.09 on eval 5: L=2.52537e+08 b=41.3159 r=0.404238 rf=0.949495 t0=61.3302 th=25.1121

!

SSE=48.843 on eval 6: L=8.56921e+06* b=145.127 r=0.580364 rf=0.971217 t0=57.0726 th=19.2508

!2619145953

SSE=27.429 on eval 17: L=2.93009e+07 b=38.2576 r=0.722662 rf=0.979368 t0=52.6112 th=23.7263

!99998999335

SSE=25.102 on eval 29: L=2.67275e+08 b=135.921 r=0.734325 rf=0.982306 t0=53.9568 th=22.3618

!929299299239444993599972951264680339699899942922936949996264

SSE=24.257 on eval 90: L=2.97412e+08 b=137.645 r=0.787038 rf=0.980845 t0=53.4985 th=20.4477

!99296375!493599896963922928999
9!8927339929982335949999958998998999992322378919954994502999398569399425999962355929949615219999696483294935389294999175


Population: 240 individuals with SSE 23.855 to 2341.3, avg eval time 1.26 sec. Top 7:

        SSE |     23.855       24.121       24.257       24.263       25.102       25.216       27.327  
------------------------------------------------------------------------------------------------------------------------
          L | 1.9815e+08   7.9846e+07   2.9741e+08   7.0233e+07   2.6728e+08   1.5231e+08   8.9598e+07  
          b |     130.47       6.6653*      137.65       3.6581*      135.92       43.431       167.23  
          r |    0.43213      0.48494      0.78704      0.80456      0.73433      0.58522      0.50106  
         rf |    0.96681      0.96124      0.98085       0.9776      0.98231       0.9896      0.96046  
         t0 |     61.831       59.794       53.498       55.004       53.957       55.741       58.288  
         th |     19.811       19.973       20.448       19.453       22.362       24.232        19.88  
------------------------------------------------------------------------------------------------------------------------
Best individual:
<SSE=23.8552 L=1.98154e+08 b=130.472 r=0.432132 rf=0.966808 t0=61.831 th=19.8113>


Population: 240 individuals with SSE 23.855 to 2341.3, avg eval time 1.26 sec. Top 7:

        SSE |     23.855       24.121       24.257       24.263       25.102       25.216       27.327  
------------------------------------------------------------------------------------------------------------------------
          L | 1.9815e+08   7.9846e+07   2.9741e+08   7.0233e+07   2.6728e+08   1.5231e+08   8.9598e+07  
          b |     130.47       6.6653*      137.65       3.6581*      135.92       43.431       167.23  
          r |    0.43213      0.48494      0.78704      0.80456      0.73433      0.58522      0.50106  
         rf |    0.96681      0.96124      0.98085       0.9776      0.98231       0.9896      0.96046  
         t0 |     61.831       59.794       53.498       55.004       53.957       55.741       58.288  
         th |     19.811       19.973       20.448       19.453       22.362       24.232        19.88  
------------------------------------------------------------------------------------------------------------------------
Best individual:
<SSE=23.8552 L=1.98154e+08 b=130.472 r=0.432132 rf=0.966808 t0=61.831 th=19.8113>

Performing DE with CR=0.7, F=U(0.5, 1.0), DE/rand-1.00/1/bin
------------------------------------------------------------------------------------------------------------------------

SSE=23.855 on eval 240: L=1.98154e+08 b=130.472 r=0.432132 rf=0.966808 t0=61.831 th=19.8113

Press the 'Enter' key to abort.

Generation 1/75  F=U(0.5, 1.0)  N_hist=240
------------------------------------------------------------------------------------------------------------------------
1292X179

SSE=23.146 on eval 248: L=3.17631e+08** b=49.6317 r=0.83186** rf=0.97468 t0=53.6656 th=19.8703

+X4832X1

SSE=21.735 on eval 255: L=1.5546e+08 b=112.381 r=0.444582 rf=0.965764 t0=61.6879 th=18.4915

+14118XX1XXXX11X92X39XXXXX82X3X6X6X3XX14X4X23XXXX0XXX1XXX3XX1X8XX1XX29X2XX7X4XXXX3X4X25XX7X3X94X2XXXX36X
9X7844XX2X2XXX4X1914X17X6X911XX2

SSE=21.11 on eval 390: L=1.225e+08 b=19.5805 r=0.728112 rf=0.976499 t0=54.4632 th=20.9129

+23X3X5X3XXX6XX93XXXX2X192X1XXX33XXX42XX12X2XX849XXXXXX11X1XXXX5X2

SSE=20.367 on eval 455: L=9.92732e+06* b=168.285 r=0.543219 rf=0.967147 t0=59.1149 th=19.3741

+XXX8912X9X99X11X1X989
X3X6


Generation 2/75  F=U(0.5, 1.0)  N_hist=480
------------------------------------------------------------------------------------------------------------------------
99121X1XXXXXXXX9XXXXX1X31XX9XX23XX21XXXXXXXX11X152XXXXXXX42X9XXXXX5XX5X311X2XXXXX6XXX1X45XXXX3XX39X9XX24312XX1X1XXX35X2X
XXXXXXX23X1X324X161X2XX3X3XXX51XX11XXXX25XXX63XXXX9XX92X283XXX1XXXXX2X21XX22X20521XXX221XX91XX3XX7X32XX19XXXXXXXXXXXXX6X


Generation 3/75  F=U(0.5, 1.0)  N_hist=720
------------------------------------------------------------------------------------------------------------------------
X09XXX1XXXXXXXX223XX5X2XXXX3XX2X6XXX4XXXX11XXXXX2XX2X13X2XXXXX4XXX2XXXX212XXXXX4X13XXXXXX4X1X3XX1X1323XXXXXX6XXXXXXXXXXX
XXXX2XX1X12X1XXX25X4XXXXXXXXX3X1XX22X3XXX1X0X6XX4XX2XXXX2XXXX2X2X11X2X23XXX9XX1XXXXX9XX1X12XXXX105XXXX2XXXXXX1X3XX2XXXX4


Generation 4/75  F=U(0.5, 1.0)  N_hist=960
------------------------------------------------------------------------------------------------------------------------
X1XXXXXXXXXXXXXX247XXX2XXXXXXXX9XXXXXXXX221XX1XXXXX5XXX7XX1X2XX1X1XXXXXX31XXXX3X2XX1XX2XXXXX1XXXXX2X11X1XXXXX2X4X0XXXX32
XXX1XX9XXXX6XXXXXX3XX2X2X1XX3XXXXXXX131XXXXXXXXXXXXXXXX3XXXXX390XXXXX5XXXXXXXX2XXX1X52X1XX2X1X4XX212X2XXXXX21223XX2XXXX0


Generation 5/75  F=U(0.5, 1.0)  N_hist=1200
------------------------------------------------------------------------------------------------------------------------
XX1XXXXXXXXX2XXXXXXXXXXX1XXXXXXXXXXXXXXXX42XXXXXXX12XXXX2XXXXXXX1X2XXXXXXXXX2XXXXXX311XXXXXXXXXXXXX1XXXX2X3X2XX2XXXXX2XX
XXXXXXX1XXX11XXXXXXX21XXXXX2XXXXXXXXXXXXX13+XXX2XX2XXXXXXXX3XX54X1X3XXXX6XXXXXXXXX1X1XXXXXXX0XX2XXXXXXXXXXX21XXXXXXXXXXX
X


Generation 6/75  F=U(0.5, 1.0)  N_hist=1440
------------------------------------------------------------------------------------------------------------------------
X1XXXXXXXX4XX1XXXXX1XXXXX6XXXXXXXXX7X1XX2XXX3XX31XXXXXX2XXXX1122X2X41XX212XX1XXXXXXX2X1XXX11XXXXXX2XXXXX11XXXXXXXXXX1XX1
XXXXXXXXXXXXXXXX2X2XXXX2XXXXX4X2XXXXXXXXXXX2XX2+XXX3XXXXXXX1X60XXXXXXX12XX1XXXXXXXXXXXXXXXXXXXXXXXXXXXXXXX12X2XXX2XXXXXX
X


Generation 7/75  F=U(0.5, 1.0)  N_hist=1680
------------------------------------------------------------------------------------------------------------------------
232X12X24XX121X1X12XX3X1XXXXXXXXX911XXXXXXXXXXXXXXXXXX5XXX2XXXXXXXXXXXXXXXXXX0XXX2XX1X121X10XXXXXXXXXXXXXXXXXXXXXXXXXXX1
XXXXXXX2XXXXXX2XXXXXXXXXXXXXXX1XXX2XXX0XXXXXXXX1X1XXXXXXXXXX012XX1X1XXX1XXXXXXXXXX211X1221211112XX1XXXXXXXXXXXXXXXXXXXXX


Generation 8/75  F=U(0.5, 1.0)  N_hist=1920
------------------------------------------------------------------------------------------------------------------------
22112X1X1XXXXXXX21XX12XXXXXXX2XXX2XXXXXXXXX1XXXX1XXXXXXX2XXXXXXXXXXXX2XXXX1XXX1XXXXXX12XXXXXXXXXX11XXXXXXXXX13XXXXXXXXXX
1XXXXXX2XXXXXXX1X111XX1XXX2XXXXXXXXXX1XXXXXX12XXXXXXXXX1XXXXXXXXXX2XXXXXXXXXXXXXXXXXXX12XXXX0XXXXXX2XX1XX1XXXXXXXXXXXXXX


Generation 9/75  F=U(0.5, 1.0)  N_hist=2160
------------------------------------------------------------------------------------------------------------------------
X1122XXX21XX1XXXXXXXXXXXXXXXXXXXXXX1XXXXXXXX1XXXX1XXXXXXXXXXXXXXXXXXXXXXXXXXXXX1XXXXXXXXXXXXXXXXXXXXXXXXXX131XXXXXXXXXXX
XXXXXXXX2X1X21XXXX21XX2XXXXXX1XX11XXXXXXX1XXXXXXXXXXXXXXXXXXXX1XXXXXXXXXXXXXXXXXXXXX1XXXXXXXXXXXX2XX1XXX1XXXXXXXXXXXXXXX


Generation 10/75  F=U(0.5, 1.0)  N_hist=2400
------------------------------------------------------------------------------------------------------------------------
211X01XX112XXXXXX1XXXXX1XXXXXXXXXX2X1XX0XXXXXXXX2X11XXX1XX1XXXXXXXXXXXXXXXXXXXXXXX1XXXXXXXXX1XXXXXXX11XX1XXXXXXXX2XXXXXX
XXXX122XXXX2X1XXXXX1XXXXXXXXXXXXXXXXX1XXXXXX1X0XXXXXXXXXXXXXXXXXXXX1XXXXXXXXXXXXXXX1XXXXX1XX1212X2XXXXXXXXXXXXXXXXXXXXXX


Generation 11/75  F=U(0.5, 1.0)  N_hist=2640
------------------------------------------------------------------------------------------------------------------------
2212X2XXXX22XXXXX12XXXXXXXXXX1XXXXXXXXXXXXXXXXXXXXXX1XXXXXX1XXXX1XXXXX1X1X2XXXXXXXXXXXXXXXXXX0XXXXX11XXXXXXXXXXXXXXXXXXX
XXXXXXXX11XXXX3XXXXXXX1XXXXXXXXXXXXXXXXXXX11XXXXXX12X2XXXXXXXXX1X1XXXXXXXXXXXXXX1XXXXXXXXXXXXXXXXXXXX1XXXXXXXXXXX1XXXXXX


Generation 12/75  F=U(0.5, 1.0)  N_hist=2880
------------------------------------------------------------------------------------------------------------------------
1X1XX0XX2XXXXXXXX2XXXXXXXXXXXXXXXXXXXXXXXXXXX1XXXXXXXXXXXXX2XXXX1XXXXXXXXXXXXXXXXX1XXXXXXXXXXXXXXXXXXXXXXX11XXXXXXX1X121
XXXXXXXXXXXXXXXX1XXXXXXXXXXXXXXXXXXX1XXX1XXXXX11X1X1XXXXXXXXXXXXX11XX1XXXXX1X00XXXXXXXXXXX1X2XX0XXXXXXXXXXXXXXXXXXXXXXXX


Generation 13/75  F=U(0.5, 1.0)  N_hist=3120
------------------------------------------------------------------------------------------------------------------------
1X112XXX2XXXXXXXX1XXXXXX2XXXXXXXXXXXXXX01XX1XXXXXXXX1XXX1XXXXXXXXXXX1X1XXXXXXX1X1XXXXXXXXX1XXXXXXXXXXX1XXXXXXXXX1X11X1XX
XXXXXX1XXXXXXXXXXXXXXXXXXXXXXXXXXXXXXXXXXXXXXXXXXXXXXXXXXXX0XXXXXXXXXXXXX1XXXXXX1X1X1XXXX11XX1XXXXXXXXXXXXXXXX1XX0XXXXXX


Generation 14/75  F=U(0.5, 1.0)  N_hist=3360
------------------------------------------------------------------------------------------------------------------------
XX211X1X10X11XXXXXXXXXXXXXX11X1XXXXXXXXXXXXXXXXXXX1XXXXXX12XXXXXXXXXX1X11XXXXXXXXXXXXXXXXXXXXX1XXXXXXX11XX1XX1XX1XXXXXXX
X10XXXXX1XXXXXXXXXXXXXXXXXXXXXXX1XXXXXXXXXXXXXXXXXXXXXXXXXXXX1XXXXXX21XXXXXXX11XXXXXXXXXXXXXXXXXXXXXXXXXXX2XXXXX1XXXXXXX


Generation 15/75  F=U(0.5, 1.0)  N_hist=3600
------------------------------------------------------------------------------------------------------------------------
11X1XXXXXXXXXXXXXXXX1XX11XXXXXXXXXXXXXXXXXXXXXXXX1XXXXX1XXXXXXXXXX0XXXXXX11XXXXXXXXX1XXXXXX1XXXXXXXXXXXXXXXXXXXXXXXXXXXX
X1XXXXXXXXXXXXXXXXXX1XXX1XXXXXXXXXXXX1XXXX1XXXXXXXXXXXXXXXXXXXXXX1XXXXX1XX11XXXXXXXXXXXXXX1XXXXXXXXXXXXXXXXX2XXXXXXXXXXX


Generation 16/75  F=U(0.5, 1.0)  N_hist=3840
------------------------------------------------------------------------------------------------------------------------
XXX1XXXXXXXXXXXXXXXXXX1XX1XXXXXXXXXXXXXXXXXXXXXXX1XXXXXXXXXXXX1XXXXX11XXXXXXXXXXXXXXXXXXXXXXXXXXXXXXXXX1XXXXXXXXXX2XXXXX
1XXXXXXXXXX1XXXXXXXXXXXXXXXXXXXXX0XX1XXXXXXXXXXXXXXXX1XXXXXXX1XX1X1X1XXXXXXXXXX12XXXXXXXXXXXXXXXXXXXXXX1XXXXXXXXXXXXXXXX


Generation 17/75  F=U(0.5, 1.0)  N_hist=4080
------------------------------------------------------------------------------------------------------------------------
12XX1X1XXX21XXXXXXXXXXXXXXXXXXXXXXXXXXXXXXXXXXXXX1XXXXXXXXXXXXXXXXXXX1XXXXXXXXXXXXXXX11XXXXXXXXXXXXXXXXXXXX1XXX1XXXXXXXX
XXXXXXXXXXXXXXXX21XXXXXXXXXXXXXXXXXX1X11XXXXXXXXXXXXXXXXXXXXXXXXXXX11X1XXXXXXXXXXXXXXXXX11XXXXXXXXXXXXXXXXXXXXXXXXXXXXXX


Generation 18/75  F=U(0.5, 1.0)  N_hist=4320
------------------------------------------------------------------------------------------------------------------------
1X12+XX1XX1XXXX1XXXXXXXXXXXXXXXXXXXXXXXXXXXXX10XXXXX01XXXXXXXXXXXXXXXXXXXXXXXXXX2XXXXXXXXXXXXXXXXXXXXXXXXXXXXXXXXXXXXXXX
XXXX1XX10XXXXXX0XXXXXXXXXXXX1XXX1XXXXXXXXXXXXXXXXXXXX0XXXXX1XXXXXXXXXXXXXXXXXXXXXXXXXXXXX0X11XXXXXXXXXXXXXXXXXXXXXXXXXXX
X


Generation 19/75  F=U(0.5, 1.0)  N_hist=4560
------------------------------------------------------------------------------------------------------------------------
XXX10XX1XXX1XXXXXXXXXXXXXXXXXXXXXXXXXXXXXXXXXX1XXXXXXXXXXXXXXXXXX1XXXXXXXXXXXXXXXXXXXXXXXXX1XXXXXXXXXXX1XXXX11XXXXXXXXXX
XXXXXXXXXXXXXX01XXXXXX11XX1X1XXXXXXXXXXX1XXXXX0XXXXXX1XXXXXX1XXXXXX1X1XXXXXX1XXXXXXXXXXXXX1XXXXXXXXXXXXXXXXXXXXXXXXXXXXX


Generation 20/75  F=U(0.5, 1.0)  N_hist=4800
------------------------------------------------------------------------------------------------------------------------
0X11X1X0XXX1XXXXXXXXX11XXXXXXXXXXXXXXXXXXXXXXXXXXXXXXXXXXXXXXXXX1XX1X110XXXXXXXXXXXXXXXXXX1XXXXXXXXX1XXXXX1XXXXXXXXXXXXX
XXXXXXXXXXX1XXXXXXXXXXXXXXXXXXXXXXXXXXXXXXXXXXXXXXXXXXXXX11X1XXXXXXXXXXXXXX0XXXXXXXXXXXXXX1XXXXX1XXXXXXXXXXXXXXXXXXXXXXX


Generation 21/75  F=U(0.5, 1.0)  N_hist=5040
------------------------------------------------------------------------------------------------------------------------
1XXX10X1XXXX0XXXXXXXXXXXXXXXXXXXXXXXXXXXXXXXXXXXXXXXXX0X1XXXXXXXXXXXXXXXXXXXXXXXXXXXXXXXXXX0X0XXXXXXXXXXXXXXXX11XXXXXXXX
XXXXXXXXXXXXXXX0XXXXX11XXXXXXXXXXXXXXXXXXXXXXXXXXXX1XX0XXXXXXXXXXXXXXXXXXXXXXXXXXXXXXXXXXXXXX1XXXXXXX1XXXXXXXXXXX1XXXXXX


Generation 22/75  F=U(0.5, 1.0)  N_hist=5280
------------------------------------------------------------------------------------------------------------------------
1XX1X11XXXXXXXXXXXXXXXXXXXXXXXXXXX0XXXXXXXX1XX11XXXXXXXXXXXXXX1XXXXXXXXXXXXXXXXXX02XXXXXXXXXXXXXXXXXXXX1X11XX1XX1X11XXX1
XX0XXXXXXXXXXXXXXXXXXXXXXXXXX1XXXXXXXXXXXXXXXXXXXX0XXXXXXXX1XXXXXXXXXXXXXXXXXXXXXXXXXX1XXXXXXXXXXXXXXXXXXXXXXXXXXXXXXXXX


Generation 23/75  F=U(0.5, 1.0)  N_hist=5520
------------------------------------------------------------------------------------------------------------------------
XXX1XX1XXXXXXXXXXXXXXXXXXX2XXXXXXXXXXXXXXXXXXXXXXXXXX1XXX01XX0XXXXXXX1XXXXX1XX11XXXXXXXXXXXXXXXXXXXXXXXXXXXXXXXX1XXXXX1X
1XXXXXXXXXXXXXXXXXXXXXXXXXXXXXXXXXXXXXXXXXXXXXXXXXXXXXXX1XXXXXXXXXXXXXXXXXX1XXXXX011XXXXXXXXXXXXXXXXXXXXXXXXXXXXXXXXXXXX


Generation 24/75  F=U(0.5, 1.0)  N_hist=5760
------------------------------------------------------------------------------------------------------------------------
X1XXXXXXXXXXXX0XXXXXXXXXXXXXXXXXXXXXXXXXXXXXXXXXXXXXXXXXXXXXXXXXXXXXXXXX1XXX1X0XXXXXXXXXXXXXXX1XXX1XXXXXXXXX1XXX11XXXXXX
XXXXXXX11X11XXXXXXXXXXXXXXXXXXXXXXXXXXXXXXXXX11XXXXXXXXXXX0XXXXXXXXXXX1XXXXXXXXXXXXXXXXXXX1XXXXXXXXXXXXXXXXXXXX1XXXX1XXX


Generation 25/75  F=U(0.5, 1.0)  N_hist=6000
------------------------------------------------------------------------------------------------------------------------
1X1X1XXXXXXXXXXXXXXXXXXXXXXXXXXXXXXXXXXXXXXXXXXXXXXXXX1XXXXXXXXXXXX1XXXXXXXXXXXXXXXXXXXXXXXXXX1XXXXXXXXXXXXXXXXXXXXXXXX1
1XXXXXXXXXXXXXXXXXXXXXXXXXX1X1XXX1XXXXXXXX1XXXXXXXXXXX0X1XX1XXXXXXXXXXXXXXXXXXXXXXXXXXXXXXXXXXXXXXXXXXXXXXXXXXXXXXXXXXXX


Generation 26/75  F=U(0.5, 1.0)  N_hist=6240
------------------------------------------------------------------------------------------------------------------------
1XXX1XXX1XXXXXXXXXXXXXXXX1XXXXX0XXXXXXXXXXXXXXXXXXXXX1XXXXXXXXXXXXXXXXXXXXXXXXXXXXXXXXXXXXXXXXX1XX1XXXXXXXXXXX1XXXXXXXX0
XXXXXXXXXXXXXXX11XXXX1XXXXXXXXXXXXXXXXXXXXXXXXXXXXXXXXXXXX1XXXXXXXXXXXXXXXXXXXXXXX1XXXXXXXXXXXXXXXXXXXXXXXX1XXXXX1XXXXXX


Generation 27/75  F=U(0.5, 1.0)  N_hist=6480
------------------------------------------------------------------------------------------------------------------------
X1XXXXXXXX0XXXXXXXXXXXXXXXXXXXXXXXXXXXXXX1XXXXXXXXXXXXXXXXXXXXXXXXXX1XXXXXXXXXXXXXXXXXXXXXXXXXX11XXXXXXXXXXX1X0XX0XXXX11
XXX0XXXXXXX1XXXXXXXXXXXX1XXXXXXXXXXXXXXXXXXXXXXXXXXX1XXX1X0XXXXXXXXXXXXXXXXXXXXXXXXXXXXXXXXXXXXXXXXXXXXX1XXXXXXXXXXXXXXX


Generation 28/75  F=U(0.5, 1.0)  N_hist=6720
------------------------------------------------------------------------------------------------------------------------
11X0XXX1XXXXXXXXXXXXXXXXXXXXXXXXXXXXXXXXXXXXXXXXXXXXXXXXXXXXXXXXXXXXXXXXXXXXXXXXXXXXXXXXXX0XXXXXXXXXXX1X1XXXXXXXXXXXXXXX
1XXXXXXXXX1X11XXXXXXXXXXXXXXX0XXXXXXXXX1XXXXXXXXX1XXXXXXXXXXXXXXXXXXXXXXXXXXXXXXXXXXXXXXXXX1XXXXXXXXXXXXXXXXXXXXXXXXXXXX


Generation 29/75  F=U(0.5, 1.0)  N_hist=6960
------------------------------------------------------------------------------------------------------------------------
00XXXXXXX1XXXXXXXXXXXXXXXXXXXXXXXXXXXXXXXXXXXX1X1XXXXXXXXXXXXXXX11XXXXXXXX1XX1XXXXXXXXXXXXXXXXXXXXXXXXXXX1XXXXXXXXXXXXXX
XXXXXXXXXXXXXXXXXX1X01X1X11XXXXXXXX1X1XXXXXXXXXXXXXX1XXXXXXXXX1XXXXXXXXXXXXXXXXXXX1XXXXXXX0XXX1XXXXXXXXXXX1XXXXXXXXXXXXX


Generation 30/75  F=U(0.5, 1.0)  N_hist=7200
------------------------------------------------------------------------------------------------------------------------
X1XXXXXXXXXXXXXXXXXXXXXXXXXXXXXXXXXXXXXXX0XXXXXXXXXXXXXXXXXXXXXXXXXXXXXXXXXXXXXXXXXXXXXXXXXXXXXXXXXXXXXXXXXXXXXXXXXXXXXX
XXXXX1XXXXXXXXXXXXXX1XXXXXXXXXX0X1XXXXXXXXXXXXXXXXXXXXX0XXXXXXXXXXXXXXXXXXXXXXXXXXXXXXXXX1XXXXXXXXXXXXXXXXXXXXXXXXXXXXXX


Generation 31/75  F=U(0.5, 1.0)  N_hist=7440
------------------------------------------------------------------------------------------------------------------------
X11X1XXXXXX1XXXXXXXXX1XXXXXXXXXXXXXXXXXX0XXXXXXXXXXXXXXXXXXXXXX10XXXXXXXXX0XXX1XXX1XXXXXXXXXXXX0XXX1XXXXXXXXXXXXXXXXXXXX
XXXXXXXXXXXXXXX1XXXXXXXXXXXXXXXXXXXXXXXXXXXXXXXXXXXXXXXXXXXXXXXXXXXXXX1XXXXXXXXXXXXXXXXXXXXXXXXXXXXXXXXXXXXXXXXXXXXXXXX1


Generation 32/75  F=U(0.5, 1.0)  N_hist=7679
------------------------------------------------------------------------------------------------------------------------
0X1X0XX1XXXXXXXXXXXXXXXXXXXXXXXXXXXXXXXXXXXXXXXXXXXXXXXXXXXXXXXXXXXXXXXXXXX11XXXXXXXXXXXXXXX1X0XXXXXXXX0XXXXXXXXX1XXXXXX
XXXXX1XXXXXXXXXXXXXXXXXXXXX1XXXXXXXXXXXXXXX11XXXXXXXXXXXXXXXXXXXXXXXXXXXXXXXXXXXXXXXXXXXXXXXXXXXXXXXX1XXXXXXX1XXXXXXXXXX


Generation 33/75  F=U(0.5, 1.0)  N_hist=7920
------------------------------------------------------------------------------------------------------------------------
1XX1+1XXXXXXXXXX0XXXXXXXXXXXXXXXXXXXXXXXXXXXXXXXX0XXXXXXXXXXXXXXXXXXXXX0X0XXXXXXXXXXXXXXXXXXXXXXXXXXXXXXXXXXXXXXX0XXXXXX
XXXXX1XXXXXXXXXXX1XXXXXXXXXXXXX0XXXXXXXXXXXXXXXXXXXXXXXXXX1XXXXXXXXXXXXXXXXXXXXXXXXXXXXXXXXXXXXXXXXXXXXXXXXXXXXXXXXXXXXX
X


Generation 34/75  F=U(0.5, 1.0)  N_hist=8160
------------------------------------------------------------------------------------------------------------------------
XXXXXXXXXXX0XXX1XXXXXXXXXXXXXXXXXXXXXXXXXXX1XXXXXXXXX1X0XXXXXXXXXXXXXXXXXXXXXXXXXXXXXXXXXX0XXXXXXXXXXXXXXXXXXXXXXXXXXXXX
XXXX1XXX1X1X1XXXXXXXXXXXXXXX1XXXXXXXXXXXXXXXXXXXXXX1XXXXXXXXXXXXXXXXXXX0XXXXXXXXXXXXXXXXXXXX1XXXXXXXX1XXXXXXXXXXXXXXXXXX


Generation 35/75  F=U(0.5, 1.0)  N_hist=8400
------------------------------------------------------------------------------------------------------------------------
XXXX1XXXXX1XXXXX1XX1XXXXXXXXXXXXXXXXXXXX1XXXXXXXX1XXXXXXXXXXXXXXXXXXXXXXXXXXXXXXXXXXX00XXXXXXX1XXXXXXXXXXXXXXXX1XXXXXXXX
XXXXXXXXXXXXXXXXXXXXXXXXXXXXXXXXXXXXXXXXX1XXXXXXXXXXX0XXXX1XXXXXXXXXXXXXXXXXXXXXXXXXXXXXXXXXXXXXXXXXXXXXXXXXXXXXXXXXXXXX


Generation 36/75  F=U(0.5, 1.0)  N_hist=8640
------------------------------------------------------------------------------------------------------------------------
0101XX1XXXXXXXXXXXX1XXXXXXXXXXXXXXXXXXXXXXXXXXXXXXXXXXXXXXXXXXXXXXXXXXX1X1XXXXXXXXXXXXXXXXXXXXXXXXXXXXXXXXXXXXXXXXXXXXXX
XXXXXXXXXXXXXXXXXXXXXXXXXXXXXXXXXXXXXXXXXXXX1XXXXXXXXXXXXXXXXXXXXXXXXXXXXXXXXXXXXXXXXXXXXXXXXXXXXXXXXXXXXXXXXXXXXXXXXXX1
+


Generation 37/75  F=U(0.5, 1.0)  N_hist=8879
------------------------------------------------------------------------------------------------------------------------
X1X0XXXXXXXXXXXXXXXXXXXX1XXXXXXXXXXXXXXXXXXXXXXX0XXXXXXXXXXXXXXX1XXXXXXXXXXXXX0XXXXXXXX1XXX1XXXXXXXXXXXXXXXXXXXXXXXXXXXX
XXXXXXXXXXXXXXXXXXXXXXXXX1XXXXXXXXXXXX1XX1XXXXXXXXXXXXXXX1XXXXXXXXXXX1X1X0XXXXXXXX1XXXXXXXXXXXXXXXXXXXXXXXXXXXXXXXXXXXXX


Generation 38/75  F=U(0.5, 1.0)  N_hist=9120
------------------------------------------------------------------------------------------------------------------------
01XXXXXXXXXXXXXXXXXX0X1

SSE=19.947 on eval 9167: L=7.04757e+07 b=16.3316 r=0.479962 rf=0.946762 t0=61.325 th=16.419

+XXXXX0XXXXXXXXXXXXXXXXXX0X0XXXXXXXXX011XXXXXX1XXXXXXXXXXXXXXXXXXXXXXX11XXXXXXXXXXXXXXXXXXXXXXXXX
0XXXXXXXXXXXXXXXXXXXXXXXX1XXXXXXXXXXXXXXXXXXXX0XXXXXXXXXXXXXXXXXXXXXXXXXXXXXXXXX0XXXXXXX0XXXXXXXXXXXXXXXXXXXXXXXXXXXXXXX
X


Generation 39/75  F=U(0.5, 1.0)  N_hist=9360
------------------------------------------------------------------------------------------------------------------------
1XX1XX0X1XXXXXXXXXXXXXXXXXXXXXXXXXXXXXX0XXXXXXXXXXXXXXXXXXXXXXXXXXX1XXXXXXXXXXXXXXXXXXXXXXXXXXXXXX0XXXXX1XXXX0XXXXXXXXX1
XXXXXXXXXXXXXXX1XX110XXXXXX1XXXXXXX11X1XXXXXXXXXXXXXXXXXXXXXXXXXXXXXXXXXXXXXXXXXXXXXXXXXXXXXXXXXXXXXXXXXXXXXXXXXXXXXXXXX


Generation 40/75  F=U(0.5, 1.0)  N_hist=9600
------------------------------------------------------------------------------------------------------------------------
0XXX0XXXXXXXXXXXXXX1XXXXXXXXXXXXXXXXXXXXXXXXXXX1XXXXXXXXXXXXXXX1XX1XXXXXXXXXXXXXXXXXXXXXXXXX1XXXXXXXXXXXXXXXXXXXXXXXXXXX
XXXXXXXXXXXXX11XXXXXXXXXXXXXXXXXXXXXXXXXXXXXXXXXX0XXXXXXXXXXXXXXXXXXXXXXXXXXXXXXXXXXXXXXXXXXXXXXXXXXXXXXXXXXXXXXXXXXXXXX


Generation 41/75  F=U(0.5, 1.0)  N_hist=9840
------------------------------------------------------------------------------------------------------------------------
0011XXXXX0XXXXXXXXXXXXXXXXX1XXXXXXX1+XXXXXXXXXXXXX1XXXXXXXXXXXXXXXXXXX1XXXXXXXXX1XXXXXXXXXXXXXXXXXXXXXXXXXXXXXXXXXXXXXXX
XXXXX11XXX1XXXXXXXXXXXXXXX00XXXXX0XXXXXXXXXXXXXX1XXXXXXX1XXXXXXXXXXXXXXXXXXX1XXXX0+XXXXXXXXXXXXXXXXXXXXXXXXXXXXXXXXXXXXX
XX


Generation 42/75  F=U(0.5, 1.0)  N_hist=10080
------------------------------------------------------------------------------------------------------------------------
XXXX1XXXXXXXXXXXXXXXXXXXXXXX1XXXXXXXXXXXXXXXXXXXXXXXXXXXXXXXXXXXXXXXXXXXXXXXXXXX0XXXXXXXXXXXXXXXXXXXXXXXXXXX1XX1XXXXXX0X
XXXXXXXXXXXXXXXXXXXX0XXXXXXXXXXXXX0XXXXXX0XXXXXXXXXXXXXXXXXXXXXXXXXXXXXXXXXXXXX00XXXXXXXXXXXXXXXXXXXXXXXXXXXXXXXXXXXXXXX


Generation 43/75  F=U(0.5, 1.0)  N_hist=10320
------------------------------------------------------------------------------------------------------------------------
XXXX1XXXXXXXXXXXXXXXXXXXXXXXXXXXXXXX1XXXXX0XXXXXXX0XXXXXXXXX1XX0XXXXXXXXXXXXXXX1XXXXXXXXXXXXXXXXXXXXXXXXXXXXXXXXXXXXXXXX
XXXXXXXXXXXXXXXX1XXXXXXXXXXXXXXXXXXXXXXXXXXXXXXXXXXXXXXXXXXXXXXXXXXXXXXXXXXXXXXXXXXXXXXXXXXXXXX0X0XXXXXXXXXXXXXXXXXXXXXX


Generation 44/75  F=U(0.5, 1.0)  N_hist=10560
------------------------------------------------------------------------------------------------------------------------
1X1XXX1XXXXXXXXX0XXXXX0XXXXXXXXXXXXXXX1XXXXXXXXX0XXXXXXXXXXXXXXXXXXXXXXXXXXXXXXXXXXXXX1XXXXXXXXXXXXXXXXXXXXXXXXXXXXXX0XX
XXXXXXXX1XXXX0XXXXXXXXXXXXXXXXXXXXXXXXXXXXX0X0XXXXXXXXXX1XXXXXXX1XX1XXXX01XXXXXXXXXXX0XXXXXXXXXXXXX1XXXXXXXXXXX0XXXXXXXX


Generation 45/75  F=U(0.5, 1.0)  N_hist=10800
------------------------------------------------------------------------------------------------------------------------
1XXXXXXXXXXXXXXXX1X1XXXXXXXXXXXXXXXXXXXXXXXXXXXXXXX00XXXXXXXX0XXXXXXXXXXXXXXXXXXXXXXXXXXXXXXXXXXX1XXXXXXXXXX1XXXXXXXXXXX
XXXXXXXXXXXXX0XXXXXXXXXXXXXXXXXXXXXXXXXXXXXXXXXXXXX1XXXXXXXXXXXX1XXXXXXXX1XXXXXXXXXXXXXXXXXXXXXXXXXXXXXXXXXX0XXXXXXXXXXX


Generation 46/75  F=U(0.5, 1.0)  N_hist=11040
------------------------------------------------------------------------------------------------------------------------
XXXXXXXXXXXXXXXXXXXXXXXXXXXX0XXXXXXXXXXXXXXXXXXXXXXXXXXXXXXXXXX11XXXXX1XXXXXXXXXXXXXXXXXXXXXXXXXXXXXXXXXXXXXXXXXXX1XXXXX
XXXXXXXXXXXXXXXXXXXXXXXXXXXX0XXXXX1XXXXX01XXXX1XXXXXX1XXXXXXXXXXXXXXXXXXXXXXXXXXXXXXXXXXXXXXXXXXXX0XXXXXXXXXXXXXXXXXXXXX


Generation 47/75  F=U(0.5, 1.0)  N_hist=11280
------------------------------------------------------------------------------------------------------------------------
011X0XX0XXXXX1X0XXXXXXXX1XXXX1XXXXXXXXXXXXXXXXXXXXXXXXXXX0XXXXXXXXXXXXX1XXXXXX1XXXXXXXXXXXXXXXXXX0XXXXXXXXXXX1X0100XX01X
XXXXXXXXXXXXXXXXXXXXXXXXXXXXXXXXXXXXXXXXX0XXXXXXXX1XXXXX1XXXXXXXXXXXXXXXXXXX1XXXXXXXXXXXXXXXXXXXXXXXXXXXXXXXX1XXXXXXXXXX


Generation 48/75  F=U(0.5, 1.0)  N_hist=11520
------------------------------------------------------------------------------------------------------------------------
01XXXXXXXXXX1XXXXXXX0XXXXXXXXXXXXXXXXXX0XXXXXXXXXXXXXX1XXXXXXXXXXXXXXXXXXXXXXXXXXXXXXXXXXXXXXXXXXXXXXXXXXXXX1XXXXXXXXXXX
XXXXXXXXXXXXXXXXXXXXXXXX0XXXXXXXXXXXXXXXXXXXXXXXXXXXXXXXXXXXXXXXXXXXXXXXXXXXXXXXXXXXXXXXXXXXXXXXXXXXXXXXXXXXXXXXXXXXXXXX


Generation 49/75  F=U(0.5, 1.0)  N_hist=11760
------------------------------------------------------------------------------------------------------------------------
XXX1XX10XXXXXXXXXXXXXXXXXXXXXXXX10XXXXXXXXXXXXXXXXXXXXXXXX0XXXXXXXXXXXXXXXXXXXXXXXXXXXXXXXXXXXXXXXXXXXXXXXXXX00XXXX0XXXX
XXXXXX1XXXXX1XXXXXXXXXX1XXXXXX1XXXXXXXXXXXXXXXXXXXXXXXXXXXXXXXXXXXXXXXXXXX0XXXXXXXXXXXXXXXXXXXXXXXXXXXXXXXXXXXXXXX1XXXXX


Generation 50/75  F=U(0.5, 1.0)  N_hist=12000
------------------------------------------------------------------------------------------------------------------------
1XXXXX00XX1XXXXXX1XXXXXXXXXXXXXXXXXXXXXXXXXXXXXXXXXXXXXXXXXX0XXXXXXXXXXXXXXXX1X0XXX0XXXXXXX1XXXXXX0XXXXXXXXXXXXXXXXXXX1X
XXXXXXXXXXXXXXXXXX0XXX0XXXXXXXXXXXXXXXXXX0XXXXXX1XXXXXXXXXXXXXXXXXXXXXXXXXXXXXXXXXXXXXXXXXXX0XXXXXXXXXXXXXXXXXX0XXXXXXXX


Generation 51/75  F=U(0.5, 1.0)  N_hist=12240
------------------------------------------------------------------------------------------------------------------------
1XX0X1XXXXXX0XXXXXXXXXXXXXXXXXXXXXXXXXXXXXXXXXX1XXXXXXXXX1X1XXXXXXXXXXXXXX0XXXXX10XXXXXXXXXXXXXXXXXXXXXXXXXXXXXXXXXXXXXX
XXXXXXXXXXXXXXXXXXXXXXXXXXXXXX1XX0XXXXXXXXXXXX0XXXXXXXXXXXXXXXXXXXXXXX1XXXXXXXXXXXXXXXXXXXXXXXXX1XXXXXXXXXXXXXXXXXXXXXXX


Generation 52/75  F=U(0.5, 1.0)  N_hist=12480
------------------------------------------------------------------------------------------------------------------------
00X0XXXXX0XXXXXXXXXXXXXXXXX0XXXXXXXXXXXX1XX1XXXXXXXXXXXXXXXXXXXXXXXXXXX01XXXXXXXXXXXXXXXXXXXXXXXXXXXXXXXXXXXXXXXXXXXXXXX
XXX0XXXXXXXXX0XXXXXX1XXXX0XXXXXXXXXXXX1XXXXX0XXXXX0XX0XXXXXXXXXXXXXXXX1XXXXXXXXXX1XXXXXXXXXXXXXXXXXXXXXXXXXXXXXXXXXXXXXX


Generation 53/75  F=U(0.5, 1.0)  N_hist=12720
------------------------------------------------------------------------------------------------------------------------
X0XXXXXX1XXXXXXXXXXXXXXXXXXXXXXXXXXXXXXXXXXXXXXXXXXXXXXXXXX1XXXXXXXXXXXXXXXXXXXX0XXXXX0XXXXXXXXX1XXXXXXXXXXXXXXXXXXXXXXX
1XXXXXXXXXXXXXXXXX1XXXXXXXXXXXXXX0XXXXXXXXXXXXXXXXX0XXXXXXXXXXXXXXXXXXXXXXXXXXXXXXXXXXXXXXXXXXXXXXXXXXXXXXXXXXXXXXXXXXXX


Generation 54/75  F=U(0.5, 1.0)  N_hist=12960
------------------------------------------------------------------------------------------------------------------------
00X00XXXXXX1XXXXXX0XXXXXXXXXXXXXXXXXXXXXXXXXXXXXXXXXXXXXXXXX0XXXXXXXXXXX0XXXXXX1XXXXXXXXXXXXXX1XXXXXX1XXXXXXXXXXXXXXXXXX
XXXXXXXXXXXXXX0XXXXXXXXXXX1X0X0XXXXXXX1XXXXXXXXXXXXXXXXXXXXXXXXXXXXXXXXXXXXXX011XXXXXXXXXXXXXXXXXXX1XXXXXXXXXXXXXXXXXXXX


Generation 55/75  F=U(0.5, 1.0)  N_hist=13200
------------------------------------------------------------------------------------------------------------------------
0XXXXX00XXXXXXXXXXXXXXXXXXXXXXXXXXXXXXXXXXXXX1XXX1XXX1XXXX1XXXXXXX1X0XX0XXXXXXXXX1XXXX1XXXXXXXXXXXXXXXXXXXXXXXXXXXXXXXXX
XX01XXXXXXX1XXXXXXXXXXXXXXXXXXXXXXXXXXXXXX10XXXXXXXXXXXXXX1X1XXXXXXXXXXXXXXXXXXXXXXXXXXXX1XXXXXXXXXXXXXXXXXXXXXXXXXXXXXX


Generation 56/75  F=U(0.5, 1.0)  N_hist=13440
------------------------------------------------------------------------------------------------------------------------
1XXXXXXX1XXX1XXXXXXXXXXXXXXXXXXXXXXXXXXXXXXXXXXXXX1XXXX1XXXXX1XXXXXXXXXXXXXX1XXXXXXXXXXXXXX00XXXXXXXXXXXXXX1XXXXXXXX1XXX
XXXXXXXXXXXXX0XXXXXXXXXXXXXXXXXXXXXXXXXXXXXXXXXXXXXXXXXXXXXXXX0XXXXXXXXXXXXXXX1XXXXXXXXXXXXXXXXXXXXXXXXXXXXXXXXXXX1XXXXX


Generation 57/75  F=U(0.5, 1.0)  N_hist=13680
------------------------------------------------------------------------------------------------------------------------
0X11XX0XXXXXXXXXXXXXXXXXXXXXXXXXXXXXXXXXXXXXXXXXXXXXX1XXXXX0XXXXXXXXXXXXXXXXXXXXXXXXXXXXX0XXXXXXXXXXXXXXXXXXXXXXXXXXXXXX
XXX0XX1XXXX0XXX0XXX0XXXXX0XXXXXXXXXXXXXXXX1XXXXXXXXXX0XXX0X0XXXXX1XXXXXXXXXXXX0XXXXXXXXXXXXXXXXXXXXXXXXXXXXXXXXXXXXXXXXX


Generation 58/75  F=U(0.5, 1.0)  N_hist=13920
------------------------------------------------------------------------------------------------------------------------
X1XX0XXXXXX1XXXXXXXXXXXXXXXXXXXXXXXXXXXXXXXXXXXXXXXXXXXXXXXXXXXXXXXXXXXXXXXXXXXXXXXXXXXXXXXX1XXXXX0XXXXXXXXXXXXXXXXXXXXX
XXXXXXXXXXXXXXXX1X00XXXXXXXXX1XXXXXXXXXXX0X1XXXXX0XXXXXXXXXXXXXXXXXXXXXXXX10XXX1XXXXXXXXXXXXXXX1XXXXXXX1XXXXXXXXXXXXXXXX


Generation 59/75  F=U(0.5, 1.0)  N_hist=14160
------------------------------------------------------------------------------------------------------------------------
00XX00XXXXXXXXXX00XXXXXXXXXXXXXXXXXXXXXXXXXXXXXXXXXXXXXXX1X001XXXXXXXXXXXXXXXXXXXXXXXXX0XXXXXXXXXXXXXXXXXXXXXXXXX0XX0XXX
XX1XXXX1X0XXXXXXXXXXXXX00XXXXXXXXXXXXXXXXXXXXXXXXXXXXXXXXXXXXXXXXXXXXXX11XXX0XXXXXXXXXXXXXXXXXXX01XXXXXXXXXXXXXXXXXXXXXX


Generation 60/75  F=U(0.5, 1.0)  N_hist=14400
------------------------------------------------------------------------------------------------------------------------
XXXXXX0XXXXXXXXXXXXXXXXXXXXXXXXXXXXXXXXXXXXXXXXXXXXXXXXX0XXXXXXXXXXXXXXX0XXXX01XXXXXXXXXXXXXXXXXXXXXXXXX0XXXXXXXXXXX0XXX
XXXXXXXXXXXXXXXXXXXXXXXXXXXXXXXXXXXXXXX0XXXXXXXXXXXXXXXXXXXXXXXXXXXXX0XXXXXXX0X00XXXXXXXXXXXXXXXXXXXXXXXXXXXXXXXXXXXXXXX


Generation 61/75  F=U(0.445, 1.0)  N_hist=14640
------------------------------------------------------------------------------------------------------------------------
X0XXXXX1XXX1XXXXX1XXXXX0XXXXXXXXXXXXXXXXXX00XXXX0XXXXXXXXXXXXXXXXXXXXXXXXXXXXXXXXXXXXXX00XXXXXXXXXXX001XXXXXXXXXXXXXXXXX
XX1XXXXXXXX0XXXXXXXXXXX0XXXXXXXXXXXXXXX0XX0XXXXXXXXXXXXXXXXXXXXXXXXXXXX0XXXX1XX0XXXXXXXXXXXXXXXXXXXXXXXXXXXXXXXXXXXXX0XX


Generation 62/75  F=U(0.493056632402, 1.0)  N_hist=14880
------------------------------------------------------------------------------------------------------------------------
XX0XXXXX0XXXXXXXXXXXXXXXXXXXXXXX1XXXX0X1XXXXXXXXXXXXXXXXXXXXXXXXXXXXXXXXXXXXXXXXXXXXXXXXX1XXXXXXXXXXXXXXXXXXXXXXXXXXX0XX
XXXX0XXXXXXXXXXXXXXXXXXXXX1XXXXXXXXXXXXXXXXXX0XXXXXXXX0XXXX11XXXXXXXXXXXXXXXX0XX0XXXXXXXXXXXXXXXXXXXXXXXXXXXXXXXXXXXXXXX


Generation 63/75  F=U(0.5, 1.0)  N_hist=15120
------------------------------------------------------------------------------------------------------------------------
1X00X00XXXXXXXXX0XXXXXXXXXXXXXXXXXXXXXXXXXXXXX0XXXXXX0XXXXXXXXXXXXXXXXXXXX0XXXXXXXXXXXXXXXXXXXX1XXX0XXXXXXXXXXXXXXXXXXXX
XXXXXXXXXXXXXXXXXXXXXXXXXXXXXXXXXXXXXXXXXXXXXXXXXXXXXXXXXXXX1XXXXXXXXXXXX0XXXXXXXXXXXXXXXX1XXXXXXXXXXXXXXXXXXXXXXXXXXXXX


Generation 64/75  F=U(0.5, 1.0)  N_hist=15360
------------------------------------------------------------------------------------------------------------------------
XX1XXX0010XX00XXXXXX0XXXXXXXXXXXXXXXXXXXXXXXXXXXXXXXXXXXXXXXXXXXXXXXXXXXXXXXXXXXXXXXXX1XXXXXXXX00XXXXXXXXX00XXXXXXXXXXXX
XXXXXXXXXXXXXX0XXXXXXXXXXXXXXXXXXXXXX1XXXXXXXXXXX1XXXXXXXXXXXXXXXXXXXXXX0XXXXXXXXXXXXXXXXXXXXXXXXXXXXXXXXXXXXXXXXXXXXXXX


Generation 65/75  F=U(0.5, 1.0)  N_hist=15600
------------------------------------------------------------------------------------------------------------------------
00XXXX0X1XX0XXXXXXXX0XXXXX1XXXXXXXXX1XXXXXXXXXXXXX1XXXXXXXXXXXXXXXXXXXXXXXXXXXXXXXXXXX0XXXXXXXXXXXX1XXXXXXXXXXXXXXXXXXXX
XXXXXXXX0XXXXXXXXXXXXXXXX0XXXXXX0XXXXXXXXXXXXXXXXXXXXXXXXXXX1XXXXXXXXXXXXXXXXXX1XXXXXXXXXXXXXXXXXXXXXXXXX0XXXXXXXXXXXXXX


Generation 66/75  F=U(0.5, 1.0)  N_hist=15840
------------------------------------------------------------------------------------------------------------------------
1X0X0XXXXXXXXXXXXX00XXXXXXXXXXXXXXXXXXXXXXXXXXXXXX0XXXXXXXXXXXXXXXX1XX1XXX1XXXXXXXXXXXXXXXXXXXXXXX00X1XXXX1XXXXXXXXXXXXX
XXXXXXXXXXXXXXXXXXX0XXXXXXXXXXXXXXX0X00XXXXXXXXXXXXXXXXXXXXXXXXXXXXXXXXXXXXXXXXXXXXXXXX0XXXXXXXXXXXXXXXXXXXXXXXXXXXXXXXX


Generation 67/75  F=U(0.445, 1.0)  N_hist=16080
------------------------------------------------------------------------------------------------------------------------
X0XXXXXXXX0XXXXXXXXXXXXXXXXXXXXXXXXXXXXXXXXXXXXXXXXXXX0XXXXXXXXXX0XXXXXXXXXXXXXXXXXXXXXX0XXXXXXXXXXXXXXXXXXXXXXXXXX00XXX
XXXXXXXXXXXXXXXXXXXXXX0XXXXXXX0XXXXXXXXXXXXXXXXXXXXXXXXX1XXXXXXXXXXXXXXXXXXX0XXXXXXXXXXXXXXXX1XXXXXXXXXXXXXXXXXXXXX0XXXX


Generation 68/75  F=U(0.39605, 1.0)  N_hist=16320
------------------------------------------------------------------------------------------------------------------------
0X0XXX00XX0X0XXXXXXXXXXXXXXXXXXXXXXXXXXXXXXXXXXXXX1XX0XXXXXXXXXXXXXXXXXXXXXXX0XXXXXXXXXXXXXXXXXXXXXXXXXX0XX0X0XXX0XXXXXX
XXXXXXXXXX1XXXXXXXXXXX0XXXXXXXXXXXX0XX0XXXXXXXXXXXXXXXXXXXXXXXXXX1XXXXXXXXX0XXXXXXXXXXXXXXXXXXXXXXXXXXXXXXXXXXXXXXXXXXXX


Generation 69/75  F=U(0.438820402838, 1.0)  N_hist=16560
------------------------------------------------------------------------------------------------------------------------
XX0XXXXXXXXXXXXXXXXXXXXXXXXX0XXXXXXXXXXXXXXXXXXXXXXX00X0XXXXXXXXXXXXXXXXXXX0XXXXXXXXXX0XXXXXXXXXXXXXXXXXXXXXXXXXXXXX0XXX
XXXXXXXXXXXX0XXX0XXXXXXXXXXXXXXXXXXXXXXXXXXXXXXXXX0XXXXXXXXXXXXXXXXXXXXXXXXXXXXXXXXXXXXXXXXXXXXXXXXXXXXXXXXXXXXXXXXXXXXX


Generation 70/75  F=U(0.390550158526, 1.0)  N_hist=16800
------------------------------------------------------------------------------------------------------------------------
0XXXXXXXXXXXXXXXXXXXXXX0XXXXXXX0XXXXXXXXXXXXXXXXXXXXXXXX0XXXXXXXXXXXXXXXXXXXXXXXXXXXXXXXXXXXXXXXXXXXXXXXXXXXXXXXXXXXXXXX
XX00XXXXXXXXXXXXXX0XXXXXXXXXX1XXXXXXXXXXXX0XXXXXXXX0XXXXXXXXXXXXXXXXX0XXXXXX0XXXXXXXXXXXXXXXXXXXX0XXXXXXXXXXXXXXXXXXXXXX


Generation 71/75  F=U(0.432726620105, 1.0)  N_hist=17040
------------------------------------------------------------------------------------------------------------------------
0X0XXXXX0XXX0XXXXXXXXXX00XXXXXXXXXXXXXXXXXXXXX11XXXXXXXXXXXXXXXXXXXXXXXXXXXXXXXXXXXXXXXXXXXXX1XXXXXXXX0XXX0XXXXX0XXXXXXX
XXXXXXXXXXXXXXX0XXXXXXXXXXXXXXXXXXXXXXXX0X0XXXX0XXX0XXXXXXXXXX00XXXXXXXXXXXXXXXXXXXXX0XXXXXXXXXXX0X1XXXXXXXXXXXXXXXXXXXX


Generation 72/75  F=U(0.479457820359, 1.0)  N_hist=17280
------------------------------------------------------------------------------------------------------------------------
0100XXXXXXXXXXXXXXXXXXXXXXXXXXXXXX10XXXXXXXXXXXXXXXXXXXXXXXXXXX0XXX0XXXXXXXX0XXXXXXXX0XXXXXXXXXXXXXXXXXXXXXX0XXXXXXXXXXX
XXXXXXXXXXXXXXX0X0XXXXXXXXXXXXXXXXXXXXXXXXXXXXXXXXXXXXXXXXXXXXX0XXXXXXXXXXXXXXXXXXXXXXXXXXXXXX0XXXXXXXXXXXXXXXX0X0XXXXXX


Generation 73/75  F=U(0.426717460119, 1.0)  N_hist=17520
------------------------------------------------------------------------------------------------------------------------
XXXXXXXXXXXXX0XXXXXXXX0XXXXXXXXXXXXXXXXXXXXXXXXXXXXXXXXXXX0XXXXXXX0XXXXXXXXXXXXXXXXXXXXXXXXXXXX0XXXXXXXXXXXXXXXXXXXXXXXX
10XXXXXXXXXXX0XXXXXXXXXXXXXXXXXXXXXX0XXXXXX00XXXXXXXXXXXXXXXXXXXXXXXXXXX0XXXXXXXXXX1XXXXXXXXXXXXXXXXXXXXXXXXXXXXXXXXXXXX


Generation 74/75  F=U(0.379778539506, 1.0)  N_hist=17760
------------------------------------------------------------------------------------------------------------------------
XXX011XX0XXXXXXXXXXXXXX0X000XX0XXXXXXXXXXXXXXXXXXXXXXXX0XXXXXXXXXXX0XXXXX0XXXXXXXXXXXXXXXXXXXXXXXXXXXXXXX00XX0XXXXX0XXXX
0XXXXXXXXXXXXXXXXXXXXX0XXXXXX0XXXXXXXXXXXXX1XXXXXXXXXXXXXXXXXX1XXXXXXXXXXXXXXXXXXXXXXXXXXXXXXXXXXXXXXXXXXXXXXXXXXXXXXXXX


Generation 75/75  F=U(0.420791747747, 1.0)  N_hist=18000
------------------------------------------------------------------------------------------------------------------------
XXXXX0X00XXXXXXX0XXXXXXXXXXX0XXXXXXXXXXXXXXXXXXXXXXXX0XXXXXXXXXXX0XXXXXXXXXXXXXXXXXXXXXXXXXXXXXXXXXXXXXXXXXXXXXXX1XX0XXX
XXXXXXXXXXX0XXXXXXXXXXXXXXXXXXXXXXXXXXXXXXXXXXXXXXXXXXXXXXXXXXXXXX0XXXX0XXXXXXXXXXXXXXXXX0XX0XXXXXXXXXXXXXXXXXXXXXXXXXXX


Maximum number of iterations reached.

SSE=19.859 on eval 18240: L=2.98021e+08 b=1.9393* r=0.48008 rf=0.953129 t0=61.0913 th=17.2736


Shutting down DE...
DE shutdown complete.

Final population:
Population: 240 individuals with SSE 19.859 to 21.062, avg eval time 0.037 sec. Top 7:

        SSE |     19.859       19.871       19.873       19.887       19.887       19.893       19.895  
------------------------------------------------------------------------------------------------------------------------
          L | 2.9802e+08   2.7402e+08   3.0412e+08   3.1333e+08   2.5133e+08   1.8181e+08   2.9344e+07  
          b |     1.9393*      36.195       26.025       15.726       16.995       61.288       5.2974* 
          r |    0.48008      0.48374      0.47173      0.44379      0.48956      0.46658      0.48492  
         rf |    0.95313      0.95306      0.95229      0.94423      0.95312      0.95058      0.94856  
         t0 |     61.091       61.008       61.365       62.312       61.053       61.604       61.055  
         th |     17.274       17.223       17.117       16.308       17.001       16.881       16.854  
------------------------------------------------------------------------------------------------------------------------
Best individual:
<SSE=19.8593 L=2.98021e+08 b=1.9393* r=0.48008 rf=0.953129 t0=61.0913 th=17.2736>


Elapsed time: 284.63 seconds

Saved final population of best parameter combinations to covid19.dat
Shutting down...
Task Queue is shut down
Goodbye
