Decompressing and parsing covid19.csv.bz2...
Cumulative and new cases reported thus far for Singapore
------------------------------------------------------------------------------------------------------------------------
000	01/22	0	0
001	01/23	1	1
002	01/24	3	2
003	01/25	3	0
004	01/26	4	1
005	01/27	5	1
006	01/28	7	2
007	01/29	7	0
008	01/30	10	3
009	01/31	13	3
010	02/01	16	3
011	02/02	18	2
012	02/03	18	0
013	02/04	24	6
014	02/05	28	4
015	02/06	28	0
016	02/07	30	2
017	02/08	33	3
018	02/09	40	7
019	02/10	45	5
020	02/11	47	2
021	02/12	50	3
022	02/13	58	8
023	02/14	67	9
024	02/15	72	5
025	02/16	75	3
026	02/17	77	2
027	02/18	81	4
028	02/19	84	3
029	02/20	84	0
030	02/21	85	1
031	02/22	85	0
032	02/23	89	4
033	02/24	89	0
034	02/25	91	2
035	02/26	93	2
036	02/27	93	0
037	02/28	93	0
038	02/29	102	9
039	03/01	106	4
040	03/02	108	2
041	03/03	110	2
042	03/04	110	0
043	03/05	117	7
044	03/06	130	13
045	03/07	138	8
046	03/08	150	12
047	03/09	150	0
048	03/10	160	10
049	03/11	178	18
050	03/12	178	0
051	03/13	200	22
052	03/14	212	12
053	03/15	226	14
054	03/16	243	17
055	03/17	266	23
056	03/18	313	47
057	03/19	345	32
058	03/20	385	40
059	03/21	432	47
060	03/22	455	23
061	03/23	509	54
062	03/24	558	49
063	03/25	631	73
064	03/26	683	52
065	03/27	732	49
066	03/28	802	70
067	03/29	844	42
068	03/30	879	35
069	03/31	926	47
070	04/01	1000	74
071	04/02	1049	49
072	04/03	1114	65
073	04/04	1189	75
074	04/05	1309	120

Initializing 240 population members having 6 parameters
------------------------------------------------------------------------------------------------------------------------

SSE=0.73584 on eval 1: L=510064 b=0.704965 r=0.087839* rf=0.399493 t0=68.6417** th=1.56866

*1!

SSE=0.60769 on eval 4: L=7893.87* b=1.21178 r=0.112653 rf=0.364607 t0=66.9519 th=0.550127*

!121321212

SSE=0.57186 on eval 14: L=2.46164e+06 b=1.44961 r=0.18915 rf=0.656508 t0=61.9238 th=4.42783

!1422221321211322133122211102212133111121113113311212331121211111123321111124143321223211112321222111222212
1211121111231131!11

SSE=0.55271 on eval 140: L=2.95436e+06 b=0.258237 r=0.145351 rf=0.488462 t0=64.0169 th=3.34951

!1223322113211432111123132211212141112121221211231222111142121332111111112121121121212112222112202211


Population: 240 individuals with SSE 0.55271 to 2.0952, avg eval time 0.542 sec. Top 7:

        SSE |    0.55271      0.56223      0.56701      0.57157      0.57186      0.58212      0.58214  
------------------------------------------------------------------------------------------------------------------------
          L | 2.9544e+06   7.4258e+05   5.0732e+06   1.4943e+06   2.4616e+06   4.9814e+06   1.9406e+06  
          b |    0.25824      0.91452       0.7955      0.62311       1.4496       1.3538       1.8109  
          r |    0.14535      0.14847      0.15829      0.19594      0.18915      0.12535      0.15336  
         rf |    0.48846      0.49272      0.60001       0.6327      0.65651      0.41302      0.52808  
         t0 |     64.017       63.811        62.67       60.604       61.924       65.554       60.953  
         th |     3.3495         3.72        4.142       4.1047       4.4278       3.0366       5.8112**
------------------------------------------------------------------------------------------------------------------------
Best individual:
<SSE=0.5527 L=2.95436e+06 b=0.258237 r=0.145351 rf=0.488462 t0=64.0169 th=3.34951>


Population: 240 individuals with SSE 0.55271 to 2.0952, avg eval time 0.542 sec. Top 7:

        SSE |    0.55271      0.56223      0.56701      0.57157      0.57186      0.58212      0.58214  
------------------------------------------------------------------------------------------------------------------------
          L | 2.9544e+06   7.4258e+05   5.0732e+06   1.4943e+06   2.4616e+06   4.9814e+06   1.9406e+06  
          b |    0.25824      0.91452       0.7955      0.62311       1.4496       1.3538       1.8109  
          r |    0.14535      0.14847      0.15829      0.19594      0.18915      0.12535      0.15336  
         rf |    0.48846      0.49272      0.60001       0.6327      0.65651      0.41302      0.52808  
         t0 |     64.017       63.811        62.67       60.604       61.924       65.554       60.953  
         th |     3.3495         3.72        4.142       4.1047       4.4278       3.0366       5.8112**
------------------------------------------------------------------------------------------------------------------------
Best individual:
<SSE=0.5527 L=2.95436e+06 b=0.258237 r=0.145351 rf=0.488462 t0=64.0169 th=3.34951>

Performing DE with CR=0.7, F=U(0.5, 1.0), DE/rand-1.00/1/bin
------------------------------------------------------------------------------------------------------------------------
Press the 'Enter' key to abort.

Generation 1/75  F=U(0.5, 1.0)  N_hist=240
------------------------------------------------------------------------------------------------------------------------
X1XXX1321111XXX12XX1X111X12X22XX1XXX10X22XX2XXX1X0X2XXXXX1X2XXX0X11X11X3XX3X31XX1XX21XX22XX222X1XX120XX12XXX2X131X1X2X1X
X11XXX1XX1111XX221XXX1X21120XXXX22X1XXX123XX111XXXX1XXX0121211XXX1XXXXXX0X1XX1X11X21111X1XX1X101XX2XXXX1X0X01X1XXX121X2X


Generation 2/75  F=U(0.5, 1.0)  N_hist=480
------------------------------------------------------------------------------------------------------------------------
XXXXX1X11110X222XX0X11XXXXX1XXX2X0X10X11XX1X1X1X11011XXXXXX21211XX1XX1XX1XX122221XXXX11X1X1XXXX21XX1112XX1X1XXXXX1XX312X
X1XXXXXX01XXXXXX11X122XXX12XXXXX111XXXXXXX1X1X11X2X1X1112XX2XXXXX1X1X2XXXX1X1X1X1X2+1221XXX1XX011XX1X2X11XXXXXXX1XXXXX21
X


Generation 3/75  F=U(0.5, 1.0)  N_hist=720
------------------------------------------------------------------------------------------------------------------------
X11X1X1XXXXXXXXX111X21X1X11211XXXXXX1X122X11X1XXXXX301X00XXX1X1XX1XX1X1XXX01XXXXXXX1X1101XXXX1XX1X0XXX2110X01XX11X1X1XXX
XX111XX0X11XX20+111XXX1XXXX12XXXX10X10X11X1XX11X1X1XXX0X1XXX11XX11XXXX0X1111X00XXX11XXXXXXXXX11X1XXXX1XXXXXXXXXXX1XXXXXX
2


Generation 4/75  F=U(0.5, 1.0)  N_hist=960
------------------------------------------------------------------------------------------------------------------------
1X1XX1XXX1X1XX11X1X1XXX1XXXXXX21XX11XXXXX11XXXXX1XXXXXXX12X1XXXXXXXX1X1X0111X0X11XXXXX1XXXX00XX11XXXXX2X1XXXXXXXXX11XX1X
X1X1XX111XX11X10XX2X1XXXXXXXXX11X1XXXX0X1XX0X1011XX1XXX0XX01XX1X11XXXXX1XXXX11XX1XXXX1X1XXXXXXX0XXXXXXX1XXXXXXX1XXXXXX0X


Generation 5/75  F=U(0.5, 1.0)  N_hist=1200
------------------------------------------------------------------------------------------------------------------------
X1XXXXXXX11XXXXXX0X11111XXXX1XX0X0X1XX1XX1XXXXXXXXXXXXX0X01X11XXXX1X0XXX1XXXXXXXX0XX1X0XXXXXXXXXXX1XXX0XXX0X1XX11XXX1XXX
XXXX1XXXX1X01XXXXXXXXX11XX01XXXXXXXXXX11XXXX11X1XXXXXXX0X1XX0XXXXX101X10X1XXX1XXXX1XXXXXX1XXXXX1XXXX1XXXXXX1XXX1XXXXXXXX


Generation 6/75  F=U(0.5, 1.0)  N_hist=1440
------------------------------------------------------------------------------------------------------------------------
XX1XXXXXXXXX1XX1X11XXXXXXXX11X1X11X0XXXX1XXXXX1XXXX11XXX1XX11111XXXXXXXXXXXXX111X10XX11XXX111010011+XXXXXX11101X1X0X1XXX
XXXXXXX111XXX00XXXXX01XXXXX11X001X0XXX1XXXXXXXXXXXXXXX011XXXXXXXX1X1XXXXXXXXXX0XXXX11X1XXXXX1XXXXXXXXXXX1XXXXX1XX1X0XXXX
X


Generation 7/75  F=U(0.5, 1.0)  N_hist=1677
------------------------------------------------------------------------------------------------------------------------
10X11X111XXXXXXXXXXXXXXX1XXXXXXXXXXXXXXXXXXX1XX1XXXXXX11XXXXXX1XXXXXXX11X1XXXXXXXXXXX1XXXXXXXX1XXXXXXXXXXX11X1X1XXX1X1XX
X11XX0XXX1XXXXX0X1XXXXXX1XXXX11XXXXXX00XXXXXXXXX1XXXXXX1XXXXXXXXXXXXXX1XXXXXXXXXXX1XXX1X1XXX111XXXXXXXXXXXXXXXXXXXXXXXXX


Generation 8/75  F=U(0.5, 1.0)  N_hist=1920
------------------------------------------------------------------------------------------------------------------------
100X00XX1XXXXXX0XXX1XXXXXX0XXXXXX1XXXX10XXXXXXXXXXXXXXXXXXXXXXXXX1XXXXXXXX1X1XXXXXX0X111X0XX1XXXXXXX0XX1XXXXXXX1X0XXXXXX
XX1X11XXX0XXXXX1X1111XXXXXXXX1XXXXXXXXXXX0XXXXXXXXXXXXXXXXXXX10XXXXXX10X1XXXXXXXXXXXX0XXXXXXXX00XXXXX1XXXXX1X1XXXXXXXXX1


Generation 9/75  F=U(0.5, 1.0)  N_hist=2159
------------------------------------------------------------------------------------------------------------------------
10X11X000XX01XX11XXXXXXXXXX1XXXX0XXX0XXXXXX0X1110XXXXXXXXXXXX0XXX1X1XX11X1XXXX1XXXXXXXXX1XX01X01XXXXXXXXX1XXXXX10XX1XXXX
X1X0XXXXXX1XXXXXXXXXX0011+XXXXXXX10XXX0X1X1XXXXXXX1XXXX101XXXXXXXXXXXXXXXXXX1XXXXXXXXXXXXXXXX1XXXXXXXXXXXXXXXXXXXXXXXXXX
1


Generation 10/75  F=U(0.5, 1.0)  N_hist=2399
------------------------------------------------------------------------------------------------------------------------
1101X11X0XXXXXXXXXX1XXXXXXXXXXXXXXXX1XX01XXXXXX0XXXXXX1XXXXX111X0X1011XXXXXXX1XXXXXXXXXXXXXXX11XXXXXX1XXX1XXXXXXXXXXXXXX
X1XXXXXXX000XX11XXXXXXXXX1XX0XXXXXXXXXXX1XXXXXXX0X0X1XXXX0X111XXXXXXXX1XXXXXXX0XXXXXXXXXXXX1XX01XXXXXX1XXXXXXXXXX1XXXXXX


Generation 11/75  F=U(0.5, 1.0)  N_hist=2640
------------------------------------------------------------------------------------------------------------------------
00010011X101X0XXXX1XXXXXXXX10XXX10XXX0XXXXXXXXX0XX11XXXXXX0XXXX1XX1XXXXXXX1XXXXXX1XXXXXXXXXXXX0X0XX10X0XXXXX1XXXXXXXXXXX
XXXXXXXXXXXXXXXXXXXXXX1XX1XXXXXXXXXXXXXXXXXXXXX1X1XXXXXXX1XXX10XXXXX101X0XXXXXXXXXXX0XXXXXXXXXXXXXXXXXXXXXXXXXXXXXXXXXXX


Generation 12/75  F=U(0.5, 1.0)  N_hist=2880
------------------------------------------------------------------------------------------------------------------------
010X10100X1XX00XXXXXX0XXXXXXXXXX0XXXXXXXXXXXXXX0XXXX11XXXX0XXXXXXXXXXXXXXXX11100XXXXX001XXXXXXXXXXXXXX0XXX0XXXXXXXXXXXXX
XXX0XXXXXXX0XXXXX1XXXXXXXX1XXXXXXXXXXXXXXXXXXXXXX0X00XXXXXXXXX0X00XXX0X1111X01XXXXXX1XXX11X0XX0100XXXXXXXXXXXXXXXXXXXXXX


Generation 13/75  F=U(0.5, 1.0)  N_hist=3120
------------------------------------------------------------------------------------------------------------------------
111X01X00X11X01XXXX0XX0XXX1XXX0XXXXXXXX1XXXXXXXXXXXXXX0XXXXXX01XX1XXXXXXXXXXXXXXXXXXXXXXXXXXXX0XX1XXXXX101X1X0XXXX1XXXXX
XXXX10XXXXX0XX1XX001XXX0XXXXXXXXX1XXXXXX0XXXXXXXXXXXXXXXXX0XXXXXXXX1XXXXXXXX0XXXXXXXXX1XX1XXX0XXXXXX0XXXXXXXXXX1XXXXXXXX


Generation 14/75  F=U(0.5, 1.0)  N_hist=3360
------------------------------------------------------------------------------------------------------------------------
0100X11X110XX00XXXXXXXXXXXXXXXXXXXXX1XXXXXXXXXX0XXXXXXX1XXX11XXXX1110XX011010X1XX00XXXXXXX0XX0XXX11X1XXXXX0XXXXXX0XXXXXX
XXX11XXXXXXXXXXX1XXXX1XXXXXXXXX0XXXXX0XX10XXXXX1XXXXXXXXXXXXXXXXX0XX1XXXX00XXXXX0XXXXXXXXXXXXXXXX1XXXXXXXXXXXXXXXX0X0XXX


Generation 15/75  F=U(0.5, 1.0)  N_hist=3599
------------------------------------------------------------------------------------------------------------------------
01X0XXXXXXXXXX0XXX11XXXXXXX0XXX0XXXXXXXXXXXXXXXXXXXXXXXXXX1XXXXXXXXX1XXXXX1XXXXXXXXXXXXXXXX101XXXXXXXXXXXXXX1000+XXXX01X
XXXXXXXXXXXXXXXXXX0XX1XXXXXXXXXXXXXXX1XX0000X0XXXXX0X0XXXXXXXXXXXXXXXXX10X01XX00XXXXXXXXXXXXXXXXXXXXXXXXXXXXXXX1XXXXXXXX
X


Generation 16/75  F=U(0.5, 1.0)  N_hist=3840
------------------------------------------------------------------------------------------------------------------------
1XXX1XXXXXXXXXXXXXXXXXXXX10X0XXXX10XXXXXXXXXX0XXXXXXXXXXXXX1X10X0XX1XXXXXXXX1XX00XX0XXXXXXXX0XXXXX0X1XXXX00X1XXXXXXXXXX0
00XXX0XXXXXXXXX0XXXXXXXXXXXX1XX0XXXXXXXXXXXXXXX1XXXX0XXXXXX1X0XXXXX1XXXXX0X1X0XXXXX01XXXXXXXXXXXXXXXXXXXXXXXXXXXX0XXXXXX


Generation 17/75  F=U(0.5, 1.0)  N_hist=4080
------------------------------------------------------------------------------------------------------------------------
10010XXXXXXXXXXXXXXXXXX0XXXXXXXXX00X0XXX0XXXXXXXXXXXXXXXX00XXXXXX0XXXXX0X1XXXXXXXXXXXXXXXXXXXXXXXX1XXXXX1XXXXXXXX1XXXXXX
1XXX10XX0XXXXXXXXXXXXXXX01XXXX00XXXXXXXXXXXXXXXXXXXXXXXXXXXXXXXXXXXXX1XX000X1XXXX001XX01XXX0XXXXXXXXXXXXXXXXXXXXXXXXXXXX


Generation 18/75  F=U(0.5, 1.0)  N_hist=4320
------------------------------------------------------------------------------------------------------------------------
011X01X0X11XX00XXXXXXXXX0XXXXXX0XX0XXX00XXX1XXX0XXXXXXX0XXXXXXXXXX0XXXXXXXXXXXXX00XXXXXXXXX0X0XXX001XXXXXX1XXXXXXXXXXXXX
XXXXXXXXXXXXXXX0000+0X0XXX1XX1XX1XXXXXXXXXXX0XXXXXXXXXXXXXXXXXXXXXXXXX001X0XXXXX0XX0XXX0XXXXXXXXXXXXXXX0XXXXXXXXXXXXXXXX
0


Generation 19/75  F=U(0.5, 1.0)  N_hist=4559
------------------------------------------------------------------------------------------------------------------------
10X101XX0XXXXXXXXX10X0X1X1XX0001XXXXXXXXXXXXXXXXXX0XXXXXXXXX1XX0XXXXXXXX0XXX0XXXX0XXX1XXXXXXXXXXXX1XXXXX0XXXXXXXXXXXXXXX
XXXXXXXXXXXXXXXXXXXXXX00X000XX000XXXXXX0XXXXXXXXXX1XXXXXXXXXXXXXXXXXXX0000XXXXX0XXXXXXXXXXXX1X0XXXXXXXXXXXXXXXXXX0XXXXXX


Generation 20/75  F=U(0.5, 1.0)  N_hist=4800
------------------------------------------------------------------------------------------------------------------------
010X0XX1XXXXXX000XX00XXXXXXXXXXX1XXX0X0XXXX0XXXXXXXXXXXXXXXXXXXXXXXXXXXXXXXXXXXXXX1XX0X0XXXXXXXXXX0XXXXXXXXX0XX0XXXXXXXX
XXXXXXXXXXXXXXXXXXXXXXXXXXXXXXX00X01XXX1XXXXXXX0XX010XXXXXXXXXXXXXXXXXXXX00XXXXX0XXXXXXXXXXXXXXXXXXXXXXXXXXXXXXXXXXXXXXX


Generation 21/75  F=U(0.5, 1.0)  N_hist=5040
------------------------------------------------------------------------------------------------------------------------
0000X1XX00XXXXX0XXXXXXXXXXXXXXXXXXXXXXXX1XXXXXXXXXX00XXXXX0X0XXXXX01XXXXXXXXXXX0XX0XX0X0XXXXXX1X0XXXXXXXXXXXXXXXX0XXXXXX
XX0X000XXXXXXXXXXXXX0XXXXX0XX1X1XXX1XXX0XXXXXXXXXXXXXXXXXXXX0XXXXXXX0XX0XXXXXXXXX0XXX0XX00XXXXXXXXXXXXXXXXXXXX10XXXXXXXX


Generation 22/75  F=U(0.5, 1.0)  N_hist=5280
------------------------------------------------------------------------------------------------------------------------
00100XXX11XXX0XXX0X100XXXXX00

SSE=0.54152 on eval 5341: L=2.83723e+06 b=0.212365 r=0.133784 rf=0.458934 t0=64.309 th=1.83429

+XXXXXXXXXXX00XXXXXXXXXXXXXX0XX010000X0XXX0XXXXXXXXXXX0XXXXXXXXXX1XXX0XX0100000XX1XXXXXXXXX
X1XXXXXXXXXXXXXXXXXXXXXXX0XXXXXXX1X0XXXXXXXX000XXX0XXX0XXXXXX11XXXXXXXXXXXXXXXXXXXXXXX0XXXXXXXXXXXXX0XXXXXXXXXXXXXXXXXX0
X


Generation 23/75  F=U(0.5, 1.0)  N_hist=5519
------------------------------------------------------------------------------------------------------------------------
10100X010XXXXXXXXXXXXXXXXXXXXXXXXXXXXXX0+0XXXXXXXXXXXXXXXXX01XXXXXXXXXXXXXXXXXXXXXX0XXXX0XXXXXXXXXXXXX0XXXXX00XXXXXXXXXX
XXXX0XX0XXXXXXXXXX0XXXXXXXXXXXXXXXX01XXXXXXXXXXXXXXXXXXX0XXXXXXXXXXXXXXXXXXXXXXXXXXXXX0XXXXX0XXXXX11XXXXXXXXXXXXXXXXXX00
X


Generation 24/75  F=U(0.5, 1.0)  N_hist=5759
------------------------------------------------------------------------------------------------------------------------
X000000X0000X0100XX00XXXXXXXXXXXX0X0XXXXXXXXXXXXX0XX0XXXXXXXXXXXX0X0X0XXX00XXXXXXXXXXXXXXX1XXXXXXXXXXXXXXXXXX0XX1X000XX0
XX0XXXXX0XXXX0XX0XX0XXXXXXX0XXX00010XXXXXXXXXXXXXXXXXXXXXX00XXXXX0XXX1XXXX0XXXXXXXXXXXXXXXXXXXXXXXXXXXXXXXXXXXXXXXXXXXXX


Generation 25/75  F=U(0.5, 1.0)  N_hist=6000
------------------------------------------------------------------------------------------------------------------------
001X10X0X01XXXXX0XXXXXXXXXXXXXXXXXXXXXXXXX0XXXXXXXXX0XXXXXXXX0XXXXXXXXXXXXXXXXXX1XX01000X000XXXXXXXXXXXXX001000XXXXXXXXX
XXXXX0XXXXXXXXXXXXX100X0XXXXXXXXXX0XXXXXXXXXXXX00XXX0XXXXXXXXXXXXXXXXXXX100XX0XXXXXXXXX0X0XXXX0XX01XXXXXXXXXXXXX0XXXXXXX


Generation 26/75  F=U(0.5, 1.0)  N_hist=6240
------------------------------------------------------------------------------------------------------------------------
0X00X00XXXXXXXXXXXXXXX0XXXXXXXX0XXXXXXXXXXXXX0XXXXXXXXXXXX00XXXXXXXXXX00XXXXXXXXXXX0XX0XXXXXXXXXX0XXX0X0XXXXXXXXXXXXXXXX
XXXXX0XXXXX0XX00X0XXXXXXX0XXX0XXXXXX0X0X0X1XXXX1XXX1XXX00X0XXXXXXXXXXXXXXXXXXXXXXXXXX000X00XXXXXXX0XXXXXXXXXX1+XXXXXXXXX
X


Generation 27/75  F=U(0.5, 1.0)  N_hist=6480
------------------------------------------------------------------------------------------------------------------------
0110XX1XXXXXX0XXXX0XX0XX0XXXXXXX0XXXXXXXXXXXXXXXXXXXXXXXXXXXXXXXXXXX0XXXXXXXXXXXXXXXX100X00X0XX0X0XXXXXXXXXXXXXXXX00X0+X
0XX0XXXXX0XX0X0XXXXXX0XXXXXX0XXXXXXXXXXXXXXXXX0X0XXXXXXX0XXXXXXXX0XXXXXXXXX10XXXXXXXXXX0XXXXXX0XXXXXXXXXXXX0XXXXXXXXXXXX
X


Generation 28/75  F=U(0.5, 1.0)  N_hist=6720
------------------------------------------------------------------------------------------------------------------------
000X00XX00000XXX0XXXXXXXXXXXXXXXXXXXXXXXXXXXXXXX0XXXXXXXXXX0XXXXXXXXXXXX0XX0+XXXXXXXXXXXXX0XXXX0X0X00XXXXXXXXXXXXXXXXXXX
XXXXXXXXX0XXXXXX00XXX0XXXXXXXX00XXXXXX00XXXXXXXXXXXXXXXXXX0XXX00XX11XXXXXX1XXXXXX00XX1XXXXXXXXXXXXXXXXX0XXXXXXXXXXXXXXXX
X


Generation 29/75  F=U(0.5, 1.0)  N_hist=6960
------------------------------------------------------------------------------------------------------------------------
000X10XX0XX0XX00XXXX0XXXXXXXXXXXXXXXXX0XXXXXX0XX1XXXX0+X00XXXXXXXXXXX0XXXXXXXXXXX0X0XXXXXXXXXXXXXXXXXXXXXXXXX00XX00XXXXX
XX0XXXXXXXXXXXXXXX0XX00XXXX0XXXXXXXXXXXX0XX00XX0XX00XXX0XX0XXXXXXXXXXX0XXXXXXXXXXXXXXXXX0XXXXXXXXXXXXXXXXXX0XXXX0XX00XXX
X


Generation 30/75  F=U(0.5, 1.0)  N_hist=7200
------------------------------------------------------------------------------------------------------------------------
000XX0X0XXXXXXXX00XX00X0XXXXXXXXXXXXXXXXXXX0XXXXX0XXX00XXXX0XXXXXX0XXXXXXXXXXXXXXXX0XXXXXXXX1X0XXXXXXXXX0XXXXXXXXXXX000X
00XXXXXXX00XXX0XX0XXXXXXXXXXXXXX10XXXX0XXXXX0XXXXX0XXXXXXXXXX1X0XXXXXXXXXXXX0XX0XXXXXXXXXXXX0XXXXXXXX0XXXXXXXXX0XXXXXXXX


Generation 31/75  F=U(0.5, 1.0)  N_hist=7440
------------------------------------------------------------------------------------------------------------------------
00000XXX0XXXX0000XXXXXXX0XXXXXX0XXXXXXXXX0XX0XXXXXXXXX00X0XXXXX0XXXXXXXXXXXXX0XXX0XXXXXXX1XXXXXX0XXXXXXXXXXXXXXXXXXXXXX0
X00XXXXXXXXXXXXXXX0XXXXXXX0XXXXXXXX0XXXXXXXXX0XXXXX0XXXXXXXXXXXXXX0000X1000XXXXX0XXXXXXXX0XXXXXXXXXXXXXXXXX0XXXXXXXXXXXX


Generation 32/75  F=U(0.5, 1.0)  N_hist=7680
------------------------------------------------------------------------------------------------------------------------
000000X1X0000XX000XXXXXX0XXXXXXXXXXXXXXXXXXXXXXXXX0XXXXXXXX0XX0XXXXXXXXXX0XXXXXXXXXXXXXX0XXXX0XXXXXXXXXXXXXXXX00X1XXXXXX
X0XXX000XXXX0X0XX0XXXX0XXXX0XX0XXXXX00XXXXX00XXXXXXXX0XXXXXXXXXXX0XXXXXX0XXX0XXXX0X0XXXXXXXXXXXX0XXXXXXXXXXXXXXXXXXXXXXX


Generation 33/75  F=U(0.5, 1.0)  N_hist=7920
------------------------------------------------------------------------------------------------------------------------
0010000XXXXXXX0X00XXXX1X0XXXXXXXXXXXXXXXXXXXXXXXXXXXX0+XXXXXXXXXXX0XXXXXXXXXXXX0X0XXXXXX0XXXX0X0XXXXXXXXXXXXXXXX0XXX00XX
XXXXXXXXXXXXXXXXXXX000XXXXXXXXXX0XX00XXXX000X0XX0XXXXXXXXXXXXXXXXXX0XXX0XXXXXXXXXX0XXXXX0XXXX0XXXXXXXXXX0XXX0XXXX00X1XXX
X


Generation 34/75  F=U(0.5, 1.0)  N_hist=8160
------------------------------------------------------------------------------------------------------------------------
000000X00000X0XXXXXXXXXXXXXXXXXXXXXXXXXXXXX0XXX0XXXXXXXX0XX0XXXXXXXXXXXX0XXXXXXXXXXX00X000XXXXXX000XXXXX0XXX0XXXXXXXXXXX
0XXXX0XXXXXXXXX0XXX0XXX0XXXXXXXXXXXX0XXXXXXXXXXXXX0XXXXXXX0XXXXXXXXXXXX0XXXXXX0XXXXXXXXXXXXXXXXXXXXXXXX0X000XXX0XX0XXX0X


Generation 35/75  F=U(0.5, 1.0)  N_hist=8397
------------------------------------------------------------------------------------------------------------------------
000000X0X00XX0XX0+X00XXXXXXXXXXXXXXXXXXXXXXXXX00XXXX0X0X00XX0X0XXX0XXXXXXXXXXX0XXXXXXXXXXXXXXXXXXX0X00XXXXXXXXXXXXXXX000
0X000XXXXXXXXXXXX0XXXXXX0XXX000X00XXXXX0XXXXXXXXXXXXXX0XXXXXXXXXX00XX0XXXXXXXXXXXXX0XXXXX0XXXXX0XXXXXXXXXXXXXXXXXXXXXXXX
X


Generation 36/75  F=U(0.5, 1.0)  N_hist=8640
------------------------------------------------------------------------------------------------------------------------
00000X00+X0000X00XXXXXX0XXXXXXXXXXXXXXXXXXXXXXXXXX00X00XXXXXXXXXXXXXXXXXXXXXXXXXXXXX0XXXXXXX0XXX0XXXXXXXXX0XX00X0XXXXXXX
X0XXXXXXXXX000X0X00XXXXXXXXXXXXXXXXX0000XXXX0XXXXXXX0XX00XXXXXXXXX0XXXXXXX0X0XXXXXXX00XXXXXXX0XXXXXXXXXX0XX00X0XXX0XXXXX
X


Generation 37/75  F=U(0.5, 1.0)  N_hist=8879
------------------------------------------------------------------------------------------------------------------------
XXX0X000X00XXXXXXXXXXXXX00XXXXXXXXXXXX0XXXXXXXXXXXX0000XXXXXXXXXXXXXXX0XXX0XXX000X0XXX00X0XX0X0X0000X0XXX0XXXXXXX0XXXXXX
XXXXXXXXXXXXX0XXXXX0XXXXX0X0X00XXX00XXXXX0X0XXXXXXXXXXXXXXXXXXXXXXXXXXXXXXXXXXX0XXXXXXXXXXX00XXXXXXXXXXXX0XXXXXXXXX0XXXX


Generation 38/75  F=U(0.5, 1.0)  N_hist=9120
------------------------------------------------------------------------------------------------------------------------
00X00XX000XXXX00XXXXXXXX0XXXX0XXXXXXXX0XXXXXXXXXXX0000XXXXXXXXXX0XXXXXXXXXXX0XXXX0XXXXX0XXX0XXXXXXXX000XXXXXXXXXXXXXXXXX
XXXXX0XXXX0XXX0XXX0XXXXXXXXXXXXXXX0XXXXXXXXXXXXXXXXXXXX0XXXXX0XXXXXXXX00XXXXXXX000XXXXXXX0XXXXXXXXXXXXXX0XXXXXXXXXXXXXXX


Generation 39/75  F=U(0.5, 1.0)  N_hist=9360
------------------------------------------------------------------------------------------------------------------------
000X000XXXXXXX000XXXXXXXX1X0XXXXXXXXXXXXXXX0XXXXX0XXXXX0XXXXXXXXXXXXXX0XXXXXXX0XXXX0XXXXXXXXXX0XXXXX0X0XXXXXXXXXXXXXXXXX
00XXXXXXXXXXXXXXXXXX0XX0XXXXXXX00XX0XXXXXXXX0XXX0XXXXXXXXXXXXX000000X00XXXXXX0XXX000XXX00XXXXXX0XXXXXXXXXXXXXXXXXXXXXXXX


Generation 40/75  F=U(0.5, 1.0)  N_hist=9600
------------------------------------------------------------------------------------------------------------------------
000X0X00XXXXXXXXXX0X0XXXX0XXXXXXXX00XXXX0X00XXXXXXX0X0000XXXXXXXXXXX0XXXXXX0XX00XX0XXXXXXX0XXXXXXX00XXX0XXXXXXXXXXXXXXXX
X000XXX0XXX0XXXXXXXXXXX00X00X0X0XX000XX00XXXXXXXXXXXXXX0XX000XXX0XXXXXXXXXXXXX0+XXXXXXXXXX0XXXXXXXX0XXXXXXXXXXXXXXX0XXXX
X


Generation 41/75  F=U(0.5, 1.0)  N_hist=9840
------------------------------------------------------------------------------------------------------------------------
000XX0000X00XX0XXX00XXXXX0XXXXXX0XXX0XXXXXXXXXXXX0XXXXXXXXXXXXXXXXXXX000XXXXXXXXXXXXXXXXX0X0000X000XXXXXXXXXXXXXXXX0XX00
XXXXXXXXX0XXXXXXXXXXXXXX0XXXX0XXXXXXXXXX0X00XXXXXXXXXXX00XXXX0XXXXXX0X0XXXXXXXXXXXX0XXXXXXXXXXXXXX00XXXXXXXXXXXXXXXXXXXX


Generation 42/75  F=U(0.5, 1.0)  N_hist=10080
------------------------------------------------------------------------------------------------------------------------
00X00XXXXXXXXXXXX00XXX0XXXXXXXX0XXXXXXXXXX0X000XXX00XXXXXXXXXXXX00XX0XXXX0XXXXX0XX0XX0XXXXXXXXXX0X00X00XXXXXXXXXX0XXXXXX
XX0XXXXXXXXX0XXXX0XXXX0XXXXXX0XXXXXXXXXXXXXXXXXX0XXXX0XXX0X0XX0X0XXXXXXXX0XXX0XXXXXXXXXXXXXXXXXX0XXXXXXXXXXXXXXXXXXXXXXX


Generation 43/75  F=U(0.5, 1.0)  N_hist=10320
------------------------------------------------------------------------------------------------------------------------
XX00X00X0X00XXXXXXXX00XXXXXXXXXX0XXX00X0XXXXX00XXX0XXXXXXXXXXXX0XXXXXXXX000XXXXX0X00XXX00XXX0+XXXXXXXXXXXX00XXXXXXXXX0XX
X00XXXX0XX0XXXXXXXXXXX0XXXXXX0X000X0XXX000XX00X0XX0XXX0XXXXXXXXXXX0XXXXX0XXXX0X0XXXXXXXXXXXXXX0XXXXX0X0X0XXXXXXXXXX00XXX
X


Generation 44/75  F=U(0.5, 1.0)  N_hist=10558
------------------------------------------------------------------------------------------------------------------------
XX000XXXXX0XXXXXXXXXXXXXXXXX0XX0XXXXXXXXXXXXXXXXXXXXXXX0X0XXX0XXXX0XXXXXXXXXXXX00X0XXXXX00000XX0XXXXXXXXXXXXXX0XXXXXX0XX
XXXXXXX0XXXXXXXXXXXXXXXXX0XXXX0XXXXXX0X0XX00XXXXXXX0X0XXXXX0XXX0XXXXXXXXXXXXXXXXXXXXXXXXXXXXXXXXXXXXXXXXX0XXXX0XXXXXXXXX


Generation 45/75  F=U(0.5, 1.0)  N_hist=10800
------------------------------------------------------------------------------------------------------------------------
X00X0XX0+XXX0XXXXXXXXXXXXXXXXXXX00XXXXXXXXXXX00XXXX0XXXXXXXXX00XXXX0XXXXXXXXXXXXX0XXX0XXXXXXX000XX00XXX0XXXX0XXX0XXXXXXX
XXXXXXXXXXXXXXXXX000XXXXXXXXXXXXXXXXXXXXXX0XXX0XXXX0XXXXXXXXXXXX00XXX0XXXXXXXXXXXXX00XXXXXXXXXXX0XXXXXXXXX0XXXXXXXXXXXXX
X


Generation 46/75  F=U(0.5, 1.0)  N_hist=11040
------------------------------------------------------------------------------------------------------------------------
00000X000X000+XXXXXXXXX0XXX0XXX0XXXXXXX0XXXXXXXXXXXXXX0XXX0XXXXX00X00XXXXXXXX0X0X0X00XXXXXXXXXX0XXXXXXXXXX0XX0XXXXXXXX00
X00XX0XXXXX0XXXXX0XXXXXX0XXX00X0XXX0XXXXX0XXXXXXXX0XX0XXXXXXXXXXXXXXXX0XXXXXXXXX0XXX0000XX0XXXXX0XXXXXXXXXX0XXXXXXXXXXXX
X


Generation 47/75  F=U(0.5, 1.0)  N_hist=11280
------------------------------------------------------------------------------------------------------------------------
0XX00000XX000XX00XXX00XXX0XXXXXXX0XXXXXXX00XXXXXXXXX0XXXXXXX0XXXXXXX0XX0XX00XXX00XXXXXXXXXXXXXXXXXXXXXXXX00XXXXXXXXXXX00
000XXXXXXXXXXXXXXXX000X00XXX0X0X0XXXX0XXXXXXXX00XX0XX0000XXXXXXXXXXXXXXXXXXXXXXXX00XX0XXXXX000X0X0XXXXXXXXX00XXXXXXXXXXX


Generation 48/75  F=U(0.5, 1.0)  N_hist=11520
------------------------------------------------------------------------------------------------------------------------
000000X0X00XXX0XXXX0XXXXXXXXXX0XXXXXXXXXXXX0XXXXXXX0X0XXXXX0X00XXX0XXXXXX00000X00X0XXX0XXXX000XXXXXX0XXXXXXXX0XXXXXXXXXX
X00X00X0XXXXX0X00XXXXXXXXXXXXXXX0XXXXXXXXXXXXXXXXXXX0XX00X0XX00000XXXXXXXXXXXXXXX00XXXXX0XXXXXXXXXXXXXXXXXX00X0XXXXXXXXX


Generation 49/75  F=U(0.5, 1.0)  N_hist=11758
------------------------------------------------------------------------------------------------------------------------
00XX00000XX0X0XX00XXXXX0+00XXXXX0XXXXXXXXX0XXXXXXXXXXXXX0XXXX0XX0XXXXXXXXXXX0000XX0XX0X0XXXXXXXXXX00X00XXXXXX0XXXXXXXX0X
XXXX0X00X00XXXX0X0XXXXXXXX0XX0XXXXXXXXXX00+X00XXX0X0XXXXXXXXX0XXXXX0XX00XX0XXXX0XX00000XXX0XXXXXXXXXXXXXXXXX0XXXXXXXXXXX
XX


Generation 50/75  F=U(0.5, 1.0)  N_hist=12000
------------------------------------------------------------------------------------------------------------------------
00X0000X00X000X00XXXXXX0XXXXX0XXXXX0X0XXXXXXXXXXXX0XXXXXXXXXXX0XXXXXXXXX0X0XXXXXXXXXXXXXX0XXXXX0X00+0XXX0XXXXXXXXXXXXXXX
0X00XXXXXXXXXXXXXX0XXXXXXXXXX0XX000X0X0XXXXXXXXXXXXXXXXXXXXXXXX0XXX00XXXXX0X0XXXXXXX0XX0XXXX00XXXXXX0XXXXXXXXXXXXXXXXXXX
X


Generation 51/75  F=U(0.5, 1.0)  N_hist=12240
------------------------------------------------------------------------------------------------------------------------
00X00XXX0000XXXXXXXXXXX0XXXXX0+XX00XXXXX0XXXX0XXXXXXXXXXXXX00XXXXX00XX0XXXXXXXXXXXX0XXXXXXXXXX0XX0XXX0XX0XXXXXXXXXXXX00X
XXXXX0XXXXXXXX000XXXXXX0XX0XXXXX00XXX00X0XXX0XXXXXX0XXXXX0X00X00X0XXX00XXXXX0XXX0XXX00XXXXXXXXXXXX0XX0XXXXXX00XXXXXXXXXX
X


Generation 52/75  F=U(0.5, 1.0)  N_hist=12480
------------------------------------------------------------------------------------------------------------------------
0X000X0X00XXXXX0X0XXXXXXXX00XXXXX0XXXXXXXXXXX0XXXX0X0XX0XXX0XXXXXXXXXXXXXXXXXXXXXXXXXXXXX00XX0XXXXX0X0XXX0XXXXXXX0XXXXXX
XX0XXXXX000XXXX0XXX0XX000X0XXXXXXXX0XX0XXXXXXXXXX00XXX00XXXXXXXXXXXXXXXXXXXXX0XXXXXXX0XXXXXXXXXXXXXX0XXXXXX00XXXXXXXXXXX


Generation 53/75  F=U(0.5, 1.0)  N_hist=12720
------------------------------------------------------------------------------------------------------------------------
00000XX00XXXXX0XX00X0XXXXXXXXX0XXXXXXX0XXXXXXXXXXX0XXXXXXXXX00X0XXXX0X0XXXXXXX0XX0XXXX0X0X0XXXX000XXXXXXX0X0X00XX0XXX0X0
XXXXX0X0XX0XXXXXX0XXXXXXXXXXXXXXXXXXX0XXXXXXXXXXXX0XX0XX0X00XX00X0XXXXXXXX0XX0XX0XX00XXX0XXXXXXXXXXXXXXXXXXX0XXXXXXXXXXX


Generation 54/75  F=U(0.5, 1.0)  N_hist=12959
------------------------------------------------------------------------------------------------------------------------
000XX0X000000XX0XXXXXXXXXXXXXXXXX0XXX0XX0XXXXX00XX00XXXXXXX00XX00000XX0X000XXXXXXXXXXXXX00XXX0XXXXXXXXXXXX000X0X0XXXXXXX
XXXXXX000XXXXXXX0XXXXXX00XXXXXXXXXXXXXXXXXXXXX0XXXXX0X0XXX0X00X00XXXXXXXXXXX00XXXX0XXX0XXXXXXXXXXXXX0XXXXXXXXXXXXXXXXXXX


Generation 55/75  F=U(0.5, 1.0)  N_hist=13200
------------------------------------------------------------------------------------------------------------------------
000000X00X0X0XX0XXXXXXXXXXXXXXXXXXXXXXXXXXXXXXXXXX000X000XXXXXXX0XX00XX00X0XX00X0XXX0XXXXXXXXXXXXXXX00XXXXXXXXXXXXXX0XX0
XXXXXXXX0XXXXXXXXXXXXXX0XXX000X0XXXXXXX0X0X0XXXXXXX00XX00X0XXXXXXXXXXXX0XXXXXXXXXXXX0X0XXXX0000XXX0XX0XX0XXXXXXXXXXXXXXX


Generation 56/75  F=U(0.5, 1.0)  N_hist=13440
------------------------------------------------------------------------------------------------------------------------
000X00X000000X00XX0X0XXXXXXXXXXXX0XXXXXXXXXXXXXXXXXXXXXX0XXXXX0XXX0X00XXX0XXX0XXXXX0XXXXXXXXXXXXXXX0XXXX0XXXXXXXXXXXXXXX
XXXXXXXXXXX000XXXX00X000XXXXXXXX0XXXXXXXXXXXXX00X0X000XXXXXXXXXXXXX00XX0XXXXXXXXXXXXXXX0XXXXXXXXXXXXXXXXXXXXXXXXXXX0XXXX


Generation 57/75  F=U(0.5, 1.0)  N_hist=13680
------------------------------------------------------------------------------------------------------------------------
000XXXXX0XXXX0XXX00XXXXXXXX0X0XXX00XXXX0XXX0XXXXXXXXXXXXXXXX0XX0XXXXXXXXXXX0X0XXXXXXXXX0XXX0XXX000XX0X00XXX0XXXX0+XXXXXX
XXX0X00XX000XXXXXX00XXXXX00XXXXXXXXXX0XXXXXXXXXXX0XXX0XX0XXXXXXXXXXXXXXX0XXXXXXXXXXXXXXXXXXXXXXX0XXXXXXXXX0X0XXXXXXXXXXX
X


Generation 58/75  F=U(0.5, 1.0)  N_hist=13920
------------------------------------------------------------------------------------------------------------------------
0000X000XX000X0000XX0X0XXXX0XXXXXX0XXXXX0X0XXXXXXXXXXXXX0XXX0XXX00XXX0XXXX0XXXXXXXXXXXXXX0XXXXXXXXXXXXXXXXXXXXXXXXXXX000
0X0XX00XXXX00X0X0XXXX00XXXX0XXXXXXXXXXXXXXXXXXXXX00XXXXXXXXXXXXXX00XX0X0X0XXXXXXXXX0X0XXXXXXX000XXX00XX0XXX0XXXXXXXXXXXX


Generation 59/75  F=U(0.5, 1.0)  N_hist=14160
------------------------------------------------------------------------------------------------------------------------
0000X00000X0000X0XXXXX0XXXXXXXXX0XXXXXXXX0XXXXXXXXX0XXXXX0XX0XXXXXX0XXXX0000000X0X0XXXX00+XXXXXX0XXXXXXXXXX0XXXXXXXXXXX0
XX00XXXXX0XX00XXXXXXXXXXXXXXXXXXX0XXXX0X0XXXXXXX0XXX0XXXXXXXXXXX0XXXXXXXXXXXX0X00XXXXXXXXXXXXXX0X0XXXXXXXXXXXXXXXXXXXXXX
X


Generation 60/75  F=U(0.5, 1.0)  N_hist=14400
------------------------------------------------------------------------------------------------------------------------
00X000X0X000X0X0XXXXXXX0XXXXXXXX00XXXX0XX0XXXXXXXXX0X0XXXXXXXXXXX0XXXXX000000XX0XXX0XXX0XXXXXXXX0X0XXXX0XXXXXXX0XXXXXXXX
XXXXXX00XXXXX0XXXXXXXX0XXXXX0XXXXXXXX0X00XX0XXXXXXX0XXXXXXXXXXX0XX0XXXXXXXXXXXXXXXXXX00XX0XX0X0XXXXXXXXXXXXXXXXXXXXXXXXX


Generation 61/75  F=U(0.5, 1.0)  N_hist=14640
------------------------------------------------------------------------------------------------------------------------
0XX000X0XXXXXX0XXXXXXXXXXXXXXX0XX0XXXXXX0XXXX0XXX0XXXXXXXXXX00XXXXXXXXX0XXX0XXXXX0XXXXXXX00000XXXXXXXXXXXX00XXXXXXXXX0X0
0XXXXXXXXXXXXXX0XXXXXXXXXX0XXXX00XXXXXXXX0XXXXX0XXXXX0XXXXXXXXXXXX000XX00X0XXX00XX0XXXXXXXXXXXXXXX0XXXXXXX0XXXXXXXXXXXXX


Generation 62/75  F=U(0.5, 1.0)  N_hist=14880
------------------------------------------------------------------------------------------------------------------------
0X00XX0XXXXXXXXXXXXXXXX0XXX0XXX0X0XX0XXXXXXX0XXXXXX0XXXXXXX0XX0XX00X0XXXXXXXXXXX0XX0XXXXXXX0X0XXXX0XXXXXXXXXXXXX0XXX0XXX
X00XXXXXXXXX00XX000XXXXX0XXXX0X0XXXXXXX000XX00XX0XXXXXXXXX0XXXXX0XX00X0XXX0XXXXXXXXX0XXXXXX00XXXXXXXXXXXXXXXXXXXXXXXXXXX


Generation 63/75  F=U(0.5, 1.0)  N_hist=15120
------------------------------------------------------------------------------------------------------------------------
00X0X0XXXXXXXXXXXXXXXXX0XXXXXXXXXXXXXXX0XXXXXXXXXXXXXXXXXXXX0XXXXXX0XXXXX0XX00XXXXXXXXXXXXXXXXXXXXXXXX000+0XX0XX0XXXXXXX
XXXXXXXXXXX00XXX0XX000XXXXXXX0XXXXXX0XXXXXXXXX0X0XXXX0X0X0X0XX0X0X0XXXXXXXXXXXXXXXXXXXXXXXXXXX0XXXXX00XXXXXXXXXXXXXXXXXX
0


Generation 64/75  F=U(0.5, 1.0)  N_hist=15359
------------------------------------------------------------------------------------------------------------------------
0X0000X00000XXXXXXXXXXXXXXXXXXX0XXXXXXX0XXXXXXX000XXXXXXXXXXXXXXXXXXXXX0X00XX00X00XX0XX0XXX0XXXXXXXXXXXXXXXXXXX00XXXXXXX
X0XXXXXXXXXXXXXX0XXXX0XXX0XXXXXX00XXXXXXXXXXXXX00X00X0X0XXX0XXXXX0XXXXXXXXX0XXXX0XXXXXXX0XX0000X0XXXXXX00XXXXXXXX0XXXXXX


Generation 65/75  F=U(0.5, 1.0)  N_hist=15600
------------------------------------------------------------------------------------------------------------------------
00XX0000X00X0XX0XX0XX00XXXX0XXXXX0X0XXXXX00XXXXXXXXX0X0XXXXXX000XXXXXXXX0000XXXXXXXXXX0XXXXXXXXXX0X0XXXXXX0XXX00XXX0XXXX
XXXX0XXXXX00XXXXXX00XX00000XXXXXX00XXXXXX0XXXXX00XX0XXXXX0XXX0X0XXX0XXXXXXXXXXXX0XXXXXXXXXXXXXXXXXXX0X0XXXXXXXXXXXXXXXXX


Generation 66/75  F=U(0.5, 1.0)  N_hist=15840
------------------------------------------------------------------------------------------------------------------------
0XX00X0X0XXXXXXXXXXXXXXXXX00XXX0XXXXXXXXXXXXXXXXXXXXXXXXXX0XXXXXXXXXXXXXX000XX000XXXXXXXXXXXXXXXXXXX00XXX0X0XXXXXXX00XXX
0XXXXXXXXXXX000XX0X0XXX0XXXXXXXXXXXX0XXXXX0XXXXXXXXXXX0000X0XXXXXXXXX00XXXXXXXXXXXXXXX00X0XXX000XX0XX0XXX0XX0XXXXXXXXXXX


Generation 67/75  F=U(0.5, 1.0)  N_hist=16080
------------------------------------------------------------------------------------------------------------------------
00X00XX0000X0XXXXXXXXXX00XX0XXXXX0XX0XXXXXXXXXXXXXXXXXXXXXXXXXXXXXXXXXX0X000XX0XXXXXXXXXXXXXXXXXXXXXXX0XXXXXXXXXXX0X0XX0
XXXXXX0XXXXXXXXXXXXXXX0XX000X0X0X0XXXXXXXX0XXXXXXXXXXXXXXXXXXX0XXXXX0XXXXXXXXXXXX0XXXXXXXXXXXXX0XXXXXXXXXXX0XXXXXXXXXXXX


Generation 68/75  F=U(0.5, 1.0)  N_hist=16320
------------------------------------------------------------------------------------------------------------------------
00X00XXXX0XXXXXX00XX0XXXXXXXXXXX0XXXXXXXXXXXXXXXXXXXX0XXXXXXXXX0XXXXXXXX0XXXXXXXXXXXXXX0XXXXXXXX0XXXX0XX0XXXXX0XXXXXXXXX
X0XXXX0XXXXX0X00XX00XXXXXX0XX0XXXX00XXXXXXXXX0XXX00XXX0XX0XXXXXXX0XXXXXX0XXXXXXX0XXXXXXXXXXXXXXXXXXXXXXXXXXXXXXXXXXXXXXX


Generation 69/75  F=U(0.5, 1.0)  N_hist=16560
------------------------------------------------------------------------------------------------------------------------
000000000XX00XX000000XXXXXXXXXXXXXX0XX00XX000XXXXXX0XXXXXXXXXXX0XXXXXXXXXXXX0XXX0X00XXXXXX0X0XXXXXXXXXX00000XXXXXX0XX00X
0X00XXXXXXX00XXXX00XXXXXX0XXXXXXXXXXXX0XXX0000XXXXXXX0XXXXX0XXXXXXXXXXXX00X0XXXXXXXXXXXXXXXXXXX0XXXXXXXXXX0XXXXXXXXX0XXX


Generation 70/75  F=U(0.5, 1.0)  N_hist=16799
------------------------------------------------------------------------------------------------------------------------
0000000000X0XX0XXXXXX000XXXXXXXXXXXXXXXXXXXXXXX000XXXXXXXXXXXXXXXXX0X0XX0XXXXXXXXXXX0XXXXXXXXXXXX0XXX0XX000XXXX0XXXXXXXX
XXXXXXXXXXX0XXXXX00XXXXXXXXXXXXXXXXX000X0XXXXXXXXXXXXXXXXXXXXXXXXX00XXXXXXXXXXXXXXXXXXXXXXXXXX0XXXXXXXXXXXXXXXXXXXXXXXXX


Generation 71/75  F=U(0.5, 1.0)  N_hist=17040
------------------------------------------------------------------------------------------------------------------------
00000X00X00XXX00XXXXXXXXXXXXXXXXXX0XXXXXXXXXXXXXXXXXXX00XXXXXXXXXXXXXXXXXXXXXXXXXXXXXX0X0XX0XX0XX0000X00XX0XX0XXXXXXXXXX
XX0XXX00XXXXXXXXXXXXXXX0XX0XXXX0XX00XXXX0XX0XXXXXXXXXXXXXXXXXXXXXXXXXXX0000X0000XX0XXXXXXXXX0XXX00XXXXXX00X00X0XXXXXXXXX


Generation 72/75  F=U(0.5, 1.0)  N_hist=17280
------------------------------------------------------------------------------------------------------------------------
000XX0000X000XXXXX00XXXXXXXXXXXXXXXXXXXXXXX0XXXXXX0X0XX0X0XXXX000XXXXXX0XXXXXXXXXXXXX0X00XXXXXXXXXXXXXXXXXXXXXXXX0XXX0XX
XXXXXXXX0XX00XXXX0XXXXXXXXXXXXX000XX00XXXXXXXXXXXXXXXX000XXXXXXX00XXXX00XXXXXXXXXXX0X00X00X0000XXXXXX0XXXXXXXXXXXXXXXXXX


Generation 73/75  F=U(0.5, 1.0)  N_hist=17520
------------------------------------------------------------------------------------------------------------------------
0X00XXXXXXX0XXXXXXXX00X0X00XX0XXXXXXXXXXXXXXXXXXXXXXXXXXXX0X00XXXX0XX0XX000000XX000XXXXXXXXXXX00XXXXXX0+XXXXXXXXX0XXXXX0
X0XX00XX0XXX0XXXXXXXXXXXXXX0XXX0XX0XXXX0XXX0XXXXXXXXXXXXXXXXXX0XX00XX0XXXXXXXXXXXXXXXXXXXXXXXXXXXXXXXXXXXXXXXXX00XXXXXXX
X


Generation 74/75  F=U(0.5, 1.0)  N_hist=17760
------------------------------------------------------------------------------------------------------------------------
0XX0XX00X000XXXXXXXXXXXXXXXXXXXXXXXXXXXX000XXXXXXX00XX0XXXXXXXX00XXXXXXXXXXXXXXXXXXXXXXX0X0XXXX0XXX000XX0XXXXXXXXX0XXX00
0XXXXXXXXXX0XXXXX0XX000X00XXXXXXXXXXXXXX0XXXX0XXXX0XXXXXXXXXXXXXXXXXXXXXXXXX0XXX0XXXXXXXXXXXXXXXXXXXXXXXXX0XXXXXXXXXXXXX


Generation 75/75  F=U(0.5, 1.0)  N_hist=18000
------------------------------------------------------------------------------------------------------------------------
XX000XXX0XXX0X0XXXXX0XXX0XXXXX00XXXXXXXXXXXXXXXXXXXXXXXXXXXXXXX0XXXXXXXXXXXXXXXXXXX0X00XX0000XX000XXXXXXXXXXXXXXX00XX0XX
XXXXXXXX0XXXXXXXX0XXX0XX00X00XXX0X0XXXXXXXXXXXXX00XXXXXXXXXXXXXX00000XXXXXXXXXXXXXXX0XXXXXXXXXX0XXXXXX0XXXXXXXXXXXXXXXXX


Maximum number of iterations reached.

SSE=0.53851 on eval 18240: L=5.03793e+06 b=0.00114211* r=0.140596 rf=0.492665 t0=64.1743 th=1.91283


Shutting down DE...
DE shutdown complete.

Final population:
Population: 240 individuals with SSE 0.53851 to 0.5389, avg eval time 0.03 sec. Top 7:

        SSE |    0.53851      0.53852      0.53852      0.53852      0.53853      0.53853      0.53854  
------------------------------------------------------------------------------------------------------------------------
          L | 5.0379e+06   4.5271e+06   4.8659e+06   5.0127e+06   1.8971e+06   5.7299e+06** 2.9978e+06  
          b |  0.0011421*   0.0050241*  0.00041321*    0.002256*   0.0019036*  0.00095228*   0.0016806* 
          r |     0.1406       0.1412         0.14      0.14047      0.14029      0.14069      0.14146  
         rf |    0.49267      0.49532      0.48958      0.49433      0.48961      0.49466      0.49218  
         t0 |     64.174       64.178       64.191       64.198       64.189        64.19       64.115  
         th |     1.9128        1.899       1.8857       1.9106       1.8197       1.8312       1.9015  
------------------------------------------------------------------------------------------------------------------------
Best individual:
<SSE=0.5385 L=5.03793e+06 b=0.00114211* r=0.140596 rf=0.492665 t0=64.1743 th=1.91283>


Elapsed time: 219.87 seconds

Saved final population of best parameter combinations to covid19.dat
Shutting down...
Task Queue is shut down
Goodbye
