Decompressing and parsing covid19.csv.bz2...
Cumulative and new cases reported thus far for US
------------------------------------------------------------------------------------------------------------------------
000	01/22	1	0
001	01/23	1	0
002	01/24	2	1
003	01/25	2	0
004	01/26	5	3
005	01/27	5	0
006	01/28	5	0
007	01/29	5	0
008	01/30	5	0
009	01/31	7	2
010	02/01	8	1
011	02/02	8	0
012	02/03	11	3
013	02/04	11	0
014	02/05	11	0
015	02/06	11	0
016	02/07	11	0
017	02/08	11	0
018	02/09	11	0
019	02/10	11	0
020	02/11	12	1
021	02/12	12	0
022	02/13	13	1
023	02/14	13	0
024	02/15	13	0
025	02/16	13	0
026	02/17	13	0
027	02/18	13	0
028	02/19	13	0
029	02/20	13	0
030	02/21	15	2
031	02/22	15	0
032	02/23	15	0
033	02/24	51	36
034	02/25	51	0
035	02/26	57	6
036	02/27	58	1
037	02/28	60	2
038	02/29	68	8
039	03/01	74	6
040	03/02	98	24
041	03/03	118	20
042	03/04	149	31
043	03/05	217	68
044	03/06	262	45
045	03/07	402	140
046	03/08	518	116
047	03/09	583	65
048	03/10	959	376
049	03/11	1281	322
050	03/12	1663	382
051	03/13	2179	516
052	03/14	2727	548
053	03/15	3499	772
054	03/16	4632	1133
055	03/17	6421	1789
056	03/18	7783	1362
057	03/19	13747	5964
058	03/20	19273	5526
059	03/21	25600	6327
060	03/22	33276	7676
061	03/23	43847	10571
062	03/24	53740	9893
063	03/25	65778	12038
064	03/26	83836	18058
065	03/27	101657	17821
066	03/28	121478	19821
067	03/29	140909	19431
068	03/30	161837	20928
069	03/31	188172	26335
070	04/01	213372	25200
071	04/02	243616	30244
072	04/03	275586	31970
073	04/04	308850	33264
074	04/05	337072	28222
075	04/06	366667	29595
076	04/07	396223	29556
077	04/08	429052	32829

Initializing 240 population members having 6 parameters
------------------------------------------------------------------------------------------------------------------------

SSE=48.24 on eval 1: L=9.79294e+07 b=44.4088 r=0.365968 rf=0.927877 t0=62.8474 th=14.5173

*2

SSE=30.032 on eval 3: L=2.12755e+08 b=12.1707 r=0.400676 rf=0.912867 t0=60.6861 th=20.5548

!9

SSE=23.835 on eval 5: L=3.25847e+07 b=47.7734 r=0.490285 rf=0.959164 t0=58.7245 th=22.4244

!692

SSE=21.124 on eval 9: L=2.18425e+08 b=52.0076 r=0.482217 rf=0.910319 t0=58.7582 th=16.7558

!1459322299999915141229265992!19139968927395892199931353

SSE=20.381 on eval 65: L=1.62958e+08 b=19.7863 r=0.355049* rf=0.952207 t0=65.1367 th=15.2375

!9

SSE=19.224 on eval 67: L=3.14093e+08** b=23.6964 r=0.456444 rf=0.915789 t0=61.5532 th=13.8434

!433159920

SSE=18.349 on eval 77: L=2.08417e+08 b=25.7425 r=0.551886 rf=0.943635 t0=60.3907 th=15.1095

!139598

SSE=17.848 on eval 84: L=1.69587e+08 b=10.579 r=0.458284 rf=0.86511 t0=61.2237 th=12.1144*

!391499699984912993014797631721199993
194215499972241229291992344627933499

SSE=16.878 on eval 157: L=1.45133e+08 b=61.8327 r=0.428425 rf=0.999514** t0=63.3569 th=18.6642

!99191297923239159299991929219474875919339299399292935294998291947822994773199759999


Population: 240 individuals with SSE 16.878 to 990.04, avg eval time 1.29 sec. Top 7:

        SSE |     16.878       17.848       18.144       18.341       18.349       18.617       19.224  
------------------------------------------------------------------------------------------------------------------------
          L | 1.4513e+08   1.6959e+08   1.2608e+08   1.5335e+08   2.0842e+08   1.7452e+08   3.1409e+08**
          b |     61.833       10.579       45.773       52.658       25.742       51.844       23.696  
          r |    0.42843      0.45828      0.53682      0.55089      0.55189      0.36901      0.45644  
         rf |    0.99951**    0.86511      0.99234      0.98439      0.94364      0.87952      0.91579  
         t0 |     63.357       61.224       60.042       60.015       60.391       63.467       61.553  
         th |     18.664       12.114*      20.477       19.341        15.11       14.475       13.843  
------------------------------------------------------------------------------------------------------------------------
Best individual:
<SSE=16.8778 L=1.45133e+08 b=61.8327 r=0.428425 rf=0.999514** t0=63.3569 th=18.6642>


Population: 240 individuals with SSE 16.878 to 990.04, avg eval time 1.29 sec. Top 7:

        SSE |     16.878       17.848       18.144       18.341       18.349       18.617       19.224  
------------------------------------------------------------------------------------------------------------------------
          L | 1.4513e+08   1.6959e+08   1.2608e+08   1.5335e+08   2.0842e+08   1.7452e+08   3.1409e+08**
          b |     61.833       10.579       45.773       52.658       25.742       51.844       23.696  
          r |    0.42843      0.45828      0.53682      0.55089      0.55189      0.36901      0.45644  
         rf |    0.99951**    0.86511      0.99234      0.98439      0.94364      0.87952      0.91579  
         t0 |     63.357       61.224       60.042       60.015       60.391       63.467       61.553  
         th |     18.664       12.114*      20.477       19.341        15.11       14.475       13.843  
------------------------------------------------------------------------------------------------------------------------
Best individual:
<SSE=16.8778 L=1.45133e+08 b=61.8327 r=0.428425 rf=0.999514** t0=63.3569 th=18.6642>

Performing DE with CR=0.7, F=U(0.5, 1.0), DE/rand-1.00/1/bin
------------------------------------------------------------------------------------------------------------------------
Press the 'Enter' key to abort.

Generation 1/75  F=U(0.5, 1.0)  N_hist=240
------------------------------------------------------------------------------------------------------------------------
XXX8XX9XX2XX03XX9X1X15X4XX3XX1X2XXXX9XX2225X12228X3XX3XXX2161X1X4X354X1XX2XXXX2XX73X1XXXXXXX24X32X1XX2X42XX322XXX2XXX532
XXX9XXX212X22212X3X3XXX172XX5XX782XXXX24XXXX13XX2X14983X132XX1X2X139XX412X1X1XX32X9XXX115X7XXXX5XX34X9XX2X61317X25XX19XX


Generation 2/75  F=U(0.5, 1.0)  N_hist=480
------------------------------------------------------------------------------------------------------------------------
X3XXXXX1XX24X41142X81XXXXX37XXXXXX24X2284X2XXXXX57XX9XXXX2XXXXXX2XXXXX5XXX47XXXXX2XX2XXX4XXX3X31X9XX14121X1X912X2XXXXX2X
XX1XX1X5XX63X11X48XXXX243X26XXX21XXXX37

SSE=16.411 on eval 639: L=2.86488e+07 b=27.3369 r=0.549862 rf=0.974754 t0=59.1934 th=18.9209

+XXX32XX22XX1XX917X1X21333XX2X2X5123XXX920XXX7XXX0332242X2X2XX11XXXX9XX1XX8X2722X
2


Generation 3/75  F=U(0.5, 1.0)  N_hist=720
------------------------------------------------------------------------------------------------------------------------
1XXXXXXXXXX33XXX3XXXX0X2XX111X2XX2X2X32X12XX3XXXX2XXX2+XXXXXX2XXXXX1XXXXX2XX2X91XX2X40XXXXXXXXXXXX1XXX2XX5XXXXXXX2X134X1
1XX3XXXXXXX3111XXX2XX52X2XXXX11X1XXXXXXXXX7XX2XXXXX84XX124X91XX12XXXXXXXXXXX112XXXX22X4XX11XXX11X1XXXX1X32X3X31X2XXXXX32
X


Generation 4/75  F=U(0.5, 1.0)  N_hist=960
------------------------------------------------------------------------------------------------------------------------
X1XXXXX2XX2X2XXXXXX2XXX011XX31X3XXXXX1XXX1XXX11X311XXX32XXX1XXX0XXXX1XXXXXXXXXXXXXX1XXXXX2XXXX4X0X2X2XXX10X4X0XX2XXXX1X1
X2XXXX11X12XXXX1XXX1XXX2XXXX1X2XX1X1XXXXX1X0X116+XXXXXXX0X2XXXXXXXX1XXXXXXXXX2XXXXXXXX2XXX1XXXXX3XXXXXXXXXX2X1X3XX12XX0X
X


Generation 5/75  F=U(0.5, 1.0)  N_hist=1200
------------------------------------------------------------------------------------------------------------------------
XXX1XXXXXXXXXXXXX14XXXXXXXXXXX21XX1XXXXXXXXXXX1X1XXXXXXX11XX2XX1X1XX1XX11XXX1XXXX1XXX2XXXX1XXX02XXXXXXXXXXXXXXXXXXXXXXXX
XX1XXX51X141XXXXXXXXXXX1XX1XXX2X3XXXXX24XXX2XXXXXXXXXXX2X1X1X11XXXXX12X1XX11XXXXX1XX0XXXXXXXXXXXX2XXXXXX1XXXXXX11XXXXXXX


Generation 6/75  F=U(0.5, 1.0)  N_hist=1440
------------------------------------------------------------------------------------------------------------------------
1XXXXXXXXXX11X1XX2XXXXXX12XXX1XXXXXXXXXXXX1XXXXXXXXXXXXXXXX21123X1111X1X112XXXX16X12XXXXXXXXXXXX2XXXX2XXXXXXX1XXX1X1XXXX
XXXX1XXX11X2X1X1XXXXX111XXXX3XXXXXXX1XXXXXXX2XXXX2X1111XXXXXXXXXXXXX11XXXXXXXX1XXXXXXXXXXXXXXXXXXX1XXXXX1XXX211XXXXXXXXX


Generation 7/75  F=U(0.5, 1.0)  N_hist=1680
------------------------------------------------------------------------------------------------------------------------
12X1X10XXXXXXXXXXXXXX2XXXXXX10XXX2X2XX1XXXXXXXXXXXXXXXXXXXXXXXXXXX2XXXXX1XX1XX1X1XXXXXX1XX1XXX1XXXX0XX1XX211X1XXXXXXXXXX
XXXXXXXXXXXXXX1XXXXXXXXXXXXXXXX1XX1XXXXXXXXXXXXX012X1XXXXXXXXXX1XXXXXXXXX1XXX31XXXXXXXXXXXXXXXXXXXXXXXXXXXXXXXXXXXXXXXXX


Generation 8/75  F=U(0.5, 1.0)  N_hist=1920
------------------------------------------------------------------------------------------------------------------------
111X0X1XXXXXX2X1XXXX1XXXXXXX1XXXX0XXXXXXXXXXXXXXXXXXXXX1XXXXXXXXXXXXXXXXXXXXXX11XXXXXXXXXXXXXXXXX3XXXXX11X1XXXXXXXXXXX32
XXXXX21XXXXXXXXX2X1XX1XXXX1XXXXXXXX1XXX2XXXXXXXXXX1XXXXXXXXX1XXXXXX1XX1XXXXXXXXX1X1XXXXXXXXXXXXXXXXXXX1XXXXXXX1XXXXX1XXX


Generation 9/75  F=U(0.5, 1.0)  N_hist=2159
------------------------------------------------------------------------------------------------------------------------
2X111X1X2X11XXXXXXXX2XXX112XXXXXXXX1XXXXXXXXXXXXXX1X2XXXX1XXXXXX1XXXXXXXX1X1XXXXXXX0X1XXXXXXX1XXXXXXXXXXXXXXXXXXXXXXXX10
1XXXXXXX11XXXXX1XX2XXXX1X1XXXXXX1XX10XX1XXX1X1XX2XXX1XXXXXX2XXXXXXXXXXXXXXXXXXXXXXX0XXXXXXXXXXX1XXXXXX1XXXXXXXXXXXXXXXXX


Generation 10/75  F=U(0.5, 1.0)  N_hist=2400
------------------------------------------------------------------------------------------------------------------------
101X11111X1XX1XXXXXXXXX0XXXXXXXXXXXXXXXXXXXXXX11XXXXXXXXXXXXXXXXXXXXXXXX1XXXXX1XXXX2XXXXXXXXXXXXXXXXXXXXXX11X1XXXXXX1XXX
XXXX1X0XXXXXXX1XXXXXXXXXXXXXX1XXXXXXXXXXXXXXXXXXXXXXXXXXXXXXXXXXXXX1XXXXXXXXXX1XXXXXXXXXX1XXXXXXXXXXXXX1XXXXXXXXXXXXXXXX


Generation 11/75  F=U(0.5, 1.0)  N_hist=2640
------------------------------------------------------------------------------------------------------------------------
1X0XXXXXXXXXXXXXXXXXX1XXXXXX2XXXXXXXXXX1XXXX1XXXXXXXX11XXXXXXXXXX1X2XX1XXXXXXXXXXXXXXX01XXXXX0XXXXX2XXXXXXXX1XXXXXXXXXXX
XX1X11XXX0X1XXXXX1XXXXXXXXX1XXXXX1XXXXXXXXXXXXX2XXXX01XXX21XXXXXXXXX1XXXX1XXXXXXXXXXXXXXXXXXXXXXXXXXXXXXXXXXXXX1XX1XXXXX


Generation 12/75  F=U(0.5, 1.0)  N_hist=2880
------------------------------------------------------------------------------------------------------------------------
21X11X11X11XX1XXXXXX1XXXXXXXX1XXXXXXXXXXXXXXXXXXXX1XXXXXXXXXXXXXXXXXXXXXXXXXX1XXXXXXXXXXXXX1XX0XXXXXXXXXXXXXX11XXXXXXXXX
XXXXXXXXXXX01XXXXXX2XXXXX0X1X11XXXXXXXXXXXXXX1XXXXXXXXX0XXX2XXXXXXXXXXXXXXXXXXXXXXX1X1XXXXXXXXXX1XXXXXXXXXXXXXXXXXXXXXXX


Generation 13/75  F=U(0.5, 1.0)  N_hist=3120
------------------------------------------------------------------------------------------------------------------------
11X1XX1111X1X1XXXXXXX1XXXXXXX11XX1XXXXX11XXXXXXXXXXXXXXX1XXXXX10XXXXXXXXXXXXXXXXXXXXXXX12XXX11XXXXXX1XXXXXXXXXX1XXXXXXXX
1X1XXXX1XXXXXXX1XX1XXXXXXXXXXXXXXXXXX11XXXXXXXXXXXXXXXXXXXXXXXXXXXXXXX10XXXXXXXXXXXXXXXXXXXXXXXXXXXXXXXXXXXXXX1XXXXXXXXX


Generation 14/75  F=U(0.5, 1.0)  N_hist=3360
------------------------------------------------------------------------------------------------------------------------
X1X1X1X1XXXXXXXXXX2XX11X1XXX2XXXXXXXXXXXXXXXX1XXXXXXXXXXXXXX1XXXXXXX11XXXX1XXX1XXX1XXXXX1XXXXXXXX1XXXX0XXXX111XXX1XXXXXX
XXX0XXXXXX1X1X1XXXXXXXX1X1XXXX2XXXXXXXXXXXXXXXX1XXXXXXXXXXX11XXXXXXXXXXX01XXXXXXXXXXXXXXXXXXX1XXXXXXXXXXXXXXXX1XXXXXXXXX


Generation 15/75  F=U(0.5, 1.0)  N_hist=3600
------------------------------------------------------------------------------------------------------------------------
11011XX1XXXXXXXXXXXXXXXXXXXXXXXXXXXXXXXXXXXXXXXXXXXXXXXXXXXXXXXXXXXXXX1XXXXXXXXXXXXXX1X0X11XXXXXXXXXXXXXX1XXXXXXXXXXXXXX
XXX1XXXXXXX1XXXXXXXXXX0XXXXXXXXXX11XXXXXXXXX1XXXXXXXXXX01XXX1X1X1XXXXXXX1XXXXXXXXXXX1XXXXXXXXXXXXX1XXXXXXXXXXXXXXXXXXXXX


Generation 16/75  F=U(0.5, 1.0)  N_hist=3840
------------------------------------------------------------------------------------------------------------------------
X11XXX111XXXX11XXXXXXXXXXXXXXXXXXXXXXXXXXXXXXXXX1XXXXXXXXXXX0XXXXXXXXXXXXXXXXX1XXXXXX1XXXX01XX01XXXXXXXXXXXXXXXXXXXXX1XX
0X1XXXXXXXXXXXXX0XX1XXXXXXX1XXXXXXXXXXXXXX1XXXXXXX1X0XX0XXXXXXXXXXXXXXXXXX1XXXXXXXXXXXXXXXXXXX1XXXXXXXXXX1XXXXXXXXXXXXXX


Generation 17/75  F=U(0.5, 1.0)  N_hist=4080
------------------------------------------------------------------------------------------------------------------------
01XX1XX1XXXXXXXXXXXXXXXXXXXXXXXXXXXXXXXXXXXXXXXXXX111XXXXXX01XXXXX1XXXXXXXXXXXXXXXXXXXXXXX1XXXXXXXXXXXXXXXXXXXXXX1XXXXXX
XXXX1XXXXXXXXXXXXXXX1XXXXXX1XXXXXXXX1XXXXXXX1XXXXXXXXXXXXXXXXXXXXXXX1XXXXXXXXXXXXXXXXXXXXXXXXXXXXXXXXXXXXXXXXX0XXXXXXXXX


Generation 18/75  F=U(0.5, 1.0)  N_hist=4320
------------------------------------------------------------------------------------------------------------------------
2XX1X1X1XXXXXXXXXXXXX1XXXXX0XXXXX1XXXXXXXXXXXXX1XXXXXXXXXX1XXXXXXXXXXXXXXXXX1XXXXXXXXXXXXXX1XXXXXXXXXXX0XXXXXXXXXXXXXX1X
XXXX0+XXXXX1XXXXXXXXXXXXX11XXXXXXXXXX0XXXXXXXX1XXXXXXXXXXXXXXXXXXX11XXXXXXXXXXXXXX1XXXXXXXXXXXXXXXXX1XXXXXXXXXXXX1XXXXXX
X


Generation 19/75  F=U(0.5, 1.0)  N_hist=4560
------------------------------------------------------------------------------------------------------------------------
X1XXXXXXXXXXXXXXXX1X1XXXXXXXXXXXXXXXXXXXXXXXXXXXXXXXXXXX0X0X1XXXXXXXXX1XXX11XXXXXXXXXXXX1XXXXXXXXXXX1XXXXXXXXXXXXXXXXXXX
1XXXXXXXXXXXXXXXXXXXXXXXXXXXXXXXXXXXXXXXXXXXXXXX1XXX11X1XXXXX0XXXXXXXXXXXXXXXXXXXXXXXXXXXXXXXXXXXXXXXXXXXX1XXXXXXXXXX1XX


Generation 20/75  F=U(0.5, 1.0)  N_hist=4800
------------------------------------------------------------------------------------------------------------------------
11X11XX11XXXX11XXXXXXXXXXXXX1XXXXXXXXXXXXXX11XXXXXXXX1XXX1XXXXXXXXXXXXXXXXXXX1XXXXXXXXXXXXXXXXXXXXXXXXXXXXXXXXXX1XXXXX1X
XXXXXX1XXXXXXXXXX1X1XXXXXXXXXXXXXXXXX10XXXXXXXXXXXXXXXXXXXX1XXXXXXX1XXXXXXXXXXXXXX1XXX1XXXXXXXXXXXXX1XXXXXXX11XXXXXX0XXX


Generation 21/75  F=U(0.5, 1.0)  N_hist=5039
------------------------------------------------------------------------------------------------------------------------
11X01XXXXX0XXXXXX1XXXXXXXXXXXXXXXXXXXXXXXXXX1XXXXXXXXXXXX1XXXXXXXXXXXXXXXXXXXXXXXXXXXXXXXXXXXXXXXXXXXXXXXXX11X1XXXXXXXX1
1XXXXXXXXXXXXXXXXXXXXXXXXXXXXXXXXXXXX0XXXXX1XXX0XXXXXXXXXXXXXXXXXXX1XX1XXXX1XXXXXXX1XXX1XXXXXXXXXXXXXXXXXXX0X1X0XXXXXXXX


Generation 22/75  F=U(0.5, 1.0)  N_hist=5280
------------------------------------------------------------------------------------------------------------------------
1XX101XXXXX1XXXXXXXXXXXXXX1XXXXXXXXXXXXXXXXXXX1XXXXXXXXX1XXXXXXXXXXX2XX1XXXXXXX0XXXXXXXXXXXXXXXX0XXXXXXXXXXXXXXXXXXXXX1X
XX1XXXXXXXXXXXXXXXXXXXXXXXXXXXXXXXXXXXXXXXXXXXXXXXXXXXXXXXXXXXXXXXXXXXXXXXXXX1XXXXXXX0XXXXXXXXXXXXXXXXXXXXXXXXXXXXXXXXXX


Generation 23/75  F=U(0.5, 1.0)  N_hist=5520
------------------------------------------------------------------------------------------------------------------------
1010X1XXX1XXXXXXXXXXXXXXXXXX0XXXXXXXXXXXXXXXXXXXXXXXXXXXXXXXXXXXX1XXXXXXXXXXXXXXXX11XXXXXXXXXXXXXXXX0XXXX1X1XXXXXXXXXXXX
XXXXXXXXX01XXX1XX0XX1XXXXXXXXX0XXXX1XXXXXXX1XXXXXXXXXXXXXXXXXXXXXXXXXX1X1XXX1XXXXXXXXXXXXXXXXXXXXXXXXXXXXXXXXXXXXXXXXXXX


Generation 24/75  F=U(0.5, 1.0)  N_hist=5760
------------------------------------------------------------------------------------------------------------------------
XX1XX1XX1XXXXXXXXXXXXXXXXXXXXXXXXXX0XXXXXXXX1XXXXXXXXXX1XXXXXXXXXXXXXXXXX11XX1X0X1XXXXXXXXXXXXXXXXXXXXXXX0XXXXXXXXXXXXXX
XXXXXXXXXX11X01X0XXXXXXXXXXXXXXXXXXXXXXXXXXXXXXXXXXXXXXXXXX1XXXXXXXXXXXXXXXXXXXXXXXXXXXXXXXXXXXXXXXXXXXXXX1XXXXXXXXXXXXX


Generation 25/75  F=U(0.5, 1.0)  N_hist=6000
------------------------------------------------------------------------------------------------------------------------
X1XXXXXXX0XXXX1XXXXXXX0XXXXXXXXXX10XXXXXXXXXX1XXXXXXXXXXXXXXXXXXXXXXXXXXXXXXXXXXXXXXXXXXXXXXXXXXXXXXXXXXXXXXXXXXXXXXXXX0
XXXXXXXX0XXXXXXXXX0XXXXXXXXX0+XXX1XXXXXXXXXXXXXXXXXXXXXXXXXXXXXXXXXXXXXX1XX0XXXXXXXXXXXXXXXXX1XXXXX0XXXXXXXXXXXXXXXXXXXX
X


Generation 26/75  F=U(0.5, 1.0)  N_hist=6240
------------------------------------------------------------------------------------------------------------------------
XX1XXXXXXXXXXXXXXXXXXXXXXXXXXXX1XXXXXXXXXXXXXXXXXXXXXXX1XXXXXXXXX1XX0X1XXXXXXXXXXXXXXXXX1XXXXXXXXXXXXX1XXXXXXXXXXXXXXXXX
XXXXXX0XX1XX11XXXXX1XXX0XXXX0XXXXXXXXX0XXXXXXXXXXXXXXXXXXXXXXXXXXX1XX01XXX1XXXXXXXXX1XXXXX1XXXXXXXXXXXXXXX01XXXXXXXXXXXX


Generation 27/75  F=U(0.5, 1.0)  N_hist=6480
------------------------------------------------------------------------------------------------------------------------
X1XXXXXXXXX1XXXXXXXXXXXXX1XX0X1XXXXXXXXXXXXXXXX0XXXXXXXXXX1XXXX1XXXXXXXXXXXXXXXXXXXXXXXXXXXXXXXXXXXXXXXXXXXXXXXXXXXXXXXX
1XXXXXXXXXXXXXXXXXXXXX1XXXXX1XXXX00XXXXXXXXXXXXXXXXXXXXXXXXXX1XXXXXXXXXXX0XXXXXXXXXXXXXXXXXXXXXXXXXXXXXXXXXXXXXXXXXXXXXX


Generation 28/75  F=U(0.5, 1.0)  N_hist=6720
------------------------------------------------------------------------------------------------------------------------
0111X1XXXX11XXXXXXXXXXXXXXXXXXXXXXXX10XXXXXXXXXXXXX1XXXXXXXXXXXXXXXXXXXXXXXXXXXXXXXXXXXXXXXXXXXXXXXXXXXXXXXXXXXXXXX1XXXX
1XXXXXXXXXXXXXXXX10X01XXXXXXXXXXX1X1XXXXXXXXXXXXXXXXXXXXXXXXXXXXXXXXXX111XXXXXXXXXXX1XXX1XXXXXXXXXX1XXXXXXXXXXXXXXXXXXXX


Generation 29/75  F=U(0.5, 1.0)  N_hist=6960
------------------------------------------------------------------------------------------------------------------------
XXXX1X01XXXXXXXXXXX0XXXXXXXXXXXXXXXX0XXXXXXXXXXXXXXXXXXXX0XX1XXXXXXXXXXXXXXX010XXXXXXXXXXXXXXXX0XX1XXXXXXXXXXXXXXX1XXXX0
XXXXXXX0XXXXXXXXXXXXXX1XXXXXXXXXXXXXXXXXXXXXXXXXXXXXX1XXXXX0XXXXXXXX0XX1XXXXXXXXXXXXXXXXXXXXXXXXXXXXXXXXXXXXXXXXXXXXXXXX


Generation 30/75  F=U(0.5, 1.0)  N_hist=7200
------------------------------------------------------------------------------------------------------------------------
XXX0X0XXXXXXXXXXXXXXXXXXX1XXXXXXXXXXXXXXXXXXXXXXXXXX10XXX0XXXXXXXXXXXXXXXXXXXXXXXXXXXXXXX1XX0XXXXXXXXX0XX1XXXXXXXXXXXXXX
XX0XXXXXXXXXXXXXXX1XXXXXXXX1XXXXXXXXXXXXX1XXXXXXXXXXXXXXXXXXXXXXXXXX01XXXXXXXXXXXXXXXXXXXXXXXX0XXXXXXXXXXXXXXXXXXXXXXXXX


Generation 31/75  F=U(0.5, 1.0)  N_hist=7440
------------------------------------------------------------------------------------------------------------------------
0XXXXXXXXXXXXXXXXXXXXXXXXXXXXXXXXXXX1XXXXXXXXXXXXXXXXXXXXXXX1XXXXXXXXXXXXXXX1XXXXXXXXXXXXXXXXXX00XXXXXXXXXXXXXXXXXXXXXXX
XXXXXXXX0XXXXXXXXXXX0XXXXXXXXXXXXXXXXXXXXXXXXX1XXXXXXXXXXX1XXXXXXXXXXXXXXXXX0X0XXXX1XXXXXXXXXXXXXXXX0XXXXXXXXXXXXXXXXXXX


Generation 32/75  F=U(0.5, 1.0)  N_hist=7680
------------------------------------------------------------------------------------------------------------------------
X01XX1XXXXXXXXXXXXXXXXXXX0X110XXX00XXXXXXXXXXXXXXXXXXXXXXXXXXXXXX0XXXXXXXXXXX1XXXXXXXXXXXXXXXXXXXXXXXXXXXXXXXXXXXXXXXXXX
XXXXXXXXXXXXXX0XXXXXXXXXXXXXXXXXXXXXXXXXXXXXXXXXXXXXXXXXXXXXXXXXXXXXXX0XXXXXXXXXXXXX0XXXXXX0X0XXXXXXX1XX1XXXXXXXXXXXXXXX


Generation 33/75  F=U(0.5, 1.0)  N_hist=7920
------------------------------------------------------------------------------------------------------------------------
00XXXXXXXXXXXXXXXXXX0XXXXXXXXXXXXXXXXXXXXXXXXXXXXXXXXXXXXXXXXXXXXXXXXXXXXX0X1XXXXXXX10XXXXXXXXX0XXXXXXXXXXXXXX0XXX0XXXXX
1XXXX1XXXXXXXXXXXXXXXXXXXXXXXXXXXXXXXXXXXXXXXXXXXXXXX0XXXX0XXXXXXXXXXXXXXXXXXXXXXXXXXXXXXXXXXXXXXXXXXXXXXXXXXXXXXXXXXXXX


Generation 34/75  F=U(0.445, 1.0)  N_hist=8160
------------------------------------------------------------------------------------------------------------------------
1XXXXXXXXXXXX1XXXXXXXXXXXX1XXXXXXXXXX0X0XXXXXXXXXX1XXXXXXXXXXX00XXXXXXXXXXXXXXXXX00XXXXXXXX0XXXXXXXXXXX0XXXXXXXXXXXXXXXX
1XXXXX0XXXX1XXXXXXXXX0XX0XXXXXXXXXXXXXXXXXXXXXXXXXXXXXXXXXXXXXXXXXXXXXXXXXXXXXXXXXXXXXXXXXXXXXXXXXXXXXXX0XXXXXXXXXXXXXXX


Generation 35/75  F=U(0.493056632402, 1.0)  N_hist=8400
------------------------------------------------------------------------------------------------------------------------
XXX0XXXXX0XX0XXXX11XXXXXXXXXXXX1XXXXXXXXXXXXXX0XXXXXXXXXXXXXXXXXXXXXXXXXXXXXXXXXXXXXXXXXXXXXXXXXXXXXXXXXXXXXXXXXXXXXXXXX
XXXXXX1XXXXXXXXXXX0XXXXXXXXXXXXXXXXXXXXXXXXXXXXXXXXXXXXXXXXX0XXXX1XX0XXXXXXXXXXXXXXXXXXXXXXXXXXXXXXXXXX1XXXXXXXX1XXXX0XX


Generation 36/75  F=U(0.5, 1.0)  N_hist=8640
------------------------------------------------------------------------------------------------------------------------
1X1010XX0XXX01X0XXXXXXXXXXX0X0XXXXXXXXXXXXXXXXXXXXXXXXXXXX0XXXXXXXXXXXXXXXXXXXXXXXXXXXXXXXXXXXXX1XXXXXXXXXXXXXX0XXX0XXXX
XXXXXXXX1XXXXXXXXXXXXXXXXXXXX11XXXXXXXXX0XXXXXXXX1X01XX0XXXXXXXXXXXXXXXXXX1XXXXXX1XXXXXXXXXXXXXXXXXXXXXXXXXXXXXX1XXXXXXX


Generation 37/75  F=U(0.5, 1.0)  N_hist=8880
------------------------------------------------------------------------------------------------------------------------
0XXX1X0XXXXXXX0XXXXXXXXXXXXXXXXXXXXXXXXXXXXXXXXXXX1XXXXXXX0XX0X0XXX1XX0XXXXXXXXXXXXX1X1XXXXXXXXXXXXXXXXXXXXXXXXXXXXXXXXX
XX0XX1X1XXXXXXXXXXXXXXXXXXXXXXXXXXXXXXXXXXXXXXXXXXXXXXXXXXXXXXXXXXXXXX0XXXXXXXXXXXXXXXXXXXXXXXXXXXXXXXXXXXXXXXXXXXXXXXX1


Generation 38/75  F=U(0.5, 1.0)  N_hist=9119
------------------------------------------------------------------------------------------------------------------------
01X00XXXXXXXXXXXXX0XXXXXXXXXXXXXXXXXXXXXXXXXXXXXXXX0XXXXXX1XXXXXXXXXXXXXXXXXXXXXXXXX0XXXXXXXXXXXXXXXXXXXXXXXXXX1XX0XXXXX
XXXXXXXXXXXXXXXXXXXX1XXXXXX0XXXXXXXXXXXXXXXXXXXXXXXXXXXXX1XXXXXXXXXXXXXXXX0X1X1XXXXXXXXXXXXXXXX0XXXXXX1XX1XXXXXXXXXXXXXX


Generation 39/75  F=U(0.5, 1.0)  N_hist=9360
------------------------------------------------------------------------------------------------------------------------
X0X11XXXXX1XXXXXX0XXXXXX1XXXXXXXXXXXXXX1XXXXXXXXXXXXXXXXXXXXXXXXXXXXXXXXXXXXX1XXXXXXXXXXXXXXXXXXXXXXXXX0XXXXXXXXXXXXXXXX
XXXXXXXXXXX0XXX1XXXXXXXXXXXXXXXXXXXX0XXXXXXXXXXXXXXXXXXXXXXXX0XXXXXXXXXXXXXXXXXXXXXXXXXXXXXXXXXXXXXXXXXXXXX0XXXXXXXXXXXX


Generation 40/75  F=U(0.5, 1.0)  N_hist=9600
------------------------------------------------------------------------------------------------------------------------
1XXXX1XX0XXXXXXXXX1XXX1XXXXXXXXXXXXXX0XXXXX0XXXXXXXXXXXXXXXXXXXXXXXXXXXXXXXXXXXX0XXXXXXXXXXXXXXXXXXXXXXXXXXXXXXXXXXXXXXX
XXXXXXXXXXXXXXXXXXXXXXX0XXXXXXXXXXXXXXXX1XXXXXXXXXXXXXXXXXXXXXXXXXXXXXXXXXXXXXXXXXXXXXXXXXXXXXXXXXXXXXXXXXXXXXXXXXXXXXXX


Generation 41/75  F=U(0.5, 1.0)  N_hist=9840
------------------------------------------------------------------------------------------------------------------------
1X1X0XXXXXXXXXXXXXXXXXXXXXXXXXXXXXXXXXXXXXXXX1X1X0XXX1XXXXX0XXXXX0XXXXXXXXXXX01XXXXXXXXXXXX1X0XXXXX0XXX1XXXXXXXXXXXXX0XX
XXXXXXXXXXXXXX0XXXXX0XXXXXX1XXXXXXXXXXXXXXXXXXXXXXX0XXXXXXXXXXXXXXXXXXXXXXXXXXXXXXXXXXXXXXXXXXXX0XXXXXXXXXXXXX0XXXXXXXXX


Generation 42/75  F=U(0.5, 1.0)  N_hist=10080
------------------------------------------------------------------------------------------------------------------------
XXXXXXXXXXXXX1XXX0XXXXXXXXXXXXXXXXXXXXXXXXXXXXXXXXXXXXXXXXXXXXXXXXXXXXXXXXXXXXX0XXXXXXXXXXXXXXXXXXXXX0XXXXX1XXXXXXXXX0XX
XXXXXXXXXXXXXXX00XXXXXXXXXX001XXXXX0XXXXXXXXX0XXXXXXXXXXXXXXXXXXXXXXXXXXXXXXXXXXXXX0XXXXXXXXXXXXXXXX0XXXXXXXXXXXXXXXXXXX


Generation 43/75  F=U(0.5, 1.0)  N_hist=10320
------------------------------------------------------------------------------------------------------------------------
0XXXXXXXXXXXXXXXXXXXXXXXXXXXXXXXXXXXXXXXXXXX0X00XXXXXXXXXXX1XXXXXXXXXXXXX0XXXXXXXXXXXXXXXXXXXXXXXXXXXXXXXXXXXXXXXXXXXX0X
X0XXX0X00XX00XXXXXXXXXXXXX1XXXXXXXXXXXXXXXXXXXXXXXXXXXXXXXXXXX1XXXXXX0XXXXXXXXXXXXXXXXXXXXX0XXXXXXXXXXXXXXXXXX0X0+XXXXXX
X


Generation 44/75  F=U(0.5, 1.0)  N_hist=10560
------------------------------------------------------------------------------------------------------------------------
X0XXXX0XXXXXXXXXXXXXXXXX00XXXXXX0XXXXXXXXXXXXXXXXXXXXXXXXXXXXXXXXXXXXXXXXXXXXXXXXXXXXXXXXXXXXXXXXXXXXXXXXXXXXXXX1X0XXXXX
XXXXXXXXXXXXXXX0XXXXXXXXXXXXXXXXXXXXXX0XXXX1X0XXXXX00XXXXXXXXXX0XXXXXXXX0XXXXXXXXXXXXXXXXXXXXXXXXXXXXXXXXXXXXXXXXXXXXXXX


Generation 45/75  F=U(0.445, 1.0)  N_hist=10800
------------------------------------------------------------------------------------------------------------------------
0X0XXXXX0XX0XXXXXXXXXXXXXXXXXXXXXXXXXXXXXXXXXXXXXXXXXXXXXXXXXXXXXXXXX0XXXXXXXXXX1XXXXXXXXXXXXXXXXXXXXXXXX0XX0XXXXXXXXXXX
0XXXXXXXXXXX0XXXXXXXXXXX0XXXXXXXXXX010XXXXXX0XXXXXXXXX0XXXXXXXX0XXXXXXX0XXXXXXXXXXXXXXXXXXXXXXXXXXXXXXXX1XXXXXXXXXXXXXXX


Generation 46/75  F=U(0.39605, 1.0)  N_hist=11040
------------------------------------------------------------------------------------------------------------------------
X0XXXXXXXXXXXXXXXXXXXXXXXXXXXXX0XXXX0XXXXXXXXXXXXXXXXXXXXXX0XXXXXXXXXXXXXXXXXXXXXXXXX0X0XXXXXXXXXXXXXX0XXXXXXXXXXXXXXXXX
XXXXXXXXXXXXXXXXXXXXXXXXXXXXXXXXXXXXXXX0XXXXXXXXXXXXXXXXXXXXXXXXXXXXXXXX0XXXXXXXXXXXXXX0XXXXXXXXXXX0XXXXXXXXXXXXXXXXXXXX


Generation 47/75  F=U(0.3524845, 1.0)  N_hist=11280
------------------------------------------------------------------------------------------------------------------------
XXXXXXXXXXXX0XXXXXXXXXXX0XXXXXXXXXXXXXXXXX1XXXXXXXXXXXXXXXXXXXXXX0XXXXX0XXXXXXXXXXXXXXXXXXXXXXXXXXXXXXXXX0XX0XXXXXXXXX0X
XXXXXXXXXXXXXXXXXXXXXXXXXXXXXXXXXXXXXXXXXXXX1XXXX0XXXXXXXXXXXXXXXXXXXXXXXXXXXXXXXXXXXXXXXXXXXXXXXXXXXXXXXXXXXXXXXXXXXXXX


Generation 48/75  F=U(0.390550158526, 1.0)  N_hist=11520
------------------------------------------------------------------------------------------------------------------------
1X10XXXXXX0XXXXXXXXXXXX0XXXXXXXXXXXX0XXXXXXXXXXX0XXXXX0XXXX0XXXXXXXXXXXXXXXXXXX1XXXXXXXX0XXXXXXXXXXXXXXXXXXXXXXXXXXXXX0X
XXXX0XXXXXXXXXXXXXXXXXXXXXXXXXXXXXXXXXXXXXXXX1+X0XXXXXXXX10X0X1XXXXX0XXXXXXXXXXXXXXXXXXXXXXXXXXXXXXXXXXXXXXXXXXXXXXXXXXX
X


Generation 49/75  F=U(0.432726620105, 1.0)  N_hist=11760
------------------------------------------------------------------------------------------------------------------------
01XXX00XXXXXXXXXXXXX0XXXXXXXXXXXXXXXXXXXXXX10XXXXXXXXXXXXXXXXX0XXX0XXXXXXXXXXXXXXX0XX1XXXXXX0XXXXXXXXXXXXXXX0XXXXX0XXXXX
XXXXXXXXXXXXXXXXXXXXXXXXXXXX00XXXXXXXXXXXXXXXXXXXXXXXXXXXXXXXXXXXXXXXXXXXXXXXXXXXXXXXXX0XXXXXXXXXXXXXXXXXXXXXXXXXXXXXXXX


Generation 50/75  F=U(0.479457820359, 1.0)  N_hist=12000
------------------------------------------------------------------------------------------------------------------------
1XXXXXXXXXXXXXXXXXXXXXXXXXXXXXXXXXXXXXXXXXXXXXXXXX00XXXXXXXXXXXXXXXXXXXXXX00XXXXXXXXXXXXXXXXXXXXXXXXXXXX0XXXXXXXXX0XXXXX
XXXXXXXXXXXX0XXXXXXXXXXXXXXXXXXXXXXXXXXXXX0XXXXXXXX0XXXXX0XXXXXXXXXXXXXXXXXXXXXXXXXXXX0XXXXXXXXXXXXXXXXXXXXXXXXXXXXXXXXX


Generation 51/75  F=U(0.426717460119, 1.0)  N_hist=12240
------------------------------------------------------------------------------------------------------------------------
0XX0X1X0XXXXXXXXXXX0XXXXXXXXXXXXXXXXXXXXXXXXXXXXXXXXXXXXXXXXXXXXXXXXXXX0XXXXXXXXXXXXXXXXXXX0XXX1XXXXXXXXXXXXXXXXXXXXXXXX
XXXXXXXXXX0XXXXXXXXXXXXXXXXXXXXXXXXXXXXXX0XXXXXXXXXXXXXXXXXXXXXXXXXXXXXXXXXXXXXXXXXXXXXXXXXXXXXXXXXXXXXXXX00X0XXXXXXXXXX


Generation 52/75  F=U(0.379778539506, 1.0)  N_hist=12480
------------------------------------------------------------------------------------------------------------------------
X0XX0XX0X00XXXXX00XXXXXXXXXXXXXXXXXXXXXXXXXXXXXXXXXXXXXXXXXXX0XXXXXXXX0XXXXXXXXXXXXXXXXXXXX0XXXXXXXXXXXXXXXXX0XXXXXXXXXX
XX01XXXXXXXXXXXXXXX00XX0XXXXXXX1XXXXXXXXXXXXXX0XXXXXXXXXXX00XXXXXXXXXXXXXXXXXXXXXXXXXXXXXXXXXXXXXXXXXXXXXXXXXXXXXX0XXXX0


Generation 53/75  F=U(0.420791747747, 1.0)  N_hist=12719
------------------------------------------------------------------------------------------------------------------------
X0X1XXXXXXXXXXXXX0XXXXXXXXXXXXXXXXXXXXXXXXXX0XXXXXXXXXXXX0XXXXXXXX0XXXXXXXXXXXXXXXXXXXXXXXXXXXX0XXXXXXXXXXXXXXXXXXXXXXXX
XXXXXXXXXXXXXXXXXXXXXX0X0XXX0XXXXX00+XXX0XXXXX0X00X0XXXXXXXXX0XXXXXXXXXXXXXXXXXXXXXXXXXX0XXXX0XXXXXXXXXXXXXXXXXXXXXXXXXX
X


Generation 54/75  F=U(0.466234072105, 1.0)  N_hist=12960
------------------------------------------------------------------------------------------------------------------------
XXX0X0XXXXXXXXXXXXXXXXXXXXXXXXXXXXXXXXXXXXX1XXXXXXXXX0XX1XXXXXXXXXXXXXXX0XXXXXXXXX0XXXXXXXXXXXXXX0XXXXXX0XXXXXXXXXXXXXXX
0XX0XXXXXXXXXXXXXXXXXX1XX0XXXXXXX0XXXXX0X0XXXXXXXXXX0XXXX0XXX0XXXXXXXXXXX1X0XXXXXXXXXXXXXXXXXXXXXXXXXXXXXXXXXXXXXXXXXXXX


Generation 55/75  F=U(0.5, 1.0)  N_hist=13200
------------------------------------------------------------------------------------------------------------------------
0XXXX0XXXXXXXXXXXXX0XX0XX0XXXXXXXX0XXXXXXXXXXXXXXXXXXXXXXXXXX1XXXXXXXXXXXXXXXXXXXXXXXXXXXX00XXXXXXXXXXXXXX0XXXXX10XXXXXX
XX1XXXXXXXXXXXXXXXXXXXXXXXX0+0XXXXX0XXXX0XXXXXXXXXXXXXXXXXX00XX0XXXXXXXXXXXXXXXXXXXXXXXXXXXXXXXXXXXXXXXXX0XXX0XXXXXXXXXX
X


Generation 56/75  F=U(0.5, 1.0)  N_hist=13440
------------------------------------------------------------------------------------------------------------------------
0000X0X0XXXXXXXX0XXXXXXXXXXXXXXXXXXXXXXXX0XXXXXXXXXXXXX0XXXXXXXX0XXXXXXXXXXXXXXXXX0XXXXXXXXXXXXXXXX0XXXXXXXXXXXXXXXXXXXX
XXXXXXXXX0XXXXXXXXXX0+XXXXXXXXXXXXXXXXXXX1XXXXXXXXXXXXXXXXXXXXXXXXXXXXXXXXXXXXXXXXXXXXXXXXXXXXXXXXXXXXXXXXXXXXXXXXXXXXXX
X


Generation 57/75  F=U(0.5, 1.0)  N_hist=13680
------------------------------------------------------------------------------------------------------------------------
XXXXX00000XXXXXXXXXXXXXXXXX0XXXXXXXXXXX0XXXXXX0

SSE=16.08 on eval 13751: L=2.77177e+08 b=14.8588 r=0.469393 rf=0.941643 t0=61.3804 th=16.3837

+XXXX0XXXXXXXXXXXXXXXXXXXXXXXXXXXXXXXXXXXXXXX0X0XXXXXXXXXXXXXXXXXXXXXXXXX
XXXXXXXXXXXXX0XXXXXXXXXXXXX0XXXXXXXXXXXXXXXXXXXXXXXXXXXXXXXXXXXXXXXXXX0XXXXXXXXXXXXXX0XXXXXXXXXXXXXXXXXXXXXXXXXXXXX00XXX
X


Generation 58/75  F=U(0.5, 1.0)  N_hist=13920
------------------------------------------------------------------------------------------------------------------------
1X0X0X0XXXXXXXXXXXXXXXXXXXXXXXXXXXXXXXXXXXXXXXXXXXXXXXXXXXXX0XXXXXXXXXXXXXXXXXXXXXXXXXXXXXXXXXXXXXXXXXXXX0XXXXXXXXXXXXXX
XXX0XXXXXXXXXXXXXXXXXXXXXXXXXXXXXXXXXXXXXXXXXXXXXX0X0XXXXXXXXXXX0XXXXXXXXXXXXXXXXXXXXXXXXXXXXX0XXXXXXXXXXXXXXXXXXXXXXXXX


Generation 59/75  F=U(0.5, 1.0)  N_hist=14160
------------------------------------------------------------------------------------------------------------------------
0X00XX0XX0XXXX0XXXX0XXXXX0XXXXXXXXXXXXXXXXXXXXXXXXXXXXX00XXXXXXXXXXXXXXXXXXXXXXXXXXXX0XXXXXXXXXXXXXXXXXXXXXXXXXXXXXX0XXX
X0XXXXXXXXXXXXXXXXXXXXXXXXXXXXXXXXXXXXXXXXXXXXXXXXXXXXXXXXXXXXXXXXXXX0XXXXXXX0000XXXXXXXXXXXXXXXXXXXXXXXXXXXXXXXXXXXXXXX


Generation 60/75  F=U(0.445, 1.0)  N_hist=14400
------------------------------------------------------------------------------------------------------------------------
0XXX1XXXX00XXXXXXXXXXXXXXXXXXX0XXXXXXXXXXXXXXXXXXXXXXXXXXXXXXXXX0X0XXXXXXXXXXXXXXXXXXXXXXXXXXXXXXXXXXXXXXXXX0XXXXXXXXXXX
XXXX0XXX00XXXXXXXXXXX00X0XXXXXXXXXXXXXXXXXXXXXXXX0XXX0XXXXXXXX0X0XXXXX0XXXXXXX0XXXXXXXXXXXXXXXXXXXXXXXXXXXXXXXXXXXXXXXXX


Generation 61/75  F=U(0.39605, 1.0)  N_hist=14640
------------------------------------------------------------------------------------------------------------------------
0X0XX00XXX0XXXXXXXXXXXXXXX0XXXXXXXXXXXXXXXXXXXXXXXX0XXXXXXXXXXXXXXXXXXXXXXXXXXXXXXXXXXXXXXXXXX0XXXXXX0XXXXXXXXXXXXXXXXXX
XXXXXXXXXXXXXXXXXXX0XXXXXXXXXXXXXXXXXXXXXXXXX0XX0XXXXXXX0XXXXXXXXXXXXXXXXXXXXX0XXXXXXXXX0XXXXXXXXXXXXXXXXXXXXXXXXXXXXXXX


Generation 62/75  F=U(0.3524845, 1.0)  N_hist=14880
------------------------------------------------------------------------------------------------------------------------
0XXXXXXXXXXXXXXXXXXXXXXXXXXXXXXXXXXXXXXXXXX0XX0XXXXXXXXXXXXXXXXXXXXXXXXXXXXXXXX00XXXX0X00XXXXXXXXXXX0XXXXXXXXXXXXXXXXXXX
XXXXXXXXXXXXXXXXXXXXXXXXXXXX0XXXXXXXXXXXXXXX00XXXX0XXXXXXXXXXXXX0XXXXXXXXXXXXXXXXXXXXXXX0XXXXXXXXXXXX0XXXXXX0XXXXXXXXX0X


Generation 63/75  F=U(0.313711205, 1.0)  N_hist=15119
------------------------------------------------------------------------------------------------------------------------
0XXX00XXXXXXXXX0XXXXX0XXX0XXXXXXXXXXX0XXX0XXXXXXXXXXXXXXXXXXXXXXXXXXX00XXXXXXXXXXXXXXXXXXX0XXXXXXXXXX00X0XXXXXXXXXXXXXXX
XXXXXX0XXXXX0XXXXXXXXXXXXXXXXXXXXXXX0XXXXXXXXXXXX0X0XXXXXXXXXXXXXXXXXXXXXXX0XXXXXXXXXXXXXXXXXXXXXXXXXXXXXXXXXXX0XXXXXXXX


Generation 64/75  F=U(0.27920297245, 1.0)  N_hist=15360
------------------------------------------------------------------------------------------------------------------------
XX000XX0XXXXXXXXXXXXXXXXXX0XXXXXXXXXXXXXXXXXXXXXXXXXXXXXXXXX0XXXXXXXXXXXXXXXXXXXXXXXX0XXX0X0XXXXXXXXXXXXXXX0XXXXXXXXXXXX
0XX0XXX0XXXXXXXXXXXXXXXXXXXXXXXXXXXXXXXXXXX0XX0XXXXXXXXXXXXX0XXXXXXXXXXXXXXXXXXXXXXXXXXXXXXXXXXXXXXXXXX0XXXXXXXXXXXXXXXX


Generation 65/75  F=U(0.248490645481, 1.0)  N_hist=15600
------------------------------------------------------------------------------------------------------------------------
XX00XXXXXXXXXXXXXXXXXX00XXXXXXXXXXXXXXXXXXXXXX0XXX0XX0XXXXXX0XXXXXXXXXXXXXXXXXXX0XXXXXXXXXXXXXXXXXXXXXXXXXX0XXXXXXXXXXXX
XXXXXXXXXXXXXXXXXXXXXXXXXXXXXXXXXXXXXXXX00+X000X0XXXXXX0XXXXXXXXXX0XX0XXXXXXXXXXXXXXXXXXXXXXXXX0XXXXXX0XXXXXXXXXXXXXXXXX
X


Generation 66/75  F=U(0.275325754706, 1.0)  N_hist=15840
------------------------------------------------------------------------------------------------------------------------
0XXX0XXX00XXXXXXXXXXX0XXXXXXXXXXXXXXXXXXXXXXXXXXXXXXXXXXXXXXXXXXXXXXXXXXXXXXXXXXXXXXXXXXXXXXXXXXX0XXXXXXX0XXXXXXXXXXXXXX
X00+X0XX0XXXXXXXXXXXXXXXXX0XXX0XXXXXXXXXXXXXXXXXXXX0XXXXXXXXXXXXXXXXXXXXX0XXX0XXXX0XXXXXXXXXXXXXXXXX0XXXXXXXXXXXXXXXXXXX
X


Generation 67/75  F=U(0.245039921688, 1.0)  N_hist=16080
------------------------------------------------------------------------------------------------------------------------
X00XXXXXXXXXXX0XXXXXXXXXX0XXXXXXXXXXXXXXXXXXXXXXXX0XXXXXXXXXXXXXXXXXXXXXXXXXXXXXXXXXXXX0XXXXXXX0XX0XX0XXX0XXXXXXXXXXXXXX
XX00XXXXXXXXXXXXXXXXXXXXXXXXXXXXXXX0XX0X0XXXXXXXXXXXXXXXXXXXXXXXXXXXXXXXXXXXXXXXXXXXXXXXXXXXXXXXXXXXXXXXXXXXXXXXXXXXXXXX


Generation 68/75  F=U(0.218085530302, 1.0)  N_hist=16320
------------------------------------------------------------------------------------------------------------------------
00X00XXX0XXX0XXXXXXXXXXXXXXXXXXXXXXXXXXXXXXXXXXXXXXXXXX00XXXXXXXXXXXXXXXXX0XX0XXXXXXXXX0XXXXXXXXXX0XXXXXXXXXX0XXXXXXXXXX
XX00XXXXXX00XXXXXXXXXXXXX00XXXXXXX0XXXXXXXXXXXXXXXXXXXXXXXXXXXX0XXXXXXXXXXXXX0XXXX0XXXXXXXXXXXXXXXXXXXXXX0XXXXXXXXXXXXXX


Generation 69/75  F=U(0.194096121969, 1.0)  N_hist=16560
------------------------------------------------------------------------------------------------------------------------
0000XXXXXXXXXXX0XX0XXX0000XXXXXXXXXX0XXXXXXXXXXXXXXXXXXX0XXXXXXXXXXXXXXXXXXXXXXXXXXXXXXXXXXXXX0XXXXXXXXXXXXXXXXXXXX0XXXX
XXXXXXXXXXXXXXXXXX0XXXXXXXXXXXXXXXX00XXXXXX0XXXXXXXXXXX00XXXXXXXX0XXXXXXXXXXXXXXXXXXXXXXXXXXXXXXXXXXXXXXXXXXXXXXXXXX0XX0


Generation 70/75  F=U(0.172745548552, 1.0)  N_hist=16799
------------------------------------------------------------------------------------------------------------------------
0XX0XX0XX0XXXXXXXXXX00XXXX0XXXXXXXXXXXXXXXX0XXXXXXXXX0XXXXXXXXXXXXX0XXXXXXXXXX00X0XXXXXXXXXXXXXXXXX0XXXXXX0X0XXX000XX0XX
XXXXXXXXXXXXXXXXXXXXXXXXXXXXXXXXXXXXXXXXXX0XXXXXXXXXXXXXXXXXXXXXXXXXXXXXXXXXXXXXXXXXXXXXXX0XXXXXXXXXXXXXXXXXXXXXXXXXXXXX


Generation 71/75  F=U(0.153743538212, 1.0)  N_hist=17040
------------------------------------------------------------------------------------------------------------------------
XXX0XXXXXXXXXXXXXXXXXXXXXXXXXXXXXXXXXXXXXXXXXXXXXXXXXXXXXXXXXXXXXXXXXXXXXXXXXXXXXXXX0XXX0XX0XXXXXXXX0XXX0XXXXXXXXXXXXXXX
XXXXXXXXXXXXXXX0X0XXXXXXXX00XXXXXXXXXXXXXXXXX0XXXXXX0XXXXXXXXXXXXX0X00XX0XXXX0XXXXXXXXXXXX0XXXXXXXXXXXXXXXXXXXXXXXXXXXXX


Generation 72/75  F=U(0.170346676863, 1.0)  N_hist=17280
------------------------------------------------------------------------------------------------------------------------
X0XX0XXXX0XXXXXXXXXXXX0XXX0XXXXXXXXXXXXXXXXXXXXXXXXXXXXXXXXXXXXXXXXXXXXXXXXXXXXXXXXXXXXXXXXXXXXXXXXXXXXXXXXX0XXXXXXXX0XX
XXX0XXXXXXXXXXXXXXXXXXXXXXXXXXXXX0XXXXXXXXXX0XXXXXXX0XXXXXXXXXXXXXXXXXXXXXXXXXXXXXXXXXXXXXXXXXX0XXXXXXXXXXXXXXXXXXXXXXXX


Generation 73/75  F=U(0.151608542408, 1.0)  N_hist=17520
------------------------------------------------------------------------------------------------------------------------
0XXX00XXX0XXXXX0XXXXXXXXXXXXXXXXXXXXXXXXXXXXXXXXX00XXXXXXXXXX0XXXX0XX0XXXXX0X0XXXXXXX0XXXXXXXXXXXXXXXXXXXXXXXXXXXX0XXXXX
X0XXXXX0XXXXXXX0000XXXXXXXXXX0XXXXXXXXXXXXXXXXXXXXXXXXXXXXXXXXXXXXXXXXXXXXXXXXXXXXXXXXX0XXXXXXXXXXXXXXXX0X0XXXXXXXX0X0XX


Generation 74/75  F=U(0.16798111767, 1.0)  N_hist=17760
------------------------------------------------------------------------------------------------------------------------
00XX0XXX0XX0XXXXX0XXXXXXX0XXX0XX0XXXXXXXXXXXXXXXXXXXXXXXXXXXXX0XXX0XXXXXXXXX0X0XXXXXXXXXX0X0XXXXX0XXXXXXXXXXXXXXXXXX0XXX
XXX0XXXXXXXXXXXXXXXXXXXXXXXXXXXXXXXXX0XXXX0XXXXXXXXXX0XXXX0XXXXXXXXXXXXXXXXXXXXXXXXXXXXXXXXXXXXXXXXXXXXXX0XXXXXXXXXXXX0X


Generation 75/75  F=U(0.186121807159, 1.0)  N_hist=18000
------------------------------------------------------------------------------------------------------------------------
00XXX00XXXXXXXXXXXXXXXXXXXXXXXXXXXXXXXXXXXXXXXXXXXXXXXXXXXXXXXXXXXXXXXXXXXXXXXXXXXXXXXXXXXX00X0XX0XXX0X0XXXXXXXXXXXXXXXX
X0XX00XXXXXXXXXXXXXX0XXX0XXXXXXXXXXXXXXXXXXXXXXXXXXXXXXXXXXXXXX0XXXXXXXX0X00XX0XXXXXXXXXXXXXXXXXXXXXXXX00XXXXXXXXXXXXXXX


Maximum number of iterations reached.

SSE=16.074 on eval 18240: L=1.32708e+08 b=8.00362 r=0.499008 rf=0.952355 t0=60.5909 th=17.2011


Shutting down DE...
DE shutdown complete.

Final population:
Population: 240 individuals with SSE 16.074 to 16.334, avg eval time 0.0383 sec. Top 7:

        SSE |     16.074       16.077       16.079       16.079        16.08        16.08       16.081  
------------------------------------------------------------------------------------------------------------------------
          L | 1.3271e+08   3.0084e+08   1.5302e+08   2.5133e+08   2.7718e+08   2.2948e+08   2.5108e+08  
          b |     8.0036       8.1546       14.016       12.714       14.859       1.8797*      10.447  
          r |    0.49901      0.50874      0.47044      0.49539      0.46939      0.49537      0.48452  
         rf |    0.95236      0.95497      0.93912      0.95112      0.94164      0.95534      0.95152  
         t0 |     60.591       60.332        61.35       60.762        61.38        60.63       60.966  
         th |     17.201        17.34       16.202       16.969       16.384        17.44       17.097  
------------------------------------------------------------------------------------------------------------------------
Best individual:
<SSE=16.0738 L=1.32708e+08 b=8.00362 r=0.499008 rf=0.952355 t0=60.5909 th=17.2011>


Elapsed time: 254.83 seconds

Saved final population of best parameter combinations to covid19.dat
Shutting down...
Task Queue is shut down
Goodbye
