Decompressing and parsing covid19.csv.bz2...
Cumulative and new cases reported thus far for US
------------------------------------------------------------------------------------------------------------------------
000	01/22	1	0
001	01/23	1	0
002	01/24	2	1
003	01/25	2	0
004	01/26	5	3
005	01/27	5	0
006	01/28	5	0
007	01/29	5	0
008	01/30	5	0
009	01/31	7	2
010	02/01	8	1
011	02/02	8	0
012	02/03	11	3
013	02/04	11	0
014	02/05	11	0
015	02/06	11	0
016	02/07	11	0
017	02/08	11	0
018	02/09	11	0
019	02/10	11	0
020	02/11	12	1
021	02/12	12	0
022	02/13	13	1
023	02/14	13	0
024	02/15	13	0
025	02/16	13	0
026	02/17	13	0
027	02/18	13	0
028	02/19	13	0
029	02/20	13	0
030	02/21	15	2
031	02/22	15	0
032	02/23	15	0
033	02/24	51	36
034	02/25	51	0
035	02/26	57	6
036	02/27	58	1
037	02/28	60	2
038	02/29	68	8
039	03/01	74	6
040	03/02	98	24
041	03/03	118	20
042	03/04	149	31
043	03/05	217	68
044	03/06	262	45
045	03/07	402	140
046	03/08	518	116
047	03/09	583	65
048	03/10	959	376
049	03/11	1281	322
050	03/12	1663	382
051	03/13	2179	516
052	03/14	2727	548
053	03/15	3499	772
054	03/16	4632	1133
055	03/17	6421	1789
056	03/18	7783	1362
057	03/19	13677	5894
058	03/20	19100	5423
059	03/21	25489	6389
060	03/22	33276	7787
061	03/23	43847	10571
062	03/24	53740	9893
063	03/25	65778	12038
064	03/26	83836	18058
065	03/27	101657	17821
066	03/28	121478	19821
067	03/29	140886	19408
068	03/30	161807	20921
069	03/31	188172	26365
070	04/01	213372	25200
071	04/02	243453	30081

Initializing 210 population members having 7 parameters
------------------------------------------------------------------------------------------------------------------------

SSE=416.08 on eval 1: L=2.02116e+06 a=3909.39 b=291.279 n=0.673314 r=0.080028 tc=709936 ts=56.907

*

SSE=30.858 on eval 2: L=611873 a=2221.83 b=61.7185 n=0.176593 r=0.148032 tc=571730 ts=57.0645

!3999596599999292

SSE=28.321 on eval 19: L=4.21147e+06 a=2824.36 b=292.941 n=0.315444 r=0.0874474 tc=361919 ts=55.8788

!

SSE=26.846 on eval 20: L=742347 a=3315.6 b=343.537 n=0.646437 r=0.0663172 tc=57238.1 ts=56.2643

!1822

SSE=12.714 on eval 25: L=1.2442e+06 a=2248.12 b=119.793 n=0.727602 r=0.0568566 tc=288679 ts=56.2904

!9999522399174799949494999994999999129299299994429929

SSE=12.04 on eval 78: L=685492 a=3755.43 b=202.079 n=0.24569 r=0.122253 tc=863646 ts=56.051

!925983934669792996999999932239999999949999
9399999992494463999492624999999929

SSE=11.724 on eval 155: L=4.82786e+06** a=1610.68* b=295.013 n=0.795399** r=0.0696005 tc=485472 ts=55.6568

!9921999999929899993999919559999929999248939949993929999

Population: 210 individuals with SSE 11.724 to 1e+09, avg eval time 0.878 sec. Top 7:

        SSE |     11.724        12.04       12.714       12.827       14.087        15.83       16.571  
------------------------------------------------------------------------------------------------------------------------
          L | 4.8279e+06** 6.8549e+05   1.2442e+06   1.5506e+06   3.1534e+06   4.5949e+06   1.2033e+06  
          a |     1610.7*      3755.4       2248.1       2939.3       2452.4       2851.7       2085.7  
          b |     295.01       202.08       119.79       107.59       105.68       147.81       50.364  
          n |     0.7954**    0.24569       0.7276      0.45425       0.4537      0.25497      0.24703  
          r |   0.069601      0.12225     0.056857     0.096012     0.094505      0.13317      0.13525  
         tc | 4.8547e+05   8.6365e+05   2.8868e+05   8.0486e+05    8.899e+05   1.9415e+05   4.7516e+05  
         ts |     55.657       56.051        56.29       55.509       55.633       56.303       55.388  
------------------------------------------------------------------------------------------------------------------------
Best individual:
<SSE=11.7245 L=4.82786e+06** a=1610.68* b=295.013 n=0.795399** r=0.0696005 tc=485472 ts=55.6568>


Population: 210 individuals with SSE 11.724 to 1e+09, avg eval time 0.878 sec. Top 7:

        SSE |     11.724        12.04       12.714       12.827       14.087        15.83       16.571  
------------------------------------------------------------------------------------------------------------------------
          L | 4.8279e+06** 6.8549e+05   1.2442e+06   1.5506e+06   3.1534e+06   4.5949e+06   1.2033e+06  
          a |     1610.7*      3755.4       2248.1       2939.3       2452.4       2851.7       2085.7  
          b |     295.01       202.08       119.79       107.59       105.68       147.81       50.364  
          n |     0.7954**    0.24569       0.7276      0.45425       0.4537      0.25497      0.24703  
          r |   0.069601      0.12225     0.056857     0.096012     0.094505      0.13317      0.13525  
         tc | 4.8547e+05   8.6365e+05   2.8868e+05   8.0486e+05    8.899e+05   1.9415e+05   4.7516e+05  
         ts |     55.657       56.051        56.29       55.509       55.633       56.303       55.388  
------------------------------------------------------------------------------------------------------------------------
Best individual:
<SSE=11.7245 L=4.82786e+06** a=1610.68* b=295.013 n=0.795399** r=0.0696005 tc=485472 ts=55.6568>

Performing DE with CR=0.8, F=U(0.5, 1.0), DE/rand-1.00/1/bin
------------------------------------------------------------------------------------------------------------------------
Press the 'Enter' key to abort.



Generation 1/100  F=U(0.5, 1.0)  N_hist=210
------------------------------------------------------------------------------------------------------------------------
6XX279XXXX91XXXX1X2X11XXX0XX9

SSE=8.6441 on eval 239: L=3.54167e+06 a=3444.17 b=96.9596 n=0.364132 r=0.0946053 tc=537672 ts=56.0373

+1X1XX2X7XX8XXX31XXX929XX5X7XXX519429X1X15XX9XX9X22XXXXXX9X2XXXX2X321X497X112X2X9X3X9XX9971
614X31926X91X9XXX99X2X3X0XX1XX25XXX1XXXX2XX1X9XXX2X93XXX927XXXXXXXX62XX9XX13292XX22695XXX9X


Generation 2/100  F=U(0.5, 1.0)  N_hist=420
------------------------------------------------------------------------------------------------------------------------
1X4XXX9X9X3XX5XXXXX1XX192XXX3XXXXXXXXXX1XXXX63X3XXXXXXX99X9XX6XX11X2XXX1XXX92XXX9XX2613XXX99XXXX92X0XXXX992XX939XXXXXX4X
13497364XXX61X992139XXX23X2X5XXXX2XXXX30XXXXXX2XXX3X975XX32XX9X3XX1294XXXXXXX3XXXXX5XXXX9X


Generation 3/100  F=U(0.5, 1.0)  N_hist=630
------------------------------------------------------------------------------------------------------------------------
3X197X2XXX92X511XXXXXXXXXX92XXX26X1XX1XXX2XXX6XXXX712X62XXXX9X828X1XXX81XX1XX1XX122XXXXX112XX3XXX3XX41X3XXXXXXX943XXXXXX
XXX1XX3XX59XX0XXX4X25XX1XXXX9XX6X48X59X3XXXX2XX1X8XX9XXX512XX9X3XXX22XXXXXXXXX4XX16XXX2X32


Generation 4/100  F=U(0.5, 1.0)  N_hist=840
------------------------------------------------------------------------------------------------------------------------
X1XXX42XXX32X1XXXX2XX9XXXXXX1XX22XXXXXXXXXX5X7XX19XXXXXXXXXX1XX82XX0XX1XXXX7XX0123XXX1XXX2XXXXX5XXXXXXX3XX20XX14X11X16XX
XXXXX32XX2XXXXX3X4X1XX29XXXXXX12X1X13XX2XXX1XXX1X11XXXXX2XX1X2XXXXXXX1XX9XX7XXX49XX9XX5XX2


Generation 5/100  F=U(0.5, 1.0)  N_hist=1050
------------------------------------------------------------------------------------------------------------------------
X2X1XX3X8XXXXXX63XX1XXX3XXXX1XXXXX1XXXXXX1X31X41X1XX1X2XX3X9XXXXXXXX0XXXXXXXXXX1XX1XXXX1X3X22X2XXX2XXX1122XX33XXXXXXXXXX
XXXXX1XXX4XXX12X2XXX6XX140X1X1XX3XXX12XXXXXXX7XXXXXX2X2XXXX1X4X081X1XXXXXXXXXX3X12XXX1X2XX


Generation 6/100  F=U(0.5, 1.0)  N_hist=1260
------------------------------------------------------------------------------------------------------------------------
XXXXXXX9X11X3X1X1XXXXX1XXXXXXXXXXXX1XXXXXXXXXXXXXX815X1XX4XX1XX1XXX1X4XXX1XXXXXXX2X2XXXXXXX2XX11X2XXXXXX51X1XXXXXXX1XX1X
2X1XXX2XXXXXX2XXXXXXXXX1XXX1XXXXXXX10132XXXXXXX2XX2XXXXXXXXXX2XXXXXXXXX11X1XXX32X1XXXX02XX


Generation 7/100  F=U(0.5, 1.0)  N_hist=1470
------------------------------------------------------------------------------------------------------------------------
XXXXXXXXXX2XXX11X2XX4XXX2XXXX01122X1X1XXXX1XXXXXX2XXXXXX1XXXX12X2XXXXXXXXXXXXXX1XXXXXXXXXXXXXXXX1X1XXXXXXXXXX10X112XXXXX
XX121XXXXX11XXXXXXXX111XXXX1XXXXXXXXXXXXXX1XX2XXXXXXXXXXXX1XXXX3XX3XX2XX1XXXXXXXXXXXXXXXXX


Generation 8/100  F=U(0.5, 1.0)  N_hist=1680
------------------------------------------------------------------------------------------------------------------------
21XX2X2XXXX0XXX1XXXXX2XXXXXXXXXXX1XXX21XXXXXXXXXXXXXXX211XXXXXXXXXX211XXXX2XX1XXXXXXXXXXXX1XXXX1X122XXXXXXX1XX1XXXXXX3X2
XXXXXXXXXXXXXXXXX3101XX112XXXXXXXXXXXXXXXXX122XXXXXXXXX1XXXXXXX2X2XX1XXXXXX1XXXXXXXX0XXXXX


Generation 9/100  F=U(0.5, 1.0)  N_hist=1890
------------------------------------------------------------------------------------------------------------------------
211212XX3XXXX13X1X9XX4XXXXXX2XXXXXXXXXXX1XXX2X3X1XXX1XXXXXXXXXXXXXXXXXXX1XX1XXXXX2XXXXXXXX1X1XXXXXX13XXX1XXXX1XXXXXXXXXX
XX12XXXXXXXXXXXXXXXXXX112X12XXXXXXXXXXXX0XXXXXXXXXXXXX11XX1XXX1XXXXXXX2XXXXXXXXXX1XXXXXXXX


Generation 10/100  F=U(0.5, 1.0)  N_hist=2100
------------------------------------------------------------------------------------------------------------------------
1X111111X11XXXXXX11XX1XXXXXXXXXXXXXXXXXXXXXXXXXXXXXXXXXX1XXXXXX1XXXXXXXX12XXXXXXXXXXXXXXXXXX11XX2XXXXXXXXX1X0XXXXXXXXXXX
XXX01X1022XX2XXX1XXXXXXXXXXXXXXXXX0XXXXXX221XXX12XXXXXXX1XX1XXXXXXXXXXXXXXXXXXXXXXXXXXXXXX


Generation 11/100  F=U(0.5, 1.0)  N_hist=2310
------------------------------------------------------------------------------------------------------------------------
1X2101XX0XXX2X11XXX1X2XXXXX2X1XXXXXXXXXXXXXXXXXXXXXX2XX1XXXXXXXX1XX10X221XXXXXXXXXXXXXXXX0XXXX1XXX1XXXXXXXXX1XX1XXXXXXXX
XXXXXXXXXXXXXXXXXXX1XXXXX0X1XXX121X1XXXXXXX1X1XXXXXXXXXXXXXXXXXXXXXXXXXXXXXXXX2XXX1XXX1XXX


Generation 12/100  F=U(0.5, 1.0)  N_hist=2520
------------------------------------------------------------------------------------------------------------------------
111111X222X21XXXX1XXX11XXXXXXXXXX1X1XXXXXXXXXX1XXXXXXXXX12XXXXXXXX1XXXXXXX1XXXXX1X112X1XXX2XXXXXXXXXXX1XXXXXXXX1XXXXXXXX
XXX2X1XXXXXXXXXXX1XXXXXXXXX1X1XXXXX1XXXXXXXXXXXXXXXXXXXXXXX1111X1XXXXXXXXXXXXXXXXXXXXXXXXX


Generation 13/100  F=U(0.5, 1.0)  N_hist=2730
------------------------------------------------------------------------------------------------------------------------
2X112XX1XXX1XXXXXXXXXXXXXX1XXXXXXXXXXXXXX1X1XXXXX1X2XX2XXXXXXXXXXXXXXXXXXXX11XXX1XXXX3XXXXXXXXXX1XXXXXXXXXX111XXXXXXXXX1
XXXXXX1XXX0XXXXXXXXXXXXXXXXXXXXXXXXXXXXX11XXXXXXXXXXXXXXXXXXX11XXXXXXXXXX2XXXXXXXXXXXXXXXX


Generation 14/100  F=U(0.5, 1.0)  N_hist=2940
------------------------------------------------------------------------------------------------------------------------
21X211X1X1XXXXXXXXXX1XXXXX11XXXXXXXXXXXXXXXXXXXXXXXXX10121XXXXXXXXXXXXX1XXXXXXX1XX1XXXXXXXXXXXXXXXXX2X22XXXXXXXXXXX21X1X
XXXXXXXXXXX1XX1XX2XXXXXXXXXXXXX21XXXXXXXXXXX1X2XXX1XXXXXXXXXXXXXXXXXXXXXXXXXXXXXXXXXXXXXXX


Generation 15/100  F=U(0.5, 1.0)  N_hist=3150
------------------------------------------------------------------------------------------------------------------------
11XXXXXXXXXXXXX1XXXXXXXXX1XXXXXXXXXXXXXXXXXXXXX1XXXXXXXXXXXXXXXXX1XXXXXXXXXXXXXXXXXXXXXX1XXXXXXXXXXXXXXXXX1XXXXXXXXXXXXX
XXXXXXXXX1XXXXXXXXX1X1XX11X1XXXXXXXXXXXXXXXXX1XXXX2XXXXXXXXXXXXXXXXXXXXXXXXXX1XXX2XXXXXXXX


Generation 16/100  F=U(0.5, 1.0)  N_hist=3360
------------------------------------------------------------------------------------------------------------------------
11X2X0X1XXXXXXXXXXXXXXXXXXXXXXXXXXXXXXXXXXXXXX0XXXXXXXXXXXXXXXX11X12XXXXXXXXXXXX1XXXXXXXXXXXXXXXXXXXX11XXXXXXXXX11XX1XXX
1XXXXX1XXXXXXXXXX1XXXXXXXXXXXXXXXXXXXXXXXX1XXXXXX2XXXX1XXXXXXX211XXXX1

SSE=8.4569 on eval 3562: L=913792 a=3377.62 b=283.557 n=0.0602556 r=0.152937 tc=656424 ts=56.2069

+XXXXXXXXXXX1X1XXXXXX


Generation 17/100  F=U(0.5, 1.0)  N_hist=3570
------------------------------------------------------------------------------------------------------------------------
11X111111XX1XXXXXXXXXX1XX111XXXXXXXXXXXXXX1XXXXXXXXXXXXX1XXXXXXXXXXXXXXX1XXXXXXX1XXXXXXXXXXX1XXXXXXXXXXXXXXXXXXXXX0XXXXX
X1XXXXXXXXXXXXXXXXXXXXXXXXXXXXXXXXXXXXXXXXXXXXXXXXXXX1XXXXX1X1XXXXXXXXXXXXXXXXXXXXXXXXXXXX


Generation 18/100  F=U(0.5, 1.0)  N_hist=3780
------------------------------------------------------------------------------------------------------------------------
1X11XXXXXXXXXXXXXXXXXXXXXXXXXXXXXXXX1XXXXXXXXX0XXXXXXXXXXXXX1XXXXXX1XXXXXXXXXXXX11XXXXXXXXXXXXXXXXXXXXXXXXXXXXXXXXXX1X1X
XXXXXXXX1XXXXXXXXX1XXXXX1XXXXXXXXXXXXXXXXXXXXXX1XXXXXXXXXXX1XXXXXXXXX1XXXX1XXX10XXXXXXXXXX


Generation 19/100  F=U(0.5, 1.0)  N_hist=3990
------------------------------------------------------------------------------------------------------------------------
XX1XXXXXXXXXXXXXXXXXX2X11XXXXXXX1XXXXXXXXXXXXXXXXXXXXXX1XXXXXXXXXXXXXXXXX1XXXXX010XX1XXXXXXXXXXXXXXXXX111XXXXXXXXXXXXXXX
XX1XXXXXXXXXXXXXXXXXXXX1XXXXXXXXXXXXXXXX1XX0X1XXXXXXXXX1XXXXXXXX1XXXXXXXXXXXXXXXXXXXXXXXXX


Generation 20/100  F=U(0.5, 1.0)  N_hist=4200
------------------------------------------------------------------------------------------------------------------------
1021XXXXXXXX1X0XXXXXXXXXXXXXXXXXXXXXXXXXXXXXXX1XXXXXXXXXXXXXXXXXXXXXXXXX20XXXXX1XXXXXXXXXXXXXXXX11XXXXXXXX11XXXXXXXXX1XX
XXXXXXXXX1XXXXXXXXXXXXXXXXX1XXXXXXXXX1XXXXXXXXXXXXXXXXXXXXXXXXXXXXXXXXXXXXXXXXXXXXXXXXXXXX


Generation 21/100  F=U(0.5, 1.0)  N_hist=4410
------------------------------------------------------------------------------------------------------------------------
X01XXXXX1XXXXXXXXX1XXXXXXXX2XXXXXXXXXXXXXXXXXXXXX111XXXXXXXXXXXXXXXXXXXXXXXXXXXXXXXXXXXXX1XXXX1XXXXXXXXXXXXXXXXXXXXXXXXX
XX1XXXXXXXXX1XXXXXXXXXXXX2XXXXXXXXXXXXX0X1XX1XXXXXX1XXX1XXXXXXXXXXXXXXXXXXXXXXXXXXXXXXXXXX


Generation 22/100  F=U(0.5, 1.0)  N_hist=4620
------------------------------------------------------------------------------------------------------------------------
10X10X2XXXXXXXX1XXXXXXXXXXXXXXXXXXXXXXXXXXXXXXXXX1XXXXXXXXXXXXXXX0XXXXX0XXXXXXXXXXXXXXXXXXXXXXXX1XXXXXXXXXXXXXXXXXXXXXXX
XXXXXXXXXXXXXXXXXXXXXXXX1XXX1XX11XXXXX1XXXXXXXXXXXXXXXXXXXXXXXXXXXXXXXXXXX11XXXXXXXXXXXXXX


Generation 23/100  F=U(0.5, 1.0)  N_hist=4830
------------------------------------------------------------------------------------------------------------------------
1X111XXX1XXXXXXXXX1XXXXXX0XXXXXXX1XXXXXXXXXXXXXXXXXXXXXXXXXXXXX2XXXXXXXXXXXXX0XXX1XXXXXXXXXXXXXXXXXXXXXXXXXXXXXX1XXXXXXX
X1XXXXXXXXXXXXXXXX1XXXXX1XXX11X1XXXXXXXXXXXXXXXXXXXXXXXXXXXXXXXXXXXXXXXXXXXXXXXXXXXXXXXXXX


Generation 24/100  F=U(0.5, 1.0)  N_hist=5040
------------------------------------------------------------------------------------------------------------------------
1XXXX11XXXXX1XXXXXXXXXXXXXXXXX1XXXXXXXXXXXXXXXXXX1XXXXXXXXXXXXXXXXXXXXXXXXXXXX1XXXXXXXXXXXXXXX1X1XXXXXXXXXXXXXX2XXXXXXX1
XXXXXXXXXXXXXXX0XXXXXX0X1XXXXXXXXX1XXXXXXXXXXXXXXXXXXX1XXXXXXXXXXXXXXXXXXXXXXXXXXXXXXXXXXX


Generation 25/100  F=U(0.5, 1.0)  N_hist=5250
------------------------------------------------------------------------------------------------------------------------
11X011X1XXXXXXXXXXXXXXXXXXXXXXXXXXXXXXXXXXXXXXXXXXXX01XXXXXX1XXXXX0X1XXXXXXXXXXXXXXXX1X1XXXXXXXXXXXXXXXXXXXXXXXXXXXXXXXX
XXXXXXXXXXXXXXXXXXXXXXXXXXX1X1XXXXX1XXXXX1XXXXX1XXX0XXXXXXXXXXXXXXXXXXXXXXXXXXXXXXXXXXXXXX


Generation 26/100  F=U(0.5, 1.0)  N_hist=5460
------------------------------------------------------------------------------------------------------------------------
1111XX121X1XXXXXXXX1XXXXXXXX1XXXX1XXXXXXXXXXXXXXXXXXXXXXXXXXXXXXXXXXXX11XXX10XXXXXXXXXXXXXXXXXXXXX1XXXX1XXXXXXXXXXXXXXXX
XXXXXXXXX1X1XX11X1X1XXXXXXXXXXXXXXXX1XXXXXXXXXXXXXXX01X1XXXXXXXXXXXXXXXXXXXXXXXX1XXXXXXXXX


Generation 27/100  F=U(0.5, 1.0)  N_hist=5670
------------------------------------------------------------------------------------------------------------------------
1XXXXXXXXXXXXXXXXXXXXX10XXXXXXXXXXXXXXXXXXXXXXXXXXXXXXXXXXXX1XXX1

SSE=7.6703 on eval 5752: L=2.26211e+06 a=3090.8 b=17.1017* n=0.284184 r=0.109652 tc=619680 ts=56.0354

+XXXXXXXXXXXX1XXXXXXXX0XXXXXXXXXXXXXXXXXXXXXXXXXXXXXXXX
XXXXXXXXXXXX11XXXXXXXXXXXX0X1XXXXXXXXXXXXXXXXX0XXXXXXXXXX1X1XXXXXXXXXX1XXXXXXXXXXXXXXXXXXXX


Generation 28/100  F=U(0.5, 1.0)  N_hist=5880
------------------------------------------------------------------------------------------------------------------------
1X1XXXXX111XXXXX1XXXXXXXXXXXXXXXXXXXXXXXXXXXXXXXXXXXXXXXXXXXXXXXXXXXX1XXXXXX1XXXXXXXXXXX111XXXXXX1XXXXX1XXXXXXXXXXXXXXXX
X1XXXXXXXXXXXXX1XXXXXXXXXXXXXXXXXXXXXXXXXX11111XXXXXXXXXXXXXXXXXXXX1XXXXXXXXXXXXXXXXXXXXXX


Generation 29/100  F=U(0.5, 1.0)  N_hist=6090
------------------------------------------------------------------------------------------------------------------------
01X0XXXXXXXXXXXXXXXXXXXXXXXXXXXXXXXXXXXXXXXXXX1XXXXXXXXXXXXXXXXXXXXXXXXXXXXXXXXXXXXXXXXXXXXXXXXXXXXXXXXXXXXXXX1XXX1XXXXX
XXXXXXXX1XXXXXX1XXXXXXXXXXXXXXXXXXXX1XXXXXXXXXXX1XXX1XXXXXXXXXXXXXXXXXXXXXXXXXXXXXXX1XXXXX


Generation 30/100  F=U(0.5, 1.0)  N_hist=6300
------------------------------------------------------------------------------------------------------------------------
1XXXXXXXXX1XXXXXXXXXXXXXXXXXXXXXXXXX0X1XXX1XX11XX1X0XXXXXXXXXXXXXXX1XXXXXXXXXXX1XXXXXX1XXXXXX1XXXXXXXXXXXXXXXXX1XXXXXXXX
XXXXXXXXXXX1001XXXXXXXXXXXXXXXXXXXXXXXXXXXXXXXXXXXXXXXXXXXX11XXXXXXXXXXXXX1XXXXXXXXXXXXXXX


Generation 31/100  F=U(0.5, 1.0)  N_hist=6510
------------------------------------------------------------------------------------------------------------------------
11XXXX11XXXXXX10XXXXXXXX0XX1XXXX1XXXXXXXXXXXXXXXXXXXX1XXXXXXXXX1XXXXXXXXXXXXXXXXXXXXXXXXXXXXXXXXXXXXXXXXXXX1XXXXXXXXXXX1
1XXXXXXXXXXXXXXXXXXXXXXXXXXXXXX1XXXXXXXXXXXXXXX1XXX1XXXXXXXXXXXXXXX1X0XXXXXXXXXXXXXXXXXXXX


Generation 32/100  F=U(0.5, 1.0)  N_hist=6720
------------------------------------------------------------------------------------------------------------------------
1XXXXX1XXX1XXXXXXXXXXXXXXXXXXXXXXXXXXXXXXXXXXXXXXXXXXXXXXX1XXXXXXXXXXX01XXXXX11XXXXXXXXXXXXXXXXXXXXXXXXXXXX1XXXXXXXXXXXX
XXXX1XXXXX11XX1XXXX1XXXXXXXXXXXXXXX1XXXXXX1XXXXXXXXXXXX1XXXXXXXXXXXXXXXXXXXXXXXXXXXXXXXXXX


Generation 33/100  F=U(0.5, 1.0)  N_hist=6930
------------------------------------------------------------------------------------------------------------------------
110XX1X0XXXXXXXXXXXXXXXXXXXXXXXXXXXXXX110X1X1XXXXX0XXXX1XX1XXXXXXXXXXXXX1XXXX1XX1XXXXXXXXXXXXXXXXXXXXXXXXXXXXXXXX111XXXX
X1XXXXXXXXXXXXXXXXX1XXXXX1XXXXXX1X1XXX1XXXXXXXXXXXXXXXXXXXXX1XXXXXXXXXXXXXXXXX0XXXXXXXXXXX


Generation 34/100  F=U(0.5, 1.0)  N_hist=7140
------------------------------------------------------------------------------------------------------------------------
11XXXXX10XXXX1XXXXXXXXXXX0XXXXXXXXXXXXXXXX1XXXXXXXXXXXXXXXXXXXXXXXXXXXXXXXXXXXX10XX1X1XXXXXXXXXX01XXXXXXXXXXXXXXXXXXXXXX
XXXXXXXXXXXXXXXXXXXXXXXXXXXXXXXXXXXXXX10XX1XXXXXXXXXXXXX0XX01XXXXXXXXXXXXXXXXXXXXXXXXXXXX0


Generation 35/100  F=U(0.5, 1.0)  N_hist=7349
------------------------------------------------------------------------------------------------------------------------
11X1XXXXXXXX111XXXXXXXXXXXXXXXXXXXXXXXXXXXXXXXXXXXXXXXX11XXXXXXXXXXXXXXX1XXXXXXXXXXXX0X1X1XXXXXXXXXXXXXXXXXXXXXXXXXXXXXX
XXXXX11X1XXXXXXXXXXXXXXXXXXXXXX1XXXXXXXXXXXXXX1XXXXXXXXXXXXXXXXXXXXXXXXXXXXXXXXXXXXXXXXXXX


Generation 36/100  F=U(0.5, 1.0)  N_hist=7560
------------------------------------------------------------------------------------------------------------------------
1011X111XXXXXX0111XXXXXXXXXXXXXXXX1XXXXXXXX1XXXXXXXXXXXXXX100XXXXXXXXXX1XXXXX1XXXXXXXXXXX1X00XXXXXXXXXXXXXXXXXXXXXXXXXXX
XXXXXXXX1XXXXXXXXXXXXXX1XX0XXXXX1XXXXXXX1XXXXXXXXXXXXXXXXXX1XXXXXXXXXXXXXXXX1XX1XXXXXXXX0X


Generation 37/100  F=U(0.5, 1.0)  N_hist=7769
------------------------------------------------------------------------------------------------------------------------
11X1XXXXXXXXXXXXXX0XXX1XXXXXXXXXXXXXXXXXXXXX11XXXXXXXXXXXX1XXXX1XXXXXXXXXXXXXXX1XXXXXXXXXX0XXXXXXX1X0XXXXXXXXXXXXXXX1XXX
XXXXXXXX1XXXXXXXX0XXXX1X1XX1XXXXXXXXXX1XXXXXXXXXXXXXXX1XXXXXXXXXXXXXXXXXXXXXXXXXXXXXXXXXX1


Generation 38/100  F=U(0.5, 1.0)  N_hist=7979
------------------------------------------------------------------------------------------------------------------------
XXXXXXXXXXXXXXXX1XXXXXXXXXXXXXXXXXXXXXXXXXXXXXX0XXXXXXXXXXXXXXXX0X1XXXXXXXXXXXXXXXXXXX1XXXXXXXXX1XXX1XXXXXXXXXXX1XXX0XXX
XXXXXXXXXX0XXXXXXXXXXXXXXXXXXXXXXXXX1XXXXXX010X1XXXXXXXXXXXXXXXXXXXXXXXXXXXXXXXXXXXXXXXXXX


Generation 39/100  F=U(0.5, 1.0)  N_hist=8190
------------------------------------------------------------------------------------------------------------------------
11XXXX1XXXXXXXXXXXXXXX0X1XXXXXXXXXXXXXX0XXXXX1XXXX1XXXX1XXXXXX1XXXXXXX1XXXXXXXXXXXXXXXXXXXX1XXXX11XXXXXXX1XXXXXXXXXXXXXX
XXXXXXXXXXXXXXXXXX11XXXXXXXXXX1XX1XXXXXXXXXXXXXXXXX1XXXXXXXXXXXXXXXXX0XXX1XXXXXXXXXXXXXXXX


Generation 40/100  F=U(0.5, 1.0)  N_hist=8400
------------------------------------------------------------------------------------------------------------------------
1X10X1X011XX0XXXXXXXXX1XXXXXXXXXXXXXX0XXXXXXXXXXXXXXXXXXXXXXXXXXXX1XXXXXXXXXXXXXXXXXXXXXXXXXX1XXXXXXXXXXXXXXXXXXXXXXXXX1
XXXXXXXX1X0XXXXXXXXXXX1XXXX100XXXXXXXXXXXXXXXXXXXXXXXXXXXX0XXXXXXXXXXXXXXXXXXX1XXXXX1XXXXX


Generation 41/100  F=U(0.5, 1.0)  N_hist=8609
------------------------------------------------------------------------------------------------------------------------
XX1XXXXXXXXXXXX1XXXXXXXXX1XXXXXXXXXXXXXXXXX10XXXXX1XXXXXXXXXXXXX1XXXXXXXXXXXXXXXXXXXXXXX1XXXXXXXXXXXXXXXXX0XXX1XXXXXXXX1
XXXXXXXXXXXXXXXXXXXXXXXXXXXXXXXXXXXXXX1XX1XXXXXXX1XXXXX1X1X11XXXXXXXXXXXXXXXXXXXXXX1XXXXXX


Generation 42/100  F=U(0.5, 1.0)  N_hist=8820
------------------------------------------------------------------------------------------------------------------------
X1XXX1XXXXXXXXXXXXXXXXXXXXXXX0XXXXXXX1XXXXXXXXXXXXXXXXXXXXXXXXXXXXXXXXXX1XXXXXXXXXXXXXXXXXXXXXXXXXXXXXXXXXXXXXXXXXXXXXXX
XXXXXXXXXXXX0XXXX1XXXXXXXXXX111XXXX111X1XX0XXXXXXXXXXXXXXX11XXXXXX1XXXXXXXXXXXXXXXXXXXXXXX


Generation 43/100  F=U(0.5, 1.0)  N_hist=9030
------------------------------------------------------------------------------------------------------------------------
11XXXXXXX0XXXXXXXXXXXXXXXXXXXXXXXXX1XXXXXX10XXXXXXXXXXXXXXXXXXXXXXXXXXXX1XXXXXXXXXXXXXXXXXXXXXX111X0XXXXXXX0XXXXX0XXXXXX
XXXXXXXXXXXXXXXXXXXXXXXXX1XXXXXXX1XX1XXXXXXXXXXXXXXXXX1XX1XXXXXXXX1XXXXXXX1XXXXXXXXXXXXXXX


Generation 44/100  F=U(0.5, 1.0)  N_hist=9240
------------------------------------------------------------------------------------------------------------------------
111X110XXXXXXXXXXXXXXXXXXXXXXXXXXXXXXXXXXXXXXXXXX0XXXXXXXXXXX100XXXXXXXXXXXXXXXXXXXXXXXXXXXXX0X1XXXXXXXX0XXXXXXX1XXX1XXX
XXXXXXXXXXXXXXXXXXXX0XXX0XXXXXXXXXXXXXXXXXXXXXX0XXXXXXXXXXXXX1XXXXXXXXXXXXXXXX10XXXXXXXXXX


Generation 45/100  F=U(0.5, 1.0)  N_hist=9450
------------------------------------------------------------------------------------------------------------------------
1X1XXXXXXXXX1XXXXXXXXXXXXXXXXXXXXXXXXXXXXXXXXXXXXXXXX1XXXXXXXXXXXXXXXXXXXXXXXX01XXXXXXX0XXXXXXXXXX1XXXXXXXXXXXXXXXXXXXX1
X11XXXXXXX0XXX1XXXXXXXX0XXXXXXXXXXXXXXXXXXXXXX11XXXXXXXXXXXXXXX1XXXXXXXX1XXXXXXXXXXXXXXXXX


Generation 46/100  F=U(0.5, 1.0)  N_hist=9660
------------------------------------------------------------------------------------------------------------------------
10XXXXXXXXX1XXXXXXXXXXXXXXXXXXXXXXXXX0XX1XX1XX1XXXXXXXXXXX1X0XXXXXXXXXXX1XXXXXXXXXXXXXXXXXXXXXXXXXXXX1XXXXXXXXXXXXXXXXXX
XXXXXXXXXXXX1X0XXX0XXXXXXXXXXXXXXXXXXXXXX11010X11XXXXXXXXXXXXXXXXXXXXXXXXXXXXXXXXXXXXXXXXX


Generation 47/100  F=U(0.5, 1.0)  N_hist=9870
------------------------------------------------------------------------------------------------------------------------
0XXXXXX1XXXXXXXXX0XXXXXXXXX0XXXXXXXXXXXXXXXXXXXXX1XXXXXXXXXXXXXXXXXX1XXXXXXXXXXXXXXXXXXXXXXXXXXXXX0XXXXXXXXXXXXXXXXXXXXX
XX0XXXX1XXXXXXXXXXXXXXXX1XXXXXXXXXXXXXXXXXXXXXXXXXXXXXXXXXXXXXXXXXXX0XXXXXXXXXXXXXXXXXXXX1


Generation 48/100  F=U(0.5, 1.0)  N_hist=10079
------------------------------------------------------------------------------------------------------------------------
XXXXXXXXXXXXXXXXXXXXXXXXXXXXXXXXXXX1XXXXXXXXXXXXX1XXXX1XXXXXXXXXXXXXXXXXXXXXXXXXXXXXXXXXXX1XXXXXXXXXXXXXXXXXXXXXXXXXXXXX
XXXXXXXXXXXX1XXXXXXXXXXXXXXXXXXXXXXX11X1XXXXXXXXXXXXXXXXXXXX1XXX1XXXXXXXXXXXXX0XXXXXXXXXXX


Generation 49/100  F=U(0.5, 1.0)  N_hist=10290
------------------------------------------------------------------------------------------------------------------------
1XX1XXXXXX10XXXXXXXXXXXXXXXXXXXXXX11XXXXXXXXXXXXXXXXXXXXXXXXXXXXXXXXX0XXXXXXXXXXXX11X1XXXX0XXXXXX1XXXXXXXXXXXXXXXXXXXXXX
XXXXXXXXXXXXXXXXXXXXXXXXXXXXXXX1X1XXXXXXXXXXXXXXX1XXXXXXXXXXXXXXXXXXXXXXXXXXXXXXXXXXXXXXXX


Generation 50/100  F=U(0.5, 1.0)  N_hist=10500
------------------------------------------------------------------------------------------------------------------------
0XXXXXXXXXX1X11XXXXXXXXXXXXXXXXXXXXXXXXXX0XXXXXXXXXXXXXXXX1XXXXXXXXXXXX0XXX1XXXX111XXXXXXXXXXXXXXXXXXXXXXXXXXXXXXXX1XXXX
XXX0X1XXXXXXXXXXXXXXXXXXXXX1XXXXXXXXXXXXXXXXXXXXXXXXXXXXXXXXXXXXXXXXXXXXXXXXXXXXXXXXXXXXXX


Generation 51/100  F=U(0.5, 1.0)  N_hist=10710
------------------------------------------------------------------------------------------------------------------------
01XX01XXXXXXXXXXXXXXXXXXXXXXXXXXXXXXXXXXXXXXXXXXXXXXXXXXXXXX1X1XXXXXXXXXXXXXXXXXXXXXXXXXXXXXXXXX11XXXXXXXXX1XXXXXXXXXXXX
XXXXXXXXXXXXXXXXXXXXXXXXXXXXX1XXXXXXXXX1XXXXXXXXXXXXXXXXXXXXXXXXXXXXXXXXXXXXXXXXXXXXXXXXXX


Generation 52/100  F=U(0.5, 1.0)  N_hist=10920
------------------------------------------------------------------------------------------------------------------------
XXXX1XXX1XXXXXXXXXXXXXXXXXXXXXXXXXXXXXXXXXXXXXXXXXXXXXXXXXXXX01X1XXXXXXXX0X1XXXXXXXXXXXXX0XXXXXXXXXXXX011XXX1XXXXXXXXXXX
XXXXXXXXXXX0XX1XXXXXXXXXXXXXXXXXXXXXXXXXXXXXXXXXXX0XXXXXXXXXXXXXXXXXXXXXXXXXXXXXXXXXXXXXXX


Generation 53/100  F=U(0.5, 1.0)  N_hist=11130
------------------------------------------------------------------------------------------------------------------------
011XX0XXXXX1XXXXXX0XXXX1XXXX1XXXXXXXX1XXX0XXXXXXXXXXXXXXXXXXXXXXXXXXXXXXXXXXXXXXXXXXXXXXXX1XXXXXX1XXXXXXXXXXXXXXXXXXXXXX
XXXXXXXXXXXXXXXXXXXXXXXXXXXXXXXXXXXXXXXXXXX1XXXXXXXXXXX0XXXX1X1XXXXXXXXXXXXXXXXXXXXXXXXXXX


Generation 54/100  F=U(0.5, 1.0)  N_hist=11340
------------------------------------------------------------------------------------------------------------------------
0X1XXX1XXXXXXXXXX0XXXXXXXXXXXXXXXXXXXXXXXXXXXXXXXXXXXXXXXXXXXXXXXXXXXXXXXXXXXXXXXX1XXXXXXXXXXXXXXXXXXX0XXXXXXXXXXXXXX1X1
XXXXXXXXXXXXXXXXXXXXXXXXX1XXXXXXXX00XXXXX1XXXXXXXXXXXXXXXXX1XXXX1XXXXXXXXXXXX1XXXXXXXXXXXX


Generation 55/100  F=U(0.5, 1.0)  N_hist=11550
------------------------------------------------------------------------------------------------------------------------
XXXXXXXXXXX0XXXXXXXXXXXXXXX0XX1XXXXXXXXXXXXXXXXXXXXXXXXXXXXXXXXXXXXXXXX0XXXXXXXX1XXXXXXXXXXXXXXXXXXXXXXXX1XXXXXXX0XXXXXX
XXXXXXXXXXXXXXXXXXXXXXXX1XXXXXXXXXXXXXXXXXXXXXXXXXXXXXXXXXXXXXXXXXXXXXXXXXXXXXXXXXXXXXXXX1


Generation 56/100  F=U(0.5, 1.0)  N_hist=11759
------------------------------------------------------------------------------------------------------------------------
1X10XXXXX1XXXXXXXXXXXXXXXXXXXXX1XXXXXXXXXXXXXXXXXXXXXXXXXXXXXXX1XXXXXXXXXXXXX01XXX0XXXXXXXXXXXXXXXXXXXXXXXX00XX1XXXXXXXX
XXXXXXXXXXXXXXX0XXXX1XXX11XX1XXXXXXXXXXXXXXXXXXXXXXXXXXXXXXXXX1XXXXXXXXXXXXXXXXXXXXXXXXXXX


Generation 57/100  F=U(0.5, 1.0)  N_hist=11970
------------------------------------------------------------------------------------------------------------------------
1X1XXXXXXXXXXXXXXXXXXXXXXXXXXXXXXXX1XXX0XXXXXXXXXXXXXXXXXXXXXXXX1XXXXXXXXX1XXXXX0XXXXXXXXXXXXXXXXXXXXXXXXXXXXX1XXXXXXXXX
XX0XXXXXXXXXX1XXXXXXXXXXXXXXXXXXXXXXXXXXXXXXXXXXXXXXXXXXXXXXXXXXXXXXXXXXXXXXXXX1XXXXXXXXXX


Generation 58/100  F=U(0.5, 1.0)  N_hist=12180
------------------------------------------------------------------------------------------------------------------------
10XXXXXXXXXXXXXXXXXXXX1XXXXXXXX1XXXXXXXX1XXXXXXXXXXXXXXXXXXXXXXXX01XXXXXXXXXXXXXXXXXXXXXXXXXXXXXXXXXXXXXXXXXXXXXX1XXXXXX
XXXXXXXXXXXXXXXXXXXXXXXXXXX0XXXXXXXXXXXXXXXXXXXXXXXXXXXXXXXXXXXXXXXXXXXXXXXXXXXXXXXXXXXXXX


Generation 59/100  F=U(0.5, 1.0)  N_hist=12390
------------------------------------------------------------------------------------------------------------------------
1XXXXXXXX1XXXXXXXXXXXXXXXXXXXXXXXXXXXXXXXXXX0X1XXXXXXX1XXXX0XXXXXXXXXXXXXXXXXXXXXXXXXXXXXXXXXXXXXXXXXXXXXXXXXXXXXXX1XXXX
XXX1XXXXXX1XXXX1XXXXXXXXXXXXX1XXXXXXXXXXXXXXXXXXXXXXXXXXXXXXX1XXXXXXXXXXXXXXXXXXXXXXXXXXXX


Generation 60/100  F=U(0.5, 1.0)  N_hist=12600
------------------------------------------------------------------------------------------------------------------------
11XXXXXXXXXXXXXX10XXXXXXXXXXXXXXXXXXXXXXXXXXXXXXXXXXXXXXXXX0XXXXXXXXXXXXXXXXXXXXXXXXXXXXXXXXXXX0XXXXXXXXXXXX0XXXXXXXXXXX
XXXXXXXXXXXXXXXXXXX0X0XXXXXXXXXXXXXXXXXXXXX1XXXXXXXXXXXXXXXXXXX1XXXXXXXXXXXXX1XXXXXXXXXXXX


Generation 61/100  F=U(0.5, 1.0)  N_hist=12810
------------------------------------------------------------------------------------------------------------------------
10XXXXXXXXXXX1XXXXXXXXXXXXXXXXXX1X0XXXXXXXXXXXXXXXXXXXXXXXXXXXXXXXXXX0XXXXXXXXXXXXXXXXX0XXXXXXX1XXXXXXXXXXXXXXXXXXXXXXX0
XXXXXXXXXXXXXXXXXXXXXXXXXXXXXXXXXXXXXXXXXXXXXXXXXXXXXXXXXXXXXXXXXXXXXXXXXXXX1XXXXXXXXXXXXX


Generation 62/100  F=U(0.445, 1.0)  N_hist=13020
------------------------------------------------------------------------------------------------------------------------
XX0XXXXXXX0XX0XXXXXXXXXXXXXXXXXXXXXXXXXX1XX1XXXXXXXXXXXXXXXXXXXXXXXXX1XXXXXXXXXXXX0XXXXXXXXXXXXXXXXXXXXXXX0XXXXXXXXXXXXX
XXXXXXXXXXXXXXXXXXXXXXXXXXXXXXXXXXXXXXXXXX0XX1XXX0XXXXXXXXXXXXXXXXXXXXXXXXXXXXXXXXXXXXXXXX


Generation 63/100  F=U(0.493056632402, 1.0)  N_hist=13230
------------------------------------------------------------------------------------------------------------------------
01XXX1XXXXXXXXXXXXXXXXXXXXXXXXX0XXXXXXXXXX1XXXXXXXXXXXXXXXXXXXXX0XXXXXXXXXXXXXXXXXXXXXXX0XX0XXXXXXXXXXXXXXX0XXXXXXXXXXXX
XXXXXXXXXXXXXXXXXXXXXXXXXXXXXXXX0XXXXXXXXXXXXXXXXXXXXXXXXXXXXXXXXXXXXXXXXXXXXXXXXXXX0XXXXX


Generation 64/100  F=U(0.5, 1.0)  N_hist=13440
------------------------------------------------------------------------------------------------------------------------
XXXXXXXXXXXXXXXXXXXXXXXXXXXXXXXXXXXXXXXXXXXXXX1XXXXXXXXXXXXXXXXXXXXXXXXXXXX11XXXXXXXXXXXXXXXXXXXX10X1X0XXXXXXXXXXXXXXXXX
XX1XXXXXX1XXXXXXX1XXXXXXXXXXXXXXXXXXXXXXXXXXXXXXXXXXXXXXXXXXXXXXXXXX1XXXXXXXXXXXXXXXXXXXXX


Generation 65/100  F=U(0.5, 1.0)  N_hist=13650
------------------------------------------------------------------------------------------------------------------------
0X01XXXXXXXXXXX1XXXXXXX10XX1XX1XXXXXX1XXX0XXXXXXXXXXXXXXXXXXXXXXXXXXXX1XXXXXXXXXXXXXXXXXXXX0XXXXXXXXXXXXXXXXXX00XXXXXXXX
XXXX1XX1XXXXXXXXXXXXXXXXXXXXXXXXXXXXXXXXXXXXXXXXXXXXXXXXXXXXXXXXXXXXXXXXXXXXXXXXXXXXXXXXXX


Generation 66/100  F=U(0.5, 1.0)  N_hist=13860
------------------------------------------------------------------------------------------------------------------------
X1101XXXXXXXXXXXXXXXXXXXXXXXXX0XXXXXXXXXXXXXXXXXXXXXXXXXXXX1XXXXXX1XXXX1XXXXXX0XXXXXXXXXXXXXXXXXXXXXXXXXXX01XXXXXXXXXXXX
XX0XXXXXXXXXXXXXXXXXXXXXXXXXXXXXXXXXXXXXXXXXXXXXXXXXXXXXXXXXXXXX0XXXXXXXXXXXXXXXXXXXXXXXXX


Generation 67/100  F=U(0.5, 1.0)  N_hist=14070
------------------------------------------------------------------------------------------------------------------------
0XXXXXXXXXXXX0XXXXXXXXXXXXXXXXXXXXXXXXXXXXXX0XXXX1XXXXXXXXXXXXXXXXXXXXXXXXXXXXXXXXXXXXXXXXXX1XXXXXXXXXXXXXXX11XXXXXXXXXX
0XXX0XXXXXXXXXXXXXXXXXXXXXX1XXXXXXXXXX1XXXXXXXXXXXXXXXXXXXXXXXXXXXXXXXXXXXXXXXXXXX1XXXXXXX


Generation 68/100  F=U(0.5, 1.0)  N_hist=14280
------------------------------------------------------------------------------------------------------------------------
01XX1XXXXXXXXXXXXXXXXX1XXXXXXXXXXXXXXXXXXXXXXXXXXXXXXXXXXXXXXXXXXXXXXXXXXXXXXXXXXXXXXXXXXXXXXXX0XXXXXXXXXXXXXXXXXXXXXXX0
XXXXXXXXXXXXXXXXXXXXXXXXXXXXXXXXXXXXXXX1XXXXX1XXXX0XXXXXXXX1XXXXXXXXXXXXXXXXXXXXXXXXXXXXXX


Generation 69/100  F=U(0.5, 1.0)  N_hist=14490
------------------------------------------------------------------------------------------------------------------------
1XXXXXXXXX0XXXXXXXXXXXXXXXXXXXXXXXXXXXXXXXXX1XXXXXXXXXXXXXXXXXXX0XXXXXXXXXXX0XXXXXXXXXX1XX1X1XXX10XXXXXXXXX1XXXXXXXXXXXX
X0XXXXXXXXXXXXXXXXXX1XXXXXX10XXXXXXXXXXXXXXXXXXXXXXXXXXXXXXXXXXXXXXXX1XXXXXXXXXX0XXXXXXXXX


Generation 70/100  F=U(0.5, 1.0)  N_hist=14700
------------------------------------------------------------------------------------------------------------------------
010XXX0001XXXXXXXXXXXXXXXX00XXXXX1XXXXXXXXXXXXXXXXXXXXXXXXXXXX0XXX0XXXXXXXXXXXX0XXXXXXXXXXXXXXXXXXXXXXXX1X00XXXXXXXXX1XX
XXXXXXXXXXXXXXX1XXXXX01XXXXXXXXXX0XXXXXXXXX0XXXXXXXXXXXXXX0XXXXXXXXXXXXXXXXXXXXXXXXXX0XXXX


Generation 71/100  F=U(0.5, 1.0)  N_hist=14910
------------------------------------------------------------------------------------------------------------------------
XXXXXXXXXXXXX1XXXXXXXXXXXXXXXXXX11X1XXXXXX0XXXXXXXXXXXXXXXX1XX1XXXXXXXXXXXXXXXXXXXXXXXXXXXXXXXXXXXXXXXXXXXXXXXXXXXXXXXXX
XXXXXXX0XXXXXXX1XXXXXXXXXXXXXXXXXXXXXXXXXXXXXXXXXXXXXXXXXXXXXXXXXXXXX0XXXXX0XXXXXXXXXXXXXX


Generation 72/100  F=U(0.5, 1.0)  N_hist=15120
------------------------------------------------------------------------------------------------------------------------
011X11XXXX1XXXXXXXXXXXXXXXXXXXXXX0XXXXXXXXXXXXXXXXXXXXXXXXXXXXXXXXXXXXXXXXXXXXXXXXXXXXXXXXXXXXXXXXX0XXXXXXXXXX1XXXXXXXXX
XXXXXXX1XX1XXXXXXX1XXXXXXX1XXXXXXXXX1XXXXXXXXXXXXXXXXXXXX1XXXXXXXXXXXXXXXXXXXXX1XXXXXXXXXX


Generation 73/100  F=U(0.5, 1.0)  N_hist=15330
------------------------------------------------------------------------------------------------------------------------
XXXXXXXXXXXX1XXXXXXXXXXXXXXXXXXXXX001XXXXXXXXXXXXXXXXXXXXXXXXXXXXXXXXXXXXXXXXXXXXXXXXXXXXXX0XXXXXXXXXXXXXXXXXXXXXXXXXXXX
XXXXXXXXXXXXXXXXXXXXXXXXXXXXXX0XXXXXXXXXXXX0XXXXX1XXXXXXXXXXXXXXXXXXXXXXXXXXXXXXXXXXXXXXXX


Generation 74/100  F=U(0.445, 1.0)  N_hist=15540
------------------------------------------------------------------------------------------------------------------------
X00XXX1XXXXXXXXXXXXXXXXXXXXXXX0XXXXXXXXXXXXXXXXXXX01XXX11XXXXXXXXXX1XXXXXXXXXXXXXXXXXXXXXXXXXXXXXXX1XXXXXXXXXXXXXXXXXXXX
XXXXXXXXXXX1XXXXXXXXXXXXX1X1XXXXXXXX1XXXXXX0XXXXXXXXXXXXXXXXXXXXXXXXXXXXXXXXXX1XXXXXXXXXXX


Generation 75/100  F=U(0.493056632402, 1.0)  N_hist=15750
------------------------------------------------------------------------------------------------------------------------
XXXXXXXXXXXXXX0XXXXXXX1XXXXXXXXX0XXXXXXXXXXXXXX1XXXXXXXXXXXXXXXXXXXXXXXX1XXXXXXXXXXXXXXXXXXXXX1XXXXXXXXXXXXXXXXXXXXXXXXX
XXXXXXXXXXXXXXXXXXXXXXXXXXXXXXXXXXXXXXXXXXXXXXXXXXXXXXXXXXXXXXX1XXXXXXXXXXXXXXXXXXXXXXXXXX


Generation 76/100  F=U(0.5, 1.0)  N_hist=15960
------------------------------------------------------------------------------------------------------------------------
XXXXXXXXX0XXXXXXXXXXXXXXXXXXXXXXXXXXXXXX1XXXXXXXXXXX1XXXXXXXX0XXXXXXXXXXXXXXXXXXXXXX1X0X1XXXXXXXXXXXXXXXXXXXXXXXXXXXXX0X
XXXX1XXXXXXXXXXXXXXXXXXXX0XXXXXXXXXXXXXXXXX0XXXXXXXXXXXXXX1XXXXXXXXXXXXXXXXXXXXXXXXXXXXXXX


Generation 77/100  F=U(0.5, 1.0)  N_hist=16170
------------------------------------------------------------------------------------------------------------------------
01X1X1+XXXXXXXXXXXXXXX1XXXXXXXXXXX1XXXXXXX1XXXXXXXXXXXXXXXXXXXXX0XXXXXXXXXXXXXXXXXXXXXXXXXXXXXXXXXXXXXXXXXXXXXXXXXXXXXXX
XXXXXXXXXXXX01XXXX1XXXXXXXXXXXXXXXXXXXXXXXXXX0XXXXXXXXXXXX0XXXXXXXXXXXXXXXXXXXXXXXXXXXXXXXX


Generation 78/100  F=U(0.5, 1.0)  N_hist=16380
------------------------------------------------------------------------------------------------------------------------
010XXXXXXXXXXXXXXXXXXXXXXX1XX10XXXXX1XXXXXXXXXXX1XXXXXXXXXXXXX1XXXXX0XXXXXXXXXXXXXXXXXXXXXXXXXXXX0XXXXXXXXXXXXXXXXXXXXXX
XXX0XXX0XXX0XXXXXXXXXXXXXXXXXXXXXXXXXXXXXXXXXXXXXXXXXXXXXXXXXXXXXXXXXXXXXXXXXXXX1XXXXXXXXX


Generation 79/100  F=U(0.5, 1.0)  N_hist=16590
------------------------------------------------------------------------------------------------------------------------
XX1XXXXXXXXXXXXXXXXXXXXXXXXXXXXXXXXXXXXXXXXXXX1XXXXXXXXXX0XXXXXXXXX0XXXXXXXXXXXXXXXXXXXXXX1

SSE=7.4933 on eval 16696: L=795234 a=3271.12 b=4.18634* n=0.0424507* r=0.159098 tc=19275.2* ts=56.0412

+XXXXXXXXXXX1XXXXXX1XXXXXXXXX
XXXXXXXXXXXXX01XXXXXXXXXXXXXXXXXXXXXXXXXXXXXXXXXXXXXXXXXXXXXXXXX1XXXXXXXXXXXXXXXXXXXXXXXXXX


Generation 80/100  F=U(0.5, 1.0)  N_hist=16800
------------------------------------------------------------------------------------------------------------------------
01X1X0XXXXXXXXXXXXX1XXXXXXXXXXXXXXXXXXXXXXXXXXXXXXXXXXXXXX0XXXXXXXXXXXXXXXXXXX1XXXXXXX1XXXXXXX0XX1XXXXXXXXXXXXXX1XXXXXXX
XXXXXX1XXXXXXXXXXXXXXXXXXXXXXXXXXXXXXXXXXXX0XXXXXXXXXX1XXXXXXXXXXXX0XXXXXXX1XXXXXXXXXXXXXX


Generation 81/100  F=U(0.5, 1.0)  N_hist=17010
------------------------------------------------------------------------------------------------------------------------
100XXXXXXXXXXXXXXXXXXXXXXXXXXXXXXXXXXXXXXXXXXXX0XXXXXXXXX0XXXXXXXXXXXXXXXXXXXXXXXXXXXXXXXXXXXXXXXXXXXXXXXXXXXXXX1XX1X010
XXXX1XXXXXXXXXXXXXXXXXXXXXXXXXXXXXXXXXXXX0XXXXXXXXXXXXXXXXXXXXXXXXXX1XXXXXXXXXXXXXXXXXXXXX


Generation 82/100  F=U(0.5, 1.0)  N_hist=17220
------------------------------------------------------------------------------------------------------------------------
XX1XXXXXXXXXXXX0XXXXXXXXXXXXXXXXXXXX1XXXXXXXXXXXXXXXXXXXXXXXXXXXXXX1XXXXXXXXXXXXXXXXX1X10XXXXXXXXXXXXXXXXXXXX0XXXXXXXXXX
XXXXXXXXXXXXXXXXXXXXXXX1XX1XXXXXXXXXXXXXXX1XXXXXXXXXXXXXXXXXXXXXXXXXXXXXXXXXXXXXXXXXXXX1XX


Generation 83/100  F=U(0.5, 1.0)  N_hist=17430
------------------------------------------------------------------------------------------------------------------------
1XXXXX0XXXXXXX1XXX0XXXXXXXXXXXXXXXXXXX1XX0XXXXXXXXXXXXXXXXXXXXXX10X1XXXXXXXXXXXXX1XXXXXXXXX1XXXXXXXXXXXXXXXXXXXXXXXXXXXX
X1XXXXX1XXXXXXXXXXXXXXXXXXXXX0XXX0XXXXXXXXXXXXXXXXXXXXXXX10X0XXXXXXXXXXXXXXXXXXXXXXXXXXXXX


Generation 84/100  F=U(0.5, 1.0)  N_hist=17640
------------------------------------------------------------------------------------------------------------------------
XXXX0XXXXX111XXXXXXXXXX1XXXXXXXXX0XXXXXXX10XXXXXXXXXXXXXXXXXXXXXXXX0XXXXXXX1XXXXXXXXXXXXXXXXXXXXXXXXXXX1XXXXXXXXXXXXXXXX
1XXXXXXXXXXXXXXXX0XXXXXXXXXXXXXXXXXXXXXXXXXXXXXX11XXXXXXXXXXXXX0XXXXXXXX1XXXXXXXXXXXXXXXXX


Generation 85/100  F=U(0.5, 1.0)  N_hist=17850
------------------------------------------------------------------------------------------------------------------------
0XX110XXXXXXXXXXXXXXXXXXXXXXXXXXXXXXXXXXXXXXX10X1XXXXX1XXXX1XXXXXXXXXXXXX0XXXXXXXXXXXXXX0XXXXXXXXXXXXXXXXXXXXX0XXXXXXXX1
XXXXXXXX0XXXXXXXXXX11XXXXXXXXXXXXXXXXXXXXXXXXXX1XXXXXXXXXXXXXXXXXXXXXXXXXXXXXXXXXXXXXXXXXX


Generation 86/100  F=U(0.5, 1.0)  N_hist=18060
------------------------------------------------------------------------------------------------------------------------
110X1XXXXXXXXXXXXXX011XXXX1XXXXXXXXXXXXXXXXXXX0XXXXX1XXXXXXXXX1XXXXXXXXXXXXXXXXXXXXXXXXXXXXXXXXXXXX1XXX1X1XXXXXXXXXXXXXX
XXXXXXXXXXXXXXXXXX1XXXXXXXXXXXXXXXX11XXXX0XXXXXXXXXX1XXXXXXXXXXXXXXXXXXXXXXXXXXXXXXXXXXXXX


Generation 87/100  F=U(0.5, 1.0)  N_hist=18270
------------------------------------------------------------------------------------------------------------------------
101XXXXXXXXXXXXXXXXXXXXX0XXXXXXXXXXXXXXXXXXXXX0XXXXXXXXXXXXXXXXXXXXXXXXXXXXX1XXXXXXX1XXXXXXXXXXXXXXXXXXXXXXXXXXX110XXXXX
XXXXXXX1XXXXXXXX1XXXXXXXXXXXXXXXXXX1XXXXXXXXXX1XXXXXXXXXXXXXXXXXXXXXXXXXXXXXXXXXXXXXXX1XXX


Generation 88/100  F=U(0.5, 1.0)  N_hist=18479
------------------------------------------------------------------------------------------------------------------------
XXX1XX1XXXXXXXXXXXXXXXXXXXXXXXXXXXXXXXX1X1XXXXXXXXXXXXXXXX0XXXXXXXXXXX1X1+XXXXXXXXXXXXXXXXXXXXXXXXXX0XXXXXX1XXXXXXXXXXXX
XX0XXXXXXXXXXXXXXXXXXXXXXXXXXXXXXXX1XXXXXXX100XXXXXXXXXXXXXXXXXXXXXXXXXXXXXXXXXX0XXXX1XXXXX


Generation 89/100  F=U(0.5, 1.0)  N_hist=18690
------------------------------------------------------------------------------------------------------------------------
100XXXXXXXXXXXXXXXXXXXX0XXXXXXXXXXXXXXXXXXXXXXXXXXXXXXXX0XXXXXX1XXXXXXXXX10XXXXXXXXXXXXXXXXXXXXXXXXXXXXXX0XXXXXXXXXXXXXX
XX1XXXXXXXXXXXXXXXXXXXXXX1XXXXXXX1XXXX0XXXXXXXXXXXXXXXXXXXXXXXXXXXXXXXXXXXXXXXXXXXXX1XXXXX


Generation 90/100  F=U(0.5, 1.0)  N_hist=18899
------------------------------------------------------------------------------------------------------------------------
X1XXXXXXXXXXXXXXXXXXXXXXXXXXXXXXXXXXXXXXXXXXXXXXXXXXXXXXXXXXXXXX0XX0XXXXXXX1XXXXXXXXXXXXXXXX0XXX0X10XXXX0XXXXXXX1XXXXX01
XXX1XXXXXXXXXXXXX1XXXXXXXXXXXXXX0XXXXXXXXXXXXXXXXXXXXXXX1XXXXXXXXXXXXXXXXXX1XXXXXXXXXXXXXX


Generation 91/100  F=U(0.5, 1.0)  N_hist=19110
------------------------------------------------------------------------------------------------------------------------
XXXXXXX1X0XXXXXX0XXX11XXXXXXXXXXXXX0XXXXXXXXXXXXXXXXXXXXXXX111XXXXXXXXXXXXXXXXXXXXXXXXXXXXXXXXXXXXXXXXXXXXXX0X0XXXXXXXXX
XXXXXXXX1XXXXXXXXX1XX11XXXX1XXXXXXXXXXX1XX0XXXXXXX1XXXXX0XXXXXXX0XXXXXXXXXXXXXXXXXXXXXXXXX


Generation 92/100  F=U(0.5, 1.0)  N_hist=19320
------------------------------------------------------------------------------------------------------------------------
110X1XXXXXXXX1XXXXX0XXXXXXXXXXXXX1XXXXXXXXX0XXXXXXXXXX1XXXXXXXXXXXXXXXXXXXXXXXXXXXXXXX1XXXX1XXXXXXXXXXXXXXX0XXXXXX1XXXXX
XXXXXXXXXX1X1X1XXXXXXXXXXXXXXXXXXX1XX0XXX0XXXXXXXXXXXXX0XXXXXXXXXXXXXXXXXXXX00XXXXXXXXXXXX


Generation 93/100  F=U(0.5, 1.0)  N_hist=19530
------------------------------------------------------------------------------------------------------------------------
010XXX0XXXXXXXX0XXXXXXXXXXXXXXXXXXXXXXXXXXXXXXXXXXXXXXXXXX10XXX0XXXXXXXXXX1XXXXX1XXXXX1XXXXXXXXXXXXXXXXXXXXXXXXXXXXXXXX0
XXXXXXXX1XXXXX1XXXXXXXXX0XXXXXXXXXXXXXXXXXXXXXXXXXXXXXXXX1XXXXXXXXXXXXXXXXXXXXXXXXX0XXXXXX


Generation 94/100  F=U(0.5, 1.0)  N_hist=19740
------------------------------------------------------------------------------------------------------------------------
1XXX1XXXXXXXXXX00XXXXXXXXXXXXXXXXXXXXXXXXXXXXXXXXX1XXXXXXXX0XXXXXXXXXX0XX10XXXXXXXXXXXXXXXXXXXXXXX0XX1XXXX0XXXXXXX0XX0XX
XXXXXXXXXXXXXXXXXXXXXXXXXXXXXXXXXXXXXXXX10XXXXXXXXX11XXXX0XXXXXXXXXXXXXXXXXXXXXXXXXXXXXXXX


Generation 95/100  F=U(0.5, 1.0)  N_hist=19950
------------------------------------------------------------------------------------------------------------------------
XXX0XXXXXXXXXXXXXX11X00XXXXXXXXXXXXXX0XXXXXXX0XXXXXXXXXXXXXXXXX1XXXXXXXXXXXXXXXX1+XXXX0XXXXXXXXX1X0X0XXXXXXXXXX1XXXXX1XX
XXXXXXXXXXXXXXXXXXXXXXXXXXXXXXXXXXXXXXXXXX100XXXXXXXXXXXXXXXXXX1XXXX0XXXXXX1XXXXXXXXXXXXXXX


Generation 96/100  F=U(0.5, 1.0)  N_hist=20160
------------------------------------------------------------------------------------------------------------------------
X0XX1XX1XXXX0XXXXXXXXXXXXXXXXXXXXXXXXXXXXXXXXXXXXXXXXXXXXXXXXXXXXXXX1XXXXX1XXX1XXXXXXXXXXXX1XXXXXXXXXXXXX00XXXXXXXXXXXXX
XXXXXXXXXXXXXX0XXXXX000XXXXXXXXXXXXXX0XX10XXXXXXXXXXXXXXXX0XXXXXXXXX1XXXXXXXXXXXXXXXXXXXXX


Generation 97/100  F=U(0.5, 1.0)  N_hist=20370
------------------------------------------------------------------------------------------------------------------------
XXXXXXXX0XXXXXXXXXXXXXXXXXXXXXXXXX100XXXXXXXXXXXX0XXX1XXXXXXXXXXXXXXXXXXXXXXXXXXX0XXXXXXXXXXXXXXXXXXXXXXXXXXX0XXXXXXXXXX
XXXXXXXXXXXXX0XXXXXXXXX0XXXXX1

SSE=7.3351 on eval 20541: L=695049 a=3171.73 b=6.93179* n=0.018366* r=0.164927 tc=316638 ts=56.0117

+0XX1XXXXXXXXXXXXXXXXXXXXXXXXXXXXXXXXXXXXXXXXXXXX0XX1XXXXXXXX


Generation 98/100  F=U(0.5, 1.0)  N_hist=20579
------------------------------------------------------------------------------------------------------------------------
XX1XXXXXXXXXXX0XXXXXXXXX1XXXXXXXXXXXXX0XXXXXXXXX01XXXXXXXXXXXXXXX0X1XXXXXXXXXXX1XXX0XXXX1XXXXXXXXXXXXX0X0XXXXXXXXXXXXXXX
100X10XXXXXXXXX1XXXXXXXXXXXXXXXXXXXXXXXXXXXXXXXXXX1XXXXXXXXXXXXX0XXXXXXXXXXXX1XXXXXXXXXXXX


Generation 99/100  F=U(0.5, 1.0)  N_hist=20790
------------------------------------------------------------------------------------------------------------------------
10X011XXXXXXXXXXX1XXXXXXX1XX0XXXXXXXXXXX1XXXXXXXXXXXXXXXXXXXXXXXXXXXXXXXXX1XXXXXX1XXXXXXXXX1XX10XXXX1XXXXXXXXXXXXXXX1XXX
XXXXXXXXXXXXXXXXXXXXXXX1XXXXXXXX1X1XXXXXXXXXXXXXXXXXX0XXX0XXXX0XXXXXXXXXXXXXXXXXXXXXXXXXXX


Generation 100/100  F=U(0.5, 1.0)  N_hist=21000
------------------------------------------------------------------------------------------------------------------------
1111XX0XXXXXX0XXXXXXXXXXXXXXXXXXXXXXXXX0X0XXXXXXXXXXXXXXXXXXXXX1XX1XXXX1XXX1XXXXXXXXXXXXXXXXXXXX0XXXXXXXXX00XXXXX0XXXXXX
XXXXXXXXXXXXXXXXXXXXXXXX0XX0X1XXXXXXXXXXXXXXXXXXXXXX0XXXXX1X0XXXXXXXXXXXXXXXXXXXXXXXXXXXXX

Maximum number of iterations reached.

Shutting down DE...
DE shutdown complete.

Final population:
Population: 210 individuals with SSE 7.3351 to 8.6286, avg eval time 0.0229 sec. Top 7:

        SSE |     7.3351       7.3994       7.4179        7.472       7.4751       7.4933        7.494  
------------------------------------------------------------------------------------------------------------------------
          L | 6.9505e+05   7.1788e+05   6.7754e+05   6.6113e+05   6.9546e+05   7.9523e+05   7.6035e+05  
          a |     3171.7       3244.5       3144.7       3119.2       3183.7       3271.1       3193.8  
          b |     6.9318*      30.243        14.95*      59.361       11.864*      4.1863*      34.719  
          n |   0.018366*    0.020518*    0.031865*    0.051988     0.021914*    0.042451*    0.041181* 
          r |    0.16493      0.16509      0.16793      0.16729      0.16833       0.1591      0.16232  
         tc | 3.1664e+05   2.8567e+05   2.9965e+05    4.137e+05   2.1266e+05        19275*       19051* 
         ts |     56.012       56.036       56.197       56.107       56.278       56.041       56.058  
------------------------------------------------------------------------------------------------------------------------
Best individual:
<SSE=7.3351 L=695049 a=3171.73 b=6.93179* n=0.018366* r=0.164927 tc=316638 ts=56.0117>


Elapsed time: 275.83 seconds

Saved final population of best parameter combinations to covid19.dat
Shutting down...
Task Queue is shut down
Goodbye
