Decompressing and parsing covid19.csv.bz2...
Cumulative and new cases reported thus far for France
------------------------------------------------------------------------------------------------------------------------
000	01/22	0	0
001	01/23	0	0
002	01/24	2	2
003	01/25	3	1
004	01/26	3	0
005	01/27	3	0
006	01/28	4	1
007	01/29	5	1
008	01/30	5	0
009	01/31	5	0
010	02/01	6	1
011	02/02	6	0
012	02/03	6	0
013	02/04	6	0
014	02/05	6	0
015	02/06	6	0
016	02/07	6	0
017	02/08	11	5
018	02/09	11	0
019	02/10	11	0
020	02/11	11	0
021	02/12	11	0
022	02/13	11	0
023	02/14	11	0
024	02/15	12	1
025	02/16	12	0
026	02/17	12	0
027	02/18	12	0
028	02/19	12	0
029	02/20	12	0
030	02/21	12	0
031	02/22	12	0
032	02/23	12	0
033	02/24	12	0
034	02/25	14	2
035	02/26	18	4
036	02/27	38	20
037	02/28	57	19
038	02/29	100	43
039	03/01	130	30
040	03/02	191	61
041	03/03	204	13
042	03/04	288	84
043	03/05	380	92
044	03/06	656	276
045	03/07	959	303
046	03/08	1136	177
047	03/09	1219	83
048	03/10	1794	575
049	03/11	2293	499
050	03/12	2293	0
051	03/13	3681	1388
052	03/14	4496	815
053	03/15	4532	36
054	03/16	6683	2151
055	03/17	7715	1032
056	03/18	9124	1409
057	03/19	10970	1846
058	03/20	12758	1788
059	03/21	14463	1705
060	03/22	16243	1780
061	03/23	20123	3880
062	03/24	22622	2499
063	03/25	25600	2978
064	03/26	29551	3951
065	03/27	33402	3851
066	03/28	38105	4703
067	03/29	40708	2603
068	03/30	45170	4462
069	03/31	52827	7657
070	04/01	57749	4922
071	04/02	59929	2180

Initializing 180 population members having 6 parameters
------------------------------------------------------------------------------------------------------------------------

SSE=77.474 on eval 1: L=4.38255e+07 b=117.821 r=0.15447 rf=0.733343 t0=49.5216 th=20.0216

*2

SSE=59.35 on eval 3: L=6.98901e+06 b=126.991 r=0.110494* rf=0.85046 t0=68.4135 th=28.4937

!

SSE=33.717 on eval 4: L=5.08262e+07 b=146.99** r=0.2933 rf=0.959201 t0=55.8031 th=29.4183**

!36212114333322211135242111221112121114142135352221143133211111!33022253161114461921112224264223132325236121

SSE=31.537 on eval 112: L=4.04369e+07 b=57.5628 r=0.232992 rf=0.927814 t0=64.2212 th=10.5287*

!71332813
1

SSE=30.043 on eval 122: L=4.79529e+07 b=39.9236 r=0.268067 rf=0.992682** t0=64.0266 th=13.3061

!1321113112112311212252426456211212124412513134455114132211

Population: 180 individuals with SSE 30.043 to 303.63, avg eval time 0.989 sec. Top 7:

        SSE |     30.043       31.537       33.381       33.635       33.717       34.072       34.074  
------------------------------------------------------------------------------------------------------------------------
          L | 4.7953e+07   4.0437e+07   3.4743e+07   7.0717e+06   5.0826e+07   5.3112e+07   7.9697e+06  
          b |     39.924       57.563       11.212       130.64       146.99**     131.28       18.183  
          r |    0.26807      0.23299      0.39441      0.55621       0.2933      0.49869      0.31885  
         rf |    0.99268**    0.92781      0.92221      0.92919       0.9592      0.91023      0.75312  
         t0 |     64.027       64.221       59.098       51.736       55.803       52.272       55.563  
         th |     13.306       10.529*      15.674       19.072       29.418**     19.875       16.435  
------------------------------------------------------------------------------------------------------------------------
Best individual:
<SSE=30.0429 L=4.79529e+07 b=39.9236 r=0.268067 rf=0.992682** t0=64.0266 th=13.3061>


Population: 180 individuals with SSE 30.043 to 303.63, avg eval time 0.989 sec. Top 7:

        SSE |     30.043       31.537       33.381       33.635       33.717       34.072       34.074  
------------------------------------------------------------------------------------------------------------------------
          L | 4.7953e+07   4.0437e+07   3.4743e+07   7.0717e+06   5.0826e+07   5.3112e+07   7.9697e+06  
          b |     39.924       57.563       11.212       130.64       146.99**     131.28       18.183  
          r |    0.26807      0.23299      0.39441      0.55621       0.2933      0.49869      0.31885  
         rf |    0.99268**    0.92781      0.92221      0.92919       0.9592      0.91023      0.75312  
         t0 |     64.027       64.221       59.098       51.736       55.803       52.272       55.563  
         th |     13.306       10.529*      15.674       19.072       29.418**     19.875       16.435  
------------------------------------------------------------------------------------------------------------------------
Best individual:
<SSE=30.0429 L=4.79529e+07 b=39.9236 r=0.268067 rf=0.992682** t0=64.0266 th=13.3061>

Performing DE with CR=0.8, F=U(0.5, 1.0), DE/rand-1.00/1/bin
------------------------------------------------------------------------------------------------------------------------
Press the 'Enter' key to abort.



Generation 1/100  F=U(0.5, 1.0)  N_hist=180
------------------------------------------------------------------------------------------------------------------------
1XX151X1XX21232XX2X22123XX12X112XX2X2X1X2XX3111XXX3XX4XX212XX3X221X3XXX4X1XXX120X31XXX43XX2221X3XXX1531X1XX11XXX2312XX2X
X3XXXXXX13X1212XX2XXXXXXX2+X1XXXX2X42X4XX2XXXXX33X21311XXXX2X


Generation 2/100  F=U(0.5, 1.0)  N_hist=360
------------------------------------------------------------------------------------------------------------------------
24X0XXXXXX1XX1XXX112X0XX12X2X21X4XXXX2XXX413XX21XXX1X21111XXXX31XXX2XXX1X2X1XX1XX2222XXXXXXX1XX111X11XXXXXXXXX1XX1XX1XX1
X14X2X2X0X21X11XX2XXX2XXX1X1XX1X23XXX211XXX1XXX2XXXX2XXXXXXX


Generation 3/100  F=U(0.5, 1.0)  N_hist=540
------------------------------------------------------------------------------------------------------------------------
1X2X20XX1XXXXXX01X1XXXXXXXXXXXX1XXX1XXXXXXX0XXX1XX21XX1X0X1XXX1XXX1XXXX1XXXX12X1X1XXX1121XX2XXXXX2122XX21XXXXX12XXX21X1X
XXX2XX1X101XX11XXXXX21X1211XX21XXXXXX1XXXX1X2XXX133X1X1XXXXX


Generation 4/100  F=U(0.5, 1.0)  N_hist=720
------------------------------------------------------------------------------------------------------------------------
XXXX0X1XXXXXXXXXXXXXXXXXXX1XXXXXXXXXX11XX1XX1XXXXXX2XXXXXXX3X2XX1XXX111XX1XX1XXXX1110X1XXXXXXX1XXX11XX1XXXXX1X1X11X1X1XX
0XXXX1XXX1X2XXXXX1XXXX1XXXX1XX1X1X01XXXXX12XXX1XX1XX1XXXX2XX


Generation 5/100  F=U(0.5, 1.0)  N_hist=900
------------------------------------------------------------------------------------------------------------------------
XXX110X1XXX11X1XXXXX1XXXXXXXXXX1XXXXXXXX1X1XXX1XX11XX101XX1X1XX1XX10XXX1XXX1X11X0XXXXXXXXXXXXX2X0X11XXX1XXX1XX0XXX1XXXXX
XXXXXXXXX0+XXXXX0X1X11XXX1XXXXXXXX1XXXXX1XXXXXX1X1XXXXXXXX0XX


Generation 6/100  F=U(0.5, 1.0)  N_hist=1080
------------------------------------------------------------------------------------------------------------------------
XXXXX1XXX1

SSE=29.237 on eval 1090: L=2.0934e+07 b=121.755 r=0.202783 rf=0.962842 t0=67.4369 th=10.8769*

+X1XXXXXX1XX1XXX1X11XXXX1X1XXXXXXXXXXX11XXXXXXXXX11XXXXX1XX11XXXXXXXXXX0XXX1X1XXXXXX0XXXXXXXXXXXXXXXXX1XXXXXXX
XXXXX1XXXX0X1XX1XXXXXX1XX1XXXX1XXXXXXXXXXXXXXXXX0XX1XXXXXXXXX


Generation 7/100  F=U(0.5, 1.0)  N_hist=1260
------------------------------------------------------------------------------------------------------------------------
XXXX1XXXXXXXX1XXX0XXX11XXXXXX1XXXXXXXXXX1XXXXX1X1XXXXX0X11XXXXX0XXXXXXXXXXXX1XXX1111XX1XX0XXXX1XXX1XX1XXXXXXXXXX1XXXXX11
1XXXXXXXXXX1XXXXXX0X2XXXX0XX1XX11X1XXXXX1XXXXXXX1XXXXXXXXXXX


Generation 8/100  F=U(0.5, 1.0)  N_hist=1440
------------------------------------------------------------------------------------------------------------------------
XXXXXXXXXX11XXXX0X1XXXXX1XXXX0XXX1XXX1XX1X1X0XXX1X1XXXXXXXXX11XXX1X1X0X1XXXXXXXXXXXXXXXX0XXX1XXXXXXXXXXXX0XXXXXXXXX0XXX1
XXXXXXX1XXXXXXXXXX0XXXXX1XXXXXXX0XXXXXXXXXX1XXXXXXXXXXXXXXXX


Generation 9/100  F=U(0.5, 1.0)  N_hist=1620
------------------------------------------------------------------------------------------------------------------------
111X0X01XXX0XXXXXX1XXXXXXXXXX1XXXX1XXXXXXXXXXXX1XXX0XXXXXXXXXX11X0XXXX1XXXXXXXXXXXX1XX1XXXXXX1XXXXX01X11X1XXXXXXXXXXXXX1
XXXXXX1X0X0XXXXXX0XX1XXXXX1X1XXXXXXXXX1X1XX1XXXXXXXXXX1XXXXX


Generation 10/100  F=U(0.5, 1.0)  N_hist=1800
------------------------------------------------------------------------------------------------------------------------
11X01X10X1X1XXXXXX0XXXXXXXXXXXXXXXXXXXXXXX1XXXXXXXX0XXXXXXXXXXXXXXXX1XX1XX1XXXXXXXXXXXXX01XXX1XXXXXX10XX1X1X1XX1XXXXXXXX
XXXXXXXX1XXXXX1XXXXXXXXXXXXXXXXXXXXXXXXXXXXXXXX0XXXXXXXXXXXX


Generation 11/100  F=U(0.5, 1.0)  N_hist=1980
------------------------------------------------------------------------------------------------------------------------
0X11XXXXX1X1X1XXXXXXXX1XXX1XXXXXXXXXXX1XXXXX10XXXXXX11XXXXXX0XXX1XX1XX11XXXXXXXXXXX1XXXXXX0XXXXXXXXXX1XXXX1XXX1XXXX1XXX0
X0XXXXXXXXXX1XXXXXXXXXXX1XXXXXX1XXXXXXXXXXXXXXXXXXXXXXXXXXXX


Generation 12/100  F=U(0.5, 1.0)  N_hist=2160
------------------------------------------------------------------------------------------------------------------------
11XXXXXXXX01XXXXXXXX1XXXXXXXXXXXXXXXXXXXXXX101XX1XXX1X0XXXXXXXXXXXXXXXXX0XX1XXXX0X1XXX0XXXXXXXXXXXXXX0XXXXXXXXXXXXXX11XX
XX1XXXXXXXXXXXXXXXXXXXX1XXXXXX1X1XX11XXXXXXXX11XXXXXXXXXXXXX


Generation 13/100  F=U(0.5, 1.0)  N_hist=2340
------------------------------------------------------------------------------------------------------------------------
11X11X01X0XXXXXXXXXXXXXXXXXXXXXXXXXXXXXXXXXXXXXX1X1XXXXXXX1XXXXXX0XXXXXXX10XXXXXXXXXXXX1XXXXXXXXXXXX11XXXXXXXXXXXXXXX1XX
1XXXX1XXXXXXXXXXXXXXXXXXXXXXXXXXXXXXXXX0XXXXX1XXXX1XXXXX1XXX


Generation 14/100  F=U(0.5, 1.0)  N_hist=2520
------------------------------------------------------------------------------------------------------------------------
1XXXXXX1XX1XXXXXX0X1XXXXXX10XXX1XXX1XXXXXXXXXXXXXXXXXXXXXXXXXXX10XXXXXXXXXXXXXXXXXX0XXXX11XX0XXX1XXXXXXXXXXXX1XXXXXXXXXX
XXXXXX1XXXXXXXXXXXX0XXXXXX0XXXXXXXXXXXX1XXXXXXXXXXXXXXXXXXXX


Generation 15/100  F=U(0.5, 1.0)  N_hist=2700
------------------------------------------------------------------------------------------------------------------------
10X010X1XXXXXXX0XXXXXXXXXXXX111XXXX1XXXXXX00XXXXXXXXXXX01XXXXXXXX0XX1XX0XXX1XXXXXXXXXXXX01XX0101XX1XXXXXXXX1X0XXXXXXXX0X
XX1XXXXXXXXXXXXXX1XXXXXXXXX1XXXXXX1X0XX1XXXXXXXXXXXXXXXXXXXX


Generation 16/100  F=U(0.5, 1.0)  N_hist=2880
------------------------------------------------------------------------------------------------------------------------
0110110XXX0XXXXX1XXXXXXX00XXX00XXXXXXXX1XXXXX0XX0XXX1XXXXXXX1XXXXXXXXX0XXXXX1XXXXXXXXXXXXXXXXXXXXXX0XXXXXXXXXXXXXXXXXXXX
XXXXXXXXXXXXXXXXXXXXXXXXXXXXXXXXXXXXXXXX1XXXXXXXXXXXXXXXXXXX


Generation 17/100  F=U(0.5, 1.0)  N_hist=3060
------------------------------------------------------------------------------------------------------------------------
110X0XXXXX1X0X1XXXXXXXXXXXXXXXXXXXXXXXXXXXXXXX0XXXXXXXXXX10111XXXXXXXXXXXXXXXXXXXXXXXXXXX0X0XXXXXXXXXXX01XXXXXXX1XXXXX0X
XXXXXXXXXXXXXXXXXX1XXXXXXX0XXXXX1X0XX0XXXXXXXXXXXXXXXXXXXXXX


Generation 18/100  F=U(0.5, 1.0)  N_hist=3240
------------------------------------------------------------------------------------------------------------------------
0X0XXXXXXXXXXXXX10X1XX1X10X1XXXXXXXXXXXX111XX0X11+XXX1XX1XXXXXXXXXX111X0XXXXXXXXXX01X1XX01XXX0X1XXXXXXXXXXX0XXXXXX010XX1
1XXXXXXXXXXXXXXXXX1XXXXXXXXXXXXXXXXXXXXX0XXXX00X0XXXXXXXXXXXX


Generation 19/100  F=U(0.5, 1.0)  N_hist=3420
------------------------------------------------------------------------------------------------------------------------
100111X1XXXXXXXXX1XXXXXXXXXXXX1XXX0XXXXXXXXXXXXX00XXXXX10XXX0XXXX0X1XXXXXXX1XXXXXXXXX1X1XXXXXXXXX0XXXXX01X110XXXXXXX0XXX
01XXX0XXXXXXXXXXXXXXXXXX1XX0X1XXXXXXXXXX1XXXXXXXXXX0XX10XXXX


Generation 20/100  F=U(0.5, 1.0)  N_hist=3600
------------------------------------------------------------------------------------------------------------------------
110X01XXXX0X1XXXXXXXXXXXXXXXXXXXXXXXXXXXXXXXXXXXXXX0XXX1XXXXXXXXX0XXXXXXXXXXXXXXXXXXXX0XXXXX0XXXX1XXXXXXXXXX1XXXXXXXX0XX
X0110110X1XXXXXXXXXXXXXXXXXXXXXX0XXXXX1001XXX0XXXXXXXXXXXXXX


Generation 21/100  F=U(0.5, 1.0)  N_hist=3780
------------------------------------------------------------------------------------------------------------------------
010X01X0X11X0XXXXXXXX1XX1XXXXXXXX0XXXX01XXXXX0XXXXXXX1XXXXX1XXXXX00XX1XXXXXXXXXXXX1XXXXX0XXXXXXXXXXXXXX11XX0XXXXXXXX0XXX
XXX0101XXXXXX0XXXXXXXXXXXX0XXXXXXX1XX11XXXXXXXXXXXX1XXXXXXXX


Generation 22/100  F=U(0.5, 1.0)  N_hist=3959
------------------------------------------------------------------------------------------------------------------------
0010XX10XXX0X01X1XX0XXXXXX1010X1XXXXXXXXXX0X10XXXXXXXXXXXXXXXXXXXXXXX10XX1XXXXXXXXXX1XXXXXXXXXXX10101XXXXXX1X1XXX1XXXX0X
XXX101XXX11XXXXXXXXX0XXX1XXXXXXXXXXX1XXXXXXXXXX0XXXXXXXXXXXX


Generation 23/100  F=U(0.5, 1.0)  N_hist=4140
------------------------------------------------------------------------------------------------------------------------
11000X0XX1XXXXX11XXXXXXXXXXXXXXXXXXX0001XXXXX1X00X0XXXXXXX0XXXXXX0XXXXXXXXXXXXXXXXXXX0XXXXXXXXXXXXXXXXXXXXXX1XXX1XXXXXXX
X10XXX1XXXXXXXXXXX01XXXXXXX01X0XXXXXXXXXXXXXXX0X01XXXXXXXXXX


Generation 24/100  F=U(0.5, 1.0)  N_hist=4320
------------------------------------------------------------------------------------------------------------------------
10XX001XXXX0XXXXXXXXXXXXXXXXXXXXXXX1XXXXXXXXXXXXXXX01XXXXX1XXXXXXXXXXXXXXXX1XXXXX0XXXXXXXXXXXXXX0XXXXXX0XXXX1XXX0XXXXXXX
XXXXXXXX110XXX1XXXXXX0XXXXX1XXXX00XXXXXXXXXXXXXX0XX0XXXXX1XX


Generation 25/100  F=U(0.5, 1.0)  N_hist=4500
------------------------------------------------------------------------------------------------------------------------
10001001X10XXXXX0XXXXXXXXXXXXXXXXXXXX0XXXXXXXX1XX0XXXXX10X1XXX1XXXXXXXXXX0XXXXXXXXXXXXXXXXXXXXXXXXXXXX1XXXXXXXXXXXXXX0XX
X00XXXX0XXXXXXXXXXXXXXXXXXXXXXXXXXXXXXXXX00XXXXXXXXXXXXXXXXX


Generation 26/100  F=U(0.5, 1.0)  N_hist=4680
------------------------------------------------------------------------------------------------------------------------
00XX1XXX100X110XXXXXXXXXXXXXXXXXXXXXX1XXXXXXXXX1X0XXXXXXXXXX01XXXX10XXXXXXXXXXXX0X0X0XX0XXXX0XX10XX1XXXXXXX0XX00XXXXXXXX
XXXXXXXX1XXXX1XXXXXXX0XXXXXXX00XXXXXX1XXXXXXXXXXXXXXXXXXXXXX


Generation 27/100  F=U(0.5, 1.0)  N_hist=4860
------------------------------------------------------------------------------------------------------------------------
0XXXXXXXX0XXXXXXX01X0XXXXXXXXX0XXXXXXXXX0XXXX1XXXX0XXXXXXXXXXXXX1XXXX110X1X1XXXXXX000X10X00XX0XXXXXXX0XXXXXXX1XXX0XXXXXX
XXXX11XXXXXX0XXXXXXX0XXXXXXXXX0XX1XX1XXXXXXXXXXXXXXXXXXXXXXX


Generation 28/100  F=U(0.5, 1.0)  N_hist=5040
------------------------------------------------------------------------------------------------------------------------
01X0X10XXXXXXXXXXXXXXXXXXXXXXXXX00XX1X0XX0XX0XXXXX0XXXX0XXXX00XXXXX0XXXXXXXX1XXX01X0XXXXXX0XXXXX0XXXXXXX0XXX1XXXXXXX0XXX
XXXXX0XXXXXXXXX0XXXXXXXXXXXXXXXXXXXXXXX0XXXX010X0XXXXXXXXXXX


Generation 29/100  F=U(0.5, 1.0)  N_hist=5220
------------------------------------------------------------------------------------------------------------------------
010X0000X10XXX0XXXXX00X0X1XXX0XXXXXXXX0XXXXXXXXXXXXXX0XX1XX0XXX0XXXXXXXXXXXX1X0XXXXXXXXXXXXXXXXXXXXXXXXXXX000XX0X0XXXXXX
XXXX0X0XXXXXXXXXXXXXXX0X0X0XXXXXXXXXXXXXXXXXXXXX0XXXXXXXXXXX


Generation 30/100  F=U(0.5, 1.0)  N_hist=5400
------------------------------------------------------------------------------------------------------------------------
001+0XX1+XXXXXXXXXXX000X00XXXX00XXXXXXXX00X0X0XX0X0XXXXX1X1XXXXXX0XXXXXXXXXXXXXXXXX01XXXXXXXXXXXXXXXXXX0XXX10XXX1X00XXXX
00000XXXXX0XXXXXXXXXXXXXXXX01XXXXXXXXXXXXXXXXXXXXXX0XXXXXXXXX0


Generation 31/100  F=U(0.5, 1.0)  N_hist=5579
------------------------------------------------------------------------------------------------------------------------
00XXX00XXXXXXXX0XXXXXXXXXXXXXXX0X00XXXXXXXXX0XXX1000XXXXXXXX01XXXXXXXXXXXXXXXXXX00XXXXXXXXXXXXXXXX0XXXXXXXXXXX0XXXXXXXXX
X0XXXXXXXXXXXXXXXXX11XX0XXXXXXXXXXX0XX0XXXXXXXXXX0XXXXXXXXXX


Generation 32/100  F=U(0.5, 1.0)  N_hist=5760
------------------------------------------------------------------------------------------------------------------------
0X0XXXXXXXXXXXXXXXXXXXXXXXXXXXXX1XX0XX1XXX0XXXXXX1X0XXXXXXXXX100XXX00X0XXXXXXXXXXXXXXXXX0XXXXXX0XXXX000XXXXXX0XXXXX0XXXX
XX0XXX10XXXXX0XXX0XXXX0XX1XXXXX00XXXXXXX0XXXXXXXXXXXXXXXXXXX


Generation 33/100  F=U(0.5, 1.0)  N_hist=5940
------------------------------------------------------------------------------------------------------------------------
001X000000XXXXXXXX10XX1XX0XXXXXXXXXXXXXX0XXX01X0X00XXXX0XX00XX00XXXXXXXXXXXXXXXX1XX0XXXXXXXXXXXXXXXXX01X0XXXXX0XXXXXXX0X
XXXXXXXXX0XXXX00XXXXXXXX1+000XXXXXXX0XXXXXXXXXXXXXX0XXXX0XXXX


Generation 34/100  F=U(0.5, 1.0)  N_hist=6119
------------------------------------------------------------------------------------------------------------------------
X1XX1XXXX0XXXX0XXXXXX0XXXXXXXX00XXXXXXXXXXXX0XXXXXXXXXXXX0X0XXXXXXXX01XX1XXXXXXXXXX0XXXXXXXXXXX0XX0000XX0X1XXXXXXXXX00XX
X100X000XXXXXXXX000X0XXX0XXXXXXXXXXXXXXXXXXXXXXXXXXXXXXXXXXX


Generation 35/100  F=U(0.5, 1.0)  N_hist=6300
------------------------------------------------------------------------------------------------------------------------
X100X1XXXXX0X00XXXXXXXXXXXXX0000XXXXXXXXXXXX0XXXXXXXXXXXXXX00XXXXXXXXXXXXXXXXXX1XX0X0XXXXXXXXX1XXXXX0XXX000XXXXXX0XXXXXX
XXXXXXX0XX0XXXXXXXXXXX0XXX0X0XXXXXXXXXXXX00XXXXXXXXXX0XXXXX0


Generation 36/100  F=U(0.5, 1.0)  N_hist=6479
------------------------------------------------------------------------------------------------------------------------
0000XX0XX0XXXXXX0XXXXXX0XXXXXXXXXXXXXXX0XXXX0XX000XXXXXXXXXXXXX0XX00X0XXXXXX0XXXXXXXXXXXXXX000XX0XXXX0XXXXXXXX00XX0XX010
X0X0XX00XXXXXXXXXXXXXXXXXXXXXXXXXXXXXXXX0XXXXXXXXXXXXXXXXXXX


Generation 37/100  F=U(0.5, 1.0)  N_hist=6660
------------------------------------------------------------------------------------------------------------------------
00XXXXXXXXXXXXXX0XXX00X0XX0XXXXXXXX00XXXXXXXXXXXXXXXXXXXXXXXXXXXXX000XXXXXXXXXXXXX0000XXXXXX0X0000XXXX0XXXXXXXXXXXXXXXX0
XXX00XXXX000X00XX0XX0XXXXXXXXXXXXXXXXXXXX000XXXXXXXXXXXXXXXX


Generation 38/100  F=U(0.5, 1.0)  N_hist=6840
------------------------------------------------------------------------------------------------------------------------
0000000XXXX10XXXXXXXXXXXXXXXXXXXX0XX0X00XX0XXXXXXXX0XXXXXXXXXX0XXXXXXXXX00000X00XXX0XXXXXXXX0XXXX0X0XXXXXXXXXXXX0XX00XXX
XXXXXXXXXXXXXXXX0XXX0XXXXXX0X0XXXXXX0XXX0XXXXXXXXXXXXXXXXXXX


Generation 39/100  F=U(0.5, 1.0)  N_hist=7020
------------------------------------------------------------------------------------------------------------------------
0000000X000XXX0X0XXX0XXXXXX0X0XXXXXXXXXXXXXXXXXXXXXXXX0XX1XXX0XX0X0XXXXX00XX0X0XXX0XXXXXXXX00XXXXXXX0XXX00XXXXXXXXXX000X
XXXXXXXXXXXXXXXXXXXXXXXXX000XX10XXXXXXXX00XXXXXXX00XXXXXXXXX


Generation 40/100  F=U(0.5, 1.0)  N_hist=7200
------------------------------------------------------------------------------------------------------------------------
0X0X00XXXXXXXX0X0XXXXXXXXXXX0X0XXXXXX0XX0XXXXXXXXXXXXXXXXXXXXXXX00XXXXXXX0XXX0XXXXXXX0X0XXX0X0XXXXXXX0XXXXXXXX0XX0XX00XX
XX00XXXX0XXXX0+XXXXX0XXXXXXXXXXXXXXXX0XXXXXXXXXXXXXXXXXXXXXXX


Generation 41/100  F=U(0.5, 1.0)  N_hist=7380
------------------------------------------------------------------------------------------------------------------------
00000X0XX0XX0XXXXXXXXXXXXXXXXXXXXX0X0XXXXXXXX0XXXXX0X0X0XXXXXXXXXX00XXXXXX0X000X1XXXXXXXXXXXXXXXXX00XXXX0XXXXXXXXX0XXXXX
00XXXXXXXX0XXXXXXXXXX0XXXXX0XXX00XXXXXXXXXXXXXXXXXXX00XXXXXX


Generation 42/100  F=U(0.5, 1.0)  N_hist=7558
------------------------------------------------------------------------------------------------------------------------
0000X00XXX00XXXX0XXXXXX00X0XXXXXXXXXX0XXXX0XXXX0XXXXX0XXXXXX0XXXXXXXX0XXXXXXXXX00XXX000X0X0XXXXXXXXXX0X0XXXXXXXXX0XXX0XX
X0X0XXX1XXXXXXXX0X0XXXXXXXXXXXXXXXXXXXXXXXXXXXXXXXXXXXXXXXXX


Generation 43/100  F=U(0.5, 1.0)  N_hist=7740
------------------------------------------------------------------------------------------------------------------------
0000X0X00XXXXXX0XX00XXX0000XXXXXX0XXXXXXXXXXXX0X0XXX00XXXXXXXX0XXXX0X00+00XXXXX0XXXXXX0XXXXXXXXXXXXX0XXXXXXXX0X0XXXX0XXX
0XXX00XXXXXXX00XXXXX0XXXXXXXXX00X0XXXXXXXXXXXXXXXXXXXXXXX0XXX


Generation 44/100  F=U(0.5, 1.0)  N_hist=7920
------------------------------------------------------------------------------------------------------------------------
00000000X000XXXXXXXXXXXXXX0X0XXXXX0XXXXXXXXXX0X000X0XXXXXXXXXX0XXXX0XXXXXXXX0XXXXXX000XX0XX0XXXXXXXX0X0XXXXXXXXXXXXXXXXX
XXXXXXXX0XXXXXXXXX0XXXXXXXXXXX0X0X00XXXXXXXXXXXXXXXXX0XXXXXX


Generation 45/100  F=U(0.5, 1.0)  N_hist=8100
------------------------------------------------------------------------------------------------------------------------
0000XX0XXXXXXXXX00+XXX0XXX000X0XXXXXXXXXXXXXXXXXXXXXXXXX0XXXXXXXXXXXXXXXX000XXXXXXXXX0XXXXXXX0XXXXXX0X0000X00XXXXXXXXXXX
XXXX00XX0000XXXXXX0XXXXXXX0XXXXXXX0XXXXX0XXXXXXXXXXXXXXXXXXXX


Generation 46/100  F=U(0.5, 1.0)  N_hist=8280
------------------------------------------------------------------------------------------------------------------------
000XX0XXX0X0X000X0XX0XX0XXXXXXXXXXXX00XXXXX0XXXXXXXXXXX00XXXXX0XXX00XXXXXXXXXXXX0XXX00X0XX0XXX0XXXXXX0000XXXXX00XXXXXXXX
XXX0XXXXXXXXX0XXXXXXXXXX0XXXXXXXXX0000XXXXXXXXXXXX0XXXXXXXXX


Generation 47/100  F=U(0.5, 1.0)  N_hist=8460
------------------------------------------------------------------------------------------------------------------------
0000000000XXXXXXXXXXX0XXX0XXXX0X0XXXXXXXXXXXXX0XXXX0XX0XXXX00X0XXXXXXXXXX0XX0XXXXXXXXXXXXXXXXXXXX00XXXXXXXXX00X0000XXXXX
0XXXXXXXX00XXXXXXXXXX0XXXXXXXXX0000X0XXXX000XXXXX00XXXXXXXXX


Generation 48/100  F=U(0.5, 1.0)  N_hist=8640
------------------------------------------------------------------------------------------------------------------------
000X0XX0XXXXXXXXXX0XXX0XXXXXXXXXXXXX000X0XX00XX00X0XX0XXXX00XXXXXXXXXX0XXX0XXXXXXXXXXXXXXXXXXXXXXX0X00X0X00XXXXXXXX0XXXX
0XXX0X0X0X0XXXXXXXXX0XXXXX0XXXXXXXX00XXXXXXXXXXXXXXX00XXXXXX


Generation 49/100  F=U(0.5, 1.0)  N_hist=8820
------------------------------------------------------------------------------------------------------------------------
00000X0XXXX0XX000XX0X0XXXXXXXXXXXXXXXXXXXXXXX0X0XXX00XXXX0XX00X0X0XX0XX0X000X0XXXXXXXXX00XXXXXXXXX00X0XXXXXXX0X000XX0X00
XXXXXXXXXXXXXX00XX0XXXX00XX000X0XXXXXXXXXXXXXXXXX0XXXXXXXXXX


Generation 50/100  F=U(0.5, 1.0)  N_hist=9000
------------------------------------------------------------------------------------------------------------------------
0000000000X0000XXXX0000XXX0XX0000XX00XXXXX0XXXXXXX00XX0XXXXXXXXXXX000XXXXX00X0XXXXX0XXXXXXX0XXXXXXX000XXXXXXX0XXXXXXXXXX
XXXXX0XXXXX00XXXXXXX00XXXXXXXXXXXXXXX00XXXXXXXXXXX000X0XXXXX


Generation 51/100  F=U(0.5, 1.0)  N_hist=9177
------------------------------------------------------------------------------------------------------------------------
00X00XXXXXXXXX000XXXXX0XXXXXXXXXXXXX0XX0XXX0XXXXXXXXXX0XXX0XX00X00X0X00XXXXXXX0XXXXXXXXXXXXX0X0XX0XXX0XXXXXXXXXXX0XXX0X0
00X0XXXXXXXXXXX0XXX00XXX0XXXXXXX0XXXXXXXXXXX00XXXXXXXX0XXXXX


Generation 52/100  F=U(0.5, 1.0)  N_hist=9360
------------------------------------------------------------------------------------------------------------------------
0XX0X00XX0X00XX0XXXX0XXXXXXXXXXX0XXXXXXXXXXXXXXX00XX0XXXXXXXXXXXXX00XXXXXXXXXXXXXX00000XX00X0XXXXXXX00X0XX0+0X0XX00X0XXX
XXXXXXXXXXXXXXX0XX0XXXX0XXXXXXXXXXXXXXXXXXXX0XXX00XXX0XXXXX0X


Generation 53/100  F=U(0.5, 1.0)  N_hist=9539
------------------------------------------------------------------------------------------------------------------------
00000000X0000000X0X0XXXX0XXXXXXX0XXXXXXXX000XX00XXXXXXXX0XXXXXXXXX0XX0X00XXXXXX0000XXXXXXX00XX0XX0XXXXXXXXXX00XXXXXXXX0X
XXXXXXX0XXXXXX00XXX0XXXX0XXXXX0XX00XXXXXXXXXXXXXXXXXXXXXXXXX


Generation 54/100  F=U(0.5, 1.0)  N_hist=9720
------------------------------------------------------------------------------------------------------------------------
00000XX0000X0XXXX0XXXXXXXXX0XXX0XXXXXXX00X0XXX00XXXXXXXXXXXXXXX0X00XX0XXXXXXXXXXXX00000X000XX0XXX0XXXXXXX00XXXXXXXXX00XX
X00XXXXXXX0XXXXXXXXXXXXXXXXXXXXXX000XX00XX0XXXXXXXXX0XXXXXXX


Generation 55/100  F=U(0.5, 1.0)  N_hist=9900
------------------------------------------------------------------------------------------------------------------------
00000X0X00X00XXXXXX0X00XX0XXXXXXXXXXXXXXXXXX00XXXXX0XXXX0X0XX0XXXXX0X0X0XXXXXXX0XXXXXXXXXXXX0XXXXXXXXXX0X0X0X0XXXX0XXXXX
XXXXXX0XXXXX0X00XXXX0X0XX00XXXXXXXXXXXXXXXXXXXXXXXX00X0XXXXX


Generation 56/100  F=U(0.5, 1.0)  N_hist=10080
------------------------------------------------------------------------------------------------------------------------
00000X0XXXX0XXXXXX0XXXX0XXXXXXXXXXXXXXXXXXXXX00XXXXXXX0XXXXXXXX0XXXX0XX00XXXXXXXXXXXXXXXX00XXX0XXXXXXXXXXXXXXXXXXXXX0XXX
00XXXXXXXXXXXXXX0X0XXXXXXXX0XXXXXXX00XXXX0X0XXXXXXXXXXXXXX0X


Generation 57/100  F=U(0.5, 1.0)  N_hist=10260
------------------------------------------------------------------------------------------------------------------------
00000000X00XX00XXXX0XXX0X000XXXXXXX0XXXXXXX0XXXXXXXXXXXXX0000XXX0XXXX0XXXXXX000X0X00XX0XXXXXXXXXXX0XXXXX0XXXXXX0XXXXXX00
0X0XXX0XXXXXXXXXXXXXXXXXXXXX00XXX0XXXXXXXXXXX0XXXX0XXXX0XXXX


Generation 58/100  F=U(0.5, 1.0)  N_hist=10439
------------------------------------------------------------------------------------------------------------------------
0000000000XXXXXXXXXXXXXXXXXX0XXXXXXXXXXXXXX00XXXXXXXX0XXX0XXX00XXXXX0XX00XXX0XXXXXX00XX0000XXXXX0XXXXXXXX00XXXXXXXX0XXXX
X0XXX0XXXXXXXX0XXX0XXXXXXXXX00000XXXXXXXXXXXXXXXXXXXXXXXXXXX


Generation 59/100  F=U(0.5, 1.0)  N_hist=10620
------------------------------------------------------------------------------------------------------------------------
000000X000XXXXX000XXXXXXXXXX0X00XX00XXXX0XXX000XXXXX0XXXXXXXXXXXX00X000XXXXX0X0X0X00X0XXXXXXXXXXXXXXX0XXXX0XXXXX0XXXXXXX
XXX0XX0XXXXXXXXXXX00XXXXXXXXXXXXXXXXXXXXXXXXXXXXXX0+XXX00XX0X


Generation 60/100  F=U(0.5, 1.0)  N_hist=10799
------------------------------------------------------------------------------------------------------------------------
000XXXX0XX0XXXXX0XXXXXX0XXXX0X00XXXX0XXXXXXXXXXXXXXXX00XXXX00X0X0XXXXXX0XXXXXX0X0X0XXXXX000XXXXX0X0XX000000XX0X0XXXXXXXX
X00XXXX00XXXXX00000XXXXX0XXXXX0XXXXXXXXX00XXXXXXXXXX0XXXXXXX


Generation 61/100  F=U(0.5, 1.0)  N_hist=10980
------------------------------------------------------------------------------------------------------------------------
00000000XXXXXXX0XXXXXXXXXXXXXXX00XXXXXXXXXXXX0XXX00X000XXXX00XXXXX00XXXX000XX0XX0XX0XXXX0XXXXXXXXXXXXXXX0000X0XXX00XX00X
00XX000X0XXXXX0XX00XXXXXXX0XXXXXXXXXXXXXXXXXXXXXXXXX00XXXXXX


Generation 62/100  F=U(0.5, 1.0)  N_hist=11160
------------------------------------------------------------------------------------------------------------------------
000XX00XXXXXXXXXXXXXXXXXXXXX00XXX000XXX000XXXX0XXXXX0+XX0X00XXX0XXXXXX0XXXXXXX0XXXXXXX00XX0XXXXXXXXXXXXXXXXXXXXX0XXXXXXX
XXXXX00XXXXXXXXXX00X00000X000XXX00XXXXXX0XXXXXXXXXXXXXXXXXXXX


Generation 63/100  F=U(0.5, 1.0)  N_hist=11340
------------------------------------------------------------------------------------------------------------------------
0000000X0X0XX00X0XXXXXXXXXXX0XXXXX00XX0XXXX0XX0XXXXXXXXXXX0000XXXXXX0XXXXXX0XXXXXXX0XX0X0X0X0XXXX0XX0000XXXXXXXXXX0XX0XX
XX0X0XX000XXXXXXXXXXXXXXXXXXXXXXXXXXXX000XXXXX00X0XXXXXXXXXX


Generation 64/100  F=U(0.5, 1.0)  N_hist=11520
------------------------------------------------------------------------------------------------------------------------
000X00XX0XXXXX0XXXXXXXXXXXXXX00+XXXX00XX0XXXX0XXXX00XXX00X0XXXXXXXXXX0XXXX0XXXX0XXXX0X00XXXXX0XXXX00XXXXXXXX0XXXXXXXXXXX
XXXX00XXX0XXXXXX00XXXXXX0XXXXXXXXX0XXXXXXXXXXXXXXXXXX0XXXX00X


Generation 65/100  F=U(0.5, 1.0)  N_hist=11700
------------------------------------------------------------------------------------------------------------------------
00000X0000XXX0X00XXXXXXXXXXXXXXXXXXXXXXXXXXXXXXXXXXXXX0XXXXX0XXXX0X0X00XXXX0X00XX0X00XXXXXXXXXX0XXX0XXXXX00XXXXXXXXXXX0X
XXXX00XX00XXXXXXXX0X0XXXXX0XXXXXX0XXXXXXX0XXXXXXXXXXXXXXXXXX


Generation 66/100  F=U(0.5, 1.0)  N_hist=11880
------------------------------------------------------------------------------------------------------------------------
000000000X00X00XXX0XXXXX0XXX000XX00X00XXXXXXXXX0XXXXXXX0XXXX0X00XXXXXXXXXXX00XXXXXXXXXXXXXXXXXX0000X00XX00XXXXXXXXXXX0XX
XXX0XXXXXX0X0XX0X00XXXXXXXXX0XXXX0XXXXXXXXXXXXXXXXXXX000XXXX


Generation 67/100  F=U(0.5, 1.0)  N_hist=12060
------------------------------------------------------------------------------------------------------------------------
0000X0XXXXX0XXX0XXXXXXXXXXXXXXXXXXXX0XXXXXXXX00XXXXX0XX000XXXXX00X0XXXXXXXX0000XX0+XXXX0XX0XX0XXXX0XX000XXXXXXXXXXXXXX00
XXX0XXXXX0XXXXXX00X00X00XXXXXXXXXXXXXXXXX0XX0X0XXXXXXXXXXXXXX


Generation 68/100  F=U(0.5, 1.0)  N_hist=12240
------------------------------------------------------------------------------------------------------------------------
000XXXX00XXXX0XXXX00XXXXXXXXXX0XXXXX0XXXXXXXXXX00XXXX0X0XXXXXXXX000+0XXX00XXX000XXXXX0XXXX0XX0XX0000XXXXXX0X0XXXXXXXX00X
0X00XXXXXXX0XXXXXX0X00XXXXXXXXXXXXXXXXXXXXXXXX0XXXXXXX0XXXXXX


Generation 69/100  F=U(0.5, 1.0)  N_hist=12418
------------------------------------------------------------------------------------------------------------------------
0000000XXXXXX0XX00XXXXXXXXXXXXXXXX0XXX0X0X00XX000XXXXXXXXXXXXXXXXX0XXX0XXX000XXX0XX0X0X0XXXXXXXXXXXXXXXXXXXXXXXXXX0XXXXX
XXXXX0XXXXXXXXXXXXXX0XXXXXX0XXXXXXXXXXXXXXXXXXXXXXXXXXXX0XXX


Generation 70/100  F=U(0.5, 1.0)  N_hist=12600
------------------------------------------------------------------------------------------------------------------------
0X0X0XX0XXXX0XXXX0XX00XXXXX0X0XXXXXXXX0XXX00XXXXXXXX0XXXXXXXXXXXXXXXX0XX0XX0XXXX0XX0XXXX0XXXX0000XX0XXX00XXXX0XXXXXXXXXX
XXXXXXXXX0XX0XXXXXX0XXXXXX00XX00XXXXXXXXXXXXXXXXXXXXXXXXXXXX


Generation 71/100  F=U(0.5, 1.0)  N_hist=12780
------------------------------------------------------------------------------------------------------------------------
000X00X0XXXXX0XXXXXX0XXX000X0XXXX0XXX00XXX0XXX0X0XXXXX00XX00XX0XX0XXXXXXX0XX0XX000XXXXXXXXXXXXXXXXXXXXX00XXX00XX000X00X0
X00XXXXXXXXXXXXXXXXX00XXXX00XX0XXXXXXXXXXXXXXX0XXX00XXXXXXXX


Generation 72/100  F=U(0.5, 1.0)  N_hist=12960
------------------------------------------------------------------------------------------------------------------------
00000000X000X0XX0XX0XXXXXXXXXXXXXX0X0XXXXX0XXXXXXXXX0XXXXX0XXXXXXXXXXXXXXX0XXXXXXXXXXX0XXXX000XXXX0X00XXXXXX0XXXX000XXXX
X0X00000XXXXXXXXXXXXXX0XXXX0X00XX0XXXXXXXXXXXXXXXXXXXXXXXXXX


Generation 73/100  F=U(0.5, 1.0)  N_hist=13140
------------------------------------------------------------------------------------------------------------------------
000000X000X0XXXXXXX0X000X0X0XXXXXX0XX00XXXXXXXXXXXXX0+0XXXXX00X0XXXXXXXXXXXXXXXXXXXXXXXXX0XXXX0XX000XX0X0XX0XXXXXXXXX000
XXXXX00XX0XXXXX0XXX0XXXXXXXXXXXXXXXXXXXX0X00X0XXXXXXXXXXXXXXX


Generation 74/100  F=U(0.5, 1.0)  N_hist=13320
------------------------------------------------------------------------------------------------------------------------
000000X00XXX00XXXXXXX0XX0XXXXX0XXXX0X0XX00XXXXXX0X0XXXXXXXXXXXXXX00XXXXXXXXXXXX0XXXXXXXXXXXXXX00XX0X0XXXX0X00X00XXXXXXXX
XXXXXXXXX0XX0XXXX0XXXXXXX00X0XXXXXXXXXXXXXXXXXXXXX0XXXXXX0XX


Generation 75/100  F=U(0.5, 1.0)  N_hist=13498
------------------------------------------------------------------------------------------------------------------------
00X0000XX0XXXXXXXXX0XXXXXXXXXX0XXXXXXXXXX00XXX0X0XX0XXX0XXXXXXXXX0XXXXX0XXXXX00XXX0000XX0XX0XXXXXXXXXX00X00XXXX00XXXXXXX
XX0XXX0XXXXX0XXXXXXXXXX000XX0XXXXX0XXXXXXXXXXXX0XXXXXX0XXXXX


Generation 76/100  F=U(0.5, 1.0)  N_hist=13680
------------------------------------------------------------------------------------------------------------------------
000X0X0XXXXXXXX0XX0XXXXXX0XXXX00XXXXXXXXXXXXXXXXXXXXXXXXX0XXXXXXXXXXXXX0XXXXXXXXX000XXXXX0XXXX00XXXXXXXX0XXXXXXXXX00XX0X
00XXX000XX0000XXXXX00X00XXXXXXXXXXX0XX0XXXX0XXXXXXXXXX0XX0XX


Generation 77/100  F=U(0.5, 1.0)  N_hist=13859
------------------------------------------------------------------------------------------------------------------------
0XX00XXX0XX0XXX0000X000XXXXXX00XXX00XXXXXXXXXXX0XXX0XXXXXXX0X00XXXXXXXXXXXXXXXXXXXXXXX0XX00XXXXXXXX0XXXXXXXXXXXXXXXXXXXX
XX0XXXXXXXXX0XXX0XXXXX0+00XX00XXXXXXXXXXXXXXXX00XXXX0XXX0X0XX


Generation 78/100  F=U(0.5, 1.0)  N_hist=14038
------------------------------------------------------------------------------------------------------------------------
00000XXX0X0XX00XXXXX0XX0XXXXXX000XX00XX0XXXXX0X0XXXXXXXXX0XX0XXXXXX0XXXXXXX00XXXXXXXX0XXX0X0XX0XXX0XXXXXXX0XXXXXXX00X000
XXX00XXXXX0000XX0XXXXX00X0XXXXXXXXXXX0XXXXXXXXXXXXXXXXXXXXXX


Generation 79/100  F=U(0.5, 1.0)  N_hist=14220
------------------------------------------------------------------------------------------------------------------------
0000000000XXXXXXXX0XX000XXXXXXXX00XXXXXXXXXXX0XX0XXXXXXXXX00XX0XXXXX000XX0X0XXX00XXXXXXXX000XXXXXXXX000XXXX0XXXXX0X0XXXX
X0000XXX0XXXXXXX0X00XXXXXXXXXXXXXXXXXXXXXXXXXXXXXXXXXXXXXXXX


Generation 80/100  F=U(0.5, 1.0)  N_hist=14400
------------------------------------------------------------------------------------------------------------------------
000X0XX0XX0XXXXXXXXXXXXX0XXXXXXXXXXXXX0XXXXXXXXX0X000XXXXXXXX0000X0XXXXXXXXXXX00X00XX0000X0000XXXXXXXX0XXXX0X0XXXXXXX0XX
XXXXXXXXXXXXXXX0XX0XXXXXXXXXXXXXX0000XXXXX0XX000XXXXXXXXXX0X


Generation 81/100  F=U(0.5, 1.0)  N_hist=14580
------------------------------------------------------------------------------------------------------------------------
0000XX00XXX0XXXXXX0XXXXX0XXXX0XXXXXXX00XXX0XXXXXXXXXXXXXX0XXXXX00X0XXXXXXXXXXX0XXXXXXXXX0XXXXXXXXXXX0XXXXXXXXXX0XXX0X0XX
0XXXX0X0X0X0X0000XXXXXXXXXXXXXXX00XX000XXXXXX0XXXXXXXXXXXXXX


Generation 82/100  F=U(0.5, 1.0)  N_hist=14760
------------------------------------------------------------------------------------------------------------------------
00000000XX0XXXX0X0XXXXXX0XXXXXXXXX0XXXX00XX00X0000XXXXX00XXX0XXXXXXX0X0XXX000XXXX0XXXXX0XXXX00XXXXXXX0000XXXXXXXX0XX0XXX
XXXX0XXXXXXXXXX0XXXXX0XXX00XXXXXXXXX0XXX0XXXXXXX0XXXXXXX0XXX


Generation 83/100  F=U(0.5, 1.0)  N_hist=14940
------------------------------------------------------------------------------------------------------------------------
00000XX00X0XXX000XXXXXXXXXXXX0XXXXX00XXXXX0XX0XXX0XXXXXXXX0XX0X0XXXXXXXX0XXX0XXXX0XX0X00000X0XXX0XXXXXXXXXXXXX00XXX0XXXX
XXX00XX0XXX0X0XXX0X0XXXXXX0XXXXXX0X0X0X00000XXXXXXXXXXXXXXX0


Generation 84/100  F=U(0.5, 1.0)  N_hist=15119
------------------------------------------------------------------------------------------------------------------------
000000000X00000XX0X00XXXX000XXXXXXXXXXX00X00XXXXXXXXXXXX0XXXXX0X0XXXXXXXXX0XXXXX0XX000X0XX00XXXXXX0XXXXXXXXXXXXXXXXXXX00
X00000XX0X0XXXXXXXXXXX00XXXXXXXXXXXXXXXXXXX0XXXXXXXXXXXXXXXX


Generation 85/100  F=U(0.5, 1.0)  N_hist=15300
------------------------------------------------------------------------------------------------------------------------
0000000X000X0XX00XXXX00XXXX0XXXXX0XXXXXXXXXXX0XXXXXXXXXXXXXXXXXXXXX0X0XX0000XXXXXX0XXXXXXXXXXXXXXXXXXXXXX0XXXXXXXXX0XX00
00XX0X0X0XXXXXX00XXXXXXXXXXX0+XXXXXXX00XX0XX0XXXXXXX0XXXX0XXX


Generation 86/100  F=U(0.5, 1.0)  N_hist=15479
------------------------------------------------------------------------------------------------------------------------
X00XXXX0XX0XXXXXX0XXXXXXX0XX0XX00X0XXX00XXXXXXXXXX0000XXXXXXXX00XXXXXXXXXXX0XXXXXXXXXXXXXXXX00XX0XXXXX00XXXXXXXX0000X00X
00XXXX00XXXXXXXXXXX0XXXXXXXXXXXXXX0XXXXXX00XXXXXXXXXXXXXXXXX


Generation 87/100  F=U(0.5, 1.0)  N_hist=15660
------------------------------------------------------------------------------------------------------------------------
0000X0XXXXXXXXXXXXXXXXX0XX0XXXXXXXXXXXXXXX000X0000XXXXXXXXXXXXXXXXXXXXXX0XXX0XXXXXX000XXXXX0XXXXXXX000XXX00XXX0XXXXXX00X
00XXXXXXXX0XXXXXXXXXXX0000XX0XXXXXXXXXXXXXXX0XXXXXXXX00X0XXX


Generation 88/100  F=U(0.5, 1.0)  N_hist=15839
------------------------------------------------------------------------------------------------------------------------
000000XX0X0000XXXX0XX00XXXXXX0XXXXXXXXXXXXXXXXX0XXX00XX00XX0XXXX0XXXXX00X00XX00XX0X00X0X0X0X0XXXXXXXXXXXX0XXXXXX00XXXXXX
X00X00000XX0XXXXXXXX000X0X00X00XXXXXXXX0XXXXXXXX0XXX0XXXXXXX


Generation 89/100  F=U(0.5, 1.0)  N_hist=16019
------------------------------------------------------------------------------------------------------------------------
000000X00000XXXXXXXXXXXXXXXXXXXXXXXXXXXXXXXXXXXXXXX00XXXX0XX0000X0XXXXXXXXXX0X0XXXXXX00X000XXXXXX0X00XXXX0X00X0X00XXXXXX
X00XX00XX00XXXXX0XXXXXXXXXXX00XX0XX00XXXXXXXXX00XX0XXXXX0XXX


Generation 90/100  F=U(0.5, 1.0)  N_hist=16198
------------------------------------------------------------------------------------------------------------------------
00000000X0XX00XXXXXXXXXX0XXXXXX0XXXXXXXXXXXXXXX000XXXX0XXX00XX000XXXXXXX000XX000X0XXX00XXXXXXXXXX0XXXXXXX0XXX0XXXXXXXXXX
X00XXXXXXXXXX0XXXXX0XX0XXXXXXXXXXXXX0X0XX0XX0XXXXXXXX00XXXXX


Generation 91/100  F=U(0.5, 1.0)  N_hist=16380
------------------------------------------------------------------------------------------------------------------------
0X00XX000X0XXXXXXXXXXXXXX000+000XXXXXXX00XX0XXXXX00XXXXXX00XXX000X0XXXXXXX0X00XXXXX000000XXXXXXXXXXXXXXXXX0XXX0XX0XXXX0X
XXX00XXX0XX000X0000X0XX00X0XX0XXXXX00XXXXXX0XXXXXXX00XX0XXXXX


Generation 92/100  F=U(0.5, 1.0)  N_hist=16558
------------------------------------------------------------------------------------------------------------------------
000000XX00XX000XX0XXXXXXXXXXXX00XXXXXXXX00XXXXX00XXXXXX000X0XXXXXXXXXXXXXXXXX00X0XXXXXXXXXXX00XXXXXXXXXX000X0X0XXXXXXXXX
XXXXX0XXXXXXXXXXXX00XXXXXXX00XX0000X00X0XXXX0XXXXXXXXXXXXXXX


Generation 93/100  F=U(0.5, 1.0)  N_hist=16740
------------------------------------------------------------------------------------------------------------------------
0X00XXXXXXXX0X0X0XXXXX00000XXX0XXXXXXXXX0XXXXXXXXXXXXXXXXX0XX0XXXX00X00XXXXXXXX0XXXXXXX00X000XXXXXXXXXX00XXXXXXXXXX0XX00
XX0XXXXXXX00XXXXXX000X0X0XXXXXXXX0XX0XXXXXXXXXXXXXXXXXXXXXXX


Generation 94/100  F=U(0.5, 1.0)  N_hist=16920
------------------------------------------------------------------------------------------------------------------------
00X0XX00X0XX0XXX0XX0XXXX0XXX0XXXX00XXXXXXXX000XX00X00XXXX0XX0X0XXXX0XXXXXX0XXXXXXXXXXXXXXX0XXXXXXXXXXXXXXXXXXX0XX0+XXX0X
XXXX000XXXXX0XXXXXX0XXXXXX0XXXXXX0XXXXXXXX0XXXXXXXX00XXXXXXXX


Generation 95/100  F=U(0.5, 1.0)  N_hist=17100
------------------------------------------------------------------------------------------------------------------------
000X0000XXXXX000X0XXXXXXXXXX0XX00XXXXXXXX0XX0XXX0XXXXXXXXXXXXXXXXX0XX00XX0XXXXXXXXXXX0XX0XXX0X0XX0XXXXXX0XXXXXXXXX0X00XX
XXXXXXXXXXX00XXXXXX0X0XXXXXXX0XX0X0XXXXXXXXXX0XX0X0XXXXXXXXX


Generation 96/100  F=U(0.5, 1.0)  N_hist=17280
------------------------------------------------------------------------------------------------------------------------
0000000+00000XXXXXXXXXXXXXX0XXXX0XXXXXXXXX0XXXX00XXXXX00X0XXX00XX0000XX0XXXXX00000XXXXXX0XXXXXXXXXXXXXXXXXXXXXXXXXXXXX0X
XXXXX0000X00XXXXXXXXXXXX0000X00000000XXXXX0XXXXXXXX0XXXXXXXXX


Generation 97/100  F=U(0.5, 1.0)  N_hist=17459
------------------------------------------------------------------------------------------------------------------------
00000XXXXXXXXXXXX00XXXXXXXXXXX00XXXX0XXXXX00XXXXXX0XXXXXXX0X0XXXXXXX0X0XXXXX0X0XX000XXXXXXXXXXXXXXXXX00XXXXXXXXXXXXXXXX0
000XXXXXX00X0XXXXXXXXXXXXX0XXXXXXXXX0XXXX0X0XXXXXXXXX0XXXX0X


Generation 98/100  F=U(0.5, 1.0)  N_hist=17639
------------------------------------------------------------------------------------------------------------------------
000XX000XXXXXXXX00XX0XXXXXXX0000XXXX0X0XXXXXXXXX000XXXXXXX00X0XXXXXX0XXXXXX0XXXX00X0X00X00X000X00XXXXXXXXXXXXXXXXXX0XX0X
XX0XX0X0XXXXXXXXX0XXXXXXXXXXX0XXXXX0XXXX0XXXXXX00XXX0XX0XXXX


Generation 99/100  F=U(0.5, 1.0)  N_hist=17818
------------------------------------------------------------------------------------------------------------------------
000X00XXXXXXXXXX0XX00XX0XXXX0X0XXXXXXXXXXXXXXXXXXX00XXXXXXXXXXXX00XX00XXXX0XXXXXXXXXXX0XXXX0X0XXX0000X0X0X0XXXXX0XXX000X
XX0XXX0XXXX0XXXXXXXX0XXXX00XXX0XXXXXXXXXXXXXXX0XXXXXX0XXXXXX


Generation 100/100  F=U(0.5, 1.0)  N_hist=17999
------------------------------------------------------------------------------------------------------------------------
00000X0000X0XXXXXXXXXX0XX00XXXXXXXXXXXXXXXX0XXX0000X0XXX0XX000X00XXXXXXX0000XXXXX00XX0XX0000X0XXXXX0XXXXXXXX0XXX0XXXXXXX
0XXXXX00X00X0XXXXXXX00+0X0XXXXXXXXXX00XXXXXXXX0XXXXXXXXXXXXXX

Maximum number of iterations reached.

SSE=28.736 on eval 18180: L=3.33209e+07 b=0.0422009* r=0.194461 rf=0.999947** t0=68.414 th=10.0005*


Shutting down DE...
DE shutdown complete.

Final population:
Population: 180 individuals with SSE 28.736 to 28.741, avg eval time 0.0248 sec. Top 7:

        SSE |     28.736       28.736       28.736       28.736       28.736       28.736       28.736  
------------------------------------------------------------------------------------------------------------------------
          L | 3.3321e+07   6.4964e+07** 4.7162e+07   5.5281e+07   5.9896e+07   5.1165e+07   3.8758e+07  
          b |   0.042201*    0.015202*    0.089155*     0.12658*    0.043567*      0.2654*    0.034103* 
          r |    0.19446      0.19477      0.19492      0.19464      0.19541      0.19442      0.19478  
         rf |    0.99995**    0.99998**    0.99988**    0.99997**     0.9999**    0.99994**    0.99976**
         t0 |     68.414       68.381        68.38       68.382       68.351       68.407       68.397  
         th |         10*      10.003*      10.002*      10.001*      10.004*          10*      10.001* 
------------------------------------------------------------------------------------------------------------------------
Best individual:
<SSE=28.7359 L=3.33209e+07 b=0.0422009* r=0.194461 rf=0.999947** t0=68.414 th=10.0005*>


Elapsed time: 215.93 seconds

Saved final population of best parameter combinations to covid19.dat
Shutting down...
Task Queue is shut down
Goodbye
