Downloading covid19.csv.bz2 data file from edsuom.com...
Decompressing and parsing covid19.csv.bz2...

Initializing 200 population members having 4 parameters
------------------------------------------------------------------------------------------------------------------------
*!7!99!99999999999999999999999999999999999999999929999999979999999939999999999994099999999999999999999!99999999999999499
99999999999999999992999999999999999979999999999999999999999999999999999999999999

Population: 200 individuals with SSE 15.431 to 8.2533e+06, avg eval time 0.00363 sec. Top 7:

        SSE |     15.431         15.8       16.075       27.597       31.567        41.61        55.67  
------------------------------------------------------------------------------------------------------------------------
          L |  1.081e+06   1.4048e+05*  3.7473e+06   1.8754e+06   4.4673e+06   3.4746e+06   1.0617e+06  
          a |   0.036078     0.043726     0.041895     0.029732     0.037098     0.049006**   0.019891  
          k |   0.013719     0.014517      0.01435     0.015517     0.014602     0.012753     0.015711  
         t0 |     1668.8         1501*      1735.8       1646.6       1731.4       1797.8**     1597.2  
------------------------------------------------------------------------------------------------------------------------
Best individual:
<SSE=15.4314 L=1.08096e+06 a=0.0360777 k=0.0137192 t0=1668.82>

Performing DE with CR=0.8, F=U(0.5, 1.0), DE/rand-1.00/1/bin
------------------------------------------------------------------------------------------------------------------------
Press the 'Enter' key to abort.



Generation 1/50  F=U(0.5, 1.0)  N_hist=200
------------------------------------------------------------------------------------------------------------------------
9XXX99XXX91195XXXX9XXXXXXX711XXX9X9X24XX19X9XX94XXX23XX999XXXXX9XX89999X9X9XXX06X2X99XXX3994619X99X1X9XXX4XXX9199XXXX9X2
9299XXX4XXX19X9XXXXX79X1X4XXX1X93X1999X9X4X89XX2991924XX9XXXX9X6X9X799979992XX29


Generation 2/50  F=U(0.5, 1.0)  N_hist=400
------------------------------------------------------------------------------------------------------------------------
XX32X99X6X2X9112XX23XXX969XXX9XXXX91XX11XXX96XXX37XXXX391X2X9X99XXXXXXX91XX3XXX12X1XXXX0X490XXXXXXX9X59384X2XXX99XXX9X9X
X194195X4XXX4X9X8XX49699XXX6X399XXXXXXXXX99299129XXX1XX0946294X19XXX3X992XXXX4XX


Generation 3/50  F=U(0.5, 1.0)  N_hist=600
------------------------------------------------------------------------------------------------------------------------
X9X3XXXXX2XX9X9X189XX9XXX9XXXXX9XXXX2XXX49X3XX2XXXXXXXXXX181XXXXXXXXXXXXXXXX1XXXX1XXX9XXXX24X1XX6XXX422X3X9XX9XX99X29XXX
XXX9XXXX26XXXXX4XX3X7XX74221XXX2XX41X1XXXX6X1XX976XX325X9XXXX27XX68XX8XX1X9XX98X


Generation 4/50  F=U(0.5, 1.0)  N_hist=800
------------------------------------------------------------------------------------------------------------------------
XXXXX9XX1X72XXXXXX16699XXXXXXX9XX6XXXX9X7XXXXXXXXX9XXX3X18X3XXXXXXXX4XX9XXXX7XXXX9X9X9XX1XXXXXXX99XXX59XX931XXXX9X3282XX
X94X14X1XXXXXXXX32X7X3XX2XX2XX225XXX2X2XXX8XX92X3926XXXXXXXXX4XXX95XXXXX62XXXXXX


Generation 5/50  F=U(0.5, 1.0)  N_hist=1000
------------------------------------------------------------------------------------------------------------------------
XXXXXXXXX99XXXXXXXX1XXXX3X0XXXXX6XXXXX9XXXXXXX3XXX029X1XXXX2X2XX1X3XXXXXXXXXXX5XXXXXX1XX1XX1X1X599+XXXX4X976XXXXXX2XXXXX
XXXXXXX9XXXXX252X2XXXXXXX6XXX4XXXX0XXX9XX1X3X2XXXXX1X6XXXX1XXX3X9XXXXXXX2X2X3X5XX


Generation 6/50  F=U(0.5, 1.0)  N_hist=1200
------------------------------------------------------------------------------------------------------------------------
XXXXXXXXXXX89XXXXXXXX1XXXXXXXXXXXX7XX2XXXXXX2XXXXXX8XXXX4XXXX6XXXXX9X2XXX842XXXX8XX18

SSE=14.8643, with L=1.49685e+06 a=0.0294976 k=0.0133476 t0=1708.96

+X121XXXXX5XXXXX01XXXXXX9XXX9XX7X11
1XXXX4X6X1XXXX7X3XXXX1XXXXXXX9XXXX8X4XXXXXXXXXXXXX1XXX25XX9XXXXXXX5XXXX6XXXXX91XX


Generation 7/50  F=U(0.5, 1.0)  N_hist=1400
------------------------------------------------------------------------------------------------------------------------
1X2XXXXXXXXXX4X1X2XXXX1XXXX49XXX1XXX5XXX2XXXX2XXX9XXXXX22XXXXXXXXXXXXXXXXXXX1XX1XXXXXXXXXXXXXXXXXXXX7X21X39XXXXXXXXXXXXX
XXX6XXXXXXXXXXXXXXXX2XXXX61XXXXXXXXXXXXXXXXXXXXXXXXXXX9XX5XXXX2XXXX921XXXXXXXXXX


Generation 8/50  F=U(0.5, 1.0)  N_hist=1600
------------------------------------------------------------------------------------------------------------------------
23X2X91XXXXXXXXX1XXXX5X3XXXXXXXXX4XXXXXXXXXX9XXXXXXXX391XXXXXX2XXXXXX49XXXX2XXX2XXXX39XXXXXXXXXXXXXXXX1XXXXXXXXXXXXXXXXX
XXXXXXXXXXXXXXX2XXXXXXXXXX2XXXXX1XXXXXXXXXXXXXXXXXXXXXXXXXXXXXXXXXXXXXXXXXXXXXXX


Generation 9/50  F=U(0.5, 1.0)  N_hist=1800
------------------------------------------------------------------------------------------------------------------------
7913X193X92X2XXXX9XXXXXX0XXXXXXXXXXXXXXXXXXXXXXXXXXXX4XXXXXXXXXXX367XXX323XXX2XXXXXXXXXXXXXXXXXXXXXXXXXXX2912X117XXXXXXX
XXXXXXXXXXXXXXXXXXXXXXXXXXXXXXX44

SSE=14.3485, with L=4.57844e+06 a=0.0366052 k=0.013953 t0=1765.21

+XXXXXXX1XXX3XXXX1XXXXX2XXXXXXXXXXXXXXXXXXXXXXXX


Generation 10/50  F=U(0.5, 1.0)  N_hist=2000
------------------------------------------------------------------------------------------------------------------------
5X9X969XXXX1XXXX2XXXXXX6XXXXXXXXXXXXXXXXXXXXXXXXXXXX25XXX2XXXXXXXXXXXXXXXXXXXXXXXXXXXXXX941XXXXXXXXXXX2XX8X3XXXXXXX9XXXX
XXXX4XX4122XXXX1XXXXXXXXX9XXXXXX7XXXXXXXXX8XXXX9XXXXXXXXXXXXXX2XXXXXXXXX2XXXXXXX


Generation 11/50  F=U(0.5, 1.0)  N_hist=2200
------------------------------------------------------------------------------------------------------------------------
9122521XXXXXXXXXXXXXXXXXXXXXXXX1XXXXXXXXXX99X1XXX1XXXXXXXXXXXXXXXXXXX7XXXX2XXXXXXXXX2XXXXXXX29XXXXXXXXXXXXXXXXXXX9XXXXXX
XXXXXXXXX41XXXXXXXXXXXXXXX24XXX1XX1XXXXXXXXXXXXXXXXXXXXXXXXXXXXXXXXXXXXX3XXXXXXX


Generation 12/50  F=U(0.5, 1.0)  N_hist=2400
------------------------------------------------------------------------------------------------------------------------
21192X6XXXXX3XXXXXXXX11XX5XXXXXXXXXX2XXXXXXXXXXXXXXXXXXXXXXXXXXX1XXXXXXXXXXXXXXXXXXXX0XX3XXXXXXXXXXXX432XX1XXXXXXXXXXXXX
XXXXXXXXXX3XXXXXXXXXX9XXXXX2XXXXXXXXX11XXXXXXX2XXXXXXXXXXXX1XXXXXXXXXXXXX2XXXXXX


Generation 13/50  F=U(0.5, 1.0)  N_hist=2599
------------------------------------------------------------------------------------------------------------------------
X338X121X112XXXXXX22XXXXXXXX4XXXXXXXXXXXXXXXXX9XXXXX2XXXX1XXXXXXXXXXXXXXXXXXX2XXXXXXX142XXXXXXXXXXX2XXXXXX4XXXXXXXXX5XXX
XXXXXXXXXXXXXXXXXXXXX2XXXXXX1XXXXXXXXXX2X111XXXX6XXXX1XXXXXXXXXXXXXXXXXXXXXXXXXX


Generation 14/50  F=U(0.5, 1.0)  N_hist=2800
------------------------------------------------------------------------------------------------------------------------
22X22X2+XX5XXXXXXXXXX5XXXXXXXXXXX1X2XXXXXXXXXXXXXX4XXXXXXXXXXXXX11XXXX2XXXXXXXXXXXXXXXXXXXXXX3XX1XXXXXXXXXXXXX2XXXX2XXXX
XXXXXXXXXXXXXXXXXXXXXXXXXXXXXX1XXXXXXXXXX2+1XXXXXXXXXXXXXXXXXXXXXXXXXXXXXXXXXXXXXX


Generation 15/50  F=U(0.5, 1.0)  N_hist=3000
------------------------------------------------------------------------------------------------------------------------
X33X411XX3XXX0X1XXXXXXXXXXXXXXXXXXXXXXXX2XXXXXXXXXXXXXXXXXXXXXXXXXXXXXXXXXXXXXX22XXXXXXXXXXXXXXXXXXXXXXX23X3XXXXX1XXXXXX
XXXXXXXXX2XXX2X1XX28XXXXX1XXXXXXX3XXXXXXXXXXXXXXXXXXXXXXXXXXXXXXXXXXXXXXXXX9XXXX


Generation 16/50  F=U(0.5, 1.0)  N_hist=3199
------------------------------------------------------------------------------------------------------------------------
271X1XXXXXXX1XXXXXXXXX1XXXXXXXXXXXXXX1XXXXXXXXXXXXXXXXXXXXXXXXXX3XXXXXXXXXXXXXX2XX1XXXXXXXXXXXXXXXXXXXXXX21XXXXXXXXXXXXX
X0XXXXXXXXXXXX221XXXXXXXX1XX4XXXXXXXXXXXXXXXXXXXXXXXXXX2XXXXXXX1XXXXXXXXXXXXXXXX


Generation 17/50  F=U(0.5, 1.0)  N_hist=3400
------------------------------------------------------------------------------------------------------------------------
12X2X611112XXXX28X3X1X1XXXXXXXXXXXXXXXXXXXXXXXXXXXX1XXXXXXXXXXXXXXXXXXXXXXXXXXXXXXXXXXXXXXXXXX2XX1XXXXXXXXXXXXXXXXXX3XXX
XXXXXXXXXXXXXXX2XXXXXXXXXXXXXXX3XXXXXX1XXXXXXXXXX2XXXXXXX10XXXXXXXXXXXXXXXXXXXXX


Generation 18/50  F=U(0.5, 1.0)  N_hist=3600
------------------------------------------------------------------------------------------------------------------------
X1X1XXXXX2XXXX2XXXXXX92XXXXXXXXXXXXXXXXXXXXXXXXXXXXXXXXXXXXXXXXXXXXXXXX2XXXXX1XXX7X1XXXXXXXX2XXXX4XXXXXXXXXXXXXXXXXXXXXX
XX1XXXXXXXXXXXXXXX13X17XXXXXXXXXXXXXXXXXXXXXXXXXXXXXXXXXXXXXX211XXXXXXXXXXXXXXXX


Generation 19/50  F=U(0.5, 1.0)  N_hist=3800
------------------------------------------------------------------------------------------------------------------------
X04XX111XXX1XXXXXXXXXXXXXXXXXXXXXXXXXXXXXXXXXXXXXXXXXXXXXXXXXXXXXXXXXXXXXXXXXXXXXXXXXXXXXXXXXXXXXXXXXX1XXX2XXXXXXXXXX1XX
XXXXXXXXXXXXXXXXXXXXXXXXXXXXXX1XXXXXXXX1XXXXXXXXXXXXXXXXXXXXXXXXXXXXXXXXXXXXXXXX


Generation 20/50  F=U(0.5, 1.0)  N_hist=4000
------------------------------------------------------------------------------------------------------------------------
12XXXXXXXXXX2XXXXXXXXXXXXXXXXXXXXXXXXXXX1X9X121XXXXXXXXX2X1XX2XXXXX3XXXXXXXXXXXXXX2XXXXXXXXXXX2XXX1XXXXX61XXXXXXXXXXXX2X
XXXX1X2XXXXXXXXXXXXXXXXXXXXXXXXXXXXX2XXXXXXXX1XXXXXXXXXXXXXXXXXXXXXXXXXXXXXXXXXX


Generation 21/50  F=U(0.5, 1.0)  N_hist=4200
------------------------------------------------------------------------------------------------------------------------
X3111XX1XXXXXXXXXXXXXXXXXXXXXXXXXXXXXXXXXXXXXXXXXXX1XXXXXXXXXXXXXXXXXXXXXXX13XXXXXXXXXXXXXXXXXXXXXXX1XXXXXXXX2XXXXXXXXXX
XXXXXX111X1XXXXXXXXXXXXXXXXX1XXXXXXXXXXXXXXXXXXXXXXXXXXXXXXXXXXXXXXXXXXXXXXXXXXX


Generation 22/50  F=U(0.5, 1.0)  N_hist=4400
------------------------------------------------------------------------------------------------------------------------
XX205XXXXXXXXXXXXXXXXXXXX1XXXXXXXXXXXXXXXXXXXXXXXXXXXXXXXXXXXXXXXX1XX1XXXXXXXXXXXXXXXX1XX1XXXXXXXXXX1XXXXXXXX1XXXXX2XXXX
XX13XXXXXXXXXXXXXXXXXXXXXXXXXXXXXXX3XXXX1XXXXXXXXXXXXXXXXXXXXXXXXXXXXXXXXXXXXXXX


Generation 23/50  F=U(0.5, 1.0)  N_hist=4600
------------------------------------------------------------------------------------------------------------------------
2X1X31X1XXXXXXXXXXXXXXXXXXXXXXXXXXXXXXXX1XXXXXX2XXXXX1X11XXXXXXXXXXXXXXXXXXXXXXXXXXX1X1XXX1XXXX01XXXXXXXXXXXXXXXXXXXXXXX
XXXXXXXXXXXXXXXXXXXXXXX12XX12XXXXXX1XXXXXXXXXXXXXX1XXXXXXXXXXXXXXXXXXXXXXXXXXXXX


Generation 24/50  F=U(0.5, 1.0)  N_hist=4800
------------------------------------------------------------------------------------------------------------------------
XX0XXXXXXXX1XXXXXXXXXXXXXXXXXXXXXXXXXXXXXXXXXXXX1XXXXXXXXXXXX2X2XXXXXX1XXXXXXXXXX1XX1XXXXXXXX11XXXX1XXXXX1XXXXXXXXXXXXXX
X1XXXXXX2XXXXXXXXXX1XXXX1XXXXXXXXXXXXXXXXXXX11XXXXXXXXXXXXXXXXXXXXXXXXX1XXXXXXXX


Generation 25/50  F=U(0.5, 1.0)  N_hist=5000
------------------------------------------------------------------------------------------------------------------------
1X1211XXXXXXXXXXXXXXXXXXX2XXXXXXXXXXXXXXXXXXXXXXXXXXXXXXXXXXXXXXXXXXX1XXXXX11XXXXXXXXXXXX3XXXXX1XXXXXXXXXXXXXXXXXXXXXXXX
XXXXXXXXXXXXXXXXXXXX0XXXXXX1XX1X2XXXXXXXXXXXXXXXXXXXXX1XX1XXXXXXXX1XXXXXXXXX12XX


Generation 26/50  F=U(0.5, 1.0)  N_hist=5198
------------------------------------------------------------------------------------------------------------------------
2X211XX1X18XXXXX1XXXXXXXXXXXXXXXXX0XXXXXXXXXXXXXXXXXXXXXXXXXXXXXXXXXXXXXXXXXXXXXXXXXXXX1X111XXX1XXXXXXXXXXX1XXXXXXXXXXXX
XXXXXX1XX1XXX11X1XXXXXXXXXXXXXXXXXXXXXXXXXXXXXXXXXXXX1XXXXXXXXXXXXXXXXX1XXXX1XXX


Generation 27/50  F=U(0.5, 1.0)  N_hist=5399
------------------------------------------------------------------------------------------------------------------------
42X0X2XXXXXXXXXXXXXXXXXXXXXXXXXXXXXXXXXXXXXXXXXXXXXXXXXXXXXXX1XXXXXXXXXXXXX1X1XXXXXXXXX1XXXXXXXXXXXXXX1XXXXXXXXXXXXXXXXX
0XXXXXXXXXXXXXXXXXXXX1XXXXXXXXXXX21XXXXXXXXXXXXXXXXXXXXXXXXXXXXXXXXXXXXXXXXXX1XX


Generation 28/50  F=U(0.5, 1.0)  N_hist=5599
------------------------------------------------------------------------------------------------------------------------
X21XXXXXX2XXXX1XXXX1XXXXXXXXXXXXXXXXXXXXXXXXXXXXXXXXX1XXXXXXXXXXXX1XXXXXXXXXXXXXXX1XXXXXXXXXXX1XXXXXXX2XXXXXXXXXXXXX1XXX
XXXXXXXXXXXXXXXXXX1XXXXXXXXXXXXXXXXXXXXXXXXXXXXXX11XXXXXXXXXXXXXXXXXXXXXXXXXXXXX


Generation 29/50  F=U(0.5, 1.0)  N_hist=5800
------------------------------------------------------------------------------------------------------------------------
XX1XXXX3XXXXXXXXXXXXX1XXXXXX1X2XXXX1XXX2XXXXXXXXXXXXXX1XXXXXXXX1XXXXXXXXXXXXXXXXXXXXXX1XXX1XXXXXXXXXX111XXXXX1XXXXXXXXXX
XXXXXXXXXXXXXXXXXX3XXXXXXXXXXXXXXX1XXXXXXXXXXXXXXXXXXX1XX1XXX1XX1XXXXXXXXXXXXXXX


Generation 30/50  F=U(0.5, 1.0)  N_hist=6000
------------------------------------------------------------------------------------------------------------------------
11X01XXXXX1XXX1XXXXXXXXXXXXXXXXXXXXX1XXXXXXXXXXXX0XXXXXXXXXX1XXXXXXXXXXXXXXXXXXXXXXXXXXX1X1XXXXXXXXX1XX1XXXXXXXXXXXXXXXX
1XXXX1X1XXX2XX1XXX1XXXXXXXXXXXXXXXXXXXXXXXXXXXXXXXXXXXX1XXXXXXXXXXXXXXXXXXXXXXXX


Generation 31/50  F=U(0.5, 1.0)  N_hist=6200
------------------------------------------------------------------------------------------------------------------------
11X2111XXXXXXXX1XX10+1XX1XXXXXXXXXXXXXXX1XXXXXXX2XXXXXXXXXXXXXXXXXX11XXXXXXXXXXXX1XXX11XXXXXXXXXXXXXXXXXXXXXXXXX1XXXXXXX
XXXXXXXXXXXXXX1XXXXXXXXXXXXXXXXXXXXXXX1XXXXXXXXXXXXXXXXXXXXXXXXXXXXXXXXXXXXXXXXXX


Generation 32/50  F=U(0.5, 1.0)  N_hist=6400
------------------------------------------------------------------------------------------------------------------------
01211XXXXX0XXXXX1XXXXX1XXXXXXXXXXXXXXXXXXXXXXXXX10XXXXXXXXXXXXXXXXXXXX1XXXXXXXX11XXXX1XXXXX1X1XXXXXXXXXXXXXXXXXXXXXXXXXX
XXXXX1XXXXXXXXXXXXXXX1XX111X1XXXXXXXXXXXXXXXXX1XXX1XXXXXXXXXXXXXXXXXXXXXXXXXXXX1


Generation 33/50  F=U(0.5, 1.0)  N_hist=6599
------------------------------------------------------------------------------------------------------------------------
XX1XX1XXXXXXXXXXXXXXXX2XXXXXXXXXXX1XXXXXXX0XXXXXXXXXXXXXXXXXXXXXXXXXXXXX0XXXX1XXXXXXXX1XXXXXXXXXXXXXXXXXX11XXXXXXXXXXXXX
X1XXXXXXX1XXXXXXXXXX0XXXXXXX2XXXXXXXXXXXXXXXXXXXXXXXX0XXXXXXXXXXXXXXXXXXXXXXXXXX


Generation 34/50  F=U(0.5, 1.0)  N_hist=6800
------------------------------------------------------------------------------------------------------------------------
X01XXXX2XXXXXX2X1111X2XXXXXXXXXXX1XXXXXX1XXXXXXXXXXXXXXXXXXXXXX11XXXXXXXXXXXXXXXX1XXXXXXXXXXXXXXXXXXXXXX1XXXXXXXXXXXXXXX
XX1XXXXXX1XXXX1XXXXXXXXXXXX1XXXXXXXXXXXXXXXXXXX11XXXXXXXXXXXXXXXXXXXX0XXXXXXXXXX


Generation 35/50  F=U(0.5, 1.0)  N_hist=7000
------------------------------------------------------------------------------------------------------------------------
1XX11XXXXXXX1XXXXXXXXXXXXXXXXXXXXXXXXXXXXX1XXXXXXXX1XXXXXXXXXXXXXXXXXXXXXX12X1XXXXXXXXXXXXXXXX0X1XXXXXXXXXXXXXXX1XXXXXXX
XXXXXXXXXXXXXXXXXXXXXXXXXXXXXX11XXXXXXXXXXXXXXXXX1XXXXXXXXXXX0XXXXXXXXXXXXXXXXXX


Generation 36/50  F=U(0.5, 1.0)  N_hist=7200
------------------------------------------------------------------------------------------------------------------------
X11XXXXXXXXXXXX1XXXXXX1XXXXXXXXXXX1XX1XXXXXXXXXXXX1X1XXXXXXX1XXXXXXXXXXXXXX1XXXXXXXXXXXXXXXXXXXXXX1XXXX11XXXXXXXXX1XXXX1
1XXXXXXXX10X1XXXX1XXXXXXXXXXXXXXX1XXXXXXXXXXXXXXXXXXXXXXXXXXXXXXXXXXXXXXXXXXXXXX


Generation 37/50  F=U(0.5, 1.0)  N_hist=7400
------------------------------------------------------------------------------------------------------------------------
1XXXXXXXXX1X11XXXXXXXXXXXXXXXXXXXXXX11XXX1XXXXXXXXXXXX1XXXXXXXXXXXXXXXXXXXX1XXXXXXXXXXX1XXXXXXXXXXXXXXXX1X1XXXXX0XXXXXX1
XXXXXXXXXXXXXXX1XXXXXXXXXXXXXXXXXX1XXXX1XXXXXXXXX11XXXXXXXXXXXXXXXXXXXXXXXXXXXXX


Generation 38/50  F=U(0.5, 1.0)  N_hist=7600
------------------------------------------------------------------------------------------------------------------------
1X2X0XXX1XXXXXXX1XXXXXXXXXXXXXXXXXX01XXXXX1XXXXXXXXXXXXXXXXX1XXXXXXXXXXXXXXXXXXXXXXX111XXXXXXXXX11XXXXXXXXXX0XXXXXXXXXXX
XXXXXXXX1XXXXXXXXXXXXXXX1XXXX11XXXXXXXX1XXXXXXXXXXXXXXXXX11XXXXXXXXXXXXXXXXXXXXX


Generation 39/50  F=U(0.5, 1.0)  N_hist=7800
------------------------------------------------------------------------------------------------------------------------
X1XXXX1XXXXXXXXXXXXXXXXXXXXXXXXXXXXXXXXXXXXXXXXXXXXXXXXXXXXXX1XXXXXXXXXXXXXXXXXX1XXXXXXXXXXXXXXXXXXX1X1XXXXXX1XXXXXXXXXX
XXXXXXXXXXXXXXXXXXXXXXXXXXXXXXX1XXXXXXXXXXXXXXXXXX11XXXXXXXXXXXXXXXXXXXXXXXXXXXX


Generation 40/50  F=U(0.5, 1.0)  N_hist=8000
------------------------------------------------------------------------------------------------------------------------
0X011XXXXXXXXXXXXXXXXXXXX1XXXXXXXXXXXXXXXXXXXXXXXXXXXXXXXXXXXXX1X1XXXXXXXXXX11XX1XXXXXXXXXXXXXXXXXXXXXXXXXXXXXXXXXXXXXXX
XXXX0XXXXXXXXXXX11+201XXXXX1XXXXXXXXXXXXX11XXXXXX2XXXXXXXXXXXXXXXXXXXXXXXXXXXXXXX


Generation 41/50  F=U(0.5, 1.0)  N_hist=8200
------------------------------------------------------------------------------------------------------------------------
X01X1XXXXXXXXXXXXX01XXXXXXXXXXXXXXXXXXX1XXXXXXXXXXXXXXXXXX1XXXXXXXXXXXXXXXXXXXX11XXX10XX1XXXXXXXXXXX111XXXXXXXXXXXXXXXXX
XXXXXXXXXXXXXX1XXXXXXXXXXXXXXXXXXXXXXXXXXXXXXXXXXXXXXXXXXXXXXXXXXXXXXXXXXXXXXXXX


Generation 42/50  F=U(0.5, 1.0)  N_hist=8400
------------------------------------------------------------------------------------------------------------------------
110XXXXXXXXXXXXXXXXXXXXXXXXXXXX1XXXXXXXXXXXXXXX1XXXXX1XXX1XXXXXXXXXXXXXXXXXXXXXXXXXXXXXXXXXXXXXX1XXXXXX1XXXXXX1XX1XXXXX1
X1XXXXXXXXXXXXXXXXXXXXXX0XXXXXXXXX111XXXXXXXXXXXXXXX1XXXXXXXXXXX1XXXXXXXXXXXXXXX


Generation 43/50  F=U(0.5, 1.0)  N_hist=8600
------------------------------------------------------------------------------------------------------------------------
XXXXXXXXXXXX1XXXXXXXXXXXXXXXXXXXXXXXXXXXXXXXX1XXXXXXXXXXXXXXXXXXXXXXXXXX1X1XXXXXX1XXXXXXXXXXXXXXXXXXXXXXXXXXXX0XXX1XXXXX
X1XXXXXXXXX1XXXXXXXXXXXXXXXXXXXXXXXXX0XXXXXXXXX1X1XX1XXXXXXXXXXXXXXXXXXXXXXXXXXX


Generation 44/50  F=U(0.5, 1.0)  N_hist=8800
------------------------------------------------------------------------------------------------------------------------
1XXX0XXXXXXXXXXXXXXXXXXXXX1XXXXX12XXXXXX0XXXXXXXX0XXXXXXXXXXXXXXXXXXXXXX0XX0XXXXXXXXXXXXX1XXXXXXXXXXXXX1XXXXXXXXXXXXXX0X
XXXXXXXXXXXXXXXXXX1XXXXXX20XXXXXXXXXXXXXXXXXXXXXXXXXXX1XXXXXXXXXXXXXXXXXX1XXXXXX


Generation 45/50  F=U(0.5, 1.0)  N_hist=9000
------------------------------------------------------------------------------------------------------------------------
1X11XXXXXXXXXXXXXXXX0XXXXXXXXXXXX11XXXXX1XXXXXX1XXXXXX0XX0XXXXXXXXXXXXXXX1XX1XXXXXXXXXXXXXXXXXXXXXXXXXXXXXXXX0XXX1XXXX1X
XXXXXXXXXXX1X10XXXXXXXXX1XXXXXX0XXXXXXXXXXXXXXXXXXX1XXXXXXXXXXXXXXXXXXXXX1XXXXXX


Generation 46/50  F=U(0.5, 1.0)  N_hist=9200
------------------------------------------------------------------------------------------------------------------------
1X0X1XXXXXXXXXXXXXXXXXXXXXXXXXXXXXXXXXXXXXXXX1XXXXX1XXXX1X1X1XXXXXXXXXXXXXX11XXXX1XXXXXXXXXXXXXXXXXXXX1XXXXXXX1XXXXXXXXX
XXXXX1XXXXXXXXXXXXXXX1XX1XXXXXXXXXXXX11X1XXXXXXXXXXXXXXXXXXXX0XXXXXXX11XXXXXXXXX


Generation 47/50  F=U(0.5, 1.0)  N_hist=9400
------------------------------------------------------------------------------------------------------------------------
XXXX0XXXXXXXXXXXXXXX1XXXXXX0XXXXXXXXXXXXXXXXXXXXX11XXXXXXXXXXXXXXXXXXXXXXXXXXXXXXXXXXXXXXXXXXXXXXXXXXXXXX1XXXXXXXXX0X1XX
XXXXXXXXXXXXXXXXXXXX1XXXXXX01XXXXXXXXXXXXX1XXXXXXXXX1XXXXXXXXXXXXXXXXXXXXXXXX1XX


Generation 48/50  F=U(0.5, 1.0)  N_hist=9599
------------------------------------------------------------------------------------------------------------------------
1X0XX1XXXX1X1XXXXXXXXXXXXXXXXXXXXXXXXXXXXXXXXX1XXXXXXXXXXXXXXX1XXXXXXXXXXXXXXXXXXXXXXXXXXXXXXXX1XXXXXXXXXXXXXX1XXXXXXXXX
XXXXXXXXXXXXX01X0XXXXXXXXXXXXXXXXXX0XXXXX0XXXXXXXXXXXXXXX1XXXXXXXXXXXXXXXXXXXXXX


Generation 49/50  F=U(0.5, 1.0)  N_hist=9800
------------------------------------------------------------------------------------------------------------------------
10X1001X1X1XX1XXXXXXXXXXXXXXXXXXXXXXXXXXXXXXXXXXXXXXXXXXXXXXXXXXXXXXXXXXXXXXXXXXX11XXXXXXXX1XXXXXXXXXX11XXXXXXX0XXXXXXXX
XXXXXXXXX1XXXXXXXXXXXXXXXXXXXXXXXXXXXXXXXXXX0XXXXXXXXX0XXXXXXXXX11XXXXXXXXXXXXXX


Generation 50/50  F=U(0.5, 1.0)  N_hist=10000
------------------------------------------------------------------------------------------------------------------------
XXX01XXXXXXXXXXXXXXXXXXX1XXXXXXXXXXXXXXXXXXXXXXXXXXXXXXXXXXXXXXXXXXXXXXXXXXXXXXX1+XXXXXXXXXXXXXXXXXXXXXXXXXXXXXXXX0XX0XX
XXXXXXXXXXXXXXXXXXXXXXXXX0XXXXXXXXXXXXXXXXX1XXXXXXXX1XXXXXXXXXXXXX0XXXXXXXXXXXXXX

Maximum number of iterations reached.

SSE=14.1315, with L=2.6023e+06 a=0.0325679 k=0.0137985 t0=1730.25


Shutting down DE...
DE shutdown complete.
Shutting down...
Task Queue is shut down
Goodbye

Final population:
Population: 200 individuals with SSE 14.131 to 19.833, avg eval time 0.0187 sec. Top 7:

        SSE |     14.131       14.169       14.182       14.198       14.202       14.213       14.214  
------------------------------------------------------------------------------------------------------------------------
          L | 2.6023e+06   4.1352e+06   2.7311e+06    3.807e+06   3.7517e+06   2.9973e+06   3.4516e+06  
          a |   0.032568     0.031077     0.030873     0.032681     0.030495     0.029409     0.034518  
          k |   0.013799     0.013837     0.013605     0.013654      0.01376     0.013655      0.01393  
         t0 |     1730.3       1762.2       1742.2       1764.3       1758.1       1746.8       1745.7  
------------------------------------------------------------------------------------------------------------------------
Best individual:
<SSE=14.1315 L=2.6023e+06 a=0.0325679 k=0.0137985 t0=1730.25>


Elapsed time: 105.36 seconds

Saved final population of best parameter combinations to covid19.dat
