Decompressing and parsing covid19.csv.bz2...
Cumulative and new cases reported thus far for Korea, South
------------------------------------------------------------------------------------------------------------------------
000	01/22	1	0
001	01/23	1	0
002	01/24	2	1
003	01/25	2	0
004	01/26	3	1
005	01/27	4	1
006	01/28	4	0
007	01/29	4	0
008	01/30	4	0
009	01/31	11	7
010	02/01	12	1
011	02/02	15	3
012	02/03	15	0
013	02/04	16	1
014	02/05	19	3
015	02/06	23	4
016	02/07	24	1
017	02/08	24	0
018	02/09	25	1
019	02/10	27	2
020	02/11	28	1
021	02/12	28	0
022	02/13	28	0
023	02/14	28	0
024	02/15	28	0
025	02/16	29	1
026	02/17	30	1
027	02/18	31	1
028	02/19	31	0
029	02/20	104	73
030	02/21	204	100
031	02/22	433	229
032	02/23	602	169
033	02/24	833	231
034	02/25	977	144
035	02/26	1261	284
036	02/27	1766	505
037	02/28	2337	571
038	02/29	3150	813
039	03/01	3736	586
040	03/02	4335	599
041	03/03	5186	851
042	03/04	5621	435
043	03/05	6088	467
044	03/06	6593	505
045	03/07	7041	448
046	03/08	7314	273
047	03/09	7478	164
048	03/10	7513	35
049	03/11	7755	242
050	03/12	7869	114
051	03/13	7979	110
052	03/14	8086	107
053	03/15	8162	76
054	03/16	8236	74
055	03/17	8320	84
056	03/18	8413	93
057	03/19	8565	152
058	03/20	8652	87
059	03/21	8799	147
060	03/22	8961	162
061	03/23	8961	0
062	03/24	9037	76
063	03/25	9137	100
064	03/26	9241	104
065	03/27	9332	91
066	03/28	9478	146
067	03/29	9583	105
068	03/30	9661	78
069	03/31	9786	125
070	04/01	9887	101
071	04/02	9976	89
072	04/03	10062	86
073	04/04	10156	94
074	04/05	10237	81

Initializing 240 population members having 6 parameters
------------------------------------------------------------------------------------------------------------------------

SSE=11.353 on eval 1: L=2.86496e+07 b=79.2159** r=0.120246 rf=0.986453 t0=37.5607 th=3.84599

*

SSE=4.4801 on eval 2: L=2.06082e+07 b=8.80006 r=0.26968 rf=0.950576* t0=41.593 th=5.69007

!0

SSE=3.4117 on eval 4: L=4.1247e+07 b=74.4703 r=0.356331 rf=0.991012 t0=40.6237 th=5.476

!25234302432121142845313

SSE=2.8654 on eval 28: L=1.1971e+07 b=35.7617 r=0.317519 rf=0.985284 t0=38.96 th=6.7096

!22212233213323633313124123234154322322311232212431134224545231524121212221

SSE=2.7916 on eval 103: L=3.2035e+07 b=46.0646 r=0.211636 rf=0.973466 t0=42.2569 th=3.75535

!02314242422224362
113422325342541131423233253213222342231325625443122224236421142322213322212211252432312!36142124224213323332122221112322


Population: 240 individuals with SSE 2.7421 to 27.957, avg eval time 0.937 sec. Top 7:

        SSE |     2.7421       2.7916       2.8246       2.8654       2.8977       2.9396       2.9556  
------------------------------------------------------------------------------------------------------------------------
          L | 2.9702e+07   3.2035e+07   1.5522e+07   1.1971e+07   3.2628e+07   1.3183e+07   1.0932e+06* 
          b |     32.475       46.065       70.729       35.762       3.0548*      14.598       42.593  
          r |    0.20237      0.21164      0.16053      0.31752      0.24518      0.29762      0.24039  
         rf |    0.96797      0.97347      0.99401      0.98528      0.95863      0.97692      0.98225  
         t0 |     41.528       42.257       42.117        38.96       40.863       39.928       39.729  
         th |     5.1355       3.7554       4.8271       6.7096       4.2147       6.6104       6.0075  
------------------------------------------------------------------------------------------------------------------------
Best individual:
<SSE=2.7421 L=2.97024e+07 b=32.4753 r=0.202373 rf=0.967965 t0=41.5281 th=5.13554>


Population: 240 individuals with SSE 2.7421 to 27.957, avg eval time 0.937 sec. Top 7:

        SSE |     2.7421       2.7916       2.8246       2.8654       2.8977       2.9396       2.9556  
------------------------------------------------------------------------------------------------------------------------
          L | 2.9702e+07   3.2035e+07   1.5522e+07   1.1971e+07   3.2628e+07   1.3183e+07   1.0932e+06* 
          b |     32.475       46.065       70.729       35.762       3.0548*      14.598       42.593  
          r |    0.20237      0.21164      0.16053      0.31752      0.24518      0.29762      0.24039  
         rf |    0.96797      0.97347      0.99401      0.98528      0.95863      0.97692      0.98225  
         t0 |     41.528       42.257       42.117        38.96       40.863       39.928       39.729  
         th |     5.1355       3.7554       4.8271       6.7096       4.2147       6.6104       6.0075  
------------------------------------------------------------------------------------------------------------------------
Best individual:
<SSE=2.7421 L=2.97024e+07 b=32.4753 r=0.202373 rf=0.967965 t0=41.5281 th=5.13554>

Performing DE with CR=0.7, F=U(0.5, 1.0), DE/rand-1.00/1/bin
------------------------------------------------------------------------------------------------------------------------

SSE=2.7421 on eval 240: L=2.97024e+07 b=32.4753 r=0.202373 rf=0.967965 t0=41.5281 th=5.13554

Press the 'Enter' key to abort.

Generation 1/75  F=U(0.5, 1.0)  N_hist=240
------------------------------------------------------------------------------------------------------------------------
0XXX2022X10221X2111XX24XXX2X21X22XXXX1312X1X2XXXX4X2XX2X3X011X2XXX0X2111X1101XX3X4XX2X13XX21122XXX1+2211X11X2X2X4XX2203X
122

SSE=2.6763 on eval 362: L=3.99424e+07 b=72.5839 r=0.278895 rf=0.991149 t0=40.8781 th=4.85473

+11X2XXXXXX1332X121XXX1XXXXXX22X2X51XXXXX2XXXXXX0X13X2123X23XXXX12XXX1XXXX1XX4XX2X3X2113X2XX21X1XX13XXXXXX2XXXXXX2X23
X1


Generation 2/75  F=U(0.5, 1.0)  N_hist=480
------------------------------------------------------------------------------------------------------------------------
XXXXX3X211X211X1X1122X11XX13X1X2131X2XXX11XXXX1X1X11X2X111121XXXXX1XX1XXXXXX2X111XXX11XXXX1X121XXX41X1111XXXX10XX1X1X111
X113XXXX2211X0XXX1XX2XX11X12X1XX1X22XX0XX2XX13XXX1321XX2X1X2X211XXXXXX1X11XX21X112XXX2XXX1X1XX2X11XX2X2XXXXX1X2XXXX211XX


Generation 3/75  F=U(0.5, 1.0)  N_hist=720
------------------------------------------------------------------------------------------------------------------------
1X1X11XXXX1XX2X1XXX01XXX1X11XX112X2X1123XX222XXX31XXX1X1XXXX1X1XXX1X21XX1X2X1XXX2111XX11X1XXXXXX0XXXXX2XX1XXX22X1XX1X1X1
12XX1XXX2XXXXXX1XXX12XXXX1X1XX11XX21X211XXX1XXXXXXXXXXXXX11XXXXXXX21X2XXXXX0X1XX12XXXXXXXXXXX1X1XXX21XXX2X112+01XXX1XXXX
2


Generation 4/75  F=U(0.5, 1.0)  N_hist=960
------------------------------------------------------------------------------------------------------------------------
21XXXXX1XXXXXX2XX2X12111XXXXX21X1XXXXXXX1XXXXXXXXXXXXXXXX0XXX2X21X1X1X2XXXXXX0X2XXXXXXXXXX2X11XXX1XX11XXXXX1XX2XXXXX1XX1
XXXXXX0X1X1X1XXX1X22X11XXXX1X11XXX1XX1XXXXXX1X11XXXXXXXXXXXXXX11XX1X1X1X1X10XXXXXXXX0XXX21XX21X1XX1X1XXX1XXXXXXX1X1XXXX0


Generation 5/75  F=U(0.5, 1.0)  N_hist=1200
------------------------------------------------------------------------------------------------------------------------
X1X1XXXX1X2XX1XXXX11XXXX1XXXXXXX2XXX21XXXXXX1X1X02X1X1XXXX41XXX2XXXXXXXXX1XXXXXXXXXXX1XXX1XXXXX1XXXX1XXXXXXX1X1XXXXX11XX
X111XXXX11XXXXXX1XX1X10XXXXXXXX1XXX01XX1XXXXX1XXX1X12XX1X2XX1XXXXX1XX11XXXX11XX1XXXXXXXXXX1XXXXX1XXXXXX11XXXXXX01XXX1XXX


Generation 6/75  F=U(0.5, 1.0)  N_hist=1440
------------------------------------------------------------------------------------------------------------------------
XXXXXXXXXXXX111XX0X1XXXX11XXXX1XXX0XXXX1XXX1XXX1X1XXXXX1XXX110XXXXXXXX11111X1XXX0X1X1XXXXXXXXXX1XXXX1XXXX101XX11111X12XX
XXXXXXXXXX11XXXXXXXXXXXXXXXX1XX1XX1XXXXXXX1XXXXXXXXXXXXXXXXXXXXXXXXXXXXXX2X1XXXXXXXXXXX1XXXXXXXX1XXXXXXXXXXXXXXXXXXXXXXX


Generation 7/75  F=U(0.5, 1.0)  N_hist=1680
------------------------------------------------------------------------------------------------------------------------
1001X111XX1XXXXXXXXXXXXX11XXX1XXXXXXXXXXXXXXXX10XXXX121X1XX1XXX1111XXXXXXX1+XX11XXXXXXXXXXXXXXXXXX1X11XXX11X1XXXXXXXXXX1
1XXXXXXX1111X1XXXXXXXXXX1XXXXXXXXXXXXXXXXXXXXXXXXX1X1X01XXXXX1XXXXX11X111X1X1XXX0XXXXXXXXXXXXXXXX1XXXXXXXXX1XXXX1XXXXXXX
X


Generation 8/75  F=U(0.5, 1.0)  N_hist=1919
------------------------------------------------------------------------------------------------------------------------
2111111111X1XXXXXX0XXXXXXXX1XXXXXXXXXXXXXXXXXXXXXXXX12XXXXXXXXX1XXXXXXXXXXXXXXXXXXX1XXXXXXX1XXXXXXX1XXXXXXXXXXXX1XXXXXX1
XXXXXXXX1XXXXXXXXXX01011XXXX1XX11XXX0XXXXXXXXX1XXXXXX11X1110011X1X011XXX1XXX1XXXXXXXXXXXXXXXX1XX11XXXXXXXXXXXXXXXXXXXXXX


Generation 9/75  F=U(0.5, 1.0)  N_hist=2160
------------------------------------------------------------------------------------------------------------------------
111X10X00XXXX101XXXXX1X1XX1X1X11XXXXXXXXXXXXXXXXXXXXXXXX11XXXXXXXXXXXXXXX1XXXXX0X1XXXX11XXXXXXXXXXXXXXXXX1X10XXXX1XX1XXX
XXXX1XXX11XXX0XXXXXX1XXXXXX1XXXXXXXXXXXXXXXXXXX1XXXXX1XXXX1XXXXXXX111XXX1XXX1XXXXXXX1XXXXXXXXXXX11XX1XXXXXXX1XXXX0XXXXXX


Generation 10/75  F=U(0.5, 1.0)  N_hist=2400
------------------------------------------------------------------------------------------------------------------------
11X11XXX1XXX1XXXXXXXXXXXXXXX01XXXXX1XX1XXX01XXXXXXXXXXXXXX1XX1XXXXX1XXXXXX11XX1XXXXXX1111XXXXXX11XX1XXXX1XXXXXXX10XXXXXX
X1XXXXXXXXXXX1XXXXXXX1XXXXXXXXXXXXX101XXXXXXXXXXX1XXXXXXXXXXX1XXXXXXXXXXXXXXX111XXXXXXXXXXXXXXXX1X11XXXXXXXXX11XXXXXXXXX


Generation 11/75  F=U(0.5, 1.0)  N_hist=2640
------------------------------------------------------------------------------------------------------------------------
12111010X01XXXXXXXXXXXXXXXXXXXXXXXXXX1XXX11XXXX01X0XXXXXXX1XX1XXXXXXXXXXX1XX1XXXXXXXXXXXXXXXXXXXXXXX1XXXXXXXXX0X10XXXXX1
X11XXXXXXX1XXXXXXXX10XXXXXXXXXXXXXXXXXXX0XXXXXXXXXXXXXXXXXXXXXXXX01101XXXXXXXXXXXX1XXXXXXXXXXXX0X1XXXXXXXXXXXXXXXXXXXXXX


Generation 12/75  F=U(0.5, 1.0)  N_hist=2880
------------------------------------------------------------------------------------------------------------------------
11XXXXXX1X1XXXX1XXXXXXXXXXXXXXXXXXXXXXXXXXXXXXXX1100XXXXXXXXXXXXX01XXXXXXXXXXXXX11X1XXXXXXXXXX10XXXXXXXXXX11XX1XXXXXXXXX
XXXXXXXXXXXXXXXXXXXXXXXXXXXX1XXXX1XXXXXX1XXXX11XX1XXXXXX11XXXXXXXX1+XXXXXXXXXXXX11XXXXXXXXXXXX01XXXXXXXXXXXXXXXXXXXXXXXX
X


Generation 13/75  F=U(0.5, 1.0)  N_hist=3120
------------------------------------------------------------------------------------------------------------------------
10X001XXXXXXX1X1XXX0X0XXXXXXXXX11XXXXXXXXXXXXXXXXXXXXXXXXXXXX1XXXXXXXXXXXXXX1XXXXXXXXXXX00XXXX01111XXXXXXXXXXXXXXXXX0XXX
0XXXXXXXXXXXX1X1XXXXXXXXXXXXXXXXXXXXXXXX11X1XXXX1XXXXXXXXXXXXXXXXXXXXXX1XX1X0XXXX1XXXXXXXXXXXXXXXXXXXXXXXXXXXXX1XXXXXXXX


Generation 14/75  F=U(0.5, 1.0)  N_hist=3360
------------------------------------------------------------------------------------------------------------------------
1X1X0100X1X1XXXXXXXXXXXXXXXXXX0XXXXXXX11XXXXXXXXXXX1XXXXX1XXXXXXXXXXXXXXXXXXXXXXXXXXXXXXXXXXXXXXXXXXXXXXXXXXX1XXXXXXXX0X
XXX1XXXXXX11XXXXXXXXXXXXXXXXXXXX1XXXX0XXXXXXXXXXXX0XXXXXXXXXXXXXXX1XXX0XXXXXX1XX1XXXXXXXXXXXXXXXXX1XX1XXXXXXXXXXXXXXXXXX


Generation 15/75  F=U(0.5, 1.0)  N_hist=3600
------------------------------------------------------------------------------------------------------------------------
1111X1X1XXXXXXXXX0XXX11XX1XX000XXXXXXXXXXXXXXXXXX0X1XX0XXXXXXXXXXXXXXXXX1+XXXXXXXXXXXXXXXXXXXXXX01XXXXXXXX1XXXXXXXXXXXXX
X1XXXXXX1XXXXXXX0XXXXXXXXXXXXXXXXXX1XX11XXXXXXXXX0XX11XXXXXXXXXXXXX1XXXXXXXXXXXXXXXXXXXXXXXXXXXX11XXXXXXXXXXXXXXXXXXXXXX
X


Generation 16/75  F=U(0.5, 1.0)  N_hist=3840
------------------------------------------------------------------------------------------------------------------------
1111X0XXXXXXXXXXXXXXXXXXXXXXXXXX0XXXXXXXXXXXXXXXXXXXXXXXXXXXXXXX1110XXXXXXXXXXXXXXXXXXXXXXX1XX1XXXXX0XXXXXXXXX0XXXXXXXXX
XXXXXXXXXXXXXXXX0XXXXXXXXXXXX111XX1XXX1XXXXXXXXXXXXXXXXXXXXXXXXXXXXXXXXXXX1XXXXXXXXXXXXXXXXXXX0XXXXXXXXXX01XXXXXXXXXXXXX


Generation 17/75  F=U(0.5, 1.0)  N_hist=4080
------------------------------------------------------------------------------------------------------------------------
110111X1X1XXXXXXXXXXX1XXX1XXXXXX0XXXX1XXXXXXXXXXXXXXXXXXX01XXX11XXXXXXXXXX11X0XXXXXX0XXXXX0XXXXXXXXXXXXXXXX1XXXXXXXXXXXX
1XXXXXX1XXX0XXXXXXXXXXXXXXXXXXXXXXXXX1XXXXXXXXXXXXX0XXXXXXXXXX0XXXXXX1XXXXXXXXXXXXXXXXXXXXXXXXX1XXX1XX1XXXXXXXXXXXXXXXXX


Generation 18/75  F=U(0.5, 1.0)  N_hist=4320
------------------------------------------------------------------------------------------------------------------------
101XXX01XXXXX1XX1X0XXXXXXXXXXXXXXXXXXXXXXXXXXXXXXXXXXXXXXXXXXXXXXXXXXXX0XXXXXXXXXXXX1XXXXX1XXXXXX0XX1XXXXXX1XX1XXXXXX1XX
0XXX1X1XXXXXXXXX0XXXXXXXXXXX1XXXX1XXXXXX1XXXXXXXXXXXXXXXXXXXXXXXX1XX0XXXXXXXXXXXXXXXXXXXXXXXXXXXXXXXXX0XXXXXXXX1XXXXXXXX


Generation 19/75  F=U(0.5, 1.0)  N_hist=4560
------------------------------------------------------------------------------------------------------------------------
00X0X1XXX1XXXXXXXXX0XXXX1XXXXXXXXXX01XXXXXXXXXXXXXXXXX10XXXXXXX0XXXXXXXXXXXXXXXXXXXXXXXXXX0XXXXXXXXXXXXXXXXXXXXXXXXXXXXX
XXXXXXXX1X1XXXXXX1XXXXXX1XXX0XXXXXXXXXXXXXXXXXXXXXXXXXXXXXXXXXXXXXXXXXXXXXXXXXXX0XXXX1XXXXXXXXXXXXXXXXXXXXXXXXXXXXXXXXXX


Generation 20/75  F=U(0.5, 1.0)  N_hist=4800
------------------------------------------------------------------------------------------------------------------------
101X1XX1X0XXXXXXXXXXXXXXXXXXXXXXXXXXXXXXXXXXXXXXXX0XXXXXX11XXXXXXXXXXXXXXXXXXXXXXXXXXXXXXXXXX1XXXXXXXXX0X0XXXXXXXXXXXX1X
XX1XXXXXXXXXXXXXXXXXXXXXXXXXXXXXXXXX1XXXXXXXXXXXXXXXXX1XX0XXXXXXXXXXXXXXXXX1X1XXXXXXXXXXXXXXXXXXXXX1XXXXXXXXXXXXXXXXXXXX


Generation 21/75  F=U(0.5, 1.0)  N_hist=5040
------------------------------------------------------------------------------------------------------------------------
11XXXXX1XXXXXXXXXXX1XX001XXXXXXXXXXXXXXXX1XXXXXXXXXXXXX00XXXXXXXX1XXXX1XXXXXX1XXXXXXXX1XXXXXXXXXX1XXXXXXXXXX1X0X0XXXXXXX
XXX1XXXX1XXXXXXXXXXXXXXXXXXXXXXXXXXXXXXXXXXXX0XXXXXXXXXXXXXXXXXXXXXXXXXXXXXXXXXXXXXXXXXXXXXXXXXXXX1XXX1XXXXXX1XXXXXXXXXX


Generation 22/75  F=U(0.5, 1.0)  N_hist=5280
------------------------------------------------------------------------------------------------------------------------
000XXXXXXXXXXXXXXX0XXXX001XXX1XXXXXXXXXXXX11XXXXXXXX0XXXXXXXXXXX11XX10XXXXX1XXXXXXXXXXXX1XXXXXXXXX0XXXXXXXXXXXXXXXXXXXXX
01XXXXXXXXXXXXXXXXXXXXXXXXXXXXXXX1XXXX0XXXX01XXX1XXXXXXXXXXXXX0XXXXXXXXXXXXXXXXXXXXX1XXXXXXXX1XXXXXXX0X1

SSE=2.6175 on eval 5516: L=3.7158e+07 b=29.6446 r=0.247967 rf=0.973349 t0=41.0766 th=4.86373

+XXXXXXXXXXXXXXX
X


Generation 23/75  F=U(0.5, 1.0)  N_hist=5520
------------------------------------------------------------------------------------------------------------------------
1X11XXXXXXXXX0XXXXXXXX1XXXXXX100XXXXXXXX1XXXXXXXXXX10XXXXXX1XX01XXXXX0XXXXXXX11XXXXXXXXXXXXXXXXXXXXXXXXXX0XXXXXXXXX1XX11
XXXXXXXXXXXXX0X01XXX1XXXXXXXX1X1XXXXXXXXXXXXXXXXXXXXXXXXXX1XXXXXXXXXXXXXXX10X0XXXXXXXXXXXXXXXXX0XXXXXX0XXXXXXXXXX0XXXXXX


Generation 24/75  F=U(0.5, 1.0)  N_hist=5760
------------------------------------------------------------------------------------------------------------------------
0100X1XXXXXXXX1XXXXXXX00XXXXXXXXXXXXXXXXX0XXXXXXXXX0XXXXXXXXXXXXXXXXXXXXXX0XXXXXXXXXXXXXXXXXXXXXXXXXXXXXXXXXX10XXXXXXX0X
XXXXXXXXXXXXXXXXXXXX1XXXXXXXXX1XXXXXXXXXXXXXXXXXXXXX1XXXXXXXXXXXXXX0XXXXXXX0XX1XXXXXXXXXXXXXXXXXXXXXXXXXXXXXXXXXXXXXX0XX


Generation 25/75  F=U(0.5, 1.0)  N_hist=5999
------------------------------------------------------------------------------------------------------------------------
X0X0XXXXX0X0XXXXXXXXXX0XXX0XXXXXXXXXXXXXXXXXXXXXXXXXXXXX0XXXX0XXXXXXXXXXXXXXXXXXXXXX1X1XXXXXXX0XXXXXXXXXXXXXXXXXXXXXXXXX
XX1XXXXX0X01XXXXXXXXXXXXXX1XXXXXXX0XXXXXXXXXXXXXXX0XXXXXXXX0XXXXXXX11XXX1XXXXXX0XXXXXX0XXXXXXXXXXXXXXXXXXXXXXXXXXXXXXXXX


Generation 26/75  F=U(0.5, 1.0)  N_hist=6240
------------------------------------------------------------------------------------------------------------------------
11XX1XXXXXXXX10XXXXXX10XXXXXXXXXXXXXXXXXXXXXXXXXXXXXXXXXXXXX10XXXXXXXXXXXXXXXXXXXXXXXXXXXXXXXXXXXXXXXXXXXXX01XXXXXXXXXXX
XX0XXXXXXXXXXXXXXXXXXXXXXXXXXXX11XXXXXXXXXXXXX0XXXXXXXXXXXXXXXXXXXXXXX1X1001XXXXXXXXXXXXXXXXXXXXXXXXXXXXXXXXXXXXXXXXXXXX


Generation 27/75  F=U(0.5, 1.0)  N_hist=6480
------------------------------------------------------------------------------------------------------------------------
0XXXXXXXXX1XXXXX0XXXXXXXXXXXXXXXXXXXXXXX0XXXXXX0XXXXXXX11XXXXXXXXXXXXXXXX1XX1XXXXXXXXXXXXXXXXXXXXX0XXXXXX0XXXXXXX0XXXXXX
XXXXXXXXXXXXXXXXXXXXXXXXXXXXXXXXXXXXXXXXXXXXXXXXXXXXXXX0XXXXXXXXXXXXXXXXX0XXX1XXXXXXXXXXXXXXXXXXXXXXXXXXXXXXXXXXXXXXXXXX


Generation 28/75  F=U(0.5, 1.0)  N_hist=6720
------------------------------------------------------------------------------------------------------------------------
01X0XX100X0XXXXXXXXXXXXXXXXXX0XXXXXXXXXX0XXXXXXXXXXXXXXXXXXXXXXXXXXXXXXXXXXXXXXXXXXX0XX101XXXXXXXXXXXXXXXXXXXX0XXXXXXXXX
XXXXXXXX00XXXXXXXXXXXXXXXXXXXXXXXXXXXXXXXXXXXXXXXXXXXXXXXXXXXX1XXXXXXXX1XXXXXXXXXXXXXXXXXXXXXXXX0XXXXXXXX00XXXXXXXXXX0XX


Generation 29/75  F=U(0.5, 1.0)  N_hist=6960
------------------------------------------------------------------------------------------------------------------------
0XXX0XXXXXXXXXXXXXXX1X1XXXXXXXX00XXXXXXXXXXXXXXXXXXXXXXXXXXXXXXXXXX1XXXXXXX0XX1XXXXXXXXXXXXXXXXXXXXXX0XXXXXXXXXXXXXX0XXX
XXXX0XXXXXXXXXXXXXXXXXXXXXXXXXXXX1XXXXXXXXXXXXXXXXXXXXX0XXXXXXXXXXXXXXXXXX1XXX1XXXXXXXXXXXXXXXXXXXXXXXXXXXXXXXXXXXXXXXXX


Generation 30/75  F=U(0.5, 1.0)  N_hist=7200
------------------------------------------------------------------------------------------------------------------------
X0X1XXXXXXXXX01XXXXXXXXXXXXXXXXXXXXXXXXXXXXXXXXXXXXXXXXXXXXXXXXXXXXXXXXXXXXXXXXXXXXXXXXXXXXXXXXXXXXXXXXXXXXXXXXXXXXXXXXX
XXXX0XXXXXXXXXXXXXXXXXXXXXXXXXXXXXX01XXXXXX1X1XX0X0XXXXXXX0XXXXXXXX0XXXXXXXXXXXXXXX1XXXXXXXXXXXXXXXXXXXX0XXXXXXXXXX1XXXX


Generation 31/75  F=U(0.5, 1.0)  N_hist=7439
------------------------------------------------------------------------------------------------------------------------
0100XXXXXX0XXXXXXXXXXXXXXXXXXXXXXXXXXXXXXXXXXXXXXXXXXXX0XXX1XXXXXXXXXXXXXXXXXXXXXXXXXXXX0XXXXX0XXXXXXXXXXXXXXXXXXXXXXXXX
XXXX1XX0XXXXXX10XX1XXXXXXXXXXXXXXXXXXXXXXXXXXXX0XXXXXXX0XXXXXXXXXXXXXXXXXX0XXXXXXXXXXXXXXXXXXXXXXXXXX0XXX0XXXX0XXXXXXXXX


Generation 32/75  F=U(0.5, 1.0)  N_hist=7680
------------------------------------------------------------------------------------------------------------------------
01X1XXXXXX10XXXXXXXXXXXXXXXXXXXXXXXX0XXXXXXXXXXXXXXXXXXXXXXXXXXXXXXXXXXX0X0XXXXXXXXXXXXXXXXXXXXXXXXXXXXXXXXXXX0XXXXXXXXX
XXXXXXXXXXXXXXXXXXXXXXXXXXXXXXXXXXX100XXXXXXXXXXXXXXXXXXXXXXXXXXXXXX11XXXXXXXXXXXXXXXXXXXXXXXXXXXXXXXX1XXXXXXXXXXXXXXXXX


Generation 33/75  F=U(0.5, 1.0)  N_hist=7920
------------------------------------------------------------------------------------------------------------------------
100X1010XXXXXXXXXXXXXXXX0XX1XXXXXXXXXXXXX0XXXXXXXXXXXXXXXXXXXXXXXXXXXXXXXXXXXXXXXXXXXXXXXXX0XXXXXXXXXXXXXXXXXXXXXXXXXXXX
XXXXXXXXXXXX1XXXXXXXXXXXXXXXXXXXXXX0XXXXXXX1XXXXXX000XXXXXXXXXX0XXXXXXXXXXXXXXXXXXXXXXXXXXXXXXXXX0XXXXXXXXXXXXXXXXXXXXXX


Generation 34/75  F=U(0.5, 1.0)  N_hist=8160
------------------------------------------------------------------------------------------------------------------------
0X1XXXXXXXXX011XXX0XXXXXXX0XXXXXXXXXXXXX1XXXXXXXXXXXXXXXXXXXXXXXXXXXXXXXX0XXXXXXXXXXXXXXXXX0XXXXXXXXXXXXXXXXXXXXXXXXXX0X
0XXXXXXXX0XXX01XX0XXXXXXXXXXXXXXX01XXXXXXXXXXXXXXXXXX0XXXXXXXXXXXXXXXXXXXXXXXXXXXXXXXXXXXXXXXXXXXXXX0XXXXX001XXXXXX1XXXX


Generation 35/75  F=U(0.5, 1.0)  N_hist=8399
------------------------------------------------------------------------------------------------------------------------
0X0XXXXXXXXX0XXXXX01XXXXXXXXXXXXXXX1XXXXXXXXXXXXX1XXXXXXXXXXXXXXXXXXXXXXXXXXXX0XX1XXXXXXXXXXXXXXXXXXXXX0XXXXXXXXXXXXXXXX
XXXXXXXXXXXXXXXXXXXX1XXXXXXX0XXXXXXXXXXXX0XXXXXXXXXXXXXXXXXXXXX0XXXXXXXXXXXX0XX0XXXXX1XXXX0XXXXXXXXXXXXXX1XXXXXXXXXXXXXX


Generation 36/75  F=U(0.5, 1.0)  N_hist=8640
------------------------------------------------------------------------------------------------------------------------
0001XXXXXXXXXX1XX1XXXXX00XXXXX0XXXXXXXXXXXXXXXXXXXXXX0XXXXXXXXXXX0XXXXXXXXXXXXX1XXX00XXXXXXXXXX0XXX0X1XXXXXXXXXXXXXXXXXX
XXXXXXXX0XXXXXXXXXXX0XX0010XXXXXXXXXXXXXXXXXXXXXXXXXXXXXXXXXXXXXXXXXXX0XXXXXXXXX11X0XXXXXXX00XXXXXXXXXXXXXXXXXXX1XXXXXXX


Generation 37/75  F=U(0.5, 1.0)  N_hist=8880
------------------------------------------------------------------------------------------------------------------------
00X1XXXXXXXXXXXXXXXXXXXXXXXXXXXXXXXXXXXXXX00XXXXXXXXX0XXXXXXXXXXXXXXXXXXXXXXXXXXXXXXXXXX0XXXXXXXXXXX000XXXXXXXXXXXXXXXXX
X0XXXXXXXX0XXXX0XXXXXXXXXXXXXXXXXXXXXX00XXXXX0XXXX0XXXXXXXXXXXXXXXXXXXXXXXXXXXXXXXXXXXXXXXXXXXXXXXXXXXXXXXXXXXXXXXXXXXXX


Generation 38/75  F=U(0.445, 1.0)  N_hist=9120
------------------------------------------------------------------------------------------------------------------------
000X0X1XXXXXXXXXX000XXXXXXXXXXXXXXXXXXXXXXXXX0XXXXXXXXXXXXXXXXXXXX1XXXXXXXXXXXX0XXXXXX0XXXXXXX0X0XXXXXXX0XX0XXXXXXXXXXXX
XXXXXX1XXXXXXXXXXXXXXXXXXXXXXXXXXXXXXXXXXX000XXXXXXXXXXXXXXX0XXXXXXX00XX0XXXXXXXXXXXXXXX0X0XXXXXXXXXXXXX0XXXXX0XXXXXXXXX


Generation 39/75  F=U(0.493056632402, 1.0)  N_hist=9360
------------------------------------------------------------------------------------------------------------------------
0XX000XXXXXXXXXXXXXXXXXXXX0XXXXXXXXXXXXXXXXXXXXXXX0XXXXXXXXXXXXXXXXXXXXXXXXX0XXXXXXX0XXXXXXXXXXXXXXX0XXXXXXXXXXXXXXXXXXX
010XXXXXXXXXXXXXXXXXXXXXXXXXXXX0XXXX10XXXXXXXX0XXXX1XXXX1XXXXXXXXXXXXXXXXXXXXXXXXXXXXXXXXXXXXXXXXXXXXXXXXXXXXXXXXXXXXXXX


Generation 40/75  F=U(0.5, 1.0)  N_hist=9600
------------------------------------------------------------------------------------------------------------------------
11X0XXXX00XXXXXXXXXXXXXXXXXXXXXXXXXXXXXXXXXXXXXXXXXXXXXXXXXXXXXXXXXXX0X0XXXXXXXXXXXXXXXXXXXXXXXXXXXXXXXXXXXXX0XXXXXX0XXX
XXXXXXX1XXXXX00XXXX00XXXXXXX00XXXXXXXXXXXXXXXXXXXXXXXXXXXXXXXXXXXXXXXXXXXXX0XXXXXXXX0XXXXXXXXXXXXXXXXXXXXXXXXXXXXXXXXXXX


Generation 41/75  F=U(0.445, 1.0)  N_hist=9840
------------------------------------------------------------------------------------------------------------------------
00X1X00XXXXXXXXXXXXXXXXXXXXXXX0XXXXXXXXXXXXXXXXXXXXXXXXXXXXXXXXX0XXXXXXXXX0XXXXXXXXXXXX0XXXXXXXX01XXXXXXXXXXXXXXXXXXXXXX
XXXXXXXXXXXXXXX0X0XXXXXXXXXXXXXXXXX0XXXXXX0XXXXXX10XXXXXXXXXXXXX0XXX0XXXXXXXXXXXXXXXXXXXXXXXXXXXXXXXXXXXXXXXXXXXXXXXXXXX


Generation 42/75  F=U(0.493056632402, 1.0)  N_hist=10080
------------------------------------------------------------------------------------------------------------------------
10XXXXXXXXXXX0XXXXXX0XXXXXXXXXXXXXXXXXXXXXXXXXXXXXX0XXXXXXXXXXX0XXX0XXXX0XXXXXXXXXXXXXXXXXXXXXXXXXXX0XXX0X0XX0XXXXXX0X0X
XXXXXXXXXXXXXXXXXXXXXX0X0XXXXXXXXXXXXXXXXXXXXXXXXXX00XXXXXXXXXXXXXXXXXXXXXXXXXXXXXXXXXXXXXX00XX0XXXXXXXXXXXXXXXXXXXXXXXX


Generation 43/75  F=U(0.5, 1.0)  N_hist=10320
------------------------------------------------------------------------------------------------------------------------
00000X0XX0XXXXXXXX0XXX00X0XXXXXXXX0XXXXXXXXXXXXXX0XXXXXXXXXXXXXXX1XXXXXXX0XXXX0XXXXXXXXX0XXXXX1XXXXX1XXXXXXXXXXXXXXXXXX0
XXXXXXXXXXXXXXXX0XXXXXXX0XXXXXXXXX0XXXXXXX00XXXXXXXXXXX00XXXXXXXXXXXXXXXXXXXXXXXXXXXXXXX1XXXXXXXXXXXXXXXXXXXXXXXXXXXXXXX


Generation 44/75  F=U(0.5, 1.0)  N_hist=10560
------------------------------------------------------------------------------------------------------------------------
000X10+0X00XX00XX0XXXXXXXXXXXX0XXXXXXXXXXXXXXXXXXXXXXXXXXXX10XXXXX0X0000XXX0XXXXXXXXXXXXXXXXX0XXXXXXXXXXXXXXXXXXXXXXXXXX
X0XXXXXXXXXXXXXXXXXXXX0XXXXXXXXXXXX0XXXXX0XX00XXXXXXXXXXXXXXX0XXXXXXXXXXXXXXXXXXXXXX00XXXXXXX0XXXX0XXXXX0XXXXXXXX0XXXXXX
X


Generation 45/75  F=U(0.5, 1.0)  N_hist=10799
------------------------------------------------------------------------------------------------------------------------
000X0XXXXXXXXXXXXXXXXXXXXXXXXXXXXXXXXXXXXXXXXXXXXXXXXXXXXXXXX0XX0XXXXXXXXXXXXXXXXXXXXXXXXXXXXXXXXXXXXXXXXXXXXXXXXX0XXXXX
XXXXXXX0XXXXXXXXXXXXX0XXXXX0XXXXXXX0XXXXXXXX00X0XXXXXXXXXXXXXXXXXXXXXXXXXXXXXXXXXXXXXXXXXXXXXXX00XXXXXX0XXXXXXXXXXXXXXXX


Generation 46/75  F=U(0.445, 1.0)  N_hist=11040
------------------------------------------------------------------------------------------------------------------------
0X01XXXXX0XXXXXXXXXXXXXXXXXXXXXXXXXXXXXXXXXXX000XXXXXXXXXXX0XXXXXXXX0XXXXXXXXXXXXXXXXXXXXXXXXXXXXXXXXXXXX01XXXXXXXXXXX0X
XXXXXXXXXXXXXXXXXXXXXXXXXXXXXXXXXX0XXXXXXXXXXXXXXXXXXXXXXXXXXXXXXXXXXX0XXXXXXXXXXXXXXXXX01XXXXXXXXXX0XXXXXXXXXXXXXXXXXXX


Generation 47/75  F=U(0.493056632402, 1.0)  N_hist=11280
------------------------------------------------------------------------------------------------------------------------
X0X0XXXX0XXXXX0XXXXXXXXXXXXXXXXXXXXXXXXXXXXXXXXXX1XXXXXXXXXXXX00X0XXXXXX0XXXXXXXXXXXXX1XXXXXXXXXXX0XXXXXXXX0XXXXXXXXX0XX
XXXXXXXXXXXXXXX00XXXXXXXXXXXXX0XXXXXXXXXXXXXXXXXXX0XXXXXXXXXXXXXXXXXXXXXXXXXX0XXXXXXXXXXX0XXXXXXXXXXXXXXXXXX0XXXXXXXXXXX


Generation 48/75  F=U(0.438820402838, 1.0)  N_hist=11520
------------------------------------------------------------------------------------------------------------------------
0X0X0XX0XXXXXXXXXXXXXXXX0XXXXXXXXXXXXXXXXXXXXXXXXXXXXXX0+XXXXXXXXXXXXX0XXXXXXX0XXXXX1XXXXXXX0XXXXXXXX0XXXXXXXXXX00XX0XXX
XXXXXX0XXXXXXXXXXXXXXXXX0XXXXXXXXXXXXXXXXXXXXXXXXXXXX00XXXX0XXXX100XXXXX00XXXXXXXXXXXXXXXXXXXXXXXXXXXXXXXXXXXXXXXXXXXXXX
X


Generation 49/75  F=U(0.486209685511, 1.0)  N_hist=11760
------------------------------------------------------------------------------------------------------------------------
XXXXXXXX00XXXXXXXXXXXX0XXXXXXXXXXXXXXXX0XXXXX0X00XXXXXXXXXXXXXXXXXXXXX0XXXXX0XX00XXXXXXXXXXXXXXXXXXXXXXXXXXXXXXXXXXX0XXX
XXXXX0XXXXXXXXXXXXXXX00XXXXXXXXXXXXXXXXXXXXXXXXXXXXXXXXXXXXXXX1XXXXXX00XXXXXXXXXXXXXXXX0XXX0XXXXXXXXXXXXXX0XXXXXX0XXXXXX


Generation 50/75  F=U(0.5, 1.0)  N_hist=12000
------------------------------------------------------------------------------------------------------------------------
0X0XXXXXXXXXXX0XXXXXXXXXXXXX000+XXXXXXXXXXXXXXXXXXXXXXXXXXXXXXXXXXXXXXXXXXXXXXXXXXX0XXXXXXXXXX0XXXXXXX0XXXXXXXXXXXXXXXXX
XXX0XXXX0XXXXX1XX0XXXXXXXXXXXXXXXXXXXXXXXXXXXX0XXXXXXXXXXXXXXXXXXXXXXXX0X0XXXXXXXXXXXXXXXXXXXXXXX0XXXXXXXXXXXXXXXXX0XXXX
X


Generation 51/75  F=U(0.5, 1.0)  N_hist=12240
------------------------------------------------------------------------------------------------------------------------
XXXXXXXXXXXXX0XXXXXX0XXXXXXXXXXXXXXXXXXXXXXXXXXXXXXXXXXXX0XXXXX0XXXXXXX00XXXXXXXXXXXXXXXXXXXX0XXXXXXXXXXX0XXX0XX0XXXXXXX
XXXXXXXXXXXXXXXXXXX0XXXXXXXXXXXXXXXXXX0X0XXXXXXXXXXX000XX0XXXX00XXXX00XXXXXXXXXXXXXXXXXXXXXX0XXXXXXXXXXXXXXXXXXXXXXXXXXX


Generation 52/75  F=U(0.445, 1.0)  N_hist=12480
------------------------------------------------------------------------------------------------------------------------
000X1XXXXX0XX0XXXXXXX0XXXXXXXXXXXXXXXXXXX0X0XXXXXXXXXXXXXXXXXXXXXXXXXXXXXXXXXXXXXXXXXXXXXXXXXXXXX0XXXXXXXXXXXXXXXXXXXXXX
XXXXXXXXXXXXXXXXXXX000XXXXXXXXXXXXXXXXXXXXXX0XXXXXXXXXXXXXXXXXXXX0XX0XXXXXXXXXXXXXXX0XXXXXXX0XXXXXXXXXXXXXXXXXXXXXXXXXXX


Generation 53/75  F=U(0.39605, 1.0)  N_hist=12720
------------------------------------------------------------------------------------------------------------------------
0X0000XXXXX00XXXXX0XXXXXXX0XXXXXXXXXXXXXXXXXXXXXXXXXXXXXXXXXXX0XXXXXXXXXXXXXXXXXXXXXXXXXXXXXX00XX0XXXXXXXXXXXXX0XXXXXXXX
XXXX0XXXXXXXXX0XXXX0XXXXXXXXXXXXXXXXXXX0XX0XX0XXXXXXXXXXXXXXXXXXXXXXXXXXXX0XXXXXXXXXXXXXXXXXXXXXXXXXXXXXXXXXXXXXXXXXXXXX


Generation 54/75  F=U(0.3524845, 1.0)  N_hist=12960
------------------------------------------------------------------------------------------------------------------------
X0XXXXXXXXX0XXXXX0XXXXXXXXXXXXXXX0X00XXXXXXXXXXXXXXXXXXXXXXXXXX0XXXXXXXXXXXXXXXXXXXXXXX0XXX0XXXXXX0XXXXX0XXXXXXXXXXX0XXX
XXXXXXXXXXXXXXXXXXXXXXXXXXXXXXXXXXXXX0XX01XXXXXXXXXXXXXXXXXXXXX0XXXXXXXXXXXXXXXXXXXXXXXXXXXXXXXXXXXX0XXXXX0XXXXXXXXXXXXX


Generation 55/75  F=U(0.313711205, 1.0)  N_hist=13200
------------------------------------------------------------------------------------------------------------------------
1XXX0XXXXXXXXXXXXXXXXXXXXXXXX0XX0XXXXXXXXXXXXXXXX0XXXXXXXXXXXXXXXX0XXXXXXX0+XXXXXXXXX0XXXXXXXX0XXXXXXXXXXXX0XXXXXXXXXXXX
XXXXXXX000XXXXX0XX0XXXXXXXXXXXXXXXXXXXXXXXXXXXXXXXXXX0XXXXXXXXXXXXX0XXXXXXXXXXXXXXXXXXXXXXXXXXXXXXXXXXXXXXXXXXXXXXXXXXXX
X


Generation 56/75  F=U(0.27920297245, 1.0)  N_hist=13440
------------------------------------------------------------------------------------------------------------------------
0X0XXXXX0XXXXXXXX0XXXXXXXX0XXXXXXXX0XXXXXXX0XXXXXXXXXXXXXXXXXXXXXXXXXXXXXXXXXXXXXXXXXXXXXXXXXXXXXXX0XXX0XXXXXXXXX0X0XX0X
XXX0XX0XXXXXXX0XXX0XXXXXXXXXXXXXXXX000XXXXXXXXXXXXXXXXXXXXXXXXXXXXXXXXXXXX0XX0XXXXXXXXXXXXXXXX0XXXXXXXXXXXXXXXXXXXXXXXXX


Generation 57/75  F=U(0.309354780568, 1.0)  N_hist=13680
------------------------------------------------------------------------------------------------------------------------
00XXXXXX0XXXXXXXXXXXXXXXXXXXXXXXXXXXXXXXXXXXXXXXXXXXXX0X00XXXXXXXXXXXXXXXXXXXX0XXXXXXXXXXXXXXXXXXXXXXXX0XXXXXXXXXXXXXXX0
X0XXXXXXXXXXXXXXXXXXXXXXXXXXXXXXXXX00XXXXXXXXXXXXXXXXXXXXXXXXXXXXXXXXXXXXXXXX00X0XXXXXXXXXXXXXXX0XXXXXXXXXXXXXXX0XXXXXXX


Generation 58/75  F=U(0.275325754706, 1.0)  N_hist=13920
------------------------------------------------------------------------------------------------------------------------
X00XX0XXXXXXXXXXXXXXXXXXXXXXXXXXXXXX0XXXXXXX00XXXXX00XXXXXXXXXXXXXXXXXXXXX0X00XX0XXXXXXX0XXXXXXXXXX0XXXXXX1XXXXXXXXXXXXX
XXXXXXXXXXXXXXXXXXXXXXXXXXXXXXXXXXXXXXXXXXXX0XXXXXXX0X0XXXXXXXXXXXXXXXXXXX00XX0XXXXXXXX0XXXX0XXXXXXXXXXXXXXXXXXXXXXXXXXX


Generation 59/75  F=U(0.305058852649, 1.0)  N_hist=14160
------------------------------------------------------------------------------------------------------------------------
0X0XXXXXXXXX0XXXXXXXXXXXXX0XXXXXXXXXXXXXXXXXXXXXXXXXXXXXXXX0XXXXXXXXXXXXXXXXX0XX0XXXXXXXX0XXXXXXXXXXXXXX0XXXXXXXXXXXXXXX
XXXXXXXXXXXXXXXXXXXXXXXXXXXXXXXX0XXXXXXXXXXXXXXXXXXXXXXXXXXXXXXX00XXXXXXXXXX0XXXXXXX0XXXXXXXXXXXXXXX00XXXXXXXXXXXXXXXXXX


Generation 60/75  F=U(0.271502378857, 1.0)  N_hist=14400
------------------------------------------------------------------------------------------------------------------------
00XXXXXXXXXXXX0XXXXXXXXXXX0XXXXXXXX0XXXXXXXXXXXXXX0XXXXXXXXXXXXXXXXXXXXXXXXX0XXX000XXXXXXXXXXXXXXXXX000XXX0XXXXXXXXXXXXX
XXXXXXXXXXXXXXXXXXXXXXX0XXXXXXXXXXXXXXXXX0XXXXXXXXXXXXX0XXX0XXXXXXXXXXXXXXXXXXXXXXXXXXXXXXXXXXXXXXXXXXXXXXXXXXXXXXXXXXXX


Generation 61/75  F=U(0.300822581143, 1.0)  N_hist=14640
------------------------------------------------------------------------------------------------------------------------
000XXX0XX0XXXXXXXXXX0XXXXXXXXXXXXXXXXXXXXXXXXXXXXXXXXXXXXXXXXXXXXXXX00+XXXXX00XXXXXXXXXXXXXXXXXXXXXXXXXXX00XXXXXXXXX0XXX
XXXXXXX0XXXXXXXXX0XXXXXXXXXXXXXXXXXX0XX00XX0XXXXXXXXXXXXXXXXXXXXXXXXXXXXXX0XXXX0XXXXXXXXXXXXXXXXXXXXXXXXXXXXXXXXXXXXXXXX
X


Generation 62/75  F=U(0.267732097217, 1.0)  N_hist=14880
------------------------------------------------------------------------------------------------------------------------
00000X00XXXXXXXXX0XXXXXXXXXXXX0XXXXXXXXXXXXXXXXXXXXXXXX0XXXX0XX0XX00XXXX0XXXXXXXXXXXX0XXXXXXXXXXXXXXXXXXXXX0XXXXXXXXXXXX
XXXX0XXXXXXXXX00XXXXXXXXXXXX0XXXXXXXXXXXXXXXXXXXXX00XXXXXXXXXXXXX00XXXXXXXXXXXXXXXXXXXXXXXX00XXXXXXXXXXXXXXXXXXXXXXXXXXX


Generation 63/75  F=U(0.238281566523, 1.0)  N_hist=15120
------------------------------------------------------------------------------------------------------------------------
0XXXXXXXXXXXXXXXXXXXXXX0XXXXXXXXXXXXXXXXXXXXXXXXXXXXXXXXXXX0XXXXXXXXXXXXXXXXXXXXXXXX0XXXXX0XXXXXXXXXXXXXXXXXXXXXXXXXXXXX
XXXX0XXXXX0XXXXXXX0XXXXXXXX000XXXXXXXXX0XXXXXXXXXXXXXXX0XX0XXXXXXXXXXXXXXXXXXXXX0XXXXXXXXXXXXXXXXXXXXXX0XXXXXXXXXXXXXXXX


Generation 64/75  F=U(0.212070594206, 1.0)  N_hist=15360
------------------------------------------------------------------------------------------------------------------------
0XX0XXX0XXXXXXX0+XXXXXXX0XXXX0X00XXX0XXXXXXXX00XXXXXXXX0XXXXXXXXXXXXXXXXXXXXXX0XXXXXXXXXXXXXXXXXXXXXXXXXXXXXXXXXXXXXXXXX
0XXXXXXXXXXXXXXXXXXXXX0XXXXXXXXXXXXXXXXXXX0XXXXXXXXXXXXX0XXX0XXXXXXXXXX0XXXXXXXXXXXXXX0X0XXXXXX0XXXXXXXXX00XXXXXXXXXXXXX
X


Generation 65/75  F=U(0.234972613507, 1.0)  N_hist=15599
------------------------------------------------------------------------------------------------------------------------
0XXXXXXXXXXXXXXXXXXXXXXXXXXXXXXXXXXXXXXXXXXXXXXXXXXXXXXX0XXXXXXXXXXXXXXXXXXXXXXXXXXXXXXXXXXX0XXX000XXXXXXXXXXX0XXXXXXXXX
XXXXXXXXXXXXXXXXXXXXX0XXXXXXXXXXXXXXXXX0XXXXXXXXXX0XXXXXXXXXXXXXXXXXXXXXXXXXXXXXX0XXXXXXXXX0XXXXXXXXXXXXXXXXXXXXXXXXXXXX


Generation 66/75  F=U(0.209125626021, 1.0)  N_hist=15840
------------------------------------------------------------------------------------------------------------------------
00X00XXXXXXXXXXXXXXXXXX0XXXXXXXXXXX0XXXXXXXXXX0XXXXX00XXXXXXXXXXXXXXXXXXXXXXXXX00XXXXXXXXXXXXXXXXXXXXXXX0XXXXXXXXXXXXXXX
XXXX0XXXXXXXXXXXXXXXXXXXXXXXXXXXX0XXXXXXXXXXX0XXX0XXXXXX0XXXX0XXXXXXXX0X0XXXXXXXXXXXXXX0XXX0XXXXXXXXXXXXXXXXXXXXXXXXXXXX


Generation 67/75  F=U(0.231709611045, 1.0)  N_hist=16080
------------------------------------------------------------------------------------------------------------------------
0X0XXXXXXXXXXXXXXXXXXXXXXXXX00XXXXXXXXXXXXXXXXXXXXXXXXXXXXXXXXXXXXXXXXXXXXXXXXXXXXXXXX0XXXXXXXXXXXXXXXXXXX0XXX00XXXXXXXX
XXXXXX00X00XXXXXXXX00XXXXXXX0XXXXXXXXXXXXXXXXXX0XXXXXXXXXX0XX000XX0XXXXXXXXX0XXXXXXXXXXXXXXXXXXXXXXXXXXXXXXXXXXXXXXXXXXX


Generation 68/75  F=U(0.20622155383, 1.0)  N_hist=16320
------------------------------------------------------------------------------------------------------------------------
XXXXXXXXXXX00XXXX0XXXXXXXXXXXXXXXXXXXXXXXXXXXXXXXXXXXXXXXXXXXXXXXXXX0XXXX0XXXXX00XXXXXXXXXXXXXXXXXXXXXXXXXXXXXXXXXXXXXXX
XXXXXXXXX0XXXXXXXXXX0XXX000X0XXXXXXXXXXXX0XXXXXXXXXXXXXXXXXXXXXX0XXXXXXXXXXXXXXXXXXXXXXXXXXXXXXXXXXXXX000XXXXXXXXXXXXXXX


Generation 69/75  F=U(0.183537182908, 1.0)  N_hist=16560
------------------------------------------------------------------------------------------------------------------------
X0XXXXX0XXXXXXXXXXXXXXXXXX0XXXXXXXXXXXXXXXXXXXXXXXXXXX0XXXXXXXXXXXXX0XXX0XX0XXXXXXXXXXX0X0XXXXXXXXXXXXXXXXXXXXXXXXX0X0XX
XXXXXXXXXXXXXXXXXXXXXXXX0XXXXXXXXXXXXXXXXXXX0XX0XXXXXXXXXXXXXXXXXXXXXXXX000XXXXXXXXXXXXXXXXXXXXXXXXXX0XXXXXXXXXXXXXXXXXX


Generation 70/75  F=U(0.20335780972, 1.0)  N_hist=16800
------------------------------------------------------------------------------------------------------------------------
0000X00XXXXXX0XX0XXXXXXXXXXXXXXXXXXXXXXXXXXXXXX0XXXXXXXX0XXX0XXXXXXXX0XXXX0XXXXXXXXXXXXXXXXXXXXXXXXXXXXXXXXX0XXXXXXXXXXX
0XXX0XXX0X0XX0XX0XXX0XXXXXXXXXXXXXXXXXXXXXXXXX0XX0+XXXXXXXXXXXXXXXXXXXXXXXX0XXXXXXXXXXXXXXXXXXXXXXXXXXXXX0XXXXXXXXXX0X0X
X


Generation 71/75  F=U(0.225318914232, 1.0)  N_hist=17040
------------------------------------------------------------------------------------------------------------------------
000X000X0XXXXXXXXXXXXXXXXXXXXXXXXXXXXXXXXXXXXXXXXX0000XXX0XXX0XXXXXXXXXXXXXXXXX0XXXXXXXXXX00XXXXXXX00XXXXXXXXXXXX0XXXXXX
XXXXXXXX0XXXXXXXXXX0XXXXXXXXX0XX00XXXXXXXXXXXXXXXXXXXXXX0XX0XXXXXXXXXXXXXXXXXXXXX0XXXXXXXXXXXXXXXXXXXXXXXXXXXXXXXXXXXXXX


Generation 72/75  F=U(0.200533833666, 1.0)  N_hist=17280
------------------------------------------------------------------------------------------------------------------------
0X0XXX0XXXXXXXXXXXXXXXXXXXXXXXXXXXXXXXXXXXXXXXX00XXX0XXXXXXXXXXXXXXXXXXXXXX000XXXX0XXX0XXXXXXXXXXXXXXXXXXXXXXXXXXXXXXX0X
XXXXXXXXXXXXXXXXXXX0XXXXXXXXXXXXXXXXXXXXXXXXXXXXXXXXXX0X0XXXXXXXXX00XXXXXXXXXXXXXXXX0XXXXXXXXXXXXXXXXXXXXXXXX0XXXXXXXXXX


Generation 73/75  F=U(0.222189970135, 1.0)  N_hist=17519
------------------------------------------------------------------------------------------------------------------------
000000X0XXX0XXXXXXXXX000XXXXXX0XXXXXXXXXXXX0XXXXXXX0XXXXXXXXX0XXXXXXX0XXXXXXXXXXXXXXXXXXXXXXX0XX0XXXX00+XXXXXXXXXXX0X0XX
XXXXXXX00XXXXXXXXXXXXXXX0XXXXXXXXXXXXXXXXXXXXXXXXXXX0XXXXXXXXXXXXXXXXXXXXXXXXXX0XXXXXXXXXXXXXXXXXXXXXXXXX00X0XXXXXXXXXXX
X


Generation 74/75  F=U(0.246184805457, 1.0)  N_hist=17760
------------------------------------------------------------------------------------------------------------------------
X00XX0XXXXX0XXXXXX0XXX0XXXX00XXXXXXXXXXXXXX00XXXXXXXXXXXXXXX0XXX0XXXXXXXXXXXXXXXXXXXXXXXXXXXXXXXXXXXXXXXXXXXXXXXXXXXXXXX
XXX0XXXXXXXX0XXXXXXXXXXXXXXXXXX0XXXXXXXXXXXXXXXXXXXXXXXXXXXXXXXXXXXXXXXX00XXXXXXXXXXXXXXXX0XXXXXXXXXXXXXXXXXX0XXXXXXXXXX


Generation 75/75  F=U(0.219104476857, 1.0)  N_hist=18000
------------------------------------------------------------------------------------------------------------------------
00X00X00XXXXXXXXXXXXXX0XXXXXXXXXXXXXXXXXXXXXXX0XXX00XXXXXXXXXXXXXXXXXXXXXXXXXXXXX0XXXXXXX0XXX0XXXX0X0XXXXXX0XXXXXXXXXX0X
0XXXXXXXX0XXXXXXXXXXXXXXXXXXXXXXXXXXXX0XXXXXXXXXXXXXXXXXXXXXXXXX0XXXXXX0XXXXXXXXXXXXX0X0XXXXXXXXXXXXXXXXXXXXXXXXXXXXXXX0


Maximum number of iterations reached.

SSE=2.6136 on eval 18240: L=4.94497e+07** b=5.95805 r=0.277657 rf=0.966974 t0=40.6662 th=5.0294


Shutting down DE...
DE shutdown complete.

Final population:
Population: 240 individuals with SSE 2.6136 to 2.6497, avg eval time 0.0231 sec. Top 7:

        SSE |     2.6136        2.614       2.6142       2.6143       2.6143       2.6145       2.6145  
------------------------------------------------------------------------------------------------------------------------
          L |  4.945e+07** 2.5721e+07   4.0907e+07   3.1656e+07    8.962e+06    3.288e+07   4.3706e+07  
          b |      5.958       9.8403       9.2851       17.975       13.161       26.769       14.933  
          r |    0.27766      0.29363      0.27772      0.27358      0.27853       0.2649      0.29347  
         rf |    0.96697      0.96954      0.96849      0.97131      0.96993      0.97388      0.97232  
         t0 |     40.666         40.5       40.739       40.754       40.564       40.828       40.456  
         th |     5.0294       5.0752       5.0592        5.057       5.2059       4.9912       5.1518  
------------------------------------------------------------------------------------------------------------------------
Best individual:
<SSE=2.6136 L=4.94497e+07** b=5.95805 r=0.277657 rf=0.966974 t0=40.6662 th=5.0294>


Elapsed time: 236.98 seconds

Saved final population of best parameter combinations to covid19.dat
Shutting down...
Task Queue is shut down
Goodbye
