Decompressing and parsing covid19.csv.bz2...
Cumulative and new cases reported thus far for US
------------------------------------------------------------------------------------------------------------------------
000	01/22	1	0
001	01/23	1	0
002	01/24	2	1
003	01/25	2	0
004	01/26	5	3
005	01/27	5	0
006	01/28	5	0
007	01/29	5	0
008	01/30	5	0
009	01/31	7	2
010	02/01	8	1
011	02/02	8	0
012	02/03	11	3
013	02/04	11	0
014	02/05	11	0
015	02/06	11	0
016	02/07	11	0
017	02/08	11	0
018	02/09	11	0
019	02/10	11	0
020	02/11	12	1
021	02/12	12	0
022	02/13	13	1
023	02/14	13	0
024	02/15	13	0
025	02/16	13	0
026	02/17	13	0
027	02/18	13	0
028	02/19	13	0
029	02/20	13	0
030	02/21	15	2
031	02/22	15	0
032	02/23	15	0
033	02/24	51	36
034	02/25	51	0
035	02/26	57	6
036	02/27	58	1
037	02/28	60	2
038	02/29	68	8
039	03/01	74	6
040	03/02	98	24
041	03/03	118	20
042	03/04	149	31
043	03/05	217	68
044	03/06	262	45
045	03/07	402	140
046	03/08	518	116
047	03/09	583	65
048	03/10	959	376
049	03/11	1281	322
050	03/12	1663	382
051	03/13	2179	516
052	03/14	2727	548
053	03/15	3499	772
054	03/16	4632	1133
055	03/17	6421	1789
056	03/18	7783	1362
057	03/19	13747	5964
058	03/20	19273	5526
059	03/21	25600	6327
060	03/22	33276	7676
061	03/23	43847	10571
062	03/24	53740	9893
063	03/25	65778	12038
064	03/26	83836	18058
065	03/27	101657	17821
066	03/28	121465	19808
067	03/29	140909	19444
068	03/30	161831	20922
069	03/31	188172	26341
070	04/01	213372	25200
071	04/02	243762	30390
072	04/03	275586	31824
073	04/04	308853	33267
074	04/05	337072	28219
075	04/06	366667	29595
076	04/07	396223	29556
077	04/08	429052	32829
078	04/09	461437	32385
079	04/10	496535	35098
080	04/11	526396	29861

Initializing 240 population members having 6 parameters
------------------------------------------------------------------------------------------------------------------------

SSE=130.17 on eval 1: L=3.08847e+08 b=92.3904 r=0.351899* rf=0.928498 t0=56.9861 th=23.1009

*

SSE=65.92 on eval 2: L=2.7081e+08 b=21.7694 r=0.358294* rf=0.900016 t0=61.9198 th=23.0824

!

SSE=40.427 on eval 3: L=6.76435e+06* b=58.049 r=0.426693 rf=0.937848 t0=62.5919 th=14.7064

!

SSE=32.823 on eval 4: L=2.8298e+08 b=65.9483 r=0.392286 rf=0.946628 t0=64.5016 th=13.7739

!91542699232322242329225

SSE=18.088 on eval 28: L=1.60099e+08 b=57.4755 r=0.552672 rf=0.954812 t0=57.9326 th=18.9589

!9149292944999947779239799987977433272719399942494239199132353469699949523

SSE=17.586 on eval 102: L=2.099e+08 b=118.256** r=0.535708 rf=0.96875 t0=59.7051 th=18.5223

!999294999996291991
369439744983257521492394991992993991392248294994912299399999921986598993992429974949349269133569699255899894239172229492


Population: 240 individuals with SSE 17.586 to 1012.3, avg eval time 1.11 sec. Top 7:

        SSE |     17.586       18.088         18.3       18.527       20.246       20.377         21.1  
------------------------------------------------------------------------------------------------------------------------
          L |  2.099e+08    1.601e+08   2.5078e+08   1.3699e+07*  4.1911e+07   1.0649e+08   1.8615e+08  
          b |     118.26**     57.475       46.106       50.696       64.116       29.944       22.559  
          r |    0.53571      0.55267       0.4041      0.49556      0.58555       0.6125      0.41688  
         rf |    0.96875      0.95481      0.94469      0.91031      0.93294      0.97576      0.90091  
         t0 |     59.705       57.933       64.097       60.963       56.681         56.4*       61.44  
         th |     18.522       18.959       15.614       14.657       17.665       20.459       16.095  
------------------------------------------------------------------------------------------------------------------------
Best individual:
<SSE=17.5857 L=2.099e+08 b=118.256** r=0.535708 rf=0.96875 t0=59.7051 th=18.5223>


Population: 240 individuals with SSE 17.586 to 1012.3, avg eval time 1.11 sec. Top 7:

        SSE |     17.586       18.088         18.3       18.527       20.246       20.377         21.1  
------------------------------------------------------------------------------------------------------------------------
          L |  2.099e+08    1.601e+08   2.5078e+08   1.3699e+07*  4.1911e+07   1.0649e+08   1.8615e+08  
          b |     118.26**     57.475       46.106       50.696       64.116       29.944       22.559  
          r |    0.53571      0.55267       0.4041      0.49556      0.58555       0.6125      0.41688  
         rf |    0.96875      0.95481      0.94469      0.91031      0.93294      0.97576      0.90091  
         t0 |     59.705       57.933       64.097       60.963       56.681         56.4*       61.44  
         th |     18.522       18.959       15.614       14.657       17.665       20.459       16.095  
------------------------------------------------------------------------------------------------------------------------
Best individual:
<SSE=17.5857 L=2.099e+08 b=118.256** r=0.535708 rf=0.96875 t0=59.7051 th=18.5223>

Performing DE with CR=0.7, F=U(0.5, 1.0), DE/rand-1.00/1/bin
------------------------------------------------------------------------------------------------------------------------
Press the 'Enter' key to abort.

Generation 1/75  F=U(0.5, 1.0)  N_hist=240
------------------------------------------------------------------------------------------------------------------------
3XXX2X418X9X02XX44XXX42X2X3X3X91X19499X2X2X6X4X9X333XXX2X2X1302X2X1XX3XX1X31X3X4XX14X1XX23X1943XX11721XX12XXX622X1432XXX
XX4X4XX1X4X2XXXX11XX8X4X90XX533X723XXX1298X223XXX3X1XXXXX4X2XX32XX9XX6X43293XX3X113XX3XXXXXXX229+XXX345X939XX2X3X912X1X6
X


Generation 2/75  F=U(0.5, 1.0)  N_hist=480
------------------------------------------------------------------------------------------------------------------------
X11191X52X6X26232XX222XX1X2XX7X1X2X222XX2121XXX42+2X1XX2X5129X1X1232XXXXX3XX3117XXX2XXXXX2XXXX3XX13XXX91XXXXX232X9XXXXXX
XX232X3XXXX9XXX1X62XXXXX1XXXXXX22XX44XX243X3XX32XX5253X5X97X15XXX2XXXX92X36X2X7XXXXX83XXXX1XX423XXXXXX92XX32X1XX2XX912XX
X


Generation 3/75  F=U(0.5, 1.0)  N_hist=720
------------------------------------------------------------------------------------------------------------------------
XXXXXXX11X3XXXXXXX1X2XX12XXX1XXXXXXX2XX1XXX3XXXXXXXXXXXXXXXX02X1X1XX1X2XXX1XXXXXX3XX32XXXX211XX2XX2XX1XXX21XXXX2XXXX12X1
14X1X22X2X5XX2XXXXXXXXXX2XXXXXXXXX4X1X2XXXXXXX1XX9XX2XXXXXXXXXXXX1XXXXX1XX2XX9XXX11X4XXXXXXXXXXXXXXXXXXXXXXXXXX1X2XXXXXX


Generation 4/75  F=U(0.5, 1.0)  N_hist=960
------------------------------------------------------------------------------------------------------------------------
XX1XXXXXXXXXXXXX1XXXX2XXX08X1X3X1XXX12XXXXXXX5XX1XXXXX1XXXXXX1X31XXXXXX2XXX1X2X6X240XXXXXXXX2X2XXXXX2XXX1XX2X611XX151XXX
X1+XXXX0XXXXXXXXX3X2X3X12XXXXX1XXX1XXXXXXX2XXXXX2X111XXXX1XX2XXXX20XXX3XXXX1XXXXXXXXXXXXXXXX1XXXXXXXXXXXXXXXX4X4X1X01X1X
X


Generation 5/75  F=U(0.5, 1.0)  N_hist=1200
------------------------------------------------------------------------------------------------------------------------
X2X1XX1XXXXXXX1XXXXXXX12XXXXXXXXX1XXXXX2XXXX1XXX2X0212XXXX21XXXXXXX24XXXXXXX0XXXXXXXX1XXX1XXXXXXX21X12XX21XX11XXXXXXXX1X
XXXX2XXXXXXXX11XXXXXXXXXXXXXXXX2XXX3XXXXXXXXXX0XXXXX1X21XX1XXXXXXXX2XXX2XX2XXX1XXX1X1XXXX111XX4X1X1XXXXXXXXXXX2XX11XX1XX


Generation 6/75  F=U(0.5, 1.0)  N_hist=1440
------------------------------------------------------------------------------------------------------------------------
1XXXX1XX1X1XXXXX3XX21XXXXXXXXXXX1X3X122XXXXXX3XXXXXXXXXXX21X0X1X22X221XXX2X221XX2XXXXXXXX1XXX1XXXX1XXXXXX1XXX1XXXXXX2XXX
121XXX1XXXXXX1XXXXXXX2XXXXXXXX2XXXXXXXXXXXXXX01X2X12XX2X1XXXXX1X24X1X21XXXX1

SSE=17.157 on eval 1656: L=2.21743e+08 b=104.727 r=0.523351 rf=0.958578 t0=59.6629 th=18.3003

+XX1XX1XXXXXXXXXXXXXXXXXXXXXXX2111XXXXXXXXX1
X


Generation 7/75  F=U(0.5, 1.0)  N_hist=1679
------------------------------------------------------------------------------------------------------------------------
12X2X11X11X12XX0XXXX1XXXXXXXXXXX1XXXXXXXXXXXXXXX10XX211XX10X3XXXXXXXXXXXXXXXXXXXXXX20X32X1XXX22XXXXXXXXXX2XXXX1XXXXX1XXX
1XXXXX2XXXXX121XXXXXXXXXXXXX1X2XXXXXXXXXXXXX3XXXX2X3XX1XXXXXXXXXXXXXXXXXXXXX12XX12XXXXXXXXXXX1XXXXXXXXXXXXXXXXXXXXXXXXX0


Generation 8/75  F=U(0.5, 1.0)  N_hist=1919
------------------------------------------------------------------------------------------------------------------------
1XXXX1XXX1XXX1XXXXXXX0X2XXXXXXXXXXXXXX1X11X1XXXXXXXXXXXX1XXXXXX1XXXXXX311X1X11XX2XXXXXXXXXXXXXXXXX1XXXX1XXXXXXXXXXXXXX12
11XX1X1XXX1XX1XX1XX112X0XXXX1X111XXXX11XXXXXX2XXXXX2X2XXX1XXXXXXXXXXXXXXXXXX1XXX1XXXXXXXXXX1XXXX1XXXXXXXXXXXXXX0XX1XXXXX


Generation 9/75  F=U(0.5, 1.0)  N_hist=2160
------------------------------------------------------------------------------------------------------------------------
2XX1X1XXXXXX11X1XXXXXXXXXXXXXXXXXXXXXXXXXXXXXXXXXXXXXXX1XXXXXXXX121XXX21XXXXXX0X1XXXX31XXX2XXXXXXX11XXXXXX0XXXX1XXX11XXX
XXXXXXXXXXXX0XXXXXXXXXXX1XXXX1XXXXXXXXXXXXX1XXX1X1XXXXXXXXXXXXXXXXXX2X1111XXXXXXXXXXXXXXXXXXXXXXXXXXXXXXXXXXXXXXXXXXXXXX


Generation 10/75  F=U(0.5, 1.0)  N_hist=2400
------------------------------------------------------------------------------------------------------------------------
1121X1XX11211XXXX1XXXXXXXXXXXXXX1XXXXXXXXXXXXXXXXXXX1XXXXX1X2XXXX012XXXXXXXXXXXXXX0XX1XXXXXXXXX1XX2XXXXXXX1XXXXXXXXX1XXX
XXXXXXXXX11XXXXXXXXXXXXXXX1XXXXXXXXXXXXXXXXXX121XXX1XXXXXXXXXXXXXX1XX2XXXXXX1XXXXXXXXXXXXXXXXXXXXX01XXXXXXXXXXXXXXXXXXXX


Generation 11/75  F=U(0.5, 1.0)  N_hist=2640
------------------------------------------------------------------------------------------------------------------------
1X12XX1XX11XXX1XX0XXXX10X1XXX1XXXXXXXXXXXXXXXXXXXXXXXXXXXXX1XXXXXXXXXXXX1XXXXXXXXXXX1XXXXXX11XXXXXXXXXXXXXXXXXXXXXXXXXXX
XXXXXXXXXXXXXXXXXXXXXXXX2XXX0XXXXXXXXXXXXX1XXXXXXX2X1XXXXXXXXXXX1XXXXXXXXXXXX1XXXXXXXXXXXXXXXXXXXXXX01XXX1XXXXXXXXXXXXXX


Generation 12/75  F=U(0.5, 1.0)  N_hist=2880
------------------------------------------------------------------------------------------------------------------------
11X111X11XXXXXXXXXXXX1X11XX1XX1XXXXXXXXXXXXXX1XXXXXXXXXXXXXXX2XXX1X0X1XX1X0XXXXXXXXXXXXXXXXXX2XXX1X1XXXXX1XXXX1XXXX1XXXX
XXX1XXXXXXXXXXXXXXXXXXXXXXXX1XXXXXXXXX11X11XXXX1XXXXXXXXXXXXXXXXXX1XXX1XXXXXXXXXX1XXXXX2XXXXXXXXXXXXXXXXXXXXXX1XXXXXXXXX


Generation 13/75  F=U(0.5, 1.0)  N_hist=3120
------------------------------------------------------------------------------------------------------------------------
111X11010X1X1XXXXXXXXX1X0XXXXXX1XXXXXXXXXXXXXXXXXXX1X1XXX1XXXXXXXXXXXX1X2XXXXXXXXXX10XXXXXXXXXXXXXXXX1XXXXXXXXXX1XXXXXXX
XXXXXX1XXXXXXXXXXXXXXXXXXX1XXXXXXXXXXXXXXXXXX21XXXXXXXXX1XXXX1XXXXXXXXXXXXXXXXXXXXXXXXXXXXXXXXXXXXXXXXXXXXXXXXXXXXXXXXXX


Generation 14/75  F=U(0.5, 1.0)  N_hist=3360
------------------------------------------------------------------------------------------------------------------------
2XX1XX11X1XXX1XXXXXXXXX0XXXXX11XXXXXXXXXXXXXXXXXXXXXXXXXXXXX1XXXXXXXXXX0X1XXX11X21XXXXXXXXXX0XXXXXXXXXXXX1XXXXXXXXXXXXXX
XXXXX1XXXXXXXXXXXXXX0XXXXXXXXXXXXXXX10X1XXXXXXXX0XXXXXXXXXXXXXXXXXXXXXXXXXXXX1X11XXX11X11XXXXX1XXXXXXXXXXXXXXXXXXXXXXXXX


Generation 15/75  F=U(0.5, 1.0)  N_hist=3600
------------------------------------------------------------------------------------------------------------------------
XX1X011X1X1111XXXXXX1XXXXXXXXXXXXXXXXXXXXXXXXXXXX1XXXX01XX2XXXX2XXXXXXXXXXXXXXXXX1XXXXXXXXXXXXXXX1XXX1XXXXXXXXXXXX1XX1XX
XXX1XXXXXXXX1XXXXXXXXXXXXXXXX11XXXXXXXXXXXXXXXXX1XX1XXX11XXXXXXXXXXXXXXXXXXXXXX1XXXXXX0XXXXXXXXXXXXXXXXXXXXXXXXXXXXXXXXX


Generation 16/75  F=U(0.5, 1.0)  N_hist=3840
------------------------------------------------------------------------------------------------------------------------
1XXX0XX1XXXXXXX1XXXXXXXXXXXXXXX1XXX0X0XXXXXXXXXXXXXX1XXXXXXXXXXXXXXXXXXXXXXXXXXXXXXXX11X1XXXXX1XXXXXXXXX1XXXXXXXXXXXXXXX
XXXXXXXXXXXXXX1XXXXXXX11XXX1XXXXXXXXXXXXXXXXXXXXXXXXXXXXXXXXXXXXXXXXXXXXXXXXXXXXXX1XXXXXXXXXXXX0XXXX1XXXX1XXXXX11XXXXXXX


Generation 17/75  F=U(0.5, 1.0)  N_hist=4080
------------------------------------------------------------------------------------------------------------------------
11XX1XX11XXXXXXXXXXXX2XXXXXX1X0XX1XXXX1XXXXXX0XXXXXX1XXXXXX1XXXXXXXXXXX0+XXXX0XX00XXXXXXX1XXXXXXXXXXXXXXXXX1XXXXXXX1XXXX
XXXXXXX1XX1XXXXX1XXXXXX1XXXXXXXXXXXXXXXXXXXXXXXXXXXXXXXXXXXXX1XXXXXXX1X1XXXXXXXXXXXXXXXXXXXXXXXXXXXX1XXXXXXXXXXXXXXX0XXX
X


Generation 18/75  F=U(0.5, 1.0)  N_hist=4320
------------------------------------------------------------------------------------------------------------------------
1X1X011XX1XX1XXXXXXXXXXXXXXXXXXXXXXXXXXXXXXXXXX11XXXXXXXXXXXXXXXXXX1XXXXXXXXXXXXXX101XXXXXXXXXXXXXXXXXXXXXXXXXXXXX1XXXXX
01XXXXXXXXXXXXXXXX1XXXXXXXXXXX11XXXXXXXX0X1XXX0XXXXXXXXXXXXXXXXXXXXXXXX011XXXXXXXXXXX0XXXXXX0XXXXXXX1XXXXXXXXXXXXXXXXXXX


Generation 19/75  F=U(0.5, 1.0)  N_hist=4560
------------------------------------------------------------------------------------------------------------------------
101X11XXXXXXXXXXXXXXX0XXXXXXXXXXXXXXXXXXXX1XXXXXX10XXX1XX1X0X1X1XXXXXXXXXXXXXX11XXX1XXXXXXXXXXXXXXXXXXXXXXXXXXXXXXXXXXXX
XXXXXXX1XXXXXXXXXXXXX1XXXXXXXX1X2X01XXXXXXX1XXXXXXXXXXXXXXX1XX0XXXXXXXXXXXXXXXXXXXXXXXXXXXXXXXXXXXXXXXXXXXXXXXXXXXXXXXXX


Generation 20/75  F=U(0.5, 1.0)  N_hist=4800
------------------------------------------------------------------------------------------------------------------------
1X1XX1XXXXXXXXXXXXX1X1X110XXXXXXXXXXXXXXXXXXX1XXXXXXXXXXXXXXXX1XXX11XXX1X1XXXXXX01XXXXX1XXXXXXXXXXXXXXXXXXXXXXXXXXXXXXXX
XXXXX00XXX1XXXXXXXXXXXXXX1XXXX11XXXXXXXXXXXXXX1XXXXXXXXXXXXXXXXXXXXXXXXXX1XXXXXX1XXXXXXXXXXXXXXXXXXXXXXXXXXXXXXXXXXXXXXX


Generation 21/75  F=U(0.5, 1.0)  N_hist=5040
------------------------------------------------------------------------------------------------------------------------
11X1X1X1XXX1XXXXXXXXXXXXXXXXXXXXXXXXXXXXXXXX01XXX1XXXXXXXXXX1XXXXXXXXXXXXX00XXXXXXXXXXX1+XXXXXXXXXXXXXXXXX00XX0XXX10XXXX
XXXXXXXXXXXXXXXXXXXXXXXXXXXXXXXX1XXXXXXXXXXXXXX10XXX0XX0XXXXXXXXXXXXXXXX10XXXXXX0XXX1XXXXXXXXX1XXXX1XXXXXXXXXXX1XXXXXXXX
X


Generation 22/75  F=U(0.5, 1.0)  N_hist=5280
------------------------------------------------------------------------------------------------------------------------
X1XX1X1X111XXXXXXXXXXXXX0XXX1XXXXXXXXXXXXXX1XXXXXXXXXXXX1XXXXXX0XXXXXXXXXX00XXXXXXXXXXXXXXXXXXXXXXXXXXXXXX1XXXXXXX1XX1XX
XX1XX10XXX1X1XXXXXXXXXXXXXXXXXXX1XXXXXXX01X11X1XXXXXXX1XXXXXXXXXXXXXXXXXXXXXXXXXXXXXXXXXXXXXXXXXXX1XXXXXXXXXXXXXXXXXX1XX


Generation 23/75  F=U(0.5, 1.0)  N_hist=5520
------------------------------------------------------------------------------------------------------------------------
X11XXX00X0XX1XXXXXXXXXXXXXXXXXX0XXXXXXXXXXX1XXXXXXXXX0XXXXXXXXXXXXXXXXXXXXXX1XXXXXXXXXXXX0XX1X1XXXXXXXXXXXXXXX11XXXXXXXX
XXXXXXXXXXXX0XXXXXXXXXXXX01X1XXXXXXX1XXXXXXXXXXXXXXXXXXXXXXXXXXXXXXXXXXXXXXXXXXXXXXXXXXXXX1XXXXXXXXXX0XXXXXXXXXXXXXXXXXX


Generation 24/75  F=U(0.5, 1.0)  N_hist=5760
------------------------------------------------------------------------------------------------------------------------
00X011XXXXXXXXXXX0XXXXXXXXXXXXXXXX0XXXXXXXXXXXXXXXXXXX01XXXXXXX1XXXX1XXXXXXXXXXXXX0XXX1XXXXXXX1XXXXXXXXXXXXXXXXX1X0X0XXX
XXX1XXXXXXXXXXXXXXXXXXXXXXXXXXXXXXXXXXXXXXXXXXXXXXXXXX1XXXXXXXXXXXXXXXXXXXXX1XXXXXXXXXXXXXXXXXXXXXXXXXX1XXXXXXXXXXXXXXXX


Generation 25/75  F=U(0.5, 1.0)  N_hist=6000
------------------------------------------------------------------------------------------------------------------------
111X1XX11XXXXXXXXXXXXXXXXXX0X0XXXXXXX0XXXXXXXXXXXXXXXXXX0X01XXXXXX1XXXXXXXXXXXXXXXXXXXXXXXXXXXXXXXXXXXXXX1XXXXXXXX0X0XXX
XXXXXXXXXXXXXXX0XXXXXXX1XXXXXXX1XXXXXXXXXXXXXXXXXXXXXXXXXXXXXXXX1XXXXXXXXXXXX0XXXXXX00XXXXXXXXXXXXXXXXXXXXXXXXXXXXXXXXX1


Generation 26/75  F=U(0.5, 1.0)  N_hist=6239
------------------------------------------------------------------------------------------------------------------------
1XXXXXX1XXXXXXX0XXXXXXXXX1XXXXXX1XXXXXXXXXX1XXXXXXXX0XXXXXX1XXXXXX1XXXXX0XXXXXXXXXXXXXXXXXXXXXX1XXXXXX1XXXX1XXXXXXXXXXXX
XXXXXXXXXXX1X1XXXXXXXXXXXXXXXXXXXXXXXXXXXXXXX01XXXXXXXXXXXXXXX1XXXXXXXXXXXXXXXXXXXXXXXXXXXXXXXXXXX1X1XXXX0XXXXXXXXXXXXXX


Generation 27/75  F=U(0.5, 1.0)  N_hist=6479
------------------------------------------------------------------------------------------------------------------------
X0XXXXXX0XXXXXXXX1XXXXXXXXXXXX1XXXXXXXXXXXXXXXXXX1XXXXXXXXXXXXXXXXXXXXXXXXXXXXXXXXXXXXXXXXXXXXXXXXXXXXXX1XXX0X01XXXXXXX1
+XXX1XXXXXXXXXXXXXXXXXX010XXXXXXXXXXXXXXXXXXXX0XXXXXXXXXXXX0XXXXXXXXXXXXXXXX1XXXX1XXXXXXXXXXXXX0XXXXXXXXXXXXXXXXXXX0XXXX
X


Generation 28/75  F=U(0.5, 1.0)  N_hist=6720
------------------------------------------------------------------------------------------------------------------------
1XXX1XXXXXXXXXXXX0XXXXXX0XXXXXXXXXXXXXXXXXXXXXXXXX1X10XXXXXXXXXX1XXXXXXXXXX0XXXXXXXXXX01XX1XX1XXXXXXXXXXXX1XXXXXXXXXXXXX
XX0XXXXXXXXXXXXXXXXXXXXXX0XXXXXXXXXXXXXXXXXXXXXXX1XXX0XXXXXXXXXXXXXX1XX001X1XXXXXXXXXXXXXXXXX0XX1XXXXX0XXXXXXXXXXXXXXXXX


Generation 29/75  F=U(0.5, 1.0)  N_hist=6960
------------------------------------------------------------------------------------------------------------------------
X10X1XXX1X0XXXXXXXXXXXXXXXXXXXXXXXXXXXXXXXXXXXXXXXXXXXXXXXXXXXXXXXXXXXXX1XXXXXXXXXXXXX0XX0XXXXXXX1XXXXXXXXXX1XXXXXXXX0XX
XXX11XXXXXXXXXXX0X0XXXXXXXXXXX1X1XXX0XXXXXXX0XXXXX0XX01XXXXXXXXXXXXXXXXXXXXXXXX0XXXXXXXXXXXXXXXXXXXXXXXXXXX0XXXXXXXXXXXX


Generation 30/75  F=U(0.5, 1.0)  N_hist=7200
------------------------------------------------------------------------------------------------------------------------
100XXX00XX0XXXXX1XXXXXXX1XXXXXXXXXXXXXX1XXXXXXXXXX0XXXXXXXXXXXXXXXXXXXXXXXXXX0XXXXXXXXXXXXXX0XXXXXXXXXXX0XX0XXXX0XXXXXXX
XXXXXXXXXXXXXXXXXXXXXXXXXXXXX0X00XXXXXXXXXXXXXXXXXXXXXXXXXX1XXXXXXXXXXXXXXXXXXX0XXXXXXXXX0XXXXXXXXXXXXXXXXXXXXXXXXXXXXXX


Generation 31/75  F=U(0.5, 1.0)  N_hist=7440
------------------------------------------------------------------------------------------------------------------------
0XX0XX10XXXXXXXXXXXXXXXXXXXXXXXXXXXXXXXXXXXXXXXX01XXXXXXXXXXXXX0XXXXXXXXXXXXXXXXXXXXXXXXXXXXXXXXXXXXXXXXXXXXXXXXXXXX0XXX
XXXXXXX01XXXXXXXXX0XXXXXX1X0X0XXXXXXXXXXX0XXXXXXXXXXXXXXXXXXXXXXXXXXX0XXXXXXXXX0XXXXXXXXXXXXXXXXXXXXXXXXXXXXXXXXXXXXXXXX


Generation 32/75  F=U(0.445, 1.0)  N_hist=7680
------------------------------------------------------------------------------------------------------------------------
X1XXXXX1XXXX0XXX11XXXXXXXXXXXXXXXXXXX0XXXXXXXX0XXXXXXXXXXXXXXXXXXXX1XXXXXXXXXXXXXXXXXXXXXXXXXXXXXXXXXXXXXX1XXXX1X1XX10XX
XXXXXXXXXXXXXXXXXXXXXXXXXXXXXXXXXXXXXX0XXXXXXXXXXXXXXX0XXXXXXXXXXXXXXXXXXXXX1X01XXXXXXXXXXXXXXXX10XXXXXXXXXXXXX01XXXXXXX


Generation 33/75  F=U(0.493056632402, 1.0)  N_hist=7920
------------------------------------------------------------------------------------------------------------------------
10X1X01XXXXXXX11XXXXXXXXXXXXXXXXX01XXXXXXXX1+XXXXXXXXXXXXXXX0XXXXXXXXXXXXXXXXXXXXXXXXXXXXXXXXXXXXX0XXXXXXXXXXXXXXXXXXXXX
1XXXXXXXXXXXXXXXX1XXX0X1XXXXXXXXXXXXX1XXXXXXXXXXXXXXXXXXXXXXXXXXXXXXX1XXXXXXXXXXXXXXXXXXXXXXXXXXXXXXXXXXXXXXXXXXXXXXXXXX
X


Generation 34/75  F=U(0.5, 1.0)  N_hist=8160
------------------------------------------------------------------------------------------------------------------------
0100XX0X0X1XX0XXXXXXXXXXXXXXXXXXXXXXXXXXXXXXXXXXXXXXXXXX011XXXXX0XXXXXXXXXXXXXXXXXXXXXXXXXXX10XXXXXXXXXXXXXXXXXXXXXXXXXX
XXXXXXXXXXXXXX010XXXXXXXXXXXXXXXXXXXXXX1XXX0XXXXX0XXXXXXXXXXXXXXXXXXXXXXXXX1XXXXXXXXXXXXXXXXXXXXXXXXXXXXXX0XX0XXXXXXXXXX


Generation 35/75  F=U(0.5, 1.0)  N_hist=8400
------------------------------------------------------------------------------------------------------------------------
X1XXXX1XX0XXXXXXX1XXXX0XXXXXXX1X0XXXXXXXXXXXXXXXXXX1XXXXXXXXXXXXXXXXXXXXXXXXXXXXXXX1XXXXXXXXXXXXXXXXXXXXXXXXXXXXXX1X0XXX
XXXX1XXXXXXXX111XXX00XXXXXXXXXXXXX1X0XXXXXXXXXX1XXXXXX0XXXXXXX1XXXXXXXXXXXXXXXXXXXXXXXXX01XXXXXXXXXXXXXXXXXXXXXXXXXXXXXX


Generation 36/75  F=U(0.5, 1.0)  N_hist=8640
------------------------------------------------------------------------------------------------------------------------
1XXX1XXXXXXXXXXXXXXXXXXXXXXXXXXXXXXX1+XXXXXXXXXXX0XXXXXXXXXXXXXXXXXX1XXXXX01X0XXXXXXXXXXXXXXXXXXXXXXXXXXXXXXX0X0XX1X11XX
XXX1XXXXXXXXXXXXXXXXXXXXXXXXX1XXXXXXXXXXXXXXXXXXXXXXXXXXXXXXX0XXXXXX1XXXXXXXXXXXXXXXXXXXXXXXXXXXXXXXXXXXXXXXXXXXXXXXXXXX
1


Generation 37/75  F=U(0.5, 1.0)  N_hist=8879
------------------------------------------------------------------------------------------------------------------------
0XX0XXXXXXXXXXXXXXXXXXXXXXXXXXXXXXXXXXXXXXXX1XXX0XXX1XXXXX0XXXXXXXX0XXXXXXXXXXXXXXXXXXXXXXXXXXXXXXXXXXXXX1XXXXXXXXXXXXXX
XXXXX0XXXXXXXXXXXXXXXXXXXXXXXXXXXXXXXXXXXXXXXXXX1XXXXXXXXXX0XXXXXXXXXXXXXXXXXXXXXXXXXXXXXXXXXXXXXXXXX0X1XXXXXXXXXXXXXXXX


Generation 38/75  F=U(0.445, 1.0)  N_hist=9120
------------------------------------------------------------------------------------------------------------------------
X1XXXXXXXXXXXXXXXXXXXXXXXX1X0XXX1XXXXXXXXXXXXXXXXXXXXXXXXXXXXXX0XXXXXXXXXXXXXXXX0XXXX0XXXXXXXXXXXXXXXXXXXXXXXXXXXXXXXXX0
XXXX0XXXXXXXX0X0XXXXXXXXXXXXXXXXXXXXXXXXXX1XX1XXX10XXXXXXXXXXXXXXXXXXXXXXXXXXXXXXXXXXXX0XXXXXXXXXXXXXX1XXXXXXXXXXXXXXXXX


Generation 39/75  F=U(0.493056632402, 1.0)  N_hist=9360
------------------------------------------------------------------------------------------------------------------------
0X1XX0XXXXX0XXXXXX1+XXXXXXXXXXXXXXXXXXXXXXXXX0XXXXXXXXXXXXXXXXX0XXXX0XXXXXXXXXXXXXXXXX0XXXXXXXXXXXXXX1XXXXXXX1XXXXXXXX0X
XXXXXXXXXXXXXXXXX0XXXXXXXXXXXXXXXXXXXXXXXXXXXX0XXXXXXXXXXX1XX1XXXXXXXXXXXXXXXXXXXXXXXXXXXXXXXXXXXXXXXXXXXXXXXXXXXXXXXXXX
X


Generation 40/75  F=U(0.5, 1.0)  N_hist=9600
------------------------------------------------------------------------------------------------------------------------
11XXX0X0XXXXXXXXXXXXXX0XXXXXXXXXXXXXXXXXXXXXXXXXXXXXXXXXXXXXXXXXXXXXXXXXXXXXX1XXXXXXXXXXXXXXXXXXXXXXX1XXXXXXXXXXXXXXX01X
XXXXXXXXXXXXXXXXXXXXXXXXXXXXXX0XXX10X1XXXXXXXXXXXXXXXXXXXXX00XXXXXX0XXXX1XXXXXXXXXXXXXXX00XXXXXX0XXXXXXXXXXXXXXXXXXXXXXX


Generation 41/75  F=U(0.5, 1.0)  N_hist=9840
------------------------------------------------------------------------------------------------------------------------
0XX1XX1XXXXXXXXXXXXXXXXX0XX0XXXXXXXXXXXXXXX0XXXXXXXXX1XX1XXXXXXXXXXXXXXXXXXXXXXXXXXXXXXX1XXXXXXXXXX0XXXXXXXXXXXXXXXXXXXX
XXXXX1XXXXXXXXXXXXXXXXXXXXXXXXXXXXXXXXXXXXXXXXXXXXXXXXXXXXXXXXX1XXXXXXXXXXXXXXXXXXXXXXXX1X1XXXXXXXXXXXXXXXXXXXXXXXXXXXXX


Generation 42/75  F=U(0.5, 1.0)  N_hist=10080
------------------------------------------------------------------------------------------------------------------------
0XXXXXXX0XXXXXXXXXXXXXXXXXXXXXXXXX00XXXXXXXXXXXXXXXXXX0XXXXXXXXXXXXXXXXXX0XX0XXXXXXX1XXXXXXXXXXX0XXXXXXXXX10XXXXXXXXXXXX
XXX1XX0XXXXXXXXXXXXXXXXX1XXXXXXXXXXXXXXXXXXX0XXXXXXXXXXXX0XXX0XXXXXXXXXXXXXXXXXXXXXXXXXXXXXXXXXXXXXXXXXXXXXXXXXXXXXXXXXX


Generation 43/75  F=U(0.5, 1.0)  N_hist=10320
------------------------------------------------------------------------------------------------------------------------
101XXXXX0XXXXXXXXX0XXXXXXXXXXXXXXXXXXXXXXXXXXXXXXX00XXXXXXXXXXXXXXXXXXXXXXXXXXXXXXXXXXXXXXXXXX0XXXXXXXXXXXX0XXXXXXXXXXXX
XXXXXXXXXXXXXXXXXXXXXXXXXXXXXXX0XXXXXXXXXXXXXXXXXXXXX0XX0XXX00XXXXXXXXXXXXXXXXXXXXXX10X1XX1XXXXXXXXX0XXXXXXXXXXXXXXXXXXX


Generation 44/75  F=U(0.5, 1.0)  N_hist=10560
------------------------------------------------------------------------------------------------------------------------
111+XXXXXXXX0XXXXXXXXXXXXXX0XXXXXXXXXXXX00XXXXXXXXXXXXXXX0XXXXXXXXXXXXXXXXXXXXXXXXX0XXX0XXXXXXXXXXXXXXXXXXXXXX0XXXXXXXXX
XXXXXXX1XXXX0XXXXXXXX0XXXXXXXXXXXXXXXXXXXXXXXXXXXX1XXXXXXXXXXXXXXXXXXXXXXXXXXXXXXXX0XX11XXXX0XXXXXXXXXXXXXXXXXXX0XXXXXXX
X


Generation 45/75  F=U(0.5, 1.0)  N_hist=10800
------------------------------------------------------------------------------------------------------------------------
0X01XXX0X1XXXXXXXXXXXXXXXXXXXXXXXXXXXXXXXXXXXXXXXXXXXXXXXXXXXXX1XXXXXXXXXXXXXXXXXXXXXXXXXXXXXXXXXXXXXXXXXXXXXXXXXXXXXXXX
XXXXXXXXXXXXXXXXXXXXXXXXXXXXXXXX1XXXXXXXXXX01XXXXX100XX1XXX0XXXXXXXXXXXXXXXXXXXXXXXXXXXXXXXXX00XXXXXXXXXXXXXXXXXXXXXXXXX


Generation 46/75  F=U(0.5, 1.0)  N_hist=11040
------------------------------------------------------------------------------------------------------------------------
XXXXXXXXXXXXXXXXXXX0XXXXXXXXXXXXXXXXXXXXXXXXXXXXXXXXXXXXX0XXXXXXXXXXXXX1XXXXXXXXXXXXXXXXXXXXXXXX0X0XXXXXXXXXXX1XXX0XX0XX
XXXXXXXXXXXXXXXXXXXXXXXXXXXXX0XXXXXXXX1X0XX0XX0XXXXXXXXXXXXXXXXX0XXXXXXXXXXXXXXXXXXXXXXXXXXXXXXXXXXXXXXXXXXXXXXXXXXXXXXX


Generation 47/75  F=U(0.445, 1.0)  N_hist=11280
------------------------------------------------------------------------------------------------------------------------
10X1XX0XXXXXXXXXXXXXXXXXXXXXXXXXXXXXXXXXXXXXXXXXX0XXXXXXXXXXXXXXXXXXXXXXXXXXXXXXX00XXXXXXXXXXXXXXXXXXXX0X00XXXXXXXXXXX0X
0XXXXXX0XXXXXXXXXX0XX0XXXXXXXXX0XXXXXXXXXXXXXXXXXXXXXXXXXXXXXXXXXXXXXXX0XXXX0XXXXXXXXXXXXXXXXXXXXXXXXXXXXXXXXXXXXXXXXXXX


Generation 48/75  F=U(0.493056632402, 1.0)  N_hist=11520
------------------------------------------------------------------------------------------------------------------------
0XX1XXX1XXXXXXXXXXXXXXXXXXXXX0XXXXXXXXXXXXXXXXX0XXXXXXXXXXXXXXXXXXXXXXXXXXXXXXXXXXXXXXXXXXX0XXXXXXXXXXXXXXXXXXXXXXXXXXXX
XXXXXX0XXXXXXXXX0XXXXXXXXXXXXXXXXXXXXXXXXXXXXXXXXXXXXXXXXXXXXXXXXXXXXXXXXXX0XXXXXXXXXXXXXXX0XXXXXXXXXXXXXXXXXXXXXX0XXXXX


Generation 49/75  F=U(0.438820402838, 1.0)  N_hist=11760
------------------------------------------------------------------------------------------------------------------------
1X0X1X0X1XXXXXXXXXXXX000X10X0X0XXXXXXXXXXXXXXXXXXXXXXXXX10XXXXXXX00XX0XXXXXXXXXXXXXXXXXXXXXXXXXXXXXXXXXXXXXXXXX0XXXX1XXX
XXXXXXXXXXXXXXXXXXXXX0XXXXXXX0XXXXXXXXXXXXXX0XXXX0XXXXXXXX1XXXXXXXXXXXXXXXXXXX0XXXXXXXXXXXXXXXXXXXXXXXXXXXXXXXXXX1XXXXX0


Generation 50/75  F=U(0.486209685511, 1.0)  N_hist=11999
------------------------------------------------------------------------------------------------------------------------
X0XX0XXXX00XXXXXXXXXXXXXXXXXXXXXXXXXXXXXX0X0XXXXXXXXXXXXXXXX0X0X0XXXXXXXXXXXXXXX0XXXXXXXXXXXXXXXXXXXXXXX0XXXXXXXXXXXXXXX
XXXXXXXXXXXXXXXXXX0XXX0XXXXXXXXXXXXXXXXXXXXXXXX00XXXXXXXX0XXXXXXXXXXXX0XXXXXX1XXXXXXXXXXXXXXXX0XXXXXXXXXXXXXXXXXXXXXXXXX


Generation 51/75  F=U(0.432726620105, 1.0)  N_hist=12240
------------------------------------------------------------------------------------------------------------------------
0XXX000XXXXX0XXXXXXXXXXXXXXXXXXXXXXXXXXXXXXXXXXXXXXXXXXX0XXXXXXXXXXXXXXXXXXXXXXXXXXXXXXXXXXXXXX0XX000XXXXXX0XXXXXXXXXXXX
XXXXXXXXXXXX00XXXXXXXXXXXXXXXXXXXXXXXXXXXXX0XXXXXXXXXXXXXX0XXXXXXXXX0XXXXXXXXXXXX0XXXXXXXXXXXXXXXXXXXXXXXXXXXXXXXXXXXXXX


Generation 52/75  F=U(0.385126691893, 1.0)  N_hist=12480
------------------------------------------------------------------------------------------------------------------------
0XXXX0XXX0XXXXXXXXXXXXXXXXXXXXXX0XXXXXXXXX00X0XXXXXXX0XXX0XXXX01XXXXXXXXXXXXX0XXXXXXX1XXXXXXXXXXXXXXXXXXXXXXX0XXXXXXXXXX
XXXX0XXXXX0X0X0XXXXXXXX0+XXXXXXXXXXXX0X0XXXXX1XXXXXXXXXXXXXXXXX1XXXXX0XXXXXXX0XXXXXXXXXXX0X0XXXXXXXXXXXXXX0XX1+XXXXXXXXX
XX


Generation 53/75  F=U(0.426717460119, 1.0)  N_hist=12720
------------------------------------------------------------------------------------------------------------------------
0XXX0X0XXXXXXXXXXXXXXXXXXXXXXXXXXXXXX0XXXXXXXXXXXXXXXXXXXXXX0XXXXXXX0XXXXXXXXXXX0XXXXXXXXXXXXXXXXXX0XXXXXXXXXX0XXXXXXXXX
XXXXXXXXXXXXXXXXXXXXXXXXXXXXXXXXXXXXXXXX0XXXXXXXXXXXXXXXX0XXXXXXXXXXXXXXXXXXXXXXXXXXXXXXXXXXXXXXXXXXXXXXXXXXXXXXXXXXXXXX


Generation 54/75  F=U(0.379778539506, 1.0)  N_hist=12960
------------------------------------------------------------------------------------------------------------------------
0XX10XX0X0XXXX0XXXXXXXXXXXXXXXXXXXXXXXXXXXXXXXXXXXXXXXX1XXX0XXXXXXXXXXX1XXXXXXX0XXXXXXXXXXXXXXXXXXXXXX0XXXXXXXXXX0XXXXXX
XXXXXX0XXXXXXX0XXXXXXXXXXXX0XXXX0XX0XXXXXXXXXXXX0XXXXXXXXXXXXXXXXXXXX0XXXXXXX0XX1XXXXXXXXXXXXXXXXXXXXXXXXXXXXXXXXXXXXXXX


Generation 55/75  F=U(0.420791747747, 1.0)  N_hist=13200
------------------------------------------------------------------------------------------------------------------------
X0XX1XX0XXXXXXXXXXXXXXXXXXXXXXXXXXXXXXXXXXXXXXXXX0X1XXXXX0XXXXXXXXXXXXXXXXXXXXXXXXXXXXX0XXXXXXXXXXX0XXXXXXXXX0XXXXXXXXXX
0XXXXXXXXXXXXXXXXXXXXXXXXXXXXXXXXXXXXXXXXXXXXXXX0XXXXXXXXXXXXXXXXXXXXXX0XX0XXXXXXXX0XXXXXXXXXXXXXXXXXXXX0XXXXXX0XXXXXXXX


Generation 56/75  F=U(0.466234072105, 1.0)  N_hist=13440
------------------------------------------------------------------------------------------------------------------------
X0XX00XXXXXXXXXXXX00XXXXXXXX0XXXXXXXXXXXXXXXXXXXXXXXXXXXXXXXXXXXXXXXXXXXXXXXXXXXXXXXXXXXXXXXXXXXXXXXX0X0XXXXXXXX0XXXXXXX
XXXX0XXXXXXXXXXXXXXXXXX0XXXXXXX1XXXXX0XXXXXXXXXXXXXXXXXXXXXXXXXXX1XXX0XXXXXXXXXXXXXXXXXX0XXXXXXXXXXXXXXXXXXXXXXXXXXXXXXX


Generation 57/75  F=U(0.5, 1.0)  N_hist=13680
------------------------------------------------------------------------------------------------------------------------
0XXXXXXXXXXXXXXXXXXXXXXXXXXXXXXXXXXXXXXXXXXXXXXXXXXXXXXXXX0XXXXXXXXXXXX0XXXXXXXXXXXXXXXXXXXX00XXXXXXXXXXXXXXXXXXXXXXXXXX
XXXXXXXX00XXXXXX0XXXXXXXXXXXXXX0XXXXXXXXXXXXXXXXXXXXXXXXXXXXXXXXXXXXXXXXXXXXXXXXXXXXXXXXXXXXXXXXXXXXXXXXXXXXXXXXXXXXXXXX


Generation 58/75  F=U(0.445, 1.0)  N_hist=13920
------------------------------------------------------------------------------------------------------------------------
X0XXX0X10XXXXXXXXXXX0XXXXXXXXXXXXXXXXXXXXXXXXXXXXXXXXXXXXXXXXXXXXXXXXX0XXXXXXXXXXXXXXXXXXXXXXXXXXXXXXXXXXXX0XXXXXXXXXXXX
XXXXXXXXXXXXXXXXXXXXXXXXXXXXXX0XXXXXXXXXXXX0XXXXXXXXXX0XXXXXXXX0XXXXXXXXXXXXXXXXXXXXXXXXXXXXXXXXXXXXXXXXXXXXXXXXXXXXXXXX


Generation 59/75  F=U(0.493056632402, 1.0)  N_hist=14160
------------------------------------------------------------------------------------------------------------------------
X0XXXXX0XXX0XXX0XXXXXXXXXXXXXXXXXX0XXXXXXXXXXXXXXXX00XXXXXXXXXXXXXXXXXX0XXX00XXXXXXXXXXXXXXXXXXXXXXXXXXXXXXXXXXX00XXXXXX
XXX0XXXXXXXXX0XXXXXXXXXXXXXXXXX00XXXXX0XXXXXXXXXX0XXXXXXXXXXXXXXXXXXXXXXXXXXXXXXXXXXXXX0XXXXXXXXXXXXXXXXXXXXXXXXXXXXXXXX


Generation 60/75  F=U(0.438820402838, 1.0)  N_hist=14400
------------------------------------------------------------------------------------------------------------------------
0X0XXXXXXXXXXXXXXXXXXXXXXXXXX0XXXXXXXXXXXXXXXXXXXXXXXXXXXXXXXXXXX1XXX0XXXXXXXXXXXXXXXXXXXXXXXXXXX0XXXXXX0+XXXXXXXXXXXXXX
XXXX0XXXXXX0XXXXXXXXX0XXXX0XXXXXXXXXXXXXXXXX0X0XXXXXXXX0XX00XXXXXXXXXXX0XXXXX0XXXXXXXXXXXXXXXXXXXXXXXXXXXXXXXXXXXXXXXXXX
X


Generation 61/75  F=U(0.486209685511, 1.0)  N_hist=14640
------------------------------------------------------------------------------------------------------------------------
0X0XX0XX0XXXXXXXXXXXXXXXX00X0X00XXXXXXXXXXXXXXXXXXXXXXXXXXXXXXXXXXXXXXXXXXXXXXXXXXXXXXXXXXXXX0XXXXXXXXXXXXXXXXXX0XXXXX01
XX1XXXXXXXXXX0XX00XXXXXX0XXXXXXXXXXXXXXXXXXXXXXXXXXXXX0XXXXXXXXXXXXXXXXX0XXXXXXXXXXXXXXXXXXXXXXXXXXXXXXXXXXXXXXXXXXXXXXX


Generation 62/75  F=U(0.5, 1.0)  N_hist=14880
------------------------------------------------------------------------------------------------------------------------
X0XXX0XXXXXXXXXXXX0XXXXXXXXXXXX0XXXXX0XXXXXXXXXXXXX0XXXXXXXXXXXXXXXXXX0XXXXXXXX00XXXXXXXXXXXXXXXXXXXXXXXXXXXXXXXXXXXXXXX
XXXXXXXXXXXXXXXXXX0XXX0XXXXXXXXXXXXXXXXXXXXXXXXXXXXXXXXXXXXXXXXXXXX00XXXXXXXXXXXXXXXXXXXXXXXXXXXXXXXXXXXXXXXXXXXXXXXXXXX


Generation 63/75  F=U(0.445, 1.0)  N_hist=15120
------------------------------------------------------------------------------------------------------------------------
X0XXXXXXXXXXXXXXX0XXXXXXXXXXXXXXXX00XXXXXXXXXXXXXXX0XXXXXX00XX0XXXXXXXXXXXXXXXXXXXXXXXXXXXXXXXXXXXXXXXXXXXX0XX0XXXXXX0XX
XXXXXXXXXXXXXX00XXXXXXXXXXXXXXXXXXXX0X0XXXXXXXXXXXXXX01XXXXXXXXXXXXXXXXXXXXXXXXXXXXXXX0XXXXXXX0XXXXXXXXXXXXXXXXXXXXXXXXX


Generation 64/75  F=U(0.39605, 1.0)  N_hist=15360
------------------------------------------------------------------------------------------------------------------------
XXX0X0XXXXXXXXXXXXXXXX0XX0+XXXXXXXXXXXXXXXXXXXXXXXXXXXXXXXXXXXXXXXXXXXXXXXXXXXXXXXXXXXXXXXXXXXXXXXXXXXXXXXXX1XXXXXXXXXXX
XXXXXXXXXXXXXXXXXXXXXXXXXXXX0XXXXXXXXX0XXXXXXXXXXXXXXXXXXXXXXXXXXXXXXX0XXX0XXXXXXXXXX0XXXX1XX0XXXXXXXXXXXXXXXXX0XXXXXXXX
X


Generation 65/75  F=U(0.3524845, 1.0)  N_hist=15600
------------------------------------------------------------------------------------------------------------------------
XXXXXXXXX0XXXXXXXXXXXXXXXXXXXXXXXXXXXXXXXXXXXXXXXXXXXXXXXX0XXXX00XXXXXXX0X0XXXXXXXXXXXXXXXXXXXXX0XXXXXXXXXXXXXXXXXXXX0XX
XXXXXXXX0X0X0XXXXXXXXXXXXXXXXXXXXXXXXXXXXXXXXXXXXXXX0XXXXXXXXXXXXXXXXX0XXXXXXXXXX0XXXXXXXXX0XXXXXXXXX0XXXXXXXXXXXXXXXXXX


Generation 66/75  F=U(0.313711205, 1.0)  N_hist=15840
------------------------------------------------------------------------------------------------------------------------
X00XXXXXX00XXXXXXXXXXXXXXXXXXX0XXXXXXXXXXXXXXXXXXXXXX0XXXXXXX0XXXXXXXXXXXXXXXXXXXXXX0XXXXXXXXXXX0XXXXXXXXXXXXX00XXXXXXXX
XXXXXXXXXXXXX00XXXXXX00XXXXXXXX0XXXXXXXXXXXXXXXXXXXXXXXXXXXXXXXXX0XXXXXXXXXXXXXXXXXXXXXXXX00XXXXXXXXXXXXXXXXXXXXXXXXXXXX


Generation 67/75  F=U(0.347589641088, 1.0)  N_hist=16080
------------------------------------------------------------------------------------------------------------------------
00X1X0X0XXXXXXXXXXX0X0XXXXXXXXXXXXXXX0XXX0XXXXXXXXXXXXXXXXXXXX0XXXX0XXXXXXXXXXXXXXXXXXXXXXXXXXXXXXX0X0XXXX0XXXXXXXXXXXXX
XXXXXX0X0XXXXXXX0XXXXXXXXX00X0XXXXXXXXXXXXXXXXXXXXXXXXXXXXXXXXXXXXXXXX0XXXXXXXXXXXXXXXXXXXXXXXXXXXXXXXXXXXXXXXXXXXXXXX0X


Generation 68/75  F=U(0.385126691893, 1.0)  N_hist=16319
------------------------------------------------------------------------------------------------------------------------
X0XXXX0XXXXX0XXXX0XXXXXXXXXX0XXXXXXXXXXXXXXXXXXXXXXXXXXXXXXXXXXXXX0XX0XXXXXXXXXXXX00XXXXXXXXXXXXXXX00XXXXXXXXXXXXXXXXXXX
XXXXX0XXXXX0XXXXX0XXXXXXXXXXXX0XXXXXXXXXXXXX0XXXXXXXXXXXX10XXXXXXXXXXXXXXXXXXXXXXXXXXXXXXXXXXXXXXXXXXXXXXXXXXXXXXXXXXXX0


Generation 69/75  F=U(0.426717460119, 1.0)  N_hist=16559
------------------------------------------------------------------------------------------------------------------------
0X0XX00XXXXXXXXXXXXXXXXXXXXXXXXXXXXXXXXXXXXXXXXXXXXXX0XXXXXXXXXXXXXX0XXXXXXXXXXXXX0XXXXXXXXXXXXXXXXXXXX0XXXXXXXXXXXXXXXX
XXX0+XX0XXXXXXXXXXXXXXXXXXXXXXXXXXXXXXXXXXXXX0XXXXXXXXXXXXXXXXXXXXXXXXX0XXXXXXXX0XXXXXXXXXX0XX00XXXX0XXXXXXXXXXXXXXXXXXX
X


Generation 70/75  F=U(0.472799716569, 1.0)  N_hist=16800
------------------------------------------------------------------------------------------------------------------------
0X00XXX0X0XX0XXXXXXXXXXXXXXXXXXXXXXXXXXXXX0XXXXXXXXXXXXXXXXXXXXXXXXXXXXXXXXXXXXXXXXXXXXXXXXXXXXXXX0X0XXX0XXXXXX0XXXXXXXX
XXXXXX0XXXX00XXXXXXXXXXXXXXXXXXXXX0XXXXXXXXXXXXXXXXXXXXXXXXXXXXXXXXXXXXXXXXXX0XXXXXXXXXXXXXXXXXXX0XXXXXXXXXXXXXXXXXXXXXX


Generation 71/75  F=U(0.5, 1.0)  N_hist=17040
------------------------------------------------------------------------------------------------------------------------
XX0+000XXXXXXXXXXXXXX0XXXXXXXXXXXXXXXXXXXX00X0XXXX0XXX0XXXXXXXXXXXXXXXXXXXXXXXXXXXXXXXXXXXXXXX0X0XXXXXXXXXXXXXXXXXXXXXXX
XXX0XXX00XXXXXXXXXXXXXXXXXX00XXXXXXXXXXXXXXXXXXXXXXXXXXXXXXXXXXXXXXXXXXXXXXX0XX0XXXXXXXXXXXXXXXXXXXXXXXXXXXXXXXXXXXXXXXX
X


Generation 72/75  F=U(0.5, 1.0)  N_hist=17280
------------------------------------------------------------------------------------------------------------------------
0XX0XXXXXXXXXXXXXXXXXXXXXXXXXXXXXXXXXXXXXXXXXXXXXXXXXX00XXXXXXXXXXXXXXXXXXXXXXXXX0XXXXXXXXXXXXXXXXXXXXXXXXXXXX00XXXXXXXX
XXXXXXXXXXXXXXXXXXXXXX0XXXXX0X0XXXXXXXXXXXXXXXXX0XXXXXXXXXXXXXXXXXXXXXXXXXXXX0XXXXXXXXXXXXXXXXXXXXXXXXXXXXXXXXXXXXXXXXXX


Generation 73/75  F=U(0.445, 1.0)  N_hist=17520
------------------------------------------------------------------------------------------------------------------------
0+00X0X00XX0XXXXXXXXXX000XXXXXXXXXXXXXXXXXXXXXXXXXXXXXXXXX00XXXXXXXXXXXXXXX0XX0X0XXXXXXXXXXXXXX0XX0XXXXXXXXXXXXXXXXXXXXX
XXXXXXXXX00XXXXXXXXXXXXXXXXXX0XXX00000X0X0XXXXXXXXXXXX0XXXXXXX0XXXXXXXXXXXXXXXXXXXXXXXXXX0XXXXXXXXXXXXXXXXXXXXXXXXXXXXXX
X


Generation 74/75  F=U(0.493056632402, 1.0)  N_hist=17760
------------------------------------------------------------------------------------------------------------------------
00XX0XXXXXXXXXXXXXXXXXX0X0XXXX0XXXXXXXXXXXXXXXXXXXXXXXXXXXXXXXXXXXX0XXXX00XXXXXX0XXXXXXXXXXXXXXXXXXXXX00XXXXXXXXXXXXXXXX
XXXXXXXXXXXXXXXXXXXXXXXXXXXXXXX0XXXX0XXXXX0XXXXXXXXXXXXXXXXXXXXXXXXXXXXXX0XXXXXXXXXXXXXXXXXXXXXXXXXXXXXXXXXXXXXXXXXX0XXX


Generation 75/75  F=U(0.438820402838, 1.0)  N_hist=18000
------------------------------------------------------------------------------------------------------------------------
0X0X0XXXXXXXXXXXXXXXXXXXXXXXXXXXX0XXXXXX0XXXXXXXXXXXXXXXXXXXXXXXXXXX0X0XXXXXXX00XXXXXXXXXXXXXXX0XXXXXXXX00XXXXX0XXXXXXXX
XXXXX0XXX0XXXXXXXXXXXXXXXXXXXXXXXXXXXXXXXXXXXXXXXXXXXXXXXXXX0XXXX0XXXXXXXXXXXXXXXXXXXXXXXXXXXXXXXXXXXX0XXXXXXXXXXXXXXX0X


Maximum number of iterations reached.

SSE=16.956 on eval 18240: L=2.77044e+08 b=8.14511 r=0.510202 rf=0.944139 t0=60.0635 th=17.0127


Shutting down DE...
DE shutdown complete.

Final population:
Population: 240 individuals with SSE 16.956 to 17.35, avg eval time 0.0381 sec. Top 7:

        SSE |     16.956       16.956        16.96       16.963       16.965       16.965       16.968  
------------------------------------------------------------------------------------------------------------------------
          L | 2.7704e+08   1.2598e+08   3.2536e+07   2.4011e+07   2.6083e+08   8.6062e+07   1.2021e+08  
          b |     8.1451       2.2042*       1.776*      1.4259*      2.1972*      9.5006       26.551  
          r |     0.5102      0.47737      0.48115      0.45092      0.45152      0.48367      0.46853  
         rf |    0.94414      0.93565      0.93565      0.92272      0.92513      0.93621      0.92892  
         t0 |     60.064       61.112           61       61.876       61.871       60.952        61.27  
         th |     17.013        16.27       16.281       15.504       15.322       16.308       15.779  
------------------------------------------------------------------------------------------------------------------------
Best individual:
<SSE=16.9561 L=2.77044e+08 b=8.14511 r=0.510202 rf=0.944139 t0=60.0635 th=17.0127>


Elapsed time: 238.55 seconds

Saved final population of best parameter combinations to covid19.dat
Shutting down...
Task Queue is shut down
Goodbye
