Decompressing and parsing covid19.csv.bz2...
Cumulative and new cases reported thus far for Italy
------------------------------------------------------------------------------------------------------------------------
000	01/22	0	0
001	01/23	0	0
002	01/24	0	0
003	01/25	0	0
004	01/26	0	0
005	01/27	0	0
006	01/28	0	0
007	01/29	0	0
008	01/30	0	0
009	01/31	2	2
010	02/01	2	0
011	02/02	2	0
012	02/03	2	0
013	02/04	2	0
014	02/05	2	0
015	02/06	2	0
016	02/07	3	1
017	02/08	3	0
018	02/09	3	0
019	02/10	3	0
020	02/11	3	0
021	02/12	3	0
022	02/13	3	0
023	02/14	3	0
024	02/15	3	0
025	02/16	3	0
026	02/17	3	0
027	02/18	3	0
028	02/19	3	0
029	02/20	3	0
030	02/21	20	17
031	02/22	62	42
032	02/23	155	93
033	02/24	229	74
034	02/25	322	93
035	02/26	453	131
036	02/27	655	202
037	02/28	888	233
038	02/29	1128	240
039	03/01	1694	566
040	03/02	2036	342
041	03/03	2502	466
042	03/04	3089	587
043	03/05	3858	769
044	03/06	4636	778
045	03/07	5883	1247
046	03/08	7375	1492
047	03/09	9172	1797
048	03/10	10149	977
049	03/11	12462	2313
050	03/12	12462	0
051	03/13	17660	5198
052	03/14	21157	3497
053	03/15	24747	3590
054	03/16	27980	3233
055	03/17	31506	3526
056	03/18	35713	4207
057	03/19	41035	5322
058	03/20	47021	5986
059	03/21	53578	6557
060	03/22	59138	5560
061	03/23	63927	4789
062	03/24	69176	5249
063	03/25	74386	5210
064	03/26	80589	6203
065	03/27	86498	5909
066	03/28	92472	5974
067	03/29	97689	5217
068	03/30	101739	4050
069	03/31	105792	4053
070	04/01	110574	4782
071	04/02	115242	4668
072	04/03	119827	4585
073	04/04	124632	4805
074	04/05	128948	4316

Initializing 240 population members having 6 parameters
------------------------------------------------------------------------------------------------------------------------

SSE=12.688 on eval 1: L=2.08672e+07 b=519.742 r=0.0976409 rf=0.769335 t0=61.1424 th=6.75029

*

SSE=5.3171 on eval 2: L=4.167e+07 b=1321.01 r=0.104302 rf=0.714961 t0=63.4688 th=5.25331

!2211124

SSE=4.3954 on eval 10: L=3.34781e+07 b=855.914 r=0.121188 rf=0.811676 t0=62.1478 th=7.16339

!2

SSE=4.1312 on eval 12: L=4.55439e+07 b=208.555 r=0.11601 rf=0.715093 t0=62.944 th=7.08445

!92!012251132832212231231248152123110810281122284922222324142233

SSE=4.0054 on eval 76: L=1.13193e+07 b=152.845 r=0.128789 rf=0.790037 t0=62.5018 th=7.60243

!4

SSE=3.9072 on eval 78: L=1.07159e+07 b=418.51 r=0.123798 rf=0.805096 t0=63.1234 th=8.13652

!210612519!253211751912272515232

SSE=3.7424 on eval 110: L=5.65397e+07 b=594.104 r=0.115436 rf=0.804325 t0=62.7526 th=8.61717

!0223182235
121132262211936411334452316832226251222463222917421214229211113143424322122112325142112231122151111793919512151!22111212


Population: 240 individuals with SSE 3.7221 to 63.477, avg eval time 0.782 sec. Top 7:

        SSE |     3.7221       3.7424       3.7575       3.8587       3.8613       3.8788       3.9072  
------------------------------------------------------------------------------------------------------------------------
          L | 7.4114e+06    5.654e+07   5.2931e+07   4.5007e+07   2.5869e+07   3.4223e+07   1.0716e+07  
          b |     1030.1        594.1       503.46       218.08       193.84       656.74       418.51  
          r |    0.11106      0.11544      0.13755      0.13271      0.11826     0.095891       0.1238  
         rf |    0.74603      0.80432       0.8182**    0.74583      0.72268      0.70917       0.8051  
         t0 |     62.043       62.753       61.957       61.802       62.523       63.599       63.123  
         th |      6.628       8.6172       8.5008       7.4564       7.2185       5.6214       8.1365  
------------------------------------------------------------------------------------------------------------------------
Best individual:
<SSE=3.7221 L=7.4114e+06 b=1030.06 r=0.111056 rf=0.746028 t0=62.0428 th=6.62801>


Population: 240 individuals with SSE 3.7221 to 63.477, avg eval time 0.782 sec. Top 7:

        SSE |     3.7221       3.7424       3.7575       3.8587       3.8613       3.8788       3.9072  
------------------------------------------------------------------------------------------------------------------------
          L | 7.4114e+06    5.654e+07   5.2931e+07   4.5007e+07   2.5869e+07   3.4223e+07   1.0716e+07  
          b |     1030.1        594.1       503.46       218.08       193.84       656.74       418.51  
          r |    0.11106      0.11544      0.13755      0.13271      0.11826     0.095891       0.1238  
         rf |    0.74603      0.80432       0.8182**    0.74583      0.72268      0.70917       0.8051  
         t0 |     62.043       62.753       61.957       61.802       62.523       63.599       63.123  
         th |      6.628       8.6172       8.5008       7.4564       7.2185       5.6214       8.1365  
------------------------------------------------------------------------------------------------------------------------
Best individual:
<SSE=3.7221 L=7.4114e+06 b=1030.06 r=0.111056 rf=0.746028 t0=62.0428 th=6.62801>

Performing DE with CR=0.7, F=U(0.5, 1.0), DE/rand-1.00/1/bin
------------------------------------------------------------------------------------------------------------------------

SSE=3.7221 on eval 240: L=7.4114e+06 b=1030.06 r=0.111056 rf=0.746028 t0=62.0428 th=6.62801

Press the 'Enter' key to abort.

Generation 1/75  F=U(0.5, 1.0)  N_hist=240
------------------------------------------------------------------------------------------------------------------------
31XXXX26+2X7XX101XXXX11XXXX14XXXXX1XX24XX61XX1XX1XXXX14X14XX11XXX14+1XXX121X2X3XXXXX12X13X91XX12XXXX94XXXX4XX2XXXX4X143X
121X1XXXX42X1XX13X1X4X35X11XX6XX1X501X1X0X31X3XX3XXX3XX1X3XXX0X61XX1X2212XX2214X1XX112X12X9XX3XX1XXXXXXXXXXXX0X14XX1XX3X
1X


Generation 2/75  F=U(0.5, 1.0)  N_hist=480
------------------------------------------------------------------------------------------------------------------------
XX0XX2XXX20X1123X22XX11X111236X4XX12XXX1X3XXX1XX1X2XXX11X1X1XX1X1X21X012X1

SSE=3.6112 on eval 554: L=5.27405e+07 b=1142.17 r=0.101456 rf=0.784957 t0=63.1348 th=7.71825

+41X04XX12XXX11X111X2X14XX1XXX33XXXX2011XXX1XX
XXX2XX21XXX14+X2211X2XX8X1XX21XX3X2X110X2X12X1X2XXXXX12XXX11XXX1X32X12XX11X21XXX12XXX10XXX2X12X211X22XXX1X11X1XX1XX230X2
XX


Generation 3/75  F=U(0.5, 1.0)  N_hist=720
------------------------------------------------------------------------------------------------------------------------
XX3XXXXXXXXXX11X1X1X12XXX2XXX1XXXXXX1X1X101XXX11XX1X1X1XXXX1X1XXXXXXXXXXXXXXXX1XX1X11011X21XX1XXX2XXX1XX1X2XXXXXXX0X12X1
2XXX010XXX1X1XXXXXXXXX11X11XXXXX01XX11X1X1X1XXXXX11XXXXXX1X2XXX1XX4XXX1XXX1X1XXXXXX1XXXX21XXX12X12X1X1XXX1X1+XXXXXXXXX1X
X


Generation 4/75  F=U(0.5, 1.0)  N_hist=960
------------------------------------------------------------------------------------------------------------------------
XXXXX1XX01XXXX01XX2XX1X2X1XXX11XXXX1X12XXXX11XXXXXX1XX0XXXXXXXXXXX0XX1XXXXXX1X1XXXXX111X1X1X2X1XXX1XXXX2XXXXXXXXXX1XXXXX
XXXXXXXXXXX22XXXXX11X1X1XXX1XXXXXXXX111X0111XX2XX1XXXXX1XXXXXXXXXXXXX1XXXXXXX1XXX1XXXXX10XXXXXXXXX1XXXX1XXX1XXXX2XXXXXX1


Generation 5/75  F=U(0.5, 1.0)  N_hist=1200
------------------------------------------------------------------------------------------------------------------------
1XXXX1XXXXX1XXXXXXXXX11XXXXXXXXX1XXXXXXXXXXXXXXXXXXXXXXX2XXXXX1XXXXX2XX1XXXX1XX12XXXXXXXXXXXXXX1XXXXX2XX10XXXXXXXX1XXXXX
XXX1X1XXXXXXXXXXXXX1XXXXXXXXXX1X20XXXXXXX11XXXX1XXXXXXXX11111XX1XX1XXXX11XXX101X12XXX1XXXXX1XXXXXXX111XX0XX10XXXXXXXXXX1


Generation 6/75  F=U(0.5, 1.0)  N_hist=1440
------------------------------------------------------------------------------------------------------------------------
1XXXXXXXXXXXXXXX1XXXXXXXXXXX1XXXX1XX1111X11XXX111XXXXXXXXX1X21X11X11011XXX1XXXXXX1X1XXXXXXXX1XXXXX0XXXXXXXXXX1X121XXXXXX
0XX102XXXXX01XXXXXXXXXXXX1XXXXX1XXXXX10XX2XXXXXXXXXXXXXXX0XX2XXXXX1XXXXXXXXXX101XXXX1XXXXXXXXXXXXXX1XXXXXXXXXXXXXXXXXXXX


Generation 7/75  F=U(0.5, 1.0)  N_hist=1680
------------------------------------------------------------------------------------------------------------------------
02X10X01XXXXXXXXXXXXXX1XXX1XXX11XXXXXXXXXXXXXXXXXXXXXXXX1XX1X1XXXXX1XXXX1X1X11XXXXXXXXXXXXXXXXXXXXXXXXXXXXX1+XXXXXXXXX01
XX1X0XXXXXXXX0XXXXXXXXXXXXXX11XXXXXXXXXXX01X1XXX21

SSE=3.5361 on eval 1870: L=2.77254e+07 b=965.055 r=0.103085 rf=0.743802 t0=62.9641 th=6.62326

+XXXXXXXXXXXXXXXX1XXX11XXXXXXXX1XX1XXXXXX1X1XXXXXXXXXXXXXXX1XXXXXXXXXX
XX


Generation 8/75  F=U(0.5, 1.0)  N_hist=1920
------------------------------------------------------------------------------------------------------------------------
11X1111XXX1XX1X1XXXXXX1XXXXXXXXXXXX1XXXXXXXXX111XXXXXXXXXXX1XXXXXXXXXXXXXX1XXXXXXXXXX1XXXXX1X1XXXX111X11X0XXXXXX1X11XXXX
XXXXXXXX1XXXXXX1XXX11XXXXXXXXXXXXXXXXXXXXXXX0XXX1XXXXXXXXXX11X11X11XXXXXXXXXX1XXXXXXXXX1X1XXXXXXX1XXXXXXXXXXXXX1XXXXXXXX


Generation 9/75  F=U(0.5, 1.0)  N_hist=2160
------------------------------------------------------------------------------------------------------------------------
111X1X1111X0XXXXXXXXXXXXXXXXX1XXXXXXXXXXXXXXXXXXXXXXXXXXXXXXXXXX1XXXXXXX1X111XXXXXXXXXXXXX11XXXX0XXXXX1XXX1XX1XXXXXXXXX1
X1X1XXXXXXXXXX1XXXXXXX1XXXXXXXXX1XXXXXX11X10XXXXXXXXXXX1XX1XX111XXXX0XXXX1XXXXXXXXXXXXXXXXXX0XXXXXXXXXXXXXXX1XXXXXXXXXXX


Generation 10/75  F=U(0.5, 1.0)  N_hist=2400
------------------------------------------------------------------------------------------------------------------------
101X1X1XXXXXXXXX0XXX1XXX1XXXXX1XX11XXXXXXXX1X1XXXXXXXXXXXXXXXXXXXXXXXXXXXXXXXXXXXXXXXXXXXXXXXXXXXX01X1XXXXXXX1XXXXXXXXXX
XXXXXXXXXXX1XXXXXXXXXXX11X0XXXXXXXXXXX1XXXXXX1XXXXXXXX1XXXXXXX00XXXXXXXXXXXXXXXXXXXXXXXXXXXXXXXXXXXX1XXXXXXX1XXXX1XXXXXX


Generation 11/75  F=U(0.5, 1.0)  N_hist=2640
------------------------------------------------------------------------------------------------------------------------
00011X111X12XXX1XXX11XXXXXXXXXXXXXXXXXXXXXXXXXXXXX0XXXXXXXXXXX0XXXXXXXXXXXXXXXXXXXXX0XXXXXXXXX0XXXXXXXXX1X1XXXXXXXXXXXXX
XXXXXXXXXXXXXX1XXXX110XXXXXXXXXXXXXXXXXXXXXXXXXXXXXXX1XXXXXXXXXXXXXXXX10XXXXXXXXXX1XXXXXXX1XXXXXXXXXXXXXXXXXXXXXXXXXX1XX


Generation 12/75  F=U(0.5, 1.0)  N_hist=2880
------------------------------------------------------------------------------------------------------------------------
0X1101X0111XXXXXXXXX1XXX1XXX11XXXXXXXXXXXXXXXXX0XXXXXX11XXXX1XXXXXXXXXXXXXXXXXXXXX1XXXXXXXXXXXXXXXXX1XXXXXX11X1XXXXXXXXX
XXXXXX1XXXXX1XXXXXXXXXXXXXXXXXXXXXXXXXXXXXX0XXX1XXXXXX1XXXXXXXXXXXXXXXXXXX011XXXXXXXXXXXXXX1XXXXXXXXXXXXX0XXXXXXXXXXXXXX


Generation 13/75  F=U(0.5, 1.0)  N_hist=3120
------------------------------------------------------------------------------------------------------------------------
01X1XXXXXXXXXX1X0XX1XXXXXXXXXXX1XXXXXXXXXXXXXXXXXX0XXXXXXXXXXXXXXXXXXXXXXXXXXXX1XXX1XXXXXXXXXXX11XXX1XXXXXX1XXXXXXXXXXXX
XXXXXXXXXXXXXXXXXXX111XXXXXXXXXXXXXXXXXXXXXXXXXX11XXXXXXXXXXXXXXXXXXX0X011XXXXXXXXXXXXXXXXXXXXXXX101XXXXXXXXXXXXXXXXXXXX


Generation 14/75  F=U(0.5, 1.0)  N_hist=3360
------------------------------------------------------------------------------------------------------------------------
111X101X110X1XX11XXX0XXXXX11XXXXXXX00XXXXXXXXXXXX01XXXXXXXXXXXXXXXXX0XXXX1XXXXXXXXXXXXXXXXXXXX011XXXXX01X0XXXXXXXXXXXXXX
XXXXX1XXXXXXXXXXXXXXXXXXXXXX1X0XXXXX1XXXXXXXXXXXX11XXXXXXXXXXXXX11XXXXXXXXXXXXXXXXXXX1XXXXXXXXXXXXXXXXXXXX1XXXXXXXXXXXXX


Generation 15/75  F=U(0.5, 1.0)  N_hist=3600
------------------------------------------------------------------------------------------------------------------------
1011XX1XXXXX1XXXXXXXXXXXXXXXXXXXXXXXXXXXXX1X1XXXXX1XXX1XX100XXXX1XXXXXXXXXXXXXXXXXXXXXXXXXXX01XXXXXXXXXXXX111XXXXXXXX1XX
XXXX0XXXXX1XXXXXXXXXXX1XXXXXXX1XX1XXXXXXXXXXXX11XXXXXXXXXX1XXXX1XXXXXXXXXXXXXXXXXXXXXXXXXXXXXXX1XXX1XXXXXXX1XXXXXXXX0XXX


Generation 16/75  F=U(0.5, 1.0)  N_hist=3838
------------------------------------------------------------------------------------------------------------------------
00XX00X0X1XX1XXXXXXXXXXXX0XXXXXXXXXXXXXXXXXX1XXXXXXXXXXXXXXXXXX01X00XXXXXXXXXXXXXXXXXXXXXXXXXXXXXXXXXXXXXXXX1XXX0XXXXXXX
XX00XXXXXXXXXXXXXXXXXXXXXXXXX1XXXXXXXXXXXXXX10XXXXXXXXXX1XX1XXX1XXXXXX1XX1110X0XXXXXXXX1XXXXXXXXXXX1XX0XXXXXX1XXXXXXXXXX


Generation 17/75  F=U(0.5, 1.0)  N_hist=4080
------------------------------------------------------------------------------------------------------------------------
X1X1X1XXXXX1XXXXXX0XXXXXXXXXXXXX11X1XXXX1XXXXXXXXXXXXXXX1XXXXXXXXXXXXXXXXXXXXXXXXX00XXXXXXXXXXXXXXXXXX1XX01XXXXXXXX1XXXX
XXXXXXXXXXXXXXXXXX0X1XXXXXXXXXX1XXXXXXXXXXXXXXX0X11XXXXXX1XX0X1XXXXXXXXXXXXXXXXXXXXXXXXXXXXXXXXXXXXXXXXXXXXXXXXXXXXXXXXX


Generation 18/75  F=U(0.5, 1.0)  N_hist=4320
------------------------------------------------------------------------------------------------------------------------
0XX01XXXXXXXXXXXXXXXXXXXXXXX1XXXXXXXXXXXXX00XXXXXXXXXXXXXXXXXXXXX0XX1XXXXXX0XXXXX10XXXXXX0XXXXXXXXXX10XXXXXXX1XX0XX01XXX
XXXXXXXXXXXXXXX1XXX1XXXXX1X1XXXXXXXXXXXXX1XXXXXXXXXXXXXXXXXXXXXXXX1XXXXXX1XXXXXXXXXXXXXXXXXXXXXXXXXXXXXXXXXXXXXXXXXXXXX1


Generation 19/75  F=U(0.5, 1.0)  N_hist=4559
------------------------------------------------------------------------------------------------------------------------
01XX1XXXXXXXXXXXXXXXXXXX1XX1X010XXXXXXXXXXXXXXXXXXXX11XXXXXXXXXXXXXXXXXXXXXXX10XXXXXXXXXX1X1XXXXXXXXX1XXXXXXX0XXXXX0XXXX
1XXXXXXXX0XXXXX0XXXXXXXXXXXX0XXXXXXXXXXXXXXXXXXXXXXX1XXXXXXXXXXXXXXXX1XXXXXXXXXXXXXXXXX0XXXXXXXX11XXXXXXXXXXXXXXXXXXXXXX


Generation 20/75  F=U(0.5, 1.0)  N_hist=4800
------------------------------------------------------------------------------------------------------------------------
01X011XXX0XXXXXXXXXXXXXX1XXXXXX0XXXXXXXXXXXXXXXXXXX1XXXXXXXX1XXXX1XXXXX1XXXXXXXXXXXXXXXXXXXXXXXXXXXXX1XXX00XXXXXXXXXXXXX
XX0XXXXXXXXXXXXXXXXXX011XXXXXXXXXX10XXX0XXXXXXXXXXXXXXXXXXXX1XXXXXXXXXXXXX1X1XXXXXXXXXXXX1XXXXXXXXXXXXXXXXX0+XXXXXXXXXXX
X


Generation 21/75  F=U(0.5, 1.0)  N_hist=5040
------------------------------------------------------------------------------------------------------------------------
11X01XX0XXXXXXX1XXXXXXXXXXXXXXXXXXXXXXXXXXXXXXXXX11X0XXXXXXXXXXXXXXXXXXXXXXXXXXXXX0XXXXXXXXXXXXXXXXX11X00XXXXX0XXXXXXXX1
XXXXXXXXXXXXXXXXXXXXXXXXX1XXXXXXXXXXX0XXXXXXX0X0XXXX10XXXXXXX001XXXXXXXXXXXXXXXXXXXXXXXX0XXXXXXXXX1XXXXXXX1XXXXXXXXXXXXX


Generation 22/75  F=U(0.5, 1.0)  N_hist=5280
------------------------------------------------------------------------------------------------------------------------
0000X1X1XXXXXXXXX1XXXXXXXXXXXX10XXXXXXXXXXXXXXXXXXXXXXX0XXXXXXXXXX0XXXXXXXXXXXX1XXXXXXXXXXXXXX100X1XXX0XXXXXXX0XXXXXXXXX
XXXXXXXXXXXXXXXXXXX1XXXXXX11XXXXXXXX0XXXXXXXXXXXXXXXXX0XX01XXX1X0XXXXXXXXXXXXXXXXXXXXXXXXXXXXXXXXXXXXXXXXXXXXXXXXXXXXXXX


Generation 23/75  F=U(0.5, 1.0)  N_hist=5520
------------------------------------------------------------------------------------------------------------------------
0X10X1XXXXXXXXXXXX1XX0XX1X01XXXXXXXXXXXXXXXXXXXXXX00XX1XXXXXXXXXXXXXXXXXXXXXXXXXX01XXXXXXXXXXXXXXXXXXXXXXXXXXXXX1XXXXXX1
XXXXXXXXX0XXXXXXX0XXXXXXXXXXXXXXXXXXX1X1XXXXX1XXXXXXX0XXXXXXXXXX01XXXXXXXXXXXXXXXXXXX0XXXXXXXXXXXXXXXXXXXXXXXX0XXXXXXXXX


Generation 24/75  F=U(0.5, 1.0)  N_hist=5760
------------------------------------------------------------------------------------------------------------------------
110X11XXXXXXXXX0XXXXXXXXX0XXXXXXXXXXXXXXXXX0XXXXXXXXXXXXXXXXX0XXXXXXXXXXXXXXXXX0XXXXXXXXXXXXXXXXXXXXXXXXXXXXXXXXXXXXXXXX
XXXXXXXXXXXXXXXXXXXX0XXX001XXXXXXXXXXXXXXXXXXXXXXXXXXXXXXXXXXXXXXXX1X1XXXX1X000+1XXXX0XXXXXXXXXXXX0XXXXXXXXXXXXXXXXXXXXX
X


Generation 25/75  F=U(0.5, 1.0)  N_hist=6000
------------------------------------------------------------------------------------------------------------------------
X0XXXXXXXXXXXX1XXXXXXXXXXXXXXXXXXXXXXXX0XXX0XXXXXXXXXXX1XXXXXXXXXXXXXXXXXXX0XXXXXXXXXXXXXXXX0X0XXXXXXXXXXXXXXXXXX0XXXXXX
XXXXXXXXXXXXXXX1XXXXXXXXXXXX000XX0XXXXXX0XXXXXXXXXXXXXXXXXXXXXXXXXXXXXXXXXXXXXXX010XXXXXXXXXXXXXXXXXXXXXXXXXXXXXXXXXXXXX


Generation 26/75  F=U(0.5, 1.0)  N_hist=6240
------------------------------------------------------------------------------------------------------------------------
XXXXXXX0XXXXXXXXXXXXXXXXX0XXXXXXXXXXXXXXXXXXXXX1XXX1XXXXXXXXXXXXXXXXXXXXXXXXXXXXXXXXXXXXXXXXXXXXXXXXX000XXXXXXXXX0X1+1XX
X11XXXXXXXXXXXXXX1XXXXXXXXXXXXXXXXX0XXXXXXXXXXXXXXXXXXXXXXXXXX00X0XXXXXXXXXXXXXXXX1XXXXXXXXXXXXXXXXXXXXXXXXXX1XXXXXXXXXX
X


Generation 27/75  F=U(0.5, 1.0)  N_hist=6480
------------------------------------------------------------------------------------------------------------------------
10X0X00XX1XXXXXX1XXXXXXXXXXXXXX0XXXXXXXXXXXXXXXXXXXXXXXXXXXXXXX1X0XXXXXXXXXXXXXXXXXXX1XX11XXXXXXXXXXXXXXXXXXX0XXXXXXXXXX
XXXXXXXXXXXXX0X1XXXXXXXXXXXXXXXXXXXX0101X1XXXXXXXXXXXXXXXXXXXXXXXXXXXXXX1XXXXXXXXXXXXXXXXXXXXXXXX0XXXXXXXXXXXX0XXXXXXXXX


Generation 28/75  F=U(0.5, 1.0)  N_hist=6720
------------------------------------------------------------------------------------------------------------------------
X00X0X01XX1X0XXXXXXXXXXXXXXX0XX0XXXXXXXXXXXXXX1XXXX1XXXXXXXXXXXX0XX0XXXXXXXXXXXXXXXXXXXXXXXXXXX010XXXXXXXX0XXXXXX01XXXXX
XXXXXXXXXXXX110X0X1X1XXXXXXXXXXXXXXXXXXXXXXXXXXXXXXXXXXXXXXXX0XXXXXXX0XXX0X1XXXXXXXXXXXXXXXXXXXXXXXXXXXXXXXXXXXXXXXXXXXX


Generation 29/75  F=U(0.5, 1.0)  N_hist=6960
------------------------------------------------------------------------------------------------------------------------
X0XXXXXX0XXXXXXX0XXXXXXXXXXXXXXXXXXXXXX0XXXXXXXXXXXXXXXXXXXXXXXXXX1XXXXXXXXXX0XXXX0XXX0XXXXXXXXXXXX0XX0XXXXXXXXXXXXXXXXX
XXXX0XXXXXX1XXXXXXXXXXXXXXXXXXXXX0XXXXXXXXXXXXXXXXXX0XXXXXXXXXX0XXXXXXXXXXXXXXXXXXXXXXXXXXXXXXXXXXXXX0XXXXXXXXXXXXXXXXXX


Generation 30/75  F=U(0.5, 1.0)  N_hist=7200
------------------------------------------------------------------------------------------------------------------------
0XXXXXXXXXXXXXXXXXXXXXXXXXXX1XXXXXX1XXXXXXXXXXXXXXX10XXXXXXXX0XXXXXXXXXXXXXXX0XXXXX1XXXXXXXXX0XXXXXXXXXXXXXXXXXXXXXXXXXX
XX0XXXX0X00XXX0XXXXXXXXXXXXXXXXXXXXXXXXXXXXXXXXXXX1XXXXXXXXXXXXXXXXXXXXXXXXXXXXXXXXXXXXXXXXXXXXXXXXXXXXXXXXXXXXXXXXXXXXX


Generation 31/75  F=U(0.5, 1.0)  N_hist=7440
------------------------------------------------------------------------------------------------------------------------
X0XXXXXXXXXXXXXXXXXXXXXXXXXXXXXXXXXXXXXXXXXXXXXXXXXXXXXXXXXXXXXXXX1X0X1XXX0XXXXXXXX0XXXXXXX0XXXXXXXXXXXXXXXXXXXXXXXXXXXX
XXX0XXXXXX1XX0XXXXXXXXXXXXXXXXX00X1XX0XXXXXXXXXXXXXXXXXXXXXXXXXXXXXXXXXXX0XXXXXXXXXXXXXXXXXXXXXXXXXXXXXXXX1XXXXXXXXXXXXX


Generation 32/75  F=U(0.5, 1.0)  N_hist=7680
------------------------------------------------------------------------------------------------------------------------
X0XXXXXXXXXXXX1XXXXXXXXXXXXXXXXXXXXXXXXXXXXX0XXXXXXXXXXXXXXXXXXX1XX0XXXXXXXXX0XXXXXXXXXXXXXXXXXXXXXXX1X00XXXXXXXXXXXXXXX
XXXXXXXXXX1XXXXXXXXXXXX0XXXXXXXXXXXXXXXXXXXXXXXXXXX1XXXXXXXXXXXXXX0XXXXXXX0XXXXXXXXXXXXXXXX0XX00X0XX1XXXXXXXXXXXXXXXXXXX


Generation 33/75  F=U(0.5, 1.0)  N_hist=7920
------------------------------------------------------------------------------------------------------------------------
0X1X0XXXXXXXXXXXXXXXXXXXXXXXXXXXXXXXXXXXX0XXXXXXXXXXXXX0XXXXXXX0XXXXXXXXXXXXXXXXXXXXXXXX0XXXXXXXXXXXXXXXXXXX0XXXXX0X01X0
XXXXX0XXXXXXXXXXXXXXXXXXXXXX11XXXXXXXXXXXXXXXXXXXXXXX0X1XXXXXXXXXXXXXXXXXXXXXXXXXXXXXXXXXXXXXXXXXXXX0XXXXXXXXXXXXXXXXXXX


Generation 34/75  F=U(0.5, 1.0)  N_hist=8160
------------------------------------------------------------------------------------------------------------------------
XXX0XXXXXXXXXXXXXXXXXXXXXXX10XXXXXX0XXXXXXXXXXXXXX1XXXXXX0XXXXXXX0X10XXXXXXXXXXXXX1XX0XXXXXXXXXX00XXXXXXXXXXXXXXXXX0X0XX
XXXXXXXXXXX0XXXX0XXXX1XX0XXXXXXXXXXX1XXXXXXXXXX1XXXXXXXXXX0XXXXXXXXXXXXXXX1XXXXXXXXXXXXXXXXXXXXXXXXXXXXXXXXXXXXXXXXXXXXX


Generation 35/75  F=U(0.5, 1.0)  N_hist=8400
------------------------------------------------------------------------------------------------------------------------
1X0X000X0X0XXXXXXXXXXXXXXXX1XXXXX1XXXXXXXXXXXXXXXXXXXXXXXXXX0XXXXXXXXXXXXXXXXXXXXXXX0XXXXXXX0XXXXXXXXXXXXXX0XXXXXXX1XXXX
XXXXXXXXXXXXXXXXXXXXXXXXXXXXXXXXXXXXXXXXXXXXXXXXXXXXXXXXXXXXXXXXX0X0X01+XXXXXXXXXXXXXXXXXXXXXXXXXXXXXXXX0XXXXX1XXXXXXXXX
X


Generation 36/75  F=U(0.5, 1.0)  N_hist=8640
------------------------------------------------------------------------------------------------------------------------
X00X00X0XXXXXXXXXXXXXXXXXXXXXXXXXXXXXXXXXXXXXXXXXXXXXXXXXXXXXXXXXXXXXXXXXXXXXXX0XXXXX0XXXXXXXXXXXXXXXXXXX0XX01XXXXXXXXX1
XXXXXXXXXXXXXXXXXXXXXXXXXXXXXXX000XXXXXXXXXXXXXXXXXXXXX0X0XXXXXXXXXXXXXXXXXXXX0X0XXXXXXXXXXXXX0XXXXXXXXXXXXXXXXXXXXX1XXX


Generation 37/75  F=U(0.445, 1.0)  N_hist=8880
------------------------------------------------------------------------------------------------------------------------
0X00XXXXXXX0XXXXXXXXXXXXXXXXXX001XXXXXXX0XXXXXXXXXXXXXXXXX0XXXXXXXXXXXXXXXXXXX0XXXXXXXXXXXXXXXXXXXXXXXXXXX0XXXXXXXXXXXXX
XXXXXXX0XXXXXXXX1XXXXXXXXXXXXXXXXX1XXXXXXXXX0XXXXXXXXXXXXXXXXXX0XXXXXXXXXXXXXXXXXXXXXXXXXXXXXXXXXXXXXXXXXXXXXXXXXXXXX0XX


Generation 38/75  F=U(0.493056632402, 1.0)  N_hist=9119
------------------------------------------------------------------------------------------------------------------------
XXXX0XXXXXXXXXXXXXXXXXXX0XXXX0XXXXXXXXXXXXXXXX0XXXXXXXXXXXXXXXXXXXXXXXXXXXXXXXXXXXXXXXXXXXXX0XXXXXXXXXXXXXXXXXXXXXXXXXXX
XXXXXXXXXXX0XXXXXXXXXXXXXXXXXXXXXXXXXXXXXXXXXXXXXXXXXXXXXXXX0XXX1XXXXXXXXXXXXXXXXXXXXXX0XXXXXXXXXXXXXXXXXXXXXXXXXXXXXXXX


Generation 39/75  F=U(0.5, 1.0)  N_hist=9360
------------------------------------------------------------------------------------------------------------------------
X01X00X0XXXXXXXXXXXXXXXXXXXXXX0XXXXXXXXXXXXXXXXXXXXXXXXXX0XXXXXXXXXXXXXXXXXXX0XX0XXXXXXXXXXXXXXX0XXXXXXXXXXXXX0XXXXXXXXX
XXXXXXXXXXXXXXXX0XXXXXXXXXXX0XXXXXXX0XXXXXXXXXXXXXXXXXXXXXXXX0XXXXXXXXXXXXXX0XXX0XXXXXXXXXXXXXXXXXXXXXXXXXXXXXXXXXXXXXXX


Generation 40/75  F=U(0.445, 1.0)  N_hist=9600
------------------------------------------------------------------------------------------------------------------------
X0XXXXXXXXXXXXXXXXXX0XXXXXXXXXXXXXXXXXXXXXXXXXXXXX0XXXXXXXXXXXXXXXXXXXXXXXXXXXXXXXXXXXX0XXXX1XXXXXXXXXXXXXXXXXXXXXXXXXXX
XXXXXXXXXXXXXXXXXXXXXXX0XXXX00XXXXXXX0XXXXXX0XXXXXXXXXXXXXXXXXXXXXXXXXXXXXXXXXX0XXX0XXXXX0XXXXXXXXXX0XXXXXXXXXXXXXXXXXXX


Generation 41/75  F=U(0.39605, 1.0)  N_hist=9840
------------------------------------------------------------------------------------------------------------------------
0XXXX01XXXXXXXXXXXX0XXXXXX0XXXXXXXXXXXXXXXXXXXXXXXXXXXXXXXXXXXXXXXXXXXXXX0XXXXX0XXXXXXXX1XXXXXXXXXXXXXXXXXXXXXXXXX0XXXXX
XXXXXXXXXXXXXXXXXXXXXX0XXXXXX0XXXXXXXXXX1X1XXXXXXXXXXXXXXXXXXXXXX00XXXXXXXXXXXXXXXXXXXXXXXXXX0XXXXXXXXXXXXXXXXXXXXXXXXXX


Generation 42/75  F=U(0.438820402838, 1.0)  N_hist=10080
------------------------------------------------------------------------------------------------------------------------
0X0X00XXXXXXXXX0XXXXXXXXX0XXXXXX0XXXXXXX1XXXXXXXX0X0XXXXXXXXXXXXX0XXXXXXXXX0XXXXXXXXXXXXXXXXXXXXXXXXXXX0XXXXXXXXXXXXXXXX
XXXXXX0XXXXXXX0XXXXXXXXXXXXXXXXX1XXXXXXXXXXXXXX001XXXXXXXXXXXXXXXXXXXX0000XXXXXXXXXXXXXXXXXXXXXXXXXXXXXXXXXXXXXXXXXXXXXX


Generation 43/75  F=U(0.486209685511, 1.0)  N_hist=10320
------------------------------------------------------------------------------------------------------------------------
000X0XXXX1X0X1XXXXXXXXXXXXX0XXXXXXXXXXXXXXXXXXXXXXXXX0XXXXX0XXXXXXXXXXXXXXXXXXXXXXXXXXXXXXXXXXXXXXXXXXXX0XXXXXXXXXXXXXXX
XXXXXXXXXXXXXX00XXXXXXXXXXXXXXXXXXXXXXXX0XXXXXXXXXXXXXXXXX0XXXXXXXXXXXXXXXXXXXXXXXXXXXXXXXXXXXXXXXXX00XXXXXX0XXXXXXXXXXX


Generation 44/75  F=U(0.432726620105, 1.0)  N_hist=10560
------------------------------------------------------------------------------------------------------------------------
XX0XX0XXXXXXXXXXXX0XXXXXXX0XXXX01XXXXXXXXXXXXXXXXXX0XXXXXXXXXXXXXXXXXXXXXXXXXXXXXXXXX00XXXXXXXXXXXXXXXXXXXXXXXXXXXXXXXXX
XX00XXXXXXXXXXXXXXXXXXXXXXXXX0XXXXXXXXXXXXXXXXXXXXX0XXXXXXX0XXXXXXXXXXXXXXXXXXX0XXXXXXXXXXX0XXXXXX1+XXXXXXXXXXXXXXXXXXXX
X


Generation 45/75  F=U(0.385126691893, 1.0)  N_hist=10800
------------------------------------------------------------------------------------------------------------------------
0X0XXXXXXXXXXXXXXXXXXXXXXXXXXXXXXXXXXXXXXXXXXXXXXXXX0XXXXXXXXXXXXXXXXXXXXXXXXXXXXXXXXX0XXXXXXXXXXXXXXXXXXXXXXXXXXXXXXXXX
XXXXXXXXXXXXXXX0XXXXXXXXXXXXXXXXXXXXXXXXXXXXXXXXXXXXXXXXXXXXX0XXXXXXXXXXX0XXXXX0X0XXXXXXXXXXXXXXXXXXXXXXXXXXXXXXXXXXXXXX


Generation 46/75  F=U(0.342762755785, 1.0)  N_hist=11040
------------------------------------------------------------------------------------------------------------------------
00X0XXXXXXXX0XXXXXXX0XXXX00XXXXXXXXXXXXXXXX0XXXXXXXX0XXXXXXXXXXXXXXXXXXXXXXXX0XXXXXXXXXX010XXXXXXXXXXXXX0XXXXXXXXXXXXXXX
XXXXXX00XXXXXXXXXXXXXXXXXXXXXXXXXXXXXXXXXXXXXXXXXXXXXX0XXXXXXXXXXX0XXXXXXXXXXXXXXXXXXX0XXXXXXXXXXXXXXXXXXXXXXX0XXXXXXXXX


Generation 47/75  F=U(0.379778539506, 1.0)  N_hist=11280
------------------------------------------------------------------------------------------------------------------------
XX0000X0XXXXXXXXXXXXXX1XXXXXX0XXXXXXXXXXXXXXXXXXXXXXXXXXXXXXXXX1XXXXXXXXXXXXXXXXXXXXXXXX0XXXXXXXXXXXX0X0XXXXXXXXX0XXXXXX
0XXXX0XXXXXXXXXXXXXXXXXX0XXXXXXXXXX0XXXXXXXXXXXXX00XXXXXXXXXX1XXXXX000XXXXXXXXXXXXXXXXXXXXXXXXXXXXXXXXXXXXXXXXXXXXXXXXXX


Generation 48/75  F=U(0.33800290016, 1.0)  N_hist=11520
------------------------------------------------------------------------------------------------------------------------
00X0X000XXXXXXXXXXXXXXXXXXXXXXXXXXXXXXXXXXXXXXXXXXXXXXXXXXXXXXXXXXXXXXXX0XX0XXXXXXXXXXXXXXXXXX0XXXXXXXXX000XXXXXXXXXXXXX
XXXXXXXXXXXXXXXXXXXXXXXXXXX0XXXXXXXXXXXXXXXXXXXXXXXXXXXXXXXXXXXXXXXXXXXXXXXXXXXXXXXXX00X0XXXXXXXXXXXXXXXXXXXXXXXXXXXXXXX


Generation 49/75  F=U(0.300822581143, 1.0)  N_hist=11760
------------------------------------------------------------------------------------------------------------------------
0X0XXXXXXXXXXXXXXXXXXXXX0XXXXXXXXXXXXXXXXXXXXXXXXXXXXXXXXXXXXXXX0XXXXXX1XXXXXXX0XXXXXXXXXX10XXXXXXXXXXXXXXXXXXXXXXXXXXXX
XXXXXXXXXXXXX0XXXXXXX0XXXXXXXXXXX0XXXX00XXX0XXXXXXXXXXXXX10XXXXX00XXXXXXXXXXXXXXXXXXXXXXXXXXXXXXXXXXXXXXXXXXXX0XXXXXXXXX


Generation 50/75  F=U(0.33330914339, 1.0)  N_hist=12000
------------------------------------------------------------------------------------------------------------------------
01XXXXXXXXXXXXXXX0XXXXXXXXXXX0XXXXXXXXXXXXXXXXXX0XXXX0XXXXXXX0XXXX0XXXXXXXX0XXXXXXXXXXXXXXXXXXXXXXXXXXXXXXX0XXXXXXXXXXX0
XXX0XXXX0X10X0XXXXXXXXXXXXXXXXXXXXXXXXXXXXXXXXX0XXXXXXXXX0XXXXXX0XXXX0X10XX0XXXXXXXXXXXXXXXXX0XXXXXXXXXXXXXXXXXXXXXXXXXX


Generation 51/75  F=U(0.369304008514, 1.0)  N_hist=12240
------------------------------------------------------------------------------------------------------------------------
1X000XXXX0X0XXXXXXXXXXXXXXXXXXX0XXXXXXXXXXXXX0XXX0XXXXXXX0XXXXXXXXXXXXXXX0XXX100XXXXXXXXXXXXXXXXXXXXXXXXXXXXXXXXXXXX0XXX
XXXXXXXXXXXXX0XXXXXXXXXXXX0XXXXXXXXXXXXXXXXXXXXXXXXXXX0XXXXXXXXXXXXX00XXXXXXXXXXXXXXXXXXX00XXXXXXXXXXXXXXXXXXXXXXXXXXXXX


Generation 52/75  F=U(0.409186046675, 1.0)  N_hist=12480
------------------------------------------------------------------------------------------------------------------------
X0XXXXXXXXXXXXXXXX00XXXXXXXXXXXXXXXXXXXXXXXXXXXXXXXXXXXXXXX00X0XXXXXXXXXXXXXXXXXXXXXXXXXXXXXXXXXXXXXXXXXXXXXX0XXX0XXXXXX
XXXX0XXXXXXXX0X0XXXXXXXXXXXXXXXXXXXX00X0XXXXXXXXXXXX0XXXXXXXXXXXXXXXXX000XXXXXXXXXX0XXXXXXXXXXXXXXXXXXXXXXXXXXXX0XXXXXXX


Generation 53/75  F=U(0.364175581541, 1.0)  N_hist=12720
------------------------------------------------------------------------------------------------------------------------
X00XXX0X0XXXXXXXX0XXXX0XXXXXXXXXXXXXXXXXXXXXXXXXXXXXXXXXXXXXXXXXXXXXXXXXXXXXX0XXXXXXXXXXX0XXXXXXXXXXXXXX0XXXXXX0XXXXXXXX
XXXXX0XXXXXXXXXXXXXX0XXXXXXXXXX0XXXXXXXXXXX0XXXXXXXXXXXXXXXXXXXXXXXXXXXXXXXXXXXXXXXX0XX0XXXXXXXXXXXXXXXXXXXXXXXXXXXXXXXX


Generation 54/75  F=U(0.324116267571, 1.0)  N_hist=12960
------------------------------------------------------------------------------------------------------------------------
00X00XX1XXXXX0XXXXXXXXXXXXX0XXXXX0XXXXXXXXXXXXXXXXXXXXXXXXXXXXXXXXXXXXX0XXXXXXXXXXXXXXXXXXXXXXXXXX0XXXX00XXXX0XXXXXXX0XX
XXXXXXXXXXXXXXX0XXXXXXX0X0XXXXXXXXXXXXXXXXXXXXX0X0XXXXXXXXXX0XX01XXXX0XXX0XXX0XXXXXXXXXXXXXXXXXXXXXXXXXXXXXXXXXXXXXXXXXX


Generation 55/75  F=U(0.288463478139, 1.0)  N_hist=13200
------------------------------------------------------------------------------------------------------------------------
000X0XXXXXXXXXXXXX0XXXXXXXXXXXXXXXXXX0XXXXXXXXXXXX0XXXXXXXXXXXXXXXXXXXXXXXXX000X0XXXXXXXXXXXXXXXXX00XXXXXXXXXX0XXXX0XXXX
XXXXXXXXXXXXXXXXXXXX0XXXXXXXX0XXXXX0XXXXXXXXXXXXXXXXXXXX0XXXXXXXXXXXXX0XXXXXX00XXXXX0XXXXXXXXXXXXXXXXXXXXXXXXXXXXXXXXXXX


Generation 56/75  F=U(0.319615350791, 1.0)  N_hist=13440
------------------------------------------------------------------------------------------------------------------------
00XX0XXXXXX0XXX0XXXXXXX0XXXXXXXXXXXXXXXXXXXXXXXXXXXXXXXXX0XXXXXXXXXXXXXXXX000XXXXXXXXXXXXXXXXXXXXX0XXXXXX00XXXXXXXXXXXXX
XX0XXX1XXX0X0XXXX0XXXXXXXXXXX0XXXXXXXXXXXXX0XXXX0XXXXXXXXXXXXXXXXXXXXXXXXXXXXXX0XXXXXXXXXXXX0XXX0XXXXXX0XXXXXXXXXXXXXXXX


Generation 57/75  F=U(0.284457662204, 1.0)  N_hist=13680
------------------------------------------------------------------------------------------------------------------------
0X0X0X0XXXXXXXXXXXXXX0XXXXXXXXXXXXXXXXXXX0XXXXXX0XXXXXXXX00XXXXXX0XXXXXXXXX0XXXXXXXXXX0XXXXXXXXXXXXXXXX0XXXXXXXXXXXX0XX0
XXXXXXXXXXXXXXXX0XXX0XXXXXXXXXXXXXXXXXXXXXXXXXXXXXXXXXXXXXXXXXXXXXXXXXXXXXXXXXXX0XX00XXXXXXXXXXXXXXXXXXXXXXXXXXXXXXXXXXX


Generation 58/75  F=U(0.253167319361, 1.0)  N_hist=13920
------------------------------------------------------------------------------------------------------------------------
000XXXXXX0XXXXXXXXXXXXXXXXXXXXX0XXXXXXXXXXXXXXXXX0XXXXXXXXXXX1XXXXXXXXXXXXXXX0XXX0XXXXX0+0XXXXXXXXX0XXXXXX000XXXXXXXXXXX
XXXXXXXXXXXXX00XXXXXXX0X0XX0XXXXXXXXXXXXXXXXXXXXX00000XXXXXXXXXXXXXXX1XXXXXXX0XXXXXXXXXXXXXXXXXXXXXXXXXXXXXXXXXXXXXXXXXX
X


Generation 59/75  F=U(0.280507473974, 1.0)  N_hist=14160
------------------------------------------------------------------------------------------------------------------------
0010000XX0X0XXXXXXXXXXXXXXXXXXXXXXXXXXXXXXX0XXXXXXXXXXXXXXXXXX0XXXXXXXXXXXXXXXXXXXXXXX0XXXXX0XXXX0XXXX0XXXXXXXXXXXXXXXXX
XXXXXXXX0XXX00XXXXXXXXXXXXXXXXXX0XXXX0XXXXXXXXXX000XXXX0XXXXXXXXXXXXXXXXX0XXXXXXXXXXXXXXXXXXXXXXXXXXXXXXXXXXXXXXXXXXXXXX


Generation 60/75  F=U(0.310800158385, 1.0)  N_hist=14400
------------------------------------------------------------------------------------------------------------------------
X00XXXXXX0XXXXXXXXXXXXXXXXXXXXXXX0XXXXXXXXXXXXX00XXXXXXX0XXXXXXXXXXXXXXXXXXXXXXX00XXXXXXXXXXXXXXXXXXXXXXXXXXXXXXXXXXXXXX
00XXX0XXXXXXXXXXXXXXXXXXXXXX0XXX0XXXXXXXXXXXXXXXXXXX00XXXXXXXX0XXXXXXXXXXXXXXXXXXXXXXXXXXXXXX1XXXXXXXXXXXXXXXXXXX00XXXXX


Generation 61/75  F=U(0.344364223468, 1.0)  N_hist=14640
------------------------------------------------------------------------------------------------------------------------
00X00X00XXXXXXX0XXXXXXX00XXXXXXXXXXXXXXXXXXXX0XX0XXXXXXXXXXXX0XXXXXXXXXXXXXXXXXXXXXXXXXXX0XXXXXXXXXXXXXXXXXXXXXXXXXXXXXX
XXXXXXXXXXXXX0XX00XXXXXXXXXX0XXX0XXXXXXXXX0XXXXX0XXXXXXXXXXXXXXXXXXXXXXXXXXXXXXXX0XXXXXX0XXXXXXXXXXXXX0XXXXXXXXXXXXXXXXX


Generation 62/75  F=U(0.306484158887, 1.0)  N_hist=14880
------------------------------------------------------------------------------------------------------------------------
XXXXXXXXXXXXXXXXXXXXXXX0XXXXXXXXXXXXXXXXXX000XXXXXXXX0XX0XXXXXXXXXXXXXXXX0XXXX0XXXXXXXXXXXXXXXXXXXXXXXXXXXXXXXXXXXXXXXXX
XXXXXXXXXXXXXXXX000XXXXXXXXXX0X00XXXXXXXXXXX0XXXXXXXXXX0X0XXXXXXXXXXXXXXXXXXXXXXXXXX0X00XXX0XXXXXXXXXXXXXXXXXXXXXX0XXXXX


Generation 63/75  F=U(0.339582128686, 1.0)  N_hist=15119
------------------------------------------------------------------------------------------------------------------------
XXX00XXXXXXXXX0XXXXXXXXXX0XXXXXXXXXXXXXXXXXXXX0XXXXXXXXXXXXXXXXXXX0XXXXXXXXXXXXX00X0XXXXXXXXXXXXXXXXXXX0XXXXXXXXXXXXX0XX
XXXXXX0XXXXXXX0X00XXXXXXXXXXXXXXXXXXXXXXXXXXXXXXXXXXXXXXXX0XXXXXXXXXXXXXXXXXXXXXXXXXXXXXXXXXXXXXXXXXXXXX0XXXXX0XXXXXXXXX


Generation 64/75  F=U(0.30222809453, 1.0)  N_hist=15360
------------------------------------------------------------------------------------------------------------------------
0X0XXXXXX0X0X0XXXX0XXXX00XXXX0XXXXXXXXXXXXXXXXXXXXXXXXXXXX0XXXXXXXXXX0XXXXXXXX0XX0XXXXXXXXXXXXXXXXX0XXXXXXXX00XX0XXXXXXX
XXXX00XXXXXXXXXXXXXXXXX0XXXXXXX0XXXXXXXXX0XXX0XXXXXXXXXX0XXXXXXXXXXXXXXXXXXXXXXXXXXXXXXXXXXXXXXXXXXXXXXXXXXXXXXXXXXXXXXX


Generation 65/75  F=U(0.268983004132, 1.0)  N_hist=15600
------------------------------------------------------------------------------------------------------------------------
X00XX0XX0XXXXXXX0XXXXXX0XXXXXXXXXXXX0XXX0XXX0XXXXXXXXX000XXXXX0XXXXXXXX0XXXXXXXXXXXXXXXXXXXXXXX0XXX0XX00XXXXXXX0XXXXXXXX
XXXXXXXX0XXXXXXXXXXXXXXXXXXXXXXX0XXXXXXXXXX0XXXXXXXXXXXXXX0XXXX0XX0XXX0XXXX0XXXXXXXXXXXXXXXXXXXXXXXXXXXXXXXXXXXXXXXXXXXX


Generation 66/75  F=U(0.298031133013, 1.0)  N_hist=15840
------------------------------------------------------------------------------------------------------------------------
X0X00XXXX0XXXXXXXXXXXXXXXXXXXXXXXXXXXXXXXXXXXXXXXXXXXXXXX00X0XXXXXXXXXX0XXX0XXXXXXXXXXXXXXXXXXXXXXXX00XXXXXX0XXXXXXX00XX
XXXXXXXX0XXX0XXXXXXXXXXXX0X0XXXXX0XXXXXXXXX0XXX0XXXX0XXXXXXX0XXXXXXXXXXXXXXXXXXXXXXXXXXXXXXXXXXXXXXXXXXXX0XXXXXXXXXXXXXX


Generation 67/75  F=U(0.265247708381, 1.0)  N_hist=16080
------------------------------------------------------------------------------------------------------------------------
0XXXXXXXXXXXXX0XXXXXX0XXXXXXXXXXXXXXXXXX00XXX0XXXX0XXXXXXX0XXXXXXXXXXXXXXXXXXXXX0XXXXXXXXXXX0XXXXXXXXXXXXXXXXXXXXXXXXXXX
XXXXXXXXXXXXXXXXXXX0XXXX0XXXXXXXXXXXXXXXXXXXXXXXXXXXXXXXXX0XXXXXXXXX00XX0XX0XXXXXXXXXXXXXXXXXX0XXXXXXXXXXXXXXXXXXXXXXXXX


Generation 68/75  F=U(0.293892453588, 1.0)  N_hist=16320
------------------------------------------------------------------------------------------------------------------------
0000X0XXXXXXXXXXXXXXXXXXXXXXXXXXXXXXXXXXXXXXXXXXXXXXX0XXXXX0XXXXXXXX00X00XXXXXXXXXXXXXXXXXXXXXXXXXXXX00XXXXXX0XXXXXXXXXX
XXXX0XXXXXXXXXXXXXXXXXXXXXXXXXX0XXXXXXXXXXXXX0X0XXXXXXXXXXXXXXXXXXXXXXXXXXX000XXXXXXXXXXXXXXXXXXXXXXXXXXXXXXXXXXXXXXXXXX


Generation 69/75  F=U(0.261564283694, 1.0)  N_hist=16560
------------------------------------------------------------------------------------------------------------------------
X0000XX00XXXXXXXXXX0XXXXXXXXXX0XXXXXXXXXXXXXXXXXXXXXXXXXXXXXXXX0XXXXXXXXXXXXXXX0XXXXX0XXXXXXXXXXXXXXXXXXXXXXXX0X00XXXXXX
XXX0XXXXXXXXXXXXXXXXXXXXXXXXXXXXXXX0XXXXXXX0XXXXXXXXXX0XXXXXX0X0XXXXXXXXXXXXXXXXXXXXXXXXXXXXXXXXXXXX0XXX0XXXXXXXXXXXXXXX


Generation 70/75  F=U(0.289811246909, 1.0)  N_hist=16800
------------------------------------------------------------------------------------------------------------------------
0X00XXXXXXXXXXXXXXXXXXXXXXXXXXXXXX0XXXXXX0XX0X0XXXXXXXXXXX0XXXXXXXXXXXXXXXXXXXXXXXXXXXXXXXXX0XXXXXXXXXXXXXXXX0XXXXXXXXXX
XXXXXXXX0XXX0XXXXX0XXXXXXXXXXXXXXXXXXXXXXXX0XXXXXXXXXXXXXXX0XXXXXXXXXXXXXXXXXXXXXXXXXXXXXXXXXXXXXXXX0XXXXXXXXXXXXXXXXXXX


Generation 71/75  F=U(0.257932009749, 1.0)  N_hist=17040
------------------------------------------------------------------------------------------------------------------------
XX0X0XXXX0XXXXXXXXXXXXXXXXXXXXXXXXXXXXXXXXXX0XXXXXXXXXXXX0XXXXXXXXXXXXXXXXXXXXX0XXXX00XXX0XXXXXXXXXXXXX0XX0XXXXXXXX00X0X
XXXXXXXX000XXXXXXXXXXXXXXXXXXXXXXXXXX0XXXXXXXX0X00XXXXXXXXXXX0XXXXX00XXX0XXXXXXX0XXXXXXXXXXXXX0XXXXXX0XXXXXXX0XXX0XXXXXX


Generation 72/75  F=U(0.229559488677, 1.0)  N_hist=17280
------------------------------------------------------------------------------------------------------------------------
00X000X0XXXXXXXXXXXXXXXXXXXXXXXXXXXXXXXXXXX0XXXXXXXXXXXXXXXX0XXXXXX0XXXXXXXXXX000X0XXXXXXXXXXXXXXXXXXXXX0XXXXXXXX0XXXXXX
XXXXXXXXXXXXXX00XXXXXXXXXXXXXXXXXXXXXXXXXXXXXXXX0XXXX0XXXXXXXXXXXXXXXXXXXXXXXXXXXXXXXXXXXXXXXXXXXXXXXXXXXXXXXXXX0XXXXX0X


Generation 73/75  F=U(0.204307944922, 1.0)  N_hist=17518
------------------------------------------------------------------------------------------------------------------------
00X0X0X0XXXXXXXXXXX0XXXXXXXXXXXXXXXXXXXXXXXXXXXXXXXXXX0XXXXXXX0XXXXXXXXXXXXXXXXXXXXXXX0X0XXXXXXXXXXXXXXXXXXXXXXXXXX0XXXX
XXXX0XXXXXXXXXXXXXXXXXXXXXXX0XXXXXXXXXXXXXXXXXX0XXXXXXXXXXXXXXXXXXXXXXXXXXXX0XXXXXXXXXXXXXXXXXXXXXX0XXXX0XXXXXXXXXXXXXXX


Generation 74/75  F=U(0.181834070981, 1.0)  N_hist=17760
------------------------------------------------------------------------------------------------------------------------
00X0X000XX0XXXXXXXX0XXXX0XXXXXXXXXXXXXXX0XXXXXXXXXXXXXXXXXXXXXXXXXXXXXXXXXXXXXXXXXXXXXXXXXXXXXXXXXXX0XXXXXXXXXXXXXXXXXXX
XXXXXX0XXXXXXXXXXXXX00X00XX000XXXXXXXXXXXXXX0XXX0X0XXXXXXXXXXXXX00XXXXXXXXXXXXXXXXXXX0XXXXXXXXXXXXXXXXXXXXXXXXXXXXXXXXXX


Generation 75/75  F=U(0.161832323173, 1.0)  N_hist=18000
------------------------------------------------------------------------------------------------------------------------
00X0XXXX0XXXX0XXXXXX0XXXXXXXXXXXXXX0XXXX0XX0X0XXXXXXX0XXXXXXXXXXXXXXXXXXXXXX0XXXXXXX0XXXXXXXXXXXXXXXXXXXXXX00XXXXXXXX000
X0XXXXXXXX0XXXX0XXXXXXXXXXXXXXXXXXXXXXX0X0XXXX0XXXXXXXXXXXXXXX0XXXXXXXXXXXXXXXXXXXXXXXXXXXXXXXXXXXXXXXXXXXXXXXXXXXXXXXXX


Maximum number of iterations reached.

SSE=3.5172 on eval 18240: L=2.88785e+07 b=624.443 r=0.117444 rf=0.762277 t0=62.3136 th=7.34669


Shutting down DE...
DE shutdown complete.

Final population:
Population: 240 individuals with SSE 3.5172 to 3.5675, avg eval time 0.0214 sec. Top 7:

        SSE |     3.5172        3.518       3.5183       3.5188       3.5189       3.5194       3.5194  
------------------------------------------------------------------------------------------------------------------------
          L | 2.8878e+07   1.9693e+07   4.2232e+07   3.0958e+07   1.5603e+07   2.8211e+07   1.6933e+07  
          b |     624.44       702.09       645.37       472.57       572.92       723.53       561.05  
          r |    0.11744        0.114       0.1169      0.12425      0.11939      0.11189      0.12001  
         rf |    0.76228      0.75803      0.76672      0.77121      0.76408      0.75706      0.76573  
         t0 |     62.314       62.545       62.337       62.102        62.37       62.618       62.345  
         th |     7.3467       7.0266       7.4468       7.5429       7.2741        6.992       7.4187  
------------------------------------------------------------------------------------------------------------------------
Best individual:
<SSE=3.5172 L=2.88785e+07 b=624.443 r=0.117444 rf=0.762277 t0=62.3136 th=7.34669>


Elapsed time: 224.26 seconds

Saved final population of best parameter combinations to covid19.dat
Shutting down...
Task Queue is shut down
Goodbye
