Decompressing and parsing covid19.csv.bz2...
Cumulative and new cases reported thus far for Spain
------------------------------------------------------------------------------------------------------------------------
000	01/22	0	0
001	01/23	0	0
002	01/24	0	0
003	01/25	0	0
004	01/26	0	0
005	01/27	0	0
006	01/28	0	0
007	01/29	0	0
008	01/30	0	0
009	01/31	0	0
010	02/01	1	1
011	02/02	1	0
012	02/03	1	0
013	02/04	1	0
014	02/05	1	0
015	02/06	1	0
016	02/07	1	0
017	02/08	1	0
018	02/09	2	1
019	02/10	2	0
020	02/11	2	0
021	02/12	2	0
022	02/13	2	0
023	02/14	2	0
024	02/15	2	0
025	02/16	2	0
026	02/17	2	0
027	02/18	2	0
028	02/19	2	0
029	02/20	2	0
030	02/21	2	0
031	02/22	2	0
032	02/23	2	0
033	02/24	2	0
034	02/25	6	4
035	02/26	13	7
036	02/27	15	2
037	02/28	32	17
038	02/29	45	13
039	03/01	84	39
040	03/02	120	36
041	03/03	165	45
042	03/04	222	57
043	03/05	259	37
044	03/06	400	141
045	03/07	500	100
046	03/08	673	173
047	03/09	1073	400
048	03/10	1695	622
049	03/11	2277	582
050	03/12	2277	0
051	03/13	5232	2955
052	03/14	6391	1159
053	03/15	7798	1407
054	03/16	9942	2144
055	03/17	11748	1806
056	03/18	13910	2162
057	03/19	17963	4053
058	03/20	20410	2447
059	03/21	25374	4964
060	03/22	28768	3394
061	03/23	35136	6368
062	03/24	39885	4749
063	03/25	49515	9630
064	03/26	57786	8271
065	03/27	65719	7933
066	03/28	73235	7516
067	03/29	80110	6875
068	03/30	87956	7846
069	03/31	95923	7967
070	04/01	104118	8195
071	04/02	112065	7947
072	04/03	119199	7134

Initializing 180 population members having 6 parameters
------------------------------------------------------------------------------------------------------------------------

SSE=51.79 on eval 1: L=4.02875e+07 b=22.9732 r=0.133696* rf=0.692891 t0=64.0677 th=2.66016

*

SSE=16.631 on eval 2: L=1.22887e+07 b=23.6328 r=0.164219 rf=0.517875 t0=66.5007 th=6.17583

!431

SSE=14.828 on eval 6: L=6.80323e+06 b=4.80333 r=0.218551** rf=0.579996 t0=64.2616 th=1.19991*

!

SSE=12.873 on eval 7: L=1.54307e+07 b=26.9846 r=0.133373* rf=0.4517* t0=67.1701 th=4.85285

!22111!31

SSE=10.988 on eval 16: L=3.49876e+07 b=31.4975 r=0.175236 rf=0.618662 t0=64.0235 th=5.98179

!24

SSE=9.4948 on eval 19: L=3.47752e+07 b=47.9476** r=0.206593 rf=0.707595 t0=64.1693 th=6.26331

!4122321234321023!2221214223212322123

SSE=8.9562 on eval 56: L=2.90245e+07 b=10.1678 r=0.176959 rf=0.714493 t0=65.8866 th=6.0004

!131332212162224112

SSE=8.6134 on eval 75: L=2.40339e+07 b=34.3417 r=0.163922 rf=0.641658 t0=66.287 th=4.49527

!427121112232213114331321311141211421232211422
443473211532112162215432242222231121211221214122432522324132

Population: 180 individuals with SSE 8.6134 to 61.465, avg eval time 0.867 sec. Top 7:

        SSE |     8.6134       8.8748       8.9562       9.0416       9.0598        9.345       9.3621  
------------------------------------------------------------------------------------------------------------------------
          L | 2.4034e+07   2.4764e+07   2.9025e+07   3.5932e+07   1.4812e+07   4.2922e+06   3.3157e+06  
          b |     34.342       27.743       10.168        14.72        37.74        9.313       19.577  
          r |    0.16392      0.18669      0.17696      0.19873      0.15573      0.17797      0.16027  
         rf |    0.64166      0.66049      0.71449      0.74975**    0.66236      0.59002      0.54214  
         t0 |     66.287       65.845       65.887       65.283       66.746       66.161       65.767  
         th |     4.4953       4.2959       6.0004       6.2948       5.3964       2.8341       4.2661  
------------------------------------------------------------------------------------------------------------------------
Best individual:
<SSE=8.6134 L=2.40339e+07 b=34.3417 r=0.163922 rf=0.641658 t0=66.287 th=4.49527>


Population: 180 individuals with SSE 8.6134 to 61.465, avg eval time 0.867 sec. Top 7:

        SSE |     8.6134       8.8748       8.9562       9.0416       9.0598        9.345       9.3621  
------------------------------------------------------------------------------------------------------------------------
          L | 2.4034e+07   2.4764e+07   2.9025e+07   3.5932e+07   1.4812e+07   4.2922e+06   3.3157e+06  
          b |     34.342       27.743       10.168        14.72        37.74        9.313       19.577  
          r |    0.16392      0.18669      0.17696      0.19873      0.15573      0.17797      0.16027  
         rf |    0.64166      0.66049      0.71449      0.74975**    0.66236      0.59002      0.54214  
         t0 |     66.287       65.845       65.887       65.283       66.746       66.161       65.767  
         th |     4.4953       4.2959       6.0004       6.2948       5.3964       2.8341       4.2661  
------------------------------------------------------------------------------------------------------------------------
Best individual:
<SSE=8.6134 L=2.40339e+07 b=34.3417 r=0.163922 rf=0.641658 t0=66.287 th=4.49527>

Performing DE with CR=0.8, F=U(0.5, 1.0), DE/rand-1.00/1/bin
------------------------------------------------------------------------------------------------------------------------
Press the 'Enter' key to abort.



Generation 1/75  F=U(0.5, 1.0)  N_hist=180
------------------------------------------------------------------------------------------------------------------------
2X141X0X22X121X2114XX222221X21XX31XX2221X14222X31121XX12XXX3XXX41XXXXXXX1+XXX0XX1X2X2XX2X1XXX1X2XX612XX1X2X31112X211X2XX
3X14X1X222122X1X4314X3XXX2X1XXX13X1XXXXXX11250X1XX2X22X12X131


Generation 2/75  F=U(0.5, 1.0)  N_hist=360
------------------------------------------------------------------------------------------------------------------------
216X2X131XXX111XXXX2XXX1X11XX1XXX2XXXX1XXXXXXXXXX213X1X1XX1X2XX1XXXX3111X021311XX3XX1XX1XXXX11X21X2XXX1XXXXX1X02X2X111XX
XX1XXXX1XX2XXXXX11X2XXXX21XXXXX1X212XX3XXX2X21XXXXXX111XXX21


Generation 3/75  F=U(0.5, 1.0)  N_hist=540
------------------------------------------------------------------------------------------------------------------------
X1X1XXX1X11XXXXXX0X1XX1XX1121X11XXXX11XXX2XXXXXX1XXX1X0X1XXX1XX1XXXX0X0XXX1XX1X1XXXX1XXXXX11XXX1X11121X11X1X1XX11XXX1XXX
X1XX1X1XX1X1X1XXXXX1XXXXXXX1XXX1XXX11111XX10XXXXXXXXX12XXXXX


Generation 4/75  F=U(0.5, 1.0)  N_hist=720
------------------------------------------------------------------------------------------------------------------------
1XX1X2XX1X1XXXXX1X0XXX1XXXXXXX1X1XX1211X11111XXXXXXXXXXXX1XX1XXXXXXXXXXXXXXXXXXXX2XXXX2XX1XXXXX1XX1XX2XXXXXXX1XXX01X1X1X
XXXX1XXXXXX1X1111XX1X2XXX1X111X1XXX111XXXX1XXXXX11XXXXXXXXXX


Generation 5/75  F=U(0.5, 1.0)  N_hist=900
------------------------------------------------------------------------------------------------------------------------
XXXXXXX1XXXX1XX011XXXX11XX0X1XXXXX11XXXXXXXXXXX1XX1XXXXXXXXX1XXXXXXX2XX1X1X1XX1+XXX1XXXX1XXXXXXX1XXXXXXX1XX1XX111XXX1XX0
XX1XX0X1X1X11111X0XX11XXX11XXXXXXXXXX1XX1X1X1XX1XX1XXXXX1XXXX


Generation 6/75  F=U(0.5, 1.0)  N_hist=1080
------------------------------------------------------------------------------------------------------------------------
XXXXX1XXX1XXX1XX1XXXXX10X11XXX1X1XXXXXXX1XXXXXX11XXX1XXXXXXXX10X1XXXXXXXXXXXXXXXXX1XX1XX1XXX11X1X00X1+XXXXXXXXXX10X2XXXX
X1XX1XXX1X11XX1XXX1X1XXX1XXXXX1XX10XXXXX1XXX1X1XX11X1XXXX101X


Generation 7/75  F=U(0.5, 1.0)  N_hist=1260
------------------------------------------------------------------------------------------------------------------------
10X1XXXXXXXX0XXXXXXXXXXX1XXXX1XXXXXXXXXXXX1XXX1X1XXXXX1XXXX1XXXXXX1XXXXXXXX1XX1XXXXXX11XXX1X1XXXXXXXXX10XXXXXXXX1XXXXXXX
XXX1XX1X1XXX0X1XX0XX1XXXX1X1XXXXXXX1XXXX0XX1XXX1XXXX1XXXXX1X


Generation 8/75  F=U(0.5, 1.0)  N_hist=1440
------------------------------------------------------------------------------------------------------------------------
1XXXXXXX00XXXX1XX1XXXXXX1XX1XXX1XXXXX0XXX0XXX1XXXXXXXXX0XXXX101011X0XXXXXXXXXXXXXXXXXXXX11XXXXXXXXXXXX0XXXXXXXXXXXXX01XX
X0XX1XXXXXXXXXXXXXXXXXXXXXXXXXXXXXXXXXXX1XX11XXXXX10XXXXX1XX


Generation 9/75  F=U(0.5, 1.0)  N_hist=1619
------------------------------------------------------------------------------------------------------------------------
10XXXXXXXX1XX1X1XXXXXXXXXXXXXXXXXX10X1XXX1XXXXX01X1111XXX0XXXXX0XX100XXXXXXXXXXX10XXXXXXXXXXXXXXXXXXXXXXXX10XX11XXXXX1X1
XXXX1XXXXXXXXXX1XXXXXXXXXXXXXXXX1XXXXXXXXX1111XXXXXXXXXXXXXX


Generation 10/75  F=U(0.5, 1.0)  N_hist=1800
------------------------------------------------------------------------------------------------------------------------
100X111XXXX0XXXXXX1XXXXXXXX0XXXX010XXXXXX0XXXXXXXXXXXXXXXXXXXXXXXXX0XXXXXXXXXXXX0X1XXXXXXXXXXXXXXXXXXXXXXX01XX0XXXXXXXXX
XXXXXXXXXXXXX1XXXXX01XXXXXXXXXXXX0XXXXXXXXXXXXXXXXXXXXXXXXXX


Generation 11/75  F=U(0.5, 1.0)  N_hist=1980
------------------------------------------------------------------------------------------------------------------------
1X1XX0XXXX0XXXXXXX01XXXXXXXXXXXXXXX00XXXXXXXXXXX11XXXXXXXXXXXXXXXXXXXX1XXXXXXXXXXXXXX11XXXXX1XXXXXXXXX1XXX0X0XXXX1XXXXXX
0XXXXXXXXXXXX0X0XXXXXX1XXXX1XXX1X01XXX1XXXXX0XXXXXXXXXXXXXXX


Generation 12/75  F=U(0.5, 1.0)  N_hist=2160
------------------------------------------------------------------------------------------------------------------------
X101XXXXXXX01X10XXXXXXXXXXXXXXXXXXX0XXXXXXXXXXXXXXXXXX11XXXXXXXXXXXXX0XXXXXXXXXXXXXXXXXXXXXXXXXXXXXX0XXX0XX11XXXXXXXXXXX
XXXXX1X11XXXXXXXXXX00XXXXX0XX1XXXXXXXXXXXXXXXXXXX1XXXXXXXXXX


Generation 13/75  F=U(0.5, 1.0)  N_hist=2340
------------------------------------------------------------------------------------------------------------------------
X0011X0X0XXXXXXX1XXX0XXXX10XXXXXXXXXXXXXXXXXXXXXXXXXXXXX1X1XX0X0XXXX0XXXXXX11

SSE=8.4344 on eval 2434: L=3.44779e+07 b=1.92982* r=0.169525 rf=0.58038 t0=65.6415 th=2.95471

+1XXX1XXXXXXX1XXXXXXXXXXXXXXXX00X1XXX1X1X1X
XXXXXXXX1XXXXXXXXXXXX0XXXX1100XXXXXXXXXXXX00XXXXXXXX0XXXXXXXX


Generation 14/75  F=U(0.5, 1.0)  N_hist=2520
------------------------------------------------------------------------------------------------------------------------
1100X0XXXXXXXXXXXXXXXXXXXXXXXXX1XXXX1XXXXXXXXXXXXX1XXXXXXXXXXXXXXXXX1XXXXXXXXXXXXXXXXX1XXXXXXXXXXXXX1XXXXXX10XXXXXXXXXX0
0X1XXXX0X0XXXXXXXXXX0XXXXXXXXXXXXXXXXXXXXXXX0XXXXXXX1XXXXXXX


Generation 15/75  F=U(0.5, 1.0)  N_hist=2700
------------------------------------------------------------------------------------------------------------------------
011101XXXXX1XXXXXXXX0XXXXXXXXXXXXXXXXXXXXXXXXXXXXX0X0XXXX1XXXXXXXXXXXXX11XXXXXXXX10XXXXXXXXXXX1XXXXXXXXXXXXXXXXXXXXXXXX1
XX01XXXXXX01X1XXXXXXX00XXXXX00XX10XXX1XXXXXXXXXX1XXXXXXXXXXX


Generation 16/75  F=U(0.5, 1.0)  N_hist=2880
------------------------------------------------------------------------------------------------------------------------
1011011XX11XXXXXX10XX0XXXXXXXXXX0XXXX00X1XXXXXXXXXXXXXXXXXXXX10XX000X1XXX10XXXXXXXXXXX1XXXXXXXXXXXXXXXXXXXXXXXXXXXXXXXX0
XXXXXXXXXX0XXXXXXXXXXXXXXXXXXXXXXXXXXXXXXXXXXXXX1XXXX1XXXXXX


Generation 17/75  F=U(0.5, 1.0)  N_hist=3060
------------------------------------------------------------------------------------------------------------------------
01+00X100XXXXXXXXXXXX1XXXX1XXX011XX00XXXXXXXXXXXXXX0XX00XXXXXXXXXXX11X0XXXXXXXXXXX1XXXX1XX1XXXXXXXXXX0011XX0XXXXXXXXXXXX
XXXXX1XXXXXXXXXXXXXXXX1XX1XXXXXXXXXX0XXXXXXXXXXXXXXXXXXXXXXXX


Generation 18/75  F=U(0.5, 1.0)  N_hist=3240
------------------------------------------------------------------------------------------------------------------------
1010XXXX0X10XXXXXXXXXXXX0XXXXXXX11X0XXXXX0XXXXXXXX1XXXXXXX0XX0110XXXXXX0XXXX0XXXXXXXXXXXXXXXXXXXXXXXX0XXXXXXXXXXXXXXXXXX
XXXXXX0XXXXX0XXXXXXX00XXXXXXXXXXXXXXXXXX1XXXXXXXXXXXX0XXXXXX


Generation 19/75  F=U(0.5, 1.0)  N_hist=3420
------------------------------------------------------------------------------------------------------------------------
001XXXXXXXXX1XX001XXXXXXXXXXXXXXXXXXXXXXXXX10XXXXXXXXXXXX00XXXXXXXXXXX0XXX0XXXXXXXXXXXXXX1XXX0X1XXXXXXXXXX0001XXXXXXXX1X
10XXXXXX1XXXXXXXX100XXXXXXXXX0XXXXXXXX1XX0X0XXXXXXXXXXXXXXXX


Generation 20/75  F=U(0.5, 1.0)  N_hist=3600
------------------------------------------------------------------------------------------------------------------------
0XXX0X00XXX0XXX0XXXXXXXXXXXXXXXXXXXXXXXXXXXXXXXXXXXXXX00XXXXXXXXX1XXXXX01XXXX0XXXXXXXXXXXXXXXXXXXXXXX11XXXX0000XXXXXXXXX
XXXXXXXX10XXXXXXXXXXX1XXX0XXXXX1XX0XXXX1XXXXXXXXXXXXXXXXXXXX


Generation 21/75  F=U(0.5, 1.0)  N_hist=3780
------------------------------------------------------------------------------------------------------------------------
XXXXXXXXXXXXXXXXXXXXXXX0XXXXXXXXX1XXXXXXXXX0XXXXXXXXXXXXX1XXXXXXXXXXXXXXXXXXXXXXXXXXXX0XXXXXXXXXXXXXXXXXX00XXXXX1XX0010X
XXXXXXXXX1XX0X10XXXXXXXXX00XXXX0XXXXXX01XXXXXXXX1XXXXXXXXXXX


Generation 22/75  F=U(0.5, 1.0)  N_hist=3960
------------------------------------------------------------------------------------------------------------------------
00X01001XXXXXXXXXXXXXXXXXXX11XXXXXXX0XXXXXXXXXXXXXXXXXXX0X0+XXXXXXXXXXXXXXXXXXXXX0XX0XXXXXXXXXX101XXXXXXXXXXXXX1XXXXXXXX
XXXX0XXXXXXXXXXX0XXXX0X0XXXXX01X0XXXXXXXX1X0XXXXXXXXXXXXXXXXX


Generation 23/75  F=U(0.5, 1.0)  N_hist=4140
------------------------------------------------------------------------------------------------------------------------
00001X100XXXXXXXXXXX0XXXXXXXXXXXXX0XX0X0XXXXXXXXX0XXX1XXXXXXXXXXXXXXXXXXXXXX0XXXXXXXXXX001XXXXXXXX0X0XXXX1000XXXXXXXXXXX
X0XXXXXXXXXXXXXXXXXXX0XXXXX00XXXXXXXXXXXXXXXXXXX00XXXX0XXXXX


Generation 24/75  F=U(0.5, 1.0)  N_hist=4320
------------------------------------------------------------------------------------------------------------------------
000011X0+XXXXXXXXX1XXXXXXXXXXXXX1X0XXXXXXXXXXXXXXXXXXXX11+00XXXX0XXX0X0XXX100XXXXXXXXX0XXXXX10XXXX0XXXXXXXXXX000XXXXXXXX
00XXXXXXXXXXXXXXX100XXXXXXXXX0XXXXXXXXXXXX00XXXXXXXXXXXXXXXXXX


Generation 25/75  F=U(0.5, 1.0)  N_hist=4500
------------------------------------------------------------------------------------------------------------------------
00XXXXXXXXXXXXXXX0XXXXXXXXXXXXX0XXXXXXXXX1XXX0XXXXXXX001XXXXXXXXXXX0XXXXXXXXXXXXXXXX0XXX10X0XXX01XXXXXXXX1XXXXXXXXXXXX00
XXX0XXX0XX0XXXXXXXXXXX0XXXXXXXXXXX0XXXXXXXX0XXXXXXXXXXXXXX10


Generation 26/75  F=U(0.5, 1.0)  N_hist=4678
------------------------------------------------------------------------------------------------------------------------
000XXXXXX0X01XXXXXX0XXX1XXXXXXXXXXX00010X0XXXXXXXXX0XXXXXXXXXX0XXXXXXXXXXXXX0X1XXX0XXXX0XXXXX1X0XXXXXXXXXXXXXXX10XXX0XXX
00XXXX0XXXXXXXXXXXXXXXXXXXXXXXXXXXXXXXXXXXXXXXXXXXXXXXXXXXXX


Generation 27/75  F=U(0.5, 1.0)  N_hist=4860
------------------------------------------------------------------------------------------------------------------------
011XXXXXXXXXXXXX0XX1XXX0XXXXXXX1XXXXXXXXX0XXXXXXXXXXXXXXXXXXXXXXXXXXXXXXXXXXXXXXXXXXXXXXXXXXXXXXXXX001X0XXXXXXX01XXXX0XX
XXXXXXXXXXXX000XXXXXX0XXXXXXXXXXXXXXXX0XXXXXXXXXXXXXXXXXXXX1


Generation 28/75  F=U(0.5, 1.0)  N_hist=5039
------------------------------------------------------------------------------------------------------------------------
00+X0XXXXXXXXXX0XXXXX0X0X00X1XXXXXXXXXXXXXXXXXXXX00XXXXXXXXXXX0XXXXX01X0XXXXXX00XXXXXX01XXXX0XXXXXXXX0XXXXXXXXXXXX001XX0
0X0+0X10XXXX0XXXXXXXXXXXXXXXXXXXXXXXXXXXXXXXXXXXXXXXX0XXXXXXXX


Generation 29/75  F=U(0.5, 1.0)  N_hist=5220
------------------------------------------------------------------------------------------------------------------------
00000XXXXXX0XXXXXXXXX0XXXXXXXXXXXXX0XXXXXXXXXXX0XXXXXX0XX0XXXXXXXXXXXXXX00XX00X0XXXXXXXXXX0X0X0XXXXXX0XXXXXXXXXXXXXXXXXX
XXX1XXXXXXXXXXX0XXXX0XXXXXXXXXX00X1XXXXXXXXX0XXXXXXXXXXXXXXX


Generation 30/75  F=U(0.5, 1.0)  N_hist=5400
------------------------------------------------------------------------------------------------------------------------
0000000000X0XXXXXXXXXXXXXXX0XXXXXXXXXXXXXXXXXXXXXXX00XX1XXXXXXXXXXXXX00XXXXXXXX1X000XXXXXXXXXXXXXXXXXX00XXXXXX0XXXX00XXX
XXXXXXXXX0XXXXXXXXXXXXXXXXXXXXXX0XXXXXXXXXXXXXXXXXXXX0XXXXXX


Generation 31/75  F=U(0.5, 1.0)  N_hist=5580
------------------------------------------------------------------------------------------------------------------------
0000X0XXX00XXXXXXXXX00XXXXXXXXXXXXXX0XXXXXXXXXXXXXXX0X0XXXXXXXXX00XX0XXXXXXXXXXX0X0XXXX00XXXXXXXXXX0XXXXXXXXXXXXXXXXXXX0
XXXXXX00X0XXXXXXX0X00000XXXXXXXXXXXXXXXXX0XXXXXXXXXXXXXXXXX0


Generation 32/75  F=U(0.5, 1.0)  N_hist=5759
------------------------------------------------------------------------------------------------------------------------
01000XXXX0XX0X0X0XXXXXXXXXXXXXX0XXXXXXXXXXXXX0XXX0XXXXXX0XXXXXXXXXXX0XXXXXXXXXXXXXXXXXX0XXXXXXXX0XX0000XXXXXXXXXXX0XXXXX
XXXXXX00XX0XXXXXX0X0XXXXX1XXXXXXXXXX0XXXXX0XXXXXXXXXX0XXXXXX


Generation 33/75  F=U(0.5, 1.0)  N_hist=5940
------------------------------------------------------------------------------------------------------------------------
00XXXXX0XXXXXX0XXXXXXXXXXXXXX0X000X0XX0XX0XXXXXXXXXXXXXXXXX0X0X0XXXXXXXXX00XX0XXXXXXXXXXXXXXXXXXXXXXX0XXXXXXXX0XXXXXXXXX
XXXXXX0X0XXX0X0XXXXXXX000XX1XXXXX000XXXXXXXXXXXXXXXXXXXXXXXX


Generation 34/75  F=U(0.5, 1.0)  N_hist=6120
------------------------------------------------------------------------------------------------------------------------
00000000XXXX0XXXXX0XXXXXXX0XXXXXXXXXXXXX01XXXXXXXXXX0XXXXXXXXXXXX0XXX0XXXXXXXXXXX0XXXXXXXXXXXXXXXXXXXX0XXXXXXXXXXXX0X0XX
XXXXXXXX0XXXXX0XX0XXXX0XXXX0XXXXXXXXXXXXX0XXXXX0XXXXXXXXXXXX


Generation 35/75  F=U(0.5, 1.0)  N_hist=6300
------------------------------------------------------------------------------------------------------------------------
0X0X00XXXXXXXXXXXXX000XXXXXXXXXX00XXXXX000XXXXXXXXXX0XXXXXXXXX0XXXXXXXXXXXXXXXXXXXXXX0XXX0XXXXX0XXXX0XX0XX00XXXXXXX0XXXX
XXX0XXXXXXX1XXXXXXXXXXXXXXXXXXXXXXX00XXXXXXXXXXXXXXXXXXXXXXX


Generation 36/75  F=U(0.5, 1.0)  N_hist=6480
------------------------------------------------------------------------------------------------------------------------
0XXX0XXX0XX0XXXXX00XXXXXXXX0XXXXXXXX0XXXXXXXXXX00XXX000XXXXXX0XXXXXXXXXXXXXXXXXXXX0XXXXXXXXXXXXXX0XXXXXXXXXXXXXXXXXXXXXX
XXXX0XXXXXXXXXXXXXXX00XXXXXXXXXX00XXXXXXXXXXXXX0XXXXX00XXXXX


Generation 37/75  F=U(0.5, 1.0)  N_hist=6660
------------------------------------------------------------------------------------------------------------------------
000XX00XXXXXXXXXXXXXX0X0+XXXXXXXXXXXXXXXXXXXX00XXXXXXX0XXXXXXXXXXXXXX0XXXX0000000X0XXXXXXXXXXXX00XXXXXXXXXXXXXXX0XXXXXXX
XXXX0XXXXXXXXXXXXXXXXXXX0XXXXXXXXXX00XXXXXXXXXX0XXXXXXXXXXXXX


Generation 38/75  F=U(0.5, 1.0)  N_hist=6840
------------------------------------------------------------------------------------------------------------------------
000X0XXXXXXXXX0XXXXX000XXXXXXXXXXXXXXXXXXXXXXXX0XX0XXXXX0XXXXXXXXX0XXXXXXXXXX00XXXXXXXXXXXXXXXX0XXXXXX00000XXXXXXXXXX00X
0XXXXXXXXXXXXXX0000X0XXXXXXX00X0XXXXXXX0XX00XXXXXXXXXXXXXXXX


Generation 39/75  F=U(0.5, 1.0)  N_hist=7020
------------------------------------------------------------------------------------------------------------------------
000XXXXX0XXX0XXXXX0XXXXXXXXXXXXXXXXXXXXXXXXX0XXXX00XXXXXX00XXXXXXXXXXXXXXXXX0X00XXXXXXXXXX0XXXXXXXXXXXXXXXXX0XXXXXXXXXXX
X0X00XXXXX0XXXXXX0XXXXXXXXX0X0XXX0XX00XXXXXXXXXXXXXXXXXXXXXX


Generation 40/75  F=U(0.5, 1.0)  N_hist=7200
------------------------------------------------------------------------------------------------------------------------
00XXX0XX0XXXXXXXXX0+XXXX0XXXXXXXXXXXXXXXXXXXXXXX0XXXXXXX00XXXXXXXXXXXXX00XX00X0XXX0XXXXX00XXXX0X0XX00XXXXXXXXXXXXXXXXXXX
XXXXXXXXXXXXXXXXXXXXXXXXXXXXXXXXXXXXXXX0XXXX0XXXXXXXXXXXXXXXX


Generation 41/75  F=U(0.445, 1.0)  N_hist=7380
------------------------------------------------------------------------------------------------------------------------
000XXXXXXXXXXXXXXXXX0XXXXXXXXXXXXXXX0XXXXXXXXXXXXXXX0XXXXXXXXXXXXX00XXXXXXXXXXXX000XXXXXX0XXXXXXXX0XXXX0XXXXXXX000X0XXXX
XXXXX00XXX0XXXXXXXXXX0XXXXXXXXX00XXXXXXX0XXXXXXXXXXXXXXXXXXX


Generation 42/75  F=U(0.493056632402, 1.0)  N_hist=7560
------------------------------------------------------------------------------------------------------------------------
000X000X0XXXX0XXXXXXXXXXXXXXXXXXXXXXXXXX0000XXXXXXXXXXXXXXXXXXXXXXXXXX0X0XXXXXXXX000XXXXXXXXXXXXXXXXXXXXXXXXXXXXXXX0X0XX
XXXXXXXXXX0X00XXXX0XXXXXXXXXXXXXXXXXXXXXXXXXXXXXXXXXXXXXXXXX


Generation 43/75  F=U(0.5, 1.0)  N_hist=7740
------------------------------------------------------------------------------------------------------------------------
0000000XX0XXXXXXXXXXXXXXXXXX0X0XXXXX0XXXXXXX0XXXXXXX0XXXXXX0XX0XXXXXXXXXXXXXXXXXXXXXX00X0XXXXXXXXXXXXXXXXX0XXXX000XXXXXX
0XXXXXXXX0XXXXX0000XX00XXX0XXXXXXXXX0XXXXX00XXXXXXXXXXXXXXXX


Generation 44/75  F=U(0.5, 1.0)  N_hist=7920
------------------------------------------------------------------------------------------------------------------------
000XXXXXXX0XXXXXXXXXXXXXXXXXXXXXXXXXXXX0X0X00XXXXXXXXXXXXXXXXXXX0XXXXXXX0XXXXX0XXXXXXXXXX0XXXXXXXXXXXXXXXXXXXXXXXXXXXX0X
XX00X00XXXXXXXXX00XXXXXXXXXXXX0XXXXX0XXXXXXXXXXXXXXXXXXXXXX0


Generation 45/75  F=U(0.5, 1.0)  N_hist=8099
------------------------------------------------------------------------------------------------------------------------
00000X0XXX0XXXXXXX0XXXXX0XXXXXXXXXX00XXX0XXXXXXXXXXXXXX0XXXXXXXXXX00X00XXX0000X0XXX0XXXXXXXXX0XXX0XX0XXXXXXXXXXXXX0XXX00
00XX0XXXXXXXXXXXXXX0XXXXX0XXXXXXXXXXXXXXXXXXXXXXXXXXXXXXXXXX


Generation 46/75  F=U(0.5, 1.0)  N_hist=8280
------------------------------------------------------------------------------------------------------------------------
00000XXXX0XXXXXXXXXXXXX0XXXXXXXXXX0XXXX00X0XX0XXXXX0X0XXXXX0XXXXXXXXXXXXXXXXXXXXX0XXXXXX0XXXXXXXXX0XXXXXXXXXXXXXXXXX00XX
XXX0XXXXXXXXXXXXX0XXXXXXXXXXXXXXXXXXXXXXXXXXXXXXXXXXXXXXXXXX


Generation 47/75  F=U(0.5, 1.0)  N_hist=8460
------------------------------------------------------------------------------------------------------------------------
0XX0+0XXXXXXXXX00X0XXXXXXXXX0XXXXXXXXXXXXXXXXXXX0XXXXXXXXXX00X0XXX0XXXXXXXX00XXXXXXXXXXXXX0XXXXX0XXXXXXXXXXX0XXXXXXX0X0X
0XXXX0XXXXXXX0XXXX0XXXX0XXXXXXXXXXXXXXXXXXXXXXXXXXXXXXXXXXXXX


Generation 48/75  F=U(0.5, 1.0)  N_hist=8640
------------------------------------------------------------------------------------------------------------------------
0X00XXXXX0X00XXXX0XXXXXXXXXXXXXXXXXXXXXXXXX0XX0XXXXXXX0XXXXX0XX0XXXXXXXX0XXXXXXX0XXX0XXXXXXX0X0XXXXXXXXXX0XXXXXXXXXXXX00
XXXXXXXX0XXXXX00XXX0XXXXXXX0XX0XXXXXXXXXXXXXX0XXXXXXXXXXXXXX


Generation 49/75  F=U(0.5, 1.0)  N_hist=8820
------------------------------------------------------------------------------------------------------------------------
0XX00XXXX00XX0XXXXXXXXXXXXX0XXX0X0XXXXXXXXXXX0XXXXXXXXXXX0000XXXXXXXXXXXXXX0XXXXXXX00X00XXXXXXXXXXXXX00XXXXX00XXXXX0XXXX
XXXXXXXX0XXXXXXXX0000XX0XX000XXX0XXXXXXXXXXXXXXXXXXXXXXXXXXX


Generation 50/75  F=U(0.5, 1.0)  N_hist=9000
------------------------------------------------------------------------------------------------------------------------
00000X0XXXXXXXXXXXXXXXXXXXXXXXX0X0XX000X00XXXXXXXXXXX0XX0XXXXXXXXXXXXXXXX0XXXXXXX0XXXX0X0X0X0XXXXXXXXXXXXXXXXXXXXXXX0000
000XXXXXX0XXXXXXX0XXXXX0XXX0XX0XXX000XXXXXXXXXXXXXXXXXXXXXXX


Generation 51/75  F=U(0.5, 1.0)  N_hist=9180
------------------------------------------------------------------------------------------------------------------------
000XXXXXXX0XXXXXXXXX0XXX0XXXXXXXXXXXXXX0XXXXXXXXXXXXXXXXXXXXXXX0XX00XXXXXXXXXXXXXXXXXXXXXXXXX000X0000XXXXXXXXXXX0X0XXXXX
X0XXXXXXX0XX0XXX0XXXXXXXXXXX0XX0XXXX0XXXXXXXXXXXXXXXXXXXXXXX


Generation 52/75  F=U(0.5, 1.0)  N_hist=9360
------------------------------------------------------------------------------------------------------------------------
0X00XXXXXX0XXXXXX0XXXXXXX0XXXXXXXXX0X0XXXXXXX0XXXXXX0XXX00XX0XXX0XXXXXXXXX0XXX0XXXXXXXXXXX00XXXXXXXXX00X0XXX00XXXXXXXXXX
XXXXXXXX00XX0XXXXXXXXXXXXXXXXXXXX0XXXXXXXXXXXXXXXXXX0000XXXX


Generation 53/75  F=U(0.5, 1.0)  N_hist=9540
------------------------------------------------------------------------------------------------------------------------
0000XXXX0XXX0XX0XX0XXXXXXXXXXXXXXXX0XX0XXXXXXXXX00XXXXXXXXXXXXXXXXXXXXX0XXXXXXXXXX000X0XXXXXXXXXX0XXXXXXXXX0X0XX00XXXX0X
X0X0XXXXXXXX000XX0XXXX0XXXXXXXXXXXXXXXXXXXXXX0XX0XXXX0X0XXXX


Generation 54/75  F=U(0.5, 1.0)  N_hist=9716
------------------------------------------------------------------------------------------------------------------------
0000XX00XXXX0XXXXXXX0XXXXXXXXXX0X0XXXXXXXXXX0XXXXXXXX0XXX0XXXXXXXXXXXXXXXXXXXXX0XXXXXXX0XXX0XXXXXXXXXXXXXXXXXXXXXXXX0XX0
X00X0X000XXXXXXXXXXXXX0XXXXXXX0XXX0XXXXXXXXXXXXX0XX0XXXXXXXX


Generation 55/75  F=U(0.5, 1.0)  N_hist=9899
------------------------------------------------------------------------------------------------------------------------
00X000X0XXXXXXXXXXXXXX0X00XXX0XXXXXXXX0XXXXXXXXXXXXXXXXXXXXXXXXXX000XXXXXXX0XXXXX0XXXX0XXXXXXXXXXX0XXXX000XX0XXXXXXXXXXX
XXX0XXXXXXXXXXXXXXX00XXX0XXXXXXXXXXXXXXXXXX0XXXXXXXXXXXXX0XX


Generation 56/75  F=U(0.5, 1.0)  N_hist=10080
------------------------------------------------------------------------------------------------------------------------
00000X0XXX0XXXXXXXXXXXX00XXXX0XXXXXXXXXXXXXXXXXXXXXXX000X0000XXXXXXXXXXXXXXXXXXXXXXXXXX00XXXXXXXXXXXXXXXXXXXXXXXXXXXXXXX
XXXXXXXX0XX0X0XXXXXX0XXXXXXX0XXXXXXXXX0XXXXXXXXXXXXXXXXXXXXX


Generation 57/75  F=U(0.5, 1.0)  N_hist=10260
------------------------------------------------------------------------------------------------------------------------
0000X00XXXX00XX0XXXX0XXXX0XXXX0XXXX0XXXXXXXXXXXXXXXXXXXXXXXX00XXXXXXXXXXXX00+XXXXXX0000XXXXXXXXXX00X0XXXXXXX0XXXXXXXXXXX
0000XXXXXXXXXXXXXXXX0XXXXXXXXXXX00X00XXXXXX0XXX0XXXXXXXXXXXXX


Generation 58/75  F=U(0.5, 1.0)  N_hist=10440
------------------------------------------------------------------------------------------------------------------------
000X00XXXXXXXXXXXXXX0XXXXXXXXX0XX0XXX00X0XXX0XXXXX000XX0X0XX00XXXXXXXXXX0XXXXX0XXXXXXXX0XXXXXXXXXX0XXXXX00XXX0XXXXXXXXXX
XXX0XXXXX0XXXXXXXXXX0XXXX0XXXXXXXXX0XXXXX0XXXXXXXXX0XXXXXXXX


Generation 59/75  F=U(0.5, 1.0)  N_hist=10620
------------------------------------------------------------------------------------------------------------------------
0000X0XXXXXXX0XXXXX0XXXX0XXXXXXXXXXXXXXXXXX0XXXXXX000XXXXXXXXXXXXXXXXXXXXXXXXX000X00XXX0XXXXXXX0XXXXXXXXXXXXX0XXXXXXXXXX
X000XXX0XXXXXX0XXX0X00XXXXXXXXXXXXXXXXXXXX0XXXXXXXXXXXXXXXXX


Generation 60/75  F=U(0.5, 1.0)  N_hist=10800
------------------------------------------------------------------------------------------------------------------------
000000XX00XXXXXXXXXXXXXX0XXXXXXXXXXXXXXXXXXXXXXXX000XXXXXXX00X0X000X0XX0000000XX0XXXXXXXXXXXXXXXXXXXXXXXXXXXXX00X00XX0X0
X00XXXX0X0XXXXXXXXXXXXXXXX0XXXXXXX0XXXXXX00XXXXXXXXXXXXXXXXX


Generation 61/75  F=U(0.5, 1.0)  N_hist=10980
------------------------------------------------------------------------------------------------------------------------
0XXXXXX00XXXXXXXXXXXX000X0XXXXXXXXXXX0XXXXXXXXX0XXXXXXXXX0X0X0XXXX000XXXXXX0XXX00XXXXXXXXXXXXXXXXXXXXXXXXXX00XXXXXXX0X00
XXXXXX0XXXXXXXXXXXXXXXXXXXXXXXXXXXXXXXXXXXXXXXXXXXXXXXX0XXXX


Generation 62/75  F=U(0.5, 1.0)  N_hist=11160
------------------------------------------------------------------------------------------------------------------------
000XXXXX000X0XXXXXXXXXXXXXXXXXXXXXXX0X0XXXX000XX00XXXXX0X0XXXX0X0XXXXXXX0XXXXXXXXXXXXXXXX0XXXXXXXXXXXXXXXXXXXXXXXXXXXXXX
XXXXXX0XXXXXX0XX0XXXXXX0XXXXXXXXXXX00X0XXXXXXXXXXXXXXXXXXXXX


Generation 63/75  F=U(0.5, 1.0)  N_hist=11340
------------------------------------------------------------------------------------------------------------------------
000XXX00XXXXXXXX0XXX0XXXX0XXXXXXXXXXXXXXXXXX0XXXXXXXXXXXXXXXXXX0XXXXXXX0XX00XXXXXXXXXXXXXXXXXX0XXXXX0X0XXXXXXXXXXXXXXXXX
XXXXXXXXXXX0XXXXXXXX0X00X0XXXXXXXXXXX000XX0XXXXXXXXXXXXXXXXX


Generation 64/75  F=U(0.445, 1.0)  N_hist=11520
------------------------------------------------------------------------------------------------------------------------
0000X00XX0XXX0XX0XXX0XX0XXX0XXX0XXX000XXXXXXXXXXXXX0XXXXX0XXXXXX00XXXXXXXXXXXXXXXXXXXXXXXX000X00XXXXXXX0XXXXXXXXXXXXXXXX
X0XX00XX00XXXXXX00XXX0XXXXXXXX00XXXXXXX0XXXXXXXXXXXXX0XXXX0X


Generation 65/75  F=U(0.493056632402, 1.0)  N_hist=11700
------------------------------------------------------------------------------------------------------------------------
00000X0XX00XXXX0XX0X0XXXX000XXXXXXXXXXXXXXXXXXXXXXXXXXXXXXX0XXXXX000XXXXXXXXX00XXXXXXXXX0XXXXXXXXXXXX0XXXX0XXXXXXXXXXXXX
XXX0XX0XXXXXXX0XXXXXX0XXXXXXXXXXXXXXXXXXXXXXXXXXXXXXXXXX0XXX


Generation 66/75  F=U(0.5, 1.0)  N_hist=11880
------------------------------------------------------------------------------------------------------------------------
X0XXXXX0XXXXXXXXXXXXXXXXX0XXXXXXXXXXX0X0X0XXXXXXX00XXXXXXXXXXXX0XXXXXXXXXXXXXXXXX0X0XX00X0XXXXXXXX0XXXX0XXXXXXXXXXXXXXXX
XXXXXXXXXXXXXXXXXXXXXXXX0XXXXXXXX0000X0XXXXXXXXXXXXXXXXXXXXX


Generation 67/75  F=U(0.445, 1.0)  N_hist=12060
------------------------------------------------------------------------------------------------------------------------
0000X0X0XXX0X0XXXXXXX0XX00XX0XXXXX0XXXX0XX0XXXXXXXXXXXXXXXXXXXXXXXXXXXXXXX0XXXXXXXXXXXXXXXXXXXXXXX00XXXXXXX0XXXXXXXX0XXX
0X00XXXXX00XXXXXX0XXXXXXXXXXX0XXXXXXXXXX0XXXXXXXXXXXXXXXXXXX


Generation 68/75  F=U(0.493056632402, 1.0)  N_hist=12240
------------------------------------------------------------------------------------------------------------------------
XX0XXXXXXXXXXXXXXXXXXXXXXXXXXXXXX0XX0X0XXXXXXXXXXXXXXXXX0XXXXXXXXX0XXX0X0X00XXXXXXXXXXXXXXXX0XXXXXXXXXXX0XXXXXXXXX0XXXXX
0XX0X0XXXXXXXXXXX0X0XX00XXXXXXXXXXXXXXXXXXX0XXXXXXXXXXXXXXXX


Generation 69/75  F=U(0.5, 1.0)  N_hist=12420
------------------------------------------------------------------------------------------------------------------------
0000000XXX0XX000XXXXXXXXXXXXXXXXXXXXXX00XXXXXXXXXXXXXXXXX0XX00XX00X0XXXXXXXXXXXXXXXXXXX0XXXXXXXXXXXXXXX0X0X00XX0XXXXXXXX
XXXXXXXXXXXXXXXXXXXXXXXXXXXXXX0X0XXX0XX0XXXX0XXXXXXXXX0XXXXX


Generation 70/75  F=U(0.5, 1.0)  N_hist=12599
------------------------------------------------------------------------------------------------------------------------
000X0XXXX0XXXX0XXXXXXXXXXXXXX0+XXXXXXXXXXXXXXXXXXXXXXXXXXXXXXXXX0XXXXXX0XXXX0XXXX0XXXXXXXXXX0XXXXXXXXXXXXXXXXXXXXXXXXXXX
XXXXXXXXXXX0XXXXXXXX0XXXXXXXXXX0X0XXX0XX0XXXXXXXXXXXXXXXXXXXX


Generation 71/75  F=U(0.5, 1.0)  N_hist=12780
------------------------------------------------------------------------------------------------------------------------
00X0XXXXXXXX0XXX00XXXXXXX0XXXXXXXX00XXXXXXXXXXXXXXXXXXXXXXXX000XXXXXXXXXXXXXXXXXXXXXXX0XXXXXX0XXXXX0XXXXXXXXXXXXXX0XXXX0
XXXXXXXXXX00XXXXXXXXXXXXXXXXXX0XXXXXXXXXXXXXXXXX0XXXXXXXXXXX


Generation 72/75  F=U(0.5, 1.0)  N_hist=12960
------------------------------------------------------------------------------------------------------------------------
00XXX0XXXXXX00XXXXX00XXXXXXXXXXXXXXXX0XXXXXXXXXXXXXXXXXX0XXXXXXXXX0XXXXX00XX00XXXXXXX00XXXXXX0XXXXXX0XXXXXXXXXXXXXXXXXX0
XXXXXXXXXXX00000XXXXXXXX0XXXXXXXXX0X0XXXXXXX0XXXXXXXXXXXXXXX


Generation 73/75  F=U(0.5, 1.0)  N_hist=13140
------------------------------------------------------------------------------------------------------------------------
XXXXXX0XXXXXXXXXX0XXXX0XXXXXXX0XXXX000X0XXXXXXXXXXXXXXXXXXXXXXXXXXXX0XXXXXXXXXXXXXXX0XXX0XXXXXX0XX0XXXXXXXXXXXXXXXXXXXXX
0XXX0XXXXXXX0XXXXXXXXXXXXXX0000XXXXX00XXXXXXXXXXXXXXXXXXXXXX


Generation 74/75  F=U(0.5, 1.0)  N_hist=13320
------------------------------------------------------------------------------------------------------------------------
00X0XXXXXXXXX0XXXXXXXXX0XXXXXXXX0XXXXXXXX0XXXXXXX000X0XXXX0XX0XXXXXXXXX0XXXXX000XXX0XXXXXXXXXX0XXX0XXXXXX00XXXXXXX0XXXXX
XX0XXXXXXXXXXXXXXXX0XXXXXXXXXXXX0XXXXXXXXXXXXXXX00XXXXXXXXXX


Generation 75/75  F=U(0.5, 1.0)  N_hist=13500
------------------------------------------------------------------------------------------------------------------------
000X00XXXXXXXXX0XXXXXXX00XXXXXXXXXXXXXXXXXXXX0XXXXXXXX0XXXX0XX0XXXXXXXXXXXXXXX0XXXX000XXXXXXXX0XXXXX0XX0XXXXXXXXXXXX000X
XXXXXXXXXXXXXXXXXXXXXXXXXXXXXXXXXXXXX0XXXXXXXXXXXXXXXXXXXXXX

Maximum number of iterations reached.

SSE=8.4023 on eval 13680: L=2.87361e+07 b=0.12925* r=0.165766 rf=0.584001 t0=65.814 th=3.13453


Shutting down DE...
DE shutdown complete.

Final population:
Population: 180 individuals with SSE 8.4023 to 8.4142, avg eval time 0.0184 sec. Top 7:

        SSE |     8.4023       8.4029        8.403       8.4035       8.4036       8.4036       8.4036  
------------------------------------------------------------------------------------------------------------------------
          L | 2.8736e+07   3.1224e+07   2.9247e+07   8.5884e+06   3.4853e+07   4.4136e+07   3.4676e+07  
          b |    0.12925*      1.0816*     0.40792*      1.8401*     0.42539*     0.72731*      2.0186* 
          r |    0.16577      0.16543      0.16563      0.16604      0.16599      0.16512      0.16676  
         rf |      0.584      0.58353      0.58341      0.57803      0.58797      0.58561      0.58904  
         t0 |     65.814        65.81        65.83       65.796       65.848       65.853       65.794  
         th |     3.1345       3.1465       3.1218       3.1036       3.2207       3.2005       3.2487  
------------------------------------------------------------------------------------------------------------------------
Best individual:
<SSE=8.4023 L=2.87361e+07 b=0.12925* r=0.165766 rf=0.584001 t0=65.814 th=3.13453>


Elapsed time: 174.77 seconds

Saved final population of best parameter combinations to covid19.dat
Shutting down...
Task Queue is shut down
Goodbye
