Decompressing and parsing covid19.csv.bz2...
Cumulative and new cases reported thus far for Germany
------------------------------------------------------------------------------------------------------------------------
000	01/22	0	0
001	01/23	0	0
002	01/24	0	0
003	01/25	0	0
004	01/26	0	0
005	01/27	1	1
006	01/28	4	3
007	01/29	4	0
008	01/30	4	0
009	01/31	5	1
010	02/01	8	3
011	02/02	10	2
012	02/03	12	2
013	02/04	12	0
014	02/05	12	0
015	02/06	12	0
016	02/07	13	1
017	02/08	13	0
018	02/09	14	1
019	02/10	14	0
020	02/11	16	2
021	02/12	16	0
022	02/13	16	0
023	02/14	16	0
024	02/15	16	0
025	02/16	16	0
026	02/17	16	0
027	02/18	16	0
028	02/19	16	0
029	02/20	16	0
030	02/21	16	0
031	02/22	16	0
032	02/23	16	0
033	02/24	16	0
034	02/25	17	1
035	02/26	27	10
036	02/27	46	19
037	02/28	48	2
038	02/29	79	31
039	03/01	130	51
040	03/02	159	29
041	03/03	196	37
042	03/04	262	66
043	03/05	482	220
044	03/06	670	188
045	03/07	799	129
046	03/08	1040	241
047	03/09	1176	136
048	03/10	1457	281
049	03/11	1908	451
050	03/12	2078	170
051	03/13	3675	1597
052	03/14	4585	910
053	03/15	5795	1210
054	03/16	7272	1477
055	03/17	9257	1985
056	03/18	12327	3070
057	03/19	15320	2993
058	03/20	19848	4528
059	03/21	22213	2365
060	03/22	24873	2660
061	03/23	29056	4183
062	03/24	32986	3930
063	03/25	37323	4337
064	03/26	43938	6615
065	03/27	50871	6933
066	03/28	57695	6824
067	03/29	62095	4400
068	03/30	66885	4790
069	03/31	71808	4923
070	04/01	77872	6064
071	04/02	84794	6922

Initializing 180 population members having 6 parameters
------------------------------------------------------------------------------------------------------------------------

SSE=31.644 on eval 1: L=5.76543e+07 b=21.9175 r=0.226032 rf=0.653937 t0=56.302 th=5.62295*

*61

SSE=24.761 on eval 4: L=1.41567e+07 b=76.0081** r=0.399144 rf=0.736587 t0=52.5731 th=5.89474

!

SSE=16.955 on eval 5: L=8.37209e+07** b=50.5286 r=0.211628 rf=0.902847 t0=65.8462 th=15.0672

!37587

SSE=15.861 on eval 11: L=7.38603e+07 b=72.674 r=0.359582 rf=0.932042 t0=59.4257 th=11.8061

!1952299959991399918123572979921129949297912121494999542113226189992753897398924221899999997213196594915291299
9631121921356819232932292799425992899199922323!1

SSE=15.342 on eval 169: L=3.59528e+06* b=23.0055 r=0.31413 rf=0.845283 t0=59.2364 th=14.5808

!389

SSE=14.552 on eval 173: L=1.00464e+07 b=8.54213 r=0.474657 rf=0.91921 t0=53.4175 th=15.2554

!949

SSE=14.227 on eval 177: L=6.68173e+06 b=26.6641 r=0.344988 rf=0.840105 t0=56.484 th=13.8929

!939

Population: 180 individuals with SSE 14.227 to 459.19, avg eval time 0.996 sec. Top 7:

        SSE |     14.227       14.552       15.342       15.696       15.861       16.508       16.684  
------------------------------------------------------------------------------------------------------------------------
          L | 6.6817e+06   1.0046e+07   3.5953e+06*   6.216e+07    7.386e+07   1.5782e+06*  4.6021e+07  
          b |     26.664       8.5421       23.005       9.4056       72.674       27.755       14.374  
          r |    0.34499      0.47466      0.31413      0.30226      0.35958      0.27562       0.2145  
         rf |    0.84011      0.91921      0.84528      0.76193      0.93204      0.92477      0.72235  
         t0 |     56.484       53.417       59.236       56.935       59.426       62.807       61.101  
         th |     13.893       15.255       14.581       9.5025       11.806       10.276       10.577  
------------------------------------------------------------------------------------------------------------------------
Best individual:
<SSE=14.2268 L=6.68173e+06 b=26.6641 r=0.344988 rf=0.840105 t0=56.484 th=13.8929>


Population: 180 individuals with SSE 14.227 to 459.19, avg eval time 0.996 sec. Top 7:

        SSE |     14.227       14.552       15.342       15.696       15.861       16.508       16.684  
------------------------------------------------------------------------------------------------------------------------
          L | 6.6817e+06   1.0046e+07   3.5953e+06*   6.216e+07    7.386e+07   1.5782e+06*  4.6021e+07  
          b |     26.664       8.5421       23.005       9.4056       72.674       27.755       14.374  
          r |    0.34499      0.47466      0.31413      0.30226      0.35958      0.27562       0.2145  
         rf |    0.84011      0.91921      0.84528      0.76193      0.93204      0.92477      0.72235  
         t0 |     56.484       53.417       59.236       56.935       59.426       62.807       61.101  
         th |     13.893       15.255       14.581       9.5025       11.806       10.276       10.577  
------------------------------------------------------------------------------------------------------------------------
Best individual:
<SSE=14.2268 L=6.68173e+06 b=26.6641 r=0.344988 rf=0.840105 t0=56.484 th=13.8929>

Performing DE with CR=0.8, F=U(0.5, 1.0), DE/rand-1.00/1/bin
------------------------------------------------------------------------------------------------------------------------
Press the 'Enter' key to abort.



Generation 1/50  F=U(0.5, 1.0)  N_hist=180
------------------------------------------------------------------------------------------------------------------------
XXX1X13343XXXXXX252XXX1X172XX3XX1X295X1X25X1X7293+XXX2XXXX2X43X235X422XX925X12XX2X3X74X11X4133313XXX1222XXX4X2X2X73X3X1X
XXXX52X72XX53X1X2X412XX32221491X2711XX21XXX21X2533XXXXXX11351


Generation 2/50  F=U(0.5, 1.0)  N_hist=360
------------------------------------------------------------------------------------------------------------------------
X9XXXX2X1XXX7132X0X66X21XX2XXXX11XXX213X2XX72XXXXXXXXX3XX1XX5XX44XXXXXX2XXX9XX29X2XXXX83XXXX2XXXXXXXXX2X17XXX2X5X1XXXX31
22X3X1XXXX9XX2XX7XX1XX2X21XX92X129XXXXXX6XX8X011X4XXX3X2322X


Generation 3/50  F=U(0.5, 1.0)  N_hist=540
------------------------------------------------------------------------------------------------------------------------
XXXXX23XXXXXX1111X232XX1XX29X2XXXXXXX3XXXXX1XXX4XXX121X2XXXX2X2X2XXXXXXXXXXX2XXXXXXX2XXXX12XX15X12XXXXX2XX1XX12XX2X1X1XX
X212XX2XX1X2XX12XXX11XX5XXX13X2XXXXXX2XXXXXX1XXX3XX24XXXXXXX


Generation 4/50  F=U(0.5, 1.0)  N_hist=720
------------------------------------------------------------------------------------------------------------------------
XX1XX1XXXX4XXXX2X2XXXXX1XX12XXXX1X11XX1XXXXXX11XXXXXX1X6XXX2X2XXXXX2XX1X122XXXXXXXXXXX2XXX4XX22XX11X1XXX1XXXXXX2XXXX10XX
1X113XXX1+XXXXXXXX2XXXX42X2XX1XXXXXXXX1X1XXXXXXXXXXX1X11+2XX11


Generation 5/50  F=U(0.5, 1.0)  N_hist=900
------------------------------------------------------------------------------------------------------------------------
1X1XXXX12X1XXXX11XXXX1XX1XXX3XXXX11XXXXXX2X3XXXXXXXXX12XXXX1XXXXX2XXXXXXXXXXX1XXX121XX1XXX3XXXX0XXX1X2X2XXX12X1XXXXX1XXX
0XX2XX1XXXXX12XXX3XXXXXXXXXX1XXXX1XXX4XXXXXXXXXXXXXXXX2XXXX1


Generation 6/50  F=U(0.5, 1.0)  N_hist=1080
------------------------------------------------------------------------------------------------------------------------
1XXXXXX1X1XXXX0XXX1

SSE=13.77 on eval 1099: L=7.0352e+07 b=64.8093 r=0.358316 rf=0.935167 t0=58.5436 th=15.4931

+X1XXXXXXXXXXXXX1XXXXXXXX1XXXXXXXX11XX1XXXX1X1XXX1XX1XXXX2XXX02XXXXXX22XXX112XXX1X1XXXXX1XXXXX11XX1XX
X1XXX1XX1XX21XXXXXXXXX11XXX11XXXXXXXX22XXX1X1X1XXXXX1XXXXXXX1


Generation 7/50  F=U(0.5, 1.0)  N_hist=1260
------------------------------------------------------------------------------------------------------------------------
XX1XXXXXXXXX1XXXXX1XXXX11XX2XXXX1XXX121XXXXX1XX11XXXX1XX1XX0X1XXXXXXXXXXXXXX1XXXXXX11X1X1X1XXXXXX0XXXXXXXX1XXXXX1X0X1XX1
XXXXXXXXX2XX2+X1XX2X1XXXXXXXX11XX2XXXXXXX01XXX1X0XX1XX1XXXXX2


Generation 8/50  F=U(0.5, 1.0)  N_hist=1440
------------------------------------------------------------------------------------------------------------------------
11XX11XXX1XXXXX0XX20XXXXXXXXXXXXXXXXXXXXXXXXXXXXXXX1X0XXXX111110111X1XXXXX1XXXXXXXXXXXXX1XX1XXXXXXXXXXX1XXXXXXXXXXXXX1XX
XXXXXXXXXXX1XXXXX1XXX0XX2XX11X1XXXXXXXXXXXXXXXXXXXXXXXXXXXXX


Generation 9/50  F=U(0.5, 1.0)  N_hist=1620
------------------------------------------------------------------------------------------------------------------------
1212XXXX1X1XXXXXXXXXXXXXXXX11X1XXX1X1XX00XXX1XXXXXXXXX2XXXX1XXXXXXXXXXXXX12X111XXXXXXXXXXXXXXXXXX1XXXXX1XXXXXXXXXXXXXXXX
XXX21X1XXXXX1XXXXXXX1XXXX11XXX1X1XXXXXXXXXXXXXXXXXXXXXXXXXXX


Generation 10/50  F=U(0.5, 1.0)  N_hist=1800
------------------------------------------------------------------------------------------------------------------------
11X111X011XXXXXXXX0XXXXXX1XXXXXXXXXXXXXXXXXXXXXXXX1XX11XXXXXXXXXXXXXXXXXXXX2101XXXX110XXXXXXXXXXXXX1XXXXXXXX1XX11XXXXXXX
XXXXXXXXX1X1XXX10XXXXXXXXXXX1XX1XXXXXXXXXXXXXXXXXXX1XXXXXXXX


Generation 11/50  F=U(0.5, 1.0)  N_hist=1980
------------------------------------------------------------------------------------------------------------------------
01X101X1X11XXXXXXXXXXXXXXXXXXXXXXXXXXXXXXXX1XXXXXXXXXX11XXX1XX1XX111X1XXXXX1XXXXXX11X01XXXXXXXXXXXXXXXXXXXXXXXXXXXX1X1XX
XXX1XXXXXXXX1X1X201XXXXXXXXXXXXXXXXXXX1XXX1XX1XXX1XXXXXXXXXX


Generation 12/50  F=U(0.5, 1.0)  N_hist=2160
------------------------------------------------------------------------------------------------------------------------
0111X11XXXXX1XXXXXXXXXXXXX1XXX11XXXXXXXXXXX1XXXXXXXXXXXXXXXXXXXX120X1X1+1X1XXXX1XXXXXX1X11X1XXXXXXXXX1XX0XXXXXXXXXX1X1XX
01X1XXXXXX1X1XXXXXXXXXXXX1XXXXXXXXXXXXXXXXXXXXXXXXX1XXXXXXXXX


Generation 13/50  F=U(0.5, 1.0)  N_hist=2340
------------------------------------------------------------------------------------------------------------------------
011X1XX01XXXXXXXXXXXXXXXXX0XXXXXXXXXXXXXXX111XX1XXXXXXX011XXXXXXXXXX1X0XXXXXXXX10XXXXXXXX1XXXXXXXXXXXXXX11XXXXXXXX111XX1
XX0XXXXXXX0XXXXXXXXXXXXXXXXXXXXXXXXX1XXXXXXXXXXXXXXXXXXXXXXX


Generation 14/50  F=U(0.5, 1.0)  N_hist=2520
------------------------------------------------------------------------------------------------------------------------
1111X1X0X1X1X0XXXXXXXX1XX1XXX1XXXXXXXXXXXXXX2XXXXX0X1XXXXXXX0XXXXX01X1XXXXXXX1XXXXXXX1XXXXX1XXXXXXXXXXXXXXXXXXXXXXX1XX1X
XXXXXXXXXXXXXX11XXXXXXXXXX0XXXXXXXXXXXXXXXXXXXXXX1XXXXXXXXXX


Generation 15/50  F=U(0.5, 1.0)  N_hist=2700
------------------------------------------------------------------------------------------------------------------------
1111X111111X1XXXXXX1XXXXXXXXX1XXXXXXXXXXXXXXXXXXXX11XXXXXXXXXXXXXXXX0XXXXXX0XXXXXXXXXX110XXXXXXXX10XXXXXXXXXX11XXX1XXXX1
1XXXXXXXXXXXXXXX1011XXXXXXXXXXXXXXXX1XXXXXXXXXXXXXXXXXXXXXXX


Generation 16/50  F=U(0.5, 1.0)  N_hist=2880
------------------------------------------------------------------------------------------------------------------------
11X1XXX1X00XX1+XXX1X0XXXXXXX1XXXX0X1XXXXXXXXXXXXX1XXXXXXX1XXXXXXXXX1XXXXXXXXXXXXXXXXXXXXXXX1XXX1XXXXXXX0X0X1XXX11XXX1XXX
XX0XXXXXXXX0XXXXXX111XXX1XXXXXXXXXXXXXXXXXXXXXXXXXXXXXXXXXXXX


Generation 17/50  F=U(0.5, 1.0)  N_hist=3060
------------------------------------------------------------------------------------------------------------------------
0X011XXXXX1XXXXXXXXXX1XXXXXXXXX1XXXX10X011XXX1XXXXX100XXXXXX1XX1XXXXXX10XXXXXXXXXXXXXXXXXXXXX1XXXXXXXXX0X1XXXXXX1XXX1XXX
XXXXXXXXXXX1XXXX1XXX1XXXXXXXXX0XXXXXX0XXXXXXXXXXXXXXXXXXXXXX


Generation 18/50  F=U(0.5, 1.0)  N_hist=3240
------------------------------------------------------------------------------------------------------------------------
11X1XXXX10X1XXXXX1XXXXXXXXXX1XXXXXXXX10XXXX0XXXXXX1XXXXXXXXXXX1XX01XXXXXXXXXXXXXXXXXXXXXXXXXX01XXXX1XXXXXXXXXX0XX01XXXXX
XXXXXXXXXXXX1X1XXXXXXX01XXXXXXXXXXXXXXXXXXXXXXXXXXXXXXXXXXXX


Generation 19/50  F=U(0.5, 1.0)  N_hist=3420
------------------------------------------------------------------------------------------------------------------------
10XXXXXXXXXXXXXX00XXXXXX1XXXXXXXXXXX1XXXXXXXXXXXX1XXXXXXXXXXX0XX1XXXXXXXXX1XX1X1XXXXXXXXXXX1XXXXXX0XX101XX01XXXXXXXXXXXX
X0XXXX1XX1XXXXXXXXXX0XXX11XXXXXXXXXXXXXXXXX0XXXXXXXXXXXXXXXX


Generation 20/50  F=U(0.5, 1.0)  N_hist=3600
------------------------------------------------------------------------------------------------------------------------
1X1X1XXXXXXX0XXXXXXXX01XXXXXXXX110XXXXXXXXXXXXXXXX1X0XX1XXXXXXXXXXX0XXXXXXXXXXXX11XXXXX01XXXXXX1XXX1XXXXXXXXXXXXXXX1XX0X
XXX1XXXXXXXXXXXXXXXX0XXXXXXX1X1XXXXXXXXXXXXXXXXXXXXXXXXXXXXX


Generation 21/50  F=U(0.5, 1.0)  N_hist=3780
------------------------------------------------------------------------------------------------------------------------
011XXX11XXXXXXXXXX0XXXXXXXXXXXXXXXXXX0XXXXXXXXXXXXXXXXXXXX00XXXXXXXXXX10XXXXXXXXXXXXXXXXXX1XXXXXX1XXXXXXXX0XXXXX1X1XXXXX
XXXXXXXXXXXXXXXXXXXXXX1X101X1XXXXXXXXXXXXXXXXXX1XXXXXXXXXXXX


Generation 22/50  F=U(0.5, 1.0)  N_hist=3960
------------------------------------------------------------------------------------------------------------------------
01XXX1XXXXXXXXXXXXXXXXXXXXXXX1XXX01XXXXXXXXXXXX0XXXXXXXXXXXXXXXXXXXXXXXXXXXXXXXXXXXXXX1XXXXXXXXXXXXXXX1XXXXXXXXXXXX1XXXX
XXXX1XXX00XXXXXXXXXXXXXXXXXXXXXXXXXXXXXXXXXXXXXXXXXX1XXXXXXX


Generation 23/50  F=U(0.5, 1.0)  N_hist=4140
------------------------------------------------------------------------------------------------------------------------
0XXXXXXXXXXXXXXXXXXXXXXXXXXXXX0XXXXXXX1XXXXXXXXXXXXX0XXXXXXXXXXXXXXX0X0XXXX0XXX0XXXXXXXX0XXXXXXXXX1X1XXXXXXXXXXXXXX0XXXX
XXXXX0XXXXXXXXX1XXXXXXXXXXXXXX10XXXXXXXXXXXXXXXXXXXXXXXXXXXX


Generation 24/50  F=U(0.5, 1.0)  N_hist=4320
------------------------------------------------------------------------------------------------------------------------
1X0X0XX0XXX0XXXXXXXXXXXXXXXXXX0XXXXXXXXXXXXXXXXXXXXXXXXXXXXXXXX0XXXX0XXXXXXXXXXXXXXXXXXXXXXXXXXXXXXXXXXXX1XXXXXXXXXXXXXX
XXXXXXXXXXXXXXXXXXXXXX1XXXXXXXXXXXXXXXXXXXXX0XXXXXXXXXXXXXXX


Generation 25/50  F=U(0.5, 1.0)  N_hist=4500
------------------------------------------------------------------------------------------------------------------------
010X1XXXXXXXXXXXXXXXXXXXXXXXXXXXXXXXXXXXXXXXXXXXXXXXXXXXXX0XXX1XXXXX0XXXXXXXXXXXX1XXXXXXXXXXXXX100X1XXXXXX1XXXXXXXXX1X1X
XXXXXX1XXXXXXXXXXXXXXXXXXXXXXXXXX0X1XXXXXXXXXXXXXXXXXXXXXXXX


Generation 26/50  F=U(0.5, 1.0)  N_hist=4680
------------------------------------------------------------------------------------------------------------------------
XXXXXXXXXXXXXXXXXXX10XXXXXXXXXXXXXXXXXXXXXXXXXXXXXX1XXXXXXXXXXXXXXXXXXXXXXXXXXXXXXXX1XXXXXXXXXXXXXXXXX1X1XXXXXX0XXXXXX1X
XXXXXXXXXX1XXXXXXXX0XXXXXXXXXXXXX0XXXXXXXXXXXXXXXXXXXXXXXXXX


Generation 27/50  F=U(0.5, 1.0)  N_hist=4860
------------------------------------------------------------------------------------------------------------------------
11X0X00X1XX1XXXX1XXXXX0XXXXXXXXXXXXXXXXXXXXXX0XX0XXXXXXXXXXXXXXXXXXXXXXXXXXXXXXXXXXXXXXX0XXXXXXX1XX0XXXXXXXXXXXXXXXXXXXX
XXX1XXXXXXXXXXXX11XXX0XXXXX00XX00XXXXXXXXXX0XXXXXXXXXXX0XXXX


Generation 28/50  F=U(0.5, 1.0)  N_hist=5039
------------------------------------------------------------------------------------------------------------------------
1X00XXX0XX0XX0XXXXXX0XX01X1XXXXXXXXXXXXXXXXXX0XXXXX1XXXXXX1XXXXXXXXXXXXXXXXXXXXXXXXXXXXXXX010XX10010X0XXXXXXXX0XXXXXXX0X
XXXXXXXXXXXXXXXXXXXXXXXXXXXXXXXXXXXXXXXXXXXXXXXXXXXXXXXXXXX0


Generation 29/50  F=U(0.5, 1.0)  N_hist=5219
------------------------------------------------------------------------------------------------------------------------
1100X01X0XXXX0XXXXX1XXXXXXXXXX1XXXXX0XXXXXX1XXXX00XXXXXXXX0XXXXXXXXXXXXXXXXXXXXXX0XXXXXXXX00XXXXXXXXX0X0XXXXXXXXXXXX000X
XXXXXXXXXXXXXXXXXXXXXXX0XXXXXXXXXXXXXXXXXX1XXXX1XX0XXXXXXXXX


Generation 30/50  F=U(0.5, 1.0)  N_hist=5400
------------------------------------------------------------------------------------------------------------------------
1100XX1XXXXXXXXXX1XXXXXXXXXXXXXX0XXXXXXX0XXX01X10XXXXXXXXXXXXXXXXXXXXXXXXX0+XXXXX0XXXXXXXX10XXXXXXXX00X0XXX0XXXXXXX0XXXX
XXXXXXX0XXXXXX1XXXXXXXXXX0XXXXXXXXXXXXXXXX1XXXXXXXXXXXXXXXXXX


Generation 31/50  F=U(0.5, 1.0)  N_hist=5580
------------------------------------------------------------------------------------------------------------------------
0000XXXXXXXXXXXX110XXXX0XXXXXXX0XXXXX0XXXXXXXXXXX0XXXXXXXX0XX0X0XXXXXXXXX00XXXXXXXXXXXXXXX0+XXX0XXXXXXXXXXXXXXXXXX00X010
XXXXXXXXXXXXXXXXXXXXXXXXXXXX0XX0XXXXXXX0XXXXXXXXXXXXXXXXXXXXX


Generation 32/50  F=U(0.5, 1.0)  N_hist=5760
------------------------------------------------------------------------------------------------------------------------
X0X0XXXX0XXXXXXX0XXXXXXXXXXXXXXXX0XXXXXXXXXXXXXXXXXXXX1XXXXXXXXXXXXXXXXX10XXXX0XXXXXXXXXXXXXXX1XXXXXXXXXXXXXXX00X0XXXXXX
XXXXX0XXX0XX0XXXXXXXXXXXXXX0XXX0XXXXXXXXXXXXXXXXXXX00XXXXXXX


Generation 33/50  F=U(0.5, 1.0)  N_hist=5940
------------------------------------------------------------------------------------------------------------------------
0X0XXXXXXXXXXXXXXXXXX0XXX0XXXXXX0XXXXXXXXXXX0XXXXXXXXXXXXXXXXXXXXXXXXXX0XXXXXXXXXX1XXXXXXXXX0XXXXXXXXXXXXXXXXXX1XX00XXX0
XXXXXXXXXXX0XXXX0XXXXX0XXX00X0XXXXXXXXXXXXXXXXXXXXXXXXXXXXXX


Generation 34/50  F=U(0.5, 1.0)  N_hist=6120
------------------------------------------------------------------------------------------------------------------------
0XX00X0X0XXXX0XX0+XXX010XXXXXXXXXXXXX000XXXX0XXXXXXXXXXXXXXXXXXXXXXXXXXXXXXXXXXXXXXXXXXXXX00XXXXXXX0XXXXXXXXXXXXXXXXXXXX
XXXXXXXX0XXXXXXXXXXXXX0XXXXXXXXXXX0XXXX0XXXXXXXXXXXX00X1XXXXX


Generation 35/50  F=U(0.5, 1.0)  N_hist=6300
------------------------------------------------------------------------------------------------------------------------
X000XXXXXX0XX0XXXX0XXXXXXXXXXXXXXXXXXXX0XXXXXXXXX0XXXXXXXXXX1XXXX0XXXXXXXX0X1XXXX00XXXX1XXXXXXXXXXXXX0XXXXXXXXXXXXXX0XXX
XXX0XXXXXX1XXXXXXXXX00XXXXXXXXXXXXXXXXXX0XXXXX0XXXXXXXXXXXXX


Generation 36/50  F=U(0.5, 1.0)  N_hist=6480
------------------------------------------------------------------------------------------------------------------------
000X0XX0XXXXXXXXXXXXXXXXXXXXXXXXXXXXXXXXXXXXXXXXXXXXXXXX0X0XXXXXXXX0XXXXXXXX0XXXXXXXXXXXXXX01X0X0XXXXXXXXX0XXXXXXXXXXXXX
XXXXXXX0XXXXXXXXXXXXXXXXXXXXXXX0XXXX0XXXXX0XXXXXXXXXXXXXXXXX


Generation 37/50  F=U(0.445, 1.0)  N_hist=6660
------------------------------------------------------------------------------------------------------------------------
0XXXXXXX1XXXXXXXXXXXXXXXXXXX0XXXXXXXXXXXXXXX0XX0XXXXXXXXXXXXXXXXX0XXXXXXXXXXXXXXXXXXXXXXXXXXXXXXXXXXXXXXX00XXXXX0XXXX0XX
XXXXXXXXXXXXXX0XXXXXXXXXXXXXXXXXXXXXXXX0XX0X0XX0XXXXXXXXXXXX


Generation 38/50  F=U(0.493056632402, 1.0)  N_hist=6840
------------------------------------------------------------------------------------------------------------------------
X100XXXXXXXXXXXXXXXXXXXXX0XX0XXXXXXX00XXXXXXXXXXXXXXXXXXXXX1XXXXXXX0XXXXXXXXXXXXXXXXX0XXXXXXXXXXXXXXXXXXXXXXXXXXXXXXXXXX
XXXXXXXXXXXXXXX00XX000XXX000XXXXXXXXXXXXXXXXXXXXXXXXXXXX0XXX


Generation 39/50  F=U(0.5, 1.0)  N_hist=7020
------------------------------------------------------------------------------------------------------------------------
XXX0XX0XXXXXXXXXX0XXXXXXXXXXXXXXXXX0XXXXXXXXXXXX0XXXXXXXXXXXXXXXXXXXXXXXXXX0XXX1XXXXXXXXXXX000XXXXXXXXXXXXXXXXX0XXXXXXXX
XXXX1XXXXXXXXXXXXX00XXXXXXX0XXXX0XXXXXX0XXXXXXXXX0XXXXXXXXXX


Generation 40/50  F=U(0.5, 1.0)  N_hist=7200
------------------------------------------------------------------------------------------------------------------------
000X00XXXX0XXXXXXX0XX0XXXXXXXXXXXXXX0XXXXXXXXXXXXXXXXXXX0XXXXXXXXXXXXXXXXXXXXXXXXXXXXXXXX0XXXXXXXXXXXXXXX0XXXXXXXXX0X0XX
XXXXXXXX0XXXXXX0XX1XX0XXXXXXXXXXXXXXXXXXXX0XXXXXXXXXXXXXXXXX


Generation 41/50  F=U(0.445, 1.0)  N_hist=7380
------------------------------------------------------------------------------------------------------------------------
000X0XXXXX000X0XX0XXXXXXXXXXXXXXXXXXXXX0XXXX1XXXXXXXXXXXXXXXXXX0XXXXXXXXXXXXX0XXXXXXXX0XX1XXXXXXXXXXXXXXXXXXXXXXXXXXXXXX
XXXXXXXXXXXXXXXXXXXXXXXXXXXX0XXXXXXXXXXXXXXXXXXXXXXXXXXXXXXX


Generation 42/50  F=U(0.493056632402, 1.0)  N_hist=7560
------------------------------------------------------------------------------------------------------------------------
00X0X00+X0XXXXXXXXXXXXXXXXXXXXXXXXXXXXXXXXXXXXXXX0X0XXX00XX0XXXXXXXXXXXXXXXXX0XXXXXXXXXXXXXXX0XXXXXXXXXXXXXXXXX0XXXXXXX0
0XXX1XXXXXX0X0XXXXXXXXXXXXXXXXXXXXXXXXXXXXXXXXXXX0XXXXXXXXXXX


Generation 43/50  F=U(0.5, 1.0)  N_hist=7740
------------------------------------------------------------------------------------------------------------------------
00XXXXXXXXXXX0X0XXXXXXXXXXXXXXXXXXXXXX0XXXXXXXXXX0XXXX000XXXX00XXXXXXXXXXXXXXXXXX0XXXXXXXXXX0XXXXXXXXXXXXXX0XX0XXXXXXXXX
0XXX0XXXXXXXXXXXXXXXXXX0XXX0XXXXXXXXXXXX0XXXXXXXXXXXXXXXXXX0


Generation 44/50  F=U(0.445, 1.0)  N_hist=7919
------------------------------------------------------------------------------------------------------------------------
0X00XX0X0XXXXXXXXXXXXXXX0XXXXXXXXXXXXXXXX0XX00XXXXXXX0XXXXXXXXXX0XXXXXXXXXXXXXXXXXXX0XXXXXX0XXXXXXXXXXXXXXXXXXXXXXX0XX0X
X00XXXXXXXXXXX0X0XXXXXXXXXXXXXX00XXXXXXX0XXXXXXXXXXXXXXXXXXX


Generation 45/50  F=U(0.493056632402, 1.0)  N_hist=8100
------------------------------------------------------------------------------------------------------------------------
0XXX1X00XXXXXXXXXXXXXXXXXXXX0XXXXXXXX0XXX0XXXXXXXXXX0XX0XXXXXXXX0XXXXXXXXXXX0XXXXXX0XXXXXXXXXX0XXXXXXXXXX00XXXXXXXXXXXXX
X0XXXXXX0XXX0XXXXXXXXXX000XXXXXXXXXXX0XXXXXXXXXXX0XXXXXXXXXX


Generation 46/50  F=U(0.5, 1.0)  N_hist=8280
------------------------------------------------------------------------------------------------------------------------
00XX0XXXXXXXXXXXX0X0XXXXXXXXXXXXXXXXXXX0XXXXXXXXXXXXXXXXXXXXXXXXXXXXXXXXXXXXXX0XXXXX0XXXXX0XXXXXX0XXXXX0XXXXX0XX00XXXXXX
XXXXXXXXXXXXXXX0XXXX0XXXX0XXXXXXXXX0XXXXXXXXXXXXXXXXXXXXXXXX


Generation 47/50  F=U(0.5, 1.0)  N_hist=8460
------------------------------------------------------------------------------------------------------------------------
XXXX0XXXXXXXXXXX0XXXXXXXXXXXXXXXXXXXX0X0XXXXXXXXXXXX00XXX0XXXXXXXXXXXX00XXXXXXXXXXXXXXXXXX00XXXXXXXXXXXXXXXXXXXXXXX00X0X
XXXXXXXXXXXXXXXXXXXXXXX0XXXXXXXXXXXXXXXXX00XX0XXXXXXXXXXXXXX


Generation 48/50  F=U(0.5, 1.0)  N_hist=8640
------------------------------------------------------------------------------------------------------------------------
0XXXXX0XXX0XXXXXXXXXXXXXXXXXXX0XXXXXXXXXXXXXXXXXX0XXXXX0XXXXXX0000XXX0XXXXXXX0X0XXXXXXXXXXXX0XXXX0XXXXXXXXXXXXXXX0XXXXXX
0XXXXXXX0XXXXXXXXXXXXXXXXXX0XXXXXXXXXXXXXXXXXXXXXXXXXXXXXXXX


Generation 49/50  F=U(0.5, 1.0)  N_hist=8820
------------------------------------------------------------------------------------------------------------------------
0XX0X0XXXXXXXXXXXXXXXXXXXXXXXXXXXXXX0XXXXXXXXXXXXXXXXX0XXXXXX0X0XX0XXXXXX0XXXXXXXXXXXXXX0XX0XXXXXXXXXXXXXXXXXXXXXXXXX00+
X0XXXXXXXXXXXXXX0XXXXXXXXXXXXXXXXXXXXXXXXXXXXXXXXXXXXXXXXXXXX


Generation 50/50  F=U(0.445, 1.0)  N_hist=9000
------------------------------------------------------------------------------------------------------------------------
00XXXXXX0XXXXXXX1XXXXXXXXX00XXXXXXXXXXXXXXXXXXXXXX0XXXXXXXXXXXXXXX0XXX0XXXXXXXXXXXXXXXXXXXXXXXXXXXXXXXXXX0X00XXXXXXXXXXX
XXXXXXXXXX00XXXXXXXXXXXXXXXXXXXXXXXXX0X0XXXXXX0XX0XXXXXXXXXX

Maximum number of iterations reached.

SSE=13.539 on eval 9180: L=2.78932e+07 b=2.44197* r=0.315296 rf=0.825409 t0=59.0824 th=10.6818


Shutting down DE...
DE shutdown complete.

Final population:
Population: 180 individuals with SSE 13.539 to 13.929, avg eval time 0.0298 sec. Top 7:

        SSE |     13.539       13.547       13.547       13.551       13.565       13.565       13.568  
------------------------------------------------------------------------------------------------------------------------
          L | 2.7893e+07   1.6316e+07   6.9942e+07   3.6231e+06*  3.1662e+07   7.5753e+07   6.7627e+07  
          b |      2.442*      4.1674       8.1699       0.9183*      5.3382      0.27684*   0.0014012* 
          r |     0.3153      0.34246      0.33441      0.33582       0.3159      0.35447       0.3488  
         rf |    0.82541      0.86157      0.84644      0.83677      0.84583       0.8681      0.89009  
         t0 |     59.082       58.345       58.525       58.138       58.996       57.585       58.336  
         th |     10.682        12.08       11.555       11.716       11.784       13.063       13.406  
------------------------------------------------------------------------------------------------------------------------
Best individual:
<SSE=13.5391 L=2.78932e+07 b=2.44197* r=0.315296 rf=0.825409 t0=59.0824 th=10.6818>


Elapsed time: 141.17 seconds

Saved final population of best parameter combinations to covid19.dat
Shutting down...
Task Queue is shut down
Goodbye
Decompressing and parsing covid19.csv.bz2...
Cumulative and new cases reported thus far for Germany
------------------------------------------------------------------------------------------------------------------------
000	01/22	0	0
001	01/23	0	0
002	01/24	0	0
003	01/25	0	0
004	01/26	0	0
005	01/27	1	1
006	01/28	4	3
007	01/29	4	0
008	01/30	4	0
009	01/31	5	1
010	02/01	8	3
011	02/02	10	2
012	02/03	12	2
013	02/04	12	0
014	02/05	12	0
015	02/06	12	0
016	02/07	13	1
017	02/08	13	0
018	02/09	14	1
019	02/10	14	0
020	02/11	16	2
021	02/12	16	0
022	02/13	16	0
023	02/14	16	0
024	02/15	16	0
025	02/16	16	0
026	02/17	16	0
027	02/18	16	0
028	02/19	16	0
029	02/20	16	0
030	02/21	16	0
031	02/22	16	0
032	02/23	16	0
033	02/24	16	0
034	02/25	17	1
035	02/26	27	10
036	02/27	46	19
037	02/28	48	2
038	02/29	79	31
039	03/01	130	51
040	03/02	159	29
041	03/03	196	37
042	03/04	262	66
043	03/05	482	220
044	03/06	670	188
045	03/07	799	129
046	03/08	1040	241
047	03/09	1176	136
048	03/10	1457	281
049	03/11	1908	451
050	03/12	2078	170
051	03/13	3675	1597
052	03/14	4585	910
053	03/15	5795	1210
054	03/16	7272	1477
055	03/17	9257	1985
056	03/18	12327	3070
057	03/19	15320	2993
058	03/20	19848	4528
059	03/21	22213	2365
060	03/22	24873	2660
061	03/23	29056	4183
062	03/24	32986	3930
063	03/25	37323	4337
064	03/26	43938	6615
065	03/27	50871	6933
066	03/28	57695	6824
067	03/29	62095	4400
068	03/30	66885	4790
069	03/31	71808	4923
070	04/01	77872	6064
071	04/02	84794	6922

Re-evaluating 180 loaded Individuals...
------------------------------------------------------------------------------------------------------------------------
  000      13.6 -->     13.6  
  001      13.6 -->     13.6  
  002      13.6 -->     13.6  
  003      13.6 -->     13.6  
  004      13.7 -->     13.7  
  005      13.7 -->     13.7  
  006      13.6 -->     13.6  
  007      13.6 -->     13.6  
  009      13.6 -->     13.6  
  010      13.6 -->     13.6  
  008      13.7 -->     13.7  
  019      13.7 -->     13.7  
  013      13.5 -->     13.5  
  014      13.5 -->     13.5  
  015      13.8 -->     13.8  
  016      13.6 -->     13.6  
  018      13.6 -->     13.6  
  011      13.7 -->     13.7  
  012      13.6 -->     13.6  
  020      13.6 -->     13.6  
  017      13.6 -->     13.6  
  021      13.7 -->     13.7  
  022      13.7 -->     13.7  
  026      13.6 -->     13.6  
  025      13.6 -->     13.6  
  023      13.6 -->     13.6  
  028      13.6 -->     13.6  
  029      13.6 -->     13.6  
  031      13.6 -->     13.6  
  027      13.7 -->     13.7  
  030      13.6 -->     13.6  
  032      13.7 -->     13.7  
  024      13.7 -->     13.7  
  038      13.7 -->     13.7  
  033      13.7 -->     13.7  
  034      13.6 -->     13.6  
  035      13.6 -->     13.6  
  037      13.7 -->     13.7  
  042      13.6 -->     13.6  
  036      13.6 -->     13.6  
  039      13.7 -->     13.7  
  040      13.6 -->     13.6  
  041      13.6 -->     13.6  
  043      13.8 -->     13.8  
  044      13.7 -->     13.7  
  046      13.6 -->     13.6  
  045      13.7 -->     13.7  
  049      13.6 -->     13.6  
  050      13.8 -->     13.8  
  051      13.7 -->     13.7  
  047      13.6 -->     13.6  
  052      13.9 -->     13.9  
  053      13.6 -->     13.6  
  054      13.7 -->     13.7  
  048      13.6 -->     13.6  
  056      13.6 -->     13.6  
  059      13.6 -->     13.6  
  060      13.7 -->     13.7  
  055      13.6 -->     13.6  
  057      13.7 -->     13.7  
  058      13.7 -->     13.7  
  061      13.7 -->     13.7  
  063      13.7 -->     13.7  
  062      13.6 -->     13.6  
  064      13.8 -->     13.8  
  065      13.7 -->     13.7  
  071      13.6 -->     13.6  
  067      13.8 -->     13.8  
  068      13.7 -->     13.7  
  069      13.7 -->     13.7  
  070      13.6 -->     13.6  
  074      13.7 -->     13.7  
  072      13.6 -->     13.6  
  075      13.7 -->     13.7  
  066      13.7 -->     13.7  
  073      13.6 -->     13.6  
  076      13.6 -->     13.6  
  082      13.6 -->     13.6  
  079      13.7 -->     13.7  
  083      13.6 -->     13.6  
  084      13.7 -->     13.7  
  077      13.7 -->     13.7  
  086      13.6 -->     13.6  
  078      13.7 -->     13.7  
  080      13.6 -->     13.6  
  081      13.7 -->     13.7  
  087      13.7 -->     13.7  
  085      13.7 -->     13.7  
  093      13.7 -->     13.7  
  094      13.6 -->     13.6  
  088      13.7 -->     13.7  
  089      13.6 -->     13.6  
  090      13.7 -->     13.7  
  091      13.6 -->     13.6  
  092      13.6 -->     13.6  
  095      13.7 -->     13.7  
  097      13.6 -->     13.6  
  098      13.7 -->     13.7  
  096      13.6 -->     13.6  
  105      13.6 -->     13.6  
  099      13.7 -->     13.7  
  100      13.8 -->     13.8  
  101      13.6 -->     13.6  
  102      13.7 -->     13.7  
  103      13.7 -->     13.7  
  107      13.7 -->     13.7  
  108      13.6 -->     13.6  
  104      13.6 -->     13.6  
  106      13.7 -->     13.7  
  109      13.7 -->     13.7  
  117      13.7 -->     13.7  
  110      13.6 -->     13.6  
  111      13.6 -->     13.6  
  112      13.6 -->     13.6  
  113      13.7 -->     13.7  
  114      13.5 -->     13.5  
  115      13.7 -->     13.7  
  116      13.7 -->     13.7  
  120      13.7 -->     13.7  
  119      13.7 -->     13.7  
  118      13.6 -->     13.6  
  122      13.6 -->     13.6  
  125      13.6 -->     13.6  
  121      13.6 -->     13.6  
  123      13.6 -->     13.6  
  124      13.7 -->     13.7  
  127      13.6 -->     13.6  
  126      13.6 -->     13.6  
  128      13.6 -->     13.6  
  131      13.7 -->     13.7  
  129      13.7 -->     13.7  
  130      13.7 -->     13.7  
  132      13.6 -->     13.6  
  133      13.6 -->     13.6  
  139      13.6 -->     13.6  
  134      13.6 -->     13.6  
  135      13.7 -->     13.7  
  136      13.6 -->     13.6  
  137      13.7 -->     13.7  
  138      13.7 -->     13.7  
  140      13.6 -->     13.6  
  141      13.7 -->     13.7  
  142      13.6 -->     13.6  
  147      13.6 -->     13.6  
  143      13.6 -->     13.6  
  144      13.6 -->     13.6  
  145      13.7 -->     13.7  
  146      13.7 -->     13.7  
  148      13.6 -->     13.6  
  149      13.7 -->     13.7  
  150      13.7 -->     13.7  
  151      13.6 -->     13.6  
  152      13.6 -->     13.6  
  153      13.6 -->     13.6  
  154      13.6 -->     13.6  
  155      13.8 -->     13.8  
  156      13.6 -->     13.6  
  157      13.7 -->     13.7  
  158      13.6 -->     13.6  
  159      13.6 -->     13.6  
  161      13.8 -->     13.8  
  160      13.6 -->     13.6  
  162      13.7 -->     13.7  
  163      13.6 -->     13.6  
  164      13.6 -->     13.6  
  165      13.6 -->     13.6  
  166      13.6 -->     13.6  
  169      13.7 -->     13.7  
  170      13.6 -->     13.6  
  167      13.8 -->     13.8  
  168      13.7 -->     13.7  
  171      13.7 -->     13.7  
  173      13.6 -->     13.6  
  174      13.7 -->     13.7  
  175      13.6 -->     13.6  
  172      13.7 -->     13.7  
  176      13.6 -->     13.6  
  179      13.6 -->     13.6  
  178      13.6 -->     13.6  
  177      13.6 -->     13.6  



Population: 180 individuals with SSE 13.539 to 13.929, avg eval time 0.0227 sec. Top 7:

        SSE |     13.539       13.547       13.547       13.551       13.565       13.565       13.568  
------------------------------------------------------------------------------------------------------------------------
          L | 2.7893e+07   1.6316e+07   6.9942e+07   3.6231e+06*  3.1662e+07   7.5753e+07   6.7627e+07  
          b |      2.442*      4.1674*      8.1699       0.9183*      5.3382*     0.27684*   0.0014012* 
          r |     0.3153      0.34246      0.33441      0.33582       0.3159      0.35447       0.3488  
         rf |    0.82541      0.86157      0.84644      0.83677      0.84583       0.8681      0.89009  
         t0 |     59.082       58.345       58.525       58.138       58.996       57.585       58.336  
         th |     10.682        12.08       11.555       11.716       11.784       13.063       13.406  
------------------------------------------------------------------------------------------------------------------------
Best individual:
<SSE=13.5391 L=2.78932e+07 b=2.44197* r=0.315296 rf=0.825409 t0=59.0824 th=10.6818>

Performing DE with CR=0.8, F=U(0.5, 1.0), DE/rand-1.00/1/bin
------------------------------------------------------------------------------------------------------------------------

SSE=13.539 on eval 180: L=2.78932e+07 b=2.44197* r=0.315296 rf=0.825409 t0=59.0824 th=10.6818

Press the 'Enter' key to abort.

Generation 1/50  F=U(0.5, 1.0)  N_hist=9180
------------------------------------------------------------------------------------------------------------------------
XXXXXXXXXXXXXXXXXXXXXXXX0XXXXXXXXXXX00XXXXXXXXXXXXXXXXXXX0X0XXXXXXXX0XX0XXXXX0XXXXXX0X0XXXXXXXXXXX00XXXXXXXXXXXXXXXXXXXX
XXXXXXXXXXXXXXXXX0X00XXXXX0XXXX0XXXXXXXXX0XX0XXXXXXXXXXXXXXX


Generation 2/50  F=U(0.5, 1.0)  N_hist=9360
------------------------------------------------------------------------------------------------------------------------
X00XXXXXXXXXX00XX0XXXXXXXX0XXXXXXXXX0XXXXXXXXXXXXXX0XX0XXXXXXXXXXXXX0XX0X0XXXXXXXXXX0X0XXXXXXXXXXX0XXXXXXXXXXXXXXXXXX000
X00XXXXX0XXXXXXXXXXXXX0XXXXXXXXXXXXXXXXXXXXXXXXXXXXXXXXXXXXX


Generation 3/50  F=U(0.5, 1.0)  N_hist=9540
------------------------------------------------------------------------------------------------------------------------
0XXXX0XXXXXXXXXXXXXXXXXXXXXXXXXXX0X0XXXXXX0XXXXXXXXXXXXXXXXXXXXXXXXXXXXXXXXXXXXXXXXXXX0XXXXXXX0X0XXXXXXXXXXXXXXX0XXXXXXX
XXXXXXXX0X0XXXXXXXXXXXXXXXXXXXX00XXXXXXXXXXXX0XXXXXXXXXXXXXX


Generation 4/50  F=U(0.445, 1.0)  N_hist=9720
------------------------------------------------------------------------------------------------------------------------
000X0XXXXXXXXXXXXXXXXXXXXXXXXX0X0XXXXX0XXX0XXXXXXXXXXX0XXXXXX0XXXXXXXXXXXXXXX0XXXXXXXX0XXXXXXXXXX0XXXXXXXXXXXXXXXXXXXXXX
0XX0XXXXX0XXXXX00XXXXXXXXX0XXXXXXXXX0XX0XXX0XXXXXXXXXXXXXXXX


Generation 5/50  F=U(0.39605, 1.0)  N_hist=9900
------------------------------------------------------------------------------------------------------------------------
00X0XXXXXXXXXXXXXX0XXXX0XXXXXX0XXXXXXXXXXXXX0XXX00XXXX0XXXX0XXXXXXXXXXXXXX0XXXXXXXXXXXXXXXXXX000XXXXXXXXX0XX0X0XXXXXXXXX
XXXXXXXXXXXXX00X00XXXXXXXXXXXXXXXXXXXXXXXXXXXX0XXXXXXXXXXXXX


Generation 6/50  F=U(0.3524845, 1.0)  N_hist=10080
------------------------------------------------------------------------------------------------------------------------
00XXXXXXXX0XXXXXXXXX00XXXXXXXXXXX000XXXXXXXXXXXXX0XXXXXX0XXXXXXX0+XXX0XXXXXXX00XXXXXX0XXXXXXXXXXXXXXXXXXXXXXXXXXXXXXXXXX
0XXXXX00X0X0XX0XXXXXXXXX0XXXXXXXXXXXXXXXXXX0XX0XXXXXXXXXXXXXX


Generation 7/50  F=U(0.390550158526, 1.0)  N_hist=10260
------------------------------------------------------------------------------------------------------------------------
0000X0XXX0X0XXXX0XXXXXXX0XXXX0XXXXXXXXXXXXXXXXXXXXXX0X0X00XXXXXXXXXXXXXXXXX0XXXXXXXXXXXXXXXXXXXXXXXXXXXXX0XXXXXXXXXX0XXX
XX0XX0XXXXXXXXXXXXXXXXXXXXXXXXXXXXXXXXXXXXXXXXXXXX0XXXXXXXXX


Generation 8/50  F=U(0.347589641088, 1.0)  N_hist=10439
------------------------------------------------------------------------------------------------------------------------
0X00XXXXXXXX0XX00XXXXXX0XXXXXXXXXXXXXX0XXXXXXXXX0XXXXXXXX0XXX0X0XXXXXXXXXXXXXXXXXXXXXXXXXXXXX00XXXXXXXXXXXXXXXXXXXXXXXXX
XXXX0XXXXXXXXXXXXXXXXXXXXXX00XXXXXXXXXXXXXXXXXXXX0XXXXXXXXXX


Generation 9/50  F=U(0.309354780568, 1.0)  N_hist=10620
------------------------------------------------------------------------------------------------------------------------
000X0XXXXXXXXX0XX0XXXXXXXXXXXXXXXXXXXXXXX000XXXXXXXXXXXX0XXXXXXXX0XXXXXXXXXXX0XX0XXX0XXXXXXXXXXXXX0XXXXXXXXXXXX0XXXXXXXX
0XX0X0XXXXXXXXXXXXXXXXXXXXXXXXXXXXXXXXXXX00XXXXXXXXXXXXXXXXX


Generation 10/50  F=U(0.342762755785, 1.0)  N_hist=10800
------------------------------------------------------------------------------------------------------------------------
0X0XXXXXXXXXXX0XXXXXXXXXXXXXXXXXXXXXXXXXXXXXXXXXXXXXXXXXXXXXXXX0XXXXXXXXXX0XXXX0XX0XXXXXXXXXXXXXXXXXXXXXXX0XXXXXXX00X0XX
XXXXXX0XXXXXX0XXXXXX0XXXXXXXXXXXXX0XXXXXXXXXXXXXXXXXXXXXXXXX


Generation 11/50  F=U(0.305058852649, 1.0)  N_hist=10980
------------------------------------------------------------------------------------------------------------------------
0000X0X0XXXXXXXXX00XXXX0XXXXXXXXXXXXXXXX0XXXXXXXXXXXXXXXXXXXXXXXXXXXXXXXXXXXXXXXXX0XXXXXX000XXXXXXXXXXXX0X00XXXXXXXXXXXX
XXXXXXXXXXXXXXX0X0XXXXXX0XXXXXXXXXXXXXXXXXXXXXXXXXXXXX0XXXXX


Generation 12/50  F=U(0.33800290016, 1.0)  N_hist=11160
------------------------------------------------------------------------------------------------------------------------
00000XXX00XXXXXXXXXXXXXXXXXXXX0X0XXX0XX0XXXXX000X0XXXXXXXXXX0XXX0XXXXXXXXXXXXXXXX0XXXXXXX0XXXXXXX0000XXXXXXXXXXXXXXX0XXX
XX00XXXXXXXXXXXXXX000XXXXXXXXXXXXX0XX0XXXXXXXXXXXXX00XXXXXXX


Generation 13/50  F=U(0.374504655495, 1.0)  N_hist=11340
------------------------------------------------------------------------------------------------------------------------
0XXXX00XXX0XXXX0XXX0X0XXXXXXXXXXX0XXXXXXXXXXXXXXXXXXXXXXXX0XXXXXX0XXXX0XX0XXXXXXXXXXXXXXX0XXXXXXXXXXXXX0XX00XXXXXXXXXXXX
XXXX0XXXXXXXXXXXXX0X0XXXX00XXXXXXXXXXXXXXXXXXXXXXXXXX00XXXXX


Generation 14/50  F=U(0.414948324173, 1.0)  N_hist=11520
------------------------------------------------------------------------------------------------------------------------
00XXXXX0XXXXXX0XXX0XXXXXX0XX0XX0XXXXXXXXXXXXXXXXXXXXXXXXXXXXXXXXXXXXXXXXX00X000XXXX00XXXXXXXXXXXXXXXXXXXXX0XXX0XXXXXXXXX
XXXXXXXXXXXXXXXXXXXXXXXXXXXX0XXXXXXXXXXXXXXXXXXX0XXXXXXXXXXX


Generation 15/50  F=U(0.369304008514, 1.0)  N_hist=11700
------------------------------------------------------------------------------------------------------------------------
00XX0X0XXX0XXXXXXXXXX0XXX0XXXXXXXXXXXXXXXXX0XXXXXXXX0XX0X00X0XXXXXX0X0XXXXXXXXX0XXXXXXXXX0XXXXXXXXXXXXXXXXXXXXXXXXXXX0XX
XX0XXXXXXX0XXXXXXX0XXXXXX00X0XXXXXXXXXXXX00XXXXXXXXXX00XXXXX


Generation 16/50  F=U(0.409186046675, 1.0)  N_hist=11878
------------------------------------------------------------------------------------------------------------------------
0X0XXXXXXXXXXXXXXXXXX00XXXXXXXXXXXXXXXXXXXXXXXXXXXXXXXXXXXXXXXXXXXXXX0XXXXXXXXX0XX0XXXX0XXX00XXXX000XXXXX0XXXXXXX0XXXXXX
XXX0X0XXXXXXXXX0XXXXXXXXX0XXXXXXXXXXXXXXXXXXXXXX0XXXXXXX0+X0X


Generation 17/50  F=U(0.453375043145, 1.0)  N_hist=12059
------------------------------------------------------------------------------------------------------------------------
00XXXX0XXXXXX00XXXXXXXXXXXXXXXXXX0XXXXXXXXXXXXXXXXXXXXXXXXXX0XXXXX0XXXXXXXXXXXXXXXXXXXXXXXXXXXXXX0XXX00XXXXXXXXXXXXXXXXX
XX0XXXXXXXXXXXXXX0XXXXXXXXXXXXXXXXXXXXXXXXX0+0XXXXXXXXXXXXXXX


Generation 18/50  F=U(0.403503788399, 1.0)  N_hist=12240
------------------------------------------------------------------------------------------------------------------------
00X0XXXXXXXXXXXXX0XXXXX00XXXXXXXXXXXXXXXX0XXXXXXXXXXXXXXXXXXXXXXXXXXXXXXXXXXXXX0XXXXXXXXXXXXXXXXXXXXXXXXXXX0XXX0XXXXXXXX
XXXXXXXXX0XXXXXXXXXXXXXXXXXXXXXX00XXXXXXXXX0X0XXXXXXXXXXXXXX


Generation 19/50  F=U(0.447079143976, 1.0)  N_hist=12420
------------------------------------------------------------------------------------------------------------------------
0000000XX0XXXX0XX0X0X000XXXXXXXXXXXXXXXXXXXXXXXXXXXXXXXXXXXXXXXX0XXXXXXXXXXXXXXXXXXXXX00XXXXXXX00XX0XXX0XX0XXX0XXX0XX0XX
XXXXXXXXXXXXXXXXXXXXXXXXXXXXXXXXXXXXXXXXXXXXXXXXXXX00XXXXXXX


Generation 20/50  F=U(0.397900438139, 1.0)  N_hist=12600
------------------------------------------------------------------------------------------------------------------------
000XXXXXX0XXXXXXXXXXXXXXXXXX00XXXX0XX0XXXXX0XXXXXXXXXXXXXXXXXXXXXXXX0XXXXXXXXXXXXXXXXXX0XXXXXXXXXXXXXXXXXX0X0XXXXXXXXXX0
XXXXX0XXXXXXXXXXXXX0XXXXXXXXXXXXXXXXXXXXXX00XXXXXXXXXXXXXXXX


Generation 21/50  F=U(0.440870674292, 1.0)  N_hist=12780
------------------------------------------------------------------------------------------------------------------------
000X000X0X0XXXXXXXXXXXXXXXXXXXXXX0XXXXX0XXXX0XXXXXXXXXXXXXXXXX0XXXX0XXXXXXXXXXX0XXXXX0XXXXXXXXXXXXXXX000XXXX0XXXXXXXXXXX
X0XX00XXXXX0XXXXXX0XXXX0XXXXXXXXXXXXXXXXXXX0XXXXXXXXXXXXXXXX


Generation 22/50  F=U(0.488481370767, 1.0)  N_hist=12960
------------------------------------------------------------------------------------------------------------------------
0XXXXXXX0XXXXXXXXX00XXXXXXXXXXXXX0X00XXXXXXXXXXXXX0XX0XX0XXXXXXXX00XXXX0XXXXX0XXXXXXXX0XXXXXXXX0XX0000XX0XXX0XXXXXXXXXXX
XXXX0XXXXXXXX00XXX0XXXXXX00XXXXXXXXXXXXXXXXXXXXXX0XXXXXXXXXX


Generation 23/50  F=U(0.5, 1.0)  N_hist=13140
------------------------------------------------------------------------------------------------------------------------
00000X0XXX0XXXXXXXXXXXXXXXXXXXXXXXXXXXXXXXXXXXXXXXXXXXXXXXXX0X00000X00XXX0XXXXXXXXX0XXXXXXXXXXXXXXXXXXXXXXXXXX00XXX0XXXX
XXXXXXXXXXXXXXXXXX0XXX00XXXXXX0XXXXXXXXXXXXXXXXXXXXXXXX0X0XX


Generation 24/50  F=U(0.445, 1.0)  N_hist=13320
------------------------------------------------------------------------------------------------------------------------
000X00XXXXXXXXXXXXXXXXXXXX000XXXXX0XXXXXX000X0XXXXX0X0XXXXXXXXXX0XXXXXXXXXXXX0XXXXXXXXXXXXXXXXXXXXXXXXXXXXXXXXX0XXXXXXX0
XXXXXXXXXXXXXXXX0X0XXXXXXXXXXXXXXXXXX0XXXXXXXXXXXXXXXXXXXXXX


Generation 25/50  F=U(0.493056632402, 1.0)  N_hist=13500
------------------------------------------------------------------------------------------------------------------------
XXXXXXXXX0X0XXXXXXXXXXXXXXXXXXXXX0XX0XXXXXXX0XXXXX0XXXXXX00XXX0XXXXXXXXXX0XXXXXXXX00XXXXXXXXXXXXXXXXXXXXXXXXXXXXXXXXX0XX
XXXXX0X00XXXXXXXXXXXXXX0XXXXXXXXXXXXXXXXXXXXXXXXXXXXXXXXXXXX


Generation 26/50  F=U(0.5, 1.0)  N_hist=13680
------------------------------------------------------------------------------------------------------------------------
000X0XXX0X0XXXXXXXXXXXXXXXXXXXXXXXXXXXXXXXXXXXXXXX0XXXXXXXXXXX0XXXXXXXXXXXXXXX00XXXXXXXXX0XX0XXXXXX00XXX0XXXXXXXXXXXXX0X
0XXXXXXXXXX0XXXX0XXXXXXXXXXXX0XXXXXXXXXX0XXXXXX0XXXXXXXXXXXX


Generation 27/50  F=U(0.445, 1.0)  N_hist=13860
------------------------------------------------------------------------------------------------------------------------
00X00XXXXXXXXX0XXXXXX0XXXXXXXXXXXXXXXXXXXXXXXXXX00XXXXXXXXXXXXXXXX00XXXXXXXXX0XXX0XXXXX0XXXXXXXXXXXXXXXXXXXXX0XXXXXXXXXX
X0XXXXXXXXXXXXXXXXXXXXXXXXXXXXXXXXXXXXXXXXXXXXXXXXXXXXXXXXXX


Generation 28/50  F=U(0.493056632402, 1.0)  N_hist=14040
------------------------------------------------------------------------------------------------------------------------
00XXXXXXXXXXXXXXXXXXXXXXX0XXXXXXXXXXXXXXXXX0XXXXXX0XXXXXXXXXXXXXXXX00XX0X0XXXXXXXXXXXXXXXXXXXXXX0XXXXXXXXXXXXX0XXXXXXXXX
XXXXXXXXXX00XXXXXXXXXXX0X0XXXXXXXXXXXXXXXXXXXXXXXXXXXXXXXXXX


Generation 29/50  F=U(0.438820402838, 1.0)  N_hist=14220
------------------------------------------------------------------------------------------------------------------------
000X0X0XXXXXXXXXXXXXXXXXXXXXXXX0XXXXXXXXXXXXXXX00XX00XXXXXXXXXXXX000XXXXXXX0XXXXXXXXXXXXXXXX00XXXXXXXXXXXXXXXXX0XXXXXXXX
X0XXXXXXXXX0XXX0000XXXXXXXXXXXXXXXXXX0XXXX0XXXXXXXXXXXXXXXXX


Generation 30/50  F=U(0.486209685511, 1.0)  N_hist=14400
------------------------------------------------------------------------------------------------------------------------
00XXXXXXXXXXXXXXXXXXXXXXXXX0XXX00XXXXXXX0XXXXXXXXXXXXXXXXXXXXXXXXX0XXXX0XX0XXXXXXXXXXXXXXXXXXXX0XXXXXX0XXXX0X0XXXXXXXXXX
XXX0XXX00XXXXXXX0XXXXXXXXXXXXX00XXXXXXXXXXXXX0XXXXXXXXXXXXXX


Generation 31/50  F=U(0.5, 1.0)  N_hist=14580
------------------------------------------------------------------------------------------------------------------------
0XXXXXXX00X00X0XXXXXX00XXXXXXXXXXXXXXXXX00XXXXXXXXXXXX0XXXXXXXXXXXXXXXXXXX0XXX0X0X0X0XXXXXXXXXXXXXXXXXXXXXXXXXXX00XXXXXX
XXXXXXXXXXXXXX00XXXXXXXXXXXXXXXXXXXXXXX0XXXXXXXX0XXXX0XXXXXX


Generation 32/50  F=U(0.5, 1.0)  N_hist=14760
------------------------------------------------------------------------------------------------------------------------
0X00XXXXXXXXXXX00XXXXXXXXX0XXXXXXX0XXXXXXX0XXXXXX00XXXXXXXXXX0X0XXXXX0XXXXX00XXXXXXXXXXX00XXXXXX0XXXXXX0XXXXX0X0+XXXXXXX
XX0XXXXXXXXXXXXXXXXXXXXXXXXXXX00XX0XXXXXXXXXXXXXXXX0XXXXXXXXX


Generation 33/50  F=U(0.5, 1.0)  N_hist=14939
------------------------------------------------------------------------------------------------------------------------
000XXXXXXXX0XXXXXXXXXXXXXXXX0XXXXXXXXXXX0XXXXXXXXXXXX00XXXXX00XXXXXXXXXX0XX0XXXXXXXXXX00X0XXXXXXXXXXXXXXXXXXXXXX0X0XXXXX
XXXX000XXXXXXXXXXXXXXX0XXXXXXXXXXXXXXXXXXXXXXXXXXX0XXXXXXXXX


Generation 34/50  F=U(0.445, 1.0)  N_hist=15120
------------------------------------------------------------------------------------------------------------------------
00000XXXXXXXXX0XX0XX0X0XX0XXXXXXXXXXXX0X0XXX0XX0XXXXXXXX0XXXXX0XXXXX0XXXXXXXXXXX00XXX00XXXXXXXXXXXX0X0XXX0XXXXXXXXXX000X
XXXXXXXX0XXXXXXXXXXXXXXXXXXXXXXXXXXXXXXXXXXXXX0XXXXXXXXXXXXX


Generation 35/50  F=U(0.493056632402, 1.0)  N_hist=15299
------------------------------------------------------------------------------------------------------------------------
000000X0XXXXX00XXXXXXX0XXXXXXXXXXXXXXXXX0XXXXXXXXXXXXX0XXXXXXXXXXXXXXXXXX0XXX0XXXXXXXXXX00XX0XXXXXXXXXXXXXXXXXXXXXXXX0XX
XXXXXX0XX0XXXXXXXXXX0XXXXXXXXXXXXXXXXXXXXX0XXXXXXXXXXXXXXXXX


Generation 36/50  F=U(0.5, 1.0)  N_hist=15480
------------------------------------------------------------------------------------------------------------------------
00X0XXXXXXXXXXX0XXX0XXXXXXXXXXXXXXXXXX0000XXXXXXXXXX0XXXXXX00XX0XXXXXXX00XXXXXXXXXXXXXXXXXXXX00XXXXXXXXXXXXXX0X00XXXXX0X
X0XX0XXXXXXX0XXXXXXXX0XXXXXXXXXXXX0XXXXXXXXX0XXXXXXXXXXXXXXX


Generation 37/50  F=U(0.445, 1.0)  N_hist=15660
------------------------------------------------------------------------------------------------------------------------
00XXXX0XXXXXXXXXXXXXXXXXXXXXXXX0X0XXXXX00XXXXXXXXXXXXXXXX0XXX00X0XXXXXXXXXXXXXXXXXX0XXXXXXXX0XXXXXXXX0XX0X0XX0XX0XXXXXX0
0XXX00X0XXXXXXXX000XX0XXXXX0X0XXXXXXXXXXXXXXXXXXXXXXXXXXXXXX


Generation 38/50  F=U(0.493056632402, 1.0)  N_hist=15840
------------------------------------------------------------------------------------------------------------------------
0000X000XXX00XXXX0XXXXX0XXX0XXXXXXXXXXXXXXXX000XXXXXXXXX0XXX0X0XXXXX0XXXXXXXXXXX0XXXXX0XXXXXXXXXXXXXX00XXXXXXXXXXXXXXXXX
XXXXXXXXXXX00XXXXXXXXXXXXXXXXXXXXXXXXX0XXXXXXXXXXXXXXXXXXXXX


Generation 39/50  F=U(0.5, 1.0)  N_hist=16020
------------------------------------------------------------------------------------------------------------------------
000XXXXXXXX0XXXXXXXXXXXXXXXXXXXXXXXX000X0XXXXXXXXXXXX0XXXX0XXXXXXXXX000XXXXXX0000XXXXXXXX0000XXXXX0XXXX0XXXXXXXXX00XXXXX
XXXX0XXXXXXXXX0XXXXXXXXX0XXXXXXXX0XXXXX0XXXXXXXXXXXX0XXXXXXX


Generation 40/50  F=U(0.5, 1.0)  N_hist=16200
------------------------------------------------------------------------------------------------------------------------
00X00XXXX0XXXXXXXXXXXXXXXXXXXXXXXXXXXXXXXXXXXXXXXX00XXXXXXXXXXXXXXXXXXXXXX0XX0XXXXXXXXXXXXXX00000XX0XXXXXXXXXXXXXXXXXXX0
X0XXXXXXXXXXXXX00XXXXXXX0XXXXXXXXXXXX0XXXXXXXXXXXXXXXXXXXXXX


Generation 41/50  F=U(0.445, 1.0)  N_hist=16380
------------------------------------------------------------------------------------------------------------------------
0000X0XXXXXXX0XXXX0XX0X0XXXXXXXXXXXXXXXXXXXXX0XXXXX0XXXX0XXX0XXXXX0XXXX0XXXXXXXXXXXXX0XXXXXXXXXXXXXXXX0XXXXX0+XXXXXXXXXX
XXXXXXXX0XXXXXXXXXXXXXX00X000XXXXXXXXXX0XXXX0XXXXXXXXXXXXXXXX


Generation 42/50  F=U(0.493056632402, 1.0)  N_hist=16560
------------------------------------------------------------------------------------------------------------------------
XX0XXXXXXXX0X0X0XXXXX0XX0XXXXXXX0XXXXXXXXXXXXXXXXXXXXXXXXXXXX0XXXX0XXX000X000XXXXXXX0XXXXXX0XXXX0XXXXXX0XX0XXXXXXXXXXXXX
XXXXXXXXX0X0XXXXXXXXXXXXXXX00XXXXXXXXXXXXXXXXXXXXXXXXXXXXXXX


Generation 43/50  F=U(0.5, 1.0)  N_hist=16740
------------------------------------------------------------------------------------------------------------------------
000XXXXXXXXXXXXXXXXXXXXXXXXXXXXXXXXXXXXXXXXXXXXXXX0XXXXXXXXXXXXXXXXXXXXXXXXXXXXXXXXXXXX0XXXXXXXXXXXXXXXX0XXXXXX0XXXXXXXX
XXXXXXXXXXXXXXXX0XXXXXXXXXXXXXXXXXXXXXX0XXXXXXXXXXXXXX0XXXXX


Generation 44/50  F=U(0.445, 1.0)  N_hist=16920
------------------------------------------------------------------------------------------------------------------------
000000X00XX0X0X0XXXXXXXXXXXXX0XXXXXXXXXXXXXXXXX0X00XXXXXXXX0XXXXX0XXXX0XXXX0XXX0XXXXXX0XXXXXXXXXXXXXXXXXXXXXXX0+XXXXXXXX
XXXXXXX000XXXX00X0XXXXXXXXXXXXXXX0XXXXXXXXXXXXXXXXXXXX0XXXXXX


Generation 45/50  F=U(0.493056632402, 1.0)  N_hist=17100
------------------------------------------------------------------------------------------------------------------------
0000000XXX0XXXXXXXXXXXXXXXXXX0XXXXXX0XXXXXXXXXX0XXXXXXXXXX0XXXXXXXXX0XXXXXXXXXXXXXXX0XXXXXX000XXXXXXXXXXXXX000XXXXXXXXXX
XX0XXXXXXXXXX0XXXXXXXXXXXXXXX0XXX0XXXXXX0XXXXXXXXXXXXXXXXXXX


Generation 46/50  F=U(0.5, 1.0)  N_hist=17280
------------------------------------------------------------------------------------------------------------------------
0X0XXXXXXXXXXXXXXX0XXXXXXXXXXXXXXXXXXXXXXX0XXXXXXXXXXXXX0XXXXXXXXXXXXXXXXXXXXXXXXXXXXXXXXXXXXXXXXXXX0XXXXXXXX0XXXXXXXXXX
XXXXXXXXX0X00XXXXXXXXXXXXX0XXXXXXXXXXXXXXXXXXXXXXX0XX0XXXXXX


Generation 47/50  F=U(0.445, 1.0)  N_hist=17460
------------------------------------------------------------------------------------------------------------------------
0000XXXXX0XXXXX0XXXX0XXXXXXXXXX0X0XXXXXXXXXXXXXXXXXXX0X0XXXXXXXXXXXXXXXXXXXXX0XXXXXXXXXXXXXXXXXXXXXX0XXXXX0XXXXXXX0XXXXX
0X0XXXXXXXXXXXXXXXXX0XX00XXXX0XXXXXXXXXXXXXX0XXXXXXXXXXXXXX0


Generation 48/50  F=U(0.493056632402, 1.0)  N_hist=17639
------------------------------------------------------------------------------------------------------------------------
00XXXXXXXXX0XXXXXXXXXXXXXXX0XXXXXXXXX00XXXXXXXX0XXXXXXXXXXXXXXXXXXX0XXX0XXXXXXXXX0XXXXXXXXXXXXXXX0XXX0XXXXXXXXXX0X00X0XX
XXXX0XXXX0+XXXXXXX0XXXXXXXXXXXXXXX0XXXXXXXXXXXXXXXXXXXXXXXXXX


Generation 49/50  F=U(0.5, 1.0)  N_hist=17820
------------------------------------------------------------------------------------------------------------------------
X0X0XXXXXXXXXXXXXX0XXXXXXXXXXXXXXXXXXXXXXXXX0XXXXX0XXXXXXXX00XXXXXXXXXXXXXXXX0XXXXXXX0XXXXXX00XXXX0XXXXXX0XX0XXXXXXXXXXX
XXXXX0X0XX0XXX0XXXXXX0XXXXXXXXXXXXXXX0XXXXXXXXX0XXXXXX0XXXXX


Generation 50/50  F=U(0.5, 1.0)  N_hist=18000
------------------------------------------------------------------------------------------------------------------------
000X0XXXXXXXX0XXXXXX0XXXX0XXXXXXXXXXXXXX0XXXXXX0XXXXXXXXXX0XXXXXX0XXX0XXX0XXXXX0XXXXXXXXXXXXXXXX0XXXXXXXXXXXXXXXX0000X0X
XXXXXXXXX0XXXXXXXXXXXXXXXX0XXXXXXX0XXXXXXXXXXXXXXXXXXXXXXXX0

Maximum number of iterations reached.

SSE=13.53 on eval 9180: L=4.27504e+07 b=0.119827* r=0.324776 rf=0.840604 t0=58.7821 th=11.373


Shutting down DE...
DE shutdown complete.

Final population:
Population: 180 individuals with SSE 13.53 to 13.547, avg eval time 0.0349 sec. Top 7:

        SSE |      13.53       13.531       13.531       13.531       13.531       13.532       13.532  
------------------------------------------------------------------------------------------------------------------------
          L |  4.275e+07   8.2776e+07** 6.8994e+07   2.7704e+07   6.3668e+07   5.9267e+07   3.9252e+07  
          b |    0.11983*     0.47173*     0.34278*    0.044699*     0.86527*     0.45922*      0.2206* 
          r |    0.32478      0.32586      0.33029      0.32358      0.32956      0.32891      0.32713  
         rf |     0.8406      0.84601      0.84737      0.83945      0.84915      0.84238      0.84502  
         t0 |     58.782       58.778       58.629       58.787        58.62       58.604       58.683  
         th |     11.373       11.578       11.649       11.396       11.773       11.427       11.667  
------------------------------------------------------------------------------------------------------------------------
Best individual:
<SSE=13.5303 L=4.27504e+07 b=0.119827* r=0.324776 rf=0.840604 t0=58.7821 th=11.373>


Elapsed time: 287.67 seconds

Saved final population of best parameter combinations to covid19.dat
Shutting down...
Task Queue is shut down
Goodbye
