Decompressing and parsing covid19.csv.bz2...
Cumulative and new cases reported thus far for Singapore
------------------------------------------------------------------------------------------------------------------------
000	01/22	0	0
001	01/23	1	1
002	01/24	3	2
003	01/25	3	0
004	01/26	4	1
005	01/27	5	1
006	01/28	7	2
007	01/29	7	0
008	01/30	10	3
009	01/31	13	3
010	02/01	16	3
011	02/02	18	2
012	02/03	18	0
013	02/04	24	6
014	02/05	28	4
015	02/06	28	0
016	02/07	30	2
017	02/08	33	3
018	02/09	40	7
019	02/10	45	5
020	02/11	47	2
021	02/12	50	3
022	02/13	58	8
023	02/14	67	9
024	02/15	72	5
025	02/16	75	3
026	02/17	77	2
027	02/18	81	4
028	02/19	84	3
029	02/20	84	0
030	02/21	85	1
031	02/22	85	0
032	02/23	89	4
033	02/24	89	0
034	02/25	91	2
035	02/26	93	2
036	02/27	93	0
037	02/28	93	0
038	02/29	102	9
039	03/01	106	4
040	03/02	108	2
041	03/03	110	2
042	03/04	110	0
043	03/05	117	7
044	03/06	130	13
045	03/07	138	8
046	03/08	150	12
047	03/09	150	0
048	03/10	160	10
049	03/11	178	18
050	03/12	178	0
051	03/13	200	22
052	03/14	212	12
053	03/15	226	14
054	03/16	243	17
055	03/17	266	23
056	03/18	313	47
057	03/19	345	32
058	03/20	385	40
059	03/21	432	47
060	03/22	455	23
061	03/23	509	54
062	03/24	558	49
063	03/25	631	73
064	03/26	683	52
065	03/27	732	49
066	03/28	802	70
067	03/29	844	42
068	03/30	879	35
069	03/31	926	47
070	04/01	1000	74
071	04/02	1049	49
072	04/03	1114	65

Initializing 180 population members having 6 parameters
------------------------------------------------------------------------------------------------------------------------

SSE=0.84321 on eval 1: L=4.02157e+06 b=3.02083 r=0.238445 rf=0.799885** t0=60.4848 th=2.34403

*

SSE=0.62529 on eval 2: L=4.40853e+06 b=1.44957 r=0.106564 rf=0.335254 t0=66.7319 th=8.15051

!1302441

SSE=0.60106 on eval 10: L=4.73134e+06 b=0.195769* r=0.17288 rf=0.513098 t0=59.8418 th=6.94764

!121112

SSE=0.53993 on eval 17: L=1.90667e+06 b=1.29437 r=0.183942 rf=0.655133 t0=59.7255 th=8.90373

!1232223114142243434252142135323221412234146111121244135511212112344322111121112212110131422142221122452
21221125242211341220562211211112124!121212112433220204131322

Population: 180 individuals with SSE 0.53708 to 3.3477, avg eval time 0.583 sec. Top 7:

        SSE |    0.53708      0.53993      0.54107      0.54213      0.54674      0.54925      0.56148  
------------------------------------------------------------------------------------------------------------------------
          L | 9.8361e+05   1.9067e+06    4.948e+06   3.1058e+06   2.4803e+06   1.0607e+06   3.0117e+05  
          b |     1.6936       1.2944       2.5284       1.7912       3.2247       3.6477       1.1336  
          r |    0.21316      0.18394      0.14116      0.11744      0.13044      0.15997      0.14866  
         rf |    0.72197      0.65513      0.53197      0.52253      0.55407      0.55222      0.49307  
         t0 |     59.146       59.726       65.251       66.955       66.507       64.571        61.37  
         th |     7.2269       8.9037       4.1656       2.1981       3.0914       1.7652       6.3972  
------------------------------------------------------------------------------------------------------------------------
Best individual:
<SSE=0.5371 L=983606 b=1.69357 r=0.213163 rf=0.72197 t0=59.146 th=7.22685>


Population: 180 individuals with SSE 0.53708 to 3.3477, avg eval time 0.583 sec. Top 7:

        SSE |    0.53708      0.53993      0.54107      0.54213      0.54674      0.54925      0.56148  
------------------------------------------------------------------------------------------------------------------------
          L | 9.8361e+05   1.9067e+06    4.948e+06   3.1058e+06   2.4803e+06   1.0607e+06   3.0117e+05  
          b |     1.6936       1.2944       2.5284       1.7912       3.2247       3.6477       1.1336  
          r |    0.21316      0.18394      0.14116      0.11744      0.13044      0.15997      0.14866  
         rf |    0.72197      0.65513      0.53197      0.52253      0.55407      0.55222      0.49307  
         t0 |     59.146       59.726       65.251       66.955       66.507       64.571        61.37  
         th |     7.2269       8.9037       4.1656       2.1981       3.0914       1.7652       6.3972  
------------------------------------------------------------------------------------------------------------------------
Best individual:
<SSE=0.5371 L=983606 b=1.69357 r=0.213163 rf=0.72197 t0=59.146 th=7.22685>

Performing DE with CR=0.8, F=U(0.5, 1.0), DE/rand-1.00/1/bin
------------------------------------------------------------------------------------------------------------------------

SSE=0.53708 on eval 180: L=983606 b=1.69357 r=0.213163 rf=0.72197 t0=59.146 th=7.22685

Press the 'Enter' key to abort.



Generation 1/75  F=U(0.5, 1.0)  N_hist=180
------------------------------------------------------------------------------------------------------------------------
XXXXXX24X11XXXX310X2XXXX1X222121X2X24XX3X1X2XX12X2X2X132X2X31X1X22XXX2X132X2X22XX1XX221X2X2X3X1312

SSE=0.52502 on eval 278: L=5.44316e+06 b=4.91266** r=0.178859 rf=0.683751 t0=63.1363 th=4.02916

+2XXXXXXXXX3X1313X1XXX
1X213123X0X1X02XXX4X1XXXXXX11X4XX41X1X2XX31113X213XX1XXXX1X32


Generation 2/75  F=U(0.5, 1.0)  N_hist=360
------------------------------------------------------------------------------------------------------------------------
XX03X21XXXXX22X12X1XXXXXXXX1X112XXXXX1X101XX2222121XX11310XXX1X11X110XXXXXXXXXX1X1122XXX1XXXXX11X12X1XXXXX1X11XXX11XX13X
2X1X1XX1XX1XXX2XX1X121102X1X2XXX11XXX1XXX1XXXXX11X31XXXX1XX2


Generation 3/75  F=U(0.5, 1.0)  N_hist=540
------------------------------------------------------------------------------------------------------------------------
XXXXX11XXXXX1XX0X1XXXXX1XX11X111

SSE=0.50767 on eval 572: L=855774 b=0.143617* r=0.161449 rf=0.727336 t0=64.584 th=8.06555

+1XXXXXX11XX311X2+X1XXX1X1XXX1XXXXX1X11X1X1XX21X1XXX1XXXX1XXX21XX0XXX11X1XXX1X21X11XXXXX
X1111XXXXX11XXXX10XX11XX1X0XX1XXXXXX21XXXXXXXXX1XX1XXX1XXX11XX


Generation 4/75  F=U(0.5, 1.0)  N_hist=720
------------------------------------------------------------------------------------------------------------------------
11XXX1XX1XXXXX11XXX1XXXXXX0XXXX1XXXXXXX1XXXXXX0XX1XXX01XXXXX112XX1XX1XXXXX111XXXXXXXXXXXX11XXX1X1XXX1X1XX1XXXXXX11XXXX1X
1X1XXXXX1X11XX12XX1XX1XXX1XXXX1X1X11XXX1XXX1XXXX1XXXXXX1X11X


Generation 5/75  F=U(0.5, 1.0)  N_hist=900
------------------------------------------------------------------------------------------------------------------------
XX1XXXX1XXXXXXX1XXX1XX1XXXXX1XX1XXXXXX11XXXX1X11X10XX1XXXX11XXXXXXXXXX1X0XXX11XXXXXXX0X1XX1X1XX1XXXXXXX1XXXXXXXXXX2+X0XX
X1X0XXXXX11XX1XXXXXXXXX1XXXXXXXXX1XXXXX1XXXXXXX1XXX1XXXX1X1X1


Generation 6/75  F=U(0.5, 1.0)  N_hist=1080
------------------------------------------------------------------------------------------------------------------------
1X1X1X1X1X1X1XXX1X1XX1XXXXXXX11XXXXXXXXX1XXXXX2XXX00XXXXXXXXXXX11XXXXX112XX1X1XXXX111XXX1XX11X0XX1XXXXXXXX1XXXX11XXXXXXX
XXXXXXXX1X0XXXX1XXX11XXXXXXXXXXXXXXXXXXXXXXXXXXXX1X1X100XXXX


Generation 7/75  F=U(0.5, 1.0)  N_hist=1260
------------------------------------------------------------------------------------------------------------------------
XXXXXXXX1XX1XXXXX1XX11XXXXXXXXXXXX1XXX01XXXXXX1XXXXXXXXXX1X1XX111XXXX1XXXX1XXXXXX1111XXXXXXXX1XX0XXXXXXX1XXXXXX1XXX111X1
X00XXXXXXXX1X1XXX1XXX0XX1110X0XXXXXXXXXX1XXXXX11XXXXX1XXXXXX


Generation 8/75  F=U(0.5, 1.0)  N_hist=1440
------------------------------------------------------------------------------------------------------------------------
1XXX1XXXXXXXXXXXXXXXXXXXXXXXXX11XX1X1+XXX1XX1XXX0X1XXXX0XXX1X111XXX1X0XXXXXXXXXXXXXXXX1XXXX11XX00XXX01XXXXXXXXXXXXXXXXXX
1X1X1XXXXXXXXXXXXX11XX0XXXXXXXXXXXXXX1XXXX0X1XXXXXXXX1XXX0XXX


Generation 9/75  F=U(0.5, 1.0)  N_hist=1620
------------------------------------------------------------------------------------------------------------------------
0011X111XXXXXXXXXX11XXX1XXXXXXXX111XXX1XXXXXXXX1XXXXX111X1X1XXXXXXXXXXXX1XX1XXXXXXX1X11XXXXXXXXXXXXX11XXXX11XXXXXXXX111X
XXXXXX1XXXXXXX11XXXXXXXXXXXXX1X111X1XXX1XXXXXXXXXXXXXXXXXXXX


Generation 10/75  F=U(0.5, 1.0)  N_hist=1800
------------------------------------------------------------------------------------------------------------------------
1111X11XXXXXXXXXXXXXXXXXXXXXXXXXXXXXXX1XXXXXX111XXX0XX111000XXXX0XX01XX1X1XXXX0XXXXXXXXXXXXXX11X10XXXXXXXXX11XXXXX01XXX0
XXXXXXXXXXXXXXXXX10XXXXXX1XXXXXXXXXXXXXXXXXXXXXXXXXXXXX1XXXX


Generation 11/75  F=U(0.5, 1.0)  N_hist=1980
------------------------------------------------------------------------------------------------------------------------
1111XXXXX1XXXXXX1XX0XXXXXX1XXX1XX1XX0X1XXXXXXXXXX0XXX1XXXXXXXXXXXXX1X11XXXXXXXXXXXXXXXXXXXXXXXXXXXXXX111XXXX10X1XX1XXX1X
XXX1XXX1XXXXX11X10XXXXXXX1XXXXXX1X1XX1XXXXXXXXXXXX1XXXXXXXXX


Generation 12/75  F=U(0.5, 1.0)  N_hist=2160
------------------------------------------------------------------------------------------------------------------------
11X111XXXX1XXXXXXXXXXX10XXXXXXXXXXXXXX11X10X1XXXXXXXXXXX00XX1XXXXX1XXX1XXXXXXXXXXXX0XXXXXXXXXXXXXXXXXXXXXXXXXXXX110X1XXX
XXX0XX1X00XXXXXXXXXXXXXXXXXXXXXXXXXXXXXX111XXXXXXXXXXXXX1XXX


Generation 13/75  F=U(0.5, 1.0)  N_hist=2340
------------------------------------------------------------------------------------------------------------------------
1011X1XXXXX1XX0XXXXXXXXXXXXXXXXXXX10XXX00XXXX11XXXXXXXXXXXXXXXXXXXXXXXXXXXX101XXXXXXXXXXXX0XXXXX1XXXX11XX0XXXXXXX11XXXXX
X0XXXXXXXXXXXXXXXXXXX10X0XXXXXX1X1XXX1XXXXXXXXXXXXXXXXXXXXXX


Generation 14/75  F=U(0.5, 1.0)  N_hist=2520
------------------------------------------------------------------------------------------------------------------------
XX01X01XXXXXXX0XXX000XXX111X0XXXX1+0XXX11XXXXX01XXXXXXXXXXXXXXXXX1XX1001X00XXXXXXXXXXXXXXXXX1XXXXXXXXXXXXXX1XXXXXXXXX0X1
XXXXXXXXXXX1XXXX01X0XXXXXXXXXXXXXXXXX0XXXXXXXXXXX1XXX1+XXX0XXX


Generation 15/75  F=U(0.5, 1.0)  N_hist=2699
------------------------------------------------------------------------------------------------------------------------
11111XXXXXXXX0XX1XXXXXXXXXXXX001110XXX011X11

SSE=0.49725 on eval 2764: L=3.00559e+06 b=0.847624 r=0.165449 rf=0.629501 t0=63.3934 th=4.30954

+XXXXXX0XXX1XXXXXXXXXXXXXXXXX0XX1XXXXXX00XXX010X1XX1XXX0XXXXXX01XXXXXXXXX10X
XXXXXXXX0XX0X11XXXX1XXXX0XX1XXX0X0XXXX0XXXXXXXXXXXXXXXXXXXXXX


Generation 16/75  F=U(0.5, 1.0)  N_hist=2880
------------------------------------------------------------------------------------------------------------------------
XX1XX01X0XX10XX0XXXXXXXXXXXXXX1XXXX0X0X1X0XXXXX1XX1XXXXXXXXXXXXXX1XX11XXXXXXXX1XXXXXX11XXXXXXX0XXXXXXX00XXXXXXXXXXXXXXXX
101100XX01XX0XXXXXXX0XXX0XXXXXXXXXXXXXXXXXXXXXXXXXXXXX0XXXXX


Generation 17/75  F=U(0.5, 1.0)  N_hist=3060
------------------------------------------------------------------------------------------------------------------------
0000101XX10XXXXXXX0XXXXXXXXX1XXXXX01XXXXXXXXXXXXXXXXXX0XXX1XXX10XXXXXXXXXX0XX11XXXXX1XXXXX1X1XXXXXXXXXX000X0XXXXXXXXXX0X
XX1XXXXXXXXX1XXX0XXXXXXXXXXXXXXXXXXXXXXXX1XXXXXXXXXXXXXXXXXX


Generation 18/75  F=U(0.5, 1.0)  N_hist=3240
------------------------------------------------------------------------------------------------------------------------
100111X0XXXXX01XXXXXX0XXXXX0XXXXXXX1X001X0XX00XXXX1XXXXXXXXXXXXX10X0100X1XXXXXXX1XXXXXXXX1XXXX0XXX011XXXXXXXX00XXXXX1XXX
XXXXXXXXXX0XXXXX10X1X0X1X1+XXXXXXXXXXXXXXXXXXXXX1XX1XXXXXXXXX


Generation 19/75  F=U(0.5, 1.0)  N_hist=3420
------------------------------------------------------------------------------------------------------------------------
0X1X1X01+0XXXXXX0X1X0XXXXX0XXXXXXXXXXXXXXXX0XXXXXXXXXXXXXX0011XXXXXXXXXXXX0XXX0XXXXXXXXXXXXXXXXX00XX1XXXXXXXXXXXX01XX1XX
XXXXX0XXXXXX1XXXXXXX11XXX11XXXXX1XX0XXXXXXXXXXXXXXX0XXXXXXXXX


Generation 20/75  F=U(0.5, 1.0)  N_hist=3600
------------------------------------------------------------------------------------------------------------------------
100XX1XXXXXXXXXXX10XXXXXXXX0XXX0X101X0XXXXXXXXXXXXXXXXXXXXX00X0XXX011XXXX1XXX0XXXXXXXXXXXX0XX0XXXXXXXXXXX1X0X0XXX1X10XX0
0XXXXXXXXX0XXXXXXXXXXX100XXXXXX0XXXXXXXX1XXXXXXXXXXXXXXXX0XX


Generation 21/75  F=U(0.5, 1.0)  N_hist=3779
------------------------------------------------------------------------------------------------------------------------
11X0XXXXXXX1X1XX0XX1XXXXXXXXXX0XXXXX1XXXXXXX10XXXXX10XXXXXXXXXXXX0XXXXXXXXXX0XX00XXXXXXXXXXXX00XXXXXXXXXXXXXXXXXXXXXXXXX
XXXX10XXXXXXXXX0XXX1XXXXXXX0XXXXXXXXXXXXXXXXXXXXXXXXXXXXXXXX


Generation 22/75  F=U(0.5, 1.0)  N_hist=3960
------------------------------------------------------------------------------------------------------------------------
001100X0XX0XXXXX1XXXXXXXXXXXXX0XXXXXXXXXXXXXX0X10X1XXXXXXXXXXXXXXX0010X1XXXXXXXXXXX0XXXXX00XXX01XXX0XXXXX0XX00XXXXXXXXXX
XXXXXXXXXXXXXXXXXXXXXXXX0XXXXXXXXXXXXXXXXXXX1XXXXXXXXXXXXXXX


Generation 23/75  F=U(0.5, 1.0)  N_hist=4140
------------------------------------------------------------------------------------------------------------------------
10X0XX0XXXXX0XXXXXX00XXXXXXXXXX0XXXXXXXX0XXXXXXXXXXXX00XXXX1X100XXXXXXXXXXXXXXX00010XXXXXXXXXX0XXXXX0XXXXXXXXXXXXXX1XXXX
XXXXXXXXX100X00X10XXXXXXXX0XXXXXXX00XXXX1XXXXXXXXXXXXXXXXXXX


Generation 24/75  F=U(0.5, 1.0)  N_hist=4320
------------------------------------------------------------------------------------------------------------------------
000000X110XXXXXXXXXXXXXXX0X1XXXX1XXXXXXXXXXXXXX00XX0XXXXXXXXXXXXXX1001XXXXXXXXXXXXXXX01XXXXXXX0XXXXXXXXX1XXXXXXXXXXXXXX0
1X0XXXXXXXXXXXXXXXX0XXXXXXXXXXX1X11XXXXXX0XXXXXXXXXX01XXXXXX


Generation 25/75  F=U(0.5, 1.0)  N_hist=4500
------------------------------------------------------------------------------------------------------------------------
011XXX0XX000XXXXXXXXXXXXXXXXXXX0XXXXXXXXXX00XX0XXX0XXX1XXXX0XXXXXXXXXXXX011000X0XXXXXXXX0X11XX000XXXXXXXXXXX00XXXXXXX0XX
1XXXXXXX0XXXX0X0X0XXXXXXXXXXXX11XXXXXXXXXXXXXXXXXXXXXXXXX0X0


Generation 26/75  F=U(0.5, 1.0)  N_hist=4679
------------------------------------------------------------------------------------------------------------------------
000000X000XXXXXXXXXXXXXXXXXXXXX0XXX0XXXX0XXXXXXXXXXXXX0XXXXXX0X0XXX01XXXXXXXX0XXXXX0XXXXXXXXXXXXXXXXXXXXXXXXX00001X0XXXX
X00XXXXX0XX0XXXXXXXXXXXXXXXXXXXXX0XXXXX0XX0XXXXXXXXXXXXXXXXX


Generation 27/75  F=U(0.5, 1.0)  N_hist=4860
------------------------------------------------------------------------------------------------------------------------
000X10XXXXXXXX1XXXXXX0XXXXXXXXXXXX0X0XXXXX00X1XXXXXXXXXXXXXXX0XXXXXXX1XXX0XXXXXX0X10XXXXXXXXXXXXXXXXXXXX0XXXXXXXX0X00XX1
X0X0XXXXXXXXXXXXXXX1XXXXX0XXXXXXXXX10XXXXXXXXXXXXXXXXXXXXXXX


Generation 28/75  F=U(0.5, 1.0)  N_hist=5040
------------------------------------------------------------------------------------------------------------------------
00XXXXX0XXXXXX0XXXXXXXXXXXXXXXX0XXXXXXXXX1100X0X0XXXXXXX0XXX0XXXXXXXXXXXX0XXXXXXXXX00XXXXXXXXXXX00X01X01XXXXXXXXXX1XXXXX
XXXXXXXXXXXXXXXXXXXXX0XXXXXXXXXXXXXX010XXXXX0XXXXXXXXX0XXXXX


Generation 29/75  F=U(0.5, 1.0)  N_hist=5220
------------------------------------------------------------------------------------------------------------------------
000XXXXXXX0XXXXXXXXXXX0X0X0XXXXX0010XXXXXXXXXXXXXXX0XXXXXXXXX0XXXXXXXXXXXXXXXXXXXXXXXXXXXXXXX0XXXXXXXXXXXXXX0XXXXX0XXXXX
XXX01X0XX00XXXXXXXXXXXX100XXXXXX0XXXXXXXXXXXXXXX01XXXXXXXXXX


Generation 30/75  F=U(0.5, 1.0)  N_hist=5400
------------------------------------------------------------------------------------------------------------------------
101XXX1XX0XXX0XXXXXXXXXXXXXXXXXXXXXXXXX0001X00X0XX0XX0XX0XXXXXXXXXXXXXX0XXXXXXXXXXXXXX0X00XX1XXXX0XXXXXXXXXXXX0XXXXXX0X0
XX0XXXXXXXXXXXXXXXXXXXXXXXXXXXXXX0XXXXXXX0XXXX1XXXXXXXXXXXXX


Generation 31/75  F=U(0.5, 1.0)  N_hist=5580
------------------------------------------------------------------------------------------------------------------------
00001X1X00XXXX0XXXXXXXXXXXXXXXX000XX0XXXXXXXXXXXXXXXXXXX1XXXXXXXXXXXXXX0X1XXXXXXXXXXXXX00100XXXXXXXXXX0XXXXX0XXX01+000X0
000XXXXXXXXXXXXXXXXXXXXXXX0XXXX1XXXXX1XXXX0XXXXXXXXXXXXXXXXXX


Generation 32/75  F=U(0.5, 1.0)  N_hist=5760
------------------------------------------------------------------------------------------------------------------------
10X0XXXXXX00XX0XXXXXXXX0XXXXXXXXXXXXX0XXXX1XXXXXXXXXXXXXXXX1XXXXXXXXX00XXXXXXXXXXXXXXXXXXXXXXXXXX1XXXXXXXXXX0XXXXXX0XXX0
XXXXXXXXXX0X0XXXXX0XXXX0XX00XXXXXXXXXXXX0XXXXXXXXXXXXX0XXXXX


Generation 33/75  F=U(0.5, 1.0)  N_hist=5940
------------------------------------------------------------------------------------------------------------------------
000X00XXXX00X0XXXXXX01+XXXX0XXXXXXXXXX1XX1XX0XXXXXX0XX00X0XXXXXXXXXXXX000XXXXXX100X1XXXXXXXX1XXXXXXXXXXXXXXXX0XXXXXX0XXX
X0XXXXXXXX0X0X0XXXXXXXX0XXXXXXXXXXXXXXX0XXXXXXX0XXXXXXXXXXXXX


Generation 34/75  F=U(0.5, 1.0)  N_hist=6120
------------------------------------------------------------------------------------------------------------------------
00XXXXX00XXXXXXXXXXXXXXXXXXXXXXXXXXXXXXXXXX0XXXXXXXXXXXXXXXXXXXX0X0001X00XXXXXXXXX0X0XX0XXXXXXXXXX0XXX0XXX0XXXXXXXXXXXXX
XXXXXXX0X00XX0XXX100XXXXXXXXXXXXXXXXXXXXX0XXX0XXXXXXXXXXXXXX


Generation 35/75  F=U(0.5, 1.0)  N_hist=6300
------------------------------------------------------------------------------------------------------------------------
000XXX00XXX00XXXXXX0XXXXXX00XXXXXXXXXXX00XXXXXXXX0XXX0XXXX0XXXXXXXXXXXXXXXXXXXXXXXXXXXXX00XXXXXXXX0XXXXX000XXXXX00XXXX0X
XXXX0X00X0XXXXXXXX0XXXXXX0X0XXXXXXXX0X0XXXXXXXXXXXXXXXXXXXXX


Generation 36/75  F=U(0.5, 1.0)  N_hist=6480
------------------------------------------------------------------------------------------------------------------------
00000X0XXXXX0XX0XXXXXXXXXXXXXXX0X000XXXX0XXXXXXX0XXXXXX1XXXXXXX0XXXXXXXXXX0XXX0X0XXX0XXXXXXXXXXXXXXXXXXX0XXXXXXXX0XXX0XX
000XXXXXX0XXXXXXXX00XXXXXXXXXXX0X0XXXXXXXXXX0XXXXXXXXXXXXXXX


Generation 37/75  F=U(0.5, 1.0)  N_hist=6660
------------------------------------------------------------------------------------------------------------------------
0XXXX0XXXX1X1XXXXXXXX0XXXXXXXXXXXXXX0X0XXXXX0XX00XXXXXX0X0X0X0XX0XXXXXXXXXXX0XXXXXXXXX0XXXXXXXXX0XXX10XXXXXXXX00XXXXXXXX
XXX0XX0XXXXXXXXXXXXX0XXXXXXXXXXXXXXXXXXXX00XXXXXXXXX0XXXXXXX


Generation 38/75  F=U(0.5, 1.0)  N_hist=6840
------------------------------------------------------------------------------------------------------------------------
000000X00X00XXXXXXXXXXXXXXXXXXXXXXXXXX0XXXXXXXXXX0X000000X0XXXXXXX0X000XXXXXXXXXXXXXXX00XXXX0XXXX0X0000XXXXX0XXX0XXXX00X
XXXX0XX0XXX00XXXXXX0XXXX00XXXXXXXXXXXXXXXXXXXXXXXXXXXXXXXXXX


Generation 39/75  F=U(0.5, 1.0)  N_hist=7020
------------------------------------------------------------------------------------------------------------------------
000XX00+XXXXXXX0XXXX0XXXXXXXXXXXXXXXXXXXX0XXXXXX00XX0XXXXXXXXX0XXXXXXX0XXXXXX0XXXXXXXXXXXXXXXXXX0XXX0X00000X0XXXXXXXXX0X
1XXXXX0XXXX01XXXXXX0XXX0XXX0XXX0XXXX0XXXXXX1XXXXXXXXXXX0XXXXX


Generation 40/75  F=U(0.5, 1.0)  N_hist=7199
------------------------------------------------------------------------------------------------------------------------
00000000XXXXXXXX000XXXXXX00X0X0X0XXXXXXXXXXXXXXXXXXXXXXXXX0XX0XXX0XXXXXX0XXXXXXXXXXXXXXXXXXXXXXXXXX0X000XXXXXX0XXXX0X0X0
X0XXXXXXXXXXX0XXXXXXXXX0XXXXXXXXXXX0XXXXXXXX0XXXX0XXXXXXXXXX


Generation 41/75  F=U(0.5, 1.0)  N_hist=7380
------------------------------------------------------------------------------------------------------------------------
0XX00XXXXXXXXXXX0XXXXXXXXXXXXXXXXXXXXX0+0XXXXXX0XXXXX00XXXXXXXXXXXXXXXXXX0XXXX00X0X000X0XXXXXXXXXXXXXX0X0XX0XXXXXXX0XX0X
X0000X0X000000XXXXXXXXXXXXXXXXXXXXXXXXXXXXXX0X0XXXXXXXXXXX0XX


Generation 42/75  F=U(0.5, 1.0)  N_hist=7560
------------------------------------------------------------------------------------------------------------------------
0000000XX0XXXXX0XXX0XXXX0XXX0XXXXXXXXXXXX00XX0X0XXXXXXXXXXX0XXXXXXX00XXXXXXXXXXXXX00XXXXXX0XXXXX0XXXXXX0XX0XXXXX0XXXXXXX
XXXXXXXXX0XXXX00XXXX0XX0XXX0XXXX0XX0XXXXXXXXXXXXXXXXXX000XXX


Generation 43/75  F=U(0.5, 1.0)  N_hist=7739
------------------------------------------------------------------------------------------------------------------------
00X00X0XXX0XXXXXXXXXXXXXXXXXXXXXXX0XXXXXXX00XX00XXX0XXXXXXX0XXXXX0XXXXX0XXXXX0X0XXXXXXXXXXXXXXXX0XXXXXXX0XXXXXXXXXX0XXX0
0XXXXXXXXXXXXXXXXXXXXXXXXXXXXXXXXXXX0XXXXXXXXXX0XXXXXXXXXX0X


Generation 44/75  F=U(0.5, 1.0)  N_hist=7919
------------------------------------------------------------------------------------------------------------------------
000X00XX00XXXXX0XXXXXXXXX0X0XXXXXXXXXXX1XXX0000X000XXX0XXX0XXXXXXXX0XX0XXXXXXXXXXXXXXXXXXXXXXXXXXX000XXXXXXXXXXXXXXXXXX0
0X00X0XXXXXX0XXX0XXXXXXXXXXXXXXX000X0XXX0XXXX0XXXXX0XXXXXXXX


Generation 45/75  F=U(0.5, 1.0)  N_hist=8100
------------------------------------------------------------------------------------------------------------------------
0000000X0XXX0XXX0XX0XXXXXXXXXXX0XXX00XXXXX0XXXXXXX0XXXXXXX0XXXX000XX00X0XXXXXXXXXXXXXX0XXXXXXXXXXXXXXXXXXXXXXXXX00X000X0
XXXX00X0000XXXX0XXXXXXXXXXXXXXXXXXXX000XXXXXXXXXX0XXXXXXXXXX


Generation 46/75  F=U(0.5, 1.0)  N_hist=8279
------------------------------------------------------------------------------------------------------------------------
000XXXXXXXXXX0XXXXXXXXXXXXXX00XXXXXX0XXXXXXXXXX0X00XXXX0XX00XXXXX0XXXXXXXXXXXXXXXXXX00XXXXXXXX0XXX0XXX0XXXXXXX000XX0XXX0
XXXXX0XXXXX0XXX0X0X0XXXXXX00X0XX0XXXXXXXXXXXXXXXX0XXXX0XXXXX


Generation 47/75  F=U(0.5, 1.0)  N_hist=8460
------------------------------------------------------------------------------------------------------------------------
000X0XX0XXX0XX0+00XXXXXXXXXXX00XXXXXXXX0XXXXXX0X00X00X0XX0XXXXXXX00XXXXXXXXXXXXXXXXXXXXXXXXXXXXX0XXXXXXXXXXXX0X00XXXXXXX
XXXXXXXXXX0XXXXXX0XX000XXXXXXX0X0XXXXXXXXXXXXXXXXXXXXX0XXXXXX


Generation 48/75  F=U(0.5, 1.0)  N_hist=8639
------------------------------------------------------------------------------------------------------------------------
0000X0XXXXX000XXXXXXX0XXXXX00X0XXXXXX0XX00X0XXXX0000X00XXX0XXXXX0XX0XXXXXXXXXXXXXXX0000XX0X0XX0X0XXXXX0XX0XX0XXXXXXXXXXX
XXXXXXXXXX00

SSE=0.48727 on eval 8790: L=5.24686e+06 b=0.0522038* r=0.142827 rf=0.558864 t0=64.3727 th=2.63635

+XXXXXXXXX0XX000XXXXXXXXXXXXXXXXXXXXXXXXXXXXXXXXX


Generation 49/75  F=U(0.5, 1.0)  N_hist=8820
------------------------------------------------------------------------------------------------------------------------
0000000000XX000000XXXXXXXXXX0X00XXXXXXXXXX0000000XXX0XXXXXXXXXXXXXXXXXXXXXXX0XXXXXXXXXXX0XXXXXXXXX0XXXXX0XXXXXXXXXXXXXXX
XX0XXXXXX0000000XX0X0XXXXXXXX0XXXXXXXXXXXXXXX00XXXXXXXXXXXXX


Generation 50/75  F=U(0.5, 1.0)  N_hist=9000
------------------------------------------------------------------------------------------------------------------------
0000X0XXXXXXXXX0XXXXXX0XXXXXXXXX0X0XXXXXXXX000XXXXXXX0XXXXXXXXXX0XXXXXXXXX0XXX0XXXXXXXXX00XXXXXXX000X0+X00000000XXXXXXXX
XXXXXXXXXXXXXXXXX0XXXXX00X0+000XXXX0XXXXXXXX0XXXXXXXXXXXXXXXXX


Generation 51/75  F=U(0.5, 1.0)  N_hist=9180
------------------------------------------------------------------------------------------------------------------------
0000X0XXXX0X0XXXXXX0XXX0XXXXXXXXXXX0XXXX0XXXXXXXXXXXX0XXXXXX00X0X00X0XXXXXXXXXX0XXXXXX0XX000XXX0XXXXXXXXXX0XXX0XXXXXX0XX
XXX000X00XXXXXXXXXXXXXX00XXXXXXXX0XXXXXXX0XXXXXXXXXXXXXXXXXX


Generation 52/75  F=U(0.5, 1.0)  N_hist=9360
------------------------------------------------------------------------------------------------------------------------
000XXXXXX0XXXXXXXXXXXXX0XXXXXX0XXXXXXX000XXXXXXXXXX0XXXXX0XXX00XXXXX00XXXXXXXX0XXXXXXXXXXXXXXXXXXX00X0X0XXXXX0XXXXXXXXXX
XXXXXXXXXXXXXXX0XX0XXXXXX0XXX0XXXXXXXXXX0000X0XXXXX0XXXXXXXX


Generation 53/75  F=U(0.5, 1.0)  N_hist=9540
------------------------------------------------------------------------------------------------------------------------
00000X00X0XXXXXXXXXXXXXXXXXXX0XXXXXXXXX0XX00XX0XXX00X0XXXXXXXXXXXXXXX00XXXX000XXXXX0XXX0XXXXXXXXX0XXXXX0XXX000XX00XXXXXX
XXX0X0XXXXXXXXXXXXXXXX0XXXX0X0XXXX0XXXXXXXXXXXXXXXXXXXXXXXXX


Generation 54/75  F=U(0.5, 1.0)  N_hist=9720
------------------------------------------------------------------------------------------------------------------------
00000X00XXXXXX0XX0XXXXX0X0XX0XXXXXXXXXXX00XXXXXXXXXX0XXXXXXXX0XXXXXXXXXXXXX0XXX0XXX0XX00XX0XXXXXXXXXXXXXXXXXXXX0000XX0XX
XXXXXX0XXX0XXX0XXXXX0XXXX0XXXXX0X0XX0XXXXXXXXXXXXXXXXXXXXXXX


Generation 55/75  F=U(0.5, 1.0)  N_hist=9900
------------------------------------------------------------------------------------------------------------------------
0000XXXXXXXXXXXXXX0XXXXXXXXXXXXX00XX00XX000XXXX0X0XXX0XXXXXXX0X00XX0XXXXXXXXXXXXXXXXXXXXXX0XXXXXXXX000XXXXXXXXXXXXXXXXXX
XXX0X0X0XXXXXXXXXXXX0XXXX00XXXXX0+0XXXXX00XXX0X0XXXXXXXXXX00X


Generation 56/75  F=U(0.5, 1.0)  N_hist=10079
------------------------------------------------------------------------------------------------------------------------
00000000X00000XXXX00XX00X00XXX0XXXXXXXX0X0XX0X0XXXXXXXXXXXXXXXXXXX00X0X0XXXX0XXXXX0XXXX0XXXXXXXXX00XXXXXXXX000XXXXXXXXXX
XXXXXXXXXX0XXXXXXXX0XXX0XXXXXXXXXX0XXXX0XXXXXXXXX0XXXXX0XXXX


Generation 57/75  F=U(0.5, 1.0)  N_hist=10259
------------------------------------------------------------------------------------------------------------------------
00XXX0XXXXX00XX0X0XXXXXXXXXXXXXXX00XXXXXX0XXXXXXXXXXXXXXXXXXXXXXXXXXX00X0X00000X0XXXXXXXXXXXXXXXXXXXXXX0XXX0XXXXXXXXXXX0
XXXXXXXXXXXXXXX0X00XXXX000X000X0XXXXXXXXXXXXXXXXXXXXXXX00X0X


Generation 58/75  F=U(0.5, 1.0)  N_hist=10440
------------------------------------------------------------------------------------------------------------------------
0000000X00X0XXXXXX00XXXXXXXXXXX0XXXXXXX0XXXXXX0XXXXX0X000XXX0XXXX0+XXXXX00XXXXXXXXXXXXXXXXXXXX0XXXXX0XX0XXXXXXXXXXXXXXXX
0000X0XX0XXXXXXXXXXXXX00XXXXXXXX00XXX00XXXXXXXXXXXXXXXXXXX000


Generation 59/75  F=U(0.5, 1.0)  N_hist=10617
------------------------------------------------------------------------------------------------------------------------
0000000000X00XXXXXX0XXXXXXXXXXX0XXXXXXXXXXXXXXXXXX0XXXX000XXXXXXXXX00XXX0XXXXXXXXXXXXXXXXXXX0XXXXXXXXXXXXXXXXXXXXXXX00XX
000XX0XXXXXXXXXXXXXXXX0XXXXX0XX0XXXXXXX0XXXXXXX00XXXXXXXXXXX


Generation 60/75  F=U(0.5, 1.0)  N_hist=10800
------------------------------------------------------------------------------------------------------------------------
00X00X0X0XXXXXX00XXXXXXXXX0XXXXX00XXX0XXXXX0XX00XXXXXXXX00X0X0XXXXX0X00XXXXXXXXX0XXXXXXXXXXXXXXXXXXXXXXXXX0XXX000X0000XX
XXXXXXXX000XX0XXXXXXXXXXXXXXXXXXXXXXXX0XXXXXXXXXXXXXXXXXXXXX


Generation 61/75  F=U(0.5, 1.0)  N_hist=10980
------------------------------------------------------------------------------------------------------------------------
0000X0XXXXXX00X0XXXXXXX0XX00XXXXXXXXXXXXX0XXXXXXXXXXXXXXXX0XXXXXXX0XX0XXXXXXXXXX0XXXXXXXXXX0XX0XX0XX0XXXXXXXXXXXXXXXXXXX
X0XXXX00XXXXXXXXXXXXXXXXXXX000X0XXXXXXXXXXXXXXXXXXXXXXXXXXXX


Generation 62/75  F=U(0.5, 1.0)  N_hist=11160
------------------------------------------------------------------------------------------------------------------------
0000X00XXXXXXXXXXX0XX0XXXXXXXXX00XXXXXXX0XXXXXXXX0XXXXX00XXX0XXXXXXXXX0XXXXXX000XXXXXXXXXXXXXX0XXXXXX000XX0XXXXXXXXXX00X
XX0XXXXXXXX00XXX0XXX000XX0XXX0XXXXXXX00XX00XXXX00XXXX0XXXXXX


Generation 63/75  F=U(0.5, 1.0)  N_hist=11340
------------------------------------------------------------------------------------------------------------------------
00000X00XXXXXXX0XXXXXX0XXXXX0XXXX0X0XXXX0XXX00X00X00XXXXXXXXXXXXX000XXXXXX0XXXX000XXXXXXXXXXXXXXXXXXXXXXXXXXXX0XXXXXX0X0
XXXXXXXXXXXXXXXXXXXXXXXXXX0XXXXXXXX00XXXXXXXXXXXXX0XXXXXXXXX


Generation 64/75  F=U(0.5, 1.0)  N_hist=11520
------------------------------------------------------------------------------------------------------------------------
00000X0X0XXXXXXX0XXXXXXXXXXX0X0XXX0XXX00XX0XXXXX0XX0XXXXX00XXXXXX00XX0XX0XX0XXXXXXXX0XXXX0XXXXXXXXXXXXXXXXXXXX0XXX0XXXXX
XXXX0XXXXX000XXXXXXXXX0+0XXXXXXXX0XXX00XXXXXX0XXXXXXXXXXXXXXX


Generation 65/75  F=U(0.5, 1.0)  N_hist=11700
------------------------------------------------------------------------------------------------------------------------
0X0XXXXXXX00XXXX00XX0XXXXX0XXXXXXXX00XXX0XXXX0XX0XXXX00XXXXXXXXXXXXXXXXX0XXXXXX0XXXXXXXXXXXX0X00XXX0XXXXXXXXXXXXXX00XX0X
X0X0X0XXX0XXXXXXXXXXXXX0XXXXX000X00XXXX0XXX0XXXXXXXX0XXXXXXX


Generation 66/75  F=U(0.5, 1.0)  N_hist=11880
------------------------------------------------------------------------------------------------------------------------
0000000X00000XX00XXXXXX0XXXXX0XX0XXXX0XXXXX0X000XXXXXXXXXXXXXXXXXXX0X0XX0XXXXXXXXXXXXXXXXXXXXXX000XXXXXXXXXXX00XXXXXXX00
X00X0X0XXX0XXXX00XXXXXXXXXXX00X00XXXXXXXXXXXXXXX00XXXXXXXXXX


Generation 67/75  F=U(0.5, 1.0)  N_hist=12059
------------------------------------------------------------------------------------------------------------------------
0000000XXXXXXXXXXXXXXXX0XX0XXXXXXX00+XX0XXXX00XXXXXX000XXXXXXX0XXXXXX00XXXX0XXX0XXXX0XXXXXXXXX0XXXXXXXXXX0+0XX0XXXXX00XX
XXXXXXXXXXXXXXXXXXXXXXXX0000X00XX0XXXXXXXXX0XXXXXXXXXXXXXXXXXX


Generation 68/75  F=U(0.5, 1.0)  N_hist=12240
------------------------------------------------------------------------------------------------------------------------
00000XXXX00XX0+XXXXXXXXXXXXXXXXXXXXXXXX000X0X0XXXXXX00XXXXXXX0XXXXXXXXXXXXXXXXXX0XXX00XXXX000XXXXX00X0XXXXXXXXX00XXXXXX0
XXXX0XXXXX0XXXXXXX0XXXXXXXXXXXXXXXXXXXX00XX0XXX0000XXXXXXXXXX


Generation 69/75  F=U(0.5, 1.0)  N_hist=12420
------------------------------------------------------------------------------------------------------------------------
000X00000XXXXXXXXX0X0X0XX0XXXXXXXXXXXXXXXXXXXX00XXXXXXXXXXXXXXX0XXXXXXX00X000XXXXXX0XX000XXXXXXXXX0X0X0XXXXXXXXXXX0XXXXX
X00X0XXXXXXXXXXXXXXXXXXXXXX0XXXXX0XXXXXXXXXXXXXXXXX0XXXXXXXX


Generation 70/75  F=U(0.5, 1.0)  N_hist=12600
------------------------------------------------------------------------------------------------------------------------
000X000XXXX0XXXXXXXXXXXXXXXXXXXXXXXXXXXXXXXX00X00XXX0XXXXXXXXXXXXXX00XXX0XX0XXXXXXXXXXXXX00XXXXX0XXXXXX0XX0X0XX00XXXXXX0
0000XXXXXX0XXXXXXXX0X0XXXXXXXXXXXXXX00XXXXXXXX000XX0XXXXXXXX


Generation 71/75  F=U(0.5, 1.0)  N_hist=12780
------------------------------------------------------------------------------------------------------------------------
00X0XXXXXXXXXXXXXXXXXXXXXXXXXX000XXXXXXXXX0X000X00XXXXXXXXXX00XXXXXXXXXXXXXX0XX0XXX000XXXXXXXX0000XXXXXXXXXX0XXXXXXXXXXX
XXX0XXXXXXXXXXXXX0XX0XXXXXX0X0XXXXXX0XXXXXX0XXXXXXXXXXXXXXXX


Generation 72/75  F=U(0.5, 1.0)  N_hist=12960
------------------------------------------------------------------------------------------------------------------------
00XX0XX0000XXX0XXXXXXX0XX0XXXXXXXXXXX0000XXXXXXXXXXXXX0000XXXXXXXXXXXXXXXXXXXXXXX00XX0XX0XXXXXXXX0XXXXXXXXXXXXXXXXXXXXXX
XXXXXXX0XX0X00XX0XX0XXXX0XXXXXXXXXXXXXXX0XXXXXXXXXXXXX0XXXXX


Generation 73/75  F=U(0.5, 1.0)  N_hist=13140
------------------------------------------------------------------------------------------------------------------------
000XXX000XXXXXX0XXXXXX0X0XXXXXXXXXXXX0XX0XXXXXXXXXXXX0X0XXXXX0XX0XXXX0XXXXXXX0XXX0XXXXXXXXX0XX0X0X0XXXXXXXX00X0XX0XXXXXX
XXXXXXX0XX0XXXXX0XXX0X0XXXX0XXXXXXXXXXXXXXXXXXXXXXXXXXXXXXXX


Generation 74/75  F=U(0.5, 1.0)  N_hist=13320
------------------------------------------------------------------------------------------------------------------------
00000XXXXX0XXXXXXXXXXXXXXXXX00XX0XXXXXXXXXXXXXXX0XXXXXX00X0XXXXXX0XXXXXX00XXXXX0XXXXXXXXXXX0XXXXXX0XXXXXXXXXXX000X0XXXXX
XX00XX0XXXXXXXXXXX00XXXXXXXXXXXXXX00XX0XXXXXXXXXXX0XXXXXXXXX


Generation 75/75  F=U(0.5, 1.0)  N_hist=13500
------------------------------------------------------------------------------------------------------------------------
0000X0000XXXXXXXXX0XXXXXX0XXXXXXXX0X0XXXXXXXXX0XXXXXXXXXXXX0XX0XXXXXXXXXXXXXX00XXXXXXXXXXXXXXX0000XX0XXXX0X0XXXXX00XX00X
0XXX00XXXXXXXXXXXXXXXX00X0XX0XXXXXX0X0XXX0XXXXXXXXXXX0XXXXXX

Maximum number of iterations reached.

SSE=0.48668 on eval 13680: L=3.00567e+06 b=0.000970283* r=0.140741 rf=0.55692 t0=64.5545 th=2.44572


Shutting down DE...
DE shutdown complete.

Final population:
Population: 180 individuals with SSE 0.48668 to 0.48765, avg eval time 0.021 sec. Top 7:

        SSE |    0.48668      0.48669       0.4867      0.48671      0.48672      0.48672      0.48672  
------------------------------------------------------------------------------------------------------------------------
          L | 3.0057e+06   2.4554e+06   4.2499e+06   3.6735e+06   2.4373e+06    3.237e+06    3.932e+06  
          b | 0.00097028*   0.0035599*   0.0046163*   0.0051293*    0.010471*   0.0057792*   0.0039144* 
          r |    0.14074       0.1399      0.14188      0.14035       0.1405      0.14115      0.14133  
         rf |    0.55692      0.55744      0.56254      0.55657      0.55785      0.56373      0.56336  
         t0 |     64.555       64.585       64.474       64.559       64.554       64.531       64.473  
         th |     2.4457       2.4314       2.5055       2.5048       2.4915       2.4705       2.5631  
------------------------------------------------------------------------------------------------------------------------
Best individual:
<SSE=0.4867 L=3.00567e+06 b=0.000970283* r=0.140741 rf=0.55692 t0=64.5545 th=2.44572>


Elapsed time: 180.25 seconds

Saved final population of best parameter combinations to covid19.dat
Shutting down...
Task Queue is shut down
Goodbye
