Decompressing and parsing covid19.csv.bz2...
Cumulative and new cases reported thus far for Korea, South
------------------------------------------------------------------------------------------------------------------------
000	01/22	1	0
001	01/23	1	0
002	01/24	2	1
003	01/25	2	0
004	01/26	3	1
005	01/27	4	1
006	01/28	4	0
007	01/29	4	0
008	01/30	4	0
009	01/31	11	7
010	02/01	12	1
011	02/02	15	3
012	02/03	15	0
013	02/04	16	1
014	02/05	19	3
015	02/06	23	4
016	02/07	24	1
017	02/08	24	0
018	02/09	25	1
019	02/10	27	2
020	02/11	28	1
021	02/12	28	0
022	02/13	28	0
023	02/14	28	0
024	02/15	28	0
025	02/16	29	1
026	02/17	30	1
027	02/18	31	1
028	02/19	31	0
029	02/20	104	73
030	02/21	204	100
031	02/22	433	229
032	02/23	602	169
033	02/24	833	231
034	02/25	977	144
035	02/26	1261	284
036	02/27	1766	505
037	02/28	2337	571
038	02/29	3150	813
039	03/01	3736	586
040	03/02	4335	599
041	03/03	5186	851
042	03/04	5621	435
043	03/05	6088	467
044	03/06	6593	505
045	03/07	7041	448
046	03/08	7314	273
047	03/09	7478	164
048	03/10	7513	35
049	03/11	7755	242
050	03/12	7869	114
051	03/13	7979	110
052	03/14	8086	107
053	03/15	8162	76
054	03/16	8236	74
055	03/17	8320	84
056	03/18	8413	93
057	03/19	8565	152
058	03/20	8652	87
059	03/21	8799	147
060	03/22	8961	162
061	03/23	8961	0
062	03/24	9037	76
063	03/25	9137	100
064	03/26	9241	104
Performing DE with CR=0.8, F=U(0.5, 1.0), DE/rand-1.00/1/bin
------------------------------------------------------------------------------------------------------------------------

SSE=15.648 on eval 0: L=146.377 a=245.634 b=0.0120378* n=0.481837 r=0.0872667 t0=0.911034 ts=29.0387

Press the 'Enter' key to abort.

Generation 1/250  F=U(0.5, 1.0)  N_hist=13991
------------------------------------------------------------------------------------------------------------------------
0X0000XXXXXXXXXXXXXXXXXXXXXXXXXXXX0XXXXX0XXX0XXXXXXXXXXXXX0XXXXX0XXXXXX00XXXXXXXXXXXXX0X01XX0XXXXXXXXXXXX0XXXXXXXXXXXXXX
XXXXXXXXXXXXXXXXXXXXXXXXX0XXXXXXX0XXXXXXXXXXXXXXXXXXXXXXXXXXXXXX0XXXXXXXXXXXXXX0XXXXXXXXXX


Generation 2/250  F=U(0.5, 1.0)  N_hist=14201
------------------------------------------------------------------------------------------------------------------------
0X00X00XXXXXXXX0XXXX0XXXXXXXXXXX00XXXXXXXXXX0XXXXXXXXXXXXXXXXXXXXXXXXXXXXX0XXXX1XXXXXXXXXXXXXXXXXXXX0XX0XXXXXXXXXXXXXXXX
XXXXXXXXXXXXXXXXXXXXXXXXXXXXXXXXXXXXXXXXXXXXXXXXXXXX0XXXXXXX1XXXXXXXXXXXXXXXXXXXXXXXX0XXX0


Generation 3/250  F=U(0.5, 1.0)  N_hist=14409
------------------------------------------------------------------------------------------------------------------------
0XXXXXXX0XXXX0XXXXX0XXXXXXXXXXXXXXXXXXXXXXXXXXXXXXXXXXXXXXXXXXXXXXXXXXXXXXXXXXXXXXXXXXXXXXXXXXXXXXXXXXXXXXX0XXXXXXXXXXXX
XXX0XXXXXXXXXXXXXX0XXXXX0X0X00XX0XXX0XXXXXXXXXXXXXXXXXXXXXXXXXXXXXXXXXXXXXX0XXXXXXXXXXXXXX


Generation 4/250  F=U(0.5, 1.0)  N_hist=14621
------------------------------------------------------------------------------------------------------------------------
0000XXXXXXXXX0XXXXXX1XXXXXXXXXXXXX0XXXXXXXXXXXX0XXXXXXXXXXXXXXXXXXXXXXXXXXXXXXX0XXXXXXXXXX0XXXXX0X0XXXXXXXXXXXXXXXXXXXXX
XXX0XXXXXXXXXX0XXXXXXXXXXXXXXXXX0XXXXXXX0XXXXXXXXX0XXX00XXXXXXXXXXXXXXXXX0XXXXXXXXXXXXXXXX


Generation 5/250  F=U(0.5, 1.0)  N_hist=14831
------------------------------------------------------------------------------------------------------------------------
000X1XXXXXXXXXX0XX1XXXXXXXXXXXXXXX0XX0XXXXXXXXXXXXXXXXXXXXXXXXXXXXXXXXXXXXXXXXXXXXXXXXXXXXXXXX0XXXXXXXXXXXX1XXXXXXXX0XX0
XXXXXXX0XXXXXXXXXXXXXXXXXXXX00XXXXXXXXXXXXXXX0XXXXXXXXXX1XXXXX0XXXXXXXXXXXXXXXXXXXXXXXXXXX


Generation 6/250  F=U(0.5, 1.0)  N_hist=15041
------------------------------------------------------------------------------------------------------------------------
1XXXXXXXXXXXXXXXXXXXXXXXXXXXXXXXXXXX0XXXXXXXX0XXXXXXXXXXXXXXXXXXX0XXXXXXXXXXXXXXXXXXXXXXXX0XXXXXXXX0000XXXXXXXXXXXXXXXXX
XXXXXXXXXXXXXXXXXXXXXXXXXXXXXXXXXXXXXXXXXXXXXXXX1XXXXXXXXXXXXXXXXXXXXXXXXXXXXXXXXXX0XXXXXX


Generation 7/250  F=U(0.445, 1.0)  N_hist=15251
------------------------------------------------------------------------------------------------------------------------
01000XXXXXXXXXXXXXXXXXXXXXX0XXXXXXXXXXXXXXXXXXXXXXXXXXXXXXX1XXXXXXXXXX0XXXXXXXXXXXXXXXXXXX10XXXXXXXXXXXXXXXXXX0X00XXXXXX
XXXXXXXXXXXXXXXXXXX0XXXXXXXXXXXXXXXXXXXXXXXXXXXXXX00XXXXXXXXXXXXXXXX0XXXXXXXXXXXXXXXXXXXXX


Generation 8/250  F=U(0.493056632402, 1.0)  N_hist=15461
------------------------------------------------------------------------------------------------------------------------
00XXXXXXXXXXXXXXXXXXXXXXXXXXXXXXXXXXXXXXXXXXX00XXXXXXXXXXXXXXXXXX0XXXXXXXXXXXXXXXXXXXXXXXX0XXX0XXXXXXXXXXXXXXXXXXXXXXXXX
XXXXXXX0XXXX0XXXXXX0XXXXXXXXXXXXXXXXXXXXX0XXXXXXXXXXXXX0XXXXXXXXXXXXXXXXXXXXXXXXXXXXXXXXXX


Generation 9/250  F=U(0.438820402838, 1.0)  N_hist=15671
------------------------------------------------------------------------------------------------------------------------
10X100XX0XX00XXXX0XXXXXXX0XXXXXXXXXXXXXXXXXX0XXXX0XXXXX0XXXXXXXXXXXXXXX0XXXXXXXXXXXXXXXXXXXXXX0XXXXXXXXXXXXXXXXXXXXXXXXX
0XXXXXXXXXXXXXXXXXXXXXXXXXXXXXXXXXXXXXXXXXXXXX0X0XXXXXXXXXXXXXXXXXXXXXX1XXXXXXXXXXXXXXXXXX


Generation 10/250  F=U(0.486209685511, 1.0)  N_hist=15881
------------------------------------------------------------------------------------------------------------------------
00XXXXXX0XXXXXXXXXXXXXXXXXX0X1XXXX0XXXXXXXXXX0XXXXXXXX00XXXXXXXXXXXXXXXXXXXXX10XXXXXXXXXXXXXXXXXXXXXXXXXXXXXXXXXXXXXXXXX
XXXXXXXXXXXXXXXXXXXXXXXXXXXXXXXXXXXXXXXXXXXXXXXXX0XXXXXXXXXXX0XXXX0XXXXXXXXXXXXXXXXXXXXXXX


Generation 11/250  F=U(0.5, 1.0)  N_hist=16091
------------------------------------------------------------------------------------------------------------------------
00X0XXXXXXXXXXXXX00XXXXXXXXXXXXXXXXXXXXXXXXXXXXXXXXXX0XX0XXXXXXXXXXXXXXXXXXXXXXXXX0XXXXXXXXXX00XXXXXXXXXXXXXXXXXXXXXXXXX
XXXXXXXXXXXXXXXXXXXXXXXXXXXXXXXX0XXXXXXXXXX0XXXXXXXXXXXXXXXXXXXXXXXXXXXXXXXXXXXXXXXXXXXXXX


Generation 12/250  F=U(0.445, 1.0)  N_hist=16301
------------------------------------------------------------------------------------------------------------------------
0XXXXXXXXXXXX00XXXXXXXXXXXXXXXXXXXXXXXXXXXXXXX00X0XXXXXXX00X00XXXXXXX0XX0XXXXXXXXXXXXXXXXXXXXXXXX00XXXXXXX0XXXXXXXXXXXXX
XXXXXXXXXXXXXXXXXXXXXXXXXXXXXXXXXXX0XXXX0+XXXXXX100XXXXXXXXXXXXXXXXXXXXXXXXXXXXXXXXXXXXXXXX


Generation 13/250  F=U(0.39605, 1.0)  N_hist=16511
------------------------------------------------------------------------------------------------------------------------
X0XXXXXXXXXXXXX0XX0XXXXXXXXXXXXXXXXXXXX0X0XXXXXXXXXXXXXXXXX00XXXXXXXXXXXXXXXXXXXXXXXXXXXXXXXXXXXX0X0XXXXXXXXXXXXX000XXXX
XX0XXXXXX0XXXXXXXXXXXXXXXXXXXXXXXXXXXXXXXXX00XXXXXX0XXXX0XXXXXXXXXXXXXXXXXXXXXXX0XXXXXXXXX


Generation 14/250  F=U(0.3524845, 1.0)  N_hist=16720
------------------------------------------------------------------------------------------------------------------------
010000XXXXXXXXXXXXXXXXXXXXXXXXXXXXXX0X0XXXXXXXXXXXX0XXXXXXXXXXXXXXXXXXXXXXX0X0XXXX0XXXXX0XX0XXXXXXXXXXXXXXXXXXXXXXXXXXXX
XXXXXXXXXXXXXXX0XXXXXXX0XXXXXXXXX0XXXXXX0XXXXXXX0XXXXXXXXXXXXXXXXXX0XX0XXXXXXXXXXXXXXXXXXX


Generation 15/250  F=U(0.390550158526, 1.0)  N_hist=16931
------------------------------------------------------------------------------------------------------------------------
0000XXXXXXXXXXXXXXXXXXXXXXXXXXXXXXXX0XXXXXXXXXXXXXXXXXXXXXXX0XXXXXXXXXXXXXXXXX0XXXXXXXXXXXX1XXXXXXXXXXXXXXXXXXXXXXXXXXXX
XXX0XXXXXXX0XXXX0XXXXXXXXXXXXXXXXXXXXXX0X0XXXXXXXX0XXXXXXX0XXXXXXXXXXXXXXX0XXXXXXXXXXXXXXX


Generation 16/250  F=U(0.347589641088, 1.0)  N_hist=17141
------------------------------------------------------------------------------------------------------------------------
0X0+XXXXXXXXXXXXX1XXXXXX0XXXXXXXXXXXXXXXXXXXXXXXXXXXXXXXXXXXXXXXX0XXXXXXXXXXXXXXXXXXXXXXXXXXXXXXXXX0XXXXXXXXXXXXXXXXXXXX
XXXXXXXXXXXXXXXXXXXXXXXXXXXXXXXXX0XXXXXXXXXXXXXXXXXXXXXXX0XXXXXXXXXXXXX0XXXXXXXXXXXXXXXXXXX


Generation 17/250  F=U(0.309354780568, 1.0)  N_hist=17351
------------------------------------------------------------------------------------------------------------------------
000X00XXXXXXXXX0XXXXXXXXXXXXXXXX0XXX0XXXXXXXXXXXXXXXXXXXXXX0X00XXX0XXXXXX0XXXXXXXXXXXXXXXXXXXXXXXXXX000XXXXXX0XXXXXXXXXX
X0XX0XX0XXXXXXX0X00XX0XXXXXXXXXXXX0XXXXXXXXXXXXXXXXXXXXXXXXXXXXXXXXXXXXX0XXXXXXXXXXXXXXXXX


Generation 18/250  F=U(0.342762755785, 1.0)  N_hist=17561
------------------------------------------------------------------------------------------------------------------------
XXXXXXXXXXXXXXXXXXXXXXXXXXXXXXXXXXXXXXXXXXXXXXXXXXXXXXXXXXXXXXXXXXXXXXXXXXXXXXXXXXXXXXXXXXXXXXXXXXXXXXXXXXXXXXXXXXXXXXXX
XXXXXXX0XXX0XXXXXXXXXXXXXXXXXXXX0XXXXX0XXXXXXXXXXXXXXXXXXXXXXXXXXXXXXXXXXXXXXXXXXXXXXXXXXX


Generation 19/250  F=U(0.305058852649, 1.0)  N_hist=17771
------------------------------------------------------------------------------------------------------------------------
000X01XXXXXXXX0XXXXXXXXXXXXXXXXXXX0XXXXXXXXXXXXXX0XXXXXXXXXXXXXXXXXXX0XXXXXXXXX0XXX0XXXXXXXXXXXXXXXX0XXXXXXXXXXXXXXXXXXX
XXXXXXXXXXX0XXXXXXXXXXXXXXXXXXXXXXXXXXXXX0XXXXXXXX0XXXXXXXXXXXXXXXXXXXXXXXXXX0X0XXXXXXXXXX


Generation 20/250  F=U(0.33800290016, 1.0)  N_hist=17981
------------------------------------------------------------------------------------------------------------------------
000X0XXX0X0XXXXXXXXXXXXXXXXXXX0XXXXX0XXXXXXXXXXXXXXXXXXXXXXX0XXXXXXXXXXX0XXXXXX0X0XXXX0XXXXXXXXXXXXXXXXXXXXXXXXXXXXXXXXX
0XXXXXXX0XXXXXXXXXXXXXXXXXXXXXXXXXXXXXXXXXXXXXX00XXXXXXXXXXXXXXXXXXXXXXXXXXXXXXXXXX0XXXXXX


Generation 21/250  F=U(0.300822581143, 1.0)  N_hist=18191
------------------------------------------------------------------------------------------------------------------------
0X0XX00XXXXXXX0XXXXXXXXXXXXXXXXXXXXXXXX0XXX0XXXXXXXXXXXXX0XXXXXXXXXXXXXXXXXXXXX00X0XXXXXXXXXXXXXX0X0XXX00XXXXXXXXXXXXX0X
XXXXXXX0XXXX0XXXXXXXXXXX0XXXXXXXXXXXXXXXXXXXXXX0X000XXXXXXXXXXXXXXXXXXXXXXXXXXXXXXXXXXXXXX


Generation 22/250  F=U(0.33330914339, 1.0)  N_hist=18401
------------------------------------------------------------------------------------------------------------------------
000X00X0XXXXXXXXXXXXXXXXXXXXXXXXXXXXXXXXXX0XXXXXXXX0XXXXXXXXXXXXXXXXXXX0XXXXXXXXXXXXXXXXXXXXXXXXXXXXXXXXXXXXXXXXX0XXXXXX
XXXXXXX0XXXXXXXXXXX000XXXXXXXXXXXXXXXXXXXXXXXX0XXXXX0XXXXXXXXXXXXXXXXXXXXXXXXXX0XXXXXXXXXX


Generation 23/250  F=U(0.369304008514, 1.0)  N_hist=18611
------------------------------------------------------------------------------------------------------------------------
0XXXXXX0XXXXXXXXXXXXXXXXXXXXXXXXXXXXXXXXXXXXXXXXXXXXXXXXXX0XXXXXXXXX0XXXXXXXXXXXXX0XXXXXX0XX0XX0XXX0XXXXXXXXXXXXXXXXXXXX
0XXXXXXXXXXX0XXXXXXXX0XXXXXXXX00000XXXXXXXXXXXX0XX0XXXXXXXXXXXXXXXXXXXXXXXXXXXXXXXXXXXXXXX


Generation 24/250  F=U(0.328680567578, 1.0)  N_hist=18821
------------------------------------------------------------------------------------------------------------------------
0000X0X0XXX0XXXXXXXX00XXXXXXXXXXX0XXXXXXXXXXXXXXXXXXXXXXXXXXXXXXXX0XXXXXXXXXXXXXXXXXXXXXXXXXXXXXXXXXXXXXXXXX0XXXX00XXXXX
XXXX0XXXXXXXXXXXXXXXXXXX0X0XXXXXXXX0XXXX00XXXXXXXX00XXXXXXXXXXXXXXXXXXXXXXXXXXXXXXXXXXX0XX


Generation 25/250  F=U(0.364175581541, 1.0)  N_hist=19030
------------------------------------------------------------------------------------------------------------------------
0X0XXXXXXXXXXXXXXXXXXXXXXXXXXX0XXXXXXXXXXXXXXXXXXX0XXXXXXXXX0XXXXXXX0XXXXXXXX0XXXXXXXX0XXXXXXXX0XXXXXXXX0XXXXXXXXXXXXXXX
0XXXXXXXXXXXXXXXXXXXXXXXXXXXXXXXXXXXXXXXX0XXXXXXXXXXXXXXXXXXXXXXXXXXXXXXX0XXXXXXXXXXXXXXXX


Generation 26/250  F=U(0.324116267571, 1.0)  N_hist=19241
------------------------------------------------------------------------------------------------------------------------
00X0XXXXXXXXXXXXXXX0XXXXXXXXXXXXXXXXXXXXXXXXXXXXXXXXXXXXX0XXXXXXXXXXXXXXXXXXXXXXXXXXXXXXXXXXXXXXXXXXXXXXXXXXXXXXXXXXXXXX
XXXXXXXXXXXXXXXXXXXXXXXXXXXXXXXXXXXXXXXXXXXXXXX0XXXXXXXX0XXXXXXXXXXXXXXXXXXXXXXXXXXXXXXXXX


Generation 27/250  F=U(0.288463478139, 1.0)  N_hist=19451
------------------------------------------------------------------------------------------------------------------------
X0XX0XXXXXXXXX0XXXXX0XXXXXXXXXXXXXXXXXXXXXXXXXXXXX0XXXXX0XXXXXXX0XXXXXXXXXXXXXXXXXXXXXXXXXXXXX0X0XXXXXXXXXXXXXXXXXXXXXXX
XX0XXXXXXXXX0XXXXXXXX0XXXXXXX0XXXXXXXXXXXXXXXXXXX0XXX0XXXXXXXXXXXXXXXXXXXXXXXXXXXXXXXXXX0X


Generation 28/250  F=U(0.319615350791, 1.0)  N_hist=19660
------------------------------------------------------------------------------------------------------------------------
0XXXXXXXXX0XXXXXXXXXXXXXXXXXXXXXXXXXXX0X0XXXX0XX00X0XXXXXXXXXXXXXXXXXX0XXXXXXXXXXXXXXXXXXX0XXXXXXXXXXXXXXX0XXX0XXXXXXXXX
XXXXXXXXX0XX00X0XXXXXXX0XXXXXXXXX0XXXXXXXXXXXXXXXXXXXXXXXXXXXXXXXXXXXXXXXXXXXXXXXXXXXXXXXX


Generation 29/250  F=U(0.284457662204, 1.0)  N_hist=19871
------------------------------------------------------------------------------------------------------------------------
XXXXXXXXXXXXXX0XXXXXXXXXXXXXXXXXXXXXXXXXXX00XXXXXXXX0XXXXX0XXXXXXXXXXXXXXXXXXXX0XXXXXXXXXXXXXXXXXXXXXXXXXX0XXXXXX0X0XXXX
XX0XXXXXXXXXXXXXXXX0XXXX0XXXXXXXXXX0XXXXXXXXXXXXXXXXXXXXXXXXXXX0XXXXXX0XXXXXXXXXXXXXXXXXXX


Generation 30/250  F=U(0.253167319361, 1.0)  N_hist=20081
------------------------------------------------------------------------------------------------------------------------
0X00XXXXXXXXXXXXXXXXXXXXXXXXXX0XXXXXXXXXXXXXX0XXXXXXXXXXXXXXXX0XXXXXXXXXXXXXXXXXXXXXX0XXXXXXXXXXXXXXXXX0XXXXXXXXXXX0XXXX
XXXXXXXX0XXXXXXX0XXXXX0XXXXXXXXXXXXXXXXXXXX0XXXXXX0XXXXXXXXX0XXXXXXX0XXXXXXXXXXXXXXXXXXXXX


Generation 31/250  F=U(0.225318914232, 1.0)  N_hist=20291
------------------------------------------------------------------------------------------------------------------------
X0XXXXXXX0XXXXXXXXXXXXXXXXXXXXXXXXXXX0XXXXX0XXXXXXXXXXXXXXXXXXXXXXXXXXXXXXX00XXXXXXXX00XXXXXXXXXXXXXXXXXXXXXXXXXXXXXXXXX
XXXXXXXXXXXXXXXXXXXXXXX0XXXXXXXXX0XXXXXXXXXXXXXXXXXXX0XXXXXXXXXXXXXXXXXXXXXXXXXXXXXXXXXXXX


Generation 32/250  F=U(0.200533833666, 1.0)  N_hist=20501
------------------------------------------------------------------------------------------------------------------------
XXXXXXXX00XXXXXXXXXXXXX0XXXXXXXX00XXXXXXXXXXXXXXX0XXXXX0XXXXXXXXXXXXXXXXXXXXXXXXXXXXXXXXX00XXXXXXXXXXXXXXXXXXXXXXXXXXXXX
XXXXXX0XXXXXXX0XXXXXXXXXXXXX0XXXXXXXXXXX0XXXXXX0XXXXXXXXXXXXXXXXXXXXXXXXXXXXXXXXXXXXXXXXXX


Generation 33/250  F=U(0.178475111963, 1.0)  N_hist=20711
------------------------------------------------------------------------------------------------------------------------
0X0XXXXXXXXXXXXXXXXXXXXXXXXXXXX0XXXXXXXXXXXXX0XXXXXXXXXXXXXXXXXXXXXXXXXXXXXXXXXXXXXXXXXXX0XXXX0XXXXXXXXXXXXXXXXXXXXXXXXX
XXXXXXXXXXXXXXXXXXX0XX0XXXXXX0XXXXXXXXXXXXX0XXXXXXXXXXXXXXX000XXXXXXXXXXXXXXXXXXXXXXXXXXXX


Generation 34/250  F=U(0.19774907342, 1.0)  N_hist=20921
------------------------------------------------------------------------------------------------------------------------
0X00X0XX0X0XXXXX0XXXXXXX0XXX0XXXXXXXXXXXXXXXXXXXXXXXXXXXXXXXXXXX0XX0XXXXXXXX0XXXXX0XXXXXXXXXXXXXXXXXXXXXXXXXXXXXXXXXXXXX
XXXXXXXX0XXXXXXXX0XXXXXXXXXXXXXXXXXXX0XXXXXXXXXXXXXXXXXXXXXXXXXXXXXXXXXXXXXXX0XXXXXXXXXXXX


Generation 35/250  F=U(0.175996675344, 1.0)  N_hist=21131
------------------------------------------------------------------------------------------------------------------------
000XXXXX0XXXXXXXXXXXXXXXXXXXXXXXXXXX0XXXXXXXXX0XXXXXXXXXXXXXXXXXX000XXXXXXXXXXXXXXXXXXXXXXXXXXXXXXXX0XXXXXXXXXXXXXXX0XXX
XXXXXXXXXXXXXX0XXXXXXXXXXXXXXXXXXXXXXXXXXXXXXXXX0XXX0XXXXXXXXXXXXXXXXXXXXXXXXXX0XXXXXXXXXX


Generation 36/250  F=U(0.195002984402, 1.0)  N_hist=21341
------------------------------------------------------------------------------------------------------------------------
000X0XXXXXXXXXX0X0XXXXXXXXXXXXXXXXXXXXXXXXX0XXXXXXXXXXXXXXXXXXXXXXXXXXXXXXXXXXXXXXX000XXXXXXXXXXXXXXXXX0XXXXXXXXXXXXXX0X
XXXXX0XXXXX0XXXXXXXXXXXXXXXXXXXXXXXXXXX0XXXXXXXXXXXXXX00XXXXXXXXXXXXXXXXXXXXXXXXX0XXXXXXXX


Generation 37/250  F=U(0.173552656118, 1.0)  N_hist=21551
------------------------------------------------------------------------------------------------------------------------
000X0XX00XXXXXXXXXXXXXXXXXXXXXXXXXXXXXXXXX0XXXXXXXXXXXXXX0X00XXX00XXXXXXXXXXXXXXXXX0XXXXXXXXXXXXXXXXXXXX0XXXXXXX0XXXXXXX
XXXXXXXXXXXXXXXXXXXXXXXXXX0XXXXXXX0XXXXXXX0XXXXXXXXXXXXXXX0XXXXXXXXXXXXXXXXXXXXXXXXXXXXXXX


Generation 38/250  F=U(0.154461863945, 1.0)  N_hist=21761
------------------------------------------------------------------------------------------------------------------------
00X00XX0XXXXXXX00XXXXX0XXXXXXX0XXXXX0XXXXXXXXXXXXXXXXXXXXXXX0XXXX000XXXXXXXXXXXXX0X0XX0XXXXXXX0X0XX0XXXXXXXXXXXXXXXXXXXX
XXXXXX0XXXXXXXXXX0XX0XXXXXXXXXXXXXXXXXXX0XXXXXXXXXXXXXXXXXXXXXXXXXXXXXXXXXXXXXXXXXXXXXXXXX


Generation 39/250  F=U(0.137471058911, 1.0)  N_hist=21971
------------------------------------------------------------------------------------------------------------------------
0XXXXXXXX0XXX0XXXXXX0XXXXXXXXXXXXXXXXXXXXXXX000X0XXXXXXXXXXXXXXXXXXXXXXXXXXXXXXXXXXXXXXX0XXXXXXXXXXXXXXXXXX0XX0XX0XXXXX0
XX0XXXXX0XXXXX00XXXXXXXX0XXXXXXXXXXXXXXXXX0X00XXXX0XXXXXXXXXXXXXXXXXXXXXXXXXXXXX0XXXXXXXXX


Generation 40/250  F=U(0.152316892943, 1.0)  N_hist=22181
------------------------------------------------------------------------------------------------------------------------
XX0XXXXXXXXXXXXXXXXXXXXXXXXXXXXXXXXXXXXXXXXXXXXXXXXXXXX0XXXXXX0XXX0XXXXXXXXXXXXXXXXXXXXX00XXXXXXXXXXXXXXXXX0X0XXXXXXXXXX
XXXXXXXXXXX0XXXXXXXXXXXXXXXXXX0XXXXXXXXXXXXXXXXXXXXXXX0XXXXXXXXXXXXXXXXXXXXXXXXXXXXXXXXXXX


Generation 41/250  F=U(0.135562034719, 1.0)  N_hist=22391
------------------------------------------------------------------------------------------------------------------------
XXXXXXXX0XXXXXXXXXXXXXX0XXXXXXXXXXXXXXXXXXXXXXX0XXXXXXXXXXXXXXXXXXXXXXXXXXXXXXXXXXXX0XXXXXXX0XXXXXXXXXXXXX0XXXXXXXXXXXXX
XXXXXXXXXXXXX0XXXXXXXXXXXXXXXXXXXXXXXX00XXXXXX000XXXXXXXXXXXXXXXXXXX0XXXXXXXXXXXXXXXXXXXXX


Generation 42/250  F=U(0.150201708584, 1.0)  N_hist=22601
------------------------------------------------------------------------------------------------------------------------
00XXXXXXXXXXXXXX0XXXXXX0XXXXXXXXXXXXXXXXXXXXXX0XX0XXXXXXXXXXXXXXXXXXXXXXXXXX0XXXXXXX0XXXX0XXXXXXXXXXXXXXXXXXXXXXXXXXXXXX
0XXXXXXXXXXXXXXXX0X000X0XXXXXXXXXX0XXXXXXXXXXXXXXXXXXXXXXXXXXXXXXXXXXXXXXXXXXXXXXXXXXXXXXX


Generation 43/250  F=U(0.16642235644, 1.0)  N_hist=22811
------------------------------------------------------------------------------------------------------------------------
00X000XX0XXXX0XXXXXXXX00XXXXXXXXXXXXXXXXXXXXXXXXXXXXXXXXXXXXXXXXXXX0XX00XXXXXXXXXX00XXXXXXXXXXXXXX000XXXXXXX0XXXXXXX0XXX
XXXX0X0XXXXXXXXXXXXXXXXX0XXXXXXX0XXXXXXXXXXXXXXXXXXXXXXXXXXXXXXXXXXXXXXXXXXXXXXXXXXXXXXXXX


Generation 44/250  F=U(0.184394711511, 1.0)  N_hist=23021
------------------------------------------------------------------------------------------------------------------------
00XXXX0XXXXXXXXXXXXXXXXXXXX0XX0XXXXXXXXXXX0XXXXXXXXXXXXXXXXXXXXXX0XXXXXX0XXXXXXXXXXXXXXXXXXXXXXXXXXX0XXXXXXXXXXXXXXXXXX0
XXXXXXXXXXXXXXXXXXXXXXXXXXXXXXXXXXXX0XXXXXXXXXXXXXX0XXXXXXXX0XXXXXXXXXXXXXXXXXXXXXXXXXXXXX


Generation 45/250  F=U(0.164111293245, 1.0)  N_hist=23231
------------------------------------------------------------------------------------------------------------------------
00XX0XXXXXXXXXXXXXXXX0XXXXXXXXXXXXXXXXXXXXXXXXXXXXXXXXXXXXXXXXXXXXXXXXXXXXX00XXXXXXXXXX0XXXXXXXXXXXXXXXXXXXXXXXXXXXXXXXX
XXXXXXXXXXXXXXXXXXXXXX0XXXXXXXXX00XXXXXXXXXXXXX00000X0XXXXXXXXXXXXXXXXXXXXXXXXXXXXXXXXXXXX


Generation 46/250  F=U(0.181834070981, 1.0)  N_hist=23441
------------------------------------------------------------------------------------------------------------------------
0X0XXXXXXX0XXXXXXXXXXXXX0XXXXXXXXX0XXXXXXXXXXXX0XXXXXXXXXXXX0XXXXXXXXXXXXXXXXXXXXXXXXX0XXXXXXXXXXXXXXXXX0XXXXXXXXXXXXXXX
XX0XXXXXXXXXXXXXXXXXXXXXXXX00XXXXXXXXXXXXXXXXXXXXXXXXXXXXXXXXXXXXXXXXXXXXXXXXXXXXXXXXXXXXX


Generation 47/250  F=U(0.161832323173, 1.0)  N_hist=23651
------------------------------------------------------------------------------------------------------------------------
0XX0XXXXXXXXXXXXXXXXXXXXXXXXXXXXXXXXXXXX00XXXXXXXXXXXXXXXXX00XXXXXXXXXXX0XXX0XXXX0XXXXXX0XXXXXXXX0XXX00XXXXXXXXXXXXXXXXX
XXXXXXXXXXXXXXXXXXXXXXXXXXXXXXXXXXXXXXXXX00XXXXX0XXXXXXXXXXXXXXXXXXXX0XXXXXXXXXXXX0XXXXXXX


Generation 48/250  F=U(0.144030767624, 1.0)  N_hist=23861
------------------------------------------------------------------------------------------------------------------------
XXXXXX0XXXXXXXXXXXXXXXXXXXXX0XXXXXXXXXXX0XXXXXXXXXXXXX0XXXXX0XXXXXXXXXXXXX000XXXXXXXXXXXXXXXXXXXXXXXXXXXXXXXXXXXXXXXXXXX
XXXXXXXXXXXXXXXXXXXXXXXXXXXXXXX0XXXXXXXXXXXXX0XXXXXXXXXXXXXXXXXXXXXX0XXXXXXXXXXXXXXXXXXXXX


Generation 49/250  F=U(0.128187383185, 1.0)  N_hist=24071
------------------------------------------------------------------------------------------------------------------------
0XXXXXXXXXXXX0XXXXXXXXXXXXXX0XXXXXXXXXXXXXXXXXXXXXXXXXXXXXXXXX0XXXXXXXXXXX0XXXXXXX0XXXXXXX0XXXXXXXXXXXXXXXXXX0XXXXXXXXXX
XXXXXXXXXXXXXXXXXXXX0X0XXXX0XXXXXXXXXXXXXXXXXXXXXXXX0XXXXXXXXXXXXXXXXXXXXXXXXXXXXXXXXXXXXX


Generation 50/250  F=U(0.114086771035, 1.0)  N_hist=24281
------------------------------------------------------------------------------------------------------------------------
000XXXXXXXXXX0XXXXXXXXXXXXXXXXXXXXXXXXXXXXXXXXXXXXXXXXXXXXXXXXXXXXXXXXXXXXXXXXXXXXXXXXX0XXXXXXXXXXXXXXXXXXXXXXXXXXXXXXXX
XXXXXXXXXXXXXXXXXXXXXXXXXXXXXXXXXXXXXXXXXXXXXXXXXXXXXXXXXXXXXX0XXXXXXXXXXXXXXXXXXXXXXXXXXX


Generation 51/250  F=U(0.101537226221, 1.0)  N_hist=24491
------------------------------------------------------------------------------------------------------------------------
00X0XXX00XXXXXXXXXXXXXXXXXXXXXXXXXXXXXXXXXXX0XXXXXXXXXXXXXXXXX0XXXXXXXXXXXXXXXXXXXXXXXX0XXXXXXXXXXXXXXXXXXXXXXXXXXXXXXXX
XXXXXXXXXXXXXXXXXXXXXXXXXXXXXXX0000XXXXXXXXXXXXXX0X0XXXXX0XXXXXXX0XXXXXXXXXXXXXXXXXXXXXXXX


Generation 52/250  F=U(0.112502478256, 1.0)  N_hist=24701
------------------------------------------------------------------------------------------------------------------------
0XXXXX0XXXXXXXXXXXXXXXXXXXXXXXXXXXXXXXXXXXXXXXXXXXXXXXXXXXXXX0XXXXXXXXXXXXX0XXXXXXXXXXXXXX0XXXXXXXXXXXXXXXXXXX0XXXXXXXXX
0X0XXX0XXXXXXXXXXXXXX0XXXXXXXXX0XXXXXXXXXXXXXXXXXXXXXXXXXXXXXXXXXXXXXXXX00XXXXXXXXXXXXXXXX


Generation 53/250  F=U(0.100127205648, 1.0)  N_hist=24911
------------------------------------------------------------------------------------------------------------------------
00XXXXXXXXXX0XXXXXXXXX0XXXXXXXXXXX0XXXXXXXXXXXXXXXXXXXXXXXXXX00XXXXXXXXXXXXXXXXXXXXXXXXXXX0XXXXXXX0XXXXXXXXXXXXXXXXXXXXX
XXXXXXXXXXXXXXXXXXXXXXXXXXXXXXXXXXX0XXXXXXXX0XXXXXXXXXXXXXXXXXXXXXXXXXXXXXXXXXXXXXXXXXXXXX


Generation 54/250  F=U(0.0891132130268, 1.0)  N_hist=25121
------------------------------------------------------------------------------------------------------------------------
00XXXXXXXXXX0XXXXXXXXXXXXXXXXXXXXXXXXXXXXXXX0XXXXXXXXXXXXXX00XXX00X0XXXXX0XXXXXXXXX000XXXXXXXXXXXXXXXXXXXXXXXXXXXXXX0XXX
XXXXXXXXXXXXX0XXXXXXXXXXXXXXX0XX0XXXXXXXXXXXXXXXXXXXXXXXXXXXXXXXXXXXXXXXXXXXXXXXXXXXXXXXXX


Generation 55/250  F=U(0.0793107595938, 1.0)  N_hist=25331
------------------------------------------------------------------------------------------------------------------------
000XXXXX00XXXXXXXXXXX0XXXXXXXXXXXXXXXXXXXXXXX0XXX0XXXXXXXXXXXX0XXXXXXXXXXXXXX0XXXXXXXXXXXXXXXXXXXXX0XXXXXXXXXXXXXXXXXXXX
XXXXX00XXX0XXXXXXXXXXXXXXXXXXXXXXXXXXXXXXXXXXXXXXXXXXXXXXXXXXXXXXXXX0XXXXXXXXXXXXXXXXXXXXX


Generation 56/250  F=U(0.0705865760385, 1.0)  N_hist=25541
------------------------------------------------------------------------------------------------------------------------
0X0XXXXXXXXXXXXXXXXXXXXXXXXXXXXXXXXXXXXXXX0XXXXXXXXXXXXXXXXXXXXXXXXXXXXXXXXXXXXXXXXXXXXXXXXXXXXX0XXXXXXXXXXXXXXXXXXXXXXX
XXX0XXXXXXXXXXXXXXXXXXXXXXXXX00XXXXXXXXXXXXXXXXXXXXXXXXXXXXXXXXXXXXXXXXXXXXXXXXXXXXXXXXXXX


Generation 57/250  F=U(0.0628220526743, 1.0)  N_hist=25751
------------------------------------------------------------------------------------------------------------------------
0X0XXXXXXXXXXXXXXXXXXXXXXXXXXXXXXXXXXXXXXXXXXX00X00XXXXXXXXXXXXXXXXXXXXXXXXXX0XXXXXXXXXXXXXXXXXXXXXXXXXXXXXX0XXXXXXXXXXX
XXXXXXXXXXXXXX0XXXXXXXXX0XXXX0XXXX0000XXXXXXXXXXXXXXXXXXXXXXXXXXXXXXXXXX00XXXXXXXXXXXXXXXX


Generation 58/250  F=U(0.0696063589486, 1.0)  N_hist=25961
------------------------------------------------------------------------------------------------------------------------
0XXXXXXXXXXXXXXXXXXXXXXXXXXXXXXXXXXXXXXXXXXXXXXXX0XX00XX0XXXX0XXXX0XXXXXXXXXXXXXXXXXXXXXXX0XXXXXXXXXXXXXXXXXXXX0XXXX0XXX
XXXXX00XXXXXXXXXXXXXXXXXXXXXXXXXXXXXXXXXXXXXXXXXXXXXXXXX0XXXXXXXXXXX0XXXXXXX0XXXXXXXXXXXXX


Generation 59/250  F=U(0.0619496594643, 1.0)  N_hist=26171
------------------------------------------------------------------------------------------------------------------------
00X00XXXXX0XXXXXXXXXXXXXXXXXXXXXXXXXXXXXXXXXXXXXXXXX0XXXXXXXXXXXXX0XXXXXX0XXXXXXXXXXXXXXXX0XXXXXXXX0XXXXXXXXXXXXXXXXX0X0
XXXXXXXXXXX0XXXXXX00XXXXXXXXXXXXXXXXXX0XXXX00XXXXXXXXXXXXXXXXXXXXXX0XXXXXXXXXXXXXXXXXXXXXX


Generation 60/250  F=U(0.0551351969232, 1.0)  N_hist=26381
------------------------------------------------------------------------------------------------------------------------
XX0XXXXXXXX0XXXXXX0XXXXXXXXXXX0000XXXXXX0XXXXXXXXXXXXXXXXXXXXXX0XXX0XXXXXXXXXXXX0XXXXXXXXXXXXXXXXXXXXXXX0XXXXXXXXXXXXXX0
XXXXXXXXXXXXXXXX0XXXXXXXXXXXXXXXXXXXXXXXXXXXX0XXXXXXXXXXXXXXXXXXXXXXXXXXXXXXXXXXXXXXXXXXXX


Generation 61/250  F=U(0.0551351969232, 0.87)  N_hist=26591
------------------------------------------------------------------------------------------------------------------------
X0X0XXXXXXXXX0XXXXXXXXXXXXXXXXXXXX0XXX0X0XXXXXXXXXXXXXX0XXXXXXXXX0XXXXXXXXXXXXXXXXXXXX0X0XXX0XXXXXXXXXXXXXXXXXXXXXXXX0XX
XXXXXXXXXX0X0XXXXXXXXXXXXXXXXXXXXXXXXXXXXXXXXXXXX0XXXXXXXX00XXXXXX0XX0XXXXXXXXXXXXXXXXXXXX


Generation 62/250  F=U(0.0551351969232, 0.983427413566)  N_hist=26801
------------------------------------------------------------------------------------------------------------------------
00XXX0XXXXXXXXXXXXXXXXXXXX0XXXXXXXXXXXXXXXXXXXXXXX0XXXXX0XX0XX0X0XXXXXXXXXXXXXXXXXXXXXX00XXXXXXXXXXXXXXXXXXXXXXXXXXXX00X
XXXXXXX0XXXXXXXXXX0XXXXXX0XXXXXXXXXXXXXXXXXXXXXXXXXXX00XXXXXXXXXXXXXXXXXXXXXXXXXXXXXXXXXXX


Generation 63/250  F=U(0.0551351969232, 1.0)  N_hist=27011
------------------------------------------------------------------------------------------------------------------------
000000XXX0XXXXXXXX0XXXXXXXXXXXXXXXXXXXXXXXXXXXXXXXXXXX0XXXXXXXXXXXXXXXXXXXXXXXXXXX0XXXXXXXXXXXXXXXXXXXXXXXXXXXXXXXXX0X0X
XXXX00X0XXXXX0XXXXXXXXX0XXXXXXXXXXXXXXXXXXXXX0XXXXXXXXXXXXXXXXXXXXXXXXXXXXXXXXXXXXXXXXXXXX


Generation 64/250  F=U(0.0551351969232, 0.87)  N_hist=27221
------------------------------------------------------------------------------------------------------------------------
0X0XXXX0XXX0XXXXXXXXXXXXXXXXXXXXXX0XXXXXXXXXXXXXXXXXXXXXXXXXXXXXXXXXXXXXXXX00XXXXXXXXXXXXXXXXX0XXXXXXXXXXX0XXXXXXXXXXX0X
XXXXXXXXXXXXXXXXXXXX0XXXXXX0XXXXXXXX00XXXXXXXXXXXX0XXXXX0XXXXXXXXXXXXXX0XXXXXXXXXXXXXXXXXX


Generation 65/250  F=U(0.0551351969232, 0.7569)  N_hist=27431
------------------------------------------------------------------------------------------------------------------------
00XXXXX00XXXXX0XXXXXXXX0XXXXXXXXXXXXXX0XXX0XXXXXXXXXXXX000XXXXXXXXXXX00XXXXXXX00XXX0XXXXXXXXXXXXXXXXXXXXX0XXXXXXXX0XXXXX
XXXXX0XXXXXX00XXXXXXXXXXXXXXXXXXXXXX00XX0XXXXX0XXXXXXXXXXX0XXXXXXX000XXXXXX0XXXXXXXXXXXXXX


Generation 66/250  F=U(0.0551351969232, 0.855581849802)  N_hist=27641
------------------------------------------------------------------------------------------------------------------------
0XXXXXXXXXXXXXXXXXXXXXXXXXXXXXXXXXXXXXXXXX0XXXXXXXXXXX0XXXXXXXXXXXXXXXXXXX0XXXXXXX0XXX0XXXXXXXXXXX0XXXXXXXXXXXXXXXXXXXXX
XXXXXXXXXXXXXXXXXXX0XXXXX0XXXXXX0XXXXXXXXXXXXX0XXXXXXXXXXXXXXXXXXXXXXXXXXXXXXXXXXXXXXXXXXX


Generation 67/250  F=U(0.0551351969232, 0.744356209328)  N_hist=27851
------------------------------------------------------------------------------------------------------------------------
00XXXXXXXXXXXXXXXXXXXXXXXXXXX0XXXXXXXXXXXXXXXX0XXXXXXXXXXXXXXX00X0X00XXXXXXXXXXXXXXXXXXX0XXXXXXXXXXXXXXXXXXXXXXXXXXX00XX
0XXXXXXXXXXXXXXXXXXXXXXXXXXXXXXXX00XXXXXX0X0XX0XXXX0XXXXXXXXXXXXXXXXXXXXXXXXXXXXXXXXXXXXXX


Generation 68/250  F=U(0.0551351969232, 0.647589902115)  N_hist=28061
------------------------------------------------------------------------------------------------------------------------
XXXXXXXX0XXXXXXXXXXXXXXXX0XXXXXXXXX0X0XXXXXX0XXXXXXXXX00XXXXXXXXXXXXXXXXXXXXXXXXXXXXXXXXXXXXXXXXXXXXXXXXXX00XXXXXXX0XXXX
XXX0XXX0XXXXXXXXXXXXXXXXXXXXXXXXXXXXXXXXXXXXXXXXXXXXXXXXXXX00XXXXXXXXXXXXXXXXXXXXXXXXX0XXX


Generation 69/250  F=U(0.0551351969232, 0.56340321484)  N_hist=28270
------------------------------------------------------------------------------------------------------------------------
00X000XXXXXXXXXXXXXXXX0XXXXXXXXXXXXXXXXXX0XX00XXXXXXXXXXXXXXXXX0XXXXXXXXXXXX0XXXXXXXXXXXXXXXXXXXXX0XXXXXXX0X0XXXXXXX0XXX
XXXXXXXXXXXXXXXXXXXXXXXX0XXXXXXXXXXXXXXXXXXXXXXXXX0XXXXXXXXXX0XXXXXXXXXXXXXX0XXXXXXXXXXX0X


Generation 70/250  F=U(0.0551351969232, 0.636857662489)  N_hist=28480
------------------------------------------------------------------------------------------------------------------------
XXXXXX00XXXXXXXXXXXXXXXXXXXXXXXXXXXXXXXXXXX0XXXXXXXXXXXXXXX0XXXXXXXXXXX0XXXXXXXX0XXXXXXXXXXXXXXXXXXXXXXXXXXXXXX0XXXXX0XX
XXXXXXXXX0XXXXXXXXXX0XXXXXXXX0XXXXXXXXXXXXX0XXXXXXXXXXXXXXXXXXXXXXXXXXXXXXXXXXXXXXXXXXXXXX


Generation 71/250  F=U(0.0551351969232, 0.554066166365)  N_hist=28691
------------------------------------------------------------------------------------------------------------------------
XXXXXXXXXXXXXXXXXXXXXXXXXXX0X0X0XXXXXXXXXXXXXX0XXXXXXXX0XXX0XXXXXXXXXXX00000X00XXXXXXXXXXXXXXXXX0XXXXXXXXXXXXXXXXXXXXXXX
XXXXXXXXXXXXX0XXXXXXXXXXX0XXXXXXXXXXXXXXXXXXXXXXXXXXXX0XXXXXXXXXXXXXXXXXXXXXXXXXXXXXXXXXXX


Generation 72/250  F=U(0.0551351969232, 0.482037564738)  N_hist=28901
------------------------------------------------------------------------------------------------------------------------
00XXXXXXXXXXXXXXXX0XXXXXXXXXXXXXXXXX0XXXXXX0XXXXXXXXXXXXXXXXX0XXXXXXXXXXXXXXXXXXXXXXXXXXXXXXXXXXXXX0XXXXXXXXXXXXXX000XXX
XXX00XXXXXXXXXXXXXXXXXXXX0XXXXXXXXX0XXX0XXX00XXXXXXXXXXXXXXXXXXXXXXX00XXXXXXXXXXXXXXXXXXXX


Generation 73/250  F=U(0.0551351969232, 0.544883856933)  N_hist=29111
------------------------------------------------------------------------------------------------------------------------
00XXXXXXXXXXXXXXXXXXXXXXXXXXXXXXXXXXXXXXXXX0XXXXXXXXXXXX0XXXXXXXXXXXXXXX0XXXXXXXXXXXXXXXXXXXXXXXXXXXXXXXXX0XXXXXXXXXXXXX
XX0XXXXXXXXXXXXXXXXXXX0XXX0XXXXXXX0XX0XXXXX0XXXXXXXXXXXXXXXXXXXXXXXXX0XXXXXXXXXXXXXXXXXXXX


Generation 74/250  F=U(0.0551351969232, 0.474048955532)  N_hist=29321
------------------------------------------------------------------------------------------------------------------------
00X000X0XXXXXXXXXXXXX0XXXXXXXXXXXXXXXXXXXXXXXXXXXXXXXXXX0X0XXXXXXXXXXXXXXXXXXXXXXXX0XXXXXXX00XXXXXXXXXX0X00XXXXXXXXXX0XX
XXXXXXXXXXXXXXXXXXXXXXX0XXXXXXXXXXXXXXXXXXXXXXXXXXXXXXXXXXXXXXXXXXXXXXXXXXXXXXXXXXXXXXX0XX


Generation 75/250  F=U(0.0551351969232, 0.412422591313)  N_hist=29531
------------------------------------------------------------------------------------------------------------------------
0XXXXX0XXXXXXXXXXXXXXXXXXXXXXXXXXXXXXXXXXXXX0XXXXXXXXXXXXXXXXXXXXXXXXX00XXXXXXXXXXXXX00X0X0XXXXXXXXXXXXXXXXXX0XXXX0XXXX0
0X0XXXXXXXXXXXXXXXXXXXXXXXXXX0XXXXXXXXXXXXX0XXXXXXXXXXXXXXXXXXXXXXXXXXXXXXXXXXXXXXXXXXXXXX


Generation 76/250  F=U(0.0551351969232, 0.466192738242)  N_hist=29741
------------------------------------------------------------------------------------------------------------------------
00XXXXXX0XXXXXXXXXXXXX0XXXXXXXXXXXXXXXXXXXXXXXXXXX0XXXXXXXXXXXXXXXX0XXXXXXXXXXXXXXXXXXXX0XXXXXXXXXXXXXXX0XXXXXXXXXXXXXXX
XXXXXXXXXXXXXXXXXXXX0XXXXXXXXXXXX0X0XXXXXXXXXXXXXXXXXXXXXX0XXXXXXXXXXXX0XXXXXXXX0XXXXXXXXX


Generation 77/250  F=U(0.0551351969232, 0.405587682271)  N_hist=29951
------------------------------------------------------------------------------------------------------------------------
0000000X0XXXXXXXX00XXXXXXXXXXXXXXXXXXXXXXXXXXXXXXX0XXXXXXXXXXXXXXXXXXXXXX0XXXXXXXXX0XXXX0XXXXXXXXXXXXXXXXXXXXXXXXXXXXXXX
XXXXXXXXXXX00X00X00XXXXXXXXXXXXXXX0XXXXXXXXXXXXXXXXXXX0XXXXXXXXXXXXXX0X0XXXXXXXXXXXXXXXXXX


Generation 78/250  F=U(0.0551351969232, 0.458466718793)  N_hist=30161
------------------------------------------------------------------------------------------------------------------------
000XXXXXXXXXXXXXX0XXXXXXXXXXXXXXXXXXXXXXXXXXXXXXXXXXXXXXXXXXXXXXXXXXXXXXXXXXXXXXXXXXXXXXXXXXXXXXXXXXXXXXXXXXXXX00XXXXXXX
XXXX0XXXXXXXX0XXXXXXX00XXXXXXXXXXXXXXXX0XXXXXXXXXXXXXXXXXXXXXXXXXXXXXXXXXXXXXXXXXXXXXXXXXX


Generation 79/250  F=U(0.0551351969232, 0.518239930424)  N_hist=30371
------------------------------------------------------------------------------------------------------------------------
00XXXXXXXXXXXXXXXXXXXXXXXXXXXXXX0XXXXXXXXXXXXXXXXXXXXXXX0XXXX00XXXXXXXXXXXXXXXXXXX0XXXXXXXXXXX0XXXXXXXXXXXXXXXXXXXXXXXXX
X0XXXXXXXXXXXXXXXXXXXXXXXXXX0X0XXXXXXXXXXXXXXXXXXXXXXXXXXXX0XXXXXXXXXXXXXXXXXXXXXXXXXXXXXX


Generation 80/250  F=U(0.0551351969232, 0.450868739469)  N_hist=30581
------------------------------------------------------------------------------------------------------------------------
0X0XXXXXXXXXXXXXXXXXXXXXXXXXXXXXXXXXXXXXXXXXXXXXXX0XXXXXXXXXXXXXXXXXXXXXXXXXXXXXXXXXXXXXXXXXXXXX0X0XXXXXXXXX0XXXX00XXXXX
XXX0XXXXXXXXXXXXXXXXXXXXXXXXX0XXXXXXXXXXXXXXXXX0XXXXXXXXXXXXXXXX0XXXXXXXXXXXXXXXXXXXXXXXXX


Generation 81/250  F=U(0.0551351969232, 0.392255803338)  N_hist=30791
------------------------------------------------------------------------------------------------------------------------
X00XXXXXXXXXXXXXXXXXXXXXXXXXXXX0X0XXXXXXX0XXXXXXXXXXXXXXXXXXXXXXXXX0XXXXXXXXXXX0XXXXXXXXXXXXXXXXXXXXXXXXXXXX0XXXXXXXXX0X
XXXXXXXXXXXXXXXXXXXXXXXXXXXXXX0XXXXXXXXXXXXXXXXXX0XXXXXXXXX0XXXXXXXXXXXX0XXXXXXXX0XXXXXXXX


Generation 82/250  F=U(0.0551351969232, 0.341262548904)  N_hist=31001
------------------------------------------------------------------------------------------------------------------------
000XXXXXXXXXXXXXXXXXXXXXXXXX0XXXXXXXX00X00XXX0XXXXXXXXXXXXXXXXXXXXXXXXX0XXXXXXXXXX0XXXXXXXXXXXXXXXXXXXXX0XXXXXXXXX0XXXXX
XXXXXXXXXXXXXXXXXXXXXXXXXXXXXXXXXXXXXXX0XXXXXXXXXXXXXXXXXXXXXXXXXXXXXXXXXXXXXXXXXXXXXXXXXX


Generation 83/250  F=U(0.0551351969232, 0.296898417546)  N_hist=31211
------------------------------------------------------------------------------------------------------------------------
0X00XXXXXXXXXXXXXXXXXXXXXXXXXXXXXXXXXX00XXXXXXXXXXX0XXXXXXXX0XXXX0X0XXXXXXXXXXXXXXXXXXX0XXXXXXX000XXXXXXXXXXXXXXXXXXXXXX
XXXXXXXXXXXXXXXXXXXXXXXXXXXXXXXXXX0XXXXXX0XXXXXXXXXXXXXXXXXXXXXXXXXX0XXXXXXX0XXXXXXXXXXXXX


Generation 84/250  F=U(0.0551351969232, 0.335606945815)  N_hist=31421
------------------------------------------------------------------------------------------------------------------------
XXXXXXX0XXXXXXXXXXX0XXXXXXXXXX0XXXXXXXXXXXXXXXXXXXXXXXXXXXXXXXXXXXXXXXXXXXXXXXXXXXXXXXXXXXXX0X0XXXXXXXXXXXXXXXXXXXXXXXXX
XXXXXXXXXXXXXXXXXXXXXXX0XXX0XXXXXXXXXXXXXXX000XXXXXXXXXXXXXXXXXXXX0XXXXXXXXXXXXXXXXXXXXXXX


Generation 85/250  F=U(0.0551351969232, 0.291978042859)  N_hist=31631
------------------------------------------------------------------------------------------------------------------------
0X0XXXXXXXXXXXXXXXXXXXXXXXXXXXXXXX0XXXXXXX0XXXXXXXXXXXXXXXXXXXXXXXXXXXXXXXXXXXXXXXXXXXXXXXXXXXXXXXXXXXXXXXXXXXXXX0XXXXXX
XX0XXXXXXXXXXXXX0XXXXX0XXXXXXXXXXXXX0XXXXXXXXXXXXXX00XXXX0XXXXXXXXXXXXXXXXXXXXXXXXXXXXXXXX


Generation 86/250  F=U(0.0551351969232, 0.254020897288)  N_hist=31841
------------------------------------------------------------------------------------------------------------------------
00XXX0XXXXXXXXXXXXXXXXXXXXXXXXXXXXXXXXXXX0XXXXXXXXXXXXXXXX0XXXXXXXXXXXXXXXX0XX0XX00XXXXXXXXX0XXXXXXXXXXXXXXXXXXXXXXXXXXX
XXX0XXXXXXX0XXXXXXXXX0XXXXXXXXXXXXXXX0XXXXX0XXXXXXXXXXXXXXXXXX0XXXXXXXXXXXXX0XXXXXXXXXXXXX


Generation 87/250  F=U(0.0551351969232, 0.22099818064)  N_hist=32051
------------------------------------------------------------------------------------------------------------------------
00XXX0XX0XXXX0XXXXXXXXXXXXXXXXXXXXXXXX0XXXXXXXXXXXXXXXXXXXX0XXXXXXXXXXXXXXXXXXXXXXXXXXXXXXXXXXXXXXXXXXXXXXXXXXXXXXXXXXX0
XXXXXXXXXXXXXXXXXX00XXXXXXXXXXXXXXXXXXX0XXXXXXXXXXXXXXXXXXXXXXXXXXXX0X0XXXXXXXXXXXXXXXXXXX


Generation 88/250  F=U(0.0551351969232, 0.192268417157)  N_hist=32261
------------------------------------------------------------------------------------------------------------------------
0000XXXXXXXXXXXXXXXXXXXXXXX0XXXXXXXXXX000XXXXXXX0XXXXXXXXXXXXXXXXXXXX0XXXXXXXXXXXXXXXXXXXXXXXXXXXXXXXXXXXXXXX0XXXXXXXXXX
XXXXX0XXXXXXXXXXXXXXX0XXXXXXXXXXXXXXXXXXX0XXXXXXXXXXXXXXXXXXX0XXXXXXXXXXXXXXXXXXXXXXXXXXXX


Generation 89/250  F=U(0.0551351969232, 0.167273522927)  N_hist=32471
------------------------------------------------------------------------------------------------------------------------
00X00XXXXXXXXXXXXXXXXXXXXXXXXXXXXXXXXXXX0XXXXXXXXXXXXXXXXXXXXXXXXX0XXXXXXXXXXXXXXXXXXXXXXXXXXXXXXXXXXXXXXXXXXXXX0XXXXXXX
XXXXXXXXXXXXXXXXXXXXXXXXXXXXXXXXXX0XXXXXXXXXXXXXXXXXXXXXXXXXXXXXXXXXXXXXXXXXXXXXXXXXXXXXX0


Generation 90/250  F=U(0.0551351969232, 0.167273522927)  N_hist=32680
------------------------------------------------------------------------------------------------------------------------
0XXXXXXXXXXXXXXXXXXXXXXXXXXXXXXXXXX000XXXXXXXXXXXXXXXXXXXXXXXX0XXXXXXXXXXX0XXXXXXXXXXXXXXXXX0XXXXXXXXXXXXXXXXXXXXXXXXXXX
XXXX0XXXXXXXXXXXXXXXX0XXXXXXXXXXXXXXXXXXXXXXXXX0XXXXXXXXXXXXXXXXXXXXXXXX00XXXXXXXXXX0XXXXX

Challengers failing too much, stopped.

SSE=15.501 on eval 18900: L=84.1523 a=246.039 b=0.01967* n=0.853741 r=0.0571552 t0=0.943535 ts=28.1931


Shutting down DE...
DE shutdown complete.

Final population:
Population: 210 individuals with SSE 15.501 to 15.652, avg eval time 0.0286 sec. Top 7:

        SSE |     15.501       15.526       15.557       15.572       15.607       15.608       15.617  
------------------------------------------------------------------------------------------------------------------------
          L |     84.152       136.86       90.549        210.9        202.2       120.47       91.976  
          a |     246.04       183.52       149.81       153.76       151.25       174.69       193.65  
          b |    0.01967*    0.012931*    0.017864*    0.017037*    0.016365*    0.012241*    0.011889* 
          n |    0.85374      0.46917      0.25782       0.1929     0.096055*     0.34641      0.57221  
          r |   0.057155     0.075633      0.04893     0.017736*    0.054853     0.053184     0.058074  
         t0 |    0.94354       1.1953       1.3381         1.33       1.4117       1.2215       1.1533  
         ts |     28.193       28.395        28.43       28.364       28.511       28.372       28.282  
------------------------------------------------------------------------------------------------------------------------
Best individual:
<SSE=15.5012 L=84.1523 a=246.039 b=0.01967* n=0.853741 r=0.0571552 t0=0.943535 ts=28.1931>


Elapsed time: 530.63 seconds

Saved final population of best parameter combinations to covid19.dat
Shutting down...
Task Queue is shut down
Goodbye
