Decompressing and parsing covid19.csv.bz2...
Cumulative and new cases reported thus far for Korea, South
------------------------------------------------------------------------------------------------------------------------
000	01/22	1	0
001	01/23	1	0
002	01/24	2	1
003	01/25	2	0
004	01/26	3	1
005	01/27	4	1
006	01/28	4	0
007	01/29	4	0
008	01/30	4	0
009	01/31	11	7
010	02/01	12	1
011	02/02	15	3
012	02/03	15	0
013	02/04	16	1
014	02/05	19	3
015	02/06	23	4
016	02/07	24	1
017	02/08	24	0
018	02/09	25	1
019	02/10	27	2
020	02/11	28	1
021	02/12	28	0
022	02/13	28	0
023	02/14	28	0
024	02/15	28	0
025	02/16	29	1
026	02/17	30	1
027	02/18	31	1
028	02/19	31	0
029	02/20	104	73
030	02/21	204	100
031	02/22	433	229
032	02/23	602	169
033	02/24	833	231
034	02/25	977	144
035	02/26	1261	284
036	02/27	1766	505
037	02/28	2337	571
038	02/29	3150	813
039	03/01	3736	586
040	03/02	4335	599
041	03/03	5186	851
042	03/04	5621	435
043	03/05	6088	467
044	03/06	6593	505
045	03/07	7041	448
046	03/08	7314	273
047	03/09	7478	164
048	03/10	7513	35
049	03/11	7755	242
050	03/12	7869	114
051	03/13	7979	110
052	03/14	8086	107
053	03/15	8162	76
054	03/16	8236	74
055	03/17	8320	84
056	03/18	8413	93
057	03/19	8565	152
058	03/20	8652	87
059	03/21	8799	147
060	03/22	8961	162
061	03/23	8961	0
062	03/24	9037	76
063	03/25	9137	100
064	03/26	9241	104
065	03/27	9332	91
066	03/28	9478	146
067	03/29	9583	105
068	03/30	9661	78
069	03/31	9786	125
070	04/01	9887	101
071	04/02	9976	89

Initializing 180 population members having 6 parameters
------------------------------------------------------------------------------------------------------------------------

SSE=10.342 on eval 1: L=7.90344e+06 b=95.6678 r=0.680645 rf=0.981416 t0=34.1133 th=5.48667

*

SSE=5.3166 on eval 2: L=3.73528e+07 b=27.4732 r=0.728206 rf=0.982725 t0=38.1874 th=3.54582

!95

SSE=3.4973 on eval 5: L=1.27103e+07 b=89.1921 r=0.224986 rf=0.985034 t0=40.4876 th=3.9192

!34525975981!1746794336641834395373731643529374613429759285137339954342529349459362812953329445841134949193961343739
34225246373981

SSE=2.9833 on eval 135: L=2.20084e+07 b=28.4612 r=0.547178 rf=0.983032 t0=37.2319 th=6.38687

!999561119632256495993396935256499989929392297

Population: 180 individuals with SSE 2.9833 to 85.237, avg eval time 0.905 sec. Top 7:

        SSE |     2.9833       3.3635       3.4733       3.4973       3.6215       3.6766       3.6978  
------------------------------------------------------------------------------------------------------------------------
          L | 2.2008e+07   3.7025e+07   1.0993e+07    1.271e+07   3.4588e+07   2.8774e+07   2.8484e+07  
          b |     28.461       36.799       6.6747       89.192       22.344       5.4736*      105.76  
          r |    0.54718      0.12547*     0.19534      0.22499      0.26743      0.45852      0.57462  
         rf |    0.98303      0.95653      0.94573      0.98503      0.96433      0.96819      0.99566**
         t0 |     37.232        43.32        42.27       40.488       38.892       37.982       36.738  
         th |     6.3869       4.8714       5.6687       3.9192       5.5495       5.6403       5.7738  
------------------------------------------------------------------------------------------------------------------------
Best individual:
<SSE=2.9833 L=2.20084e+07 b=28.4612 r=0.547178 rf=0.983032 t0=37.2319 th=6.38687>


Population: 180 individuals with SSE 2.9833 to 85.237, avg eval time 0.905 sec. Top 7:

        SSE |     2.9833       3.3635       3.4733       3.4973       3.6215       3.6766       3.6978  
------------------------------------------------------------------------------------------------------------------------
          L | 2.2008e+07   3.7025e+07   1.0993e+07    1.271e+07   3.4588e+07   2.8774e+07   2.8484e+07  
          b |     28.461       36.799       6.6747       89.192       22.344       5.4736*      105.76  
          r |    0.54718      0.12547*     0.19534      0.22499      0.26743      0.45852      0.57462  
         rf |    0.98303      0.95653      0.94573      0.98503      0.96433      0.96819      0.99566**
         t0 |     37.232        43.32        42.27       40.488       38.892       37.982       36.738  
         th |     6.3869       4.8714       5.6687       3.9192       5.5495       5.6403       5.7738  
------------------------------------------------------------------------------------------------------------------------
Best individual:
<SSE=2.9833 L=2.20084e+07 b=28.4612 r=0.547178 rf=0.983032 t0=37.2319 th=6.38687>

Performing DE with CR=0.8, F=U(0.5, 1.0), DE/rand-1.00/1/bin
------------------------------------------------------------------------------------------------------------------------
Press the 'Enter' key to abort.



Generation 1/50  F=U(0.5, 1.0)  N_hist=180
------------------------------------------------------------------------------------------------------------------------
X222X322XXXX3411XXXX2151XX2231X1XX11XXXX142XXXXX122XX9X2XX3XXXX311X12X3X2XX11XXX8X1XXXXXXXXX3XX042X16X3XX2211X222XXXXX2X
X2XX8X1XX5211122502X22X2X436XXX31X2X122XX5X41X2X1X222XX1X39X


Generation 2/50  F=U(0.5, 1.0)  N_hist=360
------------------------------------------------------------------------------------------------------------------------
XX2XXX31322XXX12X12XXXXXX1X21XXX1XX1XXX3XX3XX21XX0XX4XX22XX1XX22XXX2X1X49X2222312XX2X1X3X3X632XXX3X112XXX1X1X1XX23+X13XX
2X32X1XX4X4XX1XX21XXXXXXX1X1X2XXXX1X211XXXX2X53XXXX4X1X251012


Generation 3/50  F=U(0.5, 1.0)  N_hist=540
------------------------------------------------------------------------------------------------------------------------
XXXXX1XXXX21X23XXXXXXXXX3XXX21XXXXXX11222X21XXXXX2232X1XX2XXXXXXX12XXXXX1X2XXX32X2XXXXX3XXX112122XXX1XX1XXX2X3X1XXXX2XXX
XXX2XXXX1XX2X121XX12XXX12X22X22X2X1XX18

SSE=2.8841 on eval 699: L=1.38197e+07 b=34.7005 r=0.161062 rf=0.963283 t0=43.1105 th=4.04623

+XX1X21221XXXX3XXX12X2


Generation 4/50  F=U(0.5, 1.0)  N_hist=720
------------------------------------------------------------------------------------------------------------------------
XX1X1X1X1XX12XXXX14XXXXXX2X2X1XXXXXXX2XXXX2X2XXX21X1XXX02XXX1X1XX2XXX2X12X1XXX3XX22XX1X11X1XX12XXXXXXX2X2XXXXXX322XXXXXX
X1XXX11X1XXXX2XXX2XX11XXXX2XXXXXX122XX1XXXX5X21XX11X221XX11X


Generation 5/50  F=U(0.5, 1.0)  N_hist=900
------------------------------------------------------------------------------------------------------------------------
2X22XXXXX2+XXXX1XXX1X32XXXX11X0X0X1XXX2X1X2XXX2XX2XXX113

SSE=2.8244 on eval 955: L=4.6856e+07 b=9.07732 r=0.364317 rf=0.973126 t0=40.5697 th=4.59048

+X1X1X1XXX12XXXXXXX1XXXXXXX1212XXXXX1XXX12XXXXXXX2X2XXXXXXX151XX
X1XX1X2XXXXXX1XX1

SSE=2.6592 on eval 1035: L=1.02251e+06* b=60.2191 r=0.241481 rf=0.987365 t0=41.4374 th=4.60026

+XXXXXXX1X1X1XXXXXX1XXX0XX1XXXXXXX31XXX2XX21XX


Generation 6/50  F=U(0.5, 1.0)  N_hist=1080
------------------------------------------------------------------------------------------------------------------------
XX1XX1XXXXXXX1XXX21XXXX12XXXX1XXXX1XXXXX1XX13X1XXXXX1X12X2XXXX222X11X3X20XXX1XXXXX1XXX1XX2XXXX1XXXX0X1XXXXXXXXX1XXXXXXXX
XXXXXX1XXXXXXXX3XXX1X1XXX1X11X12X12XX1X11XXXXXXXXXXXXXX1XXX1


Generation 7/50  F=U(0.5, 1.0)  N_hist=1260
------------------------------------------------------------------------------------------------------------------------
XX0XXXXX33XXXXXXX0XX2X12XXXXXX1XX02X2XXXX1XX1X1X1XXXXXXXXXX11XXX1X1XXXXXX222XXXXXXXX11X1XX22XXXXX1X1X1XXXXX1XX1X1XXXXXXX
XXXXXX1XX2XXXXXX0XX2XXXXXXXXX0XX112XXXX1XXXX1X11XXX1X1XXXXXX


Generation 8/50  F=U(0.5, 1.0)  N_hist=1440
------------------------------------------------------------------------------------------------------------------------
1XXXXXXXX2XX1X1XXXXXXXX2XXXXXXXX2XX1XXX2X2X1X1XX1XX1XXXXXXXX0112XXXXXX12X1XXXXXXXXXXXX0XXXXXXX10XXXXXXXX1XXXXX1XXXXX1XXX
XXXXXXXXXX1XXXXXXXXXX0XXXXXXXXXXXX1XXXXXXXX12XXXXXXXXXXXXXXX


Generation 9/50  F=U(0.5, 1.0)  N_hist=1620
------------------------------------------------------------------------------------------------------------------------
11X1XXXXXXXX2XXXXXXXXXXXXXXXXXX1XXXX11XXXXXXXXXXX1X1XX10XXXXXXX1XX2XXXXX2XXX2XX0XXXXXXXXXXXX1111X111XXXX11XXXXXXXXX11XX1
XXXX11XXXX1XXXXXXXXX21XX1XXXX1XXXXXXXXXXXXXXXXXXXX1XXXXXXXXX


Generation 10/50  F=U(0.5, 1.0)  N_hist=1800
------------------------------------------------------------------------------------------------------------------------
2111110X2XXXX11XXXXX1XXX11XX11XX1XXXXXXXX11XX1XX1XXXXXXXXX2XXXXXXXXXXXXXXX1XXXXXXX1X0XXXXXX11XXXX1XX112XXX2XXXXX1XXXXXXX
XXXXXXXXX11X11XXXXXXXXXX11X111XXXX2X1XXX1XXXXXXXXXXXXXXXX1XX


Generation 11/50  F=U(0.5, 1.0)  N_hist=1979
------------------------------------------------------------------------------------------------------------------------
110XXXXXXX1XXXX11XXXXXXXXXX1XXXXXXXXXXXXXX11X1XXXXXXX111XXXXXXXXXXXXXXXXXXX1XXXXXXXX0XX1XX11XXXXXXXXXXXXXXXXXXXXXXXXXXXX
1X1XX1XXX11XXXXXXXXXXXXXXXXX1XXXXXXXXXXXXXXXX1XXXXXXXXXXXXXX


Generation 12/50  F=U(0.5, 1.0)  N_hist=2160
------------------------------------------------------------------------------------------------------------------------
1XXXXXXXXXXXXXX1XXXXXXXXXXXXX11X1XXXXXXXXXX1XXXXXXXXXXXXX1XXXXX1XXXXXXXXXXXX1XX1XXXXXXXXX2XXXXXXXXXXX1X1XXXXXXXXXXXXXXXX
XXXX111XXXXXXXXX1111XXXX1XXXXX1XXXXXX111XXXX1X1XXXXXXXXXXXXX


Generation 13/50  F=U(0.5, 1.0)  N_hist=2340
------------------------------------------------------------------------------------------------------------------------
11XXX111XXXXXXXXXXXXXX1X01XX1XXXXXXXXXXXXX1XXXXXXXXXXXXXXXXXXX11XXX2X1XX1XXXXXXXXXXXX11XXXXXXXXXXX1XXXXXX11XX11XXXXXXXXX
XXXXX1XXXXXXXXXXXX1XXXXXXXX1XXXXXXX1XX1XXXXXXXX1XXXXXXXXXXXX


Generation 14/50  F=U(0.5, 1.0)  N_hist=2520
------------------------------------------------------------------------------------------------------------------------
1111XXXXXXXXXXXXXX1XXXXXXXXXXXXXXXX1101XX1XXXXXXXX11XXX1XXXXXXXXXXXXXXX1XXXX1101XXXXXXXXXX10XXXXXXXXXXXXX1XX1XXXXXXXXXXX
XXX110X1X1XXXXXXX01XXXXXXXXXXXXXXXXXXXXXXXXXXXXXX11XXXXXXXXX


Generation 15/50  F=U(0.5, 1.0)  N_hist=2700
------------------------------------------------------------------------------------------------------------------------
101XXXX1XXXXXXX1XXXXXXXXXXXX12XXXXXXXXXXXXXXXXXXX1X1X11XXXXXXXXXXXXXXXXXXXXX1X1XXXXXXXXXXXXXXXXXXXXXXXXXXXXXXX0XX1+XXXXX
XXXXXXXXXXXXXXXXXXXXXXXXXXXXX1XXXXXXXXX1XXXXXXXXXXXXXXXXXXXXX


Generation 16/50  F=U(0.5, 1.0)  N_hist=2880
------------------------------------------------------------------------------------------------------------------------
1X1XX1XXXXXXXXXXXXXXXXXXXXXXXXXXXXXXXXXXXXXXXXXXXXXXXXXXXXXXXXXXXXXXXXXXXXXXXXXXXXXXXXXX1XXXXXX1XXXXXXXXXXXXXXXXXX1X1XXX
XXXXXXXX1XXXXXXXXXXXXXXXXXXXXXXXXXXXXXXXXXXXXXXXXXX1X1XXXXXX


Generation 17/50  F=U(0.5, 1.0)  N_hist=3060
------------------------------------------------------------------------------------------------------------------------
1XX1XXXXXX11XXXXXX1XXXXXXXXXXXXXXXXXXXXXXXX1111XXXXXX1100XX1X1XXXXXXXXXXX11XXXXXXXXXXXXXXXXXXXXXXXXXXXXXXXXXXXXX1XXXXXXX
XXXXXXX11XXXXXXXXXXXXXXXXXXXXXXXXXXXXXXXXXXXXXXXXXXXXXXXXXXX


Generation 18/50  F=U(0.5, 1.0)  N_hist=3240
------------------------------------------------------------------------------------------------------------------------
11XXXXXX1XXXXXXXXXXX1XXXXXXXXXXXXXXXXXXXXXXXXXXXXXXXXXXXXXXXXXXXXXXX11X111XX1XXXXXXXXXXXXXXXXX1XXXXXXXXXXXX0XXXXXX1XXXXX
X11XXXXXXXXXXXXXXXXX0XXXXXXXXXXXXXXXXXXXXXXXXXXXXXXXXXXX1XXX


Generation 19/50  F=U(0.5, 1.0)  N_hist=3419
------------------------------------------------------------------------------------------------------------------------
111XXXXXX1XX1XX1XXXXXXXXXXXXXXXXXXXXXXXXXXXXXXXXXXXXXXXXX1X1XX0XXXX1XX1XXXXXXXXXXXXXXXXXXXX1XXXXX11XXX1XXX0XXXXXXXXXXXXX
XXXXXXXXXXXX1XXXXXXXXXXXXXXXX1XXXXXXXXXX1XXXXXXXX1XXXXXX1XXX


Generation 20/50  F=U(0.5, 1.0)  N_hist=3600
------------------------------------------------------------------------------------------------------------------------
1X1XXXXXXXXXXXXXXXX1XXX1XXXXXXXXXXXXXX1XXXXXXXXXXX0XXXXXXXXXXXXXXXX1XXX0XXXXXXXXXXX0XXXXXX1XXXX1X1XX10XXX0XXXXXXXXXXXXXX
XXXXXXXXXXXXX1XXXXXXX1XXXXXXXX0XX10XXX1XXXXXXXXXX1XXXXXXXXXX


Generation 21/50  F=U(0.5, 1.0)  N_hist=3780
------------------------------------------------------------------------------------------------------------------------
01X1XXX0XXXXXXXX1XXX1XXXXXXXXXXXXXXX1XX1XXXXXXXXXXXXXXXXXXXXXXXXXXXXX1XXXXXXXXX1XXXXXXXXXXXXXXXXXXXXXXXXXXXXXX10XX1XXXXX
XXXX1XXXXXXXXXXXX1XXXXXXXXXX1XXXXXXXXXXXXXXXXXXXXXXXXXXXXXXX


Generation 22/50  F=U(0.5, 1.0)  N_hist=3960
------------------------------------------------------------------------------------------------------------------------
1111X02XXXXXX1XXXXXXXXXXXXXXXXXXXXXXXXXXXXXXX1XXX1XXXXXXXXXXXXXXXXXXXXXXXXX1XX0XXXXXXXXXXXXXXXXXXXXXX01XXXXXXX1XXXXXXXXX
XX0XXXXXXXXXXX1XXXXXXXXXXXXX0XXX1XXXXXXXXXXXXX1XXXXXXXXXXXXX


Generation 23/50  F=U(0.5, 1.0)  N_hist=4140
------------------------------------------------------------------------------------------------------------------------
11011XX1XXXX0XXXXXXXXXXXXXXXXX1XXXXXXXXXXXXXXXXXXXXXXXXXXXXXXXXXXXXXXXXX1XXXXXXXXX1XX1XXXXXXXXXXXXX1XXXXXXXXXXXXXXXXX0XX
XXXXXXXXXXX1XXXXXXXXXXXXXXXXXXXXXXXXXXXXXXX1XXXXXXXXXXXXXXXX


Generation 24/50  F=U(0.5, 1.0)  N_hist=4320
------------------------------------------------------------------------------------------------------------------------
10XXXXXX1XXXXXXXX1XX1XXXXXXXXXXX0XXXXXX1XXXXX1XXXXXX1XXXXXXX1XXXXXXX0XXXX0XX1X1XXXXXXXXXXXXXXXXXXXXXXXX1XXXXXXXXXXXXXX1+
X1XXXXX0XXXXXXXXXXXXX1XXXXX11XXXXXXX0XXXXXXXXXXXXX1XXXXXXXXXX


Generation 25/50  F=U(0.5, 1.0)  N_hist=4500
------------------------------------------------------------------------------------------------------------------------
111X1XXXX0XXX11XXXXXXXX1XXXXXXXXXXXXXXXXXXXXXXXXX1XXX1XXXXXXXXXX1XX1XXXXXXXXXXXX1XXXX1XXXXXXXXXXXXXXXXXX11XXXXX1XXXXXX11
XXXXXXXXXXXXXXXXXXXXXXXXX111XXXXXXXXXXXXXXXXXXXXXXXXXXXXXXXX


Generation 26/50  F=U(0.5, 1.0)  N_hist=4680
------------------------------------------------------------------------------------------------------------------------
X1XXXXXX11XXXXXXXXXX111XXX1XXXXXXXXXXX1XX11XX01XX1XXXXXXXXXXXXXXXXX1XXXXXXXXXXXXXXXXX1XXXXXXXXXXXXXXXXXXXXXX1XXXX0XX0XXX
XX0XXXX1XX0X1XXXX1XXXXXXXXXXXXXXXXXXXXXXXXXXXXXXX0XXXXXXXXXX


Generation 27/50  F=U(0.5, 1.0)  N_hist=4860
------------------------------------------------------------------------------------------------------------------------
111110XXXXXXXXXXXXXXXXXXXXXX0XXXXXXXXXXXXXXXXX1XXXXXXXXXXX1XXXXX0XX1XXX1XXXX1XXXXXXXX1XX1XXXXXXXXXXXXXXXXXXXXXXXXXXXXX1X
XXX111XXXXXXXXX1XXXXXXXXXXXXXXXX1XXX1XXXXXXXXXXXXXXXXXXXXXXX


Generation 28/50  F=U(0.5, 1.0)  N_hist=5040
------------------------------------------------------------------------------------------------------------------------
11XXXXXXXXXXXXXXXXXXXXXXXXXXXXXXXXXXXXXXXXX1XX1XXXXXXXXXXXXXXXXXXX0XX1XXXXXXXXXXXXXXXX1XXXX1XXXX1XXXXX111XX0XXXXXXXXXXXX
0XXXXXXXXXX0XXXX0XX00XXXXXXXXXXXXXXXXXXXXXXXXXXXXXXXXXXXXXXX


Generation 29/50  F=U(0.5, 1.0)  N_hist=5220
------------------------------------------------------------------------------------------------------------------------
11XXXXXXX0XXXXXXXXXXXXXXXXXXXXXXXXXXXXX1X0XXXXXXXXX1XXXXXXXXXXX1XX1X1XXXXXXXXXXXXXXXXX1X010XXXXXXXXXXXXXXXXXXXXXXXXXXXXX
XXXXXXXXXXXXXXXXXXXXXXXXXXXXXXXXXXXXXXXXXXXXXXXXXXXXXXXXXXXX


Generation 30/50  F=U(0.5, 1.0)  N_hist=5400
------------------------------------------------------------------------------------------------------------------------
111XXXXXXXXXXXXXXXX01XXXXXXX1XXX1XXXXXXXXXXXXXXXXXXXXXXX1101X111X1XXXXXXXXXXXXXXXXX1XXXXXXXXXXXXXXX1XXXXXXXXXXXX00XXXXXX
XXXXXXXXX0XXXXXXXXXXXXXXXXXXXXXXXXXXXXXXXX1X1XXXXXXXXXXXXXXX


Generation 31/50  F=U(0.5, 1.0)  N_hist=5580
------------------------------------------------------------------------------------------------------------------------
11XXXXXXXX1XXXXXXXXXXXX1XXXXXXXXXXXXXXXXXXXXXXXXXXXX0XXXXXXXX0XXXXXXXXXXXXX1XXXXXXXXX1XX1X1XXXXXXXXXXXXXXXXXXXXXXXXX01XX
XXXXXXXXXX1XXXXXXXXX11X0X1XXXXXXXXXXXXXXXX1XXXXXXXXX0XXX1XXX


Generation 32/50  F=U(0.5, 1.0)  N_hist=5759
------------------------------------------------------------------------------------------------------------------------
1XXXX0XXX1XXXXXXXXXX1XXXXXXXXXXXX0XXXXXXXXXXXXXXXXX0XXXXX0XXXXXXXXXXXXXX1XXXXXXXX1XXXXXXXXXXXXXXXXXXXXXXXXXXXXXXXXXXXXXX
XXXXXXXXXXXXXXXXXXXXXXXXXXXXXXXXXXXXXXXXXXXXXXXXXXXXXXXXXXXX


Generation 33/50  F=U(0.5, 1.0)  N_hist=5940
------------------------------------------------------------------------------------------------------------------------
11X1XXX1X1XXXX1XXXXXXXXXXXXXXXXXXXXXXXXX1XXXXXXXXXXXXXXXXXXXXXXXXXXXXXXXXXXXXXXX1XXXXXXXXXXXXXXXXXXX1XXXXXXXXXXXXXXXXXXX
XXXXXX1X10XXXXXXXXXXXXX10XXXXXXX1XXXXXXXXXXXXXXXXXXXXXXXXXXX


Generation 34/50  F=U(0.5, 1.0)  N_hist=6120
------------------------------------------------------------------------------------------------------------------------
1XXXXXXX1XXXXXXX1XXXX10XXXXXXXXXXXXXXXXXXXXXXXXXXXXXXXXXXXXXXXXXX1XXXXXXXXXXXXXX0X0XXXXXXXXXXXXXXXXXXXXX1XXXXXXX101X0XXX
XXXXXXXXXXXX0XXXXXXXXXXXXXX11X1XXXXXXXXXXXXXXXXX10XXXXXXXXXX


Generation 35/50  F=U(0.5, 1.0)  N_hist=6300
------------------------------------------------------------------------------------------------------------------------
X1XXXXXXXXXXXXX0XXXXXXXXXXXXXXXX0XXXXXXXXXXXX0001XXXXXXXXXXXXXXXX1XXXXXXXXXXXXXXXXXXXXXXXXXXXX0X0XX1XXXXXXXXXXX1XXXXXXXX
XXXXXXXXXXXXXXXXXXXX1XXXXXXXXXXXXXXXXXXX11XXX0XXXXX11XXXXXXX


Generation 36/50  F=U(0.5, 1.0)  N_hist=6480
------------------------------------------------------------------------------------------------------------------------
0XXX1XXXXXX1XXXXXXXXXXXXXX10XXXXXXXXXXXXXXXXXXXXXXXXXX1XXXXXXXXXXXXXXXXXXXXXXXXXXXXXXX1XXXXXXXXXXXXXXXX0XX1XXXXXXXXXXXXX
XXXX1XXXXXXXX1XXXXXXXXXXXXXXXXX0XXXXXXX0XXXXXXXXXXXXXXXXXXXX


Generation 37/50  F=U(0.5, 1.0)  N_hist=6660
------------------------------------------------------------------------------------------------------------------------
1XXXXXXXXX1XXXXXXXXX1XXXXXXXXXXXXXXXXXXXXX10XXXXX1XXXXXXXXXXXXXXXXXXXXXXXXXXXXXXXXX10X1XXXX0XXXXX10X1XX1XXXXXXXXXXXXXXX1
XXXXXXX0XXXXXX1XXXX1XXXXXXXXXXXXXXXXXXXXXXXXXXXXXXXXXXXXXXXX


Generation 38/50  F=U(0.5, 1.0)  N_hist=6840
------------------------------------------------------------------------------------------------------------------------
0XXXXXXXXXXXXXXXXXXX0XX1XXXXXXXXXXXXXXXXXXXXXXXXXXXX101X01X1XXXXXXXXXXXXXXXX1X1XXXXXXXXXXXXXXXXXXXXXXXXXX0XXXXXXXXXXX1XX
XXX10XXXXXXXXXXX1XXXXXXX0XXXXXXXXXXXXXXXX1XXXXXXXXXXXXXXXXXX


Generation 39/50  F=U(0.5, 1.0)  N_hist=7020
------------------------------------------------------------------------------------------------------------------------
011X1XXXXXXXXXXXXXXXXXXXXXXXXXXXXXXXXXXXXXXXXXXXXXXXX0XX1X1XXXXXXXXXXXXXXXX0X1XXXXXXXXXXXXXXXXXXXXXXXXXXXX1XXXXXXXXXXXXX
X1XXXXXXXXXXXXXXX1XXXXXX0XXXXXXXXXXXXXXXXX1XXXXXXXXXXXXX1XXX


Generation 40/50  F=U(0.5, 1.0)  N_hist=7200
------------------------------------------------------------------------------------------------------------------------
1000XXXXXXXXXXXXXXXXXXXXXXXXXXXXXXXXX0X1XXXXXXXXXXXX0X1X1XXXXXXXXXXXXXXXXXXXXXXXXXXXXXXXXXX11XXXXXXX1XXXXXXX01XXXXXXX0XX
XXXXXXXXXXXXXXXXXXXXXXXXXXX011XXXXXXXXXXXXXXXXXXXX1XXXXXXXXX


Generation 41/50  F=U(0.5, 1.0)  N_hist=7380
------------------------------------------------------------------------------------------------------------------------
10XX1XXXXXXXXXXXXXXXXXXXXXXXXXXXXXXX1XXXX1X1XX1XXXXXXXXXXXXXXXXXXXXXXXXXXXXXXX1XXXXXXXXXXXXXXXXXXX0XXXXXXXXXXXX0XXXXXXXX
0XXXXXXXXXX1XXXXXXXXXXXXXXXXXXXXXXXXXXXXXXXXXXXXXXXX0XXXXXXX


Generation 42/50  F=U(0.5, 1.0)  N_hist=7560
------------------------------------------------------------------------------------------------------------------------
1XXXXXXXX0XXXXXXXXXXXXXX0XXXXXXXXX00XXXXXXXXXXXXXX11+XXXXXXXXXXXXXX1XXXXXXXXXXX0XXXXXXXXXXXXXXXXXXXXX100XXXX0XXXXXXXXXX0
XXXXXXXXX0XXXXXXXX0X010XXXXXXXXXXXXXXXXXX0XXX0

SSE=2.602 on eval 7732: L=3.92684e+07 b=3.80615* r=0.270806 rf=0.965721 t0=40.7976 th=5.07351

+0XXXXXXXXXXXXXX


Generation 43/50  F=U(0.5, 1.0)  N_hist=7740
------------------------------------------------------------------------------------------------------------------------
00XX00XXXXX0XXXXXX0XX0XXXXXXXXXXXXXXXXXXXXXX0XXXXXXXXXXXX00XXXXXXXXXXXXXXXXXXXXX1X1XX01XXXXXXXXXX0XXXXXXXXX1XXXXXXXXXXXX
XXXXXXXX0XXX0XXXXXXX1XXXXXXXXXXXXX0XXXXX1XXXXXXXXXXXXXXXXXXX


Generation 44/50  F=U(0.5, 1.0)  N_hist=7920
------------------------------------------------------------------------------------------------------------------------
00X0XX0XXXXXXXXXXXXXXXXXXX0XXXX1XXXXXXXXXX11XXX1XXXXXXXXXXXXXXXXXX0XXX0XXXXXXXXXXXXXXXXXXXXXX01XXXXXXXXXXXXXX0XXXXXXXXX1
XXXXXXXXXXXXXXXXXXXX0XXXXXXXXXXXXXXXXXX1XXXXXXXXXXXXXXXXXXXX


Generation 45/50  F=U(0.5, 1.0)  N_hist=8100
------------------------------------------------------------------------------------------------------------------------
0XXXXXXXXXXXXXXXXX0XXXXXXXXXX0XXXXXXXXX000XXXXXXXXXXXXXXXXXXX0XXXXXXXXXXXXX0XX0XXXXXXXXXXXXXXXXXXXXXXXXXXXXX0XXXXXXXXXXX
XX0XXXXXXXXXXXXX1XXXXXX10XX0XXXXXXXXX1XXXXXXXXXXXXXXXXXXXXXX


Generation 46/50  F=U(0.5, 1.0)  N_hist=8280
------------------------------------------------------------------------------------------------------------------------
11XX0XXXXXXXX0XXXXXXXX0XXXXXXXXXXXXXXXXXXXXXXXXXXXXXXXXXX00XXXXXXXXXXXXXXX111XXXXXXXXXXXXXX0XXX01XXXXXXXX0XX00XXXXXXXXXX
10XXXXXXXXXXXXXXXXXXXXXXXXXXXXXXXXXX10XXXXXXXXXXXXXXXXXXXXXX


Generation 47/50  F=U(0.5, 1.0)  N_hist=8460
------------------------------------------------------------------------------------------------------------------------
11XXXXXXXXXXXXXXXX1XXXXXX10XXXXXXX0XXXXXXX011XXXX10XX0XXXXXXXXXXXX0XXXXXXXXXXXXXXXXXXXXX1XX0XXXXXXXXXXXXXXXXX10XXXXXXXXX
XXX1XXXXXXXXXXXXXXXXXXX10XXXXXXXXXXXXXXXX0000XXXXXXXXXXXXXXX


Generation 48/50  F=U(0.5, 1.0)  N_hist=8640
------------------------------------------------------------------------------------------------------------------------
00000XXXXXXXX11X1XXXXXXXXXXXX0XXXXXXXXXXXXX0XXXXXXX1XXXXXXXXXXXXXXXXXXXXXXXXXXXX1XXXXXXX0X1XXXXXXXXXXXXX1X00XXXXX0XXXXXX
XXXXXXX0XXXXXXXXXXXXXXXXXXXXXXXXXXXXXXXXXXXXXXXXXXXXXXXXXXXX


Generation 49/50  F=U(0.5, 1.0)  N_hist=8820
------------------------------------------------------------------------------------------------------------------------
1XX01XXXXXXX0XXX1XXXX0XXX0XXX0X0XXXXXXXXXX0XXXXXXXX1XXXXXXXXXXX1XXXXXXXXXX0XX1XXXXX10XX0XXXXXXXXXXXXXXX1XXXX1XX0XXXXXXXX
XXXXXXXXXXXXXXXXX1XXXXXXXXXXXXX0XXXXXXXXX010XXXXXXXXXXXXXXXX


Generation 50/50  F=U(0.5, 1.0)  N_hist=9000
------------------------------------------------------------------------------------------------------------------------
000X1XXXXXXXXXXXXXXXXXX0XXXXXXXX0XXXXXXXXXXXXXXXXXXX00XX1XXXXXXXX0XXX0XXXXXXXXXXXXX0XXXXXXXXXXXXXXXXXXXXXXXX0XXXXXXXX0XX
XXXXX0XXXXXXXXXXXX0XXXXXXXXX0XXXXXXXXXXXXXXXXXXXXXX0XXXXXXXX

Maximum number of iterations reached.

Shutting down DE...
DE shutdown complete.

Final population:
Population: 180 individuals with SSE 2.602 to 2.7847, avg eval time 0.0209 sec. Top 7:

        SSE |      2.602        2.609       2.6095       2.6162       2.6165       2.6171       2.6177  
------------------------------------------------------------------------------------------------------------------------
          L | 3.9268e+07    3.032e+07   1.4613e+07   7.4905e+06   2.2259e+06*  2.9566e+07   1.2252e+06* 
          b |     3.8061*      36.677       23.963       1.7829*      3.2111*      3.2011*      46.779  
          r |    0.27081      0.27229      0.25158      0.23778      0.27232      0.28376      0.25593  
         rf |    0.96572      0.97729      0.97083      0.95984      0.96553      0.96584      0.98116  
         t0 |     40.798         40.8       40.966       41.288       40.478       40.901       40.906  
         th |     5.0735       4.8977        5.048       4.7255       5.3864       4.9148       5.0634  
------------------------------------------------------------------------------------------------------------------------
Best individual:
<SSE=2.6020 L=3.92684e+07 b=3.80615* r=0.270806 rf=0.965721 t0=40.7976 th=5.07351>


Elapsed time: 130.22 seconds

Saved final population of best parameter combinations to covid19.dat
Shutting down...
Task Queue is shut down
Goodbye
