Decompressing and parsing covid19.csv.bz2...
Cumulative and new cases reported thus far for Spain
------------------------------------------------------------------------------------------------------------------------
000	01/22	0	0
001	01/23	0	0
002	01/24	0	0
003	01/25	0	0
004	01/26	0	0
005	01/27	0	0
006	01/28	0	0
007	01/29	0	0
008	01/30	0	0
009	01/31	0	0
010	02/01	1	1
011	02/02	1	0
012	02/03	1	0
013	02/04	1	0
014	02/05	1	0
015	02/06	1	0
016	02/07	1	0
017	02/08	1	0
018	02/09	2	1
019	02/10	2	0
020	02/11	2	0
021	02/12	2	0
022	02/13	2	0
023	02/14	2	0
024	02/15	2	0
025	02/16	2	0
026	02/17	2	0
027	02/18	2	0
028	02/19	2	0
029	02/20	2	0
030	02/21	2	0
031	02/22	2	0
032	02/23	2	0
033	02/24	2	0
034	02/25	6	4
035	02/26	13	7
036	02/27	15	2
037	02/28	32	17
038	02/29	45	13
039	03/01	84	39
040	03/02	120	36
041	03/03	165	45
042	03/04	222	57
043	03/05	259	37
044	03/06	400	141
045	03/07	500	100
046	03/08	673	173
047	03/09	1073	400
048	03/10	1695	622
049	03/11	2277	582
050	03/12	2277	0
051	03/13	5232	2955
052	03/14	6391	1159
053	03/15	7798	1407
054	03/16	9942	2144
055	03/17	11748	1806
056	03/18	13910	2162
057	03/19	17963	4053
058	03/20	20410	2447
059	03/21	25374	4964
060	03/22	28768	3394
061	03/23	35136	6368
062	03/24	39885	4749
063	03/25	49515	9630
064	03/26	57786	8271
065	03/27	65719	7933
066	03/28	73235	7516
067	03/29	80110	6875
068	03/30	87956	7846
069	03/31	95923	7967
070	04/01	104118	8195
071	04/02	112065	7947
072	04/03	119199	7134
073	04/04	126168	6969
074	04/05	131646	5478
075	04/06	136675	5029
076	04/07	141942	5267

Initializing 240 population members having 6 parameters
------------------------------------------------------------------------------------------------------------------------

SSE=23.791 on eval 1: L=4.14283e+07 b=6.21569 r=0.181485 rf=0.686676 t0=66.7525 th=6.47775

*

SSE=11.42 on eval 2: L=4.547e+07** b=32.4658 r=0.221704 rf=0.949727 t0=66.5265 th=11.9762**

!322322340242251145331223

SSE=9.7767 on eval 27: L=3.57113e+07 b=25.0678 r=0.207499 rf=0.865403 t0=66.0545 th=8.54427

!42111201134792478232!112335726212313263224254326292289324334153112232722441131454129224112262
612482229133914227724264152713241332232241413229429212192121462623519621244123191131195113132233112485411272332352

SSE=9.4131 on eval 235: L=2.87145e+07 b=36.9223 r=0.201623 rf=0.931635 t0=67.0147 th=9.60679

!11221


Population: 240 individuals with SSE 9.4131 to 113.16, avg eval time 0.584 sec. Top 7:

        SSE |     9.4131       9.6011       9.7767       9.9035       9.9036        9.906       9.9952  
------------------------------------------------------------------------------------------------------------------------
          L | 2.8715e+07   2.1355e+07   3.5711e+07   8.5884e+06    3.549e+07   3.9877e+07   4.0096e+07  
          b |     36.922       21.413       25.068       14.721       3.2087       12.977       6.9543  
          r |    0.20162      0.18548       0.2075       0.2163      0.18383      0.20661      0.18823  
         rf |    0.93164       0.8893       0.8654      0.94548      0.90893      0.88691      0.88075  
         t0 |     67.015       67.648       66.054       66.473       67.543       67.047       67.329  
         th |     9.6068       8.7314       8.5443       11.397       8.3733       7.7939       7.3837  
------------------------------------------------------------------------------------------------------------------------
Best individual:
<SSE=9.4131 L=2.87145e+07 b=36.9223 r=0.201623 rf=0.931635 t0=67.0147 th=9.60679>


Population: 240 individuals with SSE 9.4131 to 113.16, avg eval time 0.584 sec. Top 7:

        SSE |     9.4131       9.6011       9.7767       9.9035       9.9036        9.906       9.9952  
------------------------------------------------------------------------------------------------------------------------
          L | 2.8715e+07   2.1355e+07   3.5711e+07   8.5884e+06    3.549e+07   3.9877e+07   4.0096e+07  
          b |     36.922       21.413       25.068       14.721       3.2087       12.977       6.9543  
          r |    0.20162      0.18548       0.2075       0.2163      0.18383      0.20661      0.18823  
         rf |    0.93164       0.8893       0.8654      0.94548      0.90893      0.88691      0.88075  
         t0 |     67.015       67.648       66.054       66.473       67.543       67.047       67.329  
         th |     9.6068       8.7314       8.5443       11.397       8.3733       7.7939       7.3837  
------------------------------------------------------------------------------------------------------------------------
Best individual:
<SSE=9.4131 L=2.87145e+07 b=36.9223 r=0.201623 rf=0.931635 t0=67.0147 th=9.60679>

Performing DE with CR=0.7, F=U(0.5, 1.0), DE/rand-1.00/1/bin
------------------------------------------------------------------------------------------------------------------------
Press the 'Enter' key to abort.

Generation 1/75  F=U(0.5, 1.0)  N_hist=240
------------------------------------------------------------------------------------------------------------------------
XX2X1X2222X1XXX3X322XXX3262XXXXX30X11332XX12XX5XXX22X22X1X1X2X22XXX31X1XXX12XXXXX4X218XXX2X1XX11XX8XX1X8XXX3124212229041
X1XX23X22231X1X2XX2X612XXX2XXX11XX11X2X2222X21XX2XXX4321XXXXX6X1X1XXXXX52XXX21237112314XX52XXX10XXXXX32X1212X6X321X2X33X


Generation 2/75  F=U(0.5, 1.0)  N_hist=480
------------------------------------------------------------------------------------------------------------------------
2X2211XXX22XXX1X212X2X2X1X12222XXXXXXX13X1X12X12XXXX111X2XXX12XX1X2X121321XXXXXXXXX2XX1X1XX111XXXXX21XXXX1X2XX33X11XX1XX
XX01XX1X11XX2X11XXXXX500XXX2XX22XX1X1XXX1X2XX1X111XX8X121XX3XXXXX21XXXX2XXXX12XXX021XX1X11XXX1X12XX1X32XXX110XX413XXX1XX


Generation 3/75  F=U(0.5, 1.0)  N_hist=720
------------------------------------------------------------------------------------------------------------------------
XXXXXX1XXXX21X1XXXX2XXXXX1XXXX2XX20X3XXXXXX1XXXX1X2X12XXX2XXX21X1XXXX1XX2XXXXX1X1XXXXXXXX1X1XX1X2X0XXXX11X33X13XXXX1XXXX
XXXX1XX2XX1X1XXXXX1XXXXXXXX1XX1XXXXXXX1X10XXXXXXXX1X123112XXXXXX1XX11XXX1X10X2X1XXXXX2X1XXXX1111XXXXXX1XX0XXXX2X1XXXXX1X


Generation 4/75  F=U(0.5, 1.0)  N_hist=960
------------------------------------------------------------------------------------------------------------------------
2X1XX1111XXX2XXXXX10XXX0XXXXXXX11XX11X2XXXXX11XX2X2X2XX111XX1XXXX0XX1X1X1XXXXXXX1XX1XXX11XXXX2XXXX211X1XX1XX1XXX1XX2X1X1
2XX1XXXX21XXXXX1X1XXXXXXXXXXX2XX1XX6XXX1X2X1XXXX1XXX0XXXXXXXXX2XX1XXXXXX2XX1XX11X1X1X1XXXXXX12XX0XX012X11XXXXX1210XXXXXX


Generation 5/75  F=U(0.5, 1.0)  N_hist=1200
------------------------------------------------------------------------------------------------------------------------
XXXXXXXXX1XX1XX1XXXXXX2XXX1XXXX11X1XXX2X1XXXXX11XXX1X1XXXXXXXXX1XXXXXXXXXXX2XXXXX2XXXXXX2XXXX12XXXXXXXXXXX2XXXXXXXXXXXXX
XX1XX0XXX1X111X2XXXXXXXX11XXXXXXXXXXXX1XXX2X1XX1X1XXX1XX1XXXXXX1XXXX011X0XXXXXX11XXX1XX02XXXXXXXXXX1XXXX2XXX1XX11X1XX1X1


Generation 6/75  F=U(0.5, 1.0)  N_hist=1440
------------------------------------------------------------------------------------------------------------------------
XXXXX1XXX1XXXXXXXXXX1XX1XXX1XXXXX0XXXXXXXXXXXXXXXX1XX1XXXX11111XXX110XXXXXX01XXXXXX1X1XX11XXXXX101XXXX11XXX1XX1XXXXXXXXX
XXXXXXX1XXXXXXX111XXXXXXXXX1XX1XXXX1XXXXXXXXXXXXXX01XXXXX1XXXXXXXXXXXXXXXXXXXXXXXXXXX01XXXXX10XXXXXXXX1XXXXXXXXXXXX2XXXX


Generation 7/75  F=U(0.5, 1.0)  N_hist=1680
------------------------------------------------------------------------------------------------------------------------
111XXXXXXXXXX1X1XXX1XXX1XXXXXX11XXXXXXXXXX11XX01XXX1XX1XXXX1XX1XX0X0XXXX11XXXXX1XXXXXXXX1XXXXXXXXXX1XXXXXXXXX11120XXXXXX
XX1X1XXXXXXXXXX0XXXXXXXXXXXXXXXXXXX1XXXXXXX11101XXXXXXXXX0XXX1XXXXXXX1XXXXX11XXXXXXXXXXXXXXXXXXXXXXXXXXXXXXX110X1XXXXXXX


Generation 8/75  F=U(0.5, 1.0)  N_hist=1920
------------------------------------------------------------------------------------------------------------------------
1110X111111XXXXXXXXXX1XXX0XXXXXXXXXXXXXXXXXXXXX1XXXXXXXXXXXXX1XXXXXXXXXXXXXXXXXXXXXXXXXXXX211XXXX10X0XXXXXXXXX1XXXXXXXX1
XX1XXXX1XXXXXXXXXXXX1X1XXX1XXXXX1X1XXXXXX111XX1XXXXXX1XXXXXXX1X1XXXXXXXXXXX1XXX1+XXX1XXX1XX0XXXXXXXXX100XXXXXXXXXXXXXXXX
X


Generation 9/75  F=U(0.5, 1.0)  N_hist=2160
------------------------------------------------------------------------------------------------------------------------
01X10XXXXX0XXXXX0XXX1XXXXXXXXXXX1XXXXXX0111X11XX0XX1XXXXXXXXXXXXXXXX1XX1X1XXXXX1XXXX0XXXXXXX1XXXXXXXXXXXXXX1XXXXX1X1XXXX
1XXXXXXXX1XXXXX111X1XX11XXXXXXXXXXXXXXXXXXXXXXXXXXXXXXX1XXXXXXXXXXX1XX1XXXXXXXXXXXXXX1XXXXXXXXXXXXXXX1XXXXXXXXXXXXXXXXXX


Generation 10/75  F=U(0.5, 1.0)  N_hist=2400
------------------------------------------------------------------------------------------------------------------------
11XXXXX0111X1XXXXXXXXXXX1XXXXXXXXXX11XXXXXXXXXXXXXXXXXX1XXXXXXXXXXXX01110XXXX1X01XXXXXXXXXXX1XXXXXXXXXXXXXXXXX011XX11XXX
XX1XXXXXXXXXXXXXX1X101XXXX1XXXXXXXXX1XXXX1XXXXXXXXXXXXXXXXXXXX0XXXXXX11X1XXX01XXX1XXXXXXXXXXXXXXX11XXXXXXXXXXXXXXXXXXXXX


Generation 11/75  F=U(0.5, 1.0)  N_hist=2640
------------------------------------------------------------------------------------------------------------------------
1X00XX1001XX1XXX0XXXXX1X1XXXXX11X00X1XXXX1XXXXXXXXXXXXXXXXXX0XXXXXXX010XXX1XXXXXXXX1XXXXXXXXXXX1X0XXXXXXXXXX0X1XXXXXXXXX
XXXXXXXXX1XXXXXX0XXXXXXXXXX0XXXX110XXXX0XXXXXXX1XXXXXXXXXX1XXXX1XXXX1XXXXXXXX11XXXXX1XXXXX01XXXXXXXXXXX1XXXXXXXXXXXXXXXX


Generation 12/75  F=U(0.5, 1.0)  N_hist=2880
------------------------------------------------------------------------------------------------------------------------
01XX011XXX1XXX00XX0XXXXXXXXXXXXXXXX1XXXXXXXXXXXXXXXXXXXXXXXXXXX0XXX1XXXX1XXXXXXX1XXXX0XXX1XXX1XXXXXXXXXXXXXXXXXXXXXXXXXX
XXXXXXX11+XX1XXXXXXXXXXXXXXXXXX0XXXX1XXXX11X1XXXX1XXXXXXXXXXXXXXXX011XX0XXXXXXXXXXX1XXX111XX1XXXXXXXXXXXXXXXXXXXXXXXXXXX
X


Generation 13/75  F=U(0.5, 1.0)  N_hist=3120
------------------------------------------------------------------------------------------------------------------------
1000X1011XXXXXXXXXXXXX01X011XXXXXXXXXXXXX1X0XXXXXXXXXXXXXXX1XXXXXXXXXXX1XX0XX1XXXX0XXXXXXXXXXXXXXXXXX11XX1X01XXXXXXXXXXX
XXXX10XXXXXX1XXXXXXXXXXXXXXXXX000XXXXXXXXX1XX1X1X0XXXXXXXXXXXXXX1XXXXXXXXXXXXXXXXXXXX1X1XXX111XXXXXXXXX01XXX1XXXXXX0XXXX


Generation 14/75  F=U(0.5, 1.0)  N_hist=3360
------------------------------------------------------------------------------------------------------------------------
1XX111X110XXXXXXXXXX1XXX1XXXXXXXXXXXXXX1XXXXXXXXXXXXXXXX1XX11XXXXXXXXXXXXXXX1XXX11XXXXXXXXXX1XXXXXXXXX1XX10X0XXXXXXX1XX1
XXXXXX1XXXXXXXXXXXXXXXX10XXXXXXXXXXX00XXXXXX01XX10XX10XXX0XXXX0XXXXX1XXX1XXXXXXXXXXXXX01XXXXXXXXXXXXXX1XXXXXXXXXXXXXXX1X


Generation 15/75  F=U(0.5, 1.0)  N_hist=3599
------------------------------------------------------------------------------------------------------------------------
11X1111XX0XXXXX1XXXXXXXXXXXXXXXXXXXXXXX0XXXXXX1XX0XXXXXXXXXXXXXX1XX1XX1XXXXXXX111XXXXXXXXXXXXXXXXXXXXXXXXXX1XXXXXXXXXXXX
X1XXXX010X1XXXXX0XXXXXXXXXXXXXXXXXXXXXXXXXXX01XXXXXXXXXXXXXXXXXXXXXXXXXXXXXXXXXXXXXXXXXXXXXXXXXX00XXXXXXXXXXXXXXXXXX0XXX


Generation 16/75  F=U(0.5, 1.0)  N_hist=3839
------------------------------------------------------------------------------------------------------------------------
1111X110X1X1XXXXXX0XXXXXXXXXXXX1XXXXX11XXXXXXXXXXXXXXXXXXX0XX11X01XXX01X0X0XXXXXXXXX0XXXXXXXXXXXXXXXXXXXXXXXXXXXXXXXXXXX
XXXXXX1XXXXXXXXXXXXXXXXXX01XXX0XXXXX10XXXXXXXX1XXXXXXXXXXXXXXX0X1XXXXXX0XXXXXXXX1XXXXXXXXXXXXXXXXXXXXXXXXXXXXXXXXXXXXXXX


Generation 17/75  F=U(0.5, 1.0)  N_hist=4080
------------------------------------------------------------------------------------------------------------------------
00XX0XXXXXXXXXXXXXX0XXXX0XXXXX1XXXX0XXXX10XXXXXXXXXXXXXXXXXXXXXXXXXXXXXXXXXXXXXXXXXXXXX1XXXXXXXXX010XXX0XXX1XXXXXXXXX1XX
XXXXX1XXXXXXXXX010XXXX0XXXXXXXXXXXX0XXXXXXXXXXXXXXXXXXXXXXXXXXXX0XXXX1XXXXXXXXX0XXXXXXXXXXXXXXXXXXXXXXXXXXXXXXXXXXXXXXXX


Generation 18/75  F=U(0.5, 1.0)  N_hist=4320
------------------------------------------------------------------------------------------------------------------------
0101X000X1XX10XXXX1XXXXX1XXX0XXXXXXXXXXXXXXXXXXXX110XXXXXXXXXXXX0XXXXXXXXXXXXXXXXXXXXXXXXXXXXX0XXXXXXXX1XXXX0XXXXXXXXX1X
XXXXX0XXX0XXXX0XXXXXXXXXXXXXXXXXXXXXX11XXXXXXXXXXXXXXXXXX0XXXXXXXXXXXX0X1XXXXXXXXXXX0XXXXXXXXXXXXXXXXXXXXX0XXXXXXXXXXXXX


Generation 19/75  F=U(0.5, 1.0)  N_hist=4560
------------------------------------------------------------------------------------------------------------------------
0011X10001X0XXXXXXXXXXXXXXX0XXX0XXXXXX1XXXXXXXXXXX10XXXXXXXXXXXXXXXXXXXXXXX1XXX10XXXXXX1XXXXXXXXXX01XX0XXXXXXXXXXXXXXXXX
XXX1XX01XXX00XXXXXXXXXXXXXXXX11XXXXXXXXXXXXXXXXX0XXX0X0XXX01XXXXXXXXXXXXXXXXXXXXXXXXXXXXXXXXXXXXXXXXXXXXXXXXXXXXXXXXXXXX


Generation 20/75  F=U(0.5, 1.0)  N_hist=4800
------------------------------------------------------------------------------------------------------------------------
0X1XXXX0XXX1XXXXXXXXXXX1XXXXXXXXXXXXXXX0X0XXXXX1XXXXXXXXXXXXXXXXXXXXXXXXXXXXXXXXXXXXXXXXXXXXXXXXX10X1XXXXXXXXXXXXXXXXXXX
X0XXXXXX1XXXXXXXXXXXXXXXXXXX1XXXXXXXXXX0XX1X00XXXXXXXXXXXXXXXXXXXXXXXXXXXX11XXX1X10XXXXXXXXXXX1XXXXXXXXXXXXXXXXXXXXXXXXX


Generation 21/75  F=U(0.5, 1.0)  N_hist=5040
------------------------------------------------------------------------------------------------------------------------
01X1000XX0XXX11XXXXXXXXXXXXXXX0XXXXXXXXXXXXXXXXXXXXXXX1XXXXXXXXXXXXXXXXXXXXXXXXXX1XXXXXX0XXXXXXXXXX0XXXXXXX1XXXX1XXXXXXX
XXXXXXXXXXXXXXXXXXXX00X1X001X0X0X1XXXXXXXXXXXXXXXXXXXX1XXXXXXXXX01XXXXXXXXXXX1XXXXXXXXXXXXXXXXXXXXXX0XXXXXXXXXXXXXXX0XXX


Generation 22/75  F=U(0.5, 1.0)  N_hist=5280
------------------------------------------------------------------------------------------------------------------------
0001X001XXXXXXXXXXXX0XXXXXXXXX00XXXXXXXXXXXXXXXXXXXXXXX0XXXXXXXXXXXXXXXXXXX01X0XXXXXXXXXXX1XXXXXXX0XX0XXXXX1X1X0XXXXXXXX
XXXXXXXX000X010XX11XXXXXXXXXXXXX1XXXXXXXXXXXXXXXXXXXXXX0XXXXXXXXXXXXXXXXXXXXXXXXXXXXXXXXXXXXXXXXXXXXXXXXXX1XXXXXXXXXXXXX


Generation 23/75  F=U(0.5, 1.0)  N_hist=5520
------------------------------------------------------------------------------------------------------------------------
010X011XXXXXXXXXXXXXXXXXXXXXXXX1XXXXXXXXXXXXXXXXXXX1XXXXXXXXXXXXXXXX0XXXXXXXXXXXXXXXX0XXXX1XXXXXXXXXXX01000XXXXXXX00X0XX
XXXXXXXXXXX11XXX0X1XXXXXXXXXXXXXXXXXXXXXXXXX0XXXXXXX0XXXXXXX0XXXXX0+XX0XXX1XXXXXXX11XXXXXXXXXXXX0XXXXXXXXXXXXXXXXXXXXXXX
X


Generation 24/75  F=U(0.5, 1.0)  N_hist=5760
------------------------------------------------------------------------------------------------------------------------
1X1XXXXXXXXXX001XXXXXXXXXXXXXXXXXXXXXX1XXXXXXXXXXXXXX0XX1XXXXXXXXXXXXXXXXXXXXXXXXXXXX00XXXXXX0XXXXXXXXXXXXXX100XXXXXX0XX
XXXXXXXXXXXXXXXXXXXXXXXXX0X1XXXXXXXXXXXXXXXXXXXXXXXXXXXX0XXX10XXXXXXXXXXXXXXXXXXXXXXXXXXXXXXXXXXXX0XXXXXXXXX0XXXXXXXXXXX


Generation 25/75  F=U(0.5, 1.0)  N_hist=6000
------------------------------------------------------------------------------------------------------------------------
10X0000XXXXX001XXXXXXXXXX0X0XXXXXXXXXXXXXXXXXXXXXXXXXXXXXXX10X0001X0XXXXXXXXXXXXXXXXXXXXX0XXXXXXXXX1XXXX0XXXX0XXXXXX1000
XXXXXXXXXXXXXXXXX0XXXXXXXXXXXXXXXX1XXXXXXXXXXXXXXXXXXXXXXXXXXXXXXXXXXXXXXXXXXXXXXXXXXXXXXXXXXXXXXXXXXXXXXXXXXXXXXXXXXXXX


Generation 26/75  F=U(0.5, 1.0)  N_hist=6240
------------------------------------------------------------------------------------------------------------------------
000X000X0XXXXXXXXXXXXXXXXXXXXXXXXXXXXXXXXXXXXXXXX1XXX0X0XXXXXXXXXXXXXXX1XXXXXXXXXXXXXXXXXXXXX0X0XXXXXXXXXXXXXXXXXXXX01XX
XXXXXXXXXXXXXXXXXXXXXXXXXXXXXXXXXXXXXXXXXXXXXX0XXXXXXXXX0XXXXXXXXXX0XXXXXXXXXXXXXXXXX1X00XXXXXXXXXXXXXXXXXXXXXXXXXXXXXXX


Generation 27/75  F=U(0.445, 1.0)  N_hist=6480
------------------------------------------------------------------------------------------------------------------------
00X00XXXXXXXXXXXXXXXXXXXXXXXXXXXXXXXXXXXXXXXXXXXXXXX0XXXXXX10X0XXXXX00XXXXXXXXXXXXXXXXX1XXXXXXXXXXXXXXXXX00X0XX0XXXXXXXX
X1XXXXXX0XXXXXXXXXXXXXXXXXXXX00XXXXXXXXXXX0XXXXXXXXXXXXXXXXXXXXXXXXX0XXXXXXXXXXXXXXXX0XXXX0XX0XXXXXXXXXXXXXXXX1XXXX00XXX


Generation 28/75  F=U(0.493056632402, 1.0)  N_hist=6719
------------------------------------------------------------------------------------------------------------------------
00XX0XXX000X0XX0XXXXXXXXXXXXXXXXXXXXXXX000X0XXXX0XXXXX0XXXXXXXX0XXXX0XXXXXXXXXXXXXXXXXXXXXXXXXXXXXXXXX0XXXXXX0XX0X0X0XXX
0XXXXXXXXXXXX0XX1XXXX00XXXXX0XXXXXX0XXXXXXX0X0001XXXXX0XXXXXXXXXXX1XXXXXXXXXXXXXXXX0XXXXXXXXXXXXXXXXXXXX0XXXXXXXXXXXXXXX


Generation 29/75  F=U(0.5, 1.0)  N_hist=6960
------------------------------------------------------------------------------------------------------------------------
00001XXXXXXXXXXXXXXXXXXXXXXXXXXXXXXXXXXXXXXXX00XXXXXXXXXXXXXXXXXX1XXXXXXXXXXXXXXXXXX0XXXX0XXXXXXXXXXXXXXXXXXXX0XXXXX10XX
XXXXXXXX0XXXXXXXXXXXX01X0XXXXXXXXXXXX0XXXXXXXXXX0XXXXXXXXXXX01XXXXXXXXXX0XXXXXXXXXXXXXXXXXXXXXXXXXXX0XXXXXXXXXXXXXXXXXXX


Generation 30/75  F=U(0.5, 1.0)  N_hist=7200
------------------------------------------------------------------------------------------------------------------------
10X000XXXXXX1XXXXXXXXXXXXXX0XXXXXXXXXXXXXXXXXXXXXXXXXXXXXX1XXX0XXXX0XXXX10XXXXXXXXXXXX0XXXXXXXXXXXXXXXXXXXXXXXXXXXX0XXXX
XXXXXXXXXXXXXXXXXXXXXXXX0XXXXXXXXXXXXXXXXXXXXXX0XXXXXXXXXXXXXXXXXXXXXX001XXXXXXXXXXXXXXXX00XX0XXXXXXXXXXXXXXXXXXXXXXXXXX


Generation 31/75  F=U(0.5, 1.0)  N_hist=7440
------------------------------------------------------------------------------------------------------------------------
000X000XXXXXXXXXXXXX01X0XXXXXXXXXXXXXXXXXXXXXXXXXXX0XXXXXXXXXXXXXXXXX0XXXXXXXXXXXXXXXXXX0XXXXXX0XXXXXXXXXXXXXXXXXXXXXXXX
XXXXXXXXXXXXXXXXXXXXXXXXXXXXXX00X0XXXXXXXXXXXXXXX00XXXXXXXXXXXXXXXXXXXXX0XXXXXXXXXXXXXXXXXX00XXXXXXXXXXXXXXXXXXXXXXXXXXX


Generation 32/75  F=U(0.5, 1.0)  N_hist=7680
------------------------------------------------------------------------------------------------------------------------
0X0XXXXXXXXXXXXXXXX0XXXXXXXXX0XXXXXXXXXXX0XXXXXXXXXXXXXX0XXXXXXXXXXXXXXXXXXXXXXX01XXXXXX0XXXX10XXXXXX0XXXXXXXXXXXXXXXXXX
XXXXXXXXXXXX0XXXXXXXXXXXXXXXXXXXXXX00XXXXXXXX000X1XXXXXXXXXXXXXXXX0XXXXXXXXXXX1XX0XXXXXXXXXX0XX0XXXXXXXXXXXXXXX0XXXXXXXX


Generation 33/75  F=U(0.5, 1.0)  N_hist=7920
------------------------------------------------------------------------------------------------------------------------
00X0XXXXXXXXXXXXXXXXXXXX0XXXXXXXXXX0000XXXXX0XXXXXXXXXXXXX1XXX1XXXXXXXXXXXXXXXXX1XXX0XXXXXXXXXXXXXXXX0XXXXXXXXXXXXXX11XX
XXXX0XXX1X0101XX00XXXXXXXXX0XXXXXX0X0XXXXXXXXX0XXXXXXXXXXXXXXX0XXXXXXXXXXXXXXXXXXXXXXXXXXXXXX0XXXXXX0XXXXXXX1XXXXXXXXXXX


Generation 34/75  F=U(0.5, 1.0)  N_hist=8160
------------------------------------------------------------------------------------------------------------------------
0X11XXXXXXXXX00XXXXXXXXXXXXXXXXXXXXXXXXXXXXX0XXXXXXXXXXXXXXXXXXXXXXXXXXXXXXXXXXXXX0XXXXXX0XXXXXXXXXXXXXXXXXXXXXX0XX000XX
XXXXXXXXXXXXXXXXXX0001X00XXXXXX0XXXXXX00XXXXXXXXXXXXXXXXXXXX0XX00XXXXXXXXXXXXXXXX0XXXXXXXXXX0XXXXXXXXXXXXXXXX0XXXXXX0XXX


Generation 35/75  F=U(0.5, 1.0)  N_hist=8400
------------------------------------------------------------------------------------------------------------------------
0X00XXXXXXXX1XXXXXXXXXXXX0XXXXX0XXXXXXXXXXXXXXXXXX0XX1XXXXXXXXXXXXXXXXXXXXXXXXXXXXXXXXXXXXXXXXXX0XXXXXX0XXXX0X0XXXXXXXXX
XXXXXXXXXX0XXXXXXXXXXX0XXXXX0XXXXX0XXXXXXXXXXXXXXXXXXXXXXXXXXXXXXXX0X00XXXXXXXXXXXXXXXXXXXXXXXXXXXXXXX0XX0XXXXXXXXXXXXXX


Generation 36/75  F=U(0.5, 1.0)  N_hist=8640
------------------------------------------------------------------------------------------------------------------------
X0XXXXXXXXXXXXXXXXXXXX0XXXXXXXXXXXXX0XXXXXXX0XXXXX0XXXXXXXXXXXXXXXXXXXXXXXXXXX0XXXXX0XXXXXXXXXXXX0XXXXXX10XXXX0XXXXXXXXX
XXXXXXXXXXX0XX0XXXXXXXXXXXXXXXXXXXXXXXXXX00XXXXXXXXXXXXX0XXXX0XXXXXXXXXXXXXXXXXXXXXXXXXXXXXXXXXXXXX00X00XXXXXXXXXXXXXXXX


Generation 37/75  F=U(0.5, 1.0)  N_hist=8880
------------------------------------------------------------------------------------------------------------------------
00X0XXXXXXXX00XX0XXXXXXXXXXXXXXXXXXXXXXXXXXXXXX0XXX0XXX0XXXXXXXXXXXXXXXXXXXXXX0XX0XXXXX10XXXXXX0XXXXXXXXX00X0XXXXXXXXXXX
XX0XXXXXXXX0X0XXXXXXXXXXXXXXXXXXXXXXXXXXXXXXXXXXX00XXXXXXXXXXXX0XXXXXXXXXXXXX0XXXXXXXXX0XXXXXXXXXXXX00XXX0XXXXXXXXXXXXXX


Generation 38/75  F=U(0.5, 1.0)  N_hist=9120
------------------------------------------------------------------------------------------------------------------------
000XXXXXXXXXXXXXXXXXXX0XXXXXXXXXXXXXX0XXX0XXXXX0XX0XXXXXXXX0XXXXXXXXXXXXXXXXXXXXXXXXXXXXXXXXXXXXXXXXXXXXXX0XXXXXXXXXXXX0
XXXXXX00XXXX000XXXXXXXXXXXX0XXXXXXXXXXXXXXXXXXXXXXXXXXXXXX0XXXXXXXXXXXX0XXXXXXX0XXXXXXXXXXXXXXXXXXXXXXXXXX0XXXXXXXXXXXXX


Generation 39/75  F=U(0.5, 1.0)  N_hist=9360
------------------------------------------------------------------------------------------------------------------------
0X0XX0XXXXXXXXXXXXXXX0X0XXXXXXXXXXXXXXXXXXXXXXXXXXX0XXXXXXXXX000X00XXXXXXXXXXXXXXXXXXXXXXXXXXXXXXXXXXXXXXXX00XXX0XXXXXXX
0XXXXXXXXXX0XXXXXX0XXXXXXXXXXXXXX000XXXXXXXXXX0XXXXX0XXXXXX0XXXXXXXXXXXXXXXXXX0XX0XXXXXXXXXXXXXXXXX0XXXXXXXXXXXXXXXXXX0X


Generation 40/75  F=U(0.5, 1.0)  N_hist=9599
------------------------------------------------------------------------------------------------------------------------
0X000X000X0XX0XXXXXXXXXXXXXXXXXXX0XXXXXXXXXXXX0XXXXXXXXXXXXXXXXXXX0XXXXXXXXXXXXXXX0XXXX0XXXXXXXXXXXXXXX0XXX0XXX0XXXXXXXX
XXXXXXXXXXXXXXXXXXX0XXXXXX0XXXXXXXXXXXXXXXXXXXXXXXXXXXXXXXXXXX0XXXXXXXXXXXXX00XXXXXXXXXXXXX0XXXXXXXXXXXXXXXXXXXXXXXXXXXX


Generation 41/75  F=U(0.445, 1.0)  N_hist=9840
------------------------------------------------------------------------------------------------------------------------
X0XX0XX0XXXXXXXX0XX0XXXXXXXXXXXXXXXXXXXXXXX0XXXXXXXXXXXXXXXXXXXXX0XXXXXXXXXXXXXXXXXXXXXXXXXXXXXXXXXXXXXXXXXXXX0X0XX00XXX
X0XXXXXX00000XXX00X0XXXXXXXXXXXXXXXXXX0XXXXXXXXXXXXXXXXXXXXXXXX0XX0XXXXXXXXX0XXXXXXXXXXXXXXXX0XXXXXXXXXXXXXXXXXXXXXXXXXX


Generation 42/75  F=U(0.493056632402, 1.0)  N_hist=10080
------------------------------------------------------------------------------------------------------------------------
X0X0000+XXXXXXXXX0XXXXXXXXXXXXXXXXX0XXXXXXXXXXXXXXXXXXXXXXXXXXXXXX0XXXXXXXXXXXXX0XXXXXXXXXXXXXXXXXXXX0XXXXXXXXXXXXXX0XXX
XXXXXXXXXXXXXXX1XX0XXXXXXXXXXXXXXXXXXXXXXXXXXXXXXX0XXXXX0XXXXXXXX00XXXXXXXXXXXXXXX0XXXXXXXXXXXXXXXXXXXXXXXXXXXXXX0XXXXXX
X


Generation 43/75  F=U(0.438820402838, 1.0)  N_hist=10319
------------------------------------------------------------------------------------------------------------------------
0X0X0X0XXXXXXXXXXXXXXXXXXXX0XXXXX0XXXXXXXXXXXXXXX0XXXXXXXX0XXXXXXXXXXXXXXXXXXXXX000XXXXXXXXXXXXXXXXXXXXXXXXXXX0XXXXXXXXX
XXXXXXXXXX0XXX00XXXX0XXXXXXXXXXXXXXXXXXXXXX0XXXXXX000XXXXXXXXXXX0XX0XXXXXXXXXXX0XXXXXXXXXXXXXXXXXXXXXXXX0XXXXXXXXXXXXXXX


Generation 44/75  F=U(0.486209685511, 1.0)  N_hist=10560
------------------------------------------------------------------------------------------------------------------------
00X000XXX0X0XXXXXXXXXXXXXXXXXXXXX0XXXXXXXXXXXXXXXXXXXXXXXXXXX0XXXXXXXXXXXXX0XXXXXXXXX0XXXXXXXXXXXXXXXXX000XXXXXXXXXXXXXX
XXXXX0XX0XXXXXXXXXXXXXXXXXX0XXXXXXXXXXX0XXXXXXXXXXXXXXXX0XX0XXXXXXXXXXXXXXXX0X0XXXX0XXXXXXXXXXXXXXXXXXXXXXXXXXXXXX00XXXX


Generation 45/75  F=U(0.5, 1.0)  N_hist=10800
------------------------------------------------------------------------------------------------------------------------
00XXXXXXXXX0XXXXXXXX0XXXXXXXXXX0XXXXXXXXXXXX0XXX0XXXXXXXXXXXXXXXXXXXXXXXXXXXXXXXXXXXXXXXXXXXXXXXXXXX00XXXXXXXXXXXXXXXXXX
XXXXXXXXXXXXXXXX00XXXXXXXXXXXXXXXX0XXXXXX0XXXXXXXXXXXXXXXXXX0000X00XXXXXXXXXXXXXXXXXXXXXXXXXXXXXXXX00XXXXXXXX0XXXXXXXXXX


Generation 46/75  F=U(0.445, 1.0)  N_hist=11040
------------------------------------------------------------------------------------------------------------------------
000X0XXXXXXXXXXXXXXXXXXXXXXXXXXXXXXXXXXXXXXXXXXXXXXXXXXXX0XXXXXX00XXXXXXXXXXXXXXXXX0XX0XXXXXXXXXXX00XXXX0XXXXXXXXXXXXXXX
XXXXXXX0XX00XXXXXXX0XXXXXXXXXXXXXXXXXXXXXXXXXXXXXXXXXXXXXXXXXXXX0XXXXXXXXXXXXXXXXXXXXXXX0XXXXXXXXXXXXXXXXXXXXXX0XXXXXXXX


Generation 47/75  F=U(0.39605, 1.0)  N_hist=11280
------------------------------------------------------------------------------------------------------------------------
0000X0X0XXXXXXXXX0XXXXXXXXXXXXX0XXXX0XXXXXXXXXXXXX0XXXXXXXXXXXXXXXXXXXXXXXXXX00XXXXX0XXXXXXXXXXXXXX000XXXXXXXXXXXXXXXXXX
X0XXXXXXXXXXX0XXXXXXXX0XXXXXXXXXXXXX0XXXXXXXXX0XXX0XXXXXXXX0XXXX0XXXXXXXXXXXXXXX0XXXXXX0XXXXXXXXXXXXX0XXXXXXXXXX1XXXXXXX


Generation 48/75  F=U(0.3524845, 1.0)  N_hist=11520
------------------------------------------------------------------------------------------------------------------------
0X00XXXXXXXXX0XX0X0XXXXXXX0XXXXXXXX0XXXXXXXXXXXXXXXXXXXXXXXXXXXXXXX0XXXXXXXXXXXXXXXXX0X0XXXXXXXXXXXXX0XXXX0XXXXXXXXXXXXX
X0XXXXXX0XXXXXXXXXXX0XXXXXXX0XXXXXXXXXXXXXXXXXXXXXXXXXXXXXXXXXXXXXXXXXX00XXX0XXXXXXXXXXXXXX0000XXXXXXXXXXXXXXXXXXXX0XXX0


Generation 49/75  F=U(0.313711205, 1.0)  N_hist=11759
------------------------------------------------------------------------------------------------------------------------
00X0XXXXXXXXXXXXXXXXXXXXXXXXXXXXXXXXXXX0XXXXXX0XXXXXXXXXXXXXXX0XXXXXXXXXXXXXXXXXXXXXXXX0XXXXXXXXXXXXXXXXXXXXXXXXX0XX0XXX
XXXXXXX0XXXXXXXXXXXX00XXXXXXXXXXX0XXXXXXXXXXXXX0XXXX0+XXXXXXXXXXXXXXXXXXXXXXXXXXXXXXXXXXXXXXXXXXXXXXX0XXXXXXXXXXXXX0XXXX
X


Generation 50/75  F=U(0.347589641088, 1.0)  N_hist=11999
------------------------------------------------------------------------------------------------------------------------
000X000XXX0XX0XXX0XXXXXXXXXXXXXXXX0XXXXX0XXXXXX0XX0XXXXXX0XXX0XXXXXXXXXXXXXXXXXXXXX0XXXXXX0XXXXXXXXXXXX0XXXXXXX00XXX0XXX
XXXXXXXXXXXXXXXX0XXXXXXXXXX0XXX0XX00X0XXX0XX0XXXXXXXXXXXXXXX0XXXXXXX0XXXXXXXXXXXXXXXXXXXXXXXXXXX0XXXXXXXXXXXXXXXXXXXXXXX


Generation 51/75  F=U(0.385126691893, 1.0)  N_hist=12240
------------------------------------------------------------------------------------------------------------------------
000X0XXXX0XXXXXX0XXXXX0XXXXXXXXXXXXXXXXXXXXXXX0XXX0XXXXXXXXXXXXXXXXXXXXXXXXX0XXXX00XXXXXXXXXXXXXXXXXXXXXXXXXXXXXXXXXXXX0
X00XX0XXXXXXXXXXXX0XX0XXXXXXXXX0X0XXXXXXXXXXX0XXXXXX0X0XXXXXXXXXXXXXXXXXXXXXXXXXXXXXXX0XXXXXXXXXXXXXXXXXX0XXXXXXXXXXXXXX


Generation 52/75  F=U(0.342762755785, 1.0)  N_hist=12480
------------------------------------------------------------------------------------------------------------------------
00X0XXXXXXXXXXXXXXXXXXXXXXXXX0XXXXXXXXXXXX0XXXXXXXXXXX0XXXXXXXXXX0+XXXX0XXXXXXXXXXXXX00X0XXXXXXX00XXXX0X0XXXXXXXXXXXX0XX
XXXXXXXXXXXX0XXX0XXXXXXXXXXXXXXXXXXXX0X0XXXXXXXXXXXXXXX00XX0XXXXXXXXXXXXXXXXXXXXXXXXXXXXXXXXXXXXXXXXXXXXXXXXXXXXXXXXXX0X
X


Generation 53/75  F=U(0.379778539506, 1.0)  N_hist=12720
------------------------------------------------------------------------------------------------------------------------
00X0000XXXXXXXXXXXXXXX0X0XX0XXXXXXXXXXXXXXXXXXXXXXXXXXXXXXXXXXXXXXXXXXXXXXX00XXXXXXXXXX00XXXXXXXXXXXXXXXXXXXXXXXXXXX0XXX
0X0XXXXXXXXXX00XX00XXXX0XXX0X0XXXXXXXX00XXXXXXXX0XXXXXXXXXX0XXXXXXXXXXXXXXXXXXXXX0XX0XXXXXXXXXXXXXXXX0XXXXXXXXXXXXXXXXXX


Generation 54/75  F=U(0.420791747747, 1.0)  N_hist=12960
------------------------------------------------------------------------------------------------------------------------
0000X00X00XXXXXXXXXXXXXXXXXXXXXXXXXXXXXXXXXXXXXXX00XXXXXXXXXXXXXXXXXX00X00XX00XXXXXXXXXXXX0XXXXXXXXXX0X0X0XXXXXXXXXXXXXX
XXXXXXXXXX000XXXXXXXXXXXXXXXXXXXXXXX0XXXX00XXXXXXXXX000XXXXXXXXXXXXXX0XXXXXXXXXXXXXXXXX0XXXXXXXXX0XXXXXX0XXXXXXXXXXXXXXX


Generation 55/75  F=U(0.466234072105, 1.0)  N_hist=13200
------------------------------------------------------------------------------------------------------------------------
00000000XXXXXXXXXXXXX0XXX000XXXXXXXXXXXXXXXXX0XXX0XX0XX0XXXXXXXXXXXXXXXXXXXX0XXXXXX0XXXXXX0XXXXXXX0XXXXXXXX0XXXX00XXXX00
XXXXXXXXXXX0XXXXXXXXXX0XXXXXXXXXXXXXX00XXXXXXXXXXXXXXXXXXXXXXXXXXXX0XXX0XX00XXXXXX0XXXXXXXXXXXXXXXXXXXXXXXXXXXXXXXXXXXXX


Generation 56/75  F=U(0.414948324173, 1.0)  N_hist=13440
------------------------------------------------------------------------------------------------------------------------
0X000XXXXXXXXXXXXXXXXXXXXXXXXXXXXXXXXXX0XX0XXXXXXXXXXXXXXXXXXXXXX000XXXXXXXXXXXXX000XXXXXXXXXXXXXXXXXXXXXXXXXXX0XXXXXXXX
X00XXXXXXXXXXXXXXX0XXXXXXXXXXXXXXXXXXXXXXXXXXXXXXXXXX0XXXXXXXXXXXXX0XXXX0XXXXXXXXXXX0XXXXXXXXXXXXXXXXXXXXXXXXX000XXXXXXX


Generation 57/75  F=U(0.369304008514, 1.0)  N_hist=13680
------------------------------------------------------------------------------------------------------------------------
0000XXXXXXXXXXXXXXXXXXXXXXXXXXXXXXXXXX0+0XX0XXXXXX0XXXXXXXXXXXXXXXXXXXXXXXXXXX0XXXXXXX0X0XXXXX000XXXXXXXXXXXXXXXXXXXXXXX
XXXXXXXXXXXXXXXXXXXXX00XXXXXXXXXXXXXXXXXXXXXX00XXXXXXXX0XXXXXXXXXXXXXXXXX000XXXXXXXXXXXXXXXXXXXXXXXX0XXXX0XX0XXXXXXXXXXX
X


Generation 58/75  F=U(0.409186046675, 1.0)  N_hist=13920
------------------------------------------------------------------------------------------------------------------------
X00XXXXXXXXXXXXXXXX0XXXXXXXX0X0XXXXXX0XXXXXXXXXXXXXXXXXXXXXXX0XXX0XXXXXXXXXXXXXXX0XXXXXXXXX0XXXXXXXXXXXXX00XXXXXXXXXXXXX
XXXXXXXXXXXXX0XXXXXX0XXXXX00XXXXXXXXXX0XXX00XXXXXXXXXXXXXXXXXXXXXXXXXXXXXXXXXXXXXXXXXXXXXXXXXXXXXXXXXXXXXXXXXXXXXXXXXXXX


Generation 59/75  F=U(0.364175581541, 1.0)  N_hist=14160
------------------------------------------------------------------------------------------------------------------------
000X000XXXXXXXXXXX0XXXXXXXXXXXXXXXXXXXXXXXXXXXXXXXX0XXXXXXXXXXXXXXXXXXXXXXXXXXXXXX00XX0XXXXXXXXXXXXXXX0XX0XX00XXXXXXXXXX
X0XXXXXXXXXX0XXXXXXXXXXXXXX00XXX0X0XXXXXXXXXXXXXXXXXXXXXXXX00XX0XXXXXXXXXXXXXXXXXXXXXXXXXXXX0XXXXXXXXXXXXXXXXXXXXXXXXXXX


Generation 60/75  F=U(0.324116267571, 1.0)  N_hist=14400
------------------------------------------------------------------------------------------------------------------------
0XX0XX0XXXXXXXXXXXXXXXXXXXXXXXXXXXXXXXXXXXXXXXXXXXXXXXX00XXXXXXXXXXXX00XXXXXXXXXXXXXX0XX00XXXXXXXXXXXXXXX0XXXXXXXXXX00XX
XXXXXXXXXXXXXXXXX0XXXXXXXXXXXXX0XXXXXXX0XXXXXXXXXX0XX0XXXXXXXXXXXXXXXXXX0XXXXXXXXXXXXXXX00XXXXXX0XXXXXXXXXXXXXXXXXXXXXXX


Generation 61/75  F=U(0.359118371675, 1.0)  N_hist=14640
------------------------------------------------------------------------------------------------------------------------
XXXX0XXXXXXXXXXXXXXXXX0XXXXX0XXXXXXXXXXXXX0XXXXXXXXXXXXX0XXXXXXXXXX0XXX0XXXX0XXXX0XXXXXXXXXXXX0XXXXXXXXXXXXXXXXXXXXXXX0X
XXXXXXXXXXXXXXXXXXXXXXXXXXXXXX0XXXXXXXX0XXXXXXXXXXXXXXXXX0XX0XXXXXX0X0XXXXXXXXXX00XXXXXX0X0XXXXXXXXXXXXXXXXXXXXXXXXXXXXX


Generation 62/75  F=U(0.319615350791, 1.0)  N_hist=14880
------------------------------------------------------------------------------------------------------------------------
0000XXXXXXXXXXXXXXXX00XXXXXXXXXX0XXXXXXXXX0XXXXXXX0XXXXXXXXXXX0XXXXXXXXXXXXXXX0XXXXXXXXXXXXXXXXXX0XXX00XXXXXXXXXXXXXXXXX
XX0XXXXXXXXXXXXXXXXXXXXX00X0XXXXXXXXX00XXXXXXXXXXXXXX0XXXXXXXXXXXXXXXXXXXXXXXXXXXX0XXXXXXXXXXXX0XXXXXXXXXXXXXXXXXXXX00XX


Generation 63/75  F=U(0.354131389944, 1.0)  N_hist=15120
------------------------------------------------------------------------------------------------------------------------
00X00XX0XXXXXXXX0XXX0XXX0XXXXXXXXXXXXX0XXXX00XXXXXX00XXXXXXXXXXXXXXXXXXXXXXXXX00XXXXXXXXXXXXXXXXXXXXXXXXXXXXXXXXXXXXXXXX
XXX0XXX00XXXXXX0XXXXXXXXXXXXXXXXX0XXX0000X0XX0XXXXXXXXXXXXXXXXXXXXXX0XXXXXXX00XX0XXXXXXXXXX0XXXXXXXXXXXXXXXXXXXXXXXXXXXX


Generation 64/75  F=U(0.39237490012, 1.0)  N_hist=15360
------------------------------------------------------------------------------------------------------------------------
0000000X0XX0XXXXXXXXXXXXXXXXXXXXXXXXXXXXXXXXXXXXXXXXXXXXXX00XX0XXX0XXXXXXXXXXXXXXXXXXXXXXXXXXXXXXXXXXXXXXXX0X0XXX00XXXXX
0XXXXXXXXXXXXXXXXXXXXXXXXXXXXXXXX00XXXXXXXXXXXXXXXXXXXXXXXXXXX0XXXXXX0XXXXXXXXXXXXXX0XXXXX0XXXXXXXXXXXXXXXXXXXXXXXXXXXXX


Generation 65/75  F=U(0.434748419983, 1.0)  N_hist=15600
------------------------------------------------------------------------------------------------------------------------
0X0000XXXXXX00XXXXXXXXXXX0XXXXXXXXXXXXXXXXX0XXXXXXXXXXXXXXXXXXXXXXXXXXXXXXXXXXX0XXXXXXXXXXXXXXXXXXXXX0XXXX0XXXXXXX0XXXXX
XXXXXXXXXXXXXXXXXXXXXXXXXXX0XXXXXXXXXXXXXXX00XXXXXXXXX0XXXXXX0XX0XXXXXXXXXXXX0XXXXXXXXXXXXXXXXXXXXXXXXXXXXXXXXXXXXXXXXXX


Generation 66/75  F=U(0.481697959323, 1.0)  N_hist=15840
------------------------------------------------------------------------------------------------------------------------
00X0XXXXXXXXXXX0XXXXXXXXXXXXXXXX0XXXXXXXXXXXXX0XXXXX00X0XXX00XXXXXXXXXXX0XXXX0XXXX0XXXXXXXXXXXXXXXXXXXXXXXXXXXX0XXXXXXXX
XXXXX0XXXXXXX0XXX00XXXXXXXXXXXXXXXXXXXX000XXXX0XXXXXXXXXXXXXXXXXXXXXXXXXXXXXXXXXXXXXX00XXXXXXXXXXXXXXXXXXXXXXXXXXXXXXXXX


Generation 67/75  F=U(0.5, 1.0)  N_hist=16080
------------------------------------------------------------------------------------------------------------------------
00X00XXXXX0XXXXXXXXX0XXXX0XXXXXXXXXXXXXXXXXXXXXXXXXXXXXXXXXX0XXXXXXXXXXXXXXXXXXXXXXX0XXXXXXXXXXXXX0X0X00XXX0XXX0XXXXXXXX
XXXXXXXXXXX0XXXXXXXXXXXXXXXX0XXXXXXXXXXXXXXXXXXXXXXXXXXXXX0XXXXXXXXXXXXXXXXXX0XXXXXXXXX0XXXXX0XXXXXXXX0XXXXXXXXXXXXXXXXX


Generation 68/75  F=U(0.445, 1.0)  N_hist=16320
------------------------------------------------------------------------------------------------------------------------
0XX0X0XXXXXXXXXXXX0XXX0XXXXXXXXXXXXXXXXXX0XXXXXXX00X0XXXX00XXXXXXXXXXXXXXXXXXXXXXXXXXXXXXXXXXX0XXXXXXXXXXXXXXXXX0XXXXX00
0XXXXXXXXXXXXXXXXXXXXXXXXXXXXXXXXXXXXXXXX00XXXXXXXXXXXXXX0XXXX0XXXXXXXXX0XXXX0XXXXXXXXXXXXXXXXXXXXXXXXXXXXXXXXXXXXXXX0XX


Generation 69/75  F=U(0.39605, 1.0)  N_hist=16559
------------------------------------------------------------------------------------------------------------------------
0000X0000X0000XXXXXXXXX0XXXXXXXXX0XXXXXXXXXXXXXXXXXXX0XXXXXXXXXXXXXXXXXX0X00XXXXXXXXX000XXXXXXXXXXXXXXX0XXXX0XXX0XXX0XXX
XXXXXXXXXXX0XX0XXXXXXXXXXXXXXXX0XXXXXXXXXXXXXXXXXXXXXXXXX0XXX0XXXXXXXXXXXXXXXXXXXXXX0XXXXXX0XXXXXXXXXXXXXXXXXXXX0XXXXXXX


Generation 70/75  F=U(0.3524845, 1.0)  N_hist=16799
------------------------------------------------------------------------------------------------------------------------
0000XXXXXXXXXX00XXXXXXXXXX0XXXXX0XXXXXXXXXXX0X0XXXXXXXXXXXX0XXXXXXXX0X0XXXXX0XX0XXX0XXXXXX00XXXXXXXXX00X0XXX0XXXXXXXXXXX
XXX0XX0XXXXXX0000XXXXXXXXXXXXXXXXX0XXXXXXXX0XXXXXXXXXXXXXXXXXXXXXXXXXXXXXXXXXXXXXXXXXXXXX0XXXXXXXXXXXX0XXXXXXXXXXXXXXXXX


Generation 71/75  F=U(0.390550158526, 1.0)  N_hist=17040
------------------------------------------------------------------------------------------------------------------------
0000X00XX0XXXXX0XXX0XXXXXXXXXXXXX0XXXX000XXXXXXXXXXX0XXXXXXXXXXXXXXXXXXXXXX0XXXXXXX0XXXXXXXXXX0XXXXXXXXXXX0XXXXXXXXXXXX0
XXXXX0XXXXXXXXXXXXX0XXXXXXXXXXXXXXXX0XXXXXXXXXXXXX0XXXXXXXXXX00XX0XXXXXXXXXXXXX00XXXXXXXXXXXXXXXXXX0XXXXXXXXXXXXXXXXXXXX


Generation 72/75  F=U(0.432726620105, 1.0)  N_hist=17280
------------------------------------------------------------------------------------------------------------------------
0XXX00XXXXXXXXX0XXXXXXX0XXXXXXXXXXXX0XXXXXXXXXXXXXXXXXXXX0XXX0XXXX0XXXXXXXXXXXXXX0XXXXXXXXXXXXXXXXXXXXXXXXXXXXXXXXXXX0XX
XXXXXXXXXXXXXXXXXXXXXX0XX0XXXXXXXXXXXXXXX0XXX0XXX0+0XX0XXXXXXXXXXXXXXXXXXXXXXXXXXXXXXXXXXXXXXXXXXXXXXXXXXXXXXXXXXX0XXXXX
X


Generation 73/75  F=U(0.385126691893, 1.0)  N_hist=17520
------------------------------------------------------------------------------------------------------------------------
0000X0XXX0XXXXXXXXXXXXXXX0XXXXXX0XXXXXXXXXXXXXXXXXXXXXX0XXXXXXXXXXXXXXXXXXXXXXXXXXXX0XXXXXXXXXXXXXXXXXXXXX0XXXXXXXXXXX0X
XXXXXXXXXXXXXXXXXX0XXXXXXXXXXXXX0XXXXXXXXXXXXXXXXX0XX0XXXXX0XXXX0XXXXXXXXXX0XXXXXXXXXXXXXX0XXXXXXXXXXXXXXXXXXXXXX0XX00XX


Generation 74/75  F=U(0.426717460119, 1.0)  N_hist=17759
------------------------------------------------------------------------------------------------------------------------
0000000XXXXXXXXXXXXXXXXXXXXXX00XXXX0XX0XXXXXXXXXXXXXXXXXXXXXXXXXXXXXXXXXX0XXX00XXXXXXXXXXXXXXXX0XXXXXXXXXXXXXX00XXXXXXXX
XX0XXXXXXXXXXXXXXXXXXXXXX0XXXXXXXXXX00XX00X0XXXXXXX0XXXXX00XXX0XXX0XXXXXXXX0XXXXXX000XXXXXXXXXXXXXXXXXXXXX0XXXXXXXXXXXXX


Generation 75/75  F=U(0.472799716569, 1.0)  N_hist=18000
------------------------------------------------------------------------------------------------------------------------
000000X0X0XX0XXXX0XXXXXXXXXXXXXXXXXXXXXXX0XXXXXX0XXXXXXXXXXXXXXXXXXX00XXXXXXXXXXXXXXXXXXXXXXXXXXXXXXXXXXXXXXXX0XXXXXXXXX
XXXXXXXXXXXXXXXXXXXXXXXXXXXXXXXXXXXXXXX00XXXXXXXXXXXXXX0XXXXXXXXXXXX0XX0X0XX0XXXXXX0XXXXX0XXXXXXXXXXXXXXXXXXXX0XXXXXXXXX


Maximum number of iterations reached.

SSE=9.3449 on eval 18240: L=4.59605e+07** b=2.2019 r=0.202788 rf=0.927315 t0=67.0588 th=9.49386


Shutting down DE...
DE shutdown complete.

Final population:
Population: 240 individuals with SSE 9.3449 to 9.3825, avg eval time 0.0216 sec. Top 7:

        SSE |     9.3449       9.3454       9.3462        9.347       9.3471       9.3471       9.3475  
------------------------------------------------------------------------------------------------------------------------
          L | 4.5961e+07** 1.9766e+07   3.5578e+07   4.6592e+07** 3.3362e+07    3.011e+07   2.9039e+07  
          b |     2.2019      0.60714*      7.7923        1.457*      2.8232      0.34192*      3.3867  
          r |    0.20279       0.2033       0.2008      0.20039      0.20415      0.20511      0.20159  
         rf |    0.92731       0.9251      0.92103       0.9212      0.92058      0.92055      0.91625  
         t0 |     67.059        67.08       67.076       67.077       66.957        66.91       67.033  
         th |     9.4939       9.4713        9.348       9.3444       9.3952       9.4259       9.2376  
------------------------------------------------------------------------------------------------------------------------
Best individual:
<SSE=9.3449 L=4.59605e+07** b=2.2019 r=0.202788 rf=0.927315 t0=67.0588 th=9.49386>


Elapsed time: 211.57 seconds

Saved final population of best parameter combinations to covid19.dat
Shutting down...
Task Queue is shut down
Goodbye
