Decompressing and parsing covid19.csv.bz2...
Cumulative and new cases reported thus far for Singapore
------------------------------------------------------------------------------------------------------------------------
000	01/22	0	0
001	01/23	1	1
002	01/24	3	2
003	01/25	3	0
004	01/26	4	1
005	01/27	5	1
006	01/28	7	2
007	01/29	7	0
008	01/30	10	3
009	01/31	13	3
010	02/01	16	3
011	02/02	18	2
012	02/03	18	0
013	02/04	24	6
014	02/05	28	4
015	02/06	28	0
016	02/07	30	2
017	02/08	33	3
018	02/09	40	7
019	02/10	45	5
020	02/11	47	2
021	02/12	50	3
022	02/13	58	8
023	02/14	67	9
024	02/15	72	5
025	02/16	75	3
026	02/17	77	2
027	02/18	81	4
028	02/19	84	3
029	02/20	84	0
030	02/21	85	1
031	02/22	85	0
032	02/23	89	4
033	02/24	89	0
034	02/25	91	2
035	02/26	93	2
036	02/27	93	0
037	02/28	93	0
038	02/29	102	9
039	03/01	106	4
040	03/02	108	2
041	03/03	110	2
042	03/04	110	0
043	03/05	117	7
044	03/06	130	13
045	03/07	138	8
046	03/08	150	12
047	03/09	150	0
048	03/10	160	10
049	03/11	178	18
050	03/12	178	0
051	03/13	200	22
052	03/14	212	12
053	03/15	226	14
054	03/16	243	17
055	03/17	266	23
056	03/18	313	47
057	03/19	345	32
058	03/20	385	40
059	03/21	432	47
060	03/22	455	23
061	03/23	509	54
062	03/24	558	49
063	03/25	631	73
064	03/26	683	52
065	03/27	732	49
066	03/28	802	70
067	03/29	844	42
068	03/30	879	35
069	03/31	926	47
070	04/01	1000	74
071	04/02	1049	49
072	04/03	1114	65
073	04/04	1189	75
074	04/05	1309	120
075	04/06	1375	66
076	04/07	1481	106

Initializing 240 population members having 6 parameters
------------------------------------------------------------------------------------------------------------------------

SSE=0.84435 on eval 1: L=4.39508e+06 b=1.54676 r=0.0835206* rf=0.449241 t0=68.9598** th=2.62088

*

SSE=0.62137 on eval 2: L=5.48486e+06 b=1.06297 r=0.150298 rf=0.444057 t0=64.043 th=1.97553

!1222111212

SSE=0.60741 on eval 13: L=4.74376e+06 b=1.54161 r=0.130138 rf=0.500856 t0=62.7326 th=5.48563

!411111141122144022431213313

SSE=0.59322 on eval 41: L=1.18381e+06 b=0.247267 r=0.166568 rf=0.604719 t0=60.8451 th=5.78149**

!12213124122021113224212412322122211323202113112121121211212

SSE=0.5772 on eval 101: L=5.67869e+06** b=1.50821 r=0.126924 rf=0.475395 t0=65.3415 th=2.41416

!3234123212112311322
222121122211121212122221212122213!1112213222111121222211221221111113!121221111341311121111124212121112123122112213232211


Population: 240 individuals with SSE 0.57449 to 2.4637, avg eval time 0.802 sec. Top 7:

        SSE |    0.57449      0.57514       0.5772      0.59322      0.59947      0.59949      0.60068  
------------------------------------------------------------------------------------------------------------------------
          L | 3.6644e+06   5.4708e+06   5.6787e+06** 1.1838e+06   2.3228e+06   3.5306e+06   2.3975e+06  
          b |     1.3849       1.4492       1.5082      0.24727      0.33641      0.57965       1.7754  
          r |    0.14675      0.16379      0.12692      0.16657      0.11391       0.1179      0.17107  
         rf |    0.54641      0.58538       0.4754      0.60472      0.41249      0.37392      0.63853  
         t0 |     62.939       63.432       65.341       60.845       64.184       63.138       63.729  
         th |     3.8938       4.3965       2.4142       5.7815**     3.8108       2.7299       2.7625  
------------------------------------------------------------------------------------------------------------------------
Best individual:
<SSE=0.5745 L=3.66438e+06 b=1.38489 r=0.146746 rf=0.546407 t0=62.9387 th=3.89381>


Population: 240 individuals with SSE 0.57449 to 2.4637, avg eval time 0.802 sec. Top 7:

        SSE |    0.57449      0.57514       0.5772      0.59322      0.59947      0.59949      0.60068  
------------------------------------------------------------------------------------------------------------------------
          L | 3.6644e+06   5.4708e+06   5.6787e+06** 1.1838e+06   2.3228e+06   3.5306e+06   2.3975e+06  
          b |     1.3849       1.4492       1.5082      0.24727      0.33641      0.57965       1.7754  
          r |    0.14675      0.16379      0.12692      0.16657      0.11391       0.1179      0.17107  
         rf |    0.54641      0.58538       0.4754      0.60472      0.41249      0.37392      0.63853  
         t0 |     62.939       63.432       65.341       60.845       64.184       63.138       63.729  
         th |     3.8938       4.3965       2.4142       5.7815**     3.8108       2.7299       2.7625  
------------------------------------------------------------------------------------------------------------------------
Best individual:
<SSE=0.5745 L=3.66438e+06 b=1.38489 r=0.146746 rf=0.546407 t0=62.9387 th=3.89381>

Performing DE with CR=0.7, F=U(0.5, 1.0), DE/rand-1.00/1/bin
------------------------------------------------------------------------------------------------------------------------

SSE=0.57449 on eval 240: L=3.66438e+06 b=1.38489 r=0.146746 rf=0.546407 t0=62.9387 th=3.89381

Press the 'Enter' key to abort.

Generation 1/75  F=U(0.5, 1.0)  N_hist=240
------------------------------------------------------------------------------------------------------------------------
XX12010X1XXXXXXX12X2XX1X2232X0X10X1X321XX131XX1X2123XX1X2XX111X2X212XXX11XX3X113XX21X2X111102XX123121XX111XX0XX21122XX22
1XX1XXXX1X1X11X0XX112X2XX1111X11XX11XXX1XXX1XX121XXX11120X3XXX1XXX2X1X11X12X11XX2X1XXXXX2XXX1XX212XXXX120X1XX011X1X22X11


Generation 2/75  F=U(0.5, 1.0)  N_hist=480
------------------------------------------------------------------------------------------------------------------------
XX1X2XX11XX1XXX1X0X3XXX121XXXXXX1XX223101XX2XXXXXXX1XXXXXXXXX1212X1X111XXXX13X1X0X11XX13XXXXX1XXXX1X1XX2X1X1XXX0X1X1XXX1
XXX2X1XXXXXXX1X02XX1X1X1X0XXX2X1X21X2XX1XX1X2XXXXX1X0X1XXXXX1+X21X1X1X2X1XXXX1X121X2XXXX1X1X1XX2XX2XXXX11XXXX12XX1X1XXXX
X


Generation 3/75  F=U(0.5, 1.0)  N_hist=720
------------------------------------------------------------------------------------------------------------------------
XXXX0XXX11XXX1XX01XX1XX2X11X1X11X1XXXXXXXX11X11XXX1XXXXX1XXXXX0X1X0X1XXX2XXXXX1XXXXX0X1XX1XXXXX1X0XX2XXX10XXXXXXXX111+2X
X1XX1X2XXXX11X12211XXXXXXX1XXX1XXXX111XXX0XXXXXX11XXXXXXXXXXXXXXXXXXXXX1XXXXXX10X1XXXX11XXXXXXXX1X11XX1XX1XXXXXXX1XXXXX1
X


Generation 4/75  F=U(0.5, 1.0)  N_hist=960
------------------------------------------------------------------------------------------------------------------------
11XXXXX11XXXXXXXXXXXXXXX0XXX11X1XXXXXXXXXXXXXX11XXXX0X1X1XXX1X2X1XXXX11XXXXX1XXX1XXXXXXXXXXX021XXX1X1XX1XXXXXXX0X1XXXXX1
1XX11X1XX1XX0XXXXX0XXXXXX1XX01XXX1XX11XXXXXXX1X1XXX001XXXXXXXXX1XXX1XX0X1X1XXX111+0X1XXXXXXXXXX01X0X101XXX1X1XX1XX01XXXX
X


Generation 5/75  F=U(0.5, 1.0)  N_hist=1200
------------------------------------------------------------------------------------------------------------------------
XXX1X1XXXXXX1XXX1X1XX1+1X11XX1X0XXXXX1X1XXXXXXX011XXX11XXX1XX1X1XX1XXX1X1+XXXXX1XXX1XXXXXX001XX1XXXXXXX1X1XX0XXXXX1XXXX1
1XXXXXXX1X0XXXXXXX1X11XXXXXXXX2XXX1XXXX1X1XXXXXX1X11XXX1X1XXXX1X1XXXX01XXXXXX1111XXXX1XXXXXXXXXX11XXXXX1X1110XXXX1XXXXXX
XX


Generation 6/75  F=U(0.5, 1.0)  N_hist=1440
------------------------------------------------------------------------------------------------------------------------
XXX11XXXXXXX1X11XXXXXXXXXXX1XXXXXXX111XXXXX1X1X1XX0XXXXXXX1X111110X1X1111X11XXXXXXXXXXXXXXXXXXXXXXXX11X1XXXXXXXXXX0XXXXX
XXXXXXXXXXXXX1111XX1X1X0XX1XXXXXXXXXXXXXX1100XXXXXXX1XX1X11XXXX11XXXXXXXXX1XXXXXXX1XXXXXX1XXXXXXXXXXXXXXXXXXXXXXXX1XXXXX


Generation 7/75  F=U(0.5, 1.0)  N_hist=1680
------------------------------------------------------------------------------------------------------------------------
1101XXX0XXXXXXX1XXXXXXXXXXXXXXXXXX1XXXX0XXX1XXXX1XXX1XXX111XXX110X11XXXXXXX11X1XXXXX0XX0XXXXXXXXXXXXXXXXX0XXXXXXXXXXX1XX
XXXXXXX1XX1XXXXXXXXXX1XXXXX1XXXXXXXXXXXXXXX11X111XX10XXX101XX11XXXXXXXXXXXXXXXX0XX1XX1XXXX0XXXXXXXXXXXXXX1XXX1X01XXXXXXX


Generation 8/75  F=U(0.5, 1.0)  N_hist=1920
------------------------------------------------------------------------------------------------------------------------
10101XXXXXXX1XX1XXXXXXXXXXXX1XXXXXXXX111111X10X1XXXXXXX1X0XXXXXXXXXXXXXXXXXX1XX11111X11XX01XXX0XX1X1X1X0X1XXXXXXXXXXXXXX
XXX1XXXXX1XXXXXXXXXXXX1X1X1X00XXXXXXXXXXXXXXX0X01XX1XXXXXXXXXX1X00X1XXXX1011

SSE=0.56048 on eval 2131: L=4.07658e+06 b=0.579653 r=0.153122 rf=0.533925 t0=63.9982 th=1.87035

+XXXXXXX0XXXXXXXXXXXXX10XXX1XXXX11XXXXXXXXXX
X


Generation 9/75  F=U(0.5, 1.0)  N_hist=2159
------------------------------------------------------------------------------------------------------------------------
11001111X111110XX1XXXXXXXXXXX11XXXX1XXXXXXXXX1XX1XXXXXXXXX1XXXXXXXXXXX11XXXXXXXXXXXXXXX1XXX0XXX11XXXX11X0XX0XXXXXXXXXXXX
XXXXX101XXXXXXXXXXX0XXXXXXXX1XXXXXXXXXXXXXXXXXXX0XXXXXXXXXXXXXXXXXXXXXXXXXXX1X11X1XXXXXXXXXXXXXX1XXXXXXXX0XXXXXXXXXXXXXX


Generation 10/75  F=U(0.5, 1.0)  N_hist=2400
------------------------------------------------------------------------------------------------------------------------
11X1XX0XXX1XXXXXXXXX1XXXXXXXXXXXXXXXXX1011XX0X1XXXXXXXXXXXXXXXXXXX0X1111X1010XXXX1XX11X1XXXXXXXXXXXXXXXXXXXX00XXXXXXXXXX
XXXXXX10XXX1XXXX1XXXXXXXX1X1XXXXX11XX1X1XX1XXXXXXXX0XXXXXXXXXX01XXXX01XXXXXX0XXXXXXXXXXXXXXXXXX0XXXXXXXXXXXXXXXXXXXXXXXX


Generation 11/75  F=U(0.5, 1.0)  N_hist=2640
------------------------------------------------------------------------------------------------------------------------
00101X1101X00XXXXXXXXXXXXXXXXXXXX0XXXXXXXXXXXXXX0XXXXX1XXXXXXXXXXXXXXXXXXXXXXX00X0X0XXXXXXXXXX0XX0XXX0X0XXXXXXXXXXXXXXXX
X0X0XXXXXX0X1XXXX110100X1XXXXX111XX0XXXXXX00XXXX10XXXXXXXXXXXXXXX1XXXXXXX0XXXXXXXXXXXXXXXXXX1XXXXXXXXXXX01XXXXXXXXXXXXXX


Generation 12/75  F=U(0.5, 1.0)  N_hist=2880
------------------------------------------------------------------------------------------------------------------------
X1100X10XXXXXXX1XXX1XXX0XXXXXXX0XXXXXXXXXXXXXXXXXX10XX01XXXXXXXXXXX1X11X0XXXXXXX0XXXXXXXXXXXX10XXX0XXXXX110XXXXXXXXXXXXX
XXXXX0XXXXXXXXXX101XXXX100X000X1XXXXXXXXXXXXXXXXX1XXXXXXX01XXXXXXXXXXXXXXXXX1XX111X1XXXXXXXXXXXX0XXXXXXXX1XX1XX1XXXXXXXX


Generation 13/75  F=U(0.5, 1.0)  N_hist=3120
------------------------------------------------------------------------------------------------------------------------
0101XX110XXX1XX0XX0XXXX1+X1XXXXXXXXXXXXXXXXXXXXXX1XX11XXXXXXXXXXXXXXXXXX0XXXXXX0XXXXXXXXXXX01XXXXXXXXXXX0XXX0XXX01XXXX11
11XX0XXXX000XXXXXX1XXX1XXXXXXXXXXXXXXXXXXXXXXXX1XXXXXXXXXX10XXXXXXXX0X101X00X0XX01XXXXXXXX0XXXXXXXXXXXXX0XXXXXXXXXXXX1XX
X


Generation 14/75  F=U(0.5, 1.0)  N_hist=3360
------------------------------------------------------------------------------------------------------------------------
001011XX0X1XXXXXXXXXXXXXXX01XX1XXXXXXXXX0X01XXXXXXXX1XXXX10XXXXX0XXXXXXXXXX1X010XXXXXXXXX0XXXXXXXXXXXXXXXXXXX0X0011X1XX1
1XXXXXXXXXXXXXXX1XXXXXXXXXX111XXX0XX1XX1XXXXXXXXXXX1XXXXXXXXXXXX11XXXXX10XXXXX1XXX1XXXXXXXXXXXXXXXXXXXXXXXXXXXXXXXXXXXX1


Generation 15/75  F=U(0.5, 1.0)  N_hist=3599
------------------------------------------------------------------------------------------------------------------------
1011110X111XX1X1XXXXXXXXXXXXXX1X0XX1XXXXXX0X0XXXXXXXXXXXXXXXXXXXXX0XX1XXXXXXX10010010XXXXXX01001XXXX1XX00XXXXXXXXXXXXXXX
XXXXXXXX0XXXXXXXXX01XXXX1XXX0XXXXX01XXXXXXXXXXXXXX1XXXXXXX0XXXX0X0XXXXXXXXXXXXXXXXXXX01X1111XXXXXXXXXXXX1XXXXXXXXXXXXXXX


Generation 16/75  F=U(0.5, 1.0)  N_hist=3840
------------------------------------------------------------------------------------------------------------------------
0010XX100X0X1XXXXX0X0XXXXX00XXXXXXXXXXXXXXXXXXXXX1XXXXXXXXX00XXXXXXXXXXXXXXXXXXXXXXXX1XXXXXXXXXXXXXX01X111X11XX11XXX1XXX
X010XXXX1XXX111X000XXXXXXXX0XXXXXXX11XXXXXXXXXXXXXXXXXXXXXXXXXXXXXXX01XXXXXX0X1000XXXXXXX0XXX0XXX0XXXX0XXXXXXXXXXXXXXXXX


Generation 17/75  F=U(0.5, 1.0)  N_hist=4080
------------------------------------------------------------------------------------------------------------------------
0XXX0XXXXXXXXXX1XXX01XXXXXXXXXXX0XXXXXX0X000X1XXXX0XXXXXXXXXXXXXXXX0XXXX11XXX1XXXXX1XXXXXXXXXXXXX1XXXXXXXXXXXX0XXXXXXXXX
X1XXXXXXXXXX1XXXXXXXXXXXXXXXXXXXXXXXXXXXX11XXXXXX1X00XXXXXX0X00001XXXX0XXX0XXXXX0XX0XXXXXXXXXXXX01XXXXXXXXXXXXXXXXXXXXXX


Generation 18/75  F=U(0.5, 1.0)  N_hist=4320
------------------------------------------------------------------------------------------------------------------------
000XX1X0X0X10XXX0XXXXXXXXX0XX1X10XXXXXXXXXXXXXXXXXXXXX1XXXXXXXXXXXXXXXXXXXXXXXXXXXXXXXXXXXXXXXXXX0XXX100XXXXXXX1XXX0XXXX
0XXXXXXXXXXXXXXX1XXXXX0X1XXXXXXXXXXXXXXX1XX0XXXXXX01XXXXXXXXXXXX0XXX0XXXXXXXXXX0XXXXXXXXXXX0XXXXXXXXXXXX1XXXXXXXXXX00XXX


Generation 19/75  F=U(0.5, 1.0)  N_hist=4560
------------------------------------------------------------------------------------------------------------------------
00X0XX0XXXXXXXXXXXXXXXXXXXXXXXXXXXXXXXXXXXXXXXXXXX1000XX10XXXXXXXXXXX01XXXXXXX0XXXX0XXXXXX10XXXXX0XXXXXXXXXXXXXXXX0XXXXX
XX1X0X0XXXXXXXXXXXXXXXXXXXXXXX1XXXXXXXXX0XX00XXXXXXXX0XXXXX0XXXXXXXXXXXXXXXXXXX10X1XXXXXXXXXX0XXXXXXXXXXXXX0XXXX00XXXXXX


Generation 20/75  F=U(0.5, 1.0)  N_hist=4800
------------------------------------------------------------------------------------------------------------------------
1010000X0X100X0XXXXXXXXXXXXXXXXXXXX0XXXXXXXX1XXX0000XX1XXX0XXXXXXXX0XXXXX1XX0XX00XXXXXXXXXXXXXXX0XXXXXXXXXXXXXXXXXXXXXXX
XXXXXXX00XX1XX0XX1XXXXXXXXX00XXX110X0XXXXXXXXXXXXXX1XXXXX0XXX1XXXXXXX00XXXXXXXXXXXXXXXXXXXXXX1X1XXXXXXXXXXXXXXX0XXXXXXX0


Generation 21/75  F=U(0.5, 1.0)  N_hist=5039
------------------------------------------------------------------------------------------------------------------------
11XX1001XX0XXX0XXXXXXXXXXXX00XXXXXXXXXXXX0XXXXXXXXXXXXXXXXX0XXXXXXXXXXX0XX0XXXXXXXX1XXXXX0X10XXX00XX1XXXXXXXXXXXX100XXXX
XXXX0XXXXXXXXXXXXXXX0XX0XXXXX0X1XX1XXXXXXXXX00XX0XX0XXXXXXXXXXXXXXXXXXXXXXXXXXXXXXXXXXXXXXXXXXXXX0XXXXXXXXXXXXXXXXXXXXX0


Generation 22/75  F=U(0.5, 1.0)  N_hist=5279
------------------------------------------------------------------------------------------------------------------------
0X0XX000X0XXXXXXXX0XXXXXXXXXXXXXXXXXX000XXXXX10XX0XXX0XXXXXXXXXXXX0XXXXXXXXXXXX1XXXXX1XXXXXXXXX00XX0XXX1XXXXXXXXXXXXXXXX
XXX0XXXXXXX01XXX100XX1XXXXXXXXXXXXX1XXXXXX0XXXXX1X0XX00XXXXX1XXXXXXXX1X00XXXXXXXXX0XXXXXX0XXXXXXXXXXXXXXXXXXXXXXXXXXX0XX


Generation 23/75  F=U(0.5, 1.0)  N_hist=5520
------------------------------------------------------------------------------------------------------------------------
00000X10XX0X010X0X0X0XXXXXXXXXXX010XXX001XXXXXX000XXXXXXXXXXXXXXXXXXX0XXXXX0X00X0XXXXXXXXXXXXXXXXXXXX1XXXXXXXX000XXXXXX0
XXXXXXXXXXXXXXXXXX0XXX0XXXXXXXXXXXXXXXXXXXXXXXXXXXXXXXXXXXXXXX0XXXXXXXXXXXXXXX1XXXXXXXXX00XXX01XXXXXXXXXXXXXXXXXXXXXXXXX


Generation 24/75  F=U(0.5, 1.0)  N_hist=5760
------------------------------------------------------------------------------------------------------------------------
00000X00XX100X1X0XXXXX0X0XX0XX0XXXXXXXXXX0XXXXXXXXXXXXXX00XX0XXX0XX0XXXXXX0XXXXXXXXXXXXXXXX11XXXXXXXXXXXXX0XXXXXXXXXXX0X
XXXXX000XXXXXX0XXXXXXXXXX0XXXXXXXXXXXX01X0XXXXX0XXXXXXXXXXXX0X0XXXXXXXX0XX00XXXXXXXXXXXXXXXXXXXXX1X0XXXXXXXXXXXXXXXXXXXX


Generation 25/75  F=U(0.5, 1.0)  N_hist=6000
------------------------------------------------------------------------------------------------------------------------
1X0X0XXXXXXXXXX0XXXX0XXXX0XXXXX0XXXXXXX00XXXX0XXXXXXXXXXXXXXXXXXX1XXXXXX00XXXXXXXXXXXXXXX0XXX0XXXXXXXXXXXXX00XXXXX0XX0XX
XXX0XXXXXXXX0XXXXXXXXXXXXXXXXXXXXXXXXXXXXXXXXXX00X0XXXX0XX0XXXXXXXX0XXXXXXXXXX0X0XXXXX0X00XX0XXXXXXXXXXX0XX0XXXXXXXXXXXX


Generation 26/75  F=U(0.5, 1.0)  N_hist=6240
------------------------------------------------------------------------------------------------------------------------
00X0XX1000XXXXXXXXXXXXXXXXXXXXXXXXXXXXXX0XXXXXXXXXXXXXXXXXX0XXXXX01XXXX1XXXXXXXXXXXXXXXX1XX0XXXXXXXXXXX0XXXXXXX10XXXXXXX
XXXXXXXXXXXXXXXX00XXXX0XXXXXXXXXXXXXXX0XX0XXX0XX0X00XXXX0XXX00XXXXXXXXXXXX00XXXXXXXXXXXXXXX0XXXXXXXXXXXXXXXXXXXXXXXXXXXX


Generation 27/75  F=U(0.5, 1.0)  N_hist=6480
------------------------------------------------------------------------------------------------------------------------
00001000XXXXXXX00X0XXXX0XXXXXXXXXXXXXXXXXXXXXXXXXXXX0+000X0XXX0XXX0XXXXXXXXXXXXXXX1XXXXXXXXXXXXXXXXXX00XX00XXXX0XXXXX0XX
XXXXXXXXXXXXXXXX00000X0XX10X0XXXXXXXXXXXXXXX0X0XXXX000XX100XXXXXXXXXXXXXXXXXXXXXX10XXXXXXXXXXXXXXXXXXXXXXXXXXXXXXXXXXX1X
X


Generation 28/75  F=U(0.5, 1.0)  N_hist=6720
------------------------------------------------------------------------------------------------------------------------
0000XX00XX0XXXXXXXXXXXXXXXXX0XXXXXXXXXXXXX0X0XXXX0X000XX0XXXXX0XXXXXXXXXXXXXXXXXX0X0XXXXXX0XXXXXXXX0XXXXXXX0X0XXXXX00XXX
XXXXXXXXXXXXXXXXX00XXXXXX0X0XXXXXXX00XXXXXXX00X000X00XXXXXXXX0XXXXXXXXX1XXXXX0XXXXXXXXXXXX0XXXXXXXXXXXXXXXXXXXXX0XXXXX0X


Generation 29/75  F=U(0.5, 1.0)  N_hist=6960
------------------------------------------------------------------------------------------------------------------------
00XXX0XXXXX0XXXX0XXXXX0XXXX1+XXXXXXXXXXXXXXX0X0X00XXXXXXXXXXXXXXXXXX0XXXXX0XXXXXX0XXXXXXXXXX000XX00XXXXXXXXXXXX0XXXXXXX0
XXX0X0XXX00XXXXX1XXXXXXXXXX0XXX00XXXX0XXXXX0XXXXXXX0XXXXXXXXXX0XXXXX0XXXXXXXXXXX0XXX0XXXXXXXXXXXXXXXXXXXX0XXXXXXXXXXXXXX
X


Generation 30/75  F=U(0.5, 1.0)  N_hist=7200
------------------------------------------------------------------------------------------------------------------------
1X0X00XXXXXXXX0XX0XXXXXX0XXXX0XXX0XX0XX1+XXXXXXXXXXXXXXXXXXX0X00XXX0XXX00XXXXXXXX0XXXX0XXXXXXXXXX00XXXXXXXXXXXXXXX00XXXX
XXXXXXXXXXX0X0XXXXXXXXXXXXXXXX0XXXXXXXXXXXX00XXX000XXXXXXXXXXXXXXXXX0000X0XXXXXXXXXXXXXXXXXXXXXXXXXXXXXXXXXXXXXXXXXXXXXX
X


Generation 31/75  F=U(0.5, 1.0)  N_hist=7440
------------------------------------------------------------------------------------------------------------------------
0X0X000XX0+00XXXX0XX0XXX0XXXXXXXXXXXX0XXXXXXXXXXXXX0XXXX0XXXXXXXXXXXXXXXXXXXXXXXXXXXXXXXXXXX0XXX0XXXXX0XXXX0XXXXXXXXXX0X
XXXXXXXXX0XXXXXX00XXXXX0XXXXXXXXXXXX0XXXX00X0X00XXXXXXXXXXXX00XXX000X0XXXXXXXXXXXXXXXXXXXXXXXXXXX0XX0XX0XXXXXXXXXXXXXXXX
X


Generation 32/75  F=U(0.5, 1.0)  N_hist=7680
------------------------------------------------------------------------------------------------------------------------
01000X000X0X0XXXXXXXX0XXXXXXXXXXXXXXXXXXXXX0XXXX0XXXX00XXXXX00XXXX0XXXX0XXXXXXX0XXX0XXXXXXXXXXXXXXX000XXXXX00XXXXXXXXXXX
XXXXXX0XX0XXXXX0X0XXXXXX10XXXXXXX0XXXXXXX0XXX0XXXXXXXXXXXXXXXXXXXXXXXXX00X0XXXXXXXXXXXXXXXXXXXXXXXXXXXXX0XXXXXXXX0XXXXXX


Generation 33/75  F=U(0.5, 1.0)  N_hist=7920
------------------------------------------------------------------------------------------------------------------------
1000XXX00XXXXXXXXXXXXXXXXXXXXXXXXXX0X0XX0X0XXXXXXX00XXXXX0XXXXXX0XXXX0XXXXX0X0XXXXXXXXXXXXX0XXXXXXX0XXXXXXXXXXXXXXXXXXXX
XX0XXXXXXXXX00X0X00XXX0XXXX0XXX0XXX0XXXXXXXXXXXXXXXXXXXX0X0XXXXXXXXXXX00XXXXXXXX0X0XX0XXXXXXXXXXXXXXXX0XX0XXXXXXX0XXXXXX


Generation 34/75  F=U(0.5, 1.0)  N_hist=8159
------------------------------------------------------------------------------------------------------------------------
00000100X000XX0XX0XXXXXX1XXXX0XXXX0XXXXXX0XXXXXXX1XXX0XXXXXXXXXXXXX0X00XXXXXX0XXXXXXXXX0XXX00XX00XXXX0XXXXXXXXX0XXXXXXXX
XXX00XXXX0XXXXXXX0XXXXXXX0XX0XXXXXXXXXXXXXXXXX0XXXXXX00XXXXXXXX0XXXXXXXXXX0XXXXX0XXXXXXXXXX0XXXXXXXXXXXXXXXXXXXXX0XXXXXX


Generation 35/75  F=U(0.5, 1.0)  N_hist=8400
------------------------------------------------------------------------------------------------------------------------
00XX000X0XXXXXXX0XXXXXXXXXXXX0XXXXXXXXXXXXXXXXXXXXXXXXXXXXXXXXXXXXX00XX0X0XXXXXXXXX0XX0XXXXXXXXXXXXXX00XXXXXX0XX0XXX0000
0XXXXXXXX0XXXX0X0XXXXXXXXXXXXXXXXXXX0XX0001XXXXXXXXXX00XXXXXXXXXXXXXXXXXX0XXXXXXXX0X0XXXXXXXXXXXXXXXXXXXXXXXXXXXXXXXXXX0


Generation 36/75  F=U(0.5, 1.0)  N_hist=8639
------------------------------------------------------------------------------------------------------------------------
0000000000XXXX0X0XXXXXXXXXXXXXXXXX0XXX0XXXXXXXXXXXXXXXXXXXXXXX0XXXXXXXXXXXXXXXXXXXXX0X0XXXXXXXXX0X0X0XXX000X0XXXXXXX0XXX
XXXXXXXXXXX0XXXXXXX0XXXXXX0XXXXXXX0XX0X0XXXXXXXXXXXXXXXXXXX000X00XXXXXX0XXXXXXXXX0XXXXXXXXXXXXX0XXXXXX0XXXXXXXXXXXXXXXXX


Generation 37/75  F=U(0.5, 1.0)  N_hist=8880
------------------------------------------------------------------------------------------------------------------------
000X0X0XXX0XXXX0XX0XXXXX0XXXXXXXXXXXXXXXXXXXXXXXXXXXXXXXXXXXXXXXXX000XXX0XX0XXXXXXXXXX00XXXXXXXX00XX0XXXX0X0XXXXXXXX0XXX
X0XXXXXXXXXXXXXXXX10000XXXXXXXXXXXXXXXXXXXXXXX0000XX0XXXXX0XX0XX0XXXX0X0XXXXX0XXXXXXXXXXXXXXXXXXXXXXX0XXXXXXXXXXXXXX0XXX


Generation 38/75  F=U(0.5, 1.0)  N_hist=9120
------------------------------------------------------------------------------------------------------------------------
00X0XXXX0XXXXX0X0XXXXXXX0XXXXXXXXX0X0XXX0XXXXX0XXXXX0XXXX00XXXXXXXXXX0XXXXXXXXX000XXXX0XXXXXXXXXXXXXX000XX0XXXXXXX00XXXX
XXXXXXXXXXXX0XXXXX0XX0XXXXXX00XXXXXXXXXXX0XXXXXXXXXXXX0X0XXXXXXXXXXXXXXXXXXXXXXXXXXXXX0XX00XXXXXXXXXXXXXXXX0XXXXXXXXXXXX


Generation 39/75  F=U(0.5, 1.0)  N_hist=9360
------------------------------------------------------------------------------------------------------------------------
00000X0000X0000X00XXXXXXX00XXXXXXX0XXXXXXXXXXXXXXXXXXXXX00X0XXXX0XXXXXX00XXXXXXXXXXXXXX0XXXXXXXX00X00XXXXXX00XXXXX0XXXXX
XXXXXX0XX00XXXXXXXXXX000XXXXXXXXXXX0XX0X0XXXXXXXXX0XXX0XXXXXXXX00XXXXXXXXX0XXXX1XXXXXXXX0XXXXXXXXX0XXXXXXXXXXX0X0XX0XXXX


Generation 40/75  F=U(0.5, 1.0)  N_hist=9599
------------------------------------------------------------------------------------------------------------------------
00X00XXXX00XXXXXXXXXXX0XXXXX0XXXXXXXXXXXX00XX0XX00X0XXXXXXXXX0XXXXXXXXXX00XXX0XXXXX0XXX0XXXXXXXXXXXX0XXXXXXXXXX0XXXX0X0X
XXXX0X00X0XXXXXXXXXXXXXXXXXXXXXXXXXXXX0XXXXXXXXX0XXXXXXX0XXX00XXXXXXXXXXXXXXX00XXXXXXXXXXX0X0XXXXXXXXXXXXXXXXXX0XXXXXXXX


Generation 41/75  F=U(0.5, 1.0)  N_hist=9839
------------------------------------------------------------------------------------------------------------------------
000X000X00XXX0XXXXXXXXXXXXXX00XXX0XX0XXXXXXXX0XXXXX0XXX0XXXXXXXXXXXXX00XXXXXXXXXXXXXXXX0XXXXXXXXXXXXXXX00XX0XX0XX0XXXXXX
XX0XXXXXXXXXXXX0X0XX0XX0XXXXXXXXXXXX0XXXXXX00XXX0XXXXX00X0XX00XXXXX00XXXXXXXXXX0XX0XXXXXXXXXXXXXXXXXXXXXXXXXXXXXX0XXXXXX


Generation 42/75  F=U(0.5, 1.0)  N_hist=10080
------------------------------------------------------------------------------------------------------------------------
000000XX0000X000000XXXXXXX00XXXX0XXXXXXX0XXXXXXXXXX00XXXXXXXXXX00XXXXXXXXXXXXXX0XXXXXXXX0XX0XXX0+X0XX0XXXX0X0XX0XXX0XXXX
XXXXXXXXXXXXXXXXXXXXXX00XXXXXXXXXXX000X0+0X0XXXX0XXXXXXXXXXXX0XXXXXXXX0XX0X00X00XXXXXX000XXXXXXXXXXXXXXXXXXX0X0XXXXXXXXX
XX


Generation 43/75  F=U(0.5, 1.0)  N_hist=10320
------------------------------------------------------------------------------------------------------------------------
000000X00X00X0000XX0XXXX00XXXXXXX0X00XXXXXXXXXXXXXXXXXXXXXXXXXXXXXXXXX000XXXX000X0XXXXXXXXXXXXXXXXXXXXXXXX000X000XXXXXXX
XXXXXXXXXXXXXXXXX0XXXXXXXXXXXXX0XXXXXXXXXXXXX000XXXXXXXXXXXXXXXXXXXXXXX00X00XX0XXXXX0XXXX0XXXXX00XXXXXXXX0X0XXXXXX0XXXXX


Generation 44/75  F=U(0.5, 1.0)  N_hist=10560
------------------------------------------------------------------------------------------------------------------------
000X00XX0XX0XXXXXXXXXXXXXXXXXXXXXXXXXX00XXXXX0X000XX0XXX0XX0X000X00000X0XX0XXXXXXXXX000XX0X0XXXXXXXXXXXXXXX0XXXXXXXXXXXX
XXXXXXX0XXXXXXXXXXXXXXX0X00XXXXXX0XXXXXXXXX0XXX00XXXXXXXXXXXXX000XXXX0XXXXXXXX0XXXXXXXXX00XXXX0XX0XXXXXXXXXXXXXXXXXXXXXX


Generation 45/75  F=U(0.5, 1.0)  N_hist=10800
------------------------------------------------------------------------------------------------------------------------
0000000X000XXXXXXXXXX0X0XXXXXXXXXXXX00XXXXXX0XXXXXXXXXXX0X0XXXXXXX000XX0XX00X00X000XXXXXXXX0X0XXXXXXXXXX0XXXXXXXXXXXXXXX
X00XXXXXXXXXXXXXXXXX0X0XXXXXXXXXX0XXX000XX0XXX0XX0XXXXXXXXXXXXXXXXXXXXX00X0XX0XX0XXXX0XXXXXXXXXXXXXXXXXXXXXXX0XXXXXXXXXX


Generation 46/75  F=U(0.5, 1.0)  N_hist=11040
------------------------------------------------------------------------------------------------------------------------
000X0XXXX0XXXXX0XXXXXXXXXXXXXXXXXX0XXXXXX0XXXXXXXXXX00XX0X0XXX0XXXXXXXXXXXXX0X000XXXXX00XXXXXXXX0XX00XXXXXXX0XXXX00XXXXX
X0XXXXXXXXXXXX000XXXXXXXX0000X00XXXXXX00X0XXXX0XXX0X00XXXXXX0XXXXXX0XXXX000XXX00XXXX0XXXX0XXXXXX0XXXXXXXXXXXXXX0XXXXXXXX


Generation 47/75  F=U(0.5, 1.0)  N_hist=11280
------------------------------------------------------------------------------------------------------------------------
0000X0XX0XXXXXXX0X000XXXX0XX0XXXXXXXXX0XX0XXXXXXXXXXXXXXXX0X00XX0XXX0XXXXXXXXXXX0X0XXXXXXXXXXXXX00XXXXXXXXXXX0XXXXXXX0X0
X0X00XXXXXXXXX0XXXXXXXXXXXX0X0XXXXXXXX0XXXXX0XXXXXXXXXXXXXXXXXXXXX0XXXXXXX0XXXX0XXXXXXXXXXXXXXXXX0XXX0XX0XXXXXXXXXXXXXXX


Generation 48/75  F=U(0.5, 1.0)  N_hist=11519
------------------------------------------------------------------------------------------------------------------------
000X00000XXX0XXX000X0X0000XXXXXXXXXXXXX0XXXXXXXXXXXXXXXXXX000XX0X0XXXXX0XXX00XXXXXX0XXXXXXXXXXXXXXXXXX0XX0XX0XXXXXXXXXXX
00XXXXXXXXXX0XXXXXX00XXXX0XX0XXXXXXXXXXXX0XXXXXXXXX0XXXXXXXX0XX0X0X0XXXXXXXXX00XXXXXXXXXX00XXXXXXXXXX0XXXXXXXXXXXXXXXXXX


Generation 49/75  F=U(0.5, 1.0)  N_hist=11760
------------------------------------------------------------------------------------------------------------------------
000X00X0X0XX00XXXX0XXXXXXXXXXXXXXXXXXXXXXXXXXX0XXXXXXX0XXXXXXXXXXXXXXXXXXXXXXXXX0XXXXXXXX00XXXXXX0XXXXX0XXX0XX0XXX0000X0
XXXXX0XXXXXXXX0XXXXXXXXXXX00XXXX00X0XXX0XXXXXX0XXXXXXX0XX00XXXXX0XX0XXXXXX0XXXXXX00XX00XXXXXXXXXXXXXXXXXXXXXXXXXXXXX0XXX


Generation 50/75  F=U(0.5, 1.0)  N_hist=11999
------------------------------------------------------------------------------------------------------------------------
0000X00000X00XXXXXXXXXXXXXXXXXXXXXX0XXXXXXXXXX0XXXXXXXX00XXXXXXXX0X00XXXXXXXXXXXXXXXXX0X00XXX00XXXXXXXXX0XXXXXXXXXXXXXX0
X0X000X0XXXXX0XXXXX0XXXXXXXXXXXXXX00XXXXXX0XXXXXXXX0X0XXXX0X0XXX0XX0X0XXXX0X0XXXXXXXXXXXXXXXX0XXX00X0XXXXXXXXXXXXXXXXXX0


Generation 51/75  F=U(0.5, 1.0)  N_hist=12239
------------------------------------------------------------------------------------------------------------------------
0X0XX0X0XXX000XXX00X00X0XXXXXXXXXXXXXXXXXXXXXXXXXXXXXXXXXXXXXXXX00XX0X0XXXXXXXXXXXX0XXXXXXX0XXXXXXX00000X0XXXXXXXX0X0XXX
XXXXXXXXXXXXXXX0XX0XXXXXXXXXX00XXXXXXXXXXXXXXXXXXXXXXXXX0XXXXXX0X0XXXXXXXXX0XXX00XX00X0XXXXXXXXXXXXXXXXXXXXXXXXXXXXXXXXX


Generation 52/75  F=U(0.5, 1.0)  N_hist=12480
------------------------------------------------------------------------------------------------------------------------
000XX000000X0XXXXXXXXXX0X0XXXXXXXX0X0XXXX0XXXXXXXX0XXXXX00X0XXXXXXXXXXXX0XX0XXXXXX0XXXXX00X000X00XXXXXXXXXXXXXXXXXXXXXX0
X0XXXX0XXXX0XXX0XXXXXXXXX0+XXX00XXXXXX00XX0XXX0XXXXXXXXXX0000XXXXXXXXXXXXXXXXXXXXXX0XXXXXXXXXXXXXXXXXXXXXXXXXXXXXXXXXXXX
X


Generation 53/75  F=U(0.5, 1.0)  N_hist=12720
------------------------------------------------------------------------------------------------------------------------
00X00X0X0XX00XX0XXXX0XXXXXXX00XX0XXX0XXXXXXXXXXXX0XXXXXXXX0XXXXX00XXXXXXXXXXXXXX0XXXX0XXXXXXX0XXX00XXXXXXX0XXXXX0XXXXXXX
X0X0XXXXXXX0X0XXXXXXXXXXX0XXXXXX0000000X0X0000XX0X0XXXXXXX00X0XXXXXX0XXXXXXX00XXXXXXXXXXXXXXXX0XXXXXXXXXXXXXXX0XXXXXXXXX


Generation 54/75  F=U(0.5, 1.0)  N_hist=12960
------------------------------------------------------------------------------------------------------------------------
00+000X0000XXXXXXX0XXXXXXXXXXX000XXXXXXXXXXXXXXXXXX0XXXXXXX0XX00XXX0XXXXX0XXXXXX0XXXXX00XXXXX0XXXXXX0XXXXX00XXXXXXXXXXXX
XXXXXXXXXXXXXXX0+XXXXXXXX0XXXXXXXX000XX0XXX000XXXXXXXXXXXXXXXX0X0XXXXX0XXX0XXXXXXXXXXXXXXXXXXXXXX000XXXXXXX0XXXXXXXXXXX0
XX


Generation 55/75  F=U(0.5, 1.0)  N_hist=13200
------------------------------------------------------------------------------------------------------------------------
0000X000XX00X0XX00XXXX0XXX0XXXXX0XXXXXXXXXXXXXX00XXXXX0XXXX00XXXXX0XXXXXXX0XXXXXXXXXXXXX00XXX00XX0X00XXXXXXXXXXX0XXXXXXX
XXXXXXXXX0XXXXXXXXXX0XXXXXX0XX0XXXXXXXXXXXXXXXXXXXXXX000XXXXXXXXX0X0XXXXXXXXXX000X0X0XXXXX0+XXX0XXX0XXXXXXX00XXXXXXXXXXX
X


Generation 56/75  F=U(0.5, 1.0)  N_hist=13440
------------------------------------------------------------------------------------------------------------------------
00000X00X0000XX0XXXXXX0XXXX0XXXXXXX0XXXXXX0XX0XXXXXX0XXXX0XXX0XXXXXXXXXXXXX0XX0XXXXXXXXXXXXXXXXXXXX0XXXXXXX0XX0XXXXXXXXX
XXXXXX0X0XXXX0XX0XXXXXXX0XXX0X0XXXXXXXXXXXXXXXXX0X0XXXXXXXXXXXX0XXXX0XXXXXXXXXXXXXX0XXXXXXXXXXXXXXXXXXXXX0XXXXXXXXXXXXXX


Generation 57/75  F=U(0.5, 1.0)  N_hist=13680
------------------------------------------------------------------------------------------------------------------------
000000X00X00X0000XXXXXXX0XX0XXXXX00XXXXXXXXXXXXXXXX0XXXXXXXX0XX0XX00XXXXXXXXXX00XXXXX0X0000XXXXXXX0XXXXXXXXXXX0XXXX0XXXX
X0XXXXXXXXXXXXXXXXX0XXXXX0XXXXXXX00XXX0XX00XX00XXXXXXXXXX0XXXX0XXXXX00XXX00XX0XXXXX0XXXXXXXX0XX0XXXXXXXXXXX0XXXXX0XXXXXX


Generation 58/75  F=U(0.5, 1.0)  N_hist=13920
------------------------------------------------------------------------------------------------------------------------
000000XX0XXXX00XXXXXX0X0XXXXXXXXXX0XXXXX0X0XXXXXXXXXXXXXXXXXXXXXXXXX0X0X0X0XXX0XXXX0XXXXXXXXXXXX0XX0X0XXXXXXXXXXXXXXXX00
XXXXXXXXXXXXXXXXX0XXXXXXX00XXX00000XXXXXX0X0XXXXXXXXX0X0XXXXXXXXX0XXXXXXXXX000X0XXXXX0+XX0XXXXX0XXX0XX0XXXXXXXXXXXX0XXXX
X


Generation 59/75  F=U(0.5, 1.0)  N_hist=14160
------------------------------------------------------------------------------------------------------------------------
000X0000XXXXXXXXXXXXXX00XX0XXXXXXXXXXXXXXXX0XXX00XXXXXX0XXX0X0XX0XXXXXXXX0XXX00XXXX0XXXXX0XXXXX0XXX00XXXXXXXXXXXXX0XXXXX
XXXXXXXXX0X00XXX000XXXXXX0XXXXXXXXXXXX0XXXXXXXX0X00XXXXXX0XX0000XX0XXXX000XXXXXXXXXXXXX0XXXXXXXXXXXXXXXXX0XX00XXXXX0XXXX


Generation 60/75  F=U(0.5, 1.0)  N_hist=14399
------------------------------------------------------------------------------------------------------------------------
00X000000XXXX0XXXXX00XX0XXXX0XXXXXXXX0XXXXXXX0X0XXXXXXXXXXXXXXXXXXXXXXXXXXXXXX0XXXXXX0XXXX0XX00000XX0+0XXXXXXXXXXXXXX0X0
XXXXXXXXXX0000XXX0XXXX00XXXXXXXX0XXXXXXX0XXXXXXXXXXXXXXXXXX0X0X000X0XXXXX0XXXXXXXXX0000X00XXXXXXXXXXXXXXXXXXXXXXXXXXXXXX
X


Generation 61/75  F=U(0.5, 1.0)  N_hist=14640
------------------------------------------------------------------------------------------------------------------------
0000X00XXXXX00XX0XXXXXXXXX0XXXXXXXXXXX0XXXXXXXXXXXXXXXXXX0XXXXXXXXXXXXXX0X0XXXXXXXXXXX000X0XXXXXXXX0XXXXX0XXXXX000XXXXXX
X0XXXXXXXXX0XXXX00XXXXXXXXX00XXXX0X00XXXX000X0XXXXX0X0XXXXX0X0X00000XX0XXXXXXXXXXXXXXXXXXXXXXXXXX00X0X00XXXXXXXXXXXXXXXX


Generation 62/75  F=U(0.5, 1.0)  N_hist=14880
------------------------------------------------------------------------------------------------------------------------
0000X00X00XXXXXXXXXXXXXXXXXXXXXXX00X00X0XXXXXXXXXXXXXXX0XX0XXXXXXXX000X0XXXXX0X000XXXXXXXXX0XXXXX00X0XX0XXX0X0XX0XXXXXXX
XXX00XXX0XXXXXXXX0XXXX0X0XXXX0XXXXXX0X000XXX00XXXXXXXXXXXXXXXXXX0XXXXXXX00X0XXXXXXXXXXXXX0XXXXXXX00XX0XXXXXXXXXXXXXXX0XX


Generation 63/75  F=U(0.5, 1.0)  N_hist=15117
------------------------------------------------------------------------------------------------------------------------
00000X000X0X0XXX0X0XXX0XXXXXXXXXXXX0XXXXXXXXXXXXXXXXXXXXXXXXXXXXXXXX0XX0X00XXXX0X0XXXXXXXXXXXX0X0X00X0000XXXX00XX00XXXXX
XX0XXX000XXXX0XXXXXXXXXX0XX0XXXXXXXX00X0XXXXXXXXXXXXXXXXXXXXXXXX000XXXXXXXXXXXXXXXXXXXXXXXXX00XXX0XXXXX0XXXXXXXXXXXXXXXX


Generation 64/75  F=U(0.5, 1.0)  N_hist=15360
------------------------------------------------------------------------------------------------------------------------
00X00X0XXXXXXXXXXXXXXXXXXXX0XXXXXXXXXXXXXXXXXX0X0XXXXXXX00X00XXX000000XXXXXX0XXXXXXXXXXXX0XXXXXXXXX0XXX0XX00XXXXX000X0XX
X0000X0XXX0XX0XXXXXXXXXXXXXXXXXXXXXXXXXXXXXX0XX00X00XXXXXXXXXX0XXX0XXXXXXXXXXXX00XXXXXXXXXXXX0XX0XXXXX0XXXXXXXXXXXXXXXXX


Generation 65/75  F=U(0.5, 1.0)  N_hist=15600
------------------------------------------------------------------------------------------------------------------------
0000000XXX0XX0XXXXX0XXXX00XXXXXXXX0X0XXXX0XX0XXXXXX00X0X0XXXX0XX0XXXXXXXX000X0XX0XXXXXXXX0XXXXXXXXX0X0XXXXXXXXXXXXXXXXXX
XX0XXXX0X0XXX0XXXXXXXXXXXXXXXX0XXXXXXXX0X00XXXX00X0XXXXXXXXXXXXXXX0XXXXXXXXXXXX00000XX00XXXXXXXXXXXXXXXXXXXXXXXX0XXXXXXX


Generation 66/75  F=U(0.5, 1.0)  N_hist=15840
------------------------------------------------------------------------------------------------------------------------
00X000X00XX00XXXXXXXXXXXXX0XXXX0XXXXXXXXXXXXXXXXXXXX0XXXX0XXX00XXX0XXX0XXX0XXXXXXXXXXXXXXXXXXXX0X0X0XXXXXXX0XXXXX0XXXXXX
XXXXXXXXX0X0X0XXXXXXXXXXXXXXXXXX0X000XX0X00X0XXXX0XXXXXXXXXXXX0XXXXXXXX0XXXXXXXXXXXXXXXXXXXX00XXXXXXXXXXXXXXXXXXXXXXXXXX


Generation 67/75  F=U(0.5, 1.0)  N_hist=16080
------------------------------------------------------------------------------------------------------------------------
0000XXX0XXXXXXXXXXXXXXXX0XXXXXXXXXXXXXX00XXXXXX0000X0X0X0XXXXXXX0X0XXXXXX0XXXXXXXXXXXXXXXXXX0X00X0XXXXXXXXXXXXXXX0XX0000
X00XXXXXXXXXXXXXXXXXXXXX00XXXX0X000XXXXXXXXXX0XXXXXXXXXXXXXXXXXXXXXXXXXXXXXXXXXXX000XXX0XXXX0XXXXXXX0XXXXXXX0XXXXXXXXXXX


Generation 68/75  F=U(0.5, 1.0)  N_hist=16320
------------------------------------------------------------------------------------------------------------------------
000000X00XXXXX00X0XXXXXXX0X0XXX0XXXXXXXXX0XXXX0X000X00XXXX000XXXXXXXXX0XXX000XX00X0XXXX0XX00XXXXXXXXXX0XXXXXXXXXXXXXXXXX
XXXXXXXXXXX0XXXXXXXXX0XXXXXXXXXXXXXXXXXXXX0XX0XXXXXXXXXXX00XXXXXX000X0XXXX00XXXXXXXXXXXX0XXXXXXXX00XXXXXX0XXXXXXXXXXX0XX


Generation 69/75  F=U(0.5, 1.0)  N_hist=16560
------------------------------------------------------------------------------------------------------------------------
00000X00000X00X0XXXXXX0XXXXXXXXXXXXXXXXXXXXX00X000XX00X0XXXX0XXXXXXXXXX0XXX0X0XX00XXXXX0XXXXXXXXX0XXXXXX0XXXXXXXXXXXXXXX
XXXXXXXXXXXXXXXXX0XXXXX0XXXXXXXXXXXXXXXXXXX0XX0XXXXXXXX0XX0XXXXXXXXXXXXXXXXXX0XXXXXXXXX0XXXXXXX0XXXXXXXXXXXXX00XXXXXXXXX


Generation 70/75  F=U(0.5, 1.0)  N_hist=16800
------------------------------------------------------------------------------------------------------------------------
000X0X0XXX0XXXXXXXXXX0X0XXXX0XX0XXX0XXXXXXXXXXXX0XXXXXXXXXXXXXX0XXX0XXXXXXXXXXXXXX0XXXXX0XXX0XXXXXXXXXXXX0XXXXX00XXXXXXX
X0XXXXXXXXXXXXXXXXXX0XXXXXXXXXXXXXX0XX0XXXXXXXXXXXXXXXXXXXXXXXXXXXX0XXXXXXXXXXXXXXX0X0XXXXXXXX00XXXX0XX00X0XXXXXXXXXXXXX


Generation 71/75  F=U(0.5, 1.0)  N_hist=17040
------------------------------------------------------------------------------------------------------------------------
00XXXXXXXXXXXXXXXXXXX0X00XXX0X00XXXXXXXXXXXXXXXXXXXXXXXXX00XXXXXXXXX00XXX0XXXXXXXX0XXXXXXXXXXXXX000XXXXXX0XX0XXX0XXXXXXX
XXXXXXXXXXXX0XXXXXXXXX0XXXXXXX0X0X0XXXXXXXXXXXX0X000000XXX0XXX0XXXX0+XXXXXXXXXXXXXXXXX0XXXXXXXX00XXXXXXX0XXXXXX0XXXXXXXX
X


Generation 72/75  F=U(0.5, 1.0)  N_hist=17280
------------------------------------------------------------------------------------------------------------------------
0000X00XX0XXXXXXXXXXX0XXXX0XXX00X00X0XXXXXXXX00XX000XX0XXXXX0XX000XX0XXXXXXXX0XXXXXXXXXXXXX0X0XXXX0XXXXXXXXXXXXXXXXXXXXX
XXXXXXXXXXXXX0XXXXX0XX00XXXXXXXXXXXXXXX0X0XXXXXXXXXXXXXX00000X00XXX0XXX000X000XXXXXXXXXXXXXXX0XXX0XXXXXXXXXXXXXXXXXXXXXX


Generation 73/75  F=U(0.5, 1.0)  N_hist=17520
------------------------------------------------------------------------------------------------------------------------
00000XXXX0XXXXXXXXXXXXXXXXXXXXXX0XX0X0X00XXX0XXXXXXXX0X00XX0XX0XXX0XXXXXXXXXX00X00000XXX0XXXXXXXXXXX000XXXXXXXXXXXXX0X0X
XXXXX0X0XXX00XX0XXXXXXXXXXXXXXXXXXXXXXXXX0XXXX0X0XXXXXXX0XXXX000XXXX0XXXXXXXXXXXXX0X0XXXXXXXXXXXXXXXXXXXXXXXXXXXXXXXXXXX


Generation 74/75  F=U(0.5, 1.0)  N_hist=17760
------------------------------------------------------------------------------------------------------------------------
00XX00XXXXXXXX00XXXXXXXX0XX0XXXXXXXXXXXXXXX0XXXXXXX00XX0XXXXXXXXX0XXXXXXXXXXXXX0000XXXXXXXXXXXX0XX0XXXXXXXXX0X0XXXXXXXXX
0X0XXXXXXXX00XXXXX0XXX00XXXXXXXXXXX00X0XX000X00XXXXXXXXXX0XXXX00+0XX0XXXX0XXXXXXXXXXXXX0XXXXXX00X0XXXXXXXXXXXXXXXXXXX0XX
X


Generation 75/75  F=U(0.5, 1.0)  N_hist=17999
------------------------------------------------------------------------------------------------------------------------
0000000000X0XXX00XXXXXXX0XXXXXXXXXXXXX0XXXXXXXXXXXX0XXXXX0XX0XXXXXXXXXXXXX0X0X0XXXX000X0XXXXXXXXXXXXX0X0XXXX00X00X0XXXXX
XX00X0XXXXXXXXXXXXXXX0X0XXXXXXXXXXXXX00XXXXXXXXXXXX0X0XXX0XXX0XXXXXXXXXXXXXXXXXXXX0XXXXXXXXXXXXXXXXXX000XXXXXXXXXXXX0XXX


Maximum number of iterations reached.

SSE=0.55376 on eval 18240: L=5.79497e+06** b=0.00311902* r=0.141577 rf=0.502377 t0=64.2121 th=1.93648


Shutting down DE...
DE shutdown complete.

Final population:
Population: 240 individuals with SSE 0.55376 to 0.55441, avg eval time 0.0241 sec. Top 7:

        SSE |    0.55376      0.55378       0.5538      0.55381      0.55381      0.55382      0.55382  
------------------------------------------------------------------------------------------------------------------------
          L |  5.795e+06** 2.7964e+06   5.5926e+06   2.3474e+06   3.2371e+06   4.0767e+06    1.396e+06  
          b |   0.003119*   0.0036104*   0.0028153*   0.0065126*  0.00076522*   0.0028984*   0.0012211* 
          r |    0.14158      0.14142      0.14246      0.14192      0.14031      0.14193      0.14228  
         rf |    0.50238      0.50294      0.50665      0.50293      0.49653      0.50572      0.50652  
         t0 |     64.212       64.216       64.207       64.195       64.242       64.239       64.175  
         th |     1.9365       1.9656        1.955       2.0181       1.9435       1.9932       2.0146  
------------------------------------------------------------------------------------------------------------------------
Best individual:
<SSE=0.5538 L=5.79497e+06** b=0.00311902* r=0.141577 rf=0.502377 t0=64.2121 th=1.93648>


Elapsed time: 225.56 seconds

Saved final population of best parameter combinations to covid19.dat
Shutting down...
Task Queue is shut down
Goodbye
