Decompressing and parsing covid19.csv.bz2...
Cumulative and new cases reported thus far for France
------------------------------------------------------------------------------------------------------------------------
000	01/22	0	0
001	01/23	0	0
002	01/24	2	2
003	01/25	3	1
004	01/26	3	0
005	01/27	3	0
006	01/28	4	1
007	01/29	5	1
008	01/30	5	0
009	01/31	5	0
010	02/01	6	1
011	02/02	6	0
012	02/03	6	0
013	02/04	6	0
014	02/05	6	0
015	02/06	6	0
016	02/07	6	0
017	02/08	11	5
018	02/09	11	0
019	02/10	11	0
020	02/11	11	0
021	02/12	11	0
022	02/13	11	0
023	02/14	11	0
024	02/15	12	1
025	02/16	12	0
026	02/17	12	0
027	02/18	12	0
028	02/19	12	0
029	02/20	12	0
030	02/21	12	0
031	02/22	12	0
032	02/23	12	0
033	02/24	12	0
034	02/25	14	2
035	02/26	18	4
036	02/27	38	20
037	02/28	57	19
038	02/29	100	43
039	03/01	130	30
040	03/02	191	61
041	03/03	204	13
042	03/04	288	84
043	03/05	380	92
044	03/06	656	276
045	03/07	959	303
046	03/08	1136	177
047	03/09	1219	83
048	03/10	1794	575
049	03/11	2293	499
050	03/12	2293	0
051	03/13	3681	1388
052	03/14	4496	815
053	03/15	4532	36
054	03/16	6683	2151
055	03/17	7715	1032
056	03/18	9124	1409
057	03/19	10970	1846
058	03/20	12758	1788
059	03/21	14463	1705
060	03/22	16243	1780
061	03/23	20123	3880
062	03/24	22622	2499
063	03/25	25600	2978
064	03/26	29551	3951
065	03/27	33402	3851
066	03/28	38105	4703
067	03/29	40708	2603
068	03/30	45170	4462
069	03/31	52827	7657
070	04/01	57749	4922
071	04/02	59929	2180
072	04/03	65202	5273

Initializing 180 population members having 6 parameters
------------------------------------------------------------------------------------------------------------------------

SSE=73.305 on eval 1: L=4.60101e+07 b=18.5293 r=0.311729 rf=0.976289 t0=54.145 th=17.6725

*

SSE=54.946 on eval 2: L=2.84229e+07 b=37.7562 r=0.149902 rf=0.662177* t0=60.7931 th=8.31223

!

SSE=50.291 on eval 3: L=4.35844e+07 b=16.7168 r=0.209006 rf=0.797462 t0=71.8038 th=12.3769

!3221

SSE=39.615 on eval 8: L=2.53976e+07 b=12.3422 r=0.35412 rf=0.712526 t0=49.0435 th=18.7882

!3

SSE=37.827 on eval 10: L=3.3924e+07 b=36.5153 r=0.35672 rf=0.700134 t0=51.4245 th=12.5018

!11

SSE=31.883 on eval 13: L=1.26914e+07 b=23.0533 r=0.197798 rf=0.911816 t0=65.9542 th=11.9716

!65621119619

SSE=29.889 on eval 25: L=1.00063e+07 b=11.7739 r=0.201054 rf=0.897604 t0=67.4733 th=10.0576

!14634112111112211225249113113232243487211132148791212142139112033321145281321232655332411135264
411981173421222222115321520411314126142114111624231911124231

Population: 180 individuals with SSE 29.889 to 352.16, avg eval time 0.997 sec. Top 7:

        SSE |     29.889       30.392        30.46       30.918       31.122       31.697       31.826  
------------------------------------------------------------------------------------------------------------------------
          L | 1.0006e+07   1.3535e+07   1.4367e+07   3.6261e+07   5.9625e+07   3.3482e+07   1.5184e+07  
          b |     11.774       29.915       1.3019*      39.717**      8.428       5.3806       8.2021  
          r |    0.20105      0.24218      0.21473      0.21945      0.36119      0.30287      0.23439  
         rf |     0.8976      0.84331      0.87241      0.90342      0.99517**    0.90715      0.92845  
         t0 |     67.473       63.065       65.244       64.619       58.549       61.412       67.086  
         th |     10.058       14.461       15.123       13.924       19.723**      18.07       13.344  
------------------------------------------------------------------------------------------------------------------------
Best individual:
<SSE=29.8886 L=1.00063e+07 b=11.7739 r=0.201054 rf=0.897604 t0=67.4733 th=10.0576>


Population: 180 individuals with SSE 29.889 to 352.16, avg eval time 0.997 sec. Top 7:

        SSE |     29.889       30.392        30.46       30.918       31.122       31.697       31.826  
------------------------------------------------------------------------------------------------------------------------
          L | 1.0006e+07   1.3535e+07   1.4367e+07   3.6261e+07   5.9625e+07   3.3482e+07   1.5184e+07  
          b |     11.774       29.915       1.3019*      39.717**      8.428       5.3806       8.2021  
          r |    0.20105      0.24218      0.21473      0.21945      0.36119      0.30287      0.23439  
         rf |     0.8976      0.84331      0.87241      0.90342      0.99517**    0.90715      0.92845  
         t0 |     67.473       63.065       65.244       64.619       58.549       61.412       67.086  
         th |     10.058       14.461       15.123       13.924       19.723**      18.07       13.344  
------------------------------------------------------------------------------------------------------------------------
Best individual:
<SSE=29.8886 L=1.00063e+07 b=11.7739 r=0.201054 rf=0.897604 t0=67.4733 th=10.0576>

Performing DE with CR=0.8, F=U(0.5, 1.0), DE/rand-1.00/1/bin
------------------------------------------------------------------------------------------------------------------------
Press the 'Enter' key to abort.



Generation 1/75  F=U(0.5, 1.0)  N_hist=180
------------------------------------------------------------------------------------------------------------------------
2124212X2X3XXXX2XXXX1XX2103X12261137XXX0X23XXX0X1X122XXX3X4213XX0XX3XXX41X121XX212XXXXX2X11X6XX3X12X21X44XXX6X2X1X1XX3XX
1X61X1X1XX72XX4X24X11X1X3X2X3X722X11X5XX2X32XX1X1XX153XXXXXX


Generation 2/75  F=U(0.5, 1.0)  N_hist=360
------------------------------------------------------------------------------------------------------------------------
XXXX2XX11XXX11XXX11XXXXX11X3XX1XX1XXX153X2X1X1X2XX1X2X11XXXX3036121X1X1X2X11XXX211211XX201X2XX1222X1X1X211XXXX21233XXX1X
11XX11X121XXXXX2XX2X1X1XXXX2XXXXX1X1X1XX1X113X21X1X1XX0X5XXX


Generation 3/75  F=U(0.5, 1.0)  N_hist=540
------------------------------------------------------------------------------------------------------------------------
X1XX3XXXXXXXXXX2XXXXX21XX1031XXXXXX1XXX11XXXXXXXXX2XXXXX21XXXX1XX1XXXXXXXXX1XX0XXX2XXXXXX1X1XXXXXX221XX111X2XXX12X1XXXX2
2X11XXXX2XX1XXX1XXX1112XXX1X312X11XX11XXX11X1XXXX11XXX1111X1


Generation 4/75  F=U(0.5, 1.0)  N_hist=720
------------------------------------------------------------------------------------------------------------------------
XX11X1X1XXX11X1XXX1X1XXXXXXX0XXXXXXXX0XX1XX1XXX0XXXXX1XX31XX1XX1X1XXX11XXXX1XXXX1XXXXXXXX11XXX11X0X0XX1X1X1X2XX1XX1XXX1X
X1XX1XX1XX1XXX1XXXXXXXXX2XXXXX11110XXX1XXX10XX2XX112X2XXXXXX


Generation 5/75  F=U(0.5, 1.0)  N_hist=900
------------------------------------------------------------------------------------------------------------------------
XXXXXX2XX11XXXX1X1XXX0XXXXXXXXXXXXXX1X0X11XXXXXX1X1X1XXXXXXX1XXXXX0XXXX1XXXXXXXXXX1XXXXXXX11XXX1X01XXXXXX1XXXXX1XXXXXXXX
XXXX1XXX1X0XXXXX1X0XXXXX11X11X1XX1XXX1XXXX111XXX1X1XXXXX10X1


Generation 6/75  F=U(0.5, 1.0)  N_hist=1080
------------------------------------------------------------------------------------------------------------------------
1XXXXX0XXXXXX0XXXX1111XXXX1XX11XXXXXXXXXX1XX1XX1XXX111XXXXXX1X1XX1XXX0XX1X0XXX1X1XXXX0X1XXX1XXXX1XXXXXXXXXX1XXXXX1XXXXXX
XXXX1XXX11XX1XXXXXXXX0X1X1XXXXXX0XX1XXXXXXXXXXXXX11X1XXXXX11


Generation 7/75  F=U(0.5, 1.0)  N_hist=1260
------------------------------------------------------------------------------------------------------------------------
XXX0XXX1XX10XXXX0X1XXX1X1XXXXX111XXXXXXX0X2X1XXXXX11XXXXXXXXXXXXX1X01XXXXXXX1XXXXX1XX1X0XXX1XXXX1XXXXXXXXXXXXX1XX0X00X1X
XXXX1XX11XXXXXXXX0XXXXXXXXXXXXXXXXXXXXXX01X1X1X0XXXXXXXXXX1X


Generation 8/75  F=U(0.5, 1.0)  N_hist=1440
------------------------------------------------------------------------------------------------------------------------
1XXXXXXXXXXXX1XX1XXXXXXXXXX11X0XX0XXXXXXXXXX0XX1XX1XXXXXXXXX1111XX1111X1X1XXXXXX0XXXX01XXX1X11XXXXXXXXX1XXXXXXX1XXX11XXX
XX1XXXXXXXXXXXXXXXXXXXXXXXX1XXX1X11X0XXXXXXXXXXX0XXXX0XXXXXX


Generation 9/75  F=U(0.5, 1.0)  N_hist=1620
------------------------------------------------------------------------------------------------------------------------
101X101XXXXXXX00XX1X1XXXX1XXXXXXXXXXX0XXXXX0XXXXX101XXXXXXXXXXXXXXXXXXXXXX0XXXXXXXXXXXXXXXXXX1XXXX01XX0XXXXXXXXXXXXXX011
XX1XXXXXXXXX1XXXXXXXX00XXX1XXXXX1XXXXXX0XXXXXXXXXXXXX1XXXXXX


Generation 10/75  F=U(0.5, 1.0)  N_hist=1800
------------------------------------------------------------------------------------------------------------------------
1111XXXXXXX0XX1X01XXXXXXXXXXXX0XXXXXX100X01XXXXXXX0X0XXXXXXXXXXXXXXXXXXX1X1XX11XXXXXXXXXXXXX101XXXXXXXXXXXXXXXXXX1X1XXXX
X0XXXXXXXXXXX0XXXX1XXXXXXXXXXXXXXXXXXXXX0XXXXXXXXXXX0XXXXXXX


Generation 11/75  F=U(0.5, 1.0)  N_hist=1980
------------------------------------------------------------------------------------------------------------------------
11X1111+XX01XX11X0XXX0XXX1XXXXXXX0XXXXXXXXXXXXXXXXXXXXXX0XX1XXXXXXXX01111X11X1XXXXXX101XXXXXXXXXXXXXXXXXXX1X0X0111XX0XXX
XXX1XXXXXXXX1110XXXXXXXX1XXX00XXXXXX1XXXXXXXXXXXXXXXXX0XXXXXX


Generation 12/75  F=U(0.5, 1.0)  N_hist=2160
------------------------------------------------------------------------------------------------------------------------
011XXXX0XX10XXXXXXXXXXXXX0XXXXXXXXXXXXXXXXXXXXXXXXXXXXXXXX1XXXXXXXXXXXXX0XXXXXXXXX00XXXX1XX101XXXXXXX11XXXXXXXXX0XX10XXX
01XXXXXXXXXXXXXXXXXXXXX1XXXXXXXXXXXX1XX0XXXXXXXXXXXXXXXXXXXX


Generation 13/75  F=U(0.5, 1.0)  N_hist=2340
------------------------------------------------------------------------------------------------------------------------
000XXXXXXXXXXXXXXXXXX0X11XXXXXXXXXXXXX1XXXXXXXXXXXXXXXXXXXXXXXXXX1XXXXXX100X1XXXXXXXXXX0X1XXXX0XXXXXXXX0101XXX1XXXX0XXXX
XXXXXX0XXXXXXXX1XXXXXXX00XXXXXXX0XXXXXX0XXXXXXXXXXXXXXXXXXXX


Generation 14/75  F=U(0.5, 1.0)  N_hist=2520
------------------------------------------------------------------------------------------------------------------------
XXXXXXXXX0XXXXX0X1XXXXXXXX1X1X1XXXXX0XXXX0XXXXX01XXXXXXXXXXXXXXX1X1XXXXXX0X0X0XXXXXXXXXXXXXX1XX0XXXXXXXXXXX0XXXXXXX0X0XX
XXXXXXXXXXXX0XXX0X1XX1XXXXXXXXXX00XXXXXXXXXXXXXXXXXXXXXX0X0X


Generation 15/75  F=U(0.5, 1.0)  N_hist=2700
------------------------------------------------------------------------------------------------------------------------
0X100X00XX0XXXX0XXXXXXXXXXXXXX010XXXXXXXX0XXXXXXXXXXXXXXXX1XX1XX0XXXXXXXXXXXXXXXXXXXXXXXXXXXXXXXXXXXXXXXX1XXXXXXXXX1XXXX
XXXXXXXXXXXX0X0X1XXXXXXXXXXXXXXXXX0X0XXXXXXXXXXXXXXXXXXXXX0X


Generation 16/75  F=U(0.5, 1.0)  N_hist=2879
------------------------------------------------------------------------------------------------------------------------
100X1X0X0XXXXXXXX1XXXXXXXXXXXXXXXXXXXXXX0X0XXXXX0100X00X1XXXX0X0XXXX1XXXXXXXXXXXXXXXXXXXXXXXXXX0XXXXXXX010XXXXXXXXX01X0X
XXXXXXXXXXXXXX0XXXXXXXXXXX1XXXXXX0XXXXXXXXXXXXXXX0XXXXXXXXXX


Generation 17/75  F=U(0.5, 1.0)  N_hist=3060
------------------------------------------------------------------------------------------------------------------------
0X0X1X00XXXXXXXXXXXXXXXXXXXXXX0X000XXXXXXX1XXXXX01X00XXXXXXX01X0XXXXXXXXXXXXXXX1XXXXXXX0XXX1XXX0XXXXXXX000X00X0XXXXXXXXX
XXX0XXXX010XX0XXXXXXXXXXXXXXXXXXXXXXXX0XXXXXXXXX0XXXXXXXXXXX


Generation 18/75  F=U(0.5, 1.0)  N_hist=3240
------------------------------------------------------------------------------------------------------------------------
X0010X0XX0XXX1XXXXXXXX00XXX0XX0X0XXXXXXXXXXXXXX0XXXXXXXXXX0X1XXXXXXXX00XXXXXXXXXXXXXXXXXXXXXXXXX0XXXX00XXXXXXX0XXXXX1XXX
X0XXX0XXXXXXXXXXXXXXXXXXXXXXXX00XXXXXXXXX00X0XXXXXXXXXXXXXXX


Generation 19/75  F=U(0.5, 1.0)  N_hist=3420
------------------------------------------------------------------------------------------------------------------------
00X1XXXXXXXXXX00XXXXXXXXXXX10XXXXXXXXXXX0XXX1XX0XXXXXXX1XXXXXXXXXXX10XXXXXXX0XXXXXXXXXXXXXXXXXXX0XXXXXXX01XX0XXX0XXXXXXX
XXX0XX01XXX0XXXXXXXXXXXXXXXX0XXXXXXXXXXXXXXXXXXXXXXXXXXXXXXX


Generation 20/75  F=U(0.5, 1.0)  N_hist=3600
------------------------------------------------------------------------------------------------------------------------
001X000X0XXXXXX0XX0XXXXXXXX1XXXXXXXXX00XXXXXXXXXXXX00XX1XXXXXXXXXX1XXXXXX1XXXXXXXXXXXXXXXXXXXX000XXX0XX1X0X0XXXXXXXXXXXX
X0X1X0XXX000XXXX0XX0XXXX0XXXX0XXXXXXXXXXXXXXXXXXXXXXXXXXXXXX


Generation 21/75  F=U(0.5, 1.0)  N_hist=3780
------------------------------------------------------------------------------------------------------------------------
00XXXXXXXXXXXXXXXXXXXXXXXXXXXX0XXXXXXXXXXX00XXXXXXXXXXXXXXXXXX000XX000X00XXXXXXXXXXXXXXXXX0XXX0X0XXXXX000X0XXX0X0XXXXXXX
XXXXXXXXXXXX00X1XXXXXX0X0XXXXXX0XXXXXXXXXXXXXXXXXXXX0XX00XXX


Generation 22/75  F=U(0.5, 1.0)  N_hist=3959
------------------------------------------------------------------------------------------------------------------------
0000X0X0XXXXXXXXX0XXXXXXXXXXXXXXXXXXXXXXX1XXXXXXXXXXXXXXXXXXXXXXXXXXXX0XXX00XXXXXXX10XXXXXX0XXXXXXXXXXXXXXXXXXXXX0XXXXXX
000XXX0XXXXXXXXX0XX0XXXX0X0XXXXXXXXX0XXXXXXXXXXX0XXXXXXXXXXX


Generation 23/75  F=U(0.5, 1.0)  N_hist=4140
------------------------------------------------------------------------------------------------------------------------
0X0XXXXXXX0XXXXXX0X00XXXXX0X00XXX0X0X0XXXXXXX0XX0XXXXXXXXXXXXXXXXXXXXXXXXXXXX0XXXXXXXXXXXXXXXXXXXXXX0XX0XXXXXXXXXXXXXX0X
XXXXXXXXXXXXXXXXXXXXXX0XX0X0XXXX0XXXXXXXX0XXXXXXXXXXXXXXXXXX


Generation 24/75  F=U(0.5, 1.0)  N_hist=4320
------------------------------------------------------------------------------------------------------------------------
0XX0XXXXXXXXXXXXXXXXXXXXXXXXXXXXXXXXXXXXXXXX01XXX0XXXX1XXXX00XXXXX0XXXXXXXXXXXX00XXXXXXX0XX0XXXXXXXXXXX0XXXXXXXXXXXXXXX0
X0XXXX0XX0XXXXXXXXXXX0XX0XX0000XX0XXXXXXX0XX0XXX0X0XXXXXXXXX


Generation 25/75  F=U(0.5, 1.0)  N_hist=4500
------------------------------------------------------------------------------------------------------------------------
000001X0X0XXXX00XXXXXXXX00XXX0XXXXXXXXXXXXXXXXXXXX0XXXXXXXXX000+0XXXXXXXXXXX0XX0XXXX0X00XXXXXXX0XXXXXXX0XXXXXXXXX0XX0XXX
XXXXXXXXXXXXXXXXXXXXXXXXXXXXXXXXXXX0XXXXXXXXXXXXXX0XX0XXXXXXX


Generation 26/75  F=U(0.5, 1.0)  N_hist=4680
------------------------------------------------------------------------------------------------------------------------
0X00XX0X0XXXXXXXXX0XXXXXXXXXX0X0XXXXXXXXXXX0XXXXXX0X0XX00XXXX0XXXXXXXXXXXX0XXXXXXXXXX0XX0XXXXXXXXXX00XXXXXXXXXXXX0X0XX0X
XXXXXXXXX0XXXXXXXXXXXXXXXXXX010XXXXXXXXXXX0XXXXXXXXXXXXXXXXX


Generation 27/75  F=U(0.5, 1.0)  N_hist=4860
------------------------------------------------------------------------------------------------------------------------
00+0XXXXX0XXXXXXX0XXXXXXXXX0XX00XXXXXXXXXXXXXXXXXXXXXXXX0XXXXX0XXXXXXXXXXXX0XX0XX0XXXXX0XXX0XXXXXXXX0XX0XXXXXXXXXX0XXXXX
XX00X0X0XXXXXXXXXX0XXX0XXXX000XXXXXX0XX0XXXXXXXXXXXXXXXXXXXXX


Generation 28/75  F=U(0.5, 1.0)  N_hist=5040
------------------------------------------------------------------------------------------------------------------------
000XX00XXXXXXX0XXXX0XX0XXXXXXXX0XXXXXXX0XX0+XXXXXXXXX0XXXXXXXXXXXXXXXXXXXXXXXXXXXXXX0XXXXXXXXXXXXX0X00XXXX0000XXX0XXXXXX
XXXXXXXXXXX0X0XXX0XX0XXXXXXXXXXXXXXXXXXXXXXXXXXXX00X0XXXXXXXX


Generation 29/75  F=U(0.5, 1.0)  N_hist=5220
------------------------------------------------------------------------------------------------------------------------
00000XX0XXXXXX0XXXXXXXXXXXXX0XXX0XXXXXXXXXXXXXXXXX00XX0XXXXXXXXXXXXXXXXXXXXX000X00X0XXXXXXXX0XX0X0XXXXXXXXXXXXXXXXXXXXXX
XX0XXXXXXX0XXXXXXXXX0X0XXXXXXXXXXXXXXXXXXXXXXXXXXXXXX0XX0XXX


Generation 30/75  F=U(0.5, 1.0)  N_hist=5398
------------------------------------------------------------------------------------------------------------------------
00XX00XXXXXXXXXX0XXXXXX0X00XXXX0XX0XXXXXXXXXXXXXXXXXXXXXXXXXXX0000XXXXXXXXX0XXXXXXXXXXX0XXXXXXXXXXXXXXXXXXXXX0XXX0XXXXXX
XX0XXX0XXXXXXX0XXXX0XXXXXXXXXXXXXXXXXXXXXXXX0XXXXXXXXXXXXXXX


Generation 31/75  F=U(0.445, 1.0)  N_hist=5580
------------------------------------------------------------------------------------------------------------------------
00000X0XXXXX00XXXXXXXXXXX0XX0XXXXXXX0XX00XX0XXX0XXXXXXXXXXXX0XXXXXXXXX00XXXX0XX00XXXXXXXXXXXXXXXXXXX0XXXXXXXXXXX0XXXXXXX
XXX0X00XXXXXX000XXXXX00XXXXXX00X0XXXXXXXXXXXXXXXXXXXXXXXXXX0


Generation 32/75  F=U(0.493056632402, 1.0)  N_hist=5759
------------------------------------------------------------------------------------------------------------------------
XX00X0XX0XX0XXXXX0XXX0XXXXXXXXXXXXXXXX0XXXXXXX0XXX0X00X00X0XXXXXXXXX0XXXXX0XXXXXXX00XXXXXXX0XXXXXXXXXXXXXXXXXXXXXX0X0XXX
XXXXXXXXXXX0XXXXXXX00XXXXXXXXXXXXXXXXXXXXXXXXX0XXXXXXXXXXXXX


Generation 33/75  F=U(0.5, 1.0)  N_hist=5940
------------------------------------------------------------------------------------------------------------------------
00XXXXXXXXXX0XXXXXXXXXXXXXXXX0X0XXXXXXXXXXXXXXXXXXXXX0XXXXXXX000XXXXX0XXXXX0XXXXXXXXXXX0XX0XXXXXXXXX000XXXXXXXXXXXXX0XXX
XX00X0+0X00XXXXXXXXXXXXXXXXXXXXXXXXXXXXXXX0XXX0XXXXXXXXXXXXXX


Generation 34/75  F=U(0.5, 1.0)  N_hist=6120
------------------------------------------------------------------------------------------------------------------------
00X0XXX0XXXX0XXXXXXXXXXXXXXXX0XXXXXXXXXXXXXXXXXXXXXXXX0XXXXXXXXXXXXXX00XXXXXXXXX0XXXXX000X0XXXXXX0XXXXXX0XXX000X0XXXXX00
XXXX00XXXXXXXXXXXXXXXXXX0XXXXXXXX0XXXXXXXXXXXXXXXXXXXXXXXXXX


Generation 35/75  F=U(0.5, 1.0)  N_hist=6300
------------------------------------------------------------------------------------------------------------------------
000XX0XX0XXXX0X0XXX0XXXXXXXXXXXX0XXXXXX00X0XX0XXX0XX0XXXX0XXXXXXXXXXXXXXXXX000X00X0XXXXXXXXXXXXXXXXX0XXXXXXXXX0XXXXXXXXX
XXX0XX0XXXX0XXXXXXX0XXXXXXXXXXXXX0XXXXXXXXXXXXXXXXXXXX0XXXXX


Generation 36/75  F=U(0.5, 1.0)  N_hist=6480
------------------------------------------------------------------------------------------------------------------------
00XXXXX000XXXXXXX0XXXXXXXXXXXXXXXXXXXXXXXXXXXXXXXXXXXXXXXXXXXXXXXXXXXXXX00X0XX0XXX0XXX0XXXXXXXXXXXXX0XXXXXXXXXXXXXXXXXXX
XXX0XXX0XXXXXXXXX0XXXXXXXXXXXXXXXXXXXXXXXXX0XXXX0XX0XXXXXXXX


Generation 37/75  F=U(0.5, 1.0)  N_hist=6660
------------------------------------------------------------------------------------------------------------------------
000000XX0XXX0XXXXXXX00XXXXXXXXXXXXXXXXXXXXXXXXXXXXXXXXX0X0XXXXXXXXXXXXXXXXXXXXXX00X0XXXXXXXX00XXXXXXXX0XXXX0XXX00XXXXXXX
XXXXXXXXXXXXXXXXXX0XX0XXXXXXXXXXXXXXXXXXXXXXXXXXXXXXX0XXXXXX


Generation 38/75  F=U(0.5, 1.0)  N_hist=6840
------------------------------------------------------------------------------------------------------------------------
00XXXXXXX0XXXXXXXXXXXXXXXXXXXX0XXXXXXXX0XXXXXXXXXX0XXXXXXXXXXXXXXXXXX0XXXXXXXXXXXX0XXXXXXXXXX0XXXXXXX00XX0XXX0X0XXXXX00X
XXXXXX0+XXXXXXXXXX0XXXXXX00XXXXX0XXXXXXXXXXXXXXXXXXXXXXXXXXXX


Generation 39/75  F=U(0.5, 1.0)  N_hist=7020
------------------------------------------------------------------------------------------------------------------------
XXXXXXXXXXXXXXXXXXX000XXXXXXXXXXXXXX0XXXXXXXXX00XX0XXXXXXX0XXXXXXXXX00XX00XXXXXXXXXXXXXX0XXXXX0000XXXXXX00XXXXX00XXXXXX0
X0XXXXXXXXXXX0XXXXXXXXXXXXXXXX000XXXXXXXXXXXXXXX0XXXXXXXXXXX


Generation 40/75  F=U(0.5, 1.0)  N_hist=7200
------------------------------------------------------------------------------------------------------------------------
X0XXXXX000X0XXXXXXXXXXXXXXXXXXXXXXXXXXXX0X0X0XXXXXXXXXX0XX0XXXX0XXXX0XXXXXXXX0XXXXXXXXXXXXXXXXXXXXXXXXXXXXXXX0X0XXXXXXX0
0XXXXXXXXXXXXXXXXXXXXXXX0XXXXX0XX0XXX0XXXX0XX0XXXXXXXXXXXXXX


Generation 41/75  F=U(0.5, 1.0)  N_hist=7380
------------------------------------------------------------------------------------------------------------------------
00XXX000XXXXXXXXX0X0XXXXXXXXXXXXX000X0XXXXXXXXXX0XXX0XXX0XXXXXXXXXXXXXX0XXX0XXXX0XXXXXXXXXXXXXXXXXXXX0XXXXXXXXXX0X0XXX0X
XXXX0000XXXXXXXXXXXXXXXXX0XXXX0XXXXXXXXXXXXXXXXX0XXXXXXXXXXX


Generation 42/75  F=U(0.5, 1.0)  N_hist=7560
------------------------------------------------------------------------------------------------------------------------
0000XXXXXXXXXXXXX0XXXXX0XXXXXXXXXXXXX0XXXX0XXXXXXX0XXXXXXXXX0X0+X0X0XXX00XXXXXX0XXX000X0XXXXXXXXXXX0XXX0XXXXXXXXXXXXXXX0
0XXXXXXXXXXXXXXXXXXXXXXXXXXXXXX0XXXXXXXX0XXXXXXXXXXXXXXXXXXXX


Generation 43/75  F=U(0.5, 1.0)  N_hist=7740
------------------------------------------------------------------------------------------------------------------------
0000000X0X0XXXXXX0XXXXXXXXXXXXXXXXXXX0XXXXXXX0X0+XXXXXXXXXXXXXXXXXXXXXX0X0XXXXXXXXXXXXXXXXXXXXXXX0XXXXXXXXX0XXXXXXXXXX0X
XXXXXXXXXX0X00XXXXXXXXXX00XXXXXXXXXXX0XX0XXXXXXXXXXXXXXXXXXXX


Generation 44/75  F=U(0.5, 1.0)  N_hist=7920
------------------------------------------------------------------------------------------------------------------------
00XXXXXXXXXXXXXXXXXXXX0X0XXXXXXXXXXXXXXXXXXXXXXXXX0XX0XXXX0XXXXXXXX0XXXXXXXXXXXXXXXX0XXXX0XXXX00XXXXXXXXXXXXXXXXXXXXXX0X
XXXXXXXXXXXXX0XXX0X0XXXX0XXX000XX0XXXXXXXX0XXXXXXXXXXXXXXXXX


Generation 45/75  F=U(0.445, 1.0)  N_hist=8100
------------------------------------------------------------------------------------------------------------------------
00000X0XXXXXXXXXX00XXXXXXXXX0XXXXXXXXXX0XXXXXXXXXXXXXXXXXX0XXXXXXXXXXX00XXXXX00XXXXXXXXXX0000X00XXXXXXXXXXX0X0XXXXXXXXXX
00XXXXX0XXXXXXXXXXXXXXXXXXXXX0XXXXXXXXXXXXXXXXXXXXXXXXXXXXXX


Generation 46/75  F=U(0.493056632402, 1.0)  N_hist=8280
------------------------------------------------------------------------------------------------------------------------
0000XXXXXXX000XXXXXXXXXX000XXXXXX0XX0XXXXXXXX00XXXXXXXXXXXX0XXXXXXXXX0XXXXX00XXX0XXXXX0XXXXXX0X0XXXXX0XXXXXXX00XXXXXXXXX
XXXXX0XXXXXXXXXXXXXXX0XXXX000XXXXXXXXXXXXXXXXXXXXX0XXXXXX0XX


Generation 47/75  F=U(0.5, 1.0)  N_hist=8460
------------------------------------------------------------------------------------------------------------------------
00XX0XX0XXXXXXXXX0XX0XXXXXX00X0XXXXXXX0X0XXXXXXXXXXXXXXX0XXXXX000X0XXXXXXXXXXXXXXXXXXXXX0XXXXXXXXXXXXXXXXXXXXXXXXXXXXXXX
X0XXX0XXXXXXXXXXXXXXXXXXXXXXXXXXXXXXXXXX0XXXXXXXXXXXXXXXXXXX


Generation 48/75  F=U(0.445, 1.0)  N_hist=8640
------------------------------------------------------------------------------------------------------------------------
00000000XX0XX0XXXXXXXXXXXXXXXXX0X0XXXXXXXXXXXXXXX00XXXXXXXXXXXXXXXXXXXXXXXXXX0XXXXX0XXXX0X00XXXXXXXXXXXXXXXX0XXXXXXXXXXX
XXXX0XXXXXXX0XXXXXX0XXXXXXXXXXXXXX0XXXXXXXXXXXXXXXXXXX000XXX


Generation 49/75  F=U(0.493056632402, 1.0)  N_hist=8818
------------------------------------------------------------------------------------------------------------------------
00X00X00XXXXXXXXXXXXXXXXXXXXXXXXXXXXXXXXXXXXXXXXXX0XXXXX0XXXXXXXXXXXX00XXXXXXXXXXXXXXXXXXXXXX0X0XXXXXXXXXXXXX0XX0XXXXX0X
XXXXXXXXXXXXXXXXXXX0XX0XX0XXXXXXXXXXXXXXXXXXXXXXXXXXXXXXXX0X


Generation 50/75  F=U(0.5, 1.0)  N_hist=9000
------------------------------------------------------------------------------------------------------------------------
00XX0XXXXXXXXXXXXXXXXXXXXXXXX0X0XXXXXXXXXX00XXXXXXXX0XXXXXXXXXXXXXXXXXXXXXXXXXXXXXX0X00XXXXXXXXXXXXXXXXXX00XXXXXXXXXXXXX
XXXXXX0X0XXXXX00X0XXXXXXXXXXXXXXXXXXXXXXXXXXXXXXXXXXXXXXXXX0


Generation 51/75  F=U(0.445, 1.0)  N_hist=9179
------------------------------------------------------------------------------------------------------------------------
00XX0XXX0XXXX0XXXXXXXXXXXXXXXXXXXXXXXXXX00XXXXXXXX0XXX00X0XXXXXX0XXXXXXXXXXXX000XXXXXXXX0XXXXXXXXXXXXXXXXX0XXXX0XX0XXXX0
XXXX0XXXXXXXXXXXXXXXXXXXXXXXXXXXXXXXX0XXXXXXXXXXXXXXXXXXXXXX


Generation 52/75  F=U(0.493056632402, 1.0)  N_hist=9360
------------------------------------------------------------------------------------------------------------------------
00000XXXXXXXXXX0XXXXXXXX00XXX0XXXXXXXXX00XXXXXX0XXXXXX0XXXXXXXXXX00XXX00XXXX0XXXXXXX0XX0XXX0XX0XXXX0XXXXXXXX0XXXX0XXXXXX
XXX0XXXXXXXXXXXXXXX000XXXXXXXX00XXXXXXXXXXXXXXXXXXXXXXXXXX0X


Generation 53/75  F=U(0.5, 1.0)  N_hist=9539
------------------------------------------------------------------------------------------------------------------------
000XXXXXXXXXXXXXXXXXX0XXXXXXXXXXXXXXXXXXXXXXXXXX0XXXXX0XX0X0XXX0XXX00XXXXXXXXXXXXXXXXXX00XXXXXXXX0XXXXXXXXXXXXXXXXXXXXXX
XX0X0XX0XXX000XXXXX000XXXXXXXXXXXXXXXXXXX0XXXXXXXXXXXXXXXXXX


Generation 54/75  F=U(0.5, 1.0)  N_hist=9720
------------------------------------------------------------------------------------------------------------------------
0000XXXXXXXXX0XXXXXXXXXXXXXXXXX0XXXX0X0XXXX0XXXXXXX0XXXXXXXXXXXX0XXXXXXX0XXXX0XXXXXXXXXXXXXXXX0XXXXX00XXX00XXXX0XXXX0XXX
XXXXXXXXXXXXXXXX0X0XXXXXXXXXXXXXXXXXXXXXXXXXX0XXXXXXXXXXXXX0


Generation 55/75  F=U(0.445, 1.0)  N_hist=9899
------------------------------------------------------------------------------------------------------------------------
00XXXXXXXXXXXXXXXXX0XXXXXXXXXXXXXX0XXXXXXXXXXXXXXXXXXXXXXX0XXXXXX0XXXXXXX0XX0X0XXXXXX0XXXXXXXXXXXXXXXXXXXXX0X0XXX0XXXXXX
XXXXXXXXXXXXXXXXXXXXXXXXXXXXXXXXXX0XXXXXXXXXXXXXXXXXXXXXXXXX


Generation 56/75  F=U(0.39605, 1.0)  N_hist=10080
------------------------------------------------------------------------------------------------------------------------
0000XX0XXXXXXXXXXXXXXXXXXX0XXXXXXX00XXXXXXXXXXXXXXXXXX0X00X00XX0XXXXXX0XXXXXXXXXXXXX0XXX0XXXXXXXXXXXXXX00XXXXXXXXXXXXXXX
X0XXXX00XXXXXXXX00XXXXXXXXXXXXXXXXXXXXXX0XXXXXXXXXXXXXXXXX0X


Generation 57/75  F=U(0.3524845, 1.0)  N_hist=10260
------------------------------------------------------------------------------------------------------------------------
0000X00XX0XXXXXXX0XXXXXXXXXXXXXXXXXXXXXXXXXX0X0XXXXX0XX0XXXXXXXXXXXXXXXXX0XX00XXXXXXX0+XXXXXXXX0X0XXXXXXXX0XX0XXXXXXXXXX
XXXXXXXXXXXX0XXXX0XXXX000XXXXXXXXXXXXXXXXXXXXXXXXXXXXXXXXXXXX


Generation 58/75  F=U(0.390550158526, 1.0)  N_hist=10440
------------------------------------------------------------------------------------------------------------------------
00000X00X00XXXXXXXXXXXX0XXX0XXXXXXXXXXX0XX0XXXXXXXXXXXXXXXXX0XXXXXXX000XXXXXXXXXXXXXXXXXXXXXX00XX0000XX0XXXXX0XXXXXXXX0X
0XXXXXXXX0XXXXXXXXXXXX0XXXXX0XXX0XXX0XXXXXX0XXXXXXXXXXXXXXXX


Generation 59/75  F=U(0.432726620105, 1.0)  N_hist=10620
------------------------------------------------------------------------------------------------------------------------
00X0X0XXX00XXXXXXXXX00X0XXX0XXXXXXXXXXX0XXXX0XXXXXXXXXX0X0XXXXXXXX0XXX0XXXXXXXXXXXXXX0XX0XXX000X0XX0XXX0XX0XXX0X0XX0XXXX
X0XXXXX0XXXXX0X0XXXXXXXX0XXX000X0X0X0XXXXXXXXXXXXXXXXX0XXXXX


Generation 60/75  F=U(0.479457820359, 1.0)  N_hist=10800
------------------------------------------------------------------------------------------------------------------------
000X0XXXXXXX0XXXXXXXXX0X0X00XX00XXXXXXXXXXX0XXXXXXXXXX0X0XXXXXXXXXXXXXXXXXXXXXXXXXXXX0+0X0X0XX0XXXXXXXX0X00XX0XXX00XXXXX
XXXXXXXXXXXXXXX0XXX000XX0XX0XXXXXXXXX0XX0XXXXXXXXXXXXXXXXXXXX


Generation 61/75  F=U(0.5, 1.0)  N_hist=10980
------------------------------------------------------------------------------------------------------------------------
00XXXXXXXXXXX0000XXXX00XXXXXXXXXXXXXXXXXXXX0X0XXXXXXXXXXXXXXXXXXXXXXX00XXXXXXXXXXXXXXXXXXXXXXX00XXX0XXXXXXXXXXXXXXX0000X
00XXXX0XXXXXXXXXXXXXX0XXXXXXXXXXXXXXX0XXXXXXXXXXXXXXXXXXXXXX


Generation 62/75  F=U(0.5, 1.0)  N_hist=11160
------------------------------------------------------------------------------------------------------------------------
000XX0XXXX0XXX0XXX0XXXXX0X0XXXXXXXX0XXXXXXXXXX00X00XXXX0XXXXXXXXXXXXXXXX0XXXX0X0XXX0XXXX00X0XX0XXXXXXX0X00XXXXXXXXXXXXXX
X0XX0XXXXXXXXXXXXXX00XXXXXXXXXXXXXXXXXXXXX0XXXXXX0XXXXXXXXXX


Generation 63/75  F=U(0.5, 1.0)  N_hist=11340
------------------------------------------------------------------------------------------------------------------------
XXX000XXX0XXXXXXXXXXXXXXXXXXXX0XXX0XXXXXXX0XXXX0XXXXXXXXXXXXXXXXXXXXXX0XX0XXXXXXXXXXXXXXXXX0XXXXX0X0XXXXXX00XXXXXXXXXXXX
XX0XXXXXXXXXXX0XXXXXXXXXXXXXXXXXXXXXXX0XXXXXXX0XXXXXX0XXXXXX


Generation 64/75  F=U(0.5, 1.0)  N_hist=11520
------------------------------------------------------------------------------------------------------------------------
00000000X000XXXXXXXXXXXXXXXXXX0XXXXXXXXXXXX00XX00X0XXXX0XXXX0XXXXXXXXXXXXXX0XX0XXXXXX0XXXX00XXX0XXXXXXXXXXXXXXXXXXXXXXXX
XXXXXXXXX0XXXXXXXXXX0XXXX0XXXXXXXXXXXXXXXXXXX00XXXXX0XXXXXXX


Generation 65/75  F=U(0.5, 1.0)  N_hist=11700
------------------------------------------------------------------------------------------------------------------------
000X0XXX0XXXXXXXXXXX0X00XXXXXXXXXXXXXXXXXXXXXXXXXXX00X0000XXXXXXXXXXXX0XXXXXXXXXXXXXXXXXXXX0XXXXXXXXX0+X0XX0XXXXXXXXXXXX
XXX0XXXXXXXXXXXXX0XXXXXXXXXXXXXX00XXXXXXX0XXXXXXXXXXXXXXXXXXX


Generation 66/75  F=U(0.5, 1.0)  N_hist=11880
------------------------------------------------------------------------------------------------------------------------
0X0XX0XXX000XX0XXX0XXXXXXXXXXXXXXXXXXXXXXXXXX0XXXXXXXXXXXXXXXXXXX00XXXXXXXXXXXX0XXX0XX0XXX0X0XXXXXXX0XXXXXXXXXXXX0XXXXXX
XXXX0X0XXXXXXXXXXXX0XXXXXXX000XXXXXXXXXXXXXXXXXXXXXXXXXXXXXX


Generation 67/75  F=U(0.5, 1.0)  N_hist=12060
------------------------------------------------------------------------------------------------------------------------
00X0XXXXXXXXXXXXXXXXXXX00XXXX00XXXXXX0XXXXXX00XXXXXXXXXXXXXXXXXXXXX0XXX00XXXXX0XXXXXXXXXXXXXXXX000XXXXXXXXXXX0XXXXXXXXXX
XXXX0XXXXXXXXXXXXXXXXXXXX0XX0XX0XXXX0X0XXX0XXXXXXXXXXXXXXXXX


Generation 68/75  F=U(0.445, 1.0)  N_hist=12240
------------------------------------------------------------------------------------------------------------------------
0XX0XXXXXXXXXXXX0XXXXXXXXXXXXXXXXXX0XXXXXXXXXXXXX0X0XXX0XX00X0XXXXXXXXXXXXXXXXXXXXXXX0XXXXXXXXXXXXXXXXXXXXXXXXX00XXXXXXX
XXXXXXXX0XXXXXXXXXX0X0XXXX0XXXXXXXXXXXXXX00XXXXXXXXXXXXXXXXX


Generation 69/75  F=U(0.493056632402, 1.0)  N_hist=12420
------------------------------------------------------------------------------------------------------------------------
000XXXXXXXXXXXXXXXXX0XXXXXXXXXXXXXXXXXXXXXXXXXXXXXX0XXXXXXXXXXXXXXXXXXXXXXX0XXXXX00XX0XXXXXX0XXXXXXXXXX0XXXXXXXXXX0XXXXX
XXXXXXXXXXXXX0000000X00XXXXXXXXXXXX00+XXXXXXXXXXXXXXXXXXXX0XX


Generation 70/75  F=U(0.5, 1.0)  N_hist=12600
------------------------------------------------------------------------------------------------------------------------
000XX00XXXX0XXXXXXXXXXXXXX0XXX0XXXXXXXX0XX0XXXXXXXXXX00XXXXXXXXXXXXXXXXXXX0XXXXXXXXX0XX0XXXXXXX000XXX000XXXXXXXXXXXX0XXX
XXXXXXXX00XXXXXXXX0XXXXXXXXXXXXXXXXXXXXXXXXXXXXXX0XXXXXXX00X


Generation 71/75  F=U(0.5, 1.0)  N_hist=12780
------------------------------------------------------------------------------------------------------------------------
0X0XX0XXXX0XX00XXX0XX00XX0XXXXXXXXXXXXXXXXXXXXXXXXXXXX0XXXXXXXXXXXXXX0XXXXXXXX0XX0X0XXXXXXXXXX00XXXXXXXXXXXXX00XXXXXXXXX
XX00X0XXXXXXXXXXXXX000000XXX00X0XXX0X0XXXXXXXXXXXXXXXXXXXXXX


Generation 72/75  F=U(0.5, 1.0)  N_hist=12960
------------------------------------------------------------------------------------------------------------------------
000000XXXXXX0XXXX0XXXXX0XXXXXXXXXXXXXXXXXXXXXXX0X0XXXXXX0XXXXXX0XX0XXXXXXXXXXXXX0XXXX0XXXXXXXXXXXXXXXXXXXXXXX00XXXXXXXXX
XXX0XX0XXXXXXXXXXXXXXXXXXXXXXXXXXXXXXXXXX0X00XX0X0XXXXXXXXXX


Generation 73/75  F=U(0.5, 1.0)  N_hist=13140
------------------------------------------------------------------------------------------------------------------------
00000XX00XXXXXXXXXXXXXXXXX0XXXXXXXX0XXXXXXXXXXXXXX0XXXXXXXXX000XXXXXXXXXXXX00XXXXXXXX0X00XXXXXXX0X0XXXXXXXXXXXXXXXXXXXXX
XXX0XX0XXXXXXXXXXXX0XXXXXXXXXX0XXXXXXX0XXXXXXXXXXXXXXXXX0XXX


Generation 74/75  F=U(0.5, 1.0)  N_hist=13320
------------------------------------------------------------------------------------------------------------------------
00X000XXXXXXXXXXXXXXXXXX0X00XX0XXXXXXXXXXX0XXX0XX0XXXXXXXXXXXXXXX00XXX0X00XX0XX0XXXXXXXX0XXXXXXXXX0XXXXXXXXXXXXXXXXXXX0X
0XXXXXXXX000XXXXXXXXXXXXXXX0X0XXXXXXXXX0XXXXXXXXXXXXXXXXXXXX


Generation 75/75  F=U(0.5, 1.0)  N_hist=13500
------------------------------------------------------------------------------------------------------------------------
000000XXXXXXXXXXXXXXXXXXXXXXXXXXXXXXXXXXXXXXXXXXXXXXXX0XX0XXXXXXXX0XXXXXXXXXXX0XX0X0XX0XXXXXXX0XXXXX0XXXXXXX0XXXXXX0XX0X
000XXXXXXXXXX0XXXXXX0XXXXXXXXXXX0XX0XXXXXXXXXXX00XXXXXXXXXXX

Maximum number of iterations reached.

SSE=29.775 on eval 13680: L=4.48517e+07 b=0.16371* r=0.199105 rf=0.999714** t0=68.6345 th=11.8394


Shutting down DE...
DE shutdown complete.

Final population:
Population: 180 individuals with SSE 29.775 to 29.802, avg eval time 0.025 sec. Top 7:

        SSE |     29.775       29.776       29.777       29.777       29.777       29.778       29.778  
------------------------------------------------------------------------------------------------------------------------
          L | 4.4852e+07   9.8626e+06   1.2147e+07   2.5155e+07    1.481e+07   2.5036e+07   1.1695e+07  
          b |    0.16371*     0.37633*     0.78699*     0.16045*      0.7128*     0.71858*      1.6043* 
          r |     0.1991      0.19768       0.1986        0.197      0.19966      0.20017       0.1989  
         rf |    0.99971**    0.99884**    0.99949**    0.99116**    0.99539**    0.99416**    0.99887**
         t0 |     68.634       68.731       68.654       68.659       68.542       68.486       68.653  
         th |     11.839       11.772       11.725       11.374       11.785       11.843       11.779  
------------------------------------------------------------------------------------------------------------------------
Best individual:
<SSE=29.7749 L=4.48517e+07 b=0.16371* r=0.199105 rf=0.999714** t0=68.6345 th=11.8394>


Elapsed time: 169.24 seconds

Saved final population of best parameter combinations to covid19.dat
Shutting down...
Task Queue is shut down
Goodbye
