Decompressing and parsing covid19.csv.bz2...
Cumulative and new cases reported thus far for Spain
------------------------------------------------------------------------------------------------------------------------
000	01/22	0	0
001	01/23	0	0
002	01/24	0	0
003	01/25	0	0
004	01/26	0	0
005	01/27	0	0
006	01/28	0	0
007	01/29	0	0
008	01/30	0	0
009	01/31	0	0
010	02/01	1	1
011	02/02	1	0
012	02/03	1	0
013	02/04	1	0
014	02/05	1	0
015	02/06	1	0
016	02/07	1	0
017	02/08	1	0
018	02/09	2	1
019	02/10	2	0
020	02/11	2	0
021	02/12	2	0
022	02/13	2	0
023	02/14	2	0
024	02/15	2	0
025	02/16	2	0
026	02/17	2	0
027	02/18	2	0
028	02/19	2	0
029	02/20	2	0
030	02/21	2	0
031	02/22	2	0
032	02/23	2	0
033	02/24	2	0
034	02/25	6	4
035	02/26	13	7
036	02/27	15	2
037	02/28	32	17
038	02/29	45	13
039	03/01	84	39
040	03/02	120	36
041	03/03	165	45
042	03/04	222	57
043	03/05	259	37
044	03/06	400	141
045	03/07	500	100
046	03/08	673	173
047	03/09	1073	400
048	03/10	1695	622
049	03/11	2277	582
050	03/12	2277	0
051	03/13	5232	2955
052	03/14	6391	1159
053	03/15	7798	1407
054	03/16	9942	2144
055	03/17	11748	1806
056	03/18	13910	2162
057	03/19	17963	4053
058	03/20	20410	2447
059	03/21	25374	4964
060	03/22	28768	3394
061	03/23	35136	6368
062	03/24	39885	4749
063	03/25	49515	9630
064	03/26	57786	8271
065	03/27	65719	7933
066	03/28	73235	7516
067	03/29	80110	6875
068	03/30	87956	7846
069	03/31	95923	7967
070	04/01	104118	8195
071	04/02	112065	7947
072	04/03	119199	7134
073	04/04	126168	6969

Initializing 180 population members having 6 parameters
------------------------------------------------------------------------------------------------------------------------

SSE=16.31 on eval 1: L=1.81939e+07 b=2.57737 r=0.131708* rf=0.45267* t0=64.2837 th=2.02024

*1

SSE=13.216 on eval 3: L=4.45269e+06 b=45.6289 r=0.16799 rf=0.556822 t0=66.9073 th=1.85068

!2

SSE=11.905 on eval 5: L=2.99242e+07 b=14.1361 r=0.138587 rf=0.566801 t0=65.6691 th=4.71395

!1

SSE=11.528 on eval 7: L=2.30872e+07 b=1.67825* r=0.204307 rf=0.632026 t0=64.7371 th=2.56209

!11115

SSE=10.809 on eval 13: L=1.69913e+07 b=43.8944 r=0.160705 rf=0.65864 t0=67.6069 th=3.32229

!222212122

SSE=10.32 on eval 23: L=2.90425e+06 b=27.9227 r=0.173784 rf=0.603458 t0=66.5055 th=4.21676

!71172241301510

SSE=9.1421 on eval 38: L=3.15751e+07 b=7.92272 r=0.163215 rf=0.74093** t0=67.1106 th=5.81361

!2714212422214222222322232912132171212377221112223221111242122125321137112123624531
241322122255212222223122332112

SSE=8.8851 on eval 151: L=4.49591e+07** b=14.9308 r=0.165567 rf=0.703966 t0=66.6298 th=5.67955

!23323121323913121254114122371

Population: 180 individuals with SSE 8.8851 to 88.193, avg eval time 0.803 sec. Top 7:

        SSE |     8.8851       9.1421       10.129       10.159       10.159        10.32       10.324  
------------------------------------------------------------------------------------------------------------------------
          L | 4.4959e+07** 3.1575e+07   3.3836e+07   5.0407e+06   2.4559e+07   2.9043e+06   4.0321e+07  
          b |     14.931       7.9227       21.944       32.795       4.5388       27.923       35.977  
          r |    0.16557      0.16321      0.18129      0.17411       0.1873      0.17378      0.18765  
         rf |    0.70397      0.74093**    0.66874      0.59653      0.72434      0.60346      0.63399  
         t0 |      66.63       67.111       66.677       66.374       66.444       66.505        65.92  
         th |     5.6795       5.8136       4.0112       3.1165       6.7592**     4.2168       2.9671  
------------------------------------------------------------------------------------------------------------------------
Best individual:
<SSE=8.8851 L=4.49591e+07** b=14.9308 r=0.165567 rf=0.703966 t0=66.6298 th=5.67955>


Population: 180 individuals with SSE 8.8851 to 88.193, avg eval time 0.803 sec. Top 7:

        SSE |     8.8851       9.1421       10.129       10.159       10.159        10.32       10.324  
------------------------------------------------------------------------------------------------------------------------
          L | 4.4959e+07** 3.1575e+07   3.3836e+07   5.0407e+06   2.4559e+07   2.9043e+06   4.0321e+07  
          b |     14.931       7.9227       21.944       32.795       4.5388       27.923       35.977  
          r |    0.16557      0.16321      0.18129      0.17411       0.1873      0.17378      0.18765  
         rf |    0.70397      0.74093**    0.66874      0.59653      0.72434      0.60346      0.63399  
         t0 |      66.63       67.111       66.677       66.374       66.444       66.505        65.92  
         th |     5.6795       5.8136       4.0112       3.1165       6.7592**     4.2168       2.9671  
------------------------------------------------------------------------------------------------------------------------
Best individual:
<SSE=8.8851 L=4.49591e+07** b=14.9308 r=0.165567 rf=0.703966 t0=66.6298 th=5.67955>

Performing DE with CR=0.8, F=U(0.5, 1.0), DE/rand-1.00/1/bin
------------------------------------------------------------------------------------------------------------------------
Press the 'Enter' key to abort.



Generation 1/50  F=U(0.5, 1.0)  N_hist=180
------------------------------------------------------------------------------------------------------------------------
X1110XX1XXX1132XX1X21X2X2120122X2X11XXX4X2X12513XX2XX0XXX5XXX21X1XX6X113X151XX1X1X1X111XXXXXXX12151X1X21XXX1X32XX4121X21
X1X3XXXX232XXXXXXX1XX21X2X2X22XX1211XXXX4212X3X4X2XXXXXX13XX


Generation 2/50  F=U(0.5, 1.0)  N_hist=360
------------------------------------------------------------------------------------------------------------------------
2XX2XXXXXXX2XX1XX1XXX2XX2121XXXX11XXX12XX111X1XX22XX0X1X2XX1XXXX2X1X20XXXX2XXX1X1X4X1X1X2XXXXX1XX2XXX12XXXXXX111X1X0X1X1
1XX1XXXX2XX1XXXXXXX2XXX2X12XXX22XXXXXX21XXX2XXXX1XXXXX2X2XXX


Generation 3/50  F=U(0.5, 1.0)  N_hist=540
------------------------------------------------------------------------------------------------------------------------
X2XXX1X1XXXXXXX11X1XXXXXXXXX21XX1XXXXXXX12X1X1XXX121XX1X1X1X1XX1XX2111XXX11XXX112X1X0XX0XXXXXXX12XXXX111XXX1XXX1XXX11111
X1X10111XXXXXXXX11X1XXX1X1X111XXXXXX1X2XXX1X0X1X1X2X1X1XXXX2


Generation 4/50  F=U(0.5, 1.0)  N_hist=720
------------------------------------------------------------------------------------------------------------------------
X1X1X1XXX12+1X1X211XXXX010XXXXXX1XXXXXXXXX1XX1X11XXXXXXXX1XXX1XXXXXXXXX11X1111X1X111XXXX11XXXXXX1XXXXXXXXX1X2XXXXXXX211X
X11XXXX1XXXXXXXX11XXXXXXXX1XXX1XX11XX11XX11X2XXX1XXX1X1XX1XXX


Generation 5/50  F=U(0.5, 1.0)  N_hist=900
------------------------------------------------------------------------------------------------------------------------
XXXXXXXX1XXXX11X11X1X0XXXX1XXX1X1XXX11X1XX1X1XXX1XXXXXXXXX1XXXX10XXXX1X11XXX1X1XXXXXXX11X1X11XXXXXXXXX1XXXX0X1XXXXXXX1XX
XX11XX12X11XXXXX01XXXX1X1X1X1XXXX1XX1XXXXX1X1XXX1X1+XXXXXXXX1


Generation 6/50  F=U(0.5, 1.0)  N_hist=1080
------------------------------------------------------------------------------------------------------------------------
XXX111X11XXXX1XXX0XXXX1XXXX1XX1XXXXXXXXXXX1XXXX1XX1X1XXX1XXX211XXXXXXXXXXXXX11X1XXX1XX0XXX0XX1XX0X1X11XXXXXXXX1XX0XXXXXX
XXXX1XXXXX1XX1XX1XXX111XXXXXX1XXXXXXXX1X01XX2XXX2XXXXXXX1XXX


Generation 7/50  F=U(0.5, 1.0)  N_hist=1260
------------------------------------------------------------------------------------------------------------------------
XX1110XX1XXXXXX1XXXXX11XXXXXXX1XXXXXX1XXXXXXXXXXXXX1X11XXXXXXXXX1XXXX1XXXXXXXXXX1XXX11XXXX1XX11X1XXXXXXXXXXX1XX1XXXXXX1X
XX1X1XXX1XXX11X1XXXX0XX1XXX1XXXXX2XXXXXXXX11XXXX1XXXXXXXXXXX


Generation 8/50  F=U(0.5, 1.0)  N_hist=1440
------------------------------------------------------------------------------------------------------------------------
1XXXXXXXXXXX1XX1XXXX1XXX1XX1X1XXX1XX1XXXXXXXX11XXXXXX111XXX111111XXX1111XXXXXXXXXX11XXXXXXXXXXXXXXXXX011X1XXXXXXXXX0100X
1XXXXXXX1X111101XXXXXXXXXXXXXXXX111XXXXXXXXXXXXXXXXXXX1XX1XX


Generation 9/50  F=U(0.5, 1.0)  N_hist=1619
------------------------------------------------------------------------------------------------------------------------
00X11011XX0XXXX1XXXXXXXXXXX1XXXXXXXXXXX01XX1XXXXX11XXX1XX1XXXXX111X1XXXXXXXXXXXXXX10XXXXXXX0001X0XXXX0XXXXXXXXXXXXX1XXXX
XXXXXX1XX01XXXXXXXXXXX1XX1XXXXXX1XX1XXXXXX1XXXXXXXX11XXXXXXX


Generation 10/50  F=U(0.5, 1.0)  N_hist=1800
------------------------------------------------------------------------------------------------------------------------
1111X1X1XXXXXXXX11XXX101XXXXX0XX1XXXXXXXXXX11111XXXXXX1XXX01XXXXXXX1XXXX1X1XXXXXXX1XXXXXXX11XXXXXX1X1+XXXXXXXXXXXXXXXXXX
XXXXXXXXXXXXXXXXX1X11XX100XXXXXXXX1XX1XXX10XXXXXXXXXXXXXXXXXX


Generation 11/50  F=U(0.5, 1.0)  N_hist=1980
------------------------------------------------------------------------------------------------------------------------
010X11XX0XXX1XXXXXXXXXXXXXXXXXXXXXXXXXXX1XXXXXXXXX10XXXXX1X1111X11XXXXXXXXX1X0XXXXX1X1XXXXXXXXXXXXXX111XXXXXX11XX0XXXX11
XXXXXXXXX1XXXXXXXXXXXXXXXXXXXXXXXXXXXXXXXX0XXXXXXXXXXXXXXXXX


Generation 12/50  F=U(0.5, 1.0)  N_hist=2160
------------------------------------------------------------------------------------------------------------------------
11000X1XXXXXXX0XXXXXXXX1XXXXXXX11XXXXXXXXXXXX0XXXXX1XXXXXXXXXXXXXX0X111X1XXXXX1XXX1XXXXXXXXXXX11X0XXXXXXX1X1XXXX1XXXXXXX
X1XXXXXXX0XXXXXXXX1111XXXXXXX111XXXXXXXXXXX0XXXXXXXXXX11XXXX


Generation 13/50  F=U(0.5, 1.0)  N_hist=2340
------------------------------------------------------------------------------------------------------------------------
0010X01XXXXXXXXXXXXXXXXXXXXX0XXXXXXXXXXXXXXXX10XXXXXX010XXX0XXXXX10XX10XXXXXXXXXXXXXX1XXXX0XXXXXXXXX1XXXXXXXXXXXXXXX0XXX
11XXXXXXXXX111X1X1XXXXXXXXX1XXXXXXXXXXXXXXXXXXX0XXXXXXXXXXXX


Generation 14/50  F=U(0.5, 1.0)  N_hist=2520
------------------------------------------------------------------------------------------------------------------------
11111XXXXXXX01XXXXXXXXXXXXXXXXXXXXXXX1X11XXX0011X1XXXXXX0XXXX1XXXXXXXX0XXXXXXXXXXXXXXXXXXXXXXXXXXXXXXXXXXXXXXXXXXXX0XXX0
XXXXX111XXXXXXXXXXXXXXXXX11XXXXXXXXXXXXXXXXXXXXXXX11XX1X1XXX


Generation 15/50  F=U(0.5, 1.0)  N_hist=2698
------------------------------------------------------------------------------------------------------------------------
01X001XXXXXXXXXXXXXXXXX1X0XXXXXXXX10XXX1XXXXXX1XXXXXXXXXXXXXX1XXXXXXXXXX10X0XX1XXXXXXXXXXXXXXXXX100XXXXXXXXX0XXX1X1XX1XX
XXX11010XXXXXXX1XXXXXXXXXXXXXXXXXXXXXXXXXXX10XXXXXXXXX11XXXX


Generation 16/50  F=U(0.5, 1.0)  N_hist=2880
------------------------------------------------------------------------------------------------------------------------
1XXXXXXXX0XXXX00X0XXXXXXXX0XXXXXXX1XXXXXXXXXXXXXXX1XX01XXXX1XXX0X1XXXXX1XXXXXXXX1XX0X11XXXXXXXXXXXXXXXXXXXXXXXXXXXXXXXXX
XXXXX0XXXXXXXXXXX1X1XXXXXX0XXXXXXX0XXXXXXXXXXXXXXXXXXXXXXXXX


Generation 17/50  F=U(0.5, 1.0)  N_hist=3060
------------------------------------------------------------------------------------------------------------------------
1+1XXXXXXXX1X1XXX0X111X0X00XXXXXXXXXXXXXXXXXXX0XX0XXX0XXX1XXXXXX0X1XXXXXXXXXXXXXXXXXXXXXX0X01XXXXXXXXXXXXXXXXXXX1X1XX0X0
XXXXXXXX10XXXX1XX1XXXXXX0XXXXXXXXXXXX0XXXXXXXXXXXXXX0XXXXXXXX


Generation 18/50  F=U(0.5, 1.0)  N_hist=3240
------------------------------------------------------------------------------------------------------------------------
0X1XXXXXXXXXXX0XXX00XXXXXXXXXXXXXX1XXXXX0XXXX1XXXXXXX1XXX1X1X1XXXX0XX01XXXXXXX1XXXX0XXX10XXX00XXXXXXXXX0XXXX1XXX0XXXXXXX
XXXXX1X10XXXXXXXXXXXXXXXXXXXXX0XXXXXXXXXXXXX0XXXX0XXX010XXXX


Generation 19/50  F=U(0.5, 1.0)  N_hist=3420
------------------------------------------------------------------------------------------------------------------------
1101XXXXXXXXXXXXXXXXXXXXXXXXXX0XXXXXXXXX0XX1XXXXXXXXXXXXXXXX01XXXX0XXXXXXXXXXX1XXXXX0XXXXXXXXXXXXXXXXX00XXXXX1XXXXXXXXXX
XXXX1XXX1XXXXX0XXXX0XXXXXXXXXXXX0XXXX1X01XXXXX1XXXXXXXXX0XXX


Generation 20/50  F=U(0.5, 1.0)  N_hist=3599
------------------------------------------------------------------------------------------------------------------------
0X0XXXXXXXXXXXXXX1XXXXXXXXXXXXXX100XXXX0XXXXXXXXXXX10XXXXXX0XX0XXXXXXXXXXXXXXXXXXXXXXXXXXXXXXXXXXXXXXXX01X100XXXXXXXXXXX
XXXXX100X00000XXXXXX1XXXXXXXXXXXXXXXXX1XXX0XXXX0XXXXXXXXXXXX


Generation 21/50  F=U(0.5, 1.0)  N_hist=3780
------------------------------------------------------------------------------------------------------------------------
11010X001XXXXXXXXXXX0XXXXX0XXXXXXXXXXXXXXXXXXXXXXXXXXXXXX1XXX01XXXX1XXXXXXXXXXXXXXXXXXXXXXXXXXX0XXXX00XXXXXXXXXXXX1X0XX1
XXXXXXXXXXXXXXXXXXXXXXXXXXXXXXXXXXX0XXXXXXXX1XXXXXXXXXXXXXXX


Generation 22/50  F=U(0.5, 1.0)  N_hist=3960
------------------------------------------------------------------------------------------------------------------------
000XXXXXXX1XXX0XXXXXXX00XXXXXXXXXXXXX0XXXXXXXXXXXXXXXXXXXXXXXXXXX0X1XXXX1XXXXXX00XXXXXXXXXXXXXXX0XXXXXXXXXXXXXXXXXXXXXXX
XXXXXXXXXX0XX0XX1000XXXXXXXXXXXXXXXXXXXXXXXXXXX0XXXXX00XXXXX


Generation 23/50  F=U(0.5, 1.0)  N_hist=4138
------------------------------------------------------------------------------------------------------------------------
000X10XXXXX0XX1XXX0X1XXX01+XXXXXXXXXX1XXXX100XXXXXXXXXXXXXXXXXXXXXXXXXXX0XX00XXXXXXXXXXXXXXXXXXXXXXXX0XXXXXX0XXXXXXXXXXX
X1XXX0XXXXXXXXXXXXX0XX0XXXXXXXXXXXXX0XXXXXXX0XXXXXXX0XXXXXXXX


Generation 24/50  F=U(0.5, 1.0)  N_hist=4320
------------------------------------------------------------------------------------------------------------------------
000XXXXXXXXXXXXX0XXXXXXXXXX1XXXXXXXXXXXX10XXXXXXXXXXXXX00XXXXXXX000XXXXXXXXXXXXXXXXXXXXXXXXXXXXXXXX0X0XX0XXXXXXXXXXXXXXX
XXXX00X00XXXX1XXXXXXXXXXXXX0XXXXXXXX0XXXXXXXXXX0XXXX0XX1XXXX


Generation 25/50  F=U(0.5, 1.0)  N_hist=4500
------------------------------------------------------------------------------------------------------------------------
00001XXXXX0XXXXXXXXXXX0XXXXXXXXXX1X0XXXXXXXXXXXXXXXXXXXX0X00X0XXXXXXXXXXXXXXXXXXXX00+00XXXXXXXXXXXXX0XXX0XXXXX1XXXXXXXXX
XX0XXXXXXX1XXXXXX0XXXX01XXXXXXX1XXXXXXXXXX0XXXXXXXXXXXXXXXXXX


Generation 26/50  F=U(0.5, 1.0)  N_hist=4680
------------------------------------------------------------------------------------------------------------------------
1X011XXXXXXXXXXXXXXXXXX00XXXXXXXXXXXXXXXX0XXX0XXXXXXXXX0XXXXXXXXXXXXXXXXXXXXXXXXXX0XX0XXXXXXXXXXXXXXXXXXXXXXX0XXXXXXX00X
XXXX0X10XXX0XXX0XXXXXXXXXXXXXXXXXXXXXXXXXXXXXXXX0X0XXXXXXXXX


Generation 27/50  F=U(0.5, 1.0)  N_hist=4860
------------------------------------------------------------------------------------------------------------------------
00X110XXXXXXXXXX0XXX0XXXXXXXXXXXXX000XXX1XX1XXX0XXXXXXXXXXXXXXXXX01XXXX0XXX0XXXXXXXXXX0XX0XXXXXXXXXXXXXXXX00XXXX00XXXXXX
XXXXXXX0XXXXXXX0XXXXXXX00XXXXXXXXXX0XXXXXXXXXXXXXX1XXXXXXXXX


Generation 28/50  F=U(0.5, 1.0)  N_hist=5040
------------------------------------------------------------------------------------------------------------------------
0X1000XXXX0XXXXXXXXXXXXXXXXXXXXXXX0XXXXXXXXXX000XXX0XXXXXXX1XXXXXXXXXXXXXXXXXXX0XXXXXXX0XXXX0XXXXXXXXXXXXXXXXXXXX0XXXXXX
XXXXXXXXXXX00XXXXXXXXXX0XXXXXXXXXXX0X0XXXXX0XXXXXXXXX0XXXXXX


Generation 29/50  F=U(0.5, 1.0)  N_hist=5219
------------------------------------------------------------------------------------------------------------------------
0XXXXXXX00XX1XXXXX0XXXXXXXXXXXXXXX0000XX0XXXXXXXXXXXX0X0X0XXXXXXXXXXXXXXXXX0XXXXX00XXXXXXXXXXXXXXXX0XXXXXXXXX0XXXX0X0XXX
XXX0XXXXXXXXXXXXX00XXXX00XXXXXXXXXXXXXXXX00XXXXXXXXXXXXXXXXX


Generation 30/50  F=U(0.5, 1.0)  N_hist=5400
------------------------------------------------------------------------------------------------------------------------
00+00000X0X0XXXXXXXX0XXX0XXXXXXXXXXXXXXXXXX0XX0XXX0XXXXXXXXX0XXXXXXXXXX0XXXXXX0XXXXXX0XXXXXXXXXXXXXX0XXXXXX0XX0XXXXXXXX0
XXXXXXXX00XXXX0XX0XXXXXXXXX0XXXXXXXXXXXXXXXXXXXXXXXXXXXX0XXXX


Generation 31/50  F=U(0.5, 1.0)  N_hist=5580
------------------------------------------------------------------------------------------------------------------------
00XXXXXXXXXXXXXXXXXXXXXXX00XXXXXXXXXXXXXXXX0XXXXXXXXXXXXXXXXXX0XX0XXX00X0000XXXXXX0XXXXXXXXXXXXXXXXXXXXXXX0XXX0XXXXXX00X
XXXXXXXXX0XXXXXXXX0XXXX000XXXXXXXXX00XXXXX0XXXXXXXXXXXXXXXXX


Generation 32/50  F=U(0.5, 1.0)  N_hist=5760
------------------------------------------------------------------------------------------------------------------------
100X0000X0XXXXXXXXXXXXXXXXXXXXXXXXXXXX0XXXXXXXXXX0XXXX0XXX0XXXXXXXXXXXXXX00XXXXX0XXXXXXXXXXX0XXX000XXXXXXXXXXXXXXX0XX0XX
XXXXXXX0XXXXXXXXXXX0XXX0XXXXXXXXXXXXXXX1XXXXXXXXXXXXXXXXXXXX


Generation 33/50  F=U(0.5, 1.0)  N_hist=5940
------------------------------------------------------------------------------------------------------------------------
X0XXXXXXXXXXX0XXXXXXXX0XXXXXXXXXXXXX0XXXXXXXXXXXX0XXXXXXXXXXXXXXXX00XXXX0XXXXXXXXXX0XXX0000XXXX0XXXXXXXXXXXXXXXXXXXXXXXX
XXXXXXXXXXXXXXXX0XX0XX0X0XXXXXXXX0XXXXXXXXX0XX00XXXXXXXXXXXX


Generation 34/50  F=U(0.5, 1.0)  N_hist=6120
------------------------------------------------------------------------------------------------------------------------
XXXXXXXXXX0XXXXXXXXXXXXXXXXX0XXXXXXXX0XXXXX0XXXXXX0XXXXXXXXXXXXXXXX000XXXXX00XXXXXXXXXXX0XXXXXXX1XXXXXX0XXXXXXXXXXXXXXXX
XXXXXXX0X0X00XXXXX0XXXXXX00XXXXXX0XXXXXXXXXXXXXXX0XXXXXXXXXX


Generation 35/50  F=U(0.5, 1.0)  N_hist=6300
------------------------------------------------------------------------------------------------------------------------
000X0XXXXXXXXXX0XX0XXXXXXXXXXXXXXXXXXXXXXXXXXXXXXXXX0XXXXXXXXXX0X00XXX0XXXXXXXXXXXXXXX0XX00XXXXXXXXXXXXX0XXXX0XXXXXXXXXX
XXXXX0XXXXXX00XXX00X0XXXXXXXXXXXXXXXXXXXX0XXXXXXXXXXXXXX0XXX


Generation 36/50  F=U(0.5, 1.0)  N_hist=6480
------------------------------------------------------------------------------------------------------------------------
0XXXXXXX0XXX0XXXXXXX0XX0XXXXXXXXXXXXXXXX0XXXXXXXXXXX00XXXXXXXXXXX00XXXXXXXXXXXXXX0XXXXXXXXXXXXXXX0XXXX0XXXXXXXX0XXXX0XXX
XX0XXXXXXXXXXX00XXXX0XXXXXXX000XXXXXXXXXXX0XXXXXXXX0XXX0XX0X


Generation 37/50  F=U(0.5, 1.0)  N_hist=6659
------------------------------------------------------------------------------------------------------------------------
00000XX0XX00XX000XXXXXXXXXXXXXXXXXXX00XXXXXXXX0XXXXXXXXXXX000X0XXXXXXXXXXXXXX0XXXXXXX0XX0XXXXXX0X00XXXXXXXXXXXXXXXXXXXXX
XXXXXXXXXXXXXXXXXXXX0X0X00XXXXXXXXXXX00XX000X0XXXXXXXXXXXXXX


Generation 38/50  F=U(0.5, 1.0)  N_hist=6840
------------------------------------------------------------------------------------------------------------------------
000X0XXX0XXXXXXXXXXXXXX00XXXX00XXX0XXXXX00XXX0XXX0XXXXXXXXXXXXXXXX00XXXXXXXXXX0XXX0XXXXXXXXXXXXXXXXXXX0+XXXXXX000XXXXXXX
XXXXXXXXXXXXXXXXXXXXXXXXXXXXXXXXXX0XXXXXXXXXXXXX0XXXXXXXXXXXX


Generation 39/50  F=U(0.5, 1.0)  N_hist=7020
------------------------------------------------------------------------------------------------------------------------
00X00XXXX0XXXXXXX0XXXXXXXXXX0XX0X0XXXXXXXXXX0XXXXXXXXXXXXXXXX0XXXXXXXX0XXXXXXXXXXXXXXXXXXXXXXXXXXXXXXXXX0XXXX0XXXXXXXXX0
XXXXXXXXXXXX00XXX0XXXXXXXXXXXXXXXXXX00XXXXXXXXXXXXXXXXXXXXXX


Generation 40/50  F=U(0.5, 1.0)  N_hist=7200
------------------------------------------------------------------------------------------------------------------------
0X0XXXXXXXXXX0XXXXXXXXXXXXXXX0XXXXXXXXXXXX0XXXXXXXXXXX0000XXXX0XXXX00XXXXXX000XXXXXXXXXX0XXXX0XXXXX00X0XX0XX00XX000XXXXX
XXXXX00X0000000X0XXXXXXXXXXXX0XXXXXXXXXXXXXXXXXXXXXXXXXXXXXX


Generation 41/50  F=U(0.5, 1.0)  N_hist=7380
------------------------------------------------------------------------------------------------------------------------
000000X0000XXXXXXXXXXX000XXXX0XXXXXXXX00XXXXXXXXXXXXXX0XXXXX000XXXXXXXXXX0XXXXXXXXX0XX0X0XXXXXXX0XXXXXXXXXXXXX0XXXXXXXXX
XXXXXX000XXXXXXXXX00XXXXXXXXX0XXXXXXXXXXXXX0XXXXXXXXXXXXXXXX


Generation 42/50  F=U(0.5, 1.0)  N_hist=7560
------------------------------------------------------------------------------------------------------------------------
00000X0XXXXXXX0XXXXXXXXXXXXX000XXXXXXXXXXXXXXX0XXXXXXXXXX0XXXXXX00X0XXXX0XXXXXXXX00XXXXXXXXXXXXXX0XXXXXXXXXX00XXXXXXXXX0
0XXXXXXXXX0XXXXXXXXXXXX00X0XXXX000XXXXXXXXXXXXXXXX000XXXXXXX


Generation 43/50  F=U(0.5, 1.0)  N_hist=7740
------------------------------------------------------------------------------------------------------------------------
00000XXX00XXXXXXXXXXXXXXXXXXXXXXXXXX0XX0XXXXXXXX00XXXXXXXXXXXXXXXXXXXXXXXX0XX0XXXXXXXXXXXXXXXXXXX00XXXXXXXXXXXXX000XXXX0
XXXXXX0X0X0X00XXXXXXXXXXXX0XXXXXX0XXXXX0XXXXXXXXXXXXXXXXXXXX


Generation 44/50  F=U(0.5, 1.0)  N_hist=7920
------------------------------------------------------------------------------------------------------------------------
0X00X0XXXXX0XXXXXXXXXXXXXXXXXXXXXXXXXXXXX00XX0XXXXXXXXXXXXXXXXX0000XX0XXXXXXXXXXXXXXXXXXXXXXXXX00XXXX0XXXXXXXXXXXXXXX000
XXXXXXXXX0XXXXXXXXXXX0XXXXXXXXXXXX0XXXXXXXXXXXXX0X0XXXXXXXXX


Generation 45/50  F=U(0.5, 1.0)  N_hist=8100
------------------------------------------------------------------------------------------------------------------------
0000XXXXXXXXXXXXXXXXXX0XXXXXXXXXXXXXXXXXXXXXXX0XXXXXXXXXX0X00X00XX0XXXXXXX00XXXX000XXXX00XXXXXXXX0XX00XXXXXX0XXX0XX0XXXX
XXXXXXXXXXXXXXXX0X000XX0XXXXXXXXXXXXXXXXXXXXXXXXXXXXXXXXXXXX


Generation 46/50  F=U(0.5, 1.0)  N_hist=8280
------------------------------------------------------------------------------------------------------------------------
000X000X0XXXXXXXXXXXXXXX0XXXXXXX0XXXXXXXXXXXXXX0XXXXXXXXXXXXXXXXXXXXXXXXXXXXXX0XXXXXX000XXXXXX0XXXXXXXXXXX00XXX0000XXX00
0XXXXX0XXXXXXXXXXXXXXXXXXXXXXXXXXXXXXXXXXXXXXXXXXXXXXXXXXXXX


Generation 47/50  F=U(0.5, 1.0)  N_hist=8460
------------------------------------------------------------------------------------------------------------------------
0X00XXXXXXXXXXXXXXXXXXXXXXXX00XX0XXXXXXXXXXXXXX0XXXX0XX0XXXXXXXXXXXX0XXXXXX0XXXXXXX00XXXXXXXXXXXXXXXXXXXXXXXXXXX0XXXXXXX
X00XX0XXXXXX0XXX0XXXXXXXXXXXXXXX000XXXXXXXXXXXXX0XXXXXXXXXXX


Generation 48/50  F=U(0.5, 1.0)  N_hist=8640
------------------------------------------------------------------------------------------------------------------------
00X0XX0XXXXXXXXXXX0XXXXXXXXXXXXX0XX0XXXXXXXXXXXXXXXXXXXX0X0XXXXXXXX00XXXXX00XXXXXXXXXX0XXXXXXX00X0XXXXX0XXXX00XXXXXXXXXX
XXXXXXXXXXXXXXXX00XXXXXX00XXXXXXXXXXXXX0XXXXXXXXXXXXXX0XXXXX


Generation 49/50  F=U(0.5, 1.0)  N_hist=8820
------------------------------------------------------------------------------------------------------------------------
0XXXXXXXX00XXXXXXXXXXXXXXXXXXXXXXXXXXX0XXXXXXXXX0XXXXXX0X0XXX00XX0XX0XXXXXXXXXXXXXXXXXXXX0XXXXXXXXX0XXXXX0XXXXXXXXXXXXXX
XXXXXXXXXXXXXXXXXXXXXXXXXXXXX0XXXX0XXXXXXXXXXXXXXXXXXXXXXXXX


Generation 50/50  F=U(0.445, 1.0)  N_hist=9000
------------------------------------------------------------------------------------------------------------------------
00X000X0XXXXXXX000XXXXXXXXXXXXXXXXXX0X0XXXXX0X0XXXXXXXXX0XX0XX00XXXXXXXXXXXXXXXXXXXXX0X0XXXXXXXXXXXXXXXXXXXXXXXXXX000X00
XX000XXXXXXXXXXXXXXXXXXXX000XXXXXXXXXXXXXXXXXXXXXXXXXXXXXXXX

Maximum number of iterations reached.

SSE=8.7183 on eval 9180: L=4.51822e+07** b=2.37962* r=0.171071 rf=0.670219 t0=66.2797 th=4.71294


Shutting down DE...
DE shutdown complete.

Final population:
Population: 180 individuals with SSE 8.7183 to 8.7658, avg eval time 0.0206 sec. Top 7:

        SSE |     8.7183       8.7184        8.719       8.7198       8.7202       8.7204       8.7206  
------------------------------------------------------------------------------------------------------------------------
          L | 4.5182e+07** 4.6252e+07** 1.3662e+07   3.8346e+07   1.3085e+07   3.9622e+07   1.9889e+07  
          b |     2.3796*      3.5064       1.2606*      2.0256*      1.4814*      1.7122*      6.5563  
          r |    0.17107       0.1729      0.17405      0.17155      0.17212      0.17325      0.17382  
         rf |    0.67022      0.67266      0.68069      0.67839      0.67182      0.69123       0.6891  
         t0 |      66.28       66.162       66.244       66.293       66.201       66.333       66.274  
         th |     4.7129       4.7093       5.0131        4.969       4.7739       5.1297       5.1078  
------------------------------------------------------------------------------------------------------------------------
Best individual:
<SSE=8.7183 L=4.51822e+07** b=2.37962* r=0.171071 rf=0.670219 t0=66.2797 th=4.71294>


Elapsed time: 112.58 seconds

Saved final population of best parameter combinations to covid19.dat
Shutting down...
Task Queue is shut down
Goodbye
