Decompressing and parsing covid19.csv.bz2...
Cumulative and new cases reported thus far for Finland
------------------------------------------------------------------------------------------------------------------------
000	01/22	0	0
001	01/23	0	0
002	01/24	0	0
003	01/25	0	0
004	01/26	0	0
005	01/27	0	0
006	01/28	0	0
007	01/29	1	1
008	01/30	1	0
009	01/31	1	0
010	02/01	1	0
011	02/02	1	0
012	02/03	1	0
013	02/04	1	0
014	02/05	1	0
015	02/06	1	0
016	02/07	1	0
017	02/08	1	0
018	02/09	1	0
019	02/10	1	0
020	02/11	1	0
021	02/12	1	0
022	02/13	1	0
023	02/14	1	0
024	02/15	1	0
025	02/16	1	0
026	02/17	1	0
027	02/18	1	0
028	02/19	1	0
029	02/20	1	0
030	02/21	1	0
031	02/22	1	0
032	02/23	1	0
033	02/24	1	0
034	02/25	1	0
035	02/26	2	1
036	02/27	2	0
037	02/28	2	0
038	02/29	3	1
039	03/01	6	3
040	03/02	6	0
041	03/03	6	0
042	03/04	6	0
043	03/05	12	6
044	03/06	15	3
045	03/07	15	0
046	03/08	23	8
047	03/09	30	7
048	03/10	40	10
049	03/11	59	19
050	03/12	59	0
051	03/13	155	96
052	03/14	225	70
053	03/15	244	19
054	03/16	277	33
055	03/17	321	44
056	03/18	336	15
057	03/19	400	64
058	03/20	450	50
059	03/21	523	73
060	03/22	626	103
061	03/23	700	74
062	03/24	792	92
063	03/25	880	88
064	03/26	958	78
065	03/27	1041	83
066	03/28	1167	126
067	03/29	1240	73
068	03/30	1352	112
069	03/31	1418	66
070	04/01	1446	28
071	04/02	1518	72
072	04/03	1615	97

Initializing 180 population members having 6 parameters
------------------------------------------------------------------------------------------------------------------------

SSE=0.5859 on eval 1: L=742584 b=6.57503 r=0.211602 rf=0.821861 t0=64.3495 th=9.84408

*2121

SSE=0.51135 on eval 6: L=680876 b=8.64774 r=0.177749 rf=0.685582 t0=62.6422 th=1.52212*

!16568

SSE=0.4265 on eval 12: L=4.06526e+06 b=18.0716 r=0.0640624* rf=0.690706 t0=67.3409 th=4.91375

!9

SSE=0.39044 on eval 14: L=1.60884e+06 b=2.35806 r=0.109852 rf=0.783627 t0=68.2072 th=2.84703

!835243222661362532624136312429222426745347799242322221345931544557998911!63274592291370247316422

SSE=0.36211 on eval 111: L=2.93507e+06 b=6.49558 r=0.0879832 rf=0.637353 t0=66.4447 th=3.76918

!835994944
124122139364995556612899899363113458549374251833433928232232

Population: 180 individuals with SSE 0.36211 to 9.539, avg eval time 0.758 sec. Top 7:

        SSE |    0.36211      0.37272      0.38358      0.38384      0.39044      0.41082      0.41638  
------------------------------------------------------------------------------------------------------------------------
          L | 2.9351e+06   1.0481e+06   5.4132e+05    2.932e+06   1.6088e+06   9.2061e+05   4.1947e+06  
          b |     6.4956      0.17617*     0.58701*      11.578       2.3581        3.883       1.3541  
          r |   0.087983      0.12332     0.094682     0.091489      0.10985      0.10556      0.31739  
         rf |    0.63735      0.67771      0.81008      0.60351      0.78363      0.78023       0.9202  
         t0 |     66.445       64.627       68.227       65.012       68.207       68.573        61.12  
         th |     3.7692       7.6081       6.3656       5.3957        2.847       9.6167       8.2205  
------------------------------------------------------------------------------------------------------------------------
Best individual:
<SSE=0.3621 L=2.93507e+06 b=6.49558 r=0.0879832 rf=0.637353 t0=66.4447 th=3.76918>


Population: 180 individuals with SSE 0.36211 to 9.539, avg eval time 0.758 sec. Top 7:

        SSE |    0.36211      0.37272      0.38358      0.38384      0.39044      0.41082      0.41638  
------------------------------------------------------------------------------------------------------------------------
          L | 2.9351e+06   1.0481e+06   5.4132e+05    2.932e+06   1.6088e+06   9.2061e+05   4.1947e+06  
          b |     6.4956      0.17617*     0.58701*      11.578       2.3581        3.883       1.3541  
          r |   0.087983      0.12332     0.094682     0.091489      0.10985      0.10556      0.31739  
         rf |    0.63735      0.67771      0.81008      0.60351      0.78363      0.78023       0.9202  
         t0 |     66.445       64.627       68.227       65.012       68.207       68.573        61.12  
         th |     3.7692       7.6081       6.3656       5.3957        2.847       9.6167       8.2205  
------------------------------------------------------------------------------------------------------------------------
Best individual:
<SSE=0.3621 L=2.93507e+06 b=6.49558 r=0.0879832 rf=0.637353 t0=66.4447 th=3.76918>

Performing DE with CR=0.8, F=U(0.5, 1.0), DE/rand-1.00/1/bin
------------------------------------------------------------------------------------------------------------------------
Press the 'Enter' key to abort.



Generation 1/50  F=U(0.5, 1.0)  N_hist=180
------------------------------------------------------------------------------------------------------------------------
XXXXXXX15X3X1311X4XXX4X2XXX2X06XXX124XX1XX22XX6XX31XXX1X55XX22XX2XXX6193XXXX2X13221XXXXX113XXX1X2XXXXXX83366111X42X1611X
952X3422XXX4XX94XX11

SSE=0.35073 on eval 320: L=1.04811e+06 b=1.97536 r=0.123324 rf=0.588913 t0=64.6269 th=3.46769

+3XX9383X1235X2XX13X711103XX52X1542XX3XX2


Generation 2/50  F=U(0.5, 1.0)  N_hist=360
------------------------------------------------------------------------------------------------------------------------
13X11XX311X3X214+2XXXXXXX3XX2XX2X3312XX11111011XXXX11X0XXXXXXXXXXXX3X12XXXX33X2X2XX11211XXX112XXX12XX3XX2XXX4X1XXXX2X22X
3X1XX01XXX3322X34X11X112X11X1X2XXX42X3XXXX1XXXXXX13XX2X2X1X02


Generation 3/50  F=U(0.5, 1.0)  N_hist=540
------------------------------------------------------------------------------------------------------------------------
XX1X1X21XXX1XXXXXXX1X2X10X222XXX11XX2XX1XXX211XX21112512X5XX332X1X3X3XXX1XXXX2X71X2X2XXXXXXX12XXXX1XXXXX131XXX1X1X12XX1X
X21XX3XXX1XX2XXX1XXX23XXXX1+X1XXXX2X1X1XXX2XX0XXXXX21X1XX21XX


Generation 4/50  F=U(0.5, 1.0)  N_hist=720
------------------------------------------------------------------------------------------------------------------------
XXX2XXX233XXXXXX2XX11X1XXXXXX1XXXX1XX01X2XXX2XXXX2X2X111XX1X2XX0X322XXX1X211212XX2XXXXXXXXXXXXXXXX1XX1XX1XXXXXX11X11X11X
1X11X1XX1XX1XXXX1XXXXXXXX1XXXXXXXXXXXX1XXXX1XXXX1X3X2X1X2XX0


Generation 5/50  F=U(0.5, 1.0)  N_hist=900
------------------------------------------------------------------------------------------------------------------------
XX1XXX11X01XXX1XXXXXX1XXXXX1XXXX0XXXXXXX10XXXX1XXXX2XX1XXXXXX1XX21XXX1XXX12XXXXXXXXX10XXX11X1XX1XXXXX1X1XX2X1XXXXX1X101X
X1XXX1XXXXXX1XXXXXXXXXX11XX2XXXXX111X2XXXXX1XXXXX11XX1X1XXX1


Generation 6/50  F=U(0.5, 1.0)  N_hist=1080
------------------------------------------------------------------------------------------------------------------------
XXX1XXXX1XXXX1XXX1XXXX1X0X1X11XXX1XX1XX1XXX1XX0X1XXXXXX0X1XXXXXXXXXXX2XXXXX2XXX1XXXXXXXX1XXX122XXXX1XXXXXXXX1XXX1XXXXXXX
XXXX111XXXXXX1X1X2XXXXXXXXXXXXXXXX1X0X20X1X2XXXXX1X0XX1X1XX1


Generation 7/50  F=U(0.5, 1.0)  N_hist=1260
------------------------------------------------------------------------------------------------------------------------
X11X1X1XXXXX1XX1XXX1XXXX11X1XXX0XX1XXXXXXXXX1X11XXX2XXXXXXX11XXXX1XXXXXX1XXXXXXXXXXXXXX1XXX11XXX0X1XX1XXXXXXXXX1X11XXXXX
XXXXXXXX1XX0XXXXXXXXXXX1X1XXXX1XXXXXXXXXXXXXXX11XX2XX0X1XXXX


Generation 8/50  F=U(0.5, 1.0)  N_hist=1440
------------------------------------------------------------------------------------------------------------------------
XXX1XXXX1X1X1XXXXXXXXX12XXXXXXXXXX1XX1XX1X1XXXX11XXXXXXXXXXX111X0011111XXXXXXXX11111XXXXXXXXXXXXXX1XX11XXXXXX111X1XXX1XX
XXXXXXXXXX1XXX1XXXXXXXXXXXXXX1XXXXXXXXX11111XX1XXXX1XXXXXXXX


Generation 9/50  F=U(0.5, 1.0)  N_hist=1620
------------------------------------------------------------------------------------------------------------------------
111011X111XXXXXXXXX1XXX1X2XXX1XXXXXXXX1XXX11XXX1XXXXXXXXXXX1XXXXXXXXXXXXXXXXXXXXXXXXXXX1X111+XXX111XXXXXXXXXXXXXXXXX1XXX
XXXX0XXX1XXXXXX10XXXXXXXXX1XXXXXXX1XXXXXXXXXXXXXXXXXXX1XXXXX0


Generation 10/50  F=U(0.5, 1.0)  N_hist=1798
------------------------------------------------------------------------------------------------------------------------
11X1111X101X11XXXXXXXXXXXXXXXXXXXXXXXX1XXXXX11XXX11X111XX2XX1XXXXXX1XX1XXXXXXXXXXXXXXXXX11XXXXXXXXX1XXXXXXXX1XX1XXX1XXX1
11

SSE=0.34238 on eval 1933: L=854135 b=1.4559 r=0.101765 rf=0.651241 t0=66.2837 th=3.18809

+0XXXXX0XXXXXXXXXXX1XXXXXXX111XX1X1XXXXXXXXXXXXXXXXXXXXXXXX


Generation 11/50  F=U(0.5, 1.0)  N_hist=1980
------------------------------------------------------------------------------------------------------------------------
0X10XXXXXXXXXXXXXXX101X1XXXXXXXXXXXXXXXXXXXXXX10XXXXXXXXXXXXX01010X1XXXX1XXXXXXXXXXX10XXXXXXXXXX0XXXXXXXX1XXXXXXXXXXXXXX
XX0XXXXXXXXXXXXXXXXXXXXXX1111XXXXXXXXXXXXXXXXXXXXXXXXXXXXXXX


Generation 12/50  F=U(0.5, 1.0)  N_hist=2160
------------------------------------------------------------------------------------------------------------------------
1X11X111XXXXXXX1XXXXX1XXXXX1XXXXXXXXXXXXXXXXX1XXXX1XXXXXXXX1X1X111XXX1XXXXXXXXXXXXXXXXXX1XXXXXXX01XX11XXXXXXX1XX11XXXXXX
XXXXX1XXXX1XXXXXXXXX1XXXXX01XXXXXXXXXXXXXXXXXXXXXXXXXXXXXXXX


Generation 13/50  F=U(0.5, 1.0)  N_hist=2340
------------------------------------------------------------------------------------------------------------------------
1X1X11XXXXXXX1XXXXXXXXXXXXXXXXXXXXXX1X10XX1XXXXXXXXX11XXX1XXX1XX0XXXXXXXXXXXXXXXXXXXXXX111XXXXX10XXXXXXXXXXXXX1X11XXXXXX
XXXXXXXXXXXX11XXXXXXXXX1+1XXXXXXXXXXXXXXXXXXXX1XXXXX1XXXXXXXX


Generation 14/50  F=U(0.5, 1.0)  N_hist=2520
------------------------------------------------------------------------------------------------------------------------
111X101X1XX11XXX1XXXXXXXXXXXXXXXXXX11XXXXXXXX011XXXX01XXXXXXXXX1XXXXX0XXXXX11XXX1XXXXXXXXXX1XXXXXXXXXXXXXXXXXXXXXXX1XXXX
11XXXXXXX101X1XXX1XXXXXXXXXXX11

SSE=0.33425 on eval 2683: L=1.29571e+06 b=12.4197 r=0.0868775 rf=0.572151 t0=68.2511 th=1.03729*

+1X11XX1XXXXXXXXXXXXXXXXXXXXXX


Generation 15/50  F=U(0.5, 1.0)  N_hist=2700
------------------------------------------------------------------------------------------------------------------------
11X11X1XXXX1XX1X0XXXXXX101XXXXXXXXXXXXXXXXXX0XXXXXXXXXXXXX11XX110XXX1X1XXX1X1XX1XXXXX0XXXXX0XXXXXXXXXX111XXXXXXXXXXXXXXX
XXX101XXXXXXXXXXXX0XXXXXXX00X1XXXXXXXXXXXXXX1XXXXXXXXXXXXXXX


Generation 16/50  F=U(0.5, 1.0)  N_hist=2880
------------------------------------------------------------------------------------------------------------------------
001X1XXXXXXXXXX11X1XXX11+XXXXXXXXXXXXXXXXX1XXX101+XXXXXXXXXXX1XXXXXXXXXX0X1XXXXXXXXX011X0XXXXXXXX1110001XXXXXXXXXXXXXXXX
X1XXXXXXXX0XXXXXX0XXXXXX10XXXXXXXXXXXXXXXXXXXXX0XXXXXXXXXXXXXX


Generation 17/50  F=U(0.5, 1.0)  N_hist=3060
------------------------------------------------------------------------------------------------------------------------
100X10XXXXXXXX0XXXXXXXXXXXXX1XXXXXXXXXXXXXXXXX1XXXXXXXXXXXXX1XXXXXXX1XXX1X0XXXXXXXXX0XXXX11XXX1XXXXXXX1XXXXXXXXXXX101XXX
XXXXXXXXXXXXXX0XXXXXXXXX0X111XX1XXXX1XXXXXX1XX1XXXXXXXXXXXXX


Generation 18/50  F=U(0.5, 1.0)  N_hist=3240
------------------------------------------------------------------------------------------------------------------------
110XX11X0X1XXXX1011XX1XXXXXXXXX1XXXXXXXXXXXX11XXXXXXXXXX11XXXXXXXXXXXXXXX1XX0XX1XXXXXXXXXXXXX11X11XXXXXXXXXXXXXXXXXXXXXX
0XXXX11X0XX0XX1XXXXXXXX11XX0X1XXXXXXXXXXXX0XXXXXXXXXXXXXXXXX


Generation 19/50  F=U(0.5, 1.0)  N_hist=3420
------------------------------------------------------------------------------------------------------------------------
11X11X1XXXXXXXXXX1XXXXXXXXXX1XXX0XXXXXXXXXXXXXXXXXXXXXXXXX0XXXXXXXXXX1110XXXXXXXXXX1XXX0XXXXXXXXXX11XXXXXXXXXXX11XXXXX1X
XXXXXX11XXX1XXXXX11XXXXXXXXXXXXX1XXXXXXXXXX1XXXXXXXXXXXXXXXX


Generation 20/50  F=U(0.5, 1.0)  N_hist=3600
------------------------------------------------------------------------------------------------------------------------
1XXX1XXXX11XXXXX0XXXXXXXXXXXXXXXXXX01XX1X10XXXXX1XXXXXXX11XXXXXXXXXXXXXXXXXXXXXXXXXXXXXX1XXXXXXXX0XXXXXXXXXXXX1XX11XXX1X
XXXXXXXXXXXXXXXXX01XXXXXXXXXXXXXX1XXXXXX011XXXXXXXXXXXXXXXXX


Generation 21/50  F=U(0.5, 1.0)  N_hist=3780
------------------------------------------------------------------------------------------------------------------------
11XXXXXXXXX10XX1XXXXX111XXXXXXXXXX1XXXXXXXXXXXXXXXXXXXXXXXXXXXXXXXXXXXXXXXX1X1XXXXX110X0XXXXXXXXXXXXXXXXX0XX11111XXXXX1X
XXXXXXXXXXXXXXXXXXXX11

SSE=0.32681 on eval 3935: L=4.97571e+06 b=9.24898 r=0.0828804 rf=0.574334 t0=68.079 th=1.13936*

+XXXXXX110X0XXX11XXXXXXXXXXXXXXXXXXXXXX


Generation 22/50  F=U(0.5, 1.0)  N_hist=3960
------------------------------------------------------------------------------------------------------------------------
0X11XXX0XXXXXXXXXXXXXXXXXXXXX0XXXXXXXX1XXX1XXX001X0XX1XXXX1XXXXXXXXXXXXX1XXX0XX11XXXXXXX0XXXX1XXXXXXXXXXXXX0XXXXXXX0X111
1XXXXXXXXXX0XXXXXXXXX1XXXX0X0XXXXXXXXXXXXXXXXXXXXXXXX1XXXXXX


Generation 23/50  F=U(0.5, 1.0)  N_hist=4140
------------------------------------------------------------------------------------------------------------------------
11X10XXXX0XX0XXXXXX0XX11XXXXXXXXXXX1XXXXXXXXXXXX1XXXXXXXXXX1XX1XX1XX1XXXXX1XXXXXX1XXXXX10XXXXXXX0XXXXX1XXXXXXXXXXXXX0XXX
XX1XXX01XXXXXXXXX1XXXXXXXXXXXXXXXXXXXX1XXXXXXXXXXXX0XXXXXXXX


Generation 24/50  F=U(0.5, 1.0)  N_hist=4320
------------------------------------------------------------------------------------------------------------------------
1X1XXXXXXXXX1101XXXXXXXXXXXXXXXX1XXXXXXXXXXXXXXXXX1X1XXXXXX11X101X10XXXXXX0XXXXXXXXXXXXXXXXXXXXX1XXX1X1XXXXXXXXXXXX0XXX1
X1XXXXX0XXXXXXXXXXXXXXXXXXXXXXXXXXXXXXXXX0X0XXXXXXXXXXXXXXXX


Generation 25/50  F=U(0.5, 1.0)  N_hist=4500
------------------------------------------------------------------------------------------------------------------------
X11X11XXXXXXXX1X1XXXXXX1XXX1XXX1XXX111XXXXXXXXXXXXXXXXXXXXXXXX0XXXXXXXXXXXXXXXX1001+X1XX11XXXXXXXXXX1XXXXXXXXXXXXXXXXXXX
XXXXXXXXXXXXXX1XXXXXXXXXXXXXXX1XXXXXXXXXXXXXXXXX11XXXX1X1XXXX


Generation 26/50  F=U(0.5, 1.0)  N_hist=4679
------------------------------------------------------------------------------------------------------------------------
011111X0XXXXXXX1XXXXXXXXXXX1XXXXX1XXXXXXXXXXXXXX1XXX101XXXXXXXXXXX0111XXXX0XXXXXXX11X1XXXXXXXXXXXXXX1XXXXXXX0XXX10XXX1X1
XXXXXXXXXXXXX1XXXX1XXXXXXXXX0XXXXXXXXXXXXXXXXXXXXXXXXXXXXXXX


Generation 27/50  F=U(0.5, 1.0)  N_hist=4860
------------------------------------------------------------------------------------------------------------------------
1X0111XX1X00XXXXXXX10XXXXX0XXXXXX0XX0XXXXXXXX0XXXX1XXXXX0XXXXXXXX0X1XXXXX01X11XXXXXXX1X11XXXXX1XXXX00XXXXXXXXXXX00X1XXXX
XXXXXXXXXXX0X1XXXXXXXXXXXXXXXXXXXX1XXX1XXXXXXXX0XXXXXXXXXXXX


Generation 28/50  F=U(0.5, 1.0)  N_hist=5040
------------------------------------------------------------------------------------------------------------------------
01001X11X01XXXX10XX1XXXXXXXXXXXXXXXX1XXX1XXXXXXXXXXXXXXXX1XXXXXXXXX1X1X0XXXX01XXXXXXXXXXXXXXXX0XXXXXXXXXXXXXXXXXXXX1XXXX
01XXXXXXX0X10XXXX0X0XXXXXXXXXXXXXXXXXXXXXXXXXXXXX11XXXXXXXXX


Generation 29/50  F=U(0.5, 1.0)  N_hist=5220
------------------------------------------------------------------------------------------------------------------------
X0XXXXXXXX0XXXX11XXXXXXXXX0XXXXX0XXXXX0XXXXXXXXXXXXXXXXXX00XXXXX0XX1XXXXXXXXXXXXXXXXXXXXXXXXXX111X1XXXXXXXXXXXXXXXXX010X
XXXXXXXXXXXXXXXXXXXXXXX11XXX1XXXXXXXXXXXXXXXXXX0XXXXXXXXXXXX


Generation 30/50  F=U(0.5, 1.0)  N_hist=5400
------------------------------------------------------------------------------------------------------------------------
101X1XXXX0XXXXXXXXXXXXXX0XXXXXXXXXXXXXXXXXXX00X1XXXXXXXXXXXXXXXXXXX1XXXXXXXXXX01XXXXXXX1XXXXXX1XXXXX1X0XXXXXXX1XXXXX00X1
+XXXXXXXXXXXX1XXXXX1XXXXXXXXXX1XXXXXXXXX0XXXXXXXXXXXXXXXXXXXX


Generation 31/50  F=U(0.5, 1.0)  N_hist=5580
------------------------------------------------------------------------------------------------------------------------
00X11X0XXXXXXXXXXXXXXXXXXXXXXXX0XXXXXXXXXXXX1X01X0X0XXX1X1XXX1XXXXXXXXX0XXXXXXXXXXXXX01XXXXXXXXXXXXXXXXXXXXXXXXXXXXXXXXX
XXXXXXXXXXXXXXXX1XXXXX0XXXXXXXXXXXXXXXXXXXXXXXXXXXXX00XXXXXX


Generation 32/50  F=U(0.5, 1.0)  N_hist=5760
------------------------------------------------------------------------------------------------------------------------
X110X1XXXXXXXXXXXX1XXXXXXX100XX0XXXXXXXXXXXXXXXXXXXXXXXX1XXX1XXXXXXXXXXXXXX10XX10011XX0XXX1XXX1X0XX0XXXXXX11XXXXXXXXXXXX
XXXX1X0XXXXXXXXXXX1XXXXXXXXX0X1XX1XXXXXXXXXXXXXXXXX1XXXXXXXX


Generation 33/50  F=U(0.5, 1.0)  N_hist=5940
------------------------------------------------------------------------------------------------------------------------
10X110X0101011XXXXXXXXXXXXX1X0XXX0XXXXXXXXX1X0XXXXXXXX0XXXX11XXX1X0XXXXXXXXXXXXXX0XXX0XXXXXXXXXXXX0XXXXXXXXX100XXXXXXXXX
XXX11XXX1XXX0XXXXXXXXXXXXX0110XXXXXXXXXXXXXX11XXXXXXXXXXXXXX


Generation 34/50  F=U(0.5, 1.0)  N_hist=6120
------------------------------------------------------------------------------------------------------------------------
1X00X0110X0XX1XXXXXXXXXXX1XXXX0XXXXXXXXXXXXXXXXX10XXXXXXXXXXX11+XXXXXXX0XXXXXXXXXXXX00XXXXX0XXXXX1XXXXXXXXX1XXXXXXXXXXXX
XXXXXXXXXXX1XX0XXXX1XXXXXXXXXXXXXXXXXXXXXX010XXXXXX1XXXXXXXXX


Generation 35/50  F=U(0.5, 1.0)  N_hist=6300
------------------------------------------------------------------------------------------------------------------------
11X10011X1X1000X1XXXXXXX000XX0X0XXXXXXXXXXXXXXX1101XXXXXXXXXXX00XXXX0X1XXXXXXXXXXXXXXXXXXXXXXXXXXXXXXXXXXXX0XXXX0XXXXXXX
XXXXXXXXXX1XXX1XX1XXXXXXXX1XX1XXXXXXXXXXXXXXXXXXXXXXXXXXXXX0


Generation 36/50  F=U(0.5, 1.0)  N_hist=6479
------------------------------------------------------------------------------------------------------------------------
00X00X0110XXXX0XXXXXXXXXX00XXXXXXXXXXX10XXXXXXXXXXXX0000XXXXXXX0XX1XXXXXXXXXXXX1XXXXXXXXXXXXX1X1XXXXXXXXXXXXX0XXXXX0XXXX
XXXXXXXXXXXXXXX001XXXXXX0X0XXX0XXXXXXXXXXXXXXX0XXXXXXXXXXXXX


Generation 37/50  F=U(0.5, 1.0)  N_hist=6660
------------------------------------------------------------------------------------------------------------------------
1X00X10X0XXXXXXXXXXXXXXXXX1XXXXX0XXX010X011XXXXXXXXXX0XXXXXXXXXXX0XXXXXXXXXXXXXXXXX0100XXXXXXXXXX1X01XXXXX100XXXXXXXXXX0
X1XXXXXX0XXXXX00X0XXXXXXXXXXXXXXXXXXXXXXXXXX0XXXXXXXXXXXXXXX


Generation 38/50  F=U(0.5, 1.0)  N_hist=6840
------------------------------------------------------------------------------------------------------------------------
11XXX001XX0XXXXXX0XXXXXXXXXXXXX0XXXXXXX00XXXXXX0XXXXXXXXXXXXXXXXXXXXX110XXXXXXX1XXXXXXXXXXXXXXXXXXXXXXXX00XXXXXXXXXXXXXX
XX0X0100XXXXXXXXXXXX01XXXX0XXXXX0000X10XXX00XXXXXXXXXXXXXXXX


Generation 39/50  F=U(0.5, 1.0)  N_hist=7020
------------------------------------------------------------------------------------------------------------------------
0X0001X1X0XXXXXXXXXXXXXXXX1XXXXXXXXXXXXXXXXXX10XXXXXXXXXX0XXXXXXXXXXXXXXXXXXX0XXXXXXXXX0XXX1XX0XXXXX0X010XXX0X000XXX0XXX
1XXXXXXXXXXXX101XXXX00XXXXXXXXXXX10XXXXXXXXXXXXXXXXXXXXXXXXX


Generation 40/50  F=U(0.5, 1.0)  N_hist=7200
------------------------------------------------------------------------------------------------------------------------
00X100+X0000X0XXXXX0XXXXXXXXXXXXXXXXXXXXXXXXXXXX00XXXXXXXXXXX0X0000XXXXXXXXXXXXXXXX1XXXXXXXXXXXXXXX0XXXXXXXXXXXX00X00X00
XXXXX1XXXX0XXXXXX01X0XXXX0XXXXXXXXXXXXXXXXXXXXXXXXXXXXXX0XXXX


Generation 41/50  F=U(0.5, 1.0)  N_hist=7380
------------------------------------------------------------------------------------------------------------------------
01X000X000XXXXXXXXXXXXX1XX1XXXXXXXXXXXXXXXXX0XXX0X1XXXXXXXXXX0XXXXX0+XXXX0XXX10XXXXXXXXXXX1XXXXXXXXX0X1XXXX00XX1XXXXXXXX
0XXXXXXXXXXX0XXXX000X00XXXXXX1XXX0XXXXX00XXX0XXXXXXX01X0XXXXX


Generation 42/50  F=U(0.5, 1.0)  N_hist=7560
------------------------------------------------------------------------------------------------------------------------
0X1X00XXXXXXXXXXXXXXXXXXXXXXXXXXX0X1X0XXXXXXXXXXXXXXXXXXXXX0XXXXX0XXXXXX0XXXXXXXXXXXXXXX0XXXXXXXX0X0X1001XXXXXXXX010XXXX
XXXXXXXXXXXXXXXXXX00XXXXXXXXXXXXXXXXXXX0XXXXXXXXX0XXXXXXXXXX


Generation 43/50  F=U(0.5, 1.0)  N_hist=7740
------------------------------------------------------------------------------------------------------------------------
10X00XXXXXXXX0XXXXXXXXXXXXXXXX1XX0X00XXX0XXXX0X0XXXXXXX0XXXXXXXXXX00XXXX01XX00XXX00XXXX0XXXXXXX00XXXX0X1XXXXXX0X0XXXXXXX
XXXXXXXXXXXXXXXXXXXX10XX0+XXXXXXXXXXXXXX0XXXXXXXXXXXXXXXXXXXX


Generation 44/50  F=U(0.5, 1.0)  N_hist=7920
------------------------------------------------------------------------------------------------------------------------
00000X00XXX0XX0XXXXXXXXXXXXXXX0X0XXXXXXXXXXXXXXXXXXXXXXXX00XXXXXXX0XXXXXXXXXXXXXXXX0XXXX0XXXXXXXXX0XXXXXXXXX000XXXXXXXXX
XXXXXXXXXXX10XXX10XXXXXXXXXXXXX00XXXXXXX0XXXXXXXXXXXXXXXXXXX


Generation 45/50  F=U(0.5, 1.0)  N_hist=8100
------------------------------------------------------------------------------------------------------------------------
0XX0XXXXXXXXXXXXXXXX0XXXXXXXXXXXXXX0XXXXXXXXXX000XXXXXXXX0X0XXXXXXXXX0XXXXXXXXXXXXXXXXXXX000XXXXXXXXXX0XXX0XX000100XXXXX
XXXXXXX000X00XXXXXXXXXXXXXXXXXXXXXXXXXXXXXXXXXXXXXXXXXXXXXXX


Generation 46/50  F=U(0.5, 1.0)  N_hist=8280
------------------------------------------------------------------------------------------------------------------------
0X00XXXXXX0X0XXXXXXXXXX0000XXXXXXXX00X0X00XXXXXXXXXXXXXXXXXXXXXXXXXXXXXXXXXXXXXXXXXXXXXX00X0XXX0XXXXXXXXXXXXXXXXXXXXXXXX
XXX1XXXXXXXX0XX0XXXXXXXXXXXXXXXXX0XXXXXXXXXXXX000XXXXXXXXXXX


Generation 47/50  F=U(0.5, 1.0)  N_hist=8460
------------------------------------------------------------------------------------------------------------------------
0000X0XXX0XXXX00XXXXXXXXXX0XXXX0XXXXXXXXX0XX0XXXXXXXX0XXXXXXXXXXXXXXX000XX0XX00XXX00000XXXXX0XXXX0XXXXXXXXXXXXXX00XXX0XX
XXXXX0XX0XX1XXXXXXXXXXX0XXXXXXXXXXX00XXX0XXXXXXXXX0XXXXXXXXX


Generation 48/50  F=U(0.5, 1.0)  N_hist=8640
------------------------------------------------------------------------------------------------------------------------
XXXX0XXXX0000XXXXXXXXXXXXXXXXXXXX0XXXXXXXXXXXXXXX00XXXXXX0XXXXXXXX0XXXXXXXXXXXXXXXX0XXXXXXXXXXXX00XXXXXXXXX00XXXXXXXXX0X
X0XXXXXXXXXX00X00XXXXX0XXXXXXXX10XXX0XXXXXXXXXXXX0+XXXXXXXXXX


Generation 49/50  F=U(0.5, 1.0)  N_hist=8820
------------------------------------------------------------------------------------------------------------------------
00X000X0XXXXXXXXX0XXXX0XXXXXXX0XXX0XXXXXXXXXXXXX0XXXXXXXX0XXX00XXXX00X0X00XXXXXXXXXXXXXXXXXXX0X0XXXXXXXXXX0XXXXXXXX0XXXX
XXXXXXXXXXXXXXXXXXXXXXXXXXXXXXXXXXXXXX0XXXXXX0XXXXXXXXXXXXXX


Generation 50/50  F=U(0.5, 1.0)  N_hist=9000
------------------------------------------------------------------------------------------------------------------------
00X001XXXXXXXXXXXXXXXXX00X0XXXXX0XXX00X0X0XXXXXXXXXXXXXXXXXXXXXXXXX00XXXXXXX0XXXX00XX0XXXXXXXXXXXX00000XXXXXXXXXXXXXX0XX
X0X0XX0XXXXXXXXXX00XXXXXXXXXXXX0XXXXXXXXXXXXXXXXXXXXXXX0X0XX

Maximum number of iterations reached.

SSE=0.32158 on eval 9180: L=4.03366e+06 b=0.742521* r=0.104744 rf=0.612825 t0=67.0759 th=2.16593


Shutting down DE...
DE shutdown complete.

Final population:
Population: 180 individuals with SSE 0.32158 to 0.32992, avg eval time 0.0188 sec. Top 7:

        SSE |    0.32158      0.32179       0.3218      0.32186      0.32187      0.32188      0.32199  
------------------------------------------------------------------------------------------------------------------------
          L | 4.0337e+06   1.5217e+06   2.5132e+05*  4.1476e+06   2.4645e+06   1.9894e+06   2.4039e+06  
          b |    0.74252*     0.77866*      3.1851       2.4994       2.2522      0.85175*     0.17838* 
          r |    0.10474       0.1101      0.10023      0.10235      0.10153      0.11109      0.10618  
         rf |    0.61282      0.61934      0.60096      0.61361      0.59876      0.63354      0.59588  
         t0 |     67.076       66.568       67.191       67.091       67.147       66.653       66.871  
         th |     2.1659       2.6298       1.8882       2.0296       2.0616       2.5998       2.3461  
------------------------------------------------------------------------------------------------------------------------
Best individual:
<SSE=0.3216 L=4.03366e+06 b=0.742521* r=0.104744 rf=0.612825 t0=67.0759 th=2.16593>


Elapsed time: 120.75 seconds

Saved final population of best parameter combinations to covid19.dat
Shutting down...
Task Queue is shut down
Goodbye
