Decompressing and parsing covid19.csv.bz2...
Cumulative and new cases reported thus far for Finland
------------------------------------------------------------------------------------------------------------------------
000	01/22	0	0
001	01/23	0	0
002	01/24	0	0
003	01/25	0	0
004	01/26	0	0
005	01/27	0	0
006	01/28	0	0
007	01/29	1	1
008	01/30	1	0
009	01/31	1	0
010	02/01	1	0
011	02/02	1	0
012	02/03	1	0
013	02/04	1	0
014	02/05	1	0
015	02/06	1	0
016	02/07	1	0
017	02/08	1	0
018	02/09	1	0
019	02/10	1	0
020	02/11	1	0
021	02/12	1	0
022	02/13	1	0
023	02/14	1	0
024	02/15	1	0
025	02/16	1	0
026	02/17	1	0
027	02/18	1	0
028	02/19	1	0
029	02/20	1	0
030	02/21	1	0
031	02/22	1	0
032	02/23	1	0
033	02/24	1	0
034	02/25	1	0
035	02/26	2	1
036	02/27	2	0
037	02/28	2	0
038	02/29	3	1
039	03/01	6	3
040	03/02	6	0
041	03/03	6	0
042	03/04	6	0
043	03/05	12	6
044	03/06	15	3
045	03/07	15	0
046	03/08	23	8
047	03/09	30	7
048	03/10	40	10
049	03/11	59	19
050	03/12	59	0
051	03/13	155	96
052	03/14	225	70
053	03/15	244	19
054	03/16	277	33
055	03/17	321	44
056	03/18	336	15
057	03/19	400	64
058	03/20	450	50
059	03/21	523	73
060	03/22	626	103
061	03/23	700	74
062	03/24	792	92
063	03/25	880	88
064	03/26	958	78
065	03/27	1041	83
066	03/28	1167	126
067	03/29	1240	73
068	03/30	1352	112
069	03/31	1418	66
070	04/01	1446	28
071	04/02	1518	72

Initializing 180 population members having 6 parameters
------------------------------------------------------------------------------------------------------------------------

SSE=0.65083 on eval 1: L=1.2278e+06 b=11.3034 r=0.160222 rf=0.679196 t0=65.4361 th=8.68715

*

SSE=0.5394 on eval 2: L=520513 b=24.0951** r=0.297936 rf=0.848332 t0=58.8112 th=5.96462

!9

SSE=0.41241 on eval 4: L=4.2872e+06 b=15.8454 r=0.0713928 rf=0.706851 t0=65.9281 th=2.86267

!12119981122155226422623522295522921229354499912163429999911261414667912221419969111

SSE=0.29135 on eval 88: L=4.09091e+06 b=12.812 r=0.0935397 rf=0.858757 t0=68.3246 th=3.35534

!95332998954236422898932233832999
922445512325282152222322969222685483999522242549933523529492

Population: 180 individuals with SSE 0.29135 to 7.6382, avg eval time 0.511 sec. Top 7:

        SSE |    0.29135      0.35205      0.39755      0.41241      0.42341      0.42846      0.43044  
------------------------------------------------------------------------------------------------------------------------
          L | 4.0909e+06   4.5036e+06   8.6671e+05   4.2872e+06        70704*  3.5963e+06    4.825e+06  
          b |     12.812       8.6856       16.275       15.845      0.19619*      15.129       14.326  
          r |    0.09354      0.14166     0.099217     0.071393      0.18128     0.085303      0.24392  
         rf |    0.85876      0.92802      0.57727      0.70685      0.83643      0.62682      0.97019  
         t0 |     68.325       65.316       64.228       65.928       64.101       67.863       64.337  
         th |     3.3553        11.32       2.2561*      2.8627       11.951**     8.4728       5.7192  
------------------------------------------------------------------------------------------------------------------------
Best individual:
<SSE=0.2913 L=4.09091e+06 b=12.812 r=0.0935397 rf=0.858757 t0=68.3246 th=3.35534>


Population: 180 individuals with SSE 0.29135 to 7.6382, avg eval time 0.511 sec. Top 7:

        SSE |    0.29135      0.35205      0.39755      0.41241      0.42341      0.42846      0.43044  
------------------------------------------------------------------------------------------------------------------------
          L | 4.0909e+06   4.5036e+06   8.6671e+05   4.2872e+06        70704*  3.5963e+06    4.825e+06  
          b |     12.812       8.6856       16.275       15.845      0.19619*      15.129       14.326  
          r |    0.09354      0.14166     0.099217     0.071393      0.18128     0.085303      0.24392  
         rf |    0.85876      0.92802      0.57727      0.70685      0.83643      0.62682      0.97019  
         t0 |     68.325       65.316       64.228       65.928       64.101       67.863       64.337  
         th |     3.3553        11.32       2.2561*      2.8627       11.951**     8.4728       5.7192  
------------------------------------------------------------------------------------------------------------------------
Best individual:
<SSE=0.2913 L=4.09091e+06 b=12.812 r=0.0935397 rf=0.858757 t0=68.3246 th=3.35534>

Performing DE with CR=0.8, F=U(0.5, 1.0), DE/rand-1.00/1/bin
------------------------------------------------------------------------------------------------------------------------
Press the 'Enter' key to abort.



Generation 1/50  F=U(0.5, 1.0)  N_hist=180
------------------------------------------------------------------------------------------------------------------------
XX9XX1X692XX51XXXX3XX4111362XX2XXXX81X1X2181X8X4292XXXX55441X143321XXX1231XXX2XXX27XX1X421X1XX1X1XX2XX314XX1X2X1XXXX3XX1
XXXXXX42X122X921X4X22XXXX2X19XX7X2X4XXXXX50XXX212X3XX9278XXX


Generation 2/50  F=U(0.5, 1.0)  N_hist=360
------------------------------------------------------------------------------------------------------------------------
X01XX1XXX11XXXXXX3X223XXXX222X133XXX5XX3X2XX4X111X1XXX3XXXX93114X3X1X2336X3X5412XXXXX1XXXX6X2XX02XXXXX2X3X2XX13XX4XX13XX
X412X222XX22X2XXXX1XXX33111XX41XXX31211XX213X21XXX1XX1XX2XX2


Generation 3/50  F=U(0.5, 1.0)  N_hist=540
------------------------------------------------------------------------------------------------------------------------
1XXXXXX0XXX1XXXXX1XXX2X3X0XX2X2XXX1X311X1X11XXXXXX12XXXXX20XXXXXXXXXX1XX2XX01X1XXXX1XX3XX2X12XXX3X3XXX1XX4X2XXXXX1XXXXXX
01XXXX1X1210XX1XXXXX12X1XXXX1XX2XXX2X1X1X1XXX1X1X11X11311XXX


Generation 4/50  F=U(0.5, 1.0)  N_hist=720
------------------------------------------------------------------------------------------------------------------------
1X1XXXXXXXXXXXX11X1211XXX1XXXXX1X11XXXXXXXX11XX1XXX111XX1XXXXX1X1X1XX11XXXXX2XXXX3X2X1XXXXXXXXXXXX1XXXXXX1XXXXX1X1X1X0XX
11XX1X1XX1X1X1XXXXXXX1XX1121X0XX1X1X1XX111XX1X1X1X1XX1X1XXX1


Generation 5/50  F=U(0.5, 1.0)  N_hist=900
------------------------------------------------------------------------------------------------------------------------
11XXXXX1X1XX1XXXXXXXXX1XXXXXX1XXX0XXXXXXXX1XX12XXXXXXXX1XX1XX1XX0XXX1X2XXXX3XXX1XX1XXXXXX2XXXXX1X2XXXXX1XXXXXX1XXXX1XXXX
XXX1XX11X1XX1XXXXXXXXXXXXX1XXXX2XXXXXX1XX1XX211XXX1X1XX1XXXX


Generation 6/50  F=U(0.5, 1.0)  N_hist=1080
------------------------------------------------------------------------------------------------------------------------
X1X1XXXX1XXXX1XXXXX1X1111X2XX2XXX1XX1XXXXXXX1XXXX01112XXXXX1X141XX1XXXXXXXX2X0XXXX12XX1X1XXX1XXXXXX1XXX1XXXXXXXXXXXXXXX1
XX1XXXXX1XXXX1XX1XXXX0X1XXXXXXX1XXXXX1X111XXXX1XX2XXXXX11X0X


Generation 7/50  F=U(0.5, 1.0)  N_hist=1260
------------------------------------------------------------------------------------------------------------------------
XX1XXX1X0XXXXXXXXXXXX1XXXXXX1XXXXXXXXXXX1XXXXXXX11X111XX11XXXXX1XXXXXXXX1XX1XX1XXXXX1XX1X1XXXXX11XX1XXXXXXXXXXXXX1XX1XX0
XXXXXXX2XXXXXX0XXXXXX1XXXX11XXX1XX1XXXXXXXXXX1X110X1X1XXX1XX


Generation 8/50  F=U(0.5, 1.0)  N_hist=1440
------------------------------------------------------------------------------------------------------------------------
1XXX11XXXXX1XXX111XXXX1XX111XXXX0XXX2XXX1XXXXXXX1XXX1XXXXXXX11210XX1XXXX1XXXXXXXX101XXXX0X1XXX1XXXX1X1XXX1XXXXXXXXXXX1XX
X1111XXXXXXXXXXXXXXXXXXXXXXXXXXXXX1XXXXXXXXXXXXXXXXXXX1XXXXX


Generation 9/50  F=U(0.5, 1.0)  N_hist=1619
------------------------------------------------------------------------------------------------------------------------
1111X1X1211XXXXXXXXXXXXXX1X1XXXXXXXXX1XXXXXX1XXXXXXXXXXXXX101X1111XXXXXXXXX1XX111XXXX11XXXXXXX2X1XXXXXX111XXXXXXXXXXXXXX
XXXXXXXX111XX1210XXXXXXX10XXXXX2XXXXXXXXXXXXXXXXXXXXXXX1XXXX


Generation 10/50  F=U(0.5, 1.0)  N_hist=1800
------------------------------------------------------------------------------------------------------------------------
101X1XXXXXXX1XXXXX1XXXXXXXXXXXX1XXXXXXX1XXXXXXXXXX11XXXXX01XXXXX1X0XXXX1XXXXXXXXXXX1XX1XX1XX11XXX2XXXXX1XXXXXXX1XXXXXXXX
XXXXXXXXXXXXX1XXXXXXX1XXXX11XXX1111X10XXXXXXX1X1XXX1XXXXXXX1


Generation 11/50  F=U(0.5, 1.0)  N_hist=1979
------------------------------------------------------------------------------------------------------------------------
11X11XXXXXXXX1X1XXXXXX1XXXXXXXXX1X111XXX1XXXXXXXXXXXXXXXXXXXX1X11X1X1XXXXX1XX11X1XXXX1XXXXXXXXXXXXXXXXXXX1XXXXXX1XXX1XXX
XXXX11XXX1XXXXXXXXXXXXXXXXXXX11X11XXXXXXXXXXXXX1XXXXXXXXXXXX


Generation 12/50  F=U(0.5, 1.0)  N_hist=2160
------------------------------------------------------------------------------------------------------------------------
111XX011X01XXX1XXXXXXXXX1XXXXXXX1XXXXXXX0XXXX1XXXXXXXXX0XXXXXXXXXXXXXXXXXXXXX1XXXXXXXXXXXXXX1XXXXXXX1X0XXXXXXXXXX1X11X1X
0XX111XXXX0XXXX1XXXXXXXXXXXXXXXXX10X1XXXXXX11XXXXXXXXXXXXXXX


Generation 13/50  F=U(0.5, 1.0)  N_hist=2338
------------------------------------------------------------------------------------------------------------------------
11111X11110XX1X1X11XXXXXXX1XXXXXXXX0XXXXXXXX1XXX1XXXXXXX1XXXXXXX1XXXXX1XXXXXXXXXXXXXXX001X0XX1XXXXXXX1X11X1XXXXXXXXX110X
XXXXXXXXXXXXXXXX10XXXXXX1XXXXXXXX1110X11XXXXXXXXXXXXXXXXXXXX


Generation 14/50  F=U(0.5, 1.0)  N_hist=2520
------------------------------------------------------------------------------------------------------------------------
10X111X1XXXX11+XXXXXX1X1XXXXXXXXXXXXXX111XXX1XXXX11XX0XXXXXXXXXXXXXXXXXXXX0XXXXXXXX11XXXXXXXXXXXXXXX1XXXXXXXXXXXXXXXXXXX
XXXXX11XX1XXXXXXXXXXXX11XXXXXXXXXX111XXXXXXXXXXXXXXX1XXXXXXXX


Generation 15/50  F=U(0.5, 1.0)  N_hist=2700
------------------------------------------------------------------------------------------------------------------------
1X0X1XXXXXXX1XXXXXX0XXXXXXXXXXXXXX1XXXXXXX1XXX0X11XXXXXXX1XXXXXXXXXXXXXXXXXX1XXXXX1XXXXXXXXXXXXXXXXXXXXXX1XXXXX1XXXXXXXX
1XXXXXXXXXXX10X111XXXX1XXXXXXXXXXX1X0XXXXX1XXXXXXXXXXXXXXXXX


Generation 16/50  F=U(0.5, 1.0)  N_hist=2880
------------------------------------------------------------------------------------------------------------------------
110X1X1011XXXXXXXXX11XXXXXXX1XXXXXXXXXXXXX11XXX111XXXX1XXXXXXXXXXXXXXXXXXXXXX1XX1X1XXXXXXXXXXXXXXXXX0XXXX11XXXXXXX10XXX1
XXXXXXXXXXXXXXXXXXXXXXXX11XXXX10X011XXXXXXXX1XXXXXXXXXXXXXXX


Generation 17/50  F=U(0.5, 1.0)  N_hist=3060
------------------------------------------------------------------------------------------------------------------------
11111X1111XXXXXXXXXXXXXXXXXXX1

SSE=0.28095 on eval 3107: L=4.29182e+06 b=0.176548* r=0.13375 rf=0.919653 t0=67.275 th=5.95059

+X0XXX1X1XXXXXX1XXXXXXXXXXXXX1XXXXXXXXX01XX0XXXXXXXXXXXXXXXXX0XXXXXXX0XXXX01+X11XXXXX1XXX1
X1XXXXXX11XXXXX11X11XXXXXXXXXXXXX1XXX1XXXXXXXXXXXXXXXXXX1XXXXX


Generation 18/50  F=U(0.5, 1.0)  N_hist=3240
------------------------------------------------------------------------------------------------------------------------
X11X111X0XXXXXXXXXXX1XXX1X1XXXXXXX1XX1XXX1XXXXXXX10XX1XXXX1XXXXXXXXXXXXXXXXXXXXXXXX1XXXXXXXXX11111X111XXXXXXXX11XXXX0110
1XXXXXXXXXXXXXXXXXXXXXXXXXXXXXXXXXXXXXXXXXXXXX1XXXXXXXXXXX1X


Generation 19/50  F=U(0.5, 1.0)  N_hist=3420
------------------------------------------------------------------------------------------------------------------------
1X11X111XXXXXXXX1111XXXXX1XXXX1XXXXXXXXXX0XXXXX0XXXXXXXXXXXXXXXXXXXXXX1XXXX0X10XXXXXXXXXXXXXXXXXXXXXXXXXXXXXX01X1XXXXXXX
XXX0XX0X0XXXX1XXXXXXXXXXXXXXX1XXXXXXXXX0XXXXXX1X10XXXXXXXX1X


Generation 20/50  F=U(0.5, 1.0)  N_hist=3599
------------------------------------------------------------------------------------------------------------------------
11X1X1XXX0X1X0X1XXXXXXXXXX0XXXXXXX1X1XXXXXXXXXXXXXXXXXX1XXXXXXXXXXXXXXXXXXXXXX1XX001X1110X01XXXXXXX111XXXXX1X11XXXXXXX1X
X10XXXX11XXXXX1XXXXXXXXXXXXXXXXXXX0XXX1XXXXXXXXXXXXXXXXXXXXX


Generation 21/50  F=U(0.5, 1.0)  N_hist=3780
------------------------------------------------------------------------------------------------------------------------
11101X1XXXXXXXXXX0X1XXXXXXXXXXXX1XXXXXXXXXX1XXXXXXXXXX11XX1XXXXXXXXXX1XXXXXXXXXXXXX11X1XXXXXXXXXXXXX11111XX11X1XXXXXX011
XXXXXXXXXXXXXXXXXXX11XX1XXXXXXXXXXXXXXXXXXXXXXXXXXXXXXXXXX1X


Generation 22/50  F=U(0.5, 1.0)  N_hist=3959
------------------------------------------------------------------------------------------------------------------------
1111XXXX1XXXXX1XXXXXXXX111XXXXXXXXXX1XXXXXXX1XXXXX0XXXXXXXXXXXXXXXXXXXXXXXXXXX1XXXXXXXXX0XXX11XXXX11XXX1XXXXXXXXXXXXXXXX
XX1XXXXXX1XXXXXX1XXXXXXXXXXXXXX0X11XXXX1XXXXXX0XXXXXXXXX1XXX


Generation 23/50  F=U(0.5, 1.0)  N_hist=4139
------------------------------------------------------------------------------------------------------------------------
0X10XXXXXXX1XXX1XXXXXXXXXXXXXXXXXXXXXXXXXXX01XXXXXXXXX1XXXXXXXXXXXXXXXXXXX1XXXXXXXXXXXXXXX10XXXXXX01XXXXX1XXX1XXXXXXXX0X
X00XXXXX10XXXXXXXXXX1X1XXXXXX1XXXX1XX11XXXXXX1XXXXXXXXXXXXXX


Generation 24/50  F=U(0.5, 1.0)  N_hist=4320
------------------------------------------------------------------------------------------------------------------------
1X10XX1XXXXXXXXXXXXXXX1XX11XXXXXX0XXXXXX1XXX1XXXXX1XXX0XXXXXXXXXXXXXX1XXXXXXXXXXXXXXXXXXXXXXXXXXXXXXXXX11111XXX1XXXX1XXX
XXXXXXXXXXXXXXXXXXXXXXXXXXXXX0XXX1XXXXX110XXXXXXXXXXXXXXXXXX


Generation 25/50  F=U(0.5, 1.0)  N_hist=4500
------------------------------------------------------------------------------------------------------------------------
0X111XXXX0XXX10X1XXXXXXXXXX1XXXXXXXX1XXXXXXXXXX111XXXX000XXXXXXXXXXXXXXXXXXXXXXXXXXXXXXX0X11XX1XXXXXXXXXXXXXXXXXXXXXX11X
XXXXXXXXXXXXXXXXXXXXXXXXX1X1XXXXXX1XXXXXXXXXXXXXXXXXXXXXXXXX


Generation 26/50  F=U(0.5, 1.0)  N_hist=4680
------------------------------------------------------------------------------------------------------------------------
11XX11XXXXXXX1XXX1XXXXXXXXXX11XXXXXXXXX000XXXXXXXXXXXXXX1XXXXXXXXXXXXXXXXXXXX0XX11XXXXXXXXXXXXX1XXXXXXXXXXX10XXXXX1XXX1X
1XXXX1XXXXXXXXX1XXXXXXXXXXXXX0XXX111X1XXXXXXXXXXXXXXXXXXXX1X


Generation 27/50  F=U(0.5, 1.0)  N_hist=4859
------------------------------------------------------------------------------------------------------------------------
1011X1X10XXX11XXXXXX0XXXXXXXX11XXXXXXXXXXXX1XXXXXXXXXXX1X10XXX11XXXXXX11XXXXXXX100XXXXXXXXXXXXXXXXXXXXXXXXXXXXXXXXXXXX1X
XXXXXXXX11X0XXXXXX1XXXXXXXXXXXXXXXXXXXXXX11XX11XXX0XXXXXXXXX


Generation 28/50  F=U(0.5, 1.0)  N_hist=5040
------------------------------------------------------------------------------------------------------------------------
10X0110X0XXXXXXXXXXX1XXX0XXXXXXXXXXXXXXXXXX100XX1X1XXXXXXXXXXX1X0XXXXXXXXXXXXXX1XX1XXXX01101X10XX1X1XXXXXXXXXXXXXXXXXXXX
XXXXXXX1X11XXXXX1XXXXXXXXXXX101+0XXX0XXX1XXXXXXXX1XXXXXXXXXXX


Generation 29/50  F=U(0.5, 1.0)  N_hist=5220
------------------------------------------------------------------------------------------------------------------------
11X11XX11XXXXX1XXXXX01X11X0XXXXX1011XXXXXXXXXXXXXXXX1XXXXXX0011XXXXXXXXX1XXXXXXXXXX1XXXXXX10XXXXXXXXXX101XX01XXXXXXXX1XX
XX1XX1XXXX01XXXXXXXX1XXX01XXX1XXXXXXXXXXXXX1XXXXXXXXXXXXXXXX


Generation 30/50  F=U(0.5, 1.0)  N_hist=5400
------------------------------------------------------------------------------------------------------------------------
000010X1XXXXXXXXX0XX1XXXXXXXXX1XXXXXXX1XXXXXXXXXX1XX1XX00XXXXXXXXXXX1XXXXXXXXXXXXXXXXX1XX0011XX1X0XXXXXX1XXXXXXXXXXXXX01
11X0XXXXXXXXXX1XXXXXXXXXXXXXXXXX01X11XXXXXXX1XXXX0XXXXXXXXXX


Generation 31/50  F=U(0.5, 1.0)  N_hist=5580
------------------------------------------------------------------------------------------------------------------------
1+101XX10XXXXX0XXXX0XXXXXXXXXXXXXXXXXXX011XXXX1XXXXXXXXXXXXX1XXXXXXXX0XXX0X0XXXXXX1XXXXXXXXXXXXXXXX0X0XXXXXXXX1XXXXXX1XX
XXXXXXXXXX1XXXXXXXXXX1X1XXXX0XX1XXXXXXXXXXX11XXXXXXXXXXXX1XXX


Generation 32/50  F=U(0.5, 1.0)  N_hist=5760
------------------------------------------------------------------------------------------------------------------------
01X001X0XXXXX110XX1XXXXXXXX1X00X1XXXXX1XXXX1XXXXXXXXXXXXXXXXXXXX0XXXXXXXXXXXXXXXXXXXXXXX11XXXX1XXX0XXXX1XXXXXXXXXXXX11X0
0XXXX1XXXXXXXX1XX11XXXXXXXXXXXXXXXXXXXXXXXXXXXXXX1XXXX0XXXXX


Generation 33/50  F=U(0.5, 1.0)  N_hist=5939
------------------------------------------------------------------------------------------------------------------------
00X11X1XXX1XXXXXXXXXX0XXX0XXXXXXX1XXXXXXXXX1XXXXXXXXXXXXXXXXXXXX0XX1XXXXXXXXXXXXX00XX1XXX0XXXXXXX0XXXXX0011XXXXXXXXXXX00
XXXXXXX1XXXX1XXXXX0XX0XXXXXXXXXX00X11XXX1XXXXXXXXXXXXXXXXXXX


Generation 34/50  F=U(0.5, 1.0)  N_hist=6120
------------------------------------------------------------------------------------------------------------------------
001X0011X1X0XXXXXXXXXXXX0XXXXX010XXXX0XXXXXXXXXXXXX0XXX0X0XX0XXXXX011XXXX1XX0XXXXXXXXXXXXX1XXXXX1XXXXXXX1XXXX1X1XXX0XXXX
X1XXXXXXXXXXXXXXX1XXX01XXXXX0XXXXXXXXXXXXXXXXXXXXXXXXXXXXXXX


Generation 35/50  F=U(0.5, 1.0)  N_hist=6300
------------------------------------------------------------------------------------------------------------------------
0X1XXXXX0XXXXXXXXXXXXXXXXXXXXXXXXXX0XXXX0+XXXXX0XXXX1XXXXXXX0X00XXXXXXXX0XXX0XXXX0XXXX1XXXXXXXXXXXXXXXXXXXXXXXXXXXXXX1X1
011X0X000XXXXXXXXXXXXXXXXXXXX00XXXXXXXXXXX0XXXXXXXXXXXXXXXXXX


Generation 36/50  F=U(0.5, 1.0)  N_hist=6480
------------------------------------------------------------------------------------------------------------------------
1X110XXX0XX1XXX00XXXXXXXXXXX11XXXXXXXXXX1XX00XXXXX11XXX0XXXXXXXXXX0XXXXXXXXX10XXXXXXXXXXXX0011XXXXXXXXXX0X0XXX00XXXXXXXX
XXX100XX0XXXXXXXX00XX1XX0XXXXXXXXXXXXXXXX11XXXXXXXXXXXXXXXXX


Generation 37/50  F=U(0.5, 1.0)  N_hist=6660
------------------------------------------------------------------------------------------------------------------------
10X0101XXXXX0XX1XXXXXXXXXXXXXXXXXXXXXXXXXXXXXXXXXXXXXXXXXX0XXXXXX0X0XXXXXXXXXXXX010000XXXXX00X0XXXXXXXXXXXXXXX00XXXX000X
XXXXXXXX1XX0XXX0XXXXXXXX11XXXXX0XXXXXXXXX0X00XXXXXXX1XXXXXXX


Generation 38/50  F=U(0.5, 1.0)  N_hist=6840
------------------------------------------------------------------------------------------------------------------------
X00+0XXXX1XX0XXX0XXXXXXXXXXXXXXX1XXXXXXXXXXXXXXXXXXXXXXXXXXXXXXXXXX0XXXXXXXX0XXXXXX0X1XXXXXX0XXXXXXX11XXXXX0XXXXXXXXX0XX
0XXXXXXXXXXXXXXXXXXXXXXXXXXXXX1X1X0XXXXXX0XXXXXX0XXXXXXXX0XXX


Generation 39/50  F=U(0.5, 1.0)  N_hist=7020
------------------------------------------------------------------------------------------------------------------------
0X0XXXXXXXXXXX0XXXXX1XXX00X0XX00XXXXXXXXX0XXXXX1XX0XXXXXX00XXXXXXXXXXXXXXXXX0XX000XXXXXXXXX00X0XXXXXXXXXXXXXXXXXXXXXXXXX
XXXXXXXXXXXXXXXXXXXXXX0X000XXXXXXXXXXXXXXXXXXXX0XXXXXXX1XXXX


Generation 40/50  F=U(0.5, 1.0)  N_hist=7199
------------------------------------------------------------------------------------------------------------------------
10X00XXXX0XX0XXXXXXXXXXXXXXXXXXX00XXXXXXXXXXXXXXXXXXXXXXXXXXXXX0XXX00XXXXXXXXXXXXXXXXXXXXXXX0XXXXXXXXXXXXX0XXXXXXXXXXXXX
XXXXXXXXXXXXXXXXX00XXXXXXXX11X10XXXXXXXXXXXXXXXXXXXXXXXXXXXX


Generation 41/50  F=U(0.5, 1.0)  N_hist=7380
------------------------------------------------------------------------------------------------------------------------
X00X0XXXXX00XXXXXXX1X1XXXXXXXXXXXXXXXXXXXXXXX01XXXXXX0XXXXXXXXXXXXXXXXXXXXX00X0XXXXXXXXXXXXXXXXXXXXX0XX0XXXX0XXXXXXXXXXX
00X0XXXXXXX1XXXXXXXXXX0XXXXXXXXXXX0XXXXXXXXXXXXX0XXXXXXXXXXX


Generation 42/50  F=U(0.5, 1.0)  N_hist=7560
------------------------------------------------------------------------------------------------------------------------
01XX10X0XXXXXXXX0XXXXX0XXXXX0XXXXXXX0XXXXXXXXXXX0X00XXX0XXX0XXXXXXXXXXXXX0XXXXX0X0X0XXXX0XXXXXXXXXXXXXXXXXXX11X10XXXXXXX
XXXXXXXXXXXXXXXXXXXXXXXXXXXXX010XXXXXXXX0XXXXXXXXXXXXXXXXXXX


Generation 43/50  F=U(0.5, 1.0)  N_hist=7740
------------------------------------------------------------------------------------------------------------------------
0X0XXXXXXXXXXXXXXXX0XXXXXX00XXXXXXXXXXX0XXXXXXXXXXXXXX0XXXXXXXXXXXXXXXXX00XXX0XX0XX0XXXXXXX00XXXXXXXXXXXXXXX0XXXXXXXXXXX
XXXX0XXXXXX0XXXX0X0XXXXXXXXXX00X10XXXXXXXXXXXXXXXXXXXXXXX0XX


Generation 44/50  F=U(0.445, 1.0)  N_hist=7919
------------------------------------------------------------------------------------------------------------------------
0X0X0XXXXXXX0XXXXXXX00XXXX0XXXXXXXXXXXXXXXXXXXXX10XXXXX0XXXXXXXXXXXXXXXXX000X00X000XXXXXX0XXXXXXXXXXX00XXX10XXXXXXXXX0XX
X0XX00XXXXXXXXXXX0XXXXXXXXXXXXXXX0X0XXXXXXXXXXXXXXXXXX0XXXXX


Generation 45/50  F=U(0.493056632402, 1.0)  N_hist=8099
------------------------------------------------------------------------------------------------------------------------
0XX00XXXXXXX000XXXXXXXXXXXXXXXXXXXXXXXXXXXXXXXXXXXXXXXX0X0XXXXXXXXXXXXXXXXXXX0XXXXXXXXXX00XXXXXXXXXXX0XXXXXXXXXXXXXXXXXX
XXXXXXXXXXXXXXXXXXXXXXXXXX0XXXX0XXXXX0XXXXXXX0X0XXXXXXXXXXXX


Generation 46/50  F=U(0.438820402838, 1.0)  N_hist=8280
------------------------------------------------------------------------------------------------------------------------
00X00X00X0XXXXXXXXXX1XXXXXXXXXXXXX0XXXXXXXXXXXXXXXXXXXX0XXXXXX0XX00XXX0XXXXXXXXX00XXXXXXXXXXXXXXXXXXXXXXXX0000XX0XXXXXXX
XXXX0XXX00XX0XXXXXXXXXXXXXX00XXXXXXXXXXXXXXXXX000X0XXXXXXXXX


Generation 47/50  F=U(0.486209685511, 1.0)  N_hist=8460
------------------------------------------------------------------------------------------------------------------------
0X00X0000XXXXXXXXXXXX0XX1XX0XXX0XXXXXXXXXXXXXXX0X0XXXXXXXX00XXXXXXX0XX0XXXXXXXXXXXXXXXX000XXXXXXXXXXXXXXXXXXXXX000XXXXX0
X0XXXX0XX00XXXXXXXXXXXXXXXXXXXXXXXXXXXX0XXXXXXXXXXXXXXXXXXXX


Generation 48/50  F=U(0.5, 1.0)  N_hist=8640
------------------------------------------------------------------------------------------------------------------------
1XXXXXXX0XXX1XXXXXXXX000XXXXX00XXXXXXX0XXXXXXXXXXXXXXX0000XXXXXXXXXXXXXXXX0XXXXXXX0XXXXXXXXXXXXXXXXX0XXXX0XXXXXXXXXXXXXX
XXXX0XXX00XXXXXXXXXXXXX00XXXXXXXXXXXX000XXXX0XXXXXXXXXXXXXXX


Generation 49/50  F=U(0.5, 1.0)  N_hist=8820
------------------------------------------------------------------------------------------------------------------------
00X00XXXXXXXXXX0XXXX01XXXXXXX00XXXXXX0X0XXXXXXXXXXXXXXXX000XXXXXXXXXXXXXXXXXXXXX0XXXXXXXXXXX0XXXX0XXXXXXXXXXXXX000XXXXX0
1XXXXXXXXXXXX0X0XXX0XXXXXXXXXXXXXXXXXXXXXXXXXXXXXXXXXX0X0XX1


Generation 50/50  F=U(0.5, 1.0)  N_hist=8998
------------------------------------------------------------------------------------------------------------------------
X000X00XXXXXXXXXXXXX0X0XXXXXXXXXXXXXXXX0XXXXXXXXXXXXXXXXXXX0XXXXXXXXXXXXXXXXXXXXXXXXXXXX00XX0XXXXXXXXXXXXXXXXXXXXXX0XXXX
XXXXX0XXXXXX0XXXXXXXXXXXXXXX00X0XXXXXXX0XXXXXXX00XXXXXXXXXXX

Maximum number of iterations reached.

SSE=0.27576 on eval 9180: L=3.55741e+06 b=0.107464* r=0.12081 rf=0.786962 t0=66.9991 th=3.92201


Shutting down DE...
DE shutdown complete.

Final population:
Population: 180 individuals with SSE 0.27576 to 0.28507, avg eval time 0.0196 sec. Top 7:

        SSE |    0.27576      0.27577      0.27578      0.27601      0.27611      0.27612      0.27613  
------------------------------------------------------------------------------------------------------------------------
          L | 3.5574e+06   3.3345e+06   3.6331e+06   2.3461e+06   3.9212e+06   5.2841e+06**  2.369e+06  
          b |    0.10746*     0.28818*     0.44975*      1.5537       0.9116*    0.038048*     0.92787* 
          r |    0.12081      0.11507      0.11884      0.11391      0.11807      0.11929      0.11605  
         rf |    0.78696      0.77371      0.80285      0.78747      0.78273      0.82712      0.81383  
         t0 |     66.999       67.299       67.208       67.254       67.103       67.292       67.333  
         th |      3.922       3.4676       3.7824       3.5784       3.7765       3.9596       3.7934  
------------------------------------------------------------------------------------------------------------------------
Best individual:
<SSE=0.2758 L=3.55741e+06 b=0.107464* r=0.12081 rf=0.786962 t0=66.9991 th=3.92201>


Elapsed time: 102.82 seconds

Saved final population of best parameter combinations to covid19.dat
Shutting down...
Task Queue is shut down
Goodbye
Decompressing and parsing covid19.csv.bz2...
Cumulative and new cases reported thus far for Finland
------------------------------------------------------------------------------------------------------------------------
000	01/22	0	0
001	01/23	0	0
002	01/24	0	0
003	01/25	0	0
004	01/26	0	0
005	01/27	0	0
006	01/28	0	0
007	01/29	1	1
008	01/30	1	0
009	01/31	1	0
010	02/01	1	0
011	02/02	1	0
012	02/03	1	0
013	02/04	1	0
014	02/05	1	0
015	02/06	1	0
016	02/07	1	0
017	02/08	1	0
018	02/09	1	0
019	02/10	1	0
020	02/11	1	0
021	02/12	1	0
022	02/13	1	0
023	02/14	1	0
024	02/15	1	0
025	02/16	1	0
026	02/17	1	0
027	02/18	1	0
028	02/19	1	0
029	02/20	1	0
030	02/21	1	0
031	02/22	1	0
032	02/23	1	0
033	02/24	1	0
034	02/25	1	0
035	02/26	2	1
036	02/27	2	0
037	02/28	2	0
038	02/29	3	1
039	03/01	6	3
040	03/02	6	0
041	03/03	6	0
042	03/04	6	0
043	03/05	12	6
044	03/06	15	3
045	03/07	15	0
046	03/08	23	8
047	03/09	30	7
048	03/10	40	10
049	03/11	59	19
050	03/12	59	0
051	03/13	155	96
052	03/14	225	70
053	03/15	244	19
054	03/16	277	33
055	03/17	321	44
056	03/18	336	15
057	03/19	400	64
058	03/20	450	50
059	03/21	523	73
060	03/22	626	103
061	03/23	700	74
062	03/24	792	92
063	03/25	880	88
064	03/26	958	78
065	03/27	1041	83
066	03/28	1167	126
067	03/29	1240	73
068	03/30	1352	112
069	03/31	1418	66
070	04/01	1446	28
071	04/02	1518	72

Re-evaluating 180 loaded Individuals...
------------------------------------------------------------------------------------------------------------------------
  000       0.3 -->      0.3  
  002       0.3 -->      0.3  
  001       0.3 -->      0.3  
  003       0.3 -->      0.3  
  007       0.3 -->      0.3  
  004       0.3 -->      0.3  
  005       0.3 -->      0.3  
  006       0.3 -->      0.3  
  008       0.3 -->      0.3  
  009       0.3 -->      0.3  
  010       0.3 -->      0.3  
  011       0.3 -->      0.3  
  012       0.3 -->      0.3  
  013       0.3 -->      0.3  
  015       0.3 -->      0.3  
  018       0.3 -->      0.3  
  020       0.3 -->      0.3  
  014       0.3 -->      0.3  
  016       0.3 -->      0.3  
  017       0.3 -->      0.3  
  019       0.3 -->      0.3  
  021       0.3 -->      0.3  
  023       0.3 -->      0.3  
  022       0.3 -->      0.3  
  024       0.3 -->      0.3  
  026       0.3 -->      0.3  
  027       0.3 -->      0.3  
  030       0.3 -->      0.3  
  032       0.3 -->      0.3  
  025       0.3 -->      0.3  
  028       0.3 -->      0.3  
  029       0.3 -->      0.3  
  031       0.3 -->      0.3  
  035       0.3 -->      0.3  
  033       0.3 -->      0.3  
  034       0.3 -->      0.3  
  036       0.3 -->      0.3  
  037       0.3 -->      0.3  
  038       0.3 -->      0.3  
  039       0.3 -->      0.3  
  040       0.3 -->      0.3  
  041       0.3 -->      0.3  
  042       0.3 -->      0.3  
  043       0.3 -->      0.3  
  044       0.3 -->      0.3  
  045       0.3 -->      0.3  
  048       0.3 -->      0.3  
  049       0.3 -->      0.3  
  050       0.3 -->      0.3  
  053       0.3 -->      0.3  
  046       0.3 -->      0.3  
  047       0.3 -->      0.3  
  051       0.3 -->      0.3  
  054       0.3 -->      0.3  
  052       0.3 -->      0.3  
  055       0.3 -->      0.3  
  056       0.3 -->      0.3  
  057       0.3 -->      0.3  
  058       0.3 -->      0.3  
  059       0.3 -->      0.3  
  062       0.3 -->      0.3  
  060       0.3 -->      0.3  
  061       0.3 -->      0.3  
  063       0.3 -->      0.3  
  064       0.3 -->      0.3  
  065       0.3 -->      0.3  
  066       0.3 -->      0.3  
  068       0.3 -->      0.3  
  072       0.3 -->      0.3  
  067       0.3 -->      0.3  
  069       0.3 -->      0.3  
  070       0.3 -->      0.3  
  071       0.3 -->      0.3  
  074       0.3 -->      0.3  
  073       0.3 -->      0.3  
  075       0.3 -->      0.3  
  076       0.3 -->      0.3  
  078       0.3 -->      0.3  
  079       0.3 -->      0.3  
  080       0.3 -->      0.3  
  081       0.3 -->      0.3  
  085       0.3 -->      0.3  
  077       0.3 -->      0.3  
  083       0.3 -->      0.3  
  084       0.3 -->      0.3  
  082       0.3 -->      0.3  
  086       0.3 -->      0.3  
  087       0.3 -->      0.3  
  089       0.3 -->      0.3  
  091       0.3 -->      0.3  
  088       0.3 -->      0.3  
  090       0.3 -->      0.3  
  092       0.3 -->      0.3  
  093       0.3 -->      0.3  
  094       0.3 -->      0.3  
  095       0.3 -->      0.3  
  096       0.3 -->      0.3  
  098       0.3 -->      0.3  
  097       0.3 -->      0.3  
  099       0.3 -->      0.3  
  100       0.3 -->      0.3  
  102       0.3 -->      0.3  
  103       0.3 -->      0.3  
  104       0.3 -->      0.3  
  101       0.3 -->      0.3  
  105       0.3 -->      0.3  
  106       0.3 -->      0.3  
  107       0.3 -->      0.3  
  108       0.3 -->      0.3  
  109       0.3 -->      0.3  
  110       0.3 -->      0.3  
  111       0.3 -->      0.3  
  112       0.3 -->      0.3  
  113       0.3 -->      0.3  
  114       0.3 -->      0.3  
  116       0.3 -->      0.3  
  117       0.3 -->      0.3  
  118       0.3 -->      0.3  
  119       0.3 -->      0.3  
  115       0.3 -->      0.3  
  120       0.3 -->      0.3  
  123       0.3 -->      0.3  
  125       0.3 -->      0.3  
  121       0.3 -->      0.3  
  122       0.3 -->      0.3  
  124       0.3 -->      0.3  
  126       0.3 -->      0.3  
  128       0.3 -->      0.3  
  129       0.3 -->      0.3  
  131       0.3 -->      0.3  
  127       0.3 -->      0.3  
  130       0.3 -->      0.3  
  132       0.3 -->      0.3  
  133       0.3 -->      0.3  
  134       0.3 -->      0.3  
  136       0.3 -->      0.3  
  139       0.3 -->      0.3  
  138       0.3 -->      0.3  
  140       0.3 -->      0.3  
  142       0.3 -->      0.3  
  135       0.3 -->      0.3  
  137       0.3 -->      0.3  
  141       0.3 -->      0.3  
  145       0.3 -->      0.3  
  143       0.3 -->      0.3  
  144       0.3 -->      0.3  
  147       0.3 -->      0.3  
  149       0.3 -->      0.3  
  146       0.3 -->      0.3  
  148       0.3 -->      0.3  
  151       0.3 -->      0.3  
  152       0.3 -->      0.3  
  153       0.3 -->      0.3  
  150       0.3 -->      0.3  
  154       0.3 -->      0.3  
  155       0.3 -->      0.3  
  157       0.3 -->      0.3  
  159       0.3 -->      0.3  
  160       0.3 -->      0.3  
  163       0.3 -->      0.3  
  156       0.3 -->      0.3  
  158       0.3 -->      0.3  
  161       0.3 -->      0.3  
  164       0.3 -->      0.3  
  162       0.3 -->      0.3  
  165       0.3 -->      0.3  
  166       0.3 -->      0.3  
  167       0.3 -->      0.3  
  169       0.3 -->      0.3  
  168       0.3 -->      0.3  
  170       0.3 -->      0.3  
  171       0.3 -->      0.3  
  172       0.3 -->      0.3  
  173       0.3 -->      0.3  
  174       0.3 -->      0.3  
  175       0.3 -->      0.3  
  176       0.3 -->      0.3  
  177       0.3 -->      0.3  
  179       0.3 -->      0.3  
  178       0.3 -->      0.3  



Population: 180 individuals with SSE 0.27576 to 0.28507, avg eval time 0.008 sec. Top 7:

        SSE |    0.27576      0.27577      0.27578      0.27601      0.27611      0.27612      0.27613  
------------------------------------------------------------------------------------------------------------------------
          L | 3.5574e+06   3.3345e+06   3.6331e+06   2.3461e+06   3.9212e+06   5.2841e+06**  2.369e+06  
          b |    0.10746*     0.28818*     0.44975*      1.5537       0.9116*    0.038048*     0.92787* 
          r |    0.12081      0.11507      0.11884      0.11391      0.11807      0.11929      0.11605  
         rf |    0.78696      0.77371      0.80285      0.78747      0.78273      0.82712      0.81383  
         t0 |     66.999       67.299       67.208       67.254       67.103       67.292       67.333  
         th |      3.922       3.4676       3.7824       3.5784       3.7765       3.9596       3.7934  
------------------------------------------------------------------------------------------------------------------------
Best individual:
<SSE=0.2758 L=3.55741e+06 b=0.107464* r=0.12081 rf=0.786962 t0=66.9991 th=3.92201>

Performing DE with CR=0.8, F=U(0.5, 1.0), DE/rand-1.00/1/bin
------------------------------------------------------------------------------------------------------------------------

SSE=0.27576 on eval 180: L=3.55741e+06 b=0.107464* r=0.12081 rf=0.786962 t0=66.9991 th=3.92201

Press the 'Enter' key to abort.

Generation 1/50  F=U(0.5, 1.0)  N_hist=9180
------------------------------------------------------------------------------------------------------------------------
XX0XXXXXXXX0XXXXXX0XXXXXXXXXXXXX0XX00X0XXXXXXXXXXXXXXX0X1XXXXX0XXXXXX0XXXXXXXXX0XXXXXXXXXXXXXXXXXXX0XXXXXXXXXXX0XXX0XXXX
XXX0XXXXXXXX0XXXX0XXXX0XXXXXXXX00X0XXXXX0XXXXXXXXXXXXXX0XX0X


Generation 2/50  F=U(0.5, 1.0)  N_hist=9360
------------------------------------------------------------------------------------------------------------------------
000XXX0XX000XXXXXXXXXXXXXXXXXXXXXXXXXXXX0XXXXXXXX0XXX1+XXXX0XXXXXXXXXXX00000000XXXXXXX0XX0XXXXX0XXXXXXXXXXXXXXX0XXXXXXXX
XXX0XXXXXXXXXXXXXXXX0XXXXXXX0XXXXXXXXXXXX0XXXXXXXXXXXXXX0XXXX


Generation 3/50  F=U(0.5, 1.0)  N_hist=9539
------------------------------------------------------------------------------------------------------------------------
000000X00XXXXXXXXXXXXXX0XXXXX0XXXXXX1X000XX0XXXXXXXXXXXXXXX0X000XX000XXXXX0X0XXXXXXX0XX0+0XXXXXXXXXXXXXXXXX0XXXXXXXXXXXX
XXXXXXXXXXXXXXXXXX0XXXX0XXXXXXX0+0XXXXXXXXXXX0XXXXXX00XXXXXXXX


Generation 4/50  F=U(0.5, 1.0)  N_hist=9720
------------------------------------------------------------------------------------------------------------------------
00XXXXXX0XXXXXXXXXXXXXXXX0XX0XX0XX0XX0X0X0XXX00XXXX0XXXXXXXXXXX0XXX0XXXX0XXXXXXXXXXXXXXXXXXXXXXXXXX0XXXXXXXXXXXXXXXXXXXX
XXXXXXX0XXXXXXXXXXXXXXXXX0X0XXXXXXXXXXXXXXXXXXXXXXXXXXXXXX0X


Generation 5/50  F=U(0.5, 1.0)  N_hist=9899
------------------------------------------------------------------------------------------------------------------------
0XXXXXXXXXXX0XX0XXXXX0X0XXXXXXXXXXXXXXXXXXXXXXXXXXXXX0XXXXX0X0XXXXXXXXXX000XX0XXXXXXXXXXX0XXXXX0XXXXXXXXXXXX00XXXXXXXXX0
0XXXXX0XXXXXXXXXXXXXXX00XXXXXXX00XXXXXXXXXXXX00XXXXX0XXXXX0X


Generation 6/50  F=U(0.5, 1.0)  N_hist=10080
------------------------------------------------------------------------------------------------------------------------
000000000XXXXXXXXXXXXXXXXXX000XX0XXXXXXXX0XXXXXXXXXXX0XXXXXXX0X0XXXXXXXXXXXXXXXXXXXXXXX0XXX0XXXXXXXXXXX00XXX0XXXXXXX000X
0X0XXX00XXXXXXXXXXXXXXXXXX0XXXXXXXXXXXX00XXXXX0X0XXXXXXXXXXX


Generation 7/50  F=U(0.5, 1.0)  N_hist=10260
------------------------------------------------------------------------------------------------------------------------
0000X000XX0XXXXXXXXXXXXXXXXXXXXXXXXXXXXXX000XX0XXXXXXXXXXXXXXXXXXXXXXXXXXXXXXXXXXXX00XXXX0XXXXXXXX0XXXXXXX0X00XXXXXXX0XX
XXXXXXXXXXXXX0X00XXXXXXXXXXXX0X00XXXXXXXXXXXXXXXXXXX00XXXXXX


Generation 8/50  F=U(0.5, 1.0)  N_hist=10440
------------------------------------------------------------------------------------------------------------------------
00XX0XXXXXXXX0XXX0X0X0XXXXXXXXXXXXXXXXXXXXX0XXXXXXX0XXX00XXXX0XX0XXXX0XXXXXXXXXXXXXXXXXXXXX0XXXXXXX0XXXXX0XXXXX0X00XXXXX
0XXXXXXXXXX000X00XXXXXXXXX0XXXXXXXXXXX00XXXXXXXXXXXXXXXXXXXX


Generation 9/50  F=U(0.5, 1.0)  N_hist=10620
------------------------------------------------------------------------------------------------------------------------
00000X00000XXXXXXXXXXXX0XXXXXXXXXXXXXXX0000XXXXX0XX0X000XXXXXXXXXXX0XXXXXXXXXXXX0XX0XX0XXX0XXXXXXXXXXXXXXXXXXXXXXXXXXXXX
XXX0XXXXXXXXXX0XXXXXXXXXXX00XXX0XXXXXXXXXXXXXXXXXXXXXXXXXX0X


Generation 10/50  F=U(0.5, 1.0)  N_hist=10799
------------------------------------------------------------------------------------------------------------------------
0000X000000X00XXX0XXXXXXXXXXXXXXX0XXXXXXXXXXXXXX00XXX0XXXXXXXXXXXXXXXXXXXXXXXXXXX0XXXXXXXXX0X0X0XXXXXXXXX0XXXXXXX0X00XXX
XXXXX0XXXXXXXXXXXXXXXXXXXXXXX0XX00X0X0XXXXXXXXXXXXXXXXXXXXXX


Generation 11/50  F=U(0.5, 1.0)  N_hist=10980
------------------------------------------------------------------------------------------------------------------------
0000X00XXXXX000XXXXXXXXXXXXXXXXXXXXXXXXXXXXXXXXXXXXXX0XXX0XXXXXXXXXXX0X00XXXXXX0XXXXXXXXXXXXXXXXXXXXXXXXXXXXXXXXXX00X000
XXXX0XXXXX0X0XXXXXXXXXXXXXXXXXXXXXXXXX0XXXXXXXXXXXXXXXXXXXXX


Generation 12/50  F=U(0.5, 1.0)  N_hist=11160
------------------------------------------------------------------------------------------------------------------------
000X000XXX0X0XXX0XXXXXXX0X0XXXXXXXXXXXXXXXXXXXXXXXXXXXXXXXXXXXXXXXXX00000XXX0XXXXX0XX0XXXXXXXXXXXXX000XXXXXXXXXXXXX0XXX0
XXXXXXXXXXXXX00XXXXXXXXXXXXX0XXXXX0000XXX0XXXXXXXXXXXXXXXXX0


Generation 13/50  F=U(0.5, 1.0)  N_hist=11339
------------------------------------------------------------------------------------------------------------------------
000000XXXXXXXXXXXXXXXXXXXXXXXXXXXXXXXXXX0XX000XXXX0XXXXX0XX00XXXXXXXXXXXX0XXXXXX0XXXXXXXXXXXXXX0XXXX0XXX0+XXX0XXXXXXXXXX
XXXXXXXXXXX0XXXXXXXXXXXXXXXX0XXXXXXXX0XXXXXXXXXX0XXXX0XXXXXXX


Generation 14/50  F=U(0.445, 1.0)  N_hist=11520
------------------------------------------------------------------------------------------------------------------------
00X0XXXXXXXXXX0XXXXXXX0XXXXXXXXXXXXX0XX0XXXX0XXXXXXXXXXXXXX0X0XXXXXXXXXXXXX0X0XXXXXXXXXXXX0XXXXXXXXXXXXXXXXXXXXXXXXX0XX0
0XXXXXXXXXXXXXXXX0XXXXXX00XXXXXXXX0XXXX0XX00XXXXXX0X00XXXXXX


Generation 15/50  F=U(0.493056632402, 1.0)  N_hist=11698
------------------------------------------------------------------------------------------------------------------------
0X0XXXXXX0+0XXXXXXXXXXXX0XXXXXXXXXX00XXXXXXXX0XXXXXXX0X0XXXXXXXXXXXXXX0XXXXXX00XXXXXXXX00XXXXXXXX0X0XXXXXXX0XXXXXXX00X0X
X0XX00XXXXXXXXXXXXXXX0X0XXX000XXXXX0XXXXXXXXXXXXXXXXXXXXXXXXX


Generation 16/50  F=U(0.5, 1.0)  N_hist=11880
------------------------------------------------------------------------------------------------------------------------
0X0XXXXX0XXXXXXX0X00XXXXXXXX0XX0XXXX0XXXXXXXXXXXXXXXXXXXXXXXXXXXX0X000X00XXXXXXXXXXXXXXXXXXXXX0XXXX0XX0X0XXXXXXX0X0X0XXX
XXX0000XXXXXXXXXXXXXX0XXXX0XXXXXXXXXXXXXXXXXXXXXXXXXXXXXXXXX


Generation 17/50  F=U(0.5, 1.0)  N_hist=12060
------------------------------------------------------------------------------------------------------------------------
00XXXXX00XXXXXXXXXX0XXXXXXXXXXXXXXXXXXXXXXXXXXXXXXXXXXXXX0XXXXXXXX0X0XXXXXXXXXXX0XXXXXX0XXXXXXXXXXXXXX00XXXXXXX00XXXXXXX
XX0XXXXXXXXXX000XXXXXXXXXXXXXXXXXXXXXX0XXXXXXXXXXX0XXXXXXXXX


Generation 18/50  F=U(0.5, 1.0)  N_hist=12240
------------------------------------------------------------------------------------------------------------------------
00X0XXXXXXXXXXXXXXX0XXX0XXXXXXXXXXX0XXXXXXXXXXXXXX0XXXXXXXXXXXXXXXXX000X0XXXX0X0X0XXXXXXXXXXXXXX0X0XXXXXXXXXXXXXXXXXXXXX
XXXXXXXXXXXXXXXXXXXXX00XXXXXXXX0XXXXXXXXXXXXXXXX0XXXXXXXXXXX


Generation 19/50  F=U(0.5, 1.0)  N_hist=12419
------------------------------------------------------------------------------------------------------------------------
0000X0XXXXX0XXXXXXXXXXXXX0XXXXX0+XXXX00XXXXXXXXXXXXXXXXXXXXXXXX000XXXXXXXXXXXXXX00XXXXX0XXXXX0X000000XXXX0XXXXX0XXXXXXXX
XXXXXXXXXX0XXX0XX0XXX0XXXXXXXXXXXXXXXXXXXXXXXXXXXXXXXXXXXXXXX


Generation 20/50  F=U(0.5, 1.0)  N_hist=12600
------------------------------------------------------------------------------------------------------------------------
00000X00X0XXXXXXXXXX00X00XXXXXXXXXXXXXX0XXXXXX0XXXXXXXXXX00X0X0XX0XXXXXXXXXXXXXXXXX0XXX000XXXXXXX0XXXXXXXXXXXXXX000XXXXX
X000XXXXX000X0XXXX0XXXX0XXXXXXXXXXXXXXXXXXX0XXXXXXX0+XXXXXXXX


Generation 21/50  F=U(0.5, 1.0)  N_hist=12780
------------------------------------------------------------------------------------------------------------------------
0000XXX0XXXXXX0XXXXXXXXX00XXXXXXXX00XX000XXXX000X0XXXX0XXXXXXXXXXX0XXXXXXX0XXXXXXXXXXX0XXXXXXXX0+XXXXX0XXXXXXXXXXXXXXXXX
X0XXX000XXXXXXXXXXXXXXXXXXXXXXXXXXXXXXXXXXXX0XXXXXXXXXXXXXXXX


Generation 22/50  F=U(0.5, 1.0)  N_hist=12960
------------------------------------------------------------------------------------------------------------------------
00000XXXXXXX0XXXXXXXXXXXXXX00XXX0XXXXXXXXXXXXX00XXXXXXX0X00X0X0X0X0X0XXXXXXXXXXXXXXXXXXXXXXXXXXXXXXXXXXX000XXXXXXXX0XXXX
XXXXXXXX0XXX0XXXX0XXXXXXXXXXXXXXXXXXXXXXXXXXXXXXXXXXXXXXXXXX


Generation 23/50  F=U(0.5, 1.0)  N_hist=13140
------------------------------------------------------------------------------------------------------------------------
00000X0XX0XXXXXXXXXXX000X0XXX0XXXXXXX00XXXXXXX0XXXXXXXX0XXXXXXXXXXXXX00+00X0000XXXX0XXXXXXXXXXXXXXXX0XXXXXXXXX00XXXX0XXX
XXXXXXXXX0XXXX00X0XXXXXXXXXXXXXXXXXXXXXXXXXXXXXXXXXXXXXXXXXXX


Generation 24/50  F=U(0.5, 1.0)  N_hist=13320
------------------------------------------------------------------------------------------------------------------------
000+0X0000X00XXXX0XXXXXXXXXXXX0XXXXXXXX0XXXXX0000XXXXXXXXXXXXXXXXXXXXX0XXX0XXXXX0XXXXXXX0XXXXXXXXXXXX00X0XXXXXXXX0XXXXXX
XXXXX00XXXXXXXXXXXXX0XXXX0XXXXXXX0XXXXXXXX0XXXXXXX00X0XXXXXXX


Generation 25/50  F=U(0.5, 1.0)  N_hist=13500
------------------------------------------------------------------------------------------------------------------------
000000X0XXX0XXXXXXX0XXX00XXXXXXXXXXXXXXXXXXXXX0XXXXXXXXXXXXXXXX0XXXXXXXXXXXXXXXX0XXXXXXXXXXXXXXXX0XXXX0XXXXXX0X0XXXXXXXX
0X00XXXXX00XXXX00XXXX00XXXXXXXXXXXXXXXXXXXXXXXXXXXXX0XXXXXXX


Generation 26/50  F=U(0.5, 1.0)  N_hist=13679
------------------------------------------------------------------------------------------------------------------------
0000XXXXX0XXXXXXXXXXXXXX0XXXXXXXXXXXXXXXXXXXXXXXXXXXX0XXXXXXXXXXX0XXXX0XXXXXXXXXXXXXX00XX00XXXXXXXXXXXXXXXXXX0XXXX0XXXXX
XXX0X0XX00XXXXXXXXXXXXXXXXXX0XXXXXXXXXXXX0X0X00XXXXXXXXX0XXX


Generation 27/50  F=U(0.5, 1.0)  N_hist=13859
------------------------------------------------------------------------------------------------------------------------
000X0XXXXX0XXXXXXXXXXXXXXXX0XX0XXXXXXXXXXXXXXX0000XXXXXXXXXX0XXXX0XX0XXXXXXX00XXXXXXXXXXXXXXXXXXXXXXXXXXX0XXXXX0X0XXX00X
XXXXXXXXXXXXXXXX0XXXXXXXXXXXXXXXXXXXXXXXXXXXXXXXXXXXXXXXXXXX


Generation 28/50  F=U(0.445, 1.0)  N_hist=14040
------------------------------------------------------------------------------------------------------------------------
00+X0XXX0XXXXXX0XXXXX0XXXXXXXXXXXXX0X0XXXXXX0X0X0XXXXXX00XX0XXXXXXXXXXXXXXXXXXXXXXXXX00XXXXXXXXXX0XXXXXXXXXXXXX00XXX00XX
XXXXXXXXXX00+0X0XXXX00XXXXXXXXXXXXXXXXXXXXXXXXXXXXXXXXXXXXXXXX


Generation 29/50  F=U(0.493056632402, 1.0)  N_hist=14220
------------------------------------------------------------------------------------------------------------------------
0000X000XXXXXXXXXXXXXXXX0XXXXXXXX0XXXXXXXX00X0XXXXXXXXXXXXXXXXX0X0XXXXXXXXXX0XXXXXXXXXX0XXXX0XXXXXXXXXXXXXXXX0XXX0XXXXXX
XXXXXXXXXXXXX0XXXXXXX00XXXX0XXXXXXX0XXXXXXXXXXXXXXXXXXX0XXXX


Generation 30/50  F=U(0.5, 1.0)  N_hist=14400
------------------------------------------------------------------------------------------------------------------------
000X0XXX00XXXXXXXX0X0XXXXXXXXXX0XXX0XXXXX0000000000XXXXXXXXXX0XXXXXXXXXXX0+X00XXXXXXXXXXX0XXXXXXXXXXXXXXXXXXXXX0XXXXXX0X
XXXX00XXXXXXXXXXXXXXXXX00XXXXXXX000X00XX0XXXXX0XX0XXXXXXXXXXX


Generation 31/50  F=U(0.5, 1.0)  N_hist=14580
------------------------------------------------------------------------------------------------------------------------
000X00XXXX0000XX000XXXXXXXXXX0XXXXXXXXXXXXXXXXXXXXX0XXXXXXXXXXX0XXXXXXXXXXXXXXXXXXXXXXX0X0X0X0XXXXXXXXXX0XXXXXXXXXXXXXX0
0XX0XXX0XXXXXXXXXXXXXXXXXXXXXXXX0XXXXX00XXXXXXXXXXXXXXXXXXXX


Generation 32/50  F=U(0.5, 1.0)  N_hist=14760
------------------------------------------------------------------------------------------------------------------------
00X000X000X0XX0XXXXX0XXXXXXX0XXXX0XXXXXXXXXXXXXX0XXXXXX0XXXXXXXXXXXXX0XXXXXXX00XX0XXXXXXXXXX0XXXXXXXXXXXX000X0XXXXXXXXXX
XXXX0XXXXXXXXXXX00XXXXXXXXXXXXXXXX0X0XXXXXXXXXXXXXXX0XXXXXXX


Generation 33/50  F=U(0.5, 1.0)  N_hist=14940
------------------------------------------------------------------------------------------------------------------------
00000X0XXXXXXXXXXXXXXXX00XXXXXXXXXXXXXXXXXXX0X00XXXXXXXXXXXXXXXXXXXXXXXXXX0XXXXXXXXXX0X0X0XXXX00000X0XXXXXXX0XXXXXXXX0XX
XX0XXXXXX0XXXXX00XXX0000XXXXXX0XXX0XXXXXXXXXXXXXXXXXXXXXXXXX


Generation 34/50  F=U(0.5, 1.0)  N_hist=15120
------------------------------------------------------------------------------------------------------------------------
0000XXXXXX0XX0X00X0XXXXXXXXXXXX0XXXXXXXXXXXXXXXXXXXXXXXXXXXXXXX0XXXX00XXXXXXXXXX0XXXXXXX00XXXXX0XXXXX0XXXXX0X0XXXX0XXXXX
XX0XXXX00XXXXX0XXXXXXX0XXXXXXXXXXXX0XX0XXXXXXXXX0XXXXXXXXXXX


Generation 35/50  F=U(0.445, 1.0)  N_hist=15300
------------------------------------------------------------------------------------------------------------------------
000X00XXX0XX0XXX0XX0XXXXXXXXXXX0X00X0XX0X0XXXXXXXXXXX0XXX0XXXXXXXXXXXXXXX00X0XXXXXXX0XXXXXXXXXXXXXXXXXX000XXXXXX00X00000
XXXX0XXXXXXXXXXXXXXXXXXXXXXXXXXXXXXXXXXXXXXXXXXXXXXXX0XXXXXX


Generation 36/50  F=U(0.493056632402, 1.0)  N_hist=15480
------------------------------------------------------------------------------------------------------------------------
000X00XXXX0XXXXXX0XXXXXXXXXXXXXXXXXXXXXXXXX00XXXXX0XX0XXXXXXXXXX000000XXXXXXXXX0XXXX0XXXX00X0XXX0XXXXXXXXXXXXXXXX00XX0XX
X0XXXXXXXXX0XXXXXXXXXXXX0XXXX0X0XXXXXXXXX0XXXXXXXXXXX0XXXXXX


Generation 37/50  F=U(0.5, 1.0)  N_hist=15660
------------------------------------------------------------------------------------------------------------------------
000000X0XXXXXX0X0XXXX00XXXXX000000XXXXX0XXXXXXXXXXXX00000X0X0XXXXXXXXXXXX0XXXXXXXXXXXX0XXXXXXXXXXX0XXXXXXXXXXXXXX00X00XX
XX0XXXXXXXXXXXXXX0X00X0XXXXXXXXXXXXXXXXX0XXXXX0X0XXXXXX0XXXX


Generation 38/50  F=U(0.5, 1.0)  N_hist=15838
------------------------------------------------------------------------------------------------------------------------
000XXXX0X0XXXXX0XXXXXXXXXXXX0XXXX0XXXXXXX0XXXXXXXXXX0XXXXXXX00X00XXXXXXXX00XXXXXXXXXXXX00X00XXXXXXXXX0XXX000XXXXXXXXXXX0
X0XXXXXXXXXXXXXXXXXXXXXXX0000XXXXXXXXXXXX0XXXXXXXXX0XXXXXX0X


Generation 39/50  F=U(0.5, 1.0)  N_hist=16019
------------------------------------------------------------------------------------------------------------------------
0XXXXX0XX00XXXX000XXXXXXXXXXXXXXXXXXX0XXXX00XXXXXXXXXXXXXXXX000XXX0X0X0XXXXXXXXXXXXXXXXX000X000XXXX0XXXX0XXXXXXXXXXXXXXX
XXXXXXXXX0XXXXXXXX000X0XXXX00XXXXXXXXXXXXXXXXXXXXXXX0XXXXXXX


Generation 40/50  F=U(0.5, 1.0)  N_hist=16199
------------------------------------------------------------------------------------------------------------------------
000000X0X0XXXXXXXXXXX000XXXXXX0XXXXXXXXXXXXXXX0XXXXXXXXXXXXX00XXXXXXXXXX0XXXXXXX00XXXXXXXX0000X0XXX00XXXXXXXXXXXXXXXXXXX
XXXXXXXXX0XXXXXXXXXXXXXXXXXXXXXXXXX0XXXXXXXXXXXXXXX000XXXX0X


Generation 41/50  F=U(0.5, 1.0)  N_hist=16380
------------------------------------------------------------------------------------------------------------------------
00X0XXX0XX0XXXX0XXXXXXXX00XXXXX0X0XXXXXXX0X0XX0XXXXXXXXXXXXXXXX00XXXXXXXX00XXXXXXXXX00XXXXXXXXX0XXXX0XXXXXXXXXXXXXX00XX0
XXXXXX0XX0XXX0XXXXXXXXXXX0XXXXXX0XXXXXXXXXX0XXXXXXXXXXXXX0XX


Generation 42/50  F=U(0.5, 1.0)  N_hist=16560
------------------------------------------------------------------------------------------------------------------------
000XXXXX0XX0XXXXXXXXXXXXXXXXXXXXX0XXXX0XX0XXXXXXXXXXXXX00X0XXXXXX00000XXXXXX000X0XX0XXXXXXXXXXX0XXXXXXXXXXXX0XXXXXXX0X00
XXX0XXXX00XXXXXXXXXXX0XX00XXXXXXXXXXXX0XXX0XXXXXXXX0XXXXXXXX


Generation 43/50  F=U(0.5, 1.0)  N_hist=16740
------------------------------------------------------------------------------------------------------------------------
00XXXX0XXX00X0XXX0XXXXXX0XXXX0XXXXXXXXX00XXXXXXXXXXXXX00XXXX0XX0XXXXXXXXXXXXX00XXXXXXXXXXXXXXXXXXXXXXXXXXXXXX0XXXXXXXXX0
00X0XXXXXXXXXXXX00XXXXXXX0XXXXXXXXXXXXXXXXXX0XXXXXXXXXX00X0X


Generation 44/50  F=U(0.5, 1.0)  N_hist=16920
------------------------------------------------------------------------------------------------------------------------
0000XXXX0X0XX0X00XXXXXXXXXXXXXXXXXXXXXXXXXXXXXXXXXXXXXXXX0X0XXXX0XXXXXXXX0XX000XXXXXXXX0XXXXXXXXXXXX00XXXXXXXXXXX0XXXXXX
0XXXXXXXXXXXXXX0X0XXXXXXXXXXXXXXXXXXXXXXXXX0XXX0XXXXXXXXXXXX


Generation 45/50  F=U(0.5, 1.0)  N_hist=17100
------------------------------------------------------------------------------------------------------------------------
00000XXXXXXXXXXXXX00XXXXXXXXXXXXXXXXXXXX0XXXX0XXXXXXXX0000XXXXXXXXXXX0X0XXXXXXXXXXXX0XXXX0XXXXXXXXXX0XX0XXXXXXXXXXXXXXXX
XXXXXX0XXX00XX000XXXXXX0XXX000XXXXXXXXXXXXXXXXXXXXXXXXX0XXXX


Generation 46/50  F=U(0.5, 1.0)  N_hist=17280
------------------------------------------------------------------------------------------------------------------------
000X0X00X00XXXXXXXXXXXXX00XX0XXXXXXXX0XXXXXXXX0XXX00XXXXXXXXXXXXXXXXX00+0XXX0XXXXXXXXXX0XXXX0XXXXXXXX00X00XXXX0XXXXXXXXX
XX0XXXX00X0XXXXXXXXXXXXX0XXXXX0XXXXXXXXXXXXXXXXX0XXXX0XXXXXXX


Generation 47/50  F=U(0.5, 1.0)  N_hist=17460
------------------------------------------------------------------------------------------------------------------------
00X00XXXXXXXXXXXXX0XXXXXXXX0XXXXXXX00XXXX0XXXXXXXXXXXXXXXXXXXX0XXXXXX00XX00+X0XXXXXXXXXXXXXXXXXXXXXXXX000XXXXX0XXXX0XXXX
0XXXXXXXXX0X0XXXXXXXXXXXXXXXXXXXXXXXXXXXXX0XXXXXXXXX0XXXXXXXX


Generation 48/50  F=U(0.5, 1.0)  N_hist=17640
------------------------------------------------------------------------------------------------------------------------
0000XXX0XXXXXXXXXXXXXXXXXX0XXXXXXXXXXXXXXX0XXXXXXX0XXXXXXX0XXXXXXX00000X00XXXXXXXXXXXXXXXX00XXXXXXXXXXXXXXXXXXX0X0XXXXXX
XXXXXX0XXXXXX0X00XXXXXXXXXXXXXXXXXX0XXXXXXXXXXXXX0XXXXXXXXXX


Generation 49/50  F=U(0.445, 1.0)  N_hist=17820
------------------------------------------------------------------------------------------------------------------------
00XXXX0X0XXXXXXXXX0XXXXXXXXXXXXXXXXXXXXXXX0XXXXXX00XXXXX0XXXX0XXX0XX00XXX0XXXXXXXX0XXXXX0XXXXXX0XXXXXXXXXX00X0XXXXXXXX0X
XXXX0XXXXX0XXXXXX0XXXXXXXX0XXXXXXXXXXXXXXXXXXXXXX0X0XXXX0X0X


Generation 50/50  F=U(0.39605, 1.0)  N_hist=17996
------------------------------------------------------------------------------------------------------------------------
000000X0XXXXX0XXXXXXX0XXX0XXX0XXXXXXXXXXXXXXX0XXXXXXXXXXXXX0XXXXXXX0XXXXXXXXXX0X00X0XX0XXXXXXXX00XXX0X0XXXXXXXXXX0XXXXXX
XXXX0XXXXXXXXXXXXXXXXXXXXXXXXXXX0X0XXX0XXX0XXXXXXXXXXXXXXXXX

Maximum number of iterations reached.

SSE=0.27532 on eval 9180: L=5.25152e+06** b=0.0188291* r=0.117202 rf=0.787503 t0=67.1539 th=3.74562


Shutting down DE...
DE shutdown complete.

Final population:
Population: 180 individuals with SSE 0.27532 to 0.27548, avg eval time 0.0279 sec. Top 7:

        SSE |    0.27532      0.27532      0.27533      0.27533      0.27534      0.27534      0.27534  
------------------------------------------------------------------------------------------------------------------------
          L | 5.2515e+06** 1.4822e+05*  4.6903e+06   2.8301e+06   3.9553e+06   3.1612e+06   4.0164e+06  
          b |   0.018829*    0.014446*   0.0031642*   0.0017707*   0.0040323*   0.0045339*    0.023473* 
          r |     0.1172      0.11735      0.11728       0.1182      0.11788      0.11741      0.11728  
         rf |     0.7875      0.78241      0.79168      0.79393      0.79026      0.78988      0.78951  
         t0 |     67.154        67.18       67.181       67.149       67.137       67.186       67.172  
         th |     3.7456       3.6771       3.7981       3.8334       3.7942       3.7636       3.7634  
------------------------------------------------------------------------------------------------------------------------
Best individual:
<SSE=0.2753 L=5.25152e+06** b=0.0188291* r=0.117202 rf=0.787503 t0=67.1539 th=3.74562>


Elapsed time: 239.10 seconds

Saved final population of best parameter combinations to covid19.dat
Shutting down...
Task Queue is shut down
Goodbye
