Decompressing and parsing covid19.csv.bz2...
Cumulative and new cases reported thus far for United Kingdom
------------------------------------------------------------------------------------------------------------------------
000	01/22	0	0
001	01/23	0	0
002	01/24	0	0
003	01/25	0	0
004	01/26	0	0
005	01/27	0	0
006	01/28	0	0
007	01/29	0	0
008	01/30	0	0
009	01/31	2	2
010	02/01	2	0
011	02/02	2	0
012	02/03	2	0
013	02/04	2	0
014	02/05	2	0
015	02/06	2	0
016	02/07	3	1
017	02/08	3	0
018	02/09	3	0
019	02/10	8	5
020	02/11	8	0
021	02/12	9	1
022	02/13	9	0
023	02/14	9	0
024	02/15	9	0
025	02/16	9	0
026	02/17	9	0
027	02/18	9	0
028	02/19	9	0
029	02/20	9	0
030	02/21	9	0
031	02/22	9	0
032	02/23	9	0
033	02/24	13	4
034	02/25	13	0
035	02/26	13	0
036	02/27	15	2
037	02/28	20	5
038	02/29	23	3
039	03/01	36	13
040	03/02	40	4
041	03/03	51	11
042	03/04	85	34
043	03/05	115	30
044	03/06	163	48
045	03/07	206	43
046	03/08	273	67
047	03/09	321	48
048	03/10	382	61
049	03/11	456	74
050	03/12	456	0
051	03/13	798	342
052	03/14	1140	342
053	03/15	1140	0
054	03/16	1543	403
055	03/17	1950	407
056	03/18	2626	676
057	03/19	2689	63
058	03/20	3983	1294
059	03/21	5018	1035
060	03/22	5683	665
061	03/23	6650	967
062	03/24	8077	1427
063	03/25	9529	1452
064	03/26	11658	2129
065	03/27	14543	2885
066	03/28	17089	2546
067	03/29	19522	2433
068	03/30	22141	2619
069	03/31	25150	3009
070	04/01	29474	4324
071	04/02	33718	4244
072	04/03	38168	4450

Initializing 180 population members having 6 parameters
------------------------------------------------------------------------------------------------------------------------

SSE=10.394 on eval 1: L=4.29442e+08 b=4.83011 r=0.197776 rf=0.288965 t0=66.9344 th=0.360785

*11111111212121111111111112111112111111!111111

SSE=10.15 on eval 47: L=5.70888e+08 b=1.00341 r=0.209575 rf=0.384757 t0=65.6851 th=0.491497

!11111111111

SSE=9.885 on eval 59: L=5.87262e+08 b=1.16558 r=0.218104 rf=0.373092 t0=66.0818 th=0.899596

!1111111111112111111111111111121111121111211111111111111111112
111112011212111121111111121111111111211111111110112111111111

Population: 180 individuals with SSE 9.885 to 22.464, avg eval time 0.281 sec. Top 7:

        SSE |      9.885       10.068       10.081        10.15       10.168       10.238       10.247  
------------------------------------------------------------------------------------------------------------------------
          L | 5.8726e+08   4.0577e+08   1.5553e+08   5.7089e+08   2.2085e+08   4.0062e+08   1.9811e+08  
          b |     1.1656       7.6555       7.8329       1.0034       0.8143       4.1879        8.257  
          r |     0.2181      0.19838      0.20598      0.20957      0.22523      0.21863      0.20087  
         rf |    0.37309       0.3171      0.32818      0.38476      0.37162      0.39626      0.35338  
         t0 |     66.082       66.387       66.535       65.685       65.335       66.628       65.714  
         th |     0.8996      0.57917      0.51337       0.4915      0.86644      0.27149      0.67088  
------------------------------------------------------------------------------------------------------------------------
Best individual:
<SSE=9.8850 L=5.87262e+08 b=1.16558 r=0.218104 rf=0.373092 t0=66.0818 th=0.899596>


Population: 180 individuals with SSE 9.885 to 22.464, avg eval time 0.281 sec. Top 7:

        SSE |      9.885       10.068       10.081        10.15       10.168       10.238       10.247  
------------------------------------------------------------------------------------------------------------------------
          L | 5.8726e+08   4.0577e+08   1.5553e+08   5.7089e+08   2.2085e+08   4.0062e+08   1.9811e+08  
          b |     1.1656       7.6555       7.8329       1.0034       0.8143       4.1879        8.257  
          r |     0.2181      0.19838      0.20598      0.20957      0.22523      0.21863      0.20087  
         rf |    0.37309       0.3171      0.32818      0.38476      0.37162      0.39626      0.35338  
         t0 |     66.082       66.387       66.535       65.685       65.335       66.628       65.714  
         th |     0.8996      0.57917      0.51337       0.4915      0.86644      0.27149      0.67088  
------------------------------------------------------------------------------------------------------------------------
Best individual:
<SSE=9.8850 L=5.87262e+08 b=1.16558 r=0.218104 rf=0.373092 t0=66.0818 th=0.899596>

Performing DE with CR=0.8, F=U(0.5, 1.0), DE/rand-1.00/1/bin
------------------------------------------------------------------------------------------------------------------------
Press the 'Enter' key to abort.



Generation 1/75  F=U(0.5, 1.0)  N_hist=180
------------------------------------------------------------------------------------------------------------------------
X11XX11X2X1X1X0X1X11X1X11111X11XX1X11X1X21X111XX10X1X1X2X11X1XX01X11XXX1X101XX110111X1XXX1X10X110XXX21111X21X1111XXX11X0
XXX0X1XX1X02XX1111X11XX111XX1X11121X00XXXX1X1X1XX11XX11X1111


Generation 2/75  F=U(0.5, 1.0)  N_hist=360
------------------------------------------------------------------------------------------------------------------------
0XXXX1XXXX0X11XX11XX1XX1XX111111111X1XXXXX1XXX100X110XXX1X1XX11X11XXX1X1X1XXXXX01XX1111XXXXXXX1XX111X1X111XXXXXX00X11XXX
X11XX0XXX100X1XXXXXX01X2XXXXXX0XXX11X1X1101XXXXXXX1XXX01X001


Generation 3/75  F=U(0.5, 1.0)  N_hist=540
------------------------------------------------------------------------------------------------------------------------
XXX1X1XXX111111XXXXXXXXX1XXXXXXXXXX1XXX1XX110XX1XX0XX0X1XXX10XXX11XX1XXXXXX1XXXXXXX0X1XX1X11+XXX0XX1X1X1XXXX11X111XXX100
1XXXXXX10X0XX1XXXX11XX0XXXXX01X1XXXXX11X11X1X11XXXX11XX0X0X0X


Generation 4/75  F=U(0.5, 1.0)  N_hist=720
------------------------------------------------------------------------------------------------------------------------
XXXX0XXXXXX10X1X11111XX1XX111X111X0XXXXX01XX1XX1XXXX10+11X0X1XXXX1XX1XXX1XXX1XXX0X0XXXXXX101XXX0XXXXXXX011X11XXX0X0X0X1X
1XXXXXX1XXXXX1XX11XXXX0XXXX1XXX0XXXX1X00X0XX0X11X1XX1XXXXXXX1


Generation 5/75  F=U(0.5, 1.0)  N_hist=900
------------------------------------------------------------------------------------------------------------------------
XXXXXXXX01XXXXXXX1X10XXXXX0XXXXXX1XX1X1XX1XX0XXXXXXXXXXXX1XX1XXX1X01XXX1XXX111X1XXXX000XX00XX11XXXXX11XXXXX1X10X01XX0X10
XXX1XXXX111XX1X1XXXX10X1X1X1XXXXXX0X1XX00XXXXXXX1X01XXXXXXX1


Generation 6/75  F=U(0.5, 1.0)  N_hist=1080
------------------------------------------------------------------------------------------------------------------------
0XX01XXXX0XX1XXXX1X1XXX0XX1XX0XXXXXX1XXXXXXXXXXXXX1XX1X1100X1XXXX0X0XXXX1X0X0XX0XXXXXX1XX0X0XX0XX10XXXXXXXX11XXXX0XXXXXX
01XXX0XXXXX11XXXXXXXXXX1X1X0XX00X111XXX11XX1XXXX1X0XXXXXXXXX


Generation 7/75  F=U(0.5, 1.0)  N_hist=1260
------------------------------------------------------------------------------------------------------------------------
XXXXX0XXXX1XX011XX1XXXXX1X0XXXXXXXXXXXX1X0XXXXXXXXXXXXXXX000X0X1X1XXXXX1XX10XXXXXX0XX0XXXX01XXX0X1XXXXXXXXX1XX0XXXXXXXX0
XXX1X1X1X1X100XXXXXX1XXX01XX0XXXX00XXXX0XXX0XX0XXX0XXX1X101X


Generation 8/75  F=U(0.5, 1.0)  N_hist=1440
------------------------------------------------------------------------------------------------------------------------
X0XXXX10XXX1XXXXXXXXXXXX0XX0XX0X0XXX1XX0XXXX0X0X000XXXXXX10X010X00110+XXXXXXX00XXXXXX0XX0XXXXX0XXXXX110X0XXXXXXXX1XX0XXX
0X10XXXXXXXXXXX1XXXX0XX01XX1XXXXXX00XXXXXXXXXXXXXX1XXXXXXXXXX


Generation 9/75  F=U(0.5, 1.0)  N_hist=1620
------------------------------------------------------------------------------------------------------------------------
01X0000X100XXXX00XXXX0XX0XXXX0XXXX0XXXXXXXXX1XXX10XXX0XXX0XXX1XXXXX00X01XXXXXXXXXX00XX0X00XXXXX0XXXXXXXXXXX00XX10XXXXXX0
XXX1XXXXXXXXXXXXXXXX1XXXXXX11X0XXXXXXXXX00X10X0XXXXXXX0XXXXX


Generation 10/75  F=U(0.5, 1.0)  N_hist=1800
------------------------------------------------------------------------------------------------------------------------
000000X1XXXX00XX0XXX1X1XXX1XXXXXXX00XXX0XXXXXXX0XXXXXXX0X0X1XXXX0XXXXXXXXXXX0XXX0X01XX00XXXXXXXXXXXXX00XXXXXXXX10X000X11
0XXXXXXXXXX0XXX0XXXXXXXXXXXXXXX0X0100X0XXXXXXXXXXXXXXXXXXXXX


Generation 11/75  F=U(0.5, 1.0)  N_hist=1980
------------------------------------------------------------------------------------------------------------------------
100000X000101X1+000XX10XXXXXXXXXXXXXXXXXXXXXXX1000XXX0XXX0XXXXXXXXXXXXXXXXXXX0XX0XXXXX000XXX0XXXXXXX0XX0X0XX0XXXXXX0XXXX
XXXXX0X0XXXXXXX100X0XXXXXXXXXXXXX00000X00XXXX10XX0XXXXXXXXXXX


Generation 12/75  F=U(0.5, 1.0)  N_hist=2159
------------------------------------------------------------------------------------------------------------------------
10000X000X0X000XXXXXXXXXXX1X0XXX00XXXXXXXX0XX000X01XXXXX0XX0000X1X0XXXXX1XXXXXXXXX010X0XX0X0XXXXXXXXXXX00XXXXX00X00011X0
XXXXXX01XX0XXXX0XXXXXXXXXXXXXX100X0XXXXXXXXXXXX0X00X0XX0XXXX


Generation 13/75  F=U(0.5, 1.0)  N_hist=2340
------------------------------------------------------------------------------------------------------------------------
000000XXXXXXXXXXXXX0+XXXXX0X1XXXXXXXX00X1X00XX001XXX0XXXXXXXXXXXXXXXXXXXX00XXXXX0X0XXXXXXXXXXXXXXXXXXXXXXXXXX00XX0000X0X
X00X0XX0XXXXXXXX0XXXXXXXX0XXXXX0XXXXXXXXXXXXXXXXXXXXXXXXXXXXX


Generation 14/75  F=U(0.5, 1.0)  N_hist=2520
------------------------------------------------------------------------------------------------------------------------
0000X000XXXXXX00XXXX00XXX0X000XXXXXXXXXXX0XXXXXX0XXXXXXXXXXXXXXXXXXXXXXXXX0XX00X0XXXXXXXXXXXX00X0000+XXXX00XXXX0XX000000
1X0XXXXXX0XXXXXXXXXXXXXXXXXX1X010XXXXXXXXXXXXXXXXXXXXXXXXXXXX


Generation 15/75  F=U(0.5, 1.0)  N_hist=2700
------------------------------------------------------------------------------------------------------------------------
0X0000XX00X0XXXXXXX0XXXXXXX0X0XXXXXXXXX0XXXXXX0XXXXXXXXXXX0XXXXXXXXX0XXXXX0XXXXXXXXXXXXXX00000X0X0XXXXXX0000X0XXX0XX0XX0
X0X000XXXX0XXXX00XXXXXXX0XXXXXXXX00X00XXX0XXXXXXXXX0XXXXXXXX


Generation 16/75  F=U(0.5, 1.0)  N_hist=2880
------------------------------------------------------------------------------------------------------------------------
00X00XX0X00XXX00XX0XXXXXX00XXXXXXXXXX00XXXXXXX0XXXXXXXX0XXXXXXXX00XXXXXX00X0XXXXXXXXXXX0XXXXXXXXXXXXX0XXXXXX0XXXX0X000XX
XX0XXXXXXXXXXXXXXXX0XXX0XXXXXXXXXXXXXXXXX000XXXXXXXXXXXXXXXX


Generation 17/75  F=U(0.5, 1.0)  N_hist=3060
------------------------------------------------------------------------------------------------------------------------
0000X001XXX0XX0X0XX000XXXXXXXXXXXXXXXXXXXXXXX0X00X0XXXX0XXXXXXX0XXXXXXX000000X00XXX0XX0XXX00XXXXX0XXXXXXXXXXXXX0XXXXX0XX
XXX0XXXXX0000X0XX0XXXXXXXX0X0XX00XXXXXXXXXX0XXX0XXXX00XXXXXX


Generation 18/75  F=U(0.5, 1.0)  N_hist=3238
------------------------------------------------------------------------------------------------------------------------
0000X000000XXXX0XXXXX0XXXXXXXXXXXXXXXXX0X0XX0XXXXX0000X00XXXXXXXXX00XXX0X00XXXXXXXXXX00XXXXXXXXXXXX0XXX0000XX000XXXXX00X
X0XX0XXXXXXX0000XX0XXXXXXXXXX0X0XXXX0XXX0XXXX0XXXXXXXXXXXXXX


Generation 19/75  F=U(0.5, 1.0)  N_hist=3420
------------------------------------------------------------------------------------------------------------------------
000X0000X00XXX00XXX000XX00XXXXXXXXXXXX0000XXX0XXXXXXXX00XXXXXXXXXXXX00XXXX0XXXXXXXXX0XXX0XXXXXX00X000XXXXXXXXXXX000XXXX0
XX00X0XXXXXXXXXXXX0XXX0X0X0X0X0XXXXXXXXXXX0XXXXXXXXX0XXXXXXX


Generation 20/75  F=U(0.5, 1.0)  N_hist=3600
------------------------------------------------------------------------------------------------------------------------
000X000XX0000X0XXXXXX0X0XXX0XXXXX0XX0XXXXX0XXX0X000XXXXXXXXXXXXXXX0XX0XX000X0XXXXXXXX0XXX0X0XX000XXXX00XX0XXXXXXX0XXX0XX
XX00XXXXX0X0XXXXXXXXXXXXXXXX0XXXXXX0X0X00XXXXX00XX0XXXXXXXX0


Generation 21/75  F=U(0.5, 1.0)  N_hist=3779
------------------------------------------------------------------------------------------------------------------------
000000X000XXXXXXXXXXXXXXXXXX0X0XXXX000XXXXXX0XXXXXXXXXXXXXXXXXXX0000XXXXXXXXXXXXXXX0XX0000X0X0XX0X0X0XXXX0XXXX0XXXXXXXXX
X0X00XXXXXXXX000XX0X00X0XX0XXXXX000XXXXXXXXXXXXXXXXXXXXXXXXX


Generation 22/75  F=U(0.5, 1.0)  N_hist=3960
------------------------------------------------------------------------------------------------------------------------
000X00+X0000XX000X0XXXXXXXXX0XXXXXXXXXXXX000XX0XXXXXXXX00X0XXXXXX0XXXXXXXXXXXXXXX0X0XXXXXXXXXXXXXXXXXXX00X0XX00XXXXXXXXX
XXX0XXXXX00XXXXXXXXX0XXXXX0000+0X000XXXXXXX0XX0XXX0XXXXXX0XXXX


Generation 23/75  F=U(0.5, 1.0)  N_hist=4140
------------------------------------------------------------------------------------------------------------------------
0X000XXXX0XXXXXX0XX0XXXXXXXXXX0XXXXXXXXXXXXXXXX0+XXXXX0X0XX0+XXXXXXXXXXXXX0XXXXXXXX0XXXXXXXX0XXXXXXX000XX00XX000X0XXXXXX
000XXXXX0XXXXXXXXXXXXXXXX0XX0X0000XXXX0XXXXXXXXXXXXXX0X00XXXXX


Generation 24/75  F=U(0.5, 1.0)  N_hist=4319
------------------------------------------------------------------------------------------------------------------------
00000X0000X000XXXXX0X0X0X00X0000XXXXXXXXXXXXXXX00XXXXXX000XXXXXXXXX0XXXXXXXX0XXX00XXXXX0XXXXXXXX00XXXXXXXXXXXXX000X000XX
00000X00XXXXXXXXX000XXXXXXX0XXXXXX0X0XXXXXXX0X0XXXXXXX00XXXX


Generation 25/75  F=U(0.5, 1.0)  N_hist=4500
------------------------------------------------------------------------------------------------------------------------
00XX00X00XXXXXXXXXXX0XXXXX0XXXXXXXXXXXXXXX0XX00XXX00X0X00XX0XXXXXXXXXX0XXXXXXXXXXXX000X00XXXXX0XXXXXX0XX0XXXXXXXXXXXX0XX
XXXXXXXXXX000XX0XX000XXXX0XXXXXXXXXXXXXXXXXXXXXXXXXXXXXXXXXX


Generation 26/75  F=U(0.5, 1.0)  N_hist=4680
------------------------------------------------------------------------------------------------------------------------
0000000X0XXXXX0X0XXXXXXXXXXXXXXXXXXXXXXXXXX00XX0XX0XXXXXXXXX0XXXXXXXX0000XXXXXXX0X0XXX0XXXXXX0X00+XXXXXXXXXXXXXXXXXXXXXX
00XXXXXXXXXXXXXXX0XXXXXX0000XXXXXXXXXXX0X000XXXXXX0XXXXXXX00X


Generation 27/75  F=U(0.5, 1.0)  N_hist=4860
------------------------------------------------------------------------------------------------------------------------
00XX00X00XX0X00XXXXXXXXXXXXXX00XXXXXXXXXXXXXXX00000XX0XXXXXXXXXXXXXXXXXXXXXX0XXXXXX00X0XXX0XXXX0XXXXXXXXXXXXXXX0XXXXXXXX
XX0XXXXX0XXXX0XX0X00XXXXXXXX0XXXX0XXXXXXXXXX0XXXXXXXXXXXXXXX


Generation 28/75  F=U(0.5, 1.0)  N_hist=5040
------------------------------------------------------------------------------------------------------------------------
00000XXXXXXXXXXXXXXXXX0X0XX000XXXXXXXXXXXXXXX0X00X0XXXXXX0XXXX0X0+XXXXXXXXXXXXXXX0X0XXXXXXXXX0XX0XXXXXXX0XXXXXX0X0X0XXX0
X0XXXX0XXXXX0X00XXXXXX0XXXXX0XX0XXXXXXXXXXXXXXXXXXX00XXXXXXXX


Generation 29/75  F=U(0.5, 1.0)  N_hist=5220
------------------------------------------------------------------------------------------------------------------------
000X00XXXXXXXXXXXX0XXXXXX0XXXXXX0X00X0XXXX0XX0X00X0XXXXXXXX0X0X0XXXX0XXX0XXX0XXX0XXXXXXXXXXXXXXX000XX0XX000XXXXXXXXXXXXX
XX00XXXX00XX0+XXXX0XXXXX0000XX0XXX0X0XXXXXXXX0XXXXX000XXXXXXX


Generation 30/75  F=U(0.5, 1.0)  N_hist=5400
------------------------------------------------------------------------------------------------------------------------
00X00XX00XX0XXXXXXXX0XXXXXXXXX00XXXXXX0XXXXX000XX000X0XX0XXXXXXXXXXX0XXXX0XXXX00X0XXXXX00XXXX0XXXXXXXXXXXXXXX0X00X0X0XXX
X0XXXXXXX00XXXXXXXXXXXXXXXXXX0XXX0XX000X0XX00XXXXXXXXXXXXXXX


Generation 31/75  F=U(0.5, 1.0)  N_hist=5580
------------------------------------------------------------------------------------------------------------------------
00X00000X0X000XX000XXXXXXXXXXXXXXXXXXXX0XXXXXX00XX0XXXXXXX00X0XXXXXXXXXXXX0X000XXXXXXXXXXXXXXXXXX0XXXXX00XX0XXXXXXXX00XX
0XX00XXX000XXX0XXXXXXXXXXXX00XXXXXXXXXXXXXXXXXXX0X0XXXXXXXX0


Generation 32/75  F=U(0.5, 1.0)  N_hist=5759
------------------------------------------------------------------------------------------------------------------------
000X000X000XXXX0XXXXXX0XXXXXXX0X0XXXXXXXX0X00XXXXXXXXX00XXXXXXXXXXXXXXXXXXX000XXXXXXX0XXXXXXXX00X00X000XXXXXXXXXXXX0XXXX
XXXXXXXXXXXXXXXXXXXXXXXXXXXXX0XX0XXX0XXXX0XXXX0XXXXXXXXXXXXX


Generation 33/75  F=U(0.5, 1.0)  N_hist=5940
------------------------------------------------------------------------------------------------------------------------
00X0X00XXXXXXXXXXXXXXX00000XX0000XXXXXX0XX0XX0XXX00XXXXXXXXXXXXXXXXX00XXXX0X0XXXX0XXXXXXXXXXXXXX0XXXX0XX0XXXX000XXXXXXXX
XXXXXXXXXXX0XX0XXXXXXX0XXXXXXXXXXXXXXXXXXX0X0XXXXXXXXX0XX0X0


Generation 34/75  F=U(0.5, 1.0)  N_hist=6119
------------------------------------------------------------------------------------------------------------------------
000X00X000X0XXX0XXXXXXXXX0XX00X0XXXXXXXXXXXXX0XXX0XXXXXXXXXX0XX0XXX0XXXXXX000XXXXXXXXXX000XX0XXXX0XXXX00XXXX0XXXX00XX0X0
00XXXXXX0XXXXXXXXXXXXXXXXXXXXXXXXXXXXXXX0X0XXXXXXXXX0XXXXXXX


Generation 35/75  F=U(0.5, 1.0)  N_hist=6300
------------------------------------------------------------------------------------------------------------------------
0X0000X0XXX00XXXXXXXXXXXXXXXXX00XX00XXXXXXXXX0XXXXXXXXXXXXXXXXXX0XXXXX00XXXXXXXXXXXXXXXXXX0XX0XXXX0XXXX00XXXXXXXXXXXXXXX
X0XX0XX00XXXXXXX000XXXXX0XXXXXXXXX0X0XXXXXXXXXXXXXXXXXXXXXXX


Generation 36/75  F=U(0.5, 1.0)  N_hist=6480
------------------------------------------------------------------------------------------------------------------------
00X0XX00XXXXXX0X0XXXXXXXXXX000XXXXXXXX0XXXXX0XXXXXX0XXXXXXXXXX00+XXXXXX0XXXX0XX0XXXXX0XXXXXXXXXXXX000X0X00XXXXXX0XXXXXXX
XXX0XX0XXXXXXXXXXXX0XXXXXXXX0XXXXXXXX00XXXX0XXXXXXXXX0X0XXXXX


Generation 37/75  F=U(0.5, 1.0)  N_hist=6660
------------------------------------------------------------------------------------------------------------------------
000XXXXXXXXXXXXXXXXXXXXXXXXXXXXXXX000X0XXXX0XXXXX0XXXXXX00XXXXXXXXXXXXXXXX00XXXXXXX00XXXXXX00XXXXXXXXXXXXXXXXXXXXXXXXXXX
XXXX0XX00XX00000X0XXXXXXXXXXXXXX0XXXXXXXXXXXXXXXXXXXX0000XXX


Generation 38/75  F=U(0.5, 1.0)  N_hist=6840
------------------------------------------------------------------------------------------------------------------------
00XX000XXX0XXXXX0XXXXXXXXXXX0XXXXXXXXXXXXXXX00XXXXXXXXX0XXXXXXXX00XXXX0XXXXXXXXXXXX0XXXX00X0XXXXXXXXXXXXXXXXXXXXX0XXX000
XXXX00XX0XXXXXXXXXXXXXXXXXXXXXXXXX0X0XXXXXXX0XXXXXXXXXXXXX0X


Generation 39/75  F=U(0.5, 1.0)  N_hist=7019
------------------------------------------------------------------------------------------------------------------------
000X0XX0X00XX00XXXXXXXXXXXX0XXXXXXXXXXXXXXXXXXXXXXXXXXXXXXXX0000XX0XXXXX0XXXXXX0XXX0XXX0XXXXX00XXXXXXXX0XX00XXXXX0XXX0XX
XXXXX00XXXXXXXXX0X0XXXXXXXXXXXXXXXXX00000XXXXXXXXXXXXXXXXX00


Generation 40/75  F=U(0.5, 1.0)  N_hist=7199
------------------------------------------------------------------------------------------------------------------------
00X0XXX0XXX00X0XX0XXXXXXXXXXXXXXX0+XXXXXXXXX0XXXXX0X00X00XXXXXX0XX00XXX0XXXXXXXX0XX0XXXXXXXXXXXXX0XXX00XXXXXX0X00X0XXXXX
X00X0X0XXXXXX0XXX0XXXXXXXXX0XX0XXXXX0XXXXXXX00XXXXXXXXX0XXXXX


Generation 41/75  F=U(0.5, 1.0)  N_hist=7380
------------------------------------------------------------------------------------------------------------------------
00XXX000XXX0XXXXX0XXXXXXX0XX0XXXXXXXXXX0X0XXXXXXXXXXXXXXXXXXXXX0X0000XXX0XXX0XXXX0XXXX0000XXX00XXXXXXXX00XXXXXXXXXX00X00
XXXX0XXXX0XXXXXXXXX0XXXXXXX0XXXX00XXXXXXXXXXXXXXXXXXXXXXXXXX


Generation 42/75  F=U(0.5, 1.0)  N_hist=7560
------------------------------------------------------------------------------------------------------------------------
XXX000XXX0XXXXXXX0X0XXXXXXXXXX0XXXXXXXXXXXXXXXXX0XXXXX0XXXXXXX00X00X0XX0XXXXXXXX000XXXXX0XXXXXXXXXX0XXXXXX0X0XXX0XXX0XX0
XXXXXXXXXXXXX0XXXXXXXXXXXXXXXX0XXXXXX0XX0X0XXXXXXX0XXXXXXXXX


Generation 43/75  F=U(0.5, 1.0)  N_hist=7740
------------------------------------------------------------------------------------------------------------------------
000000XXX0X0XX00X0XXXXXXXXXXX00XXXXXXXXXXXX0X0X0XX0XX0XX0XXXXXXXXXX0XXX00X0XX0XX0XXXX0XXX0X00XXXXX0XXXXXXXXXXXXXXXXXXXXX
XX0XXXXX0XX00XXX000X0XXXXXX00XXXXXX0XXX0XXX0000XXXXXXXXXXXX0


Generation 44/75  F=U(0.5, 1.0)  N_hist=7919
------------------------------------------------------------------------------------------------------------------------
00000X000XX00XXXXXX0XXXXXX0XXXXXXXXXX0XXXX0XXXXXXXXX0XX0XXXXXXXXXXXXXXXXX0XXXXX0XXXXXXX0XXXXXXXXXXXXXXXXXXX0X00X0XXXXXXX
0XXX0XXXXXXX0XXXXX00XXXXXXXXXXXXXX0XXXXXX0XX0XXXXX0XXXXXXXXX


Generation 45/75  F=U(0.5, 1.0)  N_hist=8100
------------------------------------------------------------------------------------------------------------------------
0X000X00XXX0XXXXXXXX0X0XXXXXXXXXXXXXXXX0XXX0X0XXXXXXXXXXX0XX000XXXXX00XXXX0XXXXXXXXXX0XXXX0XXXXXXXXX0XXXXXX0XX00XXXXX0X0
XXXX0XXXXXXXXXXXXXXXXX00XXXXXXXX0X0X0XX0000XXXXXXXXXXXXXXXXX


Generation 46/75  F=U(0.5, 1.0)  N_hist=8280
------------------------------------------------------------------------------------------------------------------------
0000000X0XX0X0XXX0XXXXXXX0X0XXX0XXXX0XXXX0X00+0XXXXXXXXXXXXXXXXX0XXXXXXXXX00XXXX0XX00XXXXX0XXXXXXX0XX00XXXX000X0XX0XXXXX
XXXXXXXXXXXXX0XXXXXXXXXXXXXX00XX000XX0XXXXXXXXXXXXXXXX0XXXXXX


Generation 47/75  F=U(0.5, 1.0)  N_hist=8460
------------------------------------------------------------------------------------------------------------------------
000X00XXXXX000XXXXX0X0XXX0XXXXXX0XXXXXXXXXXX00XX0XX0XXXXXXXXXXXXXXXXXXXXXX0XXX0XXX00XX00XXX0XXX0XXXXXX0X0XXXXXXXXX0XX0XX
0XXXXXXXXXXXXXXX0X000XX000XXXXXXX00XXXXXXXXXX0XXXXXXXXXXXXXX


Generation 48/75  F=U(0.5, 1.0)  N_hist=8640
------------------------------------------------------------------------------------------------------------------------
0X0000XX0000XX0XX0X0X0XXXXXXXX0XXXXXXXXXXXX0XXXXXXXXX0XXXXXX0XX0XXXXXXXXXXXXXXX0X00XX0XXXXXXXXXXXXXXXXXXX00XXXX000X0XXXX
XXXXXXXXXXX0XXXXXXX0XX0XXXXXX0XXXXXXXXXX0X0XXXXXXXXXXXXXXXXX


Generation 49/75  F=U(0.5, 1.0)  N_hist=8820
------------------------------------------------------------------------------------------------------------------------
X000XX00XXXXX0XXXX0XXXXXXXX00X000XXXXXXXXX0XXXXXXXXX0XXXXXXXXXXXX0XX0XXXXXXXXXXXXX00XXXXXXXXXXXXX0000X0XXXXXXXXXX0XXXXX0
X0XX0XXXXXXXXXXXXXXXX0XXX0XX00000XXXXXXXXXX000XXX0XXXXXXXXXX


Generation 50/75  F=U(0.5, 1.0)  N_hist=8999
------------------------------------------------------------------------------------------------------------------------
00X00+0XXX000XX0X0XXXXXXXXXXXXXXX0XXXXXXXX0X0XX000XXXXXXXXXXXX000XXX00X0XX000XXXXXX0XX00XXXXXXXXXXX0XXX000X0XX0XXXXXXXXX
XXXXXXXXXXX0XX0XXX0X0X0X0XXXXXXXXXXXXXXXXXX0000XXXXXXXXXXXXXX


Generation 51/75  F=U(0.5, 1.0)  N_hist=9180
------------------------------------------------------------------------------------------------------------------------
000X000X00XXXXXXXX00X0XXXXXXXXXXXXXXXXXXXXXXXX0XXXXXXXXX0XXXXXXX00X0X00XX000XXXXXXX0XXXXXXXXXXXXXXXXXXXXXX00XX0X0000XXX0
0XXXXXXXXX0XXXXXXXXXXXX0XXXXXXXXXXXXXXX0X00XX0XXXXXXXXXXXXXX


Generation 52/75  F=U(0.5, 1.0)  N_hist=9360
------------------------------------------------------------------------------------------------------------------------
00X000XX0XXXXX0XXX00XXXXXXX0XXXXXXXXXXXXXX0XXXXXXXXXXXXX0XXXXXXXXXXXXXXXXXXXXXXX0000XX00XXXXXXXXX00XXXXXXX00XXX0XX0XXXXX
XXXXXXXXX0XXXXXX0XXXXXXXX0XXXXXXXXX0XXXXXXXXXXXXXXXXXXXXXXXX


Generation 53/75  F=U(0.5, 1.0)  N_hist=9540
------------------------------------------------------------------------------------------------------------------------
00X0XX00XXXXXX0XXXXXXXX0XXX0XXXXX0XXXXXXX0XXXXXXXXXXXXXXXXXXXXXX0XXXXX0XXXXXX0XXXXX0X0XXX00X0X0XXX0XXX0XXXXXXXXXXXXXX0XX
XXXX0XX0XXX0XXXXXXXXXXXX00XXXXXXXXXXXXXXXXXXXXXXXXXXXXXXXXXX


Generation 54/75  F=U(0.5, 1.0)  N_hist=9720
------------------------------------------------------------------------------------------------------------------------
0000+X00000XXXXXXXXXXXXXXXXXXXXXXXXXX0XXXXXXX0X0X0XX0X0XXXXXXXXXXXXXXXXXXX0XXX000XXXXXXXXXXXX00XXXXX0XX0X000XX0XXXXXXXXX
XXXXXXXXXX000XXXXXXXX0X0XXXXXXXXXXXXXX00XXXXXXXXXXXXXXXXXXX0X


Generation 55/75  F=U(0.5, 1.0)  N_hist=9899
------------------------------------------------------------------------------------------------------------------------
0X00XX00X00XXXXXXXXX0XXX0XXXXXXXXXXXXXXXXXX0XXXXXXXXXXXXXXXXXXXXXXX000X000XXXXXXXXXXXXXX00000000XXXXXXXX0X0XXXX00XXX00XX
XXXXXXXXX0XXXXXXXXXX0X000XX0XXXX0XXXXXXXXXXXXX00XXXXXXXXXXXX


Generation 56/75  F=U(0.5, 1.0)  N_hist=10080
------------------------------------------------------------------------------------------------------------------------
X00XXXXXXXXXX0XXX000XXXX0XXXXXXXXXXXXXXXXXXXX00XXXXX0XXXX0XXXX0XX0XXXXXXXXXXXXXXXX0X0XXXXX0XXXXXXX00XX0X0XXXX0XXXXXXXXX0
XXXXXXXX0XXX00XXXXXXXXXXXXXXXXXXXXXXXXXXX0XXXXXXXXXXXXXXXXXX


Generation 57/75  F=U(0.5, 1.0)  N_hist=10260
------------------------------------------------------------------------------------------------------------------------
00X0X00X0XXX00X0XXXXX0XXXXXXXXXXXXXXXX0X0XXXXXXXXXXXXXXXXX0XXXXXXXXXX00XX0XX0X0XXXXXXX00XXXXXXX00XXXXXXXXXXXXXXXXXXXXXXX
XXXXXXXXXX0XXXXXXXXXXXXXXXXXXXXXXXXXX0XXXXXXXXXXXXXXXXXXXXX0


Generation 58/75  F=U(0.5, 1.0)  N_hist=10439
------------------------------------------------------------------------------------------------------------------------
0X0XX0XXXXXXX000XXX0XXX00XXXXXXXX0XX0X0X00XXXXX0XXXXXXX00XXXX0X00XXX0X00XXXXXXXX0X0X0X0XXXXX0XXXXXXXXXXXXX00XX0XXXXX0XXX
XXX000XXXXXXX0X00X0X0XXXXXXXXXXXXXXXX0XXXXXXXXXXXXXXXXXXXXXX


Generation 59/75  F=U(0.5, 1.0)  N_hist=10620
------------------------------------------------------------------------------------------------------------------------
00000XXXXXXXXXXX0XX00XXX0X00XXXXXXXXXXXXX0000X0XXX0XXXXXXXXXXXXXXX0XXXX0XXXXXXXXXXXXXXXXXXX0XXXXXXXXXXX0XXXXXXX0X00X0X00
X0X0XXXXX0XXXXXX0XXXXXXX0XXXXXX0XXXX0XXXXXXXXXXXXXXXXXXXXXXX


Generation 60/75  F=U(0.5, 1.0)  N_hist=10800
------------------------------------------------------------------------------------------------------------------------
00XX00000XXXXXX0XXXXXX0XXXXXXXXX0XXXXXXXXXXXXX0XXXXXX0XX0XXX0X0XXXXXXXXXX0XXXX0XXXX00XXXXXXXXXXXXXXXXXXXXXXXXXXX0X0X0XXX
XXXX0XX0XXXXXXXXXXXXXXX0000XXXXXXXXXXXXXXXXXXXX0XXXXX0XXXXXX


Generation 61/75  F=U(0.5, 1.0)  N_hist=10980
------------------------------------------------------------------------------------------------------------------------
00X000XXX00XX0XXX000XXX0XXXX0XXXXXXXXXXXXXXXXXXXXXXXXXX0XXXX0XXXXXXXXXX0XX0X0X0XXXX0XXXXX0XXXXXXXXXXX0XXXXXXXXXXXXXXXXXX
XXXX000X00XXXXXXXXX0XXXXXXX0XXXXXXXXXXX0XXX0X0XXXXX00XXX0XXX


Generation 62/75  F=U(0.5, 1.0)  N_hist=11160
------------------------------------------------------------------------------------------------------------------------
00X000XXXXXXXXXX000XX0XXX0XXXXXXXXXXXXXXXX0XXX0XXXX0XXXXXX0XXXXXXXXXXX0XXX0XXXXXX0X000XX0XXXX0XXX0XXXXXXXXXXXX0XXXXXXXXX
XXXX0XXXXXXX0+XXXXXXXXX0X0XX00XXX0XXXXXXXXXXXXXXXXXX0XXXXXXXX


Generation 63/75  F=U(0.5, 1.0)  N_hist=11340
------------------------------------------------------------------------------------------------------------------------
00XXXXXXXXX0XXXXXXXXXX0XX0X00XXXXXXXXXXXXX000X0XXXXXXXXXXXXXXXXX00XXX0X0X0XXXXXXXXXXX0XXXXX000X00XXXXXXXXXXXX0XX00X0XXXX
XXXXXXXXXXXX0XXXXXXXXXXXXXXXX00XX0XXXXXXX000X0XXXXXXXXXXXXXX


Generation 64/75  F=U(0.5, 1.0)  N_hist=11520
------------------------------------------------------------------------------------------------------------------------
0XX0X00XXX00XXX0XXXXXXXXXXX0XXXXXXXXXXX0000XXXXXXXXX00X0X0X0XX0XX0XXXXXX0XX00XXXXXXXXXXX0XX0XX000XXXXXXXXX0X00X0XXXX0XXX
XXXXXX00XXXXX00XXXXXXXXX0XXX0XXXXXXXXX0XXXXXXXXXXXXXXXXXXXXX


Generation 65/75  F=U(0.5, 1.0)  N_hist=11700
------------------------------------------------------------------------------------------------------------------------
00X00X0X00XXX00XXXXXXXXXXXX00XXXXXXXXXXXX000X00XXXXXXXXXXXXXXXXXXXXXXXX0XXXXXXXXXXXXXXX00X00+XXXXXXX00XXXXXXXXXXX0XXXXXX
XXXXXXXX0X00XXXXXXXX0XXXXXXX0XXXXXXXXXXXXXXXXXXXXXXXXX0XXXXXX


Generation 66/75  F=U(0.5, 1.0)  N_hist=11879
------------------------------------------------------------------------------------------------------------------------
0X000XX000X00XXXXXXXXXX0XXX0XXXXXXXX0XXXX0XXXXXXX0XXXXXX0X0XXXXXXXX0XX0XXXXXXXXXXXXXXXXXXXXXX0X00XX0XXXXXXXXX0XX00X0XXXX
XXXXXXXXXXXXXXXXXXXXXXXXXXXXXXXXX0XXX0XXXXXXXXXXXXXX0XXXXXXX


Generation 67/75  F=U(0.5, 1.0)  N_hist=12059
------------------------------------------------------------------------------------------------------------------------
000XX00X0XXXXXXXX0XX0XXXXXXXXXXXXXXXXXXXXXX0X0000X0000XXXXXXXXXXXXXXXXXXXXXXXXXXX0XXXXXX00000X0X0XXXX0000X0XXX0XXXXXXX00
X0XX0XXX000XXXXXX00XXX0XXX0XXXXXXXXXXXXXXXXXXXX0XXXXXXXXXXXX


Generation 68/75  F=U(0.5, 1.0)  N_hist=12240
------------------------------------------------------------------------------------------------------------------------
0000XXXXX0XX0XXXXX00XXXXX00XXXXXX0XXX0X0XXXXXXXXXXXXX0XX00X0XXXXXXX00XXXXX000X00XXXXXXXXXXX0XXXXX0X000XXXXXXXXXXXXXXXXXX
XXXX00XXXX00XXXX0+XXXXXX0XXXXXXXXXXXXXXXXXXXXXXXXXXXXXXXXXX0X


Generation 69/75  F=U(0.5, 1.0)  N_hist=12419
------------------------------------------------------------------------------------------------------------------------
X00X0XXXX00XXX00XXXXXXXX0XXXXXXXX0XXXXXXXXXXXXXXXXXXX0XXXXXXXXXXXX0XXX0XXXXXXXXXXXXXXXXXXXXXXXXX0XXXXX0X0XXXX0XX00XXX0XX
X0X0X0X0XX000XXXXXXXXXXX0XXXXXXXXXXX000XXXXXXXXXXXXXXXXXXXXX


Generation 70/75  F=U(0.5, 1.0)  N_hist=12600
------------------------------------------------------------------------------------------------------------------------
0X00X0XXXXXXX00XXXXX0XXXXXXXXXX000XXXXXXXXXXXXXX00XXXXXXXXXXXXXXXXXXXXX0X0XXXXXXX0XXXXX0XX000X0XXXXXXXXXXXXX0X0XXXXXX0XX
X0X0XXXXXXXXXXXXXXXXXXXXXX00XXXX0XXXXXXXXX00X0XXXXXXXXXXXXXX


Generation 71/75  F=U(0.445, 1.0)  N_hist=12780
------------------------------------------------------------------------------------------------------------------------
000000X0000XXX0XXXXXX000XXXXXXX000X0XXXXXXXXXXXXX0XXXXXXXX0XXX00XX0XXXXXXXXX0XXXXXXXXX0+XXXXXXXXX0XXXXXX0XX0XX0XXX000X0X
0XXXXXXXXXX00X000XX0XXXXXXXXXXX00XXX0XXXXXXXXXX0XXXXXXXXXX0XX


Generation 72/75  F=U(0.493056632402, 1.0)  N_hist=12960
------------------------------------------------------------------------------------------------------------------------
0X000X00XXXXXXXXXXXXXXXX0XXXXXXXXXXXXXXXX0X0XXXX0XXX0XXXXXXXXX00XXXXXXXXX0XXXXXXXXXXXXXXXXXXXXX0XX0XX000XXXXXXXXXXXX0XXX
XXX0XXXXXXXXXXXXXXXX0X0XXXXXXXXXXXXXXXXXXXXXXXXXXXXXXXXXX0XX


Generation 73/75  F=U(0.438820402838, 1.0)  N_hist=13140
------------------------------------------------------------------------------------------------------------------------
000X000XX00X000XX0XXXXXXXXX000XXXXXXXXXXXXXXXXXXXXXXXXXXX0XXXXXXX0XX00X0XXXXXX0X0X0XXXX0XXXXXX0X00X0XXXXXX0XX0XX00XXXXXX
XXXX0XX0XXXXXXXXXXX00XXXXXXXXXXXXXXXXXXXXXXXXXXXXXXXXXXXXX0X


Generation 74/75  F=U(0.486209685511, 1.0)  N_hist=13319
------------------------------------------------------------------------------------------------------------------------
00X00000XX000X0XXXXXXXXXXXXX0XXXXXXXXXXXX0XXXXXXXXXXXXXXXXXXXXXXXXXXXXXXXXXX0X0XXXXXXX0XXXXXXXXXX0000XXXXXXXX0XXXXXXXX00
0XXX0XXXXXXXXXXXX0XXX0+X0XXXXX00XX00XXXXXXXXXXXXX00XXXXXXXXXX


Generation 75/75  F=U(0.5, 1.0)  N_hist=13500
------------------------------------------------------------------------------------------------------------------------
0XX000X00XXXXX0XXXX0X0XXXXXXX0XXXXXXXXX00XXXX000XXX0XXXXXXXXXXXXXXXXXXXXXXXXXXX0XXXXXXXXXXXXXXXXXXXXXXXX0XXXXXXXXXXXXXXX
XXXXXXX0XXXXXXX0XXXXXXX00XX0X0XXXXXX0XXXXXXXX0XXXXX0XXXXXXXX

Maximum number of iterations reached.

SSE=9.7139 on eval 13680: L=2.8195e+06* b=0.456465* r=0.217302 rf=0.371152 t0=65.9439 th=0.100565*


Shutting down DE...
DE shutdown complete.

Final population:
Population: 180 individuals with SSE 9.7139 to 9.7202, avg eval time 0.0296 sec. Top 7:

        SSE |     9.7139       9.7148        9.716        9.716       9.7162       9.7162       9.7164  
------------------------------------------------------------------------------------------------------------------------
          L | 2.8195e+06*  1.1495e+07*   7.413e+06*  4.7402e+08   1.9602e+07*  2.7265e+08   1.7078e+08  
          b |    0.45647*     0.14854*     0.45291*     0.51042      0.30288*    0.030941*    0.025776* 
          r |     0.2173      0.21764      0.21665      0.21743      0.21716      0.21691      0.21698  
         rf |    0.37115      0.37481      0.37093      0.37531      0.37505      0.37376      0.37204  
         t0 |     65.944       65.944       65.948       65.945       65.944       65.941       65.948  
         th |    0.10056*     0.10165*     0.10035*     0.10138*     0.10046*     0.10168*     0.10002* 
------------------------------------------------------------------------------------------------------------------------
Best individual:
<SSE=9.7139 L=2.8195e+06* b=0.456465* r=0.217302 rf=0.371152 t0=65.9439 th=0.100565*>


Elapsed time: 169.58 seconds

Saved final population of best parameter combinations to covid19.dat
Shutting down...
Task Queue is shut down
Goodbye
