Decompressing and parsing tempdump.log.bz2... Done
Doing array conversions... Done

Initializing 90 population members
----------------------------------------------------------------------------------------------------
99118815232992124399163491919311333912159291142836791913699146359968911199266923322153991

Population: Top 7 of 90 individuals

        SSE | 26624.99584 47457.26871 52264.39938 55630.29150 63520.71744 65926.60160 67600.11666
----------------------------------------------------------------------------------------------------
        tc0 |          58      120.02      139.16      168.61      83.132      116.21      25.246
        tc1 |      209.91      248.38      184.34      228.18      88.217      215.17      34.975
      v1_a0 |     0.19924     0.25004     0.11145      0.3169     0.14992     0.20987     0.17535
      v1_a1 |      14.153      12.502      16.274      29.121      14.359      25.329      14.273
      v1_rs |      9.3009      9.0477      9.5084      7.4357      7.5008      9.0746      8.3542
      v2_a0 |     0.20908     0.37735     0.24921    0.083466     0.31754     0.34416     0.39461
      v2_a1 |      15.114      24.042      21.297      13.277      14.834      25.745      32.076
      v2_rs |      9.8166      9.2742      7.2272      9.6697      8.9134      8.4056      9.9208
         vp |      24.584      21.777      23.713      22.452      21.092      23.649      24.784
----------------------------------------------------------------------------------------------------
Best individual:
<SSE=26624.9958 tc0=57.9998 tc1=209.912 v1_a0=0.199239 v1_a1=14.1527 v1_rs=9.30087 v2_a0=0.209079
v2_a1=15.1136 v2_rs=9.81662 vp=24.5839>

Performing DE with CR=0.6, F=U(0.5, 1.0), DE/rand/1/bin
----------------------------------------------------------------------------------------------------

Generation 1/400  F=U(0.5, 1.0)
----------------------------------------------------------------------------------------------------

SSE=133765 with tc0=10.813 tc1=191.194 v1_a0=0.220544 v1_a1=7.45073 v1_rs=8.24767 v2_a0=0.160054
v2_a1=17.2033 v2_rs=8.86579 vp=24.9582

XX93X42X2XX29XXXXX9XX8X

SSE=33807 with tc0=190.868 tc1=202.122 v1_a0=0.260525 v1_a1=17.2308 v1_rs=9.32166 v2_a0=0.335235
v2_a1=25.9703 v2_rs=8.17188 vp=24.7218

9999X2XXXX9X1938XX1421X18XXXX

SSE=22121.1 with tc0=184.222 tc1=190.607 v1_a0=0.0576196 v1_a1=8.36693 v1_rs=10.948 v2_a0=0.235914
v2_a1=22.7304 v2_rs=7.94365 vp=24.1151

4XX3XX3XXX54

Generation 2/400  F=U(0.5, 1.0)
----------------------------------------------------------------------------------------------------
X11X1XXXX1959XX892X1XXXXXXXX5X

SSE=14204.1 with tc0=101.984 tc1=148.795 v1_a0=0.320505 v1_a1=28.8326 v1_rs=7.49274 v2_a0=0.269479
v2_a1=22.3922 v2_rs=7.33161 vp=21.278

3XX1619XX3X122152XX1XXXXXXX41X32X

Generation 3/400  F=U(0.5, 1.0)
----------------------------------------------------------------------------------------------------
4XX9212XX1XXX522XXXXX2XXXXXX9X535XXXX1X2XX79X2XX23XX5XXXXXX41XXX2191

Generation 4/400  F=U(0.5, 1.0)
----------------------------------------------------------------------------------------------------
1XXXX2XX1XXXX292X2631X8XX1XXXX7X2XX0X12XXXX111369XX3XXX1XXXX1XX3XX

Generation 5/400  F=U(0.5, 1.0)
----------------------------------------------------------------------------------------------------
XXX9XXXXXX7XXX1XX191X1XX1XXX2X1X96X5X2XXXXXXXX1XXX33XX2XX3XXXX1XXXX1XX2X

Generation 6/400  F=U(0.5, 1.0)
----------------------------------------------------------------------------------------------------
XX2X2XXX1XXXX1XXX3XX422XX12X4XXX10XXX5XXX9X2XX01XX3XX1XX63X8

SSE=6846.97 with tc0=78.1015 tc1=185.851 v1_a0=0.348476 v1_a1=25.4628 v1_rs=9.30767 v2_a0=0.242677
v2_a1=19.8458 v2_rs=8.49418 vp=23.1536

XX12X2X2XXXXX4XXX1X21

Generation 7/400  F=U(0.5, 1.0)
----------------------------------------------------------------------------------------------------
XXXX1X1XX6XXXXXXXXXXXXX1XX3X3XXXX1X21XXXX3XXX3XXXX92212XX0XXXXXX3XXXX2XXX1X

Generation 8/400  F=U(0.5, 1.0)
----------------------------------------------------------------------------------------------------
9XXXXXXXXXXXXXX3XXXXXXX1XXX1XX2XXX3X1XXXXXXXX5XX11XXXX21XX1X1XXX1XXXXXXX21XXXXX

Generation 9/400  F=U(0.5, 1.0)
----------------------------------------------------------------------------------------------------
X2XXXXXXXX812XXXXXXXXXX1X31XXXX2XX32XX3XXXXXX1XXXXXX1X1XX2221XXX21XXXXX5XX1XX2

Generation 10/400  F=U(0.5, 1.0)
----------------------------------------------------------------------------------------------------
XXXXXXX1XXXXX13XXXXX2XXXXXXXXXXXX2XX21XXX19XXXXX1XXXXXXXX1XXXX

SSE=4826.36 with tc0=89.1093 tc1=153.563 v1_a0=0.257641 v1_a1=20.2075 v1_rs=10.3616 v2_a0=0.187332
v2_a1=17.6842 v2_rs=9.59742 vp=24.8079

XX31412X1XXXXXX

Generation 11/400  F=U(0.5, 1.0)
----------------------------------------------------------------------------------------------------
XXXXXXX4XXXX41XXXXXXXXXX1XX53XX2XXXXXXXXXXXX1XXXXXXX1XXXXXXXXX12XXXXXXXXXXX

Generation 12/400  F=U(0.5, 1.0)
----------------------------------------------------------------------------------------------------
X1XXXX2XXXXXXXXXX1XXX4X2X2XXXXXXXX22XXXX1XXX3XXXXXXXXXXXXX3XXXXXXXXXXXXXXXXXXX0X

Generation 13/400  F=U(0.5, 1.0)
----------------------------------------------------------------------------------------------------
XXXXXXX1XXXXXX2XX1X2XXXXXXXXXXXXXXXXXXX1X2XXXXXX1XXXXXXX2X1XX2XXX3XXXX2XXXXXXXXXX2

Generation 14/400  F=U(0.5, 1.0)
----------------------------------------------------------------------------------------------------
XXXXX1XX0XXXX2XXXXXXX2XXXXXX2X1XXX4XXXX1XXXXXXXXXXXXXXXXXXXXXXXXXXXXXX0X1X

Generation 15/400  F=U(0.5, 1.0)
----------------------------------------------------------------------------------------------------
XXX1XX2XX5XXXXXXXXXXXX2XXX31XXXXXX3XX2XXX1XXXX

SSE=2310.9 with tc0=125.081 tc1=125.541 v1_a0=0.225695 v1_a1=20.408 v1_rs=7.44287 v2_a0=0.293343
v2_a1=20.5917 v2_rs=9.61665 vp=22.0425

XXXX2XX9XXX10XXXXXXXXX

Generation 16/400  F=U(0.5, 1.0)
----------------------------------------------------------------------------------------------------
XXXXXXXXXXXXXXXXXXXXXXXXXXXXXX1XXXXXXXXXXXXXXXXXXXXXXX2XXXXX1XXXXXXXXXXXXXXX

Generation 17/400  F=U(0.445, 1.0)
----------------------------------------------------------------------------------------------------
XXXXX01XXXXXX3XXXXXXXXXXXXX1XX2XXX1XXXX2XXXXX15XXX3XXXXXXXXXX3XXXXXXXXXXXXX

Generation 18/400  F=U(0.493056632402, 1.0)
----------------------------------------------------------------------------------------------------
XXXXXXXXXXXXXXXXXXXXXXXXXXXXXXXXXXXXXXXXX2XXX2XXX12XXXXXXXXXXXX1XXXXXXXXXXXXXXX

Generation 19/400  F=U(0.438820402838, 1.0)
----------------------------------------------------------------------------------------------------
XXXXXXXX2XXXXXXXXXXXXXXX22XXXXXXX2XXXXXXXX4XXXX112XXXXXXXXXX2XXX2XXXX

Generation 20/400  F=U(0.486209685511, 1.0)
----------------------------------------------------------------------------------------------------
X2X3XXXXXXXXXXXXXXXXXXXXX1XX1XXXXXXX15XXXXXXXXXXXXXXXXXXXXX2XXXXXXXXXXXXXXXXX2

Generation 21/400  F=U(0.5, 1.0)
----------------------------------------------------------------------------------------------------
X1XXXX1XXX1XXXXXXXXXXXXXXXX4XXXXXX4XXXXXXXXXXX2XXXXXXXXXXXX2XXXXXXXX1XXXXX

Generation 22/400  F=U(0.5, 1.0)
----------------------------------------------------------------------------------------------------
XXXXXXXXXXXXXXXXXXXXXXXXXXX2XXX1XXXXXXXXXXXXXXXXXXXXXXX1XXXX7XXXXX1XXX1XXXXXXXX

Generation 23/400  F=U(0.5, 1.0)
----------------------------------------------------------------------------------------------------
XXXX2XXXXXXXX4X11XX2XXXXXXXX1XXXXXXXXXXX1XXXXXXXXXXXXX3XXXXXXXXXXXXXXXXXXXXXXXX21X

Generation 24/400  F=U(0.5, 1.0)
----------------------------------------------------------------------------------------------------
XXX1XXXX1X1X32XXXX1XXXX2X2XXXXXX1XX1XXXXXXXXXX2XXXXXXXXXXXXX223XXXXXXXXXX1XXXXXXX

Generation 25/400  F=U(0.5, 1.0)
----------------------------------------------------------------------------------------------------
XXXXX1XX1XXXXXX34XXXXXXXX2XX1XXXXXXX24XXXXXXXXXXX11XXXX2XXXXXXXX21XXXXXXXXXXX

Generation 26/400  F=U(0.5, 1.0)
----------------------------------------------------------------------------------------------------
XXX2X1X8XX1XXXXXXXXXX1XX5X1XXXX41XXXX2X1XXXXX2X2XXXXXXXXXX1XXXXXXXXXXXXXX

Generation 27/400  F=U(0.5, 1.0)
----------------------------------------------------------------------------------------------------
XX1XXXXXXXX2X1X1XXXXXXXXXXXXX1X11XXXXXXXXXXXXXXXXXXXXXXXXXXXXX1XXXXX22XX1XXXXX

Generation 28/400  F=U(0.5, 1.0)
----------------------------------------------------------------------------------------------------
XXXXXXXXXXXXX1X5XXXXX6XXXXX3XXXXXXXXXX0XXXXX1XXXXXXXXXXXX2XX1X1XXXXXXXXXXXX1XX

Generation 29/400  F=U(0.5, 1.0)
----------------------------------------------------------------------------------------------------
XXXXXXXXXXXXXXXXXX12XXXXXXXX2XXX1XXXXXXXXXXXXXXXX2XXXXXXXX2XXXXXX2XXXXX71XXXXX

Generation 30/400  F=U(0.5, 1.0)
----------------------------------------------------------------------------------------------------
XXXXXXXXXXXX2XXXXXXXX1XXXXXXX2XX1XXXXXXXXXXXXXXXXXXXXXXX1XXXX111XX3XX2XXXXXXXXXX

Generation 31/400  F=U(0.5, 1.0)
----------------------------------------------------------------------------------------------------
XXXX2XXXXXXXXXX2XXXXXXX8XXXXXXXXXX1XXXXXXXXXXXXXXXXX2XXXX2XX6XXXXXX1212XXXXXXXXX1X

Generation 32/400  F=U(0.5, 1.0)
----------------------------------------------------------------------------------------------------
XXXXXXXXXXXXXXXXXXXXXXXXXX2XXXXXXXX1XXXXXXX8XXXXXXXX1XX1XX2X1XXXXXX

SSE=2239.53 with tc0=49.5226 tc1=184.102 v1_a0=0.266105 v1_a1=18.6732 v1_rs=9.43257 v2_a0=0.279175
v2_a1=20.6038 v2_rs=8.28295 vp=21.0763

XXXXXXX

Generation 33/400  F=U(0.5, 1.0)
----------------------------------------------------------------------------------------------------
XXX21XXXXXXXXXXXX1XXXXX2XXXXXXXXX3XX1XXXX1XXXX2XXXXXXXXXXX1XXXXXXXXX3X1X1XXXX

Generation 34/400  F=U(0.5, 1.0)
----------------------------------------------------------------------------------------------------
XXXX2XXXXXX1XXXXXXXXX1XXXXXXXXXX2XXXXXXXXX1XXX1XX1X1XXXXXX1XXXXXXXXXXXXXXXXX31XXXX

Generation 35/400  F=U(0.5, 1.0)
----------------------------------------------------------------------------------------------------
XXXXXXXXXXXXXXXXXXXXXX2XX4XXXXX22XXX

SSE=1814.28 with tc0=9.54293 tc1=101.455 v1_a0=0.194573 v1_a1=21.0239 v1_rs=7.27943 v2_a0=0.229532
v2_a1=20.4646 v2_rs=8.03618 vp=24.442

XXXXXXXXXXXXXXXXXX2XXX2XXXXXXXXXX

Generation 36/400  F=U(0.5, 1.0)
----------------------------------------------------------------------------------------------------
XXXX2XXX2XXXXXXXXXXXXXX22XXXXXX1XXXXX12XXXXXXXXXXXXXXXXXXXXXXXXXXXX41XXXXXXXXXXXX

Generation 37/400  F=U(0.5, 1.0)
----------------------------------------------------------------------------------------------------
XXXXXX1XXXXXXXXXXX2X1XXXXX21XXXXXXXXXXXXXXXX2XXXXXX2XXXXXXXXXXXXXXXXX2X2XXXXX3X

Generation 38/400  F=U(0.5, 1.0)
----------------------------------------------------------------------------------------------------
XXXXXXXXXXXXX1XXXXXXXXXXXXX1XXXXXXX3XXXXXXXXXX3XXXXXXXXXXXXXXXXXX3XXXXXX3X3XXXXX

Generation 39/400  F=U(0.5, 1.0)
----------------------------------------------------------------------------------------------------
XXXXXXXXXXXXXXXXX11XXXXXXXXXXXXXXX2XXXXXXXXXXXXXXXXXXXXXXXX2XXXXXXXXXXXXXXXX

Generation 40/400  F=U(0.445, 1.0)
----------------------------------------------------------------------------------------------------
XXXXXXX2XX1XXXXXXXXXXXX4XXXXXXXXXXXXXXXX1XXXXXXXX1XXXXXXXXXXXX2XX1XXXXXX1XX1XXXXXXXX

Generation 41/400  F=U(0.493056632402, 1.0)
----------------------------------------------------------------------------------------------------
XXX1XXXXX22XXXXXXXXXXXXXXXXXXXXXXXXXXXXXXXXXXXXXXXXXX1XXXXXXXXXXXXXXXXX1XXX1XXX

Generation 42/400  F=U(0.438820402838, 1.0)
----------------------------------------------------------------------------------------------------
XXXXX1XXXXXXXXXXX2XXXXXX11XXXXXXXXXXXXXXXXXX2XXX1XXXX2XXXXXXXXXXXXXXX2X1X1XXXXXXXX4XX

Generation 43/400  F=U(0.486209685511, 1.0)
----------------------------------------------------------------------------------------------------
XXXXXXXXXXXXX1XXXXXXXXXXXXX4XXXXXXXXX1XXX1XXXXXXXXXXX1XXXX2XXXXXXXXXXXXXX1XXXX

Generation 44/400  F=U(0.5, 1.0)
----------------------------------------------------------------------------------------------------
21XXXXXXXXXXXXXXXXXXXXXXX1XXXXX1XXXXXXXXXXXXXXX11XXX2XXXXXXXX1XXX2XXXXXXXXXX

Generation 45/400  F=U(0.5, 1.0)
----------------------------------------------------------------------------------------------------
XXXXXXXXXXXXXXX1XXXXXX2XXXXXXXXXXXXXXXXXXXXXXXXXXXXXX2XXXX2XXX1XX1X2XXXXXXXXXX2XXXXX

Generation 46/400  F=U(0.5, 1.0)
----------------------------------------------------------------------------------------------------
XXXXXXXXXXXXXXXXXXXXXXXXXXXXXXXXXXXXXX75XXXXXXXXXXXXXXXXXXXXXXXXXXXXXXXXXXXXXXXXXXXX

Generation 47/400  F=U(0.5, 1.0)
----------------------------------------------------------------------------------------------------
XXXXX1XXXXXXXXXXXXXXXXXXXXXXX1XXXXXXXXXXXXXXXX1XXXXXXXXXXX3XXXXX1XXXXXXXXXXXXX

Generation 48/400  F=U(0.445, 1.0)
----------------------------------------------------------------------------------------------------
XXXXXXXX2XXXXXXXXXXXXXXXXXX11XXXXXXXXXXXXXXXXXXXXXXXXXXXXXXXXX2XXXXXX1XXX2XX2XXXX

Generation 49/400  F=U(0.493056632402, 1.0)
----------------------------------------------------------------------------------------------------
XXXX1XXXXXXXXXXXXXXX1XX1XXXXXXXXXXXXX0XXXX4XXXXXX5XXXXX1X

SSE=1423.35 with tc0=135.472 tc1=182.217 v1_a0=0.276788 v1_a1=20.6805 v1_rs=9.59156 v2_a0=0.26753
v2_a1=19.4581 v2_rs=9.78546 vp=22.7148

XXXXXXXXX3XXXXXXXXXX0X2XXX1

Generation 50/400  F=U(0.5, 1.0)
----------------------------------------------------------------------------------------------------
XXXXXXX0XXXXXXXXXXXXXXXXXXXXXXXXXXXXXXX12XXXXXXXXXXXXXXXXXXXXXXXXX2XXXXXXXXXXXX

Generation 51/400  F=U(0.445, 1.0)
----------------------------------------------------------------------------------------------------
XXXXXX1XXXXXXXXXX1XXXXXXXXXXXXXXXXXXXXXXXXXXXXXXXXXXXXXXXX3XXXX1XXXXXXXXXXX

Generation 52/400  F=U(0.39605, 1.0)
----------------------------------------------------------------------------------------------------
XXXXXXX1XX1XXXXXXXXXXXXXX1XXXX1XXXXXXXXXX1XXXXXXXXXXXXXXXXXXXXXXXXXXXXXXXXXXXX

Generation 53/400  F=U(0.3524845, 1.0)
----------------------------------------------------------------------------------------------------
XXXX2XXXXX1XXXXXXXXXXXXXXXXXXXXXXXX1XXXXXXXXXXXXXXXXXX6XXXXXXXXXXXXXXXXXXX2XXXXXX

Generation 54/400  F=U(0.390550158526, 1.0)
----------------------------------------------------------------------------------------------------
XXXXXXXXXXXXXXXXXXXXXXXXXXXXX1XXXXXXXXXXXXXXXXXXXXXXXXXXXXXXXXXXXXXXXXXXXXXXX1

Generation 55/400  F=U(0.347589641088, 1.0)
----------------------------------------------------------------------------------------------------
XX2XXXXXXXXXXXXXX2XXXXXXXXXXXXXXXXXXXXX1XXX1XXXXXXXXXXX1XXXXXXXXXXXX1XX12X1XXXXX

Generation 56/400  F=U(0.385126691893, 1.0)
----------------------------------------------------------------------------------------------------
XXX2XXXXX1XXXXXXXXXXXXXXXXXXXXXXXXXXXXX1XXXXXX1XXXXXXXX1XXX2XXXXXXXXX1XXXX2XXXXX12

Generation 57/400  F=U(0.426717460119, 1.0)
----------------------------------------------------------------------------------------------------
XX2XXXXXXXXXXX1XX2X1XXXXXXXXXXXXXXXXXXXXXXXXXXXXXXXXXXXXXXXXXXXXXXXX1XXXXXXXXXXX

Generation 58/400  F=U(0.379778539506, 1.0)
----------------------------------------------------------------------------------------------------
XXXXXXXXXXXXXXXXXXXXXXXX2XX1XXXXXX1XXXX2XXX1XXXXXXXXXXXXXXXXXXXXXXXXXXXXX21XX

Generation 59/400  F=U(0.420791747747, 1.0)
----------------------------------------------------------------------------------------------------
XXX23X2XXXXXXXXXXXXXXXXXXXXXXX1X2XXX1XXXXXXXXXXXXXXXXXXXX1XXXX1XXX1XXXXXXXXXXXXXX

Generation 60/400  F=U(0.466234072105, 1.0)
----------------------------------------------------------------------------------------------------
XXXXXXXX1XXXXXXXXXXXXXX1XXXXXXXXXXXX1XXXXXXXXXXXXXXXXXXXXXX2XXX3XXXXXXXXXXXXXXXXX

Generation 61/400  F=U(0.414948324173, 1.0)
----------------------------------------------------------------------------------------------------
XXXXXXXXXXX41XXXXXXXXXXXXX1XXXXXXXXXXX1XXXXXXXXXXXXXXXXXXXXXXXXXXXXXXXXXXX2XXXX

Generation 62/400  F=U(0.459759603006, 1.0)
----------------------------------------------------------------------------------------------------
XXXXXXXXXXXXXXXXXXXXXXXXXXXXXXXXXX1X1XXXXXXXXXXXXXXXXXXXXXXXXXXXXXXXXXXXXXXXXXXXXX

Generation 63/400  F=U(0.409186046675, 1.0)
----------------------------------------------------------------------------------------------------
XXXXXXXXXXXXXX3XXXXXXXX1XXXXXXXXXX1XXXXXX2XXXXXXXX21XXXXXXXXXX2X1XXXXXXXXX2XXX

Generation 64/400  F=U(0.453375043145, 1.0)
----------------------------------------------------------------------------------------------------
XXXXXX2XXXXXXXXXXXXXX2XXXXXXXXXXXXXXXXXXXXXXXXXXXX1XXXXXXXXXXXX1X1XXXXX2XXXXXX

Generation 65/400  F=U(0.5, 1.0)
----------------------------------------------------------------------------------------------------
2XXXXXXXXXXXXX2X3XXXXXXXXX1XXX2XXXXXXXXXXXXXXXXXXXXXX1XXX1XXXX3XXXXXXXXXXX

SSE=1209.78 with tc0=6.1825 tc1=224.993 v1_a0=0.277469 v1_a1=19.6748 v1_rs=10.2159 v2_a0=0.196123
v2_a1=18.5465 v2_rs=7.46028 vp=22.9643

XX

Generation 66/400  F=U(0.5, 1.0)
----------------------------------------------------------------------------------------------------
XXXXXXXXXXXXXXX1XXXXXXXXXXXXXXXXXXXXXXXX1XX11XXXXXXXXXXXXXXXXXXX2XXXXXXXXXXXXX

Generation 67/400  F=U(0.445, 1.0)
----------------------------------------------------------------------------------------------------
XXXX2X1X21XXXXXXXXXXXXXXXXXXX2XXXXXXXXXXXX1XXXXXXXXXXX1XXXXXXXXXXX1XXXXX1XXXXXX

Generation 68/400  F=U(0.493056632402, 1.0)
----------------------------------------------------------------------------------------------------
XXXXXXXXXXXXXXXXXXXXXXX2XXXXXX1XXXXXXXXXXXXXXXXXXXXXXXXXXXX2XXXXX1XXXXXXXX1XXXXXXX

Generation 69/400  F=U(0.438820402838, 1.0)
----------------------------------------------------------------------------------------------------
XXXXXXXXXXXXXXXXXXXXXXXXXXXXXXXXXXXXXX1XXXXX2XXXXXXXXX1XXXXXXXXXXXXXXX1XXXXXXXXXXXX

Generation 70/400  F=U(0.390550158526, 1.0)
----------------------------------------------------------------------------------------------------
X1XXXX2XXXXXXX1XXXXXXXXXXXXXXX1XXXXXXXXXXXXXXX1XXXXXXXXXXXXXXX1XXXXXXXXX

Generation 71/400  F=U(0.347589641088, 1.0)
----------------------------------------------------------------------------------------------------
XXXXXXXXXXXXXXXXXXXXXXXXXXXXXXXXXXXXXXXXXXXXXXX2XXXXXXXXXXXXXXXXXXXXX1XXXXX1XXXXXX

Generation 72/400  F=U(0.309354780568, 1.0)
----------------------------------------------------------------------------------------------------
XXXXXXXXX1XXXXXXXXXXXXXXXXXXX1XXXXXXXXXXXXXXX2XXXXXXXXXXXXXX11XXXXXXXXXXXXXXXXXXXXX

Generation 73/400  F=U(0.275325754706, 1.0)
----------------------------------------------------------------------------------------------------
XXXX1XXXXX1XXXXXXXXXXXXXXXXXX2XXXXXXXXXXXXXXXXXXXXXXXXX1XX2XXXXXXXXX1X1XXXXXXXXX

Generation 74/400  F=U(0.245039921688, 1.0)
----------------------------------------------------------------------------------------------------
XXXXXXXXXXXXXXXXXXXXXXXXXXXXXXXXXXXXXXXXXXXXXXXXXXXXXXXXXXXXXXXXXXXXXXXXXXX1XXXXXX

Generation 75/400  F=U(0.218085530302, 1.0)
----------------------------------------------------------------------------------------------------
XXXXXXXXXXXXXXXXXXXXXXXXXXXXXXXXXXXXXXXXXXXXXXXXXXXXXXXXXXXXXXXXXXXXXXXXXXX1XXXXXX

Generation 76/400  F=U(0.194096121969, 1.0)
----------------------------------------------------------------------------------------------------
XXXXXXXX5XXXXXXXXXXXXXXXXXXXXXX3XXXXXXXXXXXXXXXXXXXXXXXXXXXXXXXXXXXXXXXXXXX0XX

Generation 77/400  F=U(0.215057034293, 1.0)
----------------------------------------------------------------------------------------------------
XXXXXXXXX1XXXXXXX1XXXX11XXXXXXXXXXXXXXX1XXXXXXXXXXXXX2XXXXXXXXXXXXXXXXXXXXXXXX

Generation 78/400  F=U(0.191400760521, 1.0)
----------------------------------------------------------------------------------------------------
X1XXXXXXXXXX1XXXXXXXXXXXXXX1XX1XXX1XXXXXXXXXXXXXXXXXXXXXXXXXXXXXXX1XXXXXXXXXXXXXXXXX

Generation 79/400  F=U(0.170346676863, 1.0)
----------------------------------------------------------------------------------------------------
XXXXXXXXXXXXXXXXXXXXXXXXXXXXXXXXXXXXXXXX1XXXXXXXXXXXXXXXXXXXXXXXXXXXXXXXXX1XXXX

Generation 80/400  F=U(0.151608542408, 1.0)
----------------------------------------------------------------------------------------------------
XX1XXXXXXXXXXXXXXX1XXXXXXXXXXXXXXXXXXXX2XXXX2XXXXXX11X1XXXXX1X1XXXXXXXXXXXXXXXXXXXXX

Generation 81/400  F=U(0.134931602743, 1.0)
----------------------------------------------------------------------------------------------------
XX1XXXXXXXXXXXXXXXXXXXXX1XXXXX1XX1XXXXXXX2XXXXXXXXXXXXXXXXXXXXXXXX2XXXXXXXXXXXXXX

Generation 82/400  F=U(0.120089126442, 1.0)
----------------------------------------------------------------------------------------------------
XXXXXXX1XXXXXXXXXXXXXXXXXXXXXXXXXXXXXXXXX1XXXXXXXXXXXXXXXXXXXXXXXXXXXXXXXXXXXXXXXXXXXXX

Generation 83/400  F=U(0.106879322533, 1.0)
----------------------------------------------------------------------------------------------------
XXXXXXXXX2XXXXXXXXXXXXXXXXXX1XXXXXXXXXXXXXXXXXXXXXXXX1XXXXXXXXXXXXXX1XXXXXXXXXXXXXX

Generation 84/400  F=U(0.0951225970545, 1.0)
----------------------------------------------------------------------------------------------------
XXXXXXXXXXXXXX1XXXXXX1XXXXXXXXXXXXXXXXXXXXXXXXXXXXXXXXXXXXXX1XX1XXXXXXX1XXXXXXXXXXXX

Generation 85/400  F=U(0.0951225970545, 0.87)
----------------------------------------------------------------------------------------------------
XXXXXXXXXXX1XXXXXX1XXXXXXXXXXX1XXXX11XXXXX1XXXXX1XXX1XXXXXXXXXXXXXXXX2XXXXXXXXXXXXXXX

Generation 86/400  F=U(0.0951225970545, 0.7569)
----------------------------------------------------------------------------------------------------
XXXXXXXXXXXXXXXXXXXXXXXX1XXXXXXXX1XXXXXX1XX2XXXXXXXXXX2XXXXXXXXXXXXXXXXXXXXXXXXXXX

Generation 87/400  F=U(0.0951225970545, 0.658503)
----------------------------------------------------------------------------------------------------
XX1XXXXXXXXXXXXXX1XXX1XXXX2XXXX1XXXXXXXXXXXXXXXXXXXXXXXXXXXXXXXXXX2XX1XXXXXXX1XX1X01XXX

Generation 88/400  F=U(0.0951225970545, 0.744356209328)
----------------------------------------------------------------------------------------------------
XXXXXXXXXX1XXXXXXXXXXXXXXX1XXXXXXXXXXXXXXXXXXXXX1XXXXXX1XXXXXXXXX

SSE=1167.9 with tc0=42.9102 tc1=193.13 v1_a0=0.273213 v1_a1=19.7396 v1_rs=10.8022 v2_a0=0.181898
v2_a1=19.1768 v2_rs=7.40727 vp=24.5317

1XXXXXXXXXXXXXXX0X

Generation 89/400  F=U(0.0951225970545, 0.647589902115)
----------------------------------------------------------------------------------------------------
XXXX1XXXXXXXXXXXXXXXX1XXXXXXXXXXXXXXXXXXXXXXXX21XXXXXXXXXXX21XXXXXXXXXXXXXXXXXXXX1XXXXXXX

Generation 90/400  F=U(0.0951225970545, 0.56340321484)
----------------------------------------------------------------------------------------------------
XXXXXXXXX1XXXXXXXXXXXXXXXXXXXXXXXXXXXXXX2XX1XXXXXXXXXXXXXXXXXXXXXXXXX1XXXXXXXXXXXXXXXXXX

Generation 91/400  F=U(0.0951225970545, 0.490160796911)
----------------------------------------------------------------------------------------------------
XXXXX1XXXXXXXXXXXXXXXX1XXXXXXXXXXXXXXX1XXXXXXXXXXXXXXXXXXXXXXXXXXXXXXXXXXXXXXXX1XXX2X

Generation 92/400  F=U(0.0951225970545, 0.426439893313)
----------------------------------------------------------------------------------------------------
XXXXXXX1XXXXXXXXXXXXXXXXXXXXXXXXXXXXXXXXXXXXXXXXXXXX2XXX1XXXXXXXX1XXXXX1XXXXXXXXXXXXXXXX

Generation 93/400  F=U(0.0951225970545, 0.371002707182)
----------------------------------------------------------------------------------------------------

SSE=1155.08 with tc0=34.3353 tc1=229.014 v1_a0=0.279778 v1_a1=19.7457 v1_rs=9.93226 v2_a0=0.25571
v2_a1=19.2082 v2_rs=9.14151 vp=22.4926

XX1XX12XXXXXXXXXXXXXX1XXXXXXXXXXXXXXXX1XXX11XXXX2XXX1XXXXXXXXXXXXXXXXXXXXXXX2XX1XXXXXXX1X

Generation 94/400  F=U(0.0951225970545, 0.419372681322)
----------------------------------------------------------------------------------------------------
XXXXXXXXX1XXXXXXXXXXXX1XXXXXXXXXXXXXXXXXXXXXXXXXXXXXXXXXXXXXXXXXXXXX2XXXXXXXXXXXXXXXX1

Generation 95/400  F=U(0.0951225970545, 0.36485423275)
----------------------------------------------------------------------------------------------------
XXXXXXXXX2X1XXX2XXXXX1XXXXXXXXXXXXXXXXXXXXXXXXXXXX1XXXX1XXXXXXXXX1XXX1XXXXXXX1XXXXXXXXX

Generation 96/400  F=U(0.0951225970545, 0.317423182493)
----------------------------------------------------------------------------------------------------
XXXXXXXXX2XXXXXX1XXX2XXXXXXXXXXX1XXXX1

SSE=1106.43 with tc0=40.7584 tc1=79.5185 v1_a0=0.219681 v1_a1=18.9902 v1_rs=9.08353 v2_a0=0.192412
v2_a1=19.4338 v2_rs=7.50332 vp=24.6752

XXX1XXX2XXXXX1XX1XXX1XXX1XXXXXXXXXXX1XX01XXXXXX

Generation 97/400  F=U(0.0951225970545, 0.358807654442)
----------------------------------------------------------------------------------------------------
XXXXXXXXXXXXXXXXXXXXXXXXXXXXXXXXXXXXXX1XXXXX1XXXXXXXXXXXXX1XX1XXXXXXXXX2XXX2XX2X

SSE=1092.83 with tc0=70.0348 tc1=116.474 v1_a0=0.305373 v1_a1=19.8531 v1_rs=10.8166 v2_a0=0.301517
v2_a1=19.0554 v2_rs=10.7587 vp=22.4439

XXXXXXXX

Generation 98/400  F=U(0.0951225970545, 0.405587682271)
----------------------------------------------------------------------------------------------------
XXXXXXXXX1XXXXXXXXXXXXXXXXXXXXXXXXX11XXXXXXXX2XXXXXXXXXXXXXXXXXXXXXXXXXXXXXXX1XXX1XX

Generation 99/400  F=U(0.0951225970545, 0.352861283576)
----------------------------------------------------------------------------------------------------
1XXXX1XXXXXX1XX3XXXXXX2XXXXXXXXXXX1XXXXXXXXXX12XXXX2X2XXXXXXXXXXXXXXXXX1XXXXXXXXX1XXXXXX

Generation 100/400  F=U(0.0951225970545, 0.39886604535)
----------------------------------------------------------------------------------------------------
XXXXXXXXXXXXXXXXXXXXXX1XXXXXXXXXX1XXXXXXXXXXXXX1XXXXXXXXXXXXXXXXXXXX11XXXXXXXXXXXXXX2XX

Generation 101/400  F=U(0.0951225970545, 0.347013459454)
----------------------------------------------------------------------------------------------------
X11XXXXXXXXXXXXXXXXXXXXXXXXXXXXXXXXX1XXXXXXXXXXX11X1XXXXXXXXXXX1XXXXXXX1XXXXXXXXXXXXXXXXXX

Generation 102/400  F=U(0.0951225970545, 0.301901709725)
----------------------------------------------------------------------------------------------------
XXXXXXXXXXXXXXXXXXXXXX1XXXXX2X1XXXXXXX2XXXXXXX1XXXXXXXXXXXXXXXXXXXXXXXXXXXXXXXXXXXXXXXXX

Generation 103/400  F=U(0.0951225970545, 0.301901709725)
----------------------------------------------------------------------------------------------------
XXXXXXXXXXXXXXX1XX1XXXXXXXXXXXXXXXXX2XXXXXXXXXXXXXXXXXXXXXXXX1XX2XXXXXXXXXXXX1XX1XXXXXXX

Generation 104/400  F=U(0.0951225970545, 0.301901709725)
----------------------------------------------------------------------------------------------------
XXXXXXX2XXXXXXXXXX1XX1XXXXXXXXXXXXXXX2XXXXXXXXXXXXXXXXXXXXXXXX1XXXXXXXXXXXXXXXXX1XXXXXX1XX

Generation 105/400  F=U(0.0951225970545, 0.301901709725)
----------------------------------------------------------------------------------------------------
XXXXXXXXXXXXXXXXXXX1XXXXXXXXXXXXXXXXXXXXXXXXXXXXX1XXXXXXXXXXXXXXXXXX

SSE=1068.59 with tc0=40.4954 tc1=156.618 v1_a0=0.269572 v1_a1=19.7488 v1_rs=9.76334 v2_a0=0.24239
v2_a1=18.7808 v2_rs=8.97649 vp=22.6856

XXXXXXXXXXXX1XXXXXXXX

Generation 106/400  F=U(0.0951225970545, 0.301901709725)
----------------------------------------------------------------------------------------------------
XXXXXXXXX2XXXXXXX1XXXXXXX2XXXXXXXXXXXXXXXXXX21X1XXXXXXXXXXXXXXXXXXXXXX1XXXXXXXXX1XXXX

SSE=995.58 with tc0=42.9102 tc1=136.251 v1_a0=0.281314 v1_a1=19.5937 v1_rs=10.3919 v2_a0=0.288221
v2_a1=19.1768 v2_rs=10.542 vp=22.6531

XXX

Generation 107/400  F=U(0.0951225970545, 0.341262548904)
----------------------------------------------------------------------------------------------------
1XXXXXX1XXXXXXXXX1X1XXXXXXXX1X1X011XXXXXXXXXXXXXXXXXXXXX0XXXXXXXXXXXXXXXXXXXXXXXXXXXXXXXX

Generation 108/400  F=U(0.0951225970545, 0.296898417546)
----------------------------------------------------------------------------------------------------
XXXXXXX1XXXXXXXXX1XX2X2XXXXXXXXX1XXXXX1XXXXX1XXXXXXXXXXXXXXX1XXXXXXXXXXXXXXXXXXXXXXXXXXXX

Generation 109/400  F=U(0.0951225970545, 0.296898417546)
----------------------------------------------------------------------------------------------------
XXXXXXXXXXXXXX1XXX1XXXXXXXXXXXXXX1XXXXXXXX1XXXXXXXXXXXXXXXXXXXXXXXXXXXXXXXXXXXXXXXXXXXXXX

Generation 110/400  F=U(0.0951225970545, 0.296898417546)
----------------------------------------------------------------------------------------------------
XX1XXXXX1XXXXXXXXXXX1XXXXX1XXXXXXXXXXXXXXXXX11XXXXXXXXXXXXXXXX0XXXXX1XXXX11XXXXXXXX1XXXXX

Generation 111/400  F=U(0.0951225970545, 0.296898417546)
----------------------------------------------------------------------------------------------------
XXXXXXXXXX1XXXXXXXXXXXXXXXXXXXXX1XXXXXXXXXXXXXXXX1XXXXXXX0X1XXXXXXXXXXXXXXXXXXXXXXXXXX1XX

Generation 112/400  F=U(0.0951225970545, 0.296898417546)
----------------------------------------------------------------------------------------------------
XXXX1XXXXXXXXXXXXXXXX1XXXXXXXXXXXXXXXXXXXXXXXXXXXXXXXXXXXXXXXXXXXXXXXXXX2XXXXXXXX1XXXXX

Generation 113/400  F=U(0.0951225970545, 0.296898417546)
----------------------------------------------------------------------------------------------------
XXXXXXX1XXXXX1XXXXXXXXXXXXXXXXXX1XXXXXXXXXXXXXXXXX1XXXXXXXXXXXXXXXXXXXXXXXXXXXXXX1XXX2XXX

Generation 114/400  F=U(0.0951225970545, 0.296898417546)
----------------------------------------------------------------------------------------------------

SSE=973.098 with tc0=1.78869 tc1=91.6232 v1_a0=0.246001 v1_a1=19.4306 v1_rs=9.54611 v2_a0=0.198599
v2_a1=18.8686 v2_rs=7.75605 vp=23.6756

X1XXX1XXXXXXXXXXXXXX1XXXXXXXXXXXXXXXXXXXXXXXXXXXXXXXXXXX1XXXXXXXXXXXXXXXXXXXXXXXXXXXXXX

Generation 115/400  F=U(0.0951225970545, 0.296898417546)
----------------------------------------------------------------------------------------------------
XXXXXXXXXXXXXXXXXXXXXXXXXXXXX1XX1XXXXXXXXXXXXXXXXXXXXXXX1XXX11XXXXXXXXXXXXXXXXXX11XXXXXXXX

Challengers failing too much, stopped

SSE=973.098 with tc0=1.78869 tc1=91.6232 v1_a0=0.246001 v1_a1=19.4306 v1_rs=9.54611 v2_a0=0.198599
v2_a1=18.8686 v2_rs=7.75605 vp=23.6756

ProcessQueue is shut down
Local ThreadQueue is shut down

Final population:
Population: Top 7 of 90 individuals

        SSE |   973.09824   995.57987  1036.14625  1063.15183  1068.59232  1075.60524  1078.36249
----------------------------------------------------------------------------------------------------
        tc0 |      1.7887       42.91      8.8614      34.549      40.495      44.635      43.707
        tc1 |      91.623      136.25      87.743      182.07      156.62       94.39      98.656
      v1_a0 |       0.246     0.28131     0.25001     0.27561     0.26957     0.30562     0.26272
      v1_a1 |      19.431      19.594      19.581      19.841      19.749      19.659      21.118
      v1_rs |      9.5461      10.392      9.6695      9.9911      9.7633      10.894      9.8258
      v2_a0 |      0.1986     0.28822     0.19429     0.22654     0.24239     0.30195     0.21926
      v2_a1 |      18.869      19.177      18.876      19.237      18.781      19.151      19.074
      v2_rs |      7.7561      10.542      7.7919       8.383      8.9765      10.611      8.9147
         vp |      23.676      22.653      23.832      22.943      22.686       22.33      24.911
----------------------------------------------------------------------------------------------------
Best individual:
<SSE=973.0982 tc0=1.78869 tc1=91.6232 v1_a0=0.246001 v1_a1=19.4306 v1_rs=9.54611 v2_a0=0.198599
v2_a1=18.8686 v2_rs=7.75605 vp=23.6756>

